The number of options is: 2
Option 0 = ./TopMass_analysis
Option 1 = MuonEG_Run2016D/MuonEG_Run2016D_11.list
Option 2 = MuonEG_Run2016D/MuonEG_Run2016D_11.txt
Input filelist = MuonEG_Run2016D/MuonEG_Run2016D_11.list
Output file name = MuonEG_Run2016D/MuonEG_Run2016D_11.txt


start merging file(s)
adding: dcap://cluster142.knu.ac.kr//pnfs/knu.ac.kr/data/cms/store/user/sha/Run2FULL/2016PreVFP/DATA/MuonEG/crab_MuonEG_Run2016D/240205_155952//0000/SSBTree_191.root
adding: dcap://cluster142.knu.ac.kr//pnfs/knu.ac.kr/data/cms/store/user/sha/Run2FULL/2016PreVFP/DATA/MuonEG/crab_MuonEG_Run2016D/240205_155952//0000/SSBTree_192.root
adding: dcap://cluster142.knu.ac.kr//pnfs/knu.ac.kr/data/cms/store/user/sha/Run2FULL/2016PreVFP/DATA/MuonEG/crab_MuonEG_Run2016D/240205_155952//0000/SSBTree_193.root
adding: dcap://cluster142.knu.ac.kr//pnfs/knu.ac.kr/data/cms/store/user/sha/Run2FULL/2016PreVFP/DATA/MuonEG/crab_MuonEG_Run2016D/240205_155952//0000/SSBTree_194.root
adding: dcap://cluster142.knu.ac.kr//pnfs/knu.ac.kr/data/cms/store/user/sha/Run2FULL/2016PreVFP/DATA/MuonEG/crab_MuonEG_Run2016D/240205_155952//0000/SSBTree_195.root
adding: dcap://cluster142.knu.ac.kr//pnfs/knu.ac.kr/data/cms/store/user/sha/Run2FULL/2016PreVFP/DATA/MuonEG/crab_MuonEG_Run2016D/240205_155952//0000/SSBTree_196.root
adding: dcap://cluster142.knu.ac.kr//pnfs/knu.ac.kr/data/cms/store/user/sha/Run2FULL/2016PreVFP/DATA/MuonEG/crab_MuonEG_Run2016D/240205_155952//0000/SSBTree_197.root
adding: dcap://cluster142.knu.ac.kr//pnfs/knu.ac.kr/data/cms/store/user/sha/Run2FULL/2016PreVFP/DATA/MuonEG/crab_MuonEG_Run2016D/240205_155952//0000/SSBTree_198.root
adding: dcap://cluster142.knu.ac.kr//pnfs/knu.ac.kr/data/cms/store/user/sha/Run2FULL/2016PreVFP/DATA/MuonEG/crab_MuonEG_Run2016D/240205_155952//0000/SSBTree_199.root
adding: dcap://cluster142.knu.ac.kr//pnfs/knu.ac.kr/data/cms/store/user/sha/Run2FULL/2016PreVFP/DATA/MuonEG/crab_MuonEG_Run2016D/240205_155952//0000/SSBTree_19.root
Total number of events after merging root files: 164002
Event 0
Event 10000
Event 20000
Event 30000
Event 40000
Event 50000
Event 60000
Event 70000
Event 80000
Event 90000
Event 100000
Event 110000
Event 120000
Event 130000
Event 140000
Event 150000
Event 160000
Total processed number of events: 164002
End processing...

The number of options is: 2
Option 0 = ./TopMass_analysis
Option 1 = MuonEG_Run2016D/MuonEG_Run2016D_26.list
Option 2 = MuonEG_Run2016D/MuonEG_Run2016D_26.txt
Input filelist = MuonEG_Run2016D/MuonEG_Run2016D_26.list
Output file name = MuonEG_Run2016D/MuonEG_Run2016D_26.txt


start merging file(s)
adding: dcap://cluster142.knu.ac.kr//pnfs/knu.ac.kr/data/cms/store/user/sha/Run2FULL/2016PreVFP/DATA/MuonEG/crab_MuonEG_Run2016D/240205_155952//0000/SSBTree_326.root
adding: dcap://cluster142.knu.ac.kr//pnfs/knu.ac.kr/data/cms/store/user/sha/Run2FULL/2016PreVFP/DATA/MuonEG/crab_MuonEG_Run2016D/240205_155952//0000/SSBTree_327.root
adding: dcap://cluster142.knu.ac.kr//pnfs/knu.ac.kr/data/cms/store/user/sha/Run2FULL/2016PreVFP/DATA/MuonEG/crab_MuonEG_Run2016D/240205_155952//0000/SSBTree_328.root
adding: dcap://cluster142.knu.ac.kr//pnfs/knu.ac.kr/data/cms/store/user/sha/Run2FULL/2016PreVFP/DATA/MuonEG/crab_MuonEG_Run2016D/240205_155952//0000/SSBTree_329.root
adding: dcap://cluster142.knu.ac.kr//pnfs/knu.ac.kr/data/cms/store/user/sha/Run2FULL/2016PreVFP/DATA/MuonEG/crab_MuonEG_Run2016D/240205_155952//0000/SSBTree_32.root
adding: dcap://cluster142.knu.ac.kr//pnfs/knu.ac.kr/data/cms/store/user/sha/Run2FULL/2016PreVFP/DATA/MuonEG/crab_MuonEG_Run2016D/240205_155952//0000/SSBTree_330.root
adding: dcap://cluster142.knu.ac.kr//pnfs/knu.ac.kr/data/cms/store/user/sha/Run2FULL/2016PreVFP/DATA/MuonEG/crab_MuonEG_Run2016D/240205_155952//0000/SSBTree_331.root
adding: dcap://cluster142.knu.ac.kr//pnfs/knu.ac.kr/data/cms/store/user/sha/Run2FULL/2016PreVFP/DATA/MuonEG/crab_MuonEG_Run2016D/240205_155952//0000/SSBTree_332.root
adding: dcap://cluster142.knu.ac.kr//pnfs/knu.ac.kr/data/cms/store/user/sha/Run2FULL/2016PreVFP/DATA/MuonEG/crab_MuonEG_Run2016D/240205_155952//0000/SSBTree_333.root
adding: dcap://cluster142.knu.ac.kr//pnfs/knu.ac.kr/data/cms/store/user/sha/Run2FULL/2016PreVFP/DATA/MuonEG/crab_MuonEG_Run2016D/240205_155952//0000/SSBTree_334.root
Total number of events after merging root files: 142381
Event 0
Event 10000
Event 20000
Event 30000
Event 40000
Event 50000
Event 60000
Event 70000
Event 80000
Event 90000
Event 100000
Event 110000
Event 120000
Event 130000
Event 140000
Total processed number of events: 142381
End processing...

The number of options is: 2
Option 0 = ./TopMass_analysis
Option 1 = MuonEG_Run2016D/MuonEG_Run2016D_41.list
Option 2 = MuonEG_Run2016D/MuonEG_Run2016D_41.txt
Input filelist = MuonEG_Run2016D/MuonEG_Run2016D_41.list
Output file name = MuonEG_Run2016D/MuonEG_Run2016D_41.txt


start merging file(s)
adding: dcap://cluster142.knu.ac.kr//pnfs/knu.ac.kr/data/cms/store/user/sha/Run2FULL/2016PreVFP/DATA/MuonEG/crab_MuonEG_Run2016D/240205_155952//0000/SSBTree_461.root
adding: dcap://cluster142.knu.ac.kr//pnfs/knu.ac.kr/data/cms/store/user/sha/Run2FULL/2016PreVFP/DATA/MuonEG/crab_MuonEG_Run2016D/240205_155952//0000/SSBTree_462.root
adding: dcap://cluster142.knu.ac.kr//pnfs/knu.ac.kr/data/cms/store/user/sha/Run2FULL/2016PreVFP/DATA/MuonEG/crab_MuonEG_Run2016D/240205_155952//0000/SSBTree_463.root
adding: dcap://cluster142.knu.ac.kr//pnfs/knu.ac.kr/data/cms/store/user/sha/Run2FULL/2016PreVFP/DATA/MuonEG/crab_MuonEG_Run2016D/240205_155952//0000/SSBTree_464.root
adding: dcap://cluster142.knu.ac.kr//pnfs/knu.ac.kr/data/cms/store/user/sha/Run2FULL/2016PreVFP/DATA/MuonEG/crab_MuonEG_Run2016D/240205_155952//0000/SSBTree_465.root
adding: dcap://cluster142.knu.ac.kr//pnfs/knu.ac.kr/data/cms/store/user/sha/Run2FULL/2016PreVFP/DATA/MuonEG/crab_MuonEG_Run2016D/240205_155952//0000/SSBTree_466.root
adding: dcap://cluster142.knu.ac.kr//pnfs/knu.ac.kr/data/cms/store/user/sha/Run2FULL/2016PreVFP/DATA/MuonEG/crab_MuonEG_Run2016D/240205_155952//0000/SSBTree_467.root
adding: dcap://cluster142.knu.ac.kr//pnfs/knu.ac.kr/data/cms/store/user/sha/Run2FULL/2016PreVFP/DATA/MuonEG/crab_MuonEG_Run2016D/240205_155952//0000/SSBTree_468.root
adding: dcap://cluster142.knu.ac.kr//pnfs/knu.ac.kr/data/cms/store/user/sha/Run2FULL/2016PreVFP/DATA/MuonEG/crab_MuonEG_Run2016D/240205_155952//0000/SSBTree_469.root
adding: dcap://cluster142.knu.ac.kr//pnfs/knu.ac.kr/data/cms/store/user/sha/Run2FULL/2016PreVFP/DATA/MuonEG/crab_MuonEG_Run2016D/240205_155952//0000/SSBTree_46.root
Total number of events after merging root files: 129092
Event 0
Event 10000
Event 20000
Event 30000
Event 40000
Event 50000
Event 60000
Event 70000
Event 80000
Event 90000
Event 100000
Event 110000
Event 120000
Total processed number of events: 129092
End processing...

The number of options is: 2
Option 0 = ./TopMass_analysis
Option 1 = MuonEG_Run2016D/MuonEG_Run2016D_56.list
Option 2 = MuonEG_Run2016D/MuonEG_Run2016D_56.txt
Input filelist = MuonEG_Run2016D/MuonEG_Run2016D_56.list
Output file name = MuonEG_Run2016D/MuonEG_Run2016D_56.txt


start merging file(s)
adding: dcap://cluster142.knu.ac.kr//pnfs/knu.ac.kr/data/cms/store/user/sha/Run2FULL/2016PreVFP/DATA/MuonEG/crab_MuonEG_Run2016D/240205_155952//0000/SSBTree_597.root
adding: dcap://cluster142.knu.ac.kr//pnfs/knu.ac.kr/data/cms/store/user/sha/Run2FULL/2016PreVFP/DATA/MuonEG/crab_MuonEG_Run2016D/240205_155952//0000/SSBTree_598.root
adding: dcap://cluster142.knu.ac.kr//pnfs/knu.ac.kr/data/cms/store/user/sha/Run2FULL/2016PreVFP/DATA/MuonEG/crab_MuonEG_Run2016D/240205_155952//0000/SSBTree_599.root
adding: dcap://cluster142.knu.ac.kr//pnfs/knu.ac.kr/data/cms/store/user/sha/Run2FULL/2016PreVFP/DATA/MuonEG/crab_MuonEG_Run2016D/240205_155952//0000/SSBTree_59.root
adding: dcap://cluster142.knu.ac.kr//pnfs/knu.ac.kr/data/cms/store/user/sha/Run2FULL/2016PreVFP/DATA/MuonEG/crab_MuonEG_Run2016D/240205_155952//0000/SSBTree_5.root
adding: dcap://cluster142.knu.ac.kr//pnfs/knu.ac.kr/data/cms/store/user/sha/Run2FULL/2016PreVFP/DATA/MuonEG/crab_MuonEG_Run2016D/240205_155952//0000/SSBTree_600.root
adding: dcap://cluster142.knu.ac.kr//pnfs/knu.ac.kr/data/cms/store/user/sha/Run2FULL/2016PreVFP/DATA/MuonEG/crab_MuonEG_Run2016D/240205_155952//0000/SSBTree_601.root
adding: dcap://cluster142.knu.ac.kr//pnfs/knu.ac.kr/data/cms/store/user/sha/Run2FULL/2016PreVFP/DATA/MuonEG/crab_MuonEG_Run2016D/240205_155952//0000/SSBTree_602.root
adding: dcap://cluster142.knu.ac.kr//pnfs/knu.ac.kr/data/cms/store/user/sha/Run2FULL/2016PreVFP/DATA/MuonEG/crab_MuonEG_Run2016D/240205_155952//0000/SSBTree_603.root
adding: dcap://cluster142.knu.ac.kr//pnfs/knu.ac.kr/data/cms/store/user/sha/Run2FULL/2016PreVFP/DATA/MuonEG/crab_MuonEG_Run2016D/240205_155952//0000/SSBTree_604.root
Total number of events after merging root files: 177045
Event 0
Event 10000
Event 20000
Event 30000
Event 40000
Event 50000
Event 60000
Event 70000
Event 80000
Event 90000
Event 100000
Event 110000
Event 120000
Event 130000
Event 140000
Event 150000
Event 160000
Event 170000
Total processed number of events: 177045
End processing...

The number of options is: 2
Option 0 = ./TopMass_analysis
Option 1 = MuonEG_Run2016D/MuonEG_Run2016D_71.list
Option 2 = MuonEG_Run2016D/MuonEG_Run2016D_71.txt
Input filelist = MuonEG_Run2016D/MuonEG_Run2016D_71.list
Output file name = MuonEG_Run2016D/MuonEG_Run2016D_71.txt


start merging file(s)
adding: dcap://cluster142.knu.ac.kr//pnfs/knu.ac.kr/data/cms/store/user/sha/Run2FULL/2016PreVFP/DATA/MuonEG/crab_MuonEG_Run2016D/240205_155952//0000/SSBTree_731.root
adding: dcap://cluster142.knu.ac.kr//pnfs/knu.ac.kr/data/cms/store/user/sha/Run2FULL/2016PreVFP/DATA/MuonEG/crab_MuonEG_Run2016D/240205_155952//0000/SSBTree_732.root
adding: dcap://cluster142.knu.ac.kr//pnfs/knu.ac.kr/data/cms/store/user/sha/Run2FULL/2016PreVFP/DATA/MuonEG/crab_MuonEG_Run2016D/240205_155952//0000/SSBTree_733.root
adding: dcap://cluster142.knu.ac.kr//pnfs/knu.ac.kr/data/cms/store/user/sha/Run2FULL/2016PreVFP/DATA/MuonEG/crab_MuonEG_Run2016D/240205_155952//0000/SSBTree_734.root
adding: dcap://cluster142.knu.ac.kr//pnfs/knu.ac.kr/data/cms/store/user/sha/Run2FULL/2016PreVFP/DATA/MuonEG/crab_MuonEG_Run2016D/240205_155952//0000/SSBTree_735.root
adding: dcap://cluster142.knu.ac.kr//pnfs/knu.ac.kr/data/cms/store/user/sha/Run2FULL/2016PreVFP/DATA/MuonEG/crab_MuonEG_Run2016D/240205_155952//0000/SSBTree_736.root
adding: dcap://cluster142.knu.ac.kr//pnfs/knu.ac.kr/data/cms/store/user/sha/Run2FULL/2016PreVFP/DATA/MuonEG/crab_MuonEG_Run2016D/240205_155952//0000/SSBTree_737.root
adding: dcap://cluster142.knu.ac.kr//pnfs/knu.ac.kr/data/cms/store/user/sha/Run2FULL/2016PreVFP/DATA/MuonEG/crab_MuonEG_Run2016D/240205_155952//0000/SSBTree_738.root
adding: dcap://cluster142.knu.ac.kr//pnfs/knu.ac.kr/data/cms/store/user/sha/Run2FULL/2016PreVFP/DATA/MuonEG/crab_MuonEG_Run2016D/240205_155952//0000/SSBTree_739.root
adding: dcap://cluster142.knu.ac.kr//pnfs/knu.ac.kr/data/cms/store/user/sha/Run2FULL/2016PreVFP/DATA/MuonEG/crab_MuonEG_Run2016D/240205_155952//0000/SSBTree_73.root
Total number of events after merging root files: 104361
Event 0
Event 10000
Event 20000
Event 30000
Event 40000
Event 50000
Event 60000
Event 70000
Event 80000
Event 90000
Event 100000
Total processed number of events: 104361
End processing...

The number of options is: 2
Option 0 = ./TopMass_analysis
Option 1 = MuonEG_Run2016D/MuonEG_Run2016D_86.list
Option 2 = MuonEG_Run2016D/MuonEG_Run2016D_86.txt
Input filelist = MuonEG_Run2016D/MuonEG_Run2016D_86.list
Output file name = MuonEG_Run2016D/MuonEG_Run2016D_86.txt


start merging file(s)
adding: dcap://cluster142.knu.ac.kr//pnfs/knu.ac.kr/data/cms/store/user/sha/Run2FULL/2016PreVFP/DATA/MuonEG/crab_MuonEG_Run2016D/240205_155952//0000/SSBTree_867.root
adding: dcap://cluster142.knu.ac.kr//pnfs/knu.ac.kr/data/cms/store/user/sha/Run2FULL/2016PreVFP/DATA/MuonEG/crab_MuonEG_Run2016D/240205_155952//0000/SSBTree_868.root
adding: dcap://cluster142.knu.ac.kr//pnfs/knu.ac.kr/data/cms/store/user/sha/Run2FULL/2016PreVFP/DATA/MuonEG/crab_MuonEG_Run2016D/240205_155952//0000/SSBTree_869.root
adding: dcap://cluster142.knu.ac.kr//pnfs/knu.ac.kr/data/cms/store/user/sha/Run2FULL/2016PreVFP/DATA/MuonEG/crab_MuonEG_Run2016D/240205_155952//0000/SSBTree_86.root
adding: dcap://cluster142.knu.ac.kr//pnfs/knu.ac.kr/data/cms/store/user/sha/Run2FULL/2016PreVFP/DATA/MuonEG/crab_MuonEG_Run2016D/240205_155952//0000/SSBTree_870.root
adding: dcap://cluster142.knu.ac.kr//pnfs/knu.ac.kr/data/cms/store/user/sha/Run2FULL/2016PreVFP/DATA/MuonEG/crab_MuonEG_Run2016D/240205_155952//0000/SSBTree_871.root
adding: dcap://cluster142.knu.ac.kr//pnfs/knu.ac.kr/data/cms/store/user/sha/Run2FULL/2016PreVFP/DATA/MuonEG/crab_MuonEG_Run2016D/240205_155952//0000/SSBTree_872.root
adding: dcap://cluster142.knu.ac.kr//pnfs/knu.ac.kr/data/cms/store/user/sha/Run2FULL/2016PreVFP/DATA/MuonEG/crab_MuonEG_Run2016D/240205_155952//0000/SSBTree_873.root
adding: dcap://cluster142.knu.ac.kr//pnfs/knu.ac.kr/data/cms/store/user/sha/Run2FULL/2016PreVFP/DATA/MuonEG/crab_MuonEG_Run2016D/240205_155952//0000/SSBTree_874.root
adding: dcap://cluster142.knu.ac.kr//pnfs/knu.ac.kr/data/cms/store/user/sha/Run2FULL/2016PreVFP/DATA/MuonEG/crab_MuonEG_Run2016D/240205_155952//0000/SSBTree_875.root
Total number of events after merging root files: 112598
Event 0
Event 10000
Event 20000
Event 30000
Event 40000
Event 50000
Event 60000
Event 70000
Event 80000
Event 90000
Event 100000
Event 110000
Total processed number of events: 112598
End processing...

The number of options is: 2
Option 0 = ./TopMass_analysis
Option 1 = MuonEG_Run2016D/MuonEG_Run2016D_101.list
Option 2 = MuonEG_Run2016D/MuonEG_Run2016D_101.txt
Input filelist = MuonEG_Run2016D/MuonEG_Run2016D_101.list
Output file name = MuonEG_Run2016D/MuonEG_Run2016D_101.txt


start merging file(s)
adding: dcap://cluster142.knu.ac.kr//pnfs/knu.ac.kr/data/cms/store/user/sha/Run2FULL/2016PreVFP/DATA/MuonEG/crab_MuonEG_Run2016D/240205_155952//0001/SSBTree_1001.root
adding: dcap://cluster142.knu.ac.kr//pnfs/knu.ac.kr/data/cms/store/user/sha/Run2FULL/2016PreVFP/DATA/MuonEG/crab_MuonEG_Run2016D/240205_155952//0001/SSBTree_1002.root
adding: dcap://cluster142.knu.ac.kr//pnfs/knu.ac.kr/data/cms/store/user/sha/Run2FULL/2016PreVFP/DATA/MuonEG/crab_MuonEG_Run2016D/240205_155952//0001/SSBTree_1003.root
adding: dcap://cluster142.knu.ac.kr//pnfs/knu.ac.kr/data/cms/store/user/sha/Run2FULL/2016PreVFP/DATA/MuonEG/crab_MuonEG_Run2016D/240205_155952//0001/SSBTree_1004.root
adding: dcap://cluster142.knu.ac.kr//pnfs/knu.ac.kr/data/cms/store/user/sha/Run2FULL/2016PreVFP/DATA/MuonEG/crab_MuonEG_Run2016D/240205_155952//0001/SSBTree_1005.root
adding: dcap://cluster142.knu.ac.kr//pnfs/knu.ac.kr/data/cms/store/user/sha/Run2FULL/2016PreVFP/DATA/MuonEG/crab_MuonEG_Run2016D/240205_155952//0001/SSBTree_1006.root
adding: dcap://cluster142.knu.ac.kr//pnfs/knu.ac.kr/data/cms/store/user/sha/Run2FULL/2016PreVFP/DATA/MuonEG/crab_MuonEG_Run2016D/240205_155952//0001/SSBTree_1007.root
adding: dcap://cluster142.knu.ac.kr//pnfs/knu.ac.kr/data/cms/store/user/sha/Run2FULL/2016PreVFP/DATA/MuonEG/crab_MuonEG_Run2016D/240205_155952//0001/SSBTree_1008.root
adding: dcap://cluster142.knu.ac.kr//pnfs/knu.ac.kr/data/cms/store/user/sha/Run2FULL/2016PreVFP/DATA/MuonEG/crab_MuonEG_Run2016D/240205_155952//0001/SSBTree_1009.root
adding: dcap://cluster142.knu.ac.kr//pnfs/knu.ac.kr/data/cms/store/user/sha/Run2FULL/2016PreVFP/DATA/MuonEG/crab_MuonEG_Run2016D/240205_155952//0001/SSBTree_1010.root
Total number of events after merging root files: 132562
Event 0
Event 10000
Event 20000
Event 30000
Event 40000
Event 50000
Event 60000
Event 70000
Event 80000
Event 90000
Event 100000
Event 110000
Event 120000
Event 130000
Total processed number of events: 132562
End processing...

The number of options is: 2
Option 0 = ./TopMass_analysis
Option 1 = MuonEG_Run2016D/MuonEG_Run2016D_116.list
Option 2 = MuonEG_Run2016D/MuonEG_Run2016D_116.txt
Input filelist = MuonEG_Run2016D/MuonEG_Run2016D_116.list
Output file name = MuonEG_Run2016D/MuonEG_Run2016D_116.txt


start merging file(s)
adding: dcap://cluster142.knu.ac.kr//pnfs/knu.ac.kr/data/cms/store/user/sha/Run2FULL/2016PreVFP/DATA/MuonEG/crab_MuonEG_Run2016D/240205_155952//0001/SSBTree_1151.root
adding: dcap://cluster142.knu.ac.kr//pnfs/knu.ac.kr/data/cms/store/user/sha/Run2FULL/2016PreVFP/DATA/MuonEG/crab_MuonEG_Run2016D/240205_155952//0001/SSBTree_1152.root
adding: dcap://cluster142.knu.ac.kr//pnfs/knu.ac.kr/data/cms/store/user/sha/Run2FULL/2016PreVFP/DATA/MuonEG/crab_MuonEG_Run2016D/240205_155952//0001/SSBTree_1153.root
adding: dcap://cluster142.knu.ac.kr//pnfs/knu.ac.kr/data/cms/store/user/sha/Run2FULL/2016PreVFP/DATA/MuonEG/crab_MuonEG_Run2016D/240205_155952//0001/SSBTree_1154.root
adding: dcap://cluster142.knu.ac.kr//pnfs/knu.ac.kr/data/cms/store/user/sha/Run2FULL/2016PreVFP/DATA/MuonEG/crab_MuonEG_Run2016D/240205_155952//0001/SSBTree_1155.root
adding: dcap://cluster142.knu.ac.kr//pnfs/knu.ac.kr/data/cms/store/user/sha/Run2FULL/2016PreVFP/DATA/MuonEG/crab_MuonEG_Run2016D/240205_155952//0001/SSBTree_1156.root
adding: dcap://cluster142.knu.ac.kr//pnfs/knu.ac.kr/data/cms/store/user/sha/Run2FULL/2016PreVFP/DATA/MuonEG/crab_MuonEG_Run2016D/240205_155952//0001/SSBTree_1157.root
adding: dcap://cluster142.knu.ac.kr//pnfs/knu.ac.kr/data/cms/store/user/sha/Run2FULL/2016PreVFP/DATA/MuonEG/crab_MuonEG_Run2016D/240205_155952//0001/SSBTree_1158.root
adding: dcap://cluster142.knu.ac.kr//pnfs/knu.ac.kr/data/cms/store/user/sha/Run2FULL/2016PreVFP/DATA/MuonEG/crab_MuonEG_Run2016D/240205_155952//0001/SSBTree_1159.root
adding: dcap://cluster142.knu.ac.kr//pnfs/knu.ac.kr/data/cms/store/user/sha/Run2FULL/2016PreVFP/DATA/MuonEG/crab_MuonEG_Run2016D/240205_155952//0001/SSBTree_1160.root
Total number of events after merging root files: 225490
Event 0
Event 10000
Event 20000
Event 30000
Event 40000
Event 50000
Event 60000
Event 70000
Event 80000
Event 90000
Event 100000
Event 110000
Event 120000
Event 130000
Event 140000
Event 150000
Event 160000
Event 170000
Event 180000
Event 190000
Event 200000
Event 210000
Event 220000
Total processed number of events: 225490
End processing...

The number of options is: 2
Option 0 = ./TopMass_analysis
Option 1 = MuonEG_Run2016D/MuonEG_Run2016D_131.list
Option 2 = MuonEG_Run2016D/MuonEG_Run2016D_131.txt
Input filelist = MuonEG_Run2016D/MuonEG_Run2016D_131.list
Output file name = MuonEG_Run2016D/MuonEG_Run2016D_131.txt


start merging file(s)
adding: dcap://cluster142.knu.ac.kr//pnfs/knu.ac.kr/data/cms/store/user/sha/Run2FULL/2016PreVFP/DATA/MuonEG/crab_MuonEG_Run2016D/240205_155952//0001/SSBTree_1301.root
adding: dcap://cluster142.knu.ac.kr//pnfs/knu.ac.kr/data/cms/store/user/sha/Run2FULL/2016PreVFP/DATA/MuonEG/crab_MuonEG_Run2016D/240205_155952//0001/SSBTree_1302.root
adding: dcap://cluster142.knu.ac.kr//pnfs/knu.ac.kr/data/cms/store/user/sha/Run2FULL/2016PreVFP/DATA/MuonEG/crab_MuonEG_Run2016D/240205_155952//0001/SSBTree_1303.root
adding: dcap://cluster142.knu.ac.kr//pnfs/knu.ac.kr/data/cms/store/user/sha/Run2FULL/2016PreVFP/DATA/MuonEG/crab_MuonEG_Run2016D/240205_155952//0001/SSBTree_1304.root
adding: dcap://cluster142.knu.ac.kr//pnfs/knu.ac.kr/data/cms/store/user/sha/Run2FULL/2016PreVFP/DATA/MuonEG/crab_MuonEG_Run2016D/240205_155952//0001/SSBTree_1305.root
adding: dcap://cluster142.knu.ac.kr//pnfs/knu.ac.kr/data/cms/store/user/sha/Run2FULL/2016PreVFP/DATA/MuonEG/crab_MuonEG_Run2016D/240205_155952//0001/SSBTree_1306.root
adding: dcap://cluster142.knu.ac.kr//pnfs/knu.ac.kr/data/cms/store/user/sha/Run2FULL/2016PreVFP/DATA/MuonEG/crab_MuonEG_Run2016D/240205_155952//0001/SSBTree_1307.root
adding: dcap://cluster142.knu.ac.kr//pnfs/knu.ac.kr/data/cms/store/user/sha/Run2FULL/2016PreVFP/DATA/MuonEG/crab_MuonEG_Run2016D/240205_155952//0001/SSBTree_1308.root
adding: dcap://cluster142.knu.ac.kr//pnfs/knu.ac.kr/data/cms/store/user/sha/Run2FULL/2016PreVFP/DATA/MuonEG/crab_MuonEG_Run2016D/240205_155952//0001/SSBTree_1309.root
adding: dcap://cluster142.knu.ac.kr//pnfs/knu.ac.kr/data/cms/store/user/sha/Run2FULL/2016PreVFP/DATA/MuonEG/crab_MuonEG_Run2016D/240205_155952//0001/SSBTree_1310.root
Total number of events after merging root files: 134932
Event 0
Event 10000
Event 20000
Event 30000
Event 40000
Event 50000
Event 60000
Event 70000
Event 80000
Event 90000
Event 100000
Event 110000
Event 120000
Event 130000
Total processed number of events: 134932
End processing...

The number of options is: 2
Option 0 = ./TopMass_analysis
Option 1 = MuonEG_Run2016D/MuonEG_Run2016D_146.list
Option 2 = MuonEG_Run2016D/MuonEG_Run2016D_146.txt
Input filelist = MuonEG_Run2016D/MuonEG_Run2016D_146.list
Output file name = MuonEG_Run2016D/MuonEG_Run2016D_146.txt


start merging file(s)
adding: dcap://cluster142.knu.ac.kr//pnfs/knu.ac.kr/data/cms/store/user/sha/Run2FULL/2016PreVFP/DATA/MuonEG/crab_MuonEG_Run2016D/240205_155952//0001/SSBTree_1451.root
adding: dcap://cluster142.knu.ac.kr//pnfs/knu.ac.kr/data/cms/store/user/sha/Run2FULL/2016PreVFP/DATA/MuonEG/crab_MuonEG_Run2016D/240205_155952//0001/SSBTree_1452.root
adding: dcap://cluster142.knu.ac.kr//pnfs/knu.ac.kr/data/cms/store/user/sha/Run2FULL/2016PreVFP/DATA/MuonEG/crab_MuonEG_Run2016D/240205_155952//0001/SSBTree_1453.root
adding: dcap://cluster142.knu.ac.kr//pnfs/knu.ac.kr/data/cms/store/user/sha/Run2FULL/2016PreVFP/DATA/MuonEG/crab_MuonEG_Run2016D/240205_155952//0001/SSBTree_1454.root
adding: dcap://cluster142.knu.ac.kr//pnfs/knu.ac.kr/data/cms/store/user/sha/Run2FULL/2016PreVFP/DATA/MuonEG/crab_MuonEG_Run2016D/240205_155952//0001/SSBTree_1455.root
adding: dcap://cluster142.knu.ac.kr//pnfs/knu.ac.kr/data/cms/store/user/sha/Run2FULL/2016PreVFP/DATA/MuonEG/crab_MuonEG_Run2016D/240205_155952//0001/SSBTree_1456.root
adding: dcap://cluster142.knu.ac.kr//pnfs/knu.ac.kr/data/cms/store/user/sha/Run2FULL/2016PreVFP/DATA/MuonEG/crab_MuonEG_Run2016D/240205_155952//0001/SSBTree_1457.root
adding: dcap://cluster142.knu.ac.kr//pnfs/knu.ac.kr/data/cms/store/user/sha/Run2FULL/2016PreVFP/DATA/MuonEG/crab_MuonEG_Run2016D/240205_155952//0001/SSBTree_1458.root
adding: dcap://cluster142.knu.ac.kr//pnfs/knu.ac.kr/data/cms/store/user/sha/Run2FULL/2016PreVFP/DATA/MuonEG/crab_MuonEG_Run2016D/240205_155952//0001/SSBTree_1459.root
adding: dcap://cluster142.knu.ac.kr//pnfs/knu.ac.kr/data/cms/store/user/sha/Run2FULL/2016PreVFP/DATA/MuonEG/crab_MuonEG_Run2016D/240205_155952//0001/SSBTree_1460.root
Total number of events after merging root files: 98826
Event 0
Event 10000
Event 20000
Event 30000
Event 40000
Event 50000
Event 60000
Event 70000
Event 80000
Event 90000
Total processed number of events: 98826
End processing...

