The number of options is: 2
Option 0 = ./TopMass_analysis
Option 1 = MuonEG_Run2016D/MuonEG_Run2016D_15.list
Option 2 = MuonEG_Run2016D/MuonEG_Run2016D_15.txt
Input filelist = MuonEG_Run2016D/MuonEG_Run2016D_15.list
Output file name = MuonEG_Run2016D/MuonEG_Run2016D_15.txt


start merging file(s)
adding: dcap://cluster142.knu.ac.kr//pnfs/knu.ac.kr/data/cms/store/user/sha/Run2FULL/2016PreVFP/DATA/MuonEG/crab_MuonEG_Run2016D/240205_155952//0000/SSBTree_227.root
adding: dcap://cluster142.knu.ac.kr//pnfs/knu.ac.kr/data/cms/store/user/sha/Run2FULL/2016PreVFP/DATA/MuonEG/crab_MuonEG_Run2016D/240205_155952//0000/SSBTree_228.root
adding: dcap://cluster142.knu.ac.kr//pnfs/knu.ac.kr/data/cms/store/user/sha/Run2FULL/2016PreVFP/DATA/MuonEG/crab_MuonEG_Run2016D/240205_155952//0000/SSBTree_229.root
adding: dcap://cluster142.knu.ac.kr//pnfs/knu.ac.kr/data/cms/store/user/sha/Run2FULL/2016PreVFP/DATA/MuonEG/crab_MuonEG_Run2016D/240205_155952//0000/SSBTree_22.root
adding: dcap://cluster142.knu.ac.kr//pnfs/knu.ac.kr/data/cms/store/user/sha/Run2FULL/2016PreVFP/DATA/MuonEG/crab_MuonEG_Run2016D/240205_155952//0000/SSBTree_230.root
adding: dcap://cluster142.knu.ac.kr//pnfs/knu.ac.kr/data/cms/store/user/sha/Run2FULL/2016PreVFP/DATA/MuonEG/crab_MuonEG_Run2016D/240205_155952//0000/SSBTree_231.root
adding: dcap://cluster142.knu.ac.kr//pnfs/knu.ac.kr/data/cms/store/user/sha/Run2FULL/2016PreVFP/DATA/MuonEG/crab_MuonEG_Run2016D/240205_155952//0000/SSBTree_232.root
adding: dcap://cluster142.knu.ac.kr//pnfs/knu.ac.kr/data/cms/store/user/sha/Run2FULL/2016PreVFP/DATA/MuonEG/crab_MuonEG_Run2016D/240205_155952//0000/SSBTree_233.root
adding: dcap://cluster142.knu.ac.kr//pnfs/knu.ac.kr/data/cms/store/user/sha/Run2FULL/2016PreVFP/DATA/MuonEG/crab_MuonEG_Run2016D/240205_155952//0000/SSBTree_234.root
adding: dcap://cluster142.knu.ac.kr//pnfs/knu.ac.kr/data/cms/store/user/sha/Run2FULL/2016PreVFP/DATA/MuonEG/crab_MuonEG_Run2016D/240205_155952//0000/SSBTree_235.root
Total number of events after merging root files: 176235
Event 0
Event 10000
Event 20000
Event 30000
Event 40000
Event 50000
Event 60000
Event 70000
Event 80000
Event 90000
Event 100000
Event 110000
Event 120000
Event 130000
Event 140000
Event 150000
Event 160000
Event 170000
Total processed number of events: 176235
End processing...

The number of options is: 2
Option 0 = ./TopMass_analysis
Option 1 = MuonEG_Run2016D/MuonEG_Run2016D_30.list
Option 2 = MuonEG_Run2016D/MuonEG_Run2016D_30.txt
Input filelist = MuonEG_Run2016D/MuonEG_Run2016D_30.list
Output file name = MuonEG_Run2016D/MuonEG_Run2016D_30.txt


start merging file(s)
adding: dcap://cluster142.knu.ac.kr//pnfs/knu.ac.kr/data/cms/store/user/sha/Run2FULL/2016PreVFP/DATA/MuonEG/crab_MuonEG_Run2016D/240205_155952//0000/SSBTree_362.root
adding: dcap://cluster142.knu.ac.kr//pnfs/knu.ac.kr/data/cms/store/user/sha/Run2FULL/2016PreVFP/DATA/MuonEG/crab_MuonEG_Run2016D/240205_155952//0000/SSBTree_363.root
adding: dcap://cluster142.knu.ac.kr//pnfs/knu.ac.kr/data/cms/store/user/sha/Run2FULL/2016PreVFP/DATA/MuonEG/crab_MuonEG_Run2016D/240205_155952//0000/SSBTree_364.root
adding: dcap://cluster142.knu.ac.kr//pnfs/knu.ac.kr/data/cms/store/user/sha/Run2FULL/2016PreVFP/DATA/MuonEG/crab_MuonEG_Run2016D/240205_155952//0000/SSBTree_365.root
adding: dcap://cluster142.knu.ac.kr//pnfs/knu.ac.kr/data/cms/store/user/sha/Run2FULL/2016PreVFP/DATA/MuonEG/crab_MuonEG_Run2016D/240205_155952//0000/SSBTree_366.root
adding: dcap://cluster142.knu.ac.kr//pnfs/knu.ac.kr/data/cms/store/user/sha/Run2FULL/2016PreVFP/DATA/MuonEG/crab_MuonEG_Run2016D/240205_155952//0000/SSBTree_367.root
adding: dcap://cluster142.knu.ac.kr//pnfs/knu.ac.kr/data/cms/store/user/sha/Run2FULL/2016PreVFP/DATA/MuonEG/crab_MuonEG_Run2016D/240205_155952//0000/SSBTree_368.root
adding: dcap://cluster142.knu.ac.kr//pnfs/knu.ac.kr/data/cms/store/user/sha/Run2FULL/2016PreVFP/DATA/MuonEG/crab_MuonEG_Run2016D/240205_155952//0000/SSBTree_369.root
adding: dcap://cluster142.knu.ac.kr//pnfs/knu.ac.kr/data/cms/store/user/sha/Run2FULL/2016PreVFP/DATA/MuonEG/crab_MuonEG_Run2016D/240205_155952//0000/SSBTree_36.root
adding: dcap://cluster142.knu.ac.kr//pnfs/knu.ac.kr/data/cms/store/user/sha/Run2FULL/2016PreVFP/DATA/MuonEG/crab_MuonEG_Run2016D/240205_155952//0000/SSBTree_370.root
Total number of events after merging root files: 211485
Event 0
Event 10000
Event 20000
Event 30000
Event 40000
Event 50000
Event 60000
Event 70000
Event 80000
Event 90000
Event 100000
Event 110000
Event 120000
Event 130000
Event 140000
Event 150000
Event 160000
Event 170000
Event 180000
Event 190000
Event 200000
Event 210000
Total processed number of events: 211485
End processing...

The number of options is: 2
Option 0 = ./TopMass_analysis
Option 1 = MuonEG_Run2016D/MuonEG_Run2016D_45.list
Option 2 = MuonEG_Run2016D/MuonEG_Run2016D_45.txt
Input filelist = MuonEG_Run2016D/MuonEG_Run2016D_45.list
Output file name = MuonEG_Run2016D/MuonEG_Run2016D_45.txt


start merging file(s)
adding: dcap://cluster142.knu.ac.kr//pnfs/knu.ac.kr/data/cms/store/user/sha/Run2FULL/2016PreVFP/DATA/MuonEG/crab_MuonEG_Run2016D/240205_155952//0000/SSBTree_498.root
adding: dcap://cluster142.knu.ac.kr//pnfs/knu.ac.kr/data/cms/store/user/sha/Run2FULL/2016PreVFP/DATA/MuonEG/crab_MuonEG_Run2016D/240205_155952//0000/SSBTree_499.root
adding: dcap://cluster142.knu.ac.kr//pnfs/knu.ac.kr/data/cms/store/user/sha/Run2FULL/2016PreVFP/DATA/MuonEG/crab_MuonEG_Run2016D/240205_155952//0000/SSBTree_49.root
adding: dcap://cluster142.knu.ac.kr//pnfs/knu.ac.kr/data/cms/store/user/sha/Run2FULL/2016PreVFP/DATA/MuonEG/crab_MuonEG_Run2016D/240205_155952//0000/SSBTree_4.root
adding: dcap://cluster142.knu.ac.kr//pnfs/knu.ac.kr/data/cms/store/user/sha/Run2FULL/2016PreVFP/DATA/MuonEG/crab_MuonEG_Run2016D/240205_155952//0000/SSBTree_500.root
adding: dcap://cluster142.knu.ac.kr//pnfs/knu.ac.kr/data/cms/store/user/sha/Run2FULL/2016PreVFP/DATA/MuonEG/crab_MuonEG_Run2016D/240205_155952//0000/SSBTree_501.root
adding: dcap://cluster142.knu.ac.kr//pnfs/knu.ac.kr/data/cms/store/user/sha/Run2FULL/2016PreVFP/DATA/MuonEG/crab_MuonEG_Run2016D/240205_155952//0000/SSBTree_502.root
adding: dcap://cluster142.knu.ac.kr//pnfs/knu.ac.kr/data/cms/store/user/sha/Run2FULL/2016PreVFP/DATA/MuonEG/crab_MuonEG_Run2016D/240205_155952//0000/SSBTree_503.root
adding: dcap://cluster142.knu.ac.kr//pnfs/knu.ac.kr/data/cms/store/user/sha/Run2FULL/2016PreVFP/DATA/MuonEG/crab_MuonEG_Run2016D/240205_155952//0000/SSBTree_504.root
adding: dcap://cluster142.knu.ac.kr//pnfs/knu.ac.kr/data/cms/store/user/sha/Run2FULL/2016PreVFP/DATA/MuonEG/crab_MuonEG_Run2016D/240205_155952//0000/SSBTree_505.root
Total number of events after merging root files: 113199
Event 0
Event 10000
Event 20000
Event 30000
Event 40000
Event 50000
Event 60000
Event 70000
Event 80000
Event 90000
Event 100000
Event 110000
Total processed number of events: 113199
End processing...

The number of options is: 2
Option 0 = ./TopMass_analysis
Option 1 = MuonEG_Run2016D/MuonEG_Run2016D_60.list
Option 2 = MuonEG_Run2016D/MuonEG_Run2016D_60.txt
Input filelist = MuonEG_Run2016D/MuonEG_Run2016D_60.list
Output file name = MuonEG_Run2016D/MuonEG_Run2016D_60.txt


start merging file(s)
adding: dcap://cluster142.knu.ac.kr//pnfs/knu.ac.kr/data/cms/store/user/sha/Run2FULL/2016PreVFP/DATA/MuonEG/crab_MuonEG_Run2016D/240205_155952//0000/SSBTree_632.root
adding: dcap://cluster142.knu.ac.kr//pnfs/knu.ac.kr/data/cms/store/user/sha/Run2FULL/2016PreVFP/DATA/MuonEG/crab_MuonEG_Run2016D/240205_155952//0000/SSBTree_633.root
adding: dcap://cluster142.knu.ac.kr//pnfs/knu.ac.kr/data/cms/store/user/sha/Run2FULL/2016PreVFP/DATA/MuonEG/crab_MuonEG_Run2016D/240205_155952//0000/SSBTree_634.root
adding: dcap://cluster142.knu.ac.kr//pnfs/knu.ac.kr/data/cms/store/user/sha/Run2FULL/2016PreVFP/DATA/MuonEG/crab_MuonEG_Run2016D/240205_155952//0000/SSBTree_635.root
adding: dcap://cluster142.knu.ac.kr//pnfs/knu.ac.kr/data/cms/store/user/sha/Run2FULL/2016PreVFP/DATA/MuonEG/crab_MuonEG_Run2016D/240205_155952//0000/SSBTree_636.root
adding: dcap://cluster142.knu.ac.kr//pnfs/knu.ac.kr/data/cms/store/user/sha/Run2FULL/2016PreVFP/DATA/MuonEG/crab_MuonEG_Run2016D/240205_155952//0000/SSBTree_637.root
adding: dcap://cluster142.knu.ac.kr//pnfs/knu.ac.kr/data/cms/store/user/sha/Run2FULL/2016PreVFP/DATA/MuonEG/crab_MuonEG_Run2016D/240205_155952//0000/SSBTree_638.root
adding: dcap://cluster142.knu.ac.kr//pnfs/knu.ac.kr/data/cms/store/user/sha/Run2FULL/2016PreVFP/DATA/MuonEG/crab_MuonEG_Run2016D/240205_155952//0000/SSBTree_639.root
adding: dcap://cluster142.knu.ac.kr//pnfs/knu.ac.kr/data/cms/store/user/sha/Run2FULL/2016PreVFP/DATA/MuonEG/crab_MuonEG_Run2016D/240205_155952//0000/SSBTree_63.root
adding: dcap://cluster142.knu.ac.kr//pnfs/knu.ac.kr/data/cms/store/user/sha/Run2FULL/2016PreVFP/DATA/MuonEG/crab_MuonEG_Run2016D/240205_155952//0000/SSBTree_640.root
Total number of events after merging root files: 148833
Event 0
Event 10000
Event 20000
Event 30000
Event 40000
Event 50000
Event 60000
Event 70000
Event 80000
Event 90000
Event 100000
Event 110000
Event 120000
Event 130000
Event 140000
Total processed number of events: 148833
End processing...

The number of options is: 2
Option 0 = ./TopMass_analysis
Option 1 = MuonEG_Run2016D/MuonEG_Run2016D_75.list
Option 2 = MuonEG_Run2016D/MuonEG_Run2016D_75.txt
Input filelist = MuonEG_Run2016D/MuonEG_Run2016D_75.list
Output file name = MuonEG_Run2016D/MuonEG_Run2016D_75.txt


start merging file(s)
adding: dcap://cluster142.knu.ac.kr//pnfs/knu.ac.kr/data/cms/store/user/sha/Run2FULL/2016PreVFP/DATA/MuonEG/crab_MuonEG_Run2016D/240205_155952//0000/SSBTree_768.root
adding: dcap://cluster142.knu.ac.kr//pnfs/knu.ac.kr/data/cms/store/user/sha/Run2FULL/2016PreVFP/DATA/MuonEG/crab_MuonEG_Run2016D/240205_155952//0000/SSBTree_769.root
adding: dcap://cluster142.knu.ac.kr//pnfs/knu.ac.kr/data/cms/store/user/sha/Run2FULL/2016PreVFP/DATA/MuonEG/crab_MuonEG_Run2016D/240205_155952//0000/SSBTree_76.root
adding: dcap://cluster142.knu.ac.kr//pnfs/knu.ac.kr/data/cms/store/user/sha/Run2FULL/2016PreVFP/DATA/MuonEG/crab_MuonEG_Run2016D/240205_155952//0000/SSBTree_770.root
adding: dcap://cluster142.knu.ac.kr//pnfs/knu.ac.kr/data/cms/store/user/sha/Run2FULL/2016PreVFP/DATA/MuonEG/crab_MuonEG_Run2016D/240205_155952//0000/SSBTree_771.root
adding: dcap://cluster142.knu.ac.kr//pnfs/knu.ac.kr/data/cms/store/user/sha/Run2FULL/2016PreVFP/DATA/MuonEG/crab_MuonEG_Run2016D/240205_155952//0000/SSBTree_772.root
adding: dcap://cluster142.knu.ac.kr//pnfs/knu.ac.kr/data/cms/store/user/sha/Run2FULL/2016PreVFP/DATA/MuonEG/crab_MuonEG_Run2016D/240205_155952//0000/SSBTree_773.root
adding: dcap://cluster142.knu.ac.kr//pnfs/knu.ac.kr/data/cms/store/user/sha/Run2FULL/2016PreVFP/DATA/MuonEG/crab_MuonEG_Run2016D/240205_155952//0000/SSBTree_774.root
adding: dcap://cluster142.knu.ac.kr//pnfs/knu.ac.kr/data/cms/store/user/sha/Run2FULL/2016PreVFP/DATA/MuonEG/crab_MuonEG_Run2016D/240205_155952//0000/SSBTree_775.root
adding: dcap://cluster142.knu.ac.kr//pnfs/knu.ac.kr/data/cms/store/user/sha/Run2FULL/2016PreVFP/DATA/MuonEG/crab_MuonEG_Run2016D/240205_155952//0000/SSBTree_776.root
Total number of events after merging root files: 172816
Event 0
Event 10000
Event 20000
Event 30000
Event 40000
Event 50000
Event 60000
Event 70000
Event 80000
Event 90000
Event 100000
Event 110000
Event 120000
Event 130000
Event 140000
Event 150000
Event 160000
Event 170000
Total processed number of events: 172816
End processing...

The number of options is: 2
Option 0 = ./TopMass_analysis
Option 1 = MuonEG_Run2016D/MuonEG_Run2016D_90.list
Option 2 = MuonEG_Run2016D/MuonEG_Run2016D_90.txt
Input filelist = MuonEG_Run2016D/MuonEG_Run2016D_90.list
Output file name = MuonEG_Run2016D/MuonEG_Run2016D_90.txt


start merging file(s)
adding: dcap://cluster142.knu.ac.kr//pnfs/knu.ac.kr/data/cms/store/user/sha/Run2FULL/2016PreVFP/DATA/MuonEG/crab_MuonEG_Run2016D/240205_155952//0000/SSBTree_902.root
adding: dcap://cluster142.knu.ac.kr//pnfs/knu.ac.kr/data/cms/store/user/sha/Run2FULL/2016PreVFP/DATA/MuonEG/crab_MuonEG_Run2016D/240205_155952//0000/SSBTree_903.root
adding: dcap://cluster142.knu.ac.kr//pnfs/knu.ac.kr/data/cms/store/user/sha/Run2FULL/2016PreVFP/DATA/MuonEG/crab_MuonEG_Run2016D/240205_155952//0000/SSBTree_904.root
adding: dcap://cluster142.knu.ac.kr//pnfs/knu.ac.kr/data/cms/store/user/sha/Run2FULL/2016PreVFP/DATA/MuonEG/crab_MuonEG_Run2016D/240205_155952//0000/SSBTree_905.root
adding: dcap://cluster142.knu.ac.kr//pnfs/knu.ac.kr/data/cms/store/user/sha/Run2FULL/2016PreVFP/DATA/MuonEG/crab_MuonEG_Run2016D/240205_155952//0000/SSBTree_906.root
adding: dcap://cluster142.knu.ac.kr//pnfs/knu.ac.kr/data/cms/store/user/sha/Run2FULL/2016PreVFP/DATA/MuonEG/crab_MuonEG_Run2016D/240205_155952//0000/SSBTree_907.root
adding: dcap://cluster142.knu.ac.kr//pnfs/knu.ac.kr/data/cms/store/user/sha/Run2FULL/2016PreVFP/DATA/MuonEG/crab_MuonEG_Run2016D/240205_155952//0000/SSBTree_908.root
adding: dcap://cluster142.knu.ac.kr//pnfs/knu.ac.kr/data/cms/store/user/sha/Run2FULL/2016PreVFP/DATA/MuonEG/crab_MuonEG_Run2016D/240205_155952//0000/SSBTree_909.root
adding: dcap://cluster142.knu.ac.kr//pnfs/knu.ac.kr/data/cms/store/user/sha/Run2FULL/2016PreVFP/DATA/MuonEG/crab_MuonEG_Run2016D/240205_155952//0000/SSBTree_90.root
adding: dcap://cluster142.knu.ac.kr//pnfs/knu.ac.kr/data/cms/store/user/sha/Run2FULL/2016PreVFP/DATA/MuonEG/crab_MuonEG_Run2016D/240205_155952//0000/SSBTree_910.root
Total number of events after merging root files: 182294
Event 0
Event 10000
Event 20000
Event 30000
Event 40000
Event 50000
Event 60000
Event 70000
Event 80000
Event 90000
Event 100000
Event 110000
Event 120000
Event 130000
Event 140000
Event 150000
Event 160000
Event 170000
Event 180000
Total processed number of events: 182294
End processing...

The number of options is: 2
Option 0 = ./TopMass_analysis
Option 1 = MuonEG_Run2016D/MuonEG_Run2016D_105.list
Option 2 = MuonEG_Run2016D/MuonEG_Run2016D_105.txt
Input filelist = MuonEG_Run2016D/MuonEG_Run2016D_105.list
Output file name = MuonEG_Run2016D/MuonEG_Run2016D_105.txt


start merging file(s)
adding: dcap://cluster142.knu.ac.kr//pnfs/knu.ac.kr/data/cms/store/user/sha/Run2FULL/2016PreVFP/DATA/MuonEG/crab_MuonEG_Run2016D/240205_155952//0001/SSBTree_1041.root
adding: dcap://cluster142.knu.ac.kr//pnfs/knu.ac.kr/data/cms/store/user/sha/Run2FULL/2016PreVFP/DATA/MuonEG/crab_MuonEG_Run2016D/240205_155952//0001/SSBTree_1042.root
adding: dcap://cluster142.knu.ac.kr//pnfs/knu.ac.kr/data/cms/store/user/sha/Run2FULL/2016PreVFP/DATA/MuonEG/crab_MuonEG_Run2016D/240205_155952//0001/SSBTree_1043.root
adding: dcap://cluster142.knu.ac.kr//pnfs/knu.ac.kr/data/cms/store/user/sha/Run2FULL/2016PreVFP/DATA/MuonEG/crab_MuonEG_Run2016D/240205_155952//0001/SSBTree_1044.root
adding: dcap://cluster142.knu.ac.kr//pnfs/knu.ac.kr/data/cms/store/user/sha/Run2FULL/2016PreVFP/DATA/MuonEG/crab_MuonEG_Run2016D/240205_155952//0001/SSBTree_1045.root
adding: dcap://cluster142.knu.ac.kr//pnfs/knu.ac.kr/data/cms/store/user/sha/Run2FULL/2016PreVFP/DATA/MuonEG/crab_MuonEG_Run2016D/240205_155952//0001/SSBTree_1046.root
adding: dcap://cluster142.knu.ac.kr//pnfs/knu.ac.kr/data/cms/store/user/sha/Run2FULL/2016PreVFP/DATA/MuonEG/crab_MuonEG_Run2016D/240205_155952//0001/SSBTree_1047.root
adding: dcap://cluster142.knu.ac.kr//pnfs/knu.ac.kr/data/cms/store/user/sha/Run2FULL/2016PreVFP/DATA/MuonEG/crab_MuonEG_Run2016D/240205_155952//0001/SSBTree_1048.root
adding: dcap://cluster142.knu.ac.kr//pnfs/knu.ac.kr/data/cms/store/user/sha/Run2FULL/2016PreVFP/DATA/MuonEG/crab_MuonEG_Run2016D/240205_155952//0001/SSBTree_1049.root
adding: dcap://cluster142.knu.ac.kr//pnfs/knu.ac.kr/data/cms/store/user/sha/Run2FULL/2016PreVFP/DATA/MuonEG/crab_MuonEG_Run2016D/240205_155952//0001/SSBTree_1050.root
Total number of events after merging root files: 168436
Event 0
Event 10000
Event 20000
Event 30000
Event 40000
Event 50000
Event 60000
Event 70000
Event 80000
Event 90000
Event 100000
Event 110000
Event 120000
Event 130000
Event 140000
Event 150000
Event 160000
Total processed number of events: 168436
End processing...

The number of options is: 2
Option 0 = ./TopMass_analysis
Option 1 = MuonEG_Run2016D/MuonEG_Run2016D_120.list
Option 2 = MuonEG_Run2016D/MuonEG_Run2016D_120.txt
Input filelist = MuonEG_Run2016D/MuonEG_Run2016D_120.list
Output file name = MuonEG_Run2016D/MuonEG_Run2016D_120.txt


start merging file(s)
adding: dcap://cluster142.knu.ac.kr//pnfs/knu.ac.kr/data/cms/store/user/sha/Run2FULL/2016PreVFP/DATA/MuonEG/crab_MuonEG_Run2016D/240205_155952//0001/SSBTree_1191.root
adding: dcap://cluster142.knu.ac.kr//pnfs/knu.ac.kr/data/cms/store/user/sha/Run2FULL/2016PreVFP/DATA/MuonEG/crab_MuonEG_Run2016D/240205_155952//0001/SSBTree_1192.root
adding: dcap://cluster142.knu.ac.kr//pnfs/knu.ac.kr/data/cms/store/user/sha/Run2FULL/2016PreVFP/DATA/MuonEG/crab_MuonEG_Run2016D/240205_155952//0001/SSBTree_1193.root
adding: dcap://cluster142.knu.ac.kr//pnfs/knu.ac.kr/data/cms/store/user/sha/Run2FULL/2016PreVFP/DATA/MuonEG/crab_MuonEG_Run2016D/240205_155952//0001/SSBTree_1194.root
adding: dcap://cluster142.knu.ac.kr//pnfs/knu.ac.kr/data/cms/store/user/sha/Run2FULL/2016PreVFP/DATA/MuonEG/crab_MuonEG_Run2016D/240205_155952//0001/SSBTree_1195.root
adding: dcap://cluster142.knu.ac.kr//pnfs/knu.ac.kr/data/cms/store/user/sha/Run2FULL/2016PreVFP/DATA/MuonEG/crab_MuonEG_Run2016D/240205_155952//0001/SSBTree_1196.root
adding: dcap://cluster142.knu.ac.kr//pnfs/knu.ac.kr/data/cms/store/user/sha/Run2FULL/2016PreVFP/DATA/MuonEG/crab_MuonEG_Run2016D/240205_155952//0001/SSBTree_1197.root
adding: dcap://cluster142.knu.ac.kr//pnfs/knu.ac.kr/data/cms/store/user/sha/Run2FULL/2016PreVFP/DATA/MuonEG/crab_MuonEG_Run2016D/240205_155952//0001/SSBTree_1198.root
adding: dcap://cluster142.knu.ac.kr//pnfs/knu.ac.kr/data/cms/store/user/sha/Run2FULL/2016PreVFP/DATA/MuonEG/crab_MuonEG_Run2016D/240205_155952//0001/SSBTree_1199.root
adding: dcap://cluster142.knu.ac.kr//pnfs/knu.ac.kr/data/cms/store/user/sha/Run2FULL/2016PreVFP/DATA/MuonEG/crab_MuonEG_Run2016D/240205_155952//0001/SSBTree_1200.root
Total number of events after merging root files: 131957
Event 0
Event 10000
Event 20000
Event 30000
Event 40000
Event 50000
Event 60000
Event 70000
Event 80000
Event 90000
Event 100000
Event 110000
Event 120000
Event 130000
Total processed number of events: 131957
End processing...

The number of options is: 2
Option 0 = ./TopMass_analysis
Option 1 = MuonEG_Run2016D/MuonEG_Run2016D_135.list
Option 2 = MuonEG_Run2016D/MuonEG_Run2016D_135.txt
Input filelist = MuonEG_Run2016D/MuonEG_Run2016D_135.list
Output file name = MuonEG_Run2016D/MuonEG_Run2016D_135.txt


start merging file(s)
adding: dcap://cluster142.knu.ac.kr//pnfs/knu.ac.kr/data/cms/store/user/sha/Run2FULL/2016PreVFP/DATA/MuonEG/crab_MuonEG_Run2016D/240205_155952//0001/SSBTree_1341.root
adding: dcap://cluster142.knu.ac.kr//pnfs/knu.ac.kr/data/cms/store/user/sha/Run2FULL/2016PreVFP/DATA/MuonEG/crab_MuonEG_Run2016D/240205_155952//0001/SSBTree_1342.root
adding: dcap://cluster142.knu.ac.kr//pnfs/knu.ac.kr/data/cms/store/user/sha/Run2FULL/2016PreVFP/DATA/MuonEG/crab_MuonEG_Run2016D/240205_155952//0001/SSBTree_1343.root
adding: dcap://cluster142.knu.ac.kr//pnfs/knu.ac.kr/data/cms/store/user/sha/Run2FULL/2016PreVFP/DATA/MuonEG/crab_MuonEG_Run2016D/240205_155952//0001/SSBTree_1344.root
adding: dcap://cluster142.knu.ac.kr//pnfs/knu.ac.kr/data/cms/store/user/sha/Run2FULL/2016PreVFP/DATA/MuonEG/crab_MuonEG_Run2016D/240205_155952//0001/SSBTree_1345.root
adding: dcap://cluster142.knu.ac.kr//pnfs/knu.ac.kr/data/cms/store/user/sha/Run2FULL/2016PreVFP/DATA/MuonEG/crab_MuonEG_Run2016D/240205_155952//0001/SSBTree_1346.root
adding: dcap://cluster142.knu.ac.kr//pnfs/knu.ac.kr/data/cms/store/user/sha/Run2FULL/2016PreVFP/DATA/MuonEG/crab_MuonEG_Run2016D/240205_155952//0001/SSBTree_1347.root
adding: dcap://cluster142.knu.ac.kr//pnfs/knu.ac.kr/data/cms/store/user/sha/Run2FULL/2016PreVFP/DATA/MuonEG/crab_MuonEG_Run2016D/240205_155952//0001/SSBTree_1348.root
adding: dcap://cluster142.knu.ac.kr//pnfs/knu.ac.kr/data/cms/store/user/sha/Run2FULL/2016PreVFP/DATA/MuonEG/crab_MuonEG_Run2016D/240205_155952//0001/SSBTree_1349.root
adding: dcap://cluster142.knu.ac.kr//pnfs/knu.ac.kr/data/cms/store/user/sha/Run2FULL/2016PreVFP/DATA/MuonEG/crab_MuonEG_Run2016D/240205_155952//0001/SSBTree_1350.root
Total number of events after merging root files: 196961
Event 0
Event 10000
Event 20000
Event 30000
Event 40000
Event 50000
Event 60000
Event 70000
Event 80000
Event 90000
Event 100000
Event 110000
Event 120000
Event 130000
Event 140000
Event 150000
Event 160000
Event 170000
Event 180000
Event 190000
Total processed number of events: 196961
End processing...

