The number of options is: 2
Option 0 = ./TopMass_analysis
Option 1 = MuonEG_Run2016C/MuonEG_Run2016C_9.list
Option 2 = MuonEG_Run2016C/MuonEG_Run2016C_9.txt
Input filelist = MuonEG_Run2016C/MuonEG_Run2016C_9.list
Output file name = MuonEG_Run2016C/MuonEG_Run2016C_9.txt


start merging file(s)
adding: dcap://cluster142.knu.ac.kr//pnfs/knu.ac.kr/data/cms/store/user/sha/Run2FULL/2016PreVFP/DATA/MuonEG/crab_MuonEG_Run2016C/240205_155343//0000/SSBTree_173.root
adding: dcap://cluster142.knu.ac.kr//pnfs/knu.ac.kr/data/cms/store/user/sha/Run2FULL/2016PreVFP/DATA/MuonEG/crab_MuonEG_Run2016C/240205_155343//0000/SSBTree_174.root
adding: dcap://cluster142.knu.ac.kr//pnfs/knu.ac.kr/data/cms/store/user/sha/Run2FULL/2016PreVFP/DATA/MuonEG/crab_MuonEG_Run2016C/240205_155343//0000/SSBTree_175.root
adding: dcap://cluster142.knu.ac.kr//pnfs/knu.ac.kr/data/cms/store/user/sha/Run2FULL/2016PreVFP/DATA/MuonEG/crab_MuonEG_Run2016C/240205_155343//0000/SSBTree_176.root
adding: dcap://cluster142.knu.ac.kr//pnfs/knu.ac.kr/data/cms/store/user/sha/Run2FULL/2016PreVFP/DATA/MuonEG/crab_MuonEG_Run2016C/240205_155343//0000/SSBTree_177.root
adding: dcap://cluster142.knu.ac.kr//pnfs/knu.ac.kr/data/cms/store/user/sha/Run2FULL/2016PreVFP/DATA/MuonEG/crab_MuonEG_Run2016C/240205_155343//0000/SSBTree_178.root
adding: dcap://cluster142.knu.ac.kr//pnfs/knu.ac.kr/data/cms/store/user/sha/Run2FULL/2016PreVFP/DATA/MuonEG/crab_MuonEG_Run2016C/240205_155343//0000/SSBTree_179.root
adding: dcap://cluster142.knu.ac.kr//pnfs/knu.ac.kr/data/cms/store/user/sha/Run2FULL/2016PreVFP/DATA/MuonEG/crab_MuonEG_Run2016C/240205_155343//0000/SSBTree_17.root
adding: dcap://cluster142.knu.ac.kr//pnfs/knu.ac.kr/data/cms/store/user/sha/Run2FULL/2016PreVFP/DATA/MuonEG/crab_MuonEG_Run2016C/240205_155343//0000/SSBTree_180.root
adding: dcap://cluster142.knu.ac.kr//pnfs/knu.ac.kr/data/cms/store/user/sha/Run2FULL/2016PreVFP/DATA/MuonEG/crab_MuonEG_Run2016C/240205_155343//0000/SSBTree_181.root
Total number of events after merging root files: 129712
Event 0
Event 10000
Event 20000
Event 30000
Event 40000
Event 50000
Event 60000
Event 70000
Event 80000
Event 90000
Event 100000
Event 110000
Event 120000
Total processed number of events: 129712
End processing...

The number of options is: 2
Option 0 = ./TopMass_analysis
Option 1 = MuonEG_Run2016C/MuonEG_Run2016C_18.list
Option 2 = MuonEG_Run2016C/MuonEG_Run2016C_18.txt
Input filelist = MuonEG_Run2016C/MuonEG_Run2016C_18.list
Output file name = MuonEG_Run2016C/MuonEG_Run2016C_18.txt


start merging file(s)
adding: dcap://cluster142.knu.ac.kr//pnfs/knu.ac.kr/data/cms/store/user/sha/Run2FULL/2016PreVFP/DATA/MuonEG/crab_MuonEG_Run2016C/240205_155343//0000/SSBTree_254.root
adding: dcap://cluster142.knu.ac.kr//pnfs/knu.ac.kr/data/cms/store/user/sha/Run2FULL/2016PreVFP/DATA/MuonEG/crab_MuonEG_Run2016C/240205_155343//0000/SSBTree_255.root
adding: dcap://cluster142.knu.ac.kr//pnfs/knu.ac.kr/data/cms/store/user/sha/Run2FULL/2016PreVFP/DATA/MuonEG/crab_MuonEG_Run2016C/240205_155343//0000/SSBTree_256.root
adding: dcap://cluster142.knu.ac.kr//pnfs/knu.ac.kr/data/cms/store/user/sha/Run2FULL/2016PreVFP/DATA/MuonEG/crab_MuonEG_Run2016C/240205_155343//0000/SSBTree_257.root
adding: dcap://cluster142.knu.ac.kr//pnfs/knu.ac.kr/data/cms/store/user/sha/Run2FULL/2016PreVFP/DATA/MuonEG/crab_MuonEG_Run2016C/240205_155343//0000/SSBTree_258.root
adding: dcap://cluster142.knu.ac.kr//pnfs/knu.ac.kr/data/cms/store/user/sha/Run2FULL/2016PreVFP/DATA/MuonEG/crab_MuonEG_Run2016C/240205_155343//0000/SSBTree_259.root
adding: dcap://cluster142.knu.ac.kr//pnfs/knu.ac.kr/data/cms/store/user/sha/Run2FULL/2016PreVFP/DATA/MuonEG/crab_MuonEG_Run2016C/240205_155343//0000/SSBTree_25.root
adding: dcap://cluster142.knu.ac.kr//pnfs/knu.ac.kr/data/cms/store/user/sha/Run2FULL/2016PreVFP/DATA/MuonEG/crab_MuonEG_Run2016C/240205_155343//0000/SSBTree_260.root
adding: dcap://cluster142.knu.ac.kr//pnfs/knu.ac.kr/data/cms/store/user/sha/Run2FULL/2016PreVFP/DATA/MuonEG/crab_MuonEG_Run2016C/240205_155343//0000/SSBTree_261.root
adding: dcap://cluster142.knu.ac.kr//pnfs/knu.ac.kr/data/cms/store/user/sha/Run2FULL/2016PreVFP/DATA/MuonEG/crab_MuonEG_Run2016C/240205_155343//0000/SSBTree_262.root
Total number of events after merging root files: 183080
Event 0
Event 10000
Event 20000
Event 30000
Event 40000
Event 50000
Event 60000
Event 70000
Event 80000
Event 90000
Event 100000
Event 110000
Event 120000
Event 130000
Event 140000
Event 150000
Event 160000
Event 170000
Event 180000
Total processed number of events: 183080
End processing...

The number of options is: 2
Option 0 = ./TopMass_analysis
Option 1 = MuonEG_Run2016C/MuonEG_Run2016C_27.list
Option 2 = MuonEG_Run2016C/MuonEG_Run2016C_27.txt
Input filelist = MuonEG_Run2016C/MuonEG_Run2016C_27.list
Output file name = MuonEG_Run2016C/MuonEG_Run2016C_27.txt


start merging file(s)
adding: dcap://cluster142.knu.ac.kr//pnfs/knu.ac.kr/data/cms/store/user/sha/Run2FULL/2016PreVFP/DATA/MuonEG/crab_MuonEG_Run2016C/240205_155343//0000/SSBTree_335.root
adding: dcap://cluster142.knu.ac.kr//pnfs/knu.ac.kr/data/cms/store/user/sha/Run2FULL/2016PreVFP/DATA/MuonEG/crab_MuonEG_Run2016C/240205_155343//0000/SSBTree_336.root
adding: dcap://cluster142.knu.ac.kr//pnfs/knu.ac.kr/data/cms/store/user/sha/Run2FULL/2016PreVFP/DATA/MuonEG/crab_MuonEG_Run2016C/240205_155343//0000/SSBTree_337.root
adding: dcap://cluster142.knu.ac.kr//pnfs/knu.ac.kr/data/cms/store/user/sha/Run2FULL/2016PreVFP/DATA/MuonEG/crab_MuonEG_Run2016C/240205_155343//0000/SSBTree_338.root
adding: dcap://cluster142.knu.ac.kr//pnfs/knu.ac.kr/data/cms/store/user/sha/Run2FULL/2016PreVFP/DATA/MuonEG/crab_MuonEG_Run2016C/240205_155343//0000/SSBTree_339.root
adding: dcap://cluster142.knu.ac.kr//pnfs/knu.ac.kr/data/cms/store/user/sha/Run2FULL/2016PreVFP/DATA/MuonEG/crab_MuonEG_Run2016C/240205_155343//0000/SSBTree_33.root
adding: dcap://cluster142.knu.ac.kr//pnfs/knu.ac.kr/data/cms/store/user/sha/Run2FULL/2016PreVFP/DATA/MuonEG/crab_MuonEG_Run2016C/240205_155343//0000/SSBTree_340.root
adding: dcap://cluster142.knu.ac.kr//pnfs/knu.ac.kr/data/cms/store/user/sha/Run2FULL/2016PreVFP/DATA/MuonEG/crab_MuonEG_Run2016C/240205_155343//0000/SSBTree_341.root
adding: dcap://cluster142.knu.ac.kr//pnfs/knu.ac.kr/data/cms/store/user/sha/Run2FULL/2016PreVFP/DATA/MuonEG/crab_MuonEG_Run2016C/240205_155343//0000/SSBTree_342.root
adding: dcap://cluster142.knu.ac.kr//pnfs/knu.ac.kr/data/cms/store/user/sha/Run2FULL/2016PreVFP/DATA/MuonEG/crab_MuonEG_Run2016C/240205_155343//0000/SSBTree_343.root
Total number of events after merging root files: 121382
Event 0
Event 10000
Event 20000
Event 30000
Event 40000
Event 50000
Event 60000
Event 70000
Event 80000
Event 90000
Event 100000
Event 110000
Event 120000
Total processed number of events: 121382
End processing...

The number of options is: 2
Option 0 = ./TopMass_analysis
Option 1 = MuonEG_Run2016C/MuonEG_Run2016C_36.list
Option 2 = MuonEG_Run2016C/MuonEG_Run2016C_36.txt
Input filelist = MuonEG_Run2016C/MuonEG_Run2016C_36.list
Output file name = MuonEG_Run2016C/MuonEG_Run2016C_36.txt


start merging file(s)
adding: dcap://cluster142.knu.ac.kr//pnfs/knu.ac.kr/data/cms/store/user/sha/Run2FULL/2016PreVFP/DATA/MuonEG/crab_MuonEG_Run2016C/240205_155343//0000/SSBTree_416.root
adding: dcap://cluster142.knu.ac.kr//pnfs/knu.ac.kr/data/cms/store/user/sha/Run2FULL/2016PreVFP/DATA/MuonEG/crab_MuonEG_Run2016C/240205_155343//0000/SSBTree_417.root
adding: dcap://cluster142.knu.ac.kr//pnfs/knu.ac.kr/data/cms/store/user/sha/Run2FULL/2016PreVFP/DATA/MuonEG/crab_MuonEG_Run2016C/240205_155343//0000/SSBTree_418.root
adding: dcap://cluster142.knu.ac.kr//pnfs/knu.ac.kr/data/cms/store/user/sha/Run2FULL/2016PreVFP/DATA/MuonEG/crab_MuonEG_Run2016C/240205_155343//0000/SSBTree_419.root
adding: dcap://cluster142.knu.ac.kr//pnfs/knu.ac.kr/data/cms/store/user/sha/Run2FULL/2016PreVFP/DATA/MuonEG/crab_MuonEG_Run2016C/240205_155343//0000/SSBTree_41.root
adding: dcap://cluster142.knu.ac.kr//pnfs/knu.ac.kr/data/cms/store/user/sha/Run2FULL/2016PreVFP/DATA/MuonEG/crab_MuonEG_Run2016C/240205_155343//0000/SSBTree_420.root
adding: dcap://cluster142.knu.ac.kr//pnfs/knu.ac.kr/data/cms/store/user/sha/Run2FULL/2016PreVFP/DATA/MuonEG/crab_MuonEG_Run2016C/240205_155343//0000/SSBTree_421.root
adding: dcap://cluster142.knu.ac.kr//pnfs/knu.ac.kr/data/cms/store/user/sha/Run2FULL/2016PreVFP/DATA/MuonEG/crab_MuonEG_Run2016C/240205_155343//0000/SSBTree_422.root
adding: dcap://cluster142.knu.ac.kr//pnfs/knu.ac.kr/data/cms/store/user/sha/Run2FULL/2016PreVFP/DATA/MuonEG/crab_MuonEG_Run2016C/240205_155343//0000/SSBTree_423.root
adding: dcap://cluster142.knu.ac.kr//pnfs/knu.ac.kr/data/cms/store/user/sha/Run2FULL/2016PreVFP/DATA/MuonEG/crab_MuonEG_Run2016C/240205_155343//0000/SSBTree_424.root
Total number of events after merging root files: 86929
Event 0
Event 10000
Event 20000
Event 30000
Event 40000
Event 50000
Event 60000
Event 70000
Event 80000
Total processed number of events: 86929
End processing...

The number of options is: 2
Option 0 = ./TopMass_analysis
Option 1 = MuonEG_Run2016C/MuonEG_Run2016C_45.list
Option 2 = MuonEG_Run2016C/MuonEG_Run2016C_45.txt
Input filelist = MuonEG_Run2016C/MuonEG_Run2016C_45.list
Output file name = MuonEG_Run2016C/MuonEG_Run2016C_45.txt


start merging file(s)
adding: dcap://cluster142.knu.ac.kr//pnfs/knu.ac.kr/data/cms/store/user/sha/Run2FULL/2016PreVFP/DATA/MuonEG/crab_MuonEG_Run2016C/240205_155343//0000/SSBTree_498.root
adding: dcap://cluster142.knu.ac.kr//pnfs/knu.ac.kr/data/cms/store/user/sha/Run2FULL/2016PreVFP/DATA/MuonEG/crab_MuonEG_Run2016C/240205_155343//0000/SSBTree_499.root
adding: dcap://cluster142.knu.ac.kr//pnfs/knu.ac.kr/data/cms/store/user/sha/Run2FULL/2016PreVFP/DATA/MuonEG/crab_MuonEG_Run2016C/240205_155343//0000/SSBTree_49.root
adding: dcap://cluster142.knu.ac.kr//pnfs/knu.ac.kr/data/cms/store/user/sha/Run2FULL/2016PreVFP/DATA/MuonEG/crab_MuonEG_Run2016C/240205_155343//0000/SSBTree_4.root
adding: dcap://cluster142.knu.ac.kr//pnfs/knu.ac.kr/data/cms/store/user/sha/Run2FULL/2016PreVFP/DATA/MuonEG/crab_MuonEG_Run2016C/240205_155343//0000/SSBTree_500.root
adding: dcap://cluster142.knu.ac.kr//pnfs/knu.ac.kr/data/cms/store/user/sha/Run2FULL/2016PreVFP/DATA/MuonEG/crab_MuonEG_Run2016C/240205_155343//0000/SSBTree_501.root
adding: dcap://cluster142.knu.ac.kr//pnfs/knu.ac.kr/data/cms/store/user/sha/Run2FULL/2016PreVFP/DATA/MuonEG/crab_MuonEG_Run2016C/240205_155343//0000/SSBTree_502.root
adding: dcap://cluster142.knu.ac.kr//pnfs/knu.ac.kr/data/cms/store/user/sha/Run2FULL/2016PreVFP/DATA/MuonEG/crab_MuonEG_Run2016C/240205_155343//0000/SSBTree_503.root
adding: dcap://cluster142.knu.ac.kr//pnfs/knu.ac.kr/data/cms/store/user/sha/Run2FULL/2016PreVFP/DATA/MuonEG/crab_MuonEG_Run2016C/240205_155343//0000/SSBTree_504.root
adding: dcap://cluster142.knu.ac.kr//pnfs/knu.ac.kr/data/cms/store/user/sha/Run2FULL/2016PreVFP/DATA/MuonEG/crab_MuonEG_Run2016C/240205_155343//0000/SSBTree_505.root
Total number of events after merging root files: 178211
Event 0
Event 10000
Event 20000
Event 30000
Event 40000
Event 50000
Event 60000
Event 70000
Event 80000
Event 90000
Event 100000
Event 110000
Event 120000
Event 130000
Event 140000
Event 150000
Event 160000
Event 170000
Total processed number of events: 178211
End processing...

The number of options is: 2
Option 0 = ./TopMass_analysis
Option 1 = MuonEG_Run2016C/MuonEG_Run2016C_54.list
Option 2 = MuonEG_Run2016C/MuonEG_Run2016C_54.txt
Input filelist = MuonEG_Run2016C/MuonEG_Run2016C_54.list
Output file name = MuonEG_Run2016C/MuonEG_Run2016C_54.txt


start merging file(s)
adding: dcap://cluster142.knu.ac.kr//pnfs/knu.ac.kr/data/cms/store/user/sha/Run2FULL/2016PreVFP/DATA/MuonEG/crab_MuonEG_Run2016C/240205_155343//0000/SSBTree_579.root
adding: dcap://cluster142.knu.ac.kr//pnfs/knu.ac.kr/data/cms/store/user/sha/Run2FULL/2016PreVFP/DATA/MuonEG/crab_MuonEG_Run2016C/240205_155343//0000/SSBTree_57.root
adding: dcap://cluster142.knu.ac.kr//pnfs/knu.ac.kr/data/cms/store/user/sha/Run2FULL/2016PreVFP/DATA/MuonEG/crab_MuonEG_Run2016C/240205_155343//0000/SSBTree_580.root
adding: dcap://cluster142.knu.ac.kr//pnfs/knu.ac.kr/data/cms/store/user/sha/Run2FULL/2016PreVFP/DATA/MuonEG/crab_MuonEG_Run2016C/240205_155343//0000/SSBTree_581.root
adding: dcap://cluster142.knu.ac.kr//pnfs/knu.ac.kr/data/cms/store/user/sha/Run2FULL/2016PreVFP/DATA/MuonEG/crab_MuonEG_Run2016C/240205_155343//0000/SSBTree_582.root
adding: dcap://cluster142.knu.ac.kr//pnfs/knu.ac.kr/data/cms/store/user/sha/Run2FULL/2016PreVFP/DATA/MuonEG/crab_MuonEG_Run2016C/240205_155343//0000/SSBTree_583.root
adding: dcap://cluster142.knu.ac.kr//pnfs/knu.ac.kr/data/cms/store/user/sha/Run2FULL/2016PreVFP/DATA/MuonEG/crab_MuonEG_Run2016C/240205_155343//0000/SSBTree_584.root
adding: dcap://cluster142.knu.ac.kr//pnfs/knu.ac.kr/data/cms/store/user/sha/Run2FULL/2016PreVFP/DATA/MuonEG/crab_MuonEG_Run2016C/240205_155343//0000/SSBTree_585.root
adding: dcap://cluster142.knu.ac.kr//pnfs/knu.ac.kr/data/cms/store/user/sha/Run2FULL/2016PreVFP/DATA/MuonEG/crab_MuonEG_Run2016C/240205_155343//0000/SSBTree_586.root
adding: dcap://cluster142.knu.ac.kr//pnfs/knu.ac.kr/data/cms/store/user/sha/Run2FULL/2016PreVFP/DATA/MuonEG/crab_MuonEG_Run2016C/240205_155343//0000/SSBTree_587.root
Total number of events after merging root files: 140155
Event 0
Event 10000
Event 20000
Event 30000
Event 40000
Event 50000
Event 60000
Event 70000
Event 80000
Event 90000
Event 100000
Event 110000
Event 120000
Event 130000
Event 140000
Total processed number of events: 140155
End processing...

The number of options is: 2
Option 0 = ./TopMass_analysis
Option 1 = MuonEG_Run2016C/MuonEG_Run2016C_63.list
Option 2 = MuonEG_Run2016C/MuonEG_Run2016C_63.txt
Input filelist = MuonEG_Run2016C/MuonEG_Run2016C_63.list
Output file name = MuonEG_Run2016C/MuonEG_Run2016C_63.txt


start merging file(s)
adding: dcap://cluster142.knu.ac.kr//pnfs/knu.ac.kr/data/cms/store/user/sha/Run2FULL/2016PreVFP/DATA/MuonEG/crab_MuonEG_Run2016C/240205_155343//0000/SSBTree_65.root
adding: dcap://cluster142.knu.ac.kr//pnfs/knu.ac.kr/data/cms/store/user/sha/Run2FULL/2016PreVFP/DATA/MuonEG/crab_MuonEG_Run2016C/240205_155343//0000/SSBTree_660.root
adding: dcap://cluster142.knu.ac.kr//pnfs/knu.ac.kr/data/cms/store/user/sha/Run2FULL/2016PreVFP/DATA/MuonEG/crab_MuonEG_Run2016C/240205_155343//0000/SSBTree_661.root
adding: dcap://cluster142.knu.ac.kr//pnfs/knu.ac.kr/data/cms/store/user/sha/Run2FULL/2016PreVFP/DATA/MuonEG/crab_MuonEG_Run2016C/240205_155343//0000/SSBTree_662.root
adding: dcap://cluster142.knu.ac.kr//pnfs/knu.ac.kr/data/cms/store/user/sha/Run2FULL/2016PreVFP/DATA/MuonEG/crab_MuonEG_Run2016C/240205_155343//0000/SSBTree_663.root
adding: dcap://cluster142.knu.ac.kr//pnfs/knu.ac.kr/data/cms/store/user/sha/Run2FULL/2016PreVFP/DATA/MuonEG/crab_MuonEG_Run2016C/240205_155343//0000/SSBTree_664.root
adding: dcap://cluster142.knu.ac.kr//pnfs/knu.ac.kr/data/cms/store/user/sha/Run2FULL/2016PreVFP/DATA/MuonEG/crab_MuonEG_Run2016C/240205_155343//0000/SSBTree_665.root
adding: dcap://cluster142.knu.ac.kr//pnfs/knu.ac.kr/data/cms/store/user/sha/Run2FULL/2016PreVFP/DATA/MuonEG/crab_MuonEG_Run2016C/240205_155343//0000/SSBTree_666.root
adding: dcap://cluster142.knu.ac.kr//pnfs/knu.ac.kr/data/cms/store/user/sha/Run2FULL/2016PreVFP/DATA/MuonEG/crab_MuonEG_Run2016C/240205_155343//0000/SSBTree_667.root
adding: dcap://cluster142.knu.ac.kr//pnfs/knu.ac.kr/data/cms/store/user/sha/Run2FULL/2016PreVFP/DATA/MuonEG/crab_MuonEG_Run2016C/240205_155343//0000/SSBTree_668.root
Total number of events after merging root files: 197095
Event 0
Event 10000
Event 20000
Event 30000
Event 40000
Event 50000
Event 60000
Event 70000
Event 80000
Event 90000
Event 100000
Event 110000
Event 120000
Event 130000
Event 140000
Event 150000
Event 160000
Event 170000
Event 180000
Event 190000
Total processed number of events: 197095
End processing...

The number of options is: 2
Option 0 = ./TopMass_analysis
Option 1 = MuonEG_Run2016C/MuonEG_Run2016C_72.list
Option 2 = MuonEG_Run2016C/MuonEG_Run2016C_72.txt
Input filelist = MuonEG_Run2016C/MuonEG_Run2016C_72.list
Output file name = MuonEG_Run2016C/MuonEG_Run2016C_72.txt


start merging file(s)
adding: dcap://cluster142.knu.ac.kr//pnfs/knu.ac.kr/data/cms/store/user/sha/Run2FULL/2016PreVFP/DATA/MuonEG/crab_MuonEG_Run2016C/240205_155343//0000/SSBTree_740.root
adding: dcap://cluster142.knu.ac.kr//pnfs/knu.ac.kr/data/cms/store/user/sha/Run2FULL/2016PreVFP/DATA/MuonEG/crab_MuonEG_Run2016C/240205_155343//0000/SSBTree_741.root
adding: dcap://cluster142.knu.ac.kr//pnfs/knu.ac.kr/data/cms/store/user/sha/Run2FULL/2016PreVFP/DATA/MuonEG/crab_MuonEG_Run2016C/240205_155343//0000/SSBTree_742.root
adding: dcap://cluster142.knu.ac.kr//pnfs/knu.ac.kr/data/cms/store/user/sha/Run2FULL/2016PreVFP/DATA/MuonEG/crab_MuonEG_Run2016C/240205_155343//0000/SSBTree_743.root
adding: dcap://cluster142.knu.ac.kr//pnfs/knu.ac.kr/data/cms/store/user/sha/Run2FULL/2016PreVFP/DATA/MuonEG/crab_MuonEG_Run2016C/240205_155343//0000/SSBTree_744.root
adding: dcap://cluster142.knu.ac.kr//pnfs/knu.ac.kr/data/cms/store/user/sha/Run2FULL/2016PreVFP/DATA/MuonEG/crab_MuonEG_Run2016C/240205_155343//0000/SSBTree_745.root
adding: dcap://cluster142.knu.ac.kr//pnfs/knu.ac.kr/data/cms/store/user/sha/Run2FULL/2016PreVFP/DATA/MuonEG/crab_MuonEG_Run2016C/240205_155343//0000/SSBTree_746.root
adding: dcap://cluster142.knu.ac.kr//pnfs/knu.ac.kr/data/cms/store/user/sha/Run2FULL/2016PreVFP/DATA/MuonEG/crab_MuonEG_Run2016C/240205_155343//0000/SSBTree_747.root
adding: dcap://cluster142.knu.ac.kr//pnfs/knu.ac.kr/data/cms/store/user/sha/Run2FULL/2016PreVFP/DATA/MuonEG/crab_MuonEG_Run2016C/240205_155343//0000/SSBTree_748.root
adding: dcap://cluster142.knu.ac.kr//pnfs/knu.ac.kr/data/cms/store/user/sha/Run2FULL/2016PreVFP/DATA/MuonEG/crab_MuonEG_Run2016C/240205_155343//0000/SSBTree_749.root
Total number of events after merging root files: 129239
Event 0
Event 10000
Event 20000
Event 30000
Event 40000
Event 50000
Event 60000
Event 70000
Event 80000
Event 90000
Event 100000
Event 110000
Event 120000
Total processed number of events: 129239
End processing...

The number of options is: 2
Option 0 = ./TopMass_analysis
Option 1 = MuonEG_Run2016C/MuonEG_Run2016C_81.list
Option 2 = MuonEG_Run2016C/MuonEG_Run2016C_81.txt
Input filelist = MuonEG_Run2016C/MuonEG_Run2016C_81.list
Output file name = MuonEG_Run2016C/MuonEG_Run2016C_81.txt


start merging file(s)
adding: dcap://cluster142.knu.ac.kr//pnfs/knu.ac.kr/data/cms/store/user/sha/Run2FULL/2016PreVFP/DATA/MuonEG/crab_MuonEG_Run2016C/240205_155343//0000/SSBTree_821.root
adding: dcap://cluster142.knu.ac.kr//pnfs/knu.ac.kr/data/cms/store/user/sha/Run2FULL/2016PreVFP/DATA/MuonEG/crab_MuonEG_Run2016C/240205_155343//0000/SSBTree_822.root
adding: dcap://cluster142.knu.ac.kr//pnfs/knu.ac.kr/data/cms/store/user/sha/Run2FULL/2016PreVFP/DATA/MuonEG/crab_MuonEG_Run2016C/240205_155343//0000/SSBTree_823.root
adding: dcap://cluster142.knu.ac.kr//pnfs/knu.ac.kr/data/cms/store/user/sha/Run2FULL/2016PreVFP/DATA/MuonEG/crab_MuonEG_Run2016C/240205_155343//0000/SSBTree_824.root
adding: dcap://cluster142.knu.ac.kr//pnfs/knu.ac.kr/data/cms/store/user/sha/Run2FULL/2016PreVFP/DATA/MuonEG/crab_MuonEG_Run2016C/240205_155343//0000/SSBTree_825.root
adding: dcap://cluster142.knu.ac.kr//pnfs/knu.ac.kr/data/cms/store/user/sha/Run2FULL/2016PreVFP/DATA/MuonEG/crab_MuonEG_Run2016C/240205_155343//0000/SSBTree_826.root
adding: dcap://cluster142.knu.ac.kr//pnfs/knu.ac.kr/data/cms/store/user/sha/Run2FULL/2016PreVFP/DATA/MuonEG/crab_MuonEG_Run2016C/240205_155343//0000/SSBTree_827.root
adding: dcap://cluster142.knu.ac.kr//pnfs/knu.ac.kr/data/cms/store/user/sha/Run2FULL/2016PreVFP/DATA/MuonEG/crab_MuonEG_Run2016C/240205_155343//0000/SSBTree_828.root
adding: dcap://cluster142.knu.ac.kr//pnfs/knu.ac.kr/data/cms/store/user/sha/Run2FULL/2016PreVFP/DATA/MuonEG/crab_MuonEG_Run2016C/240205_155343//0000/SSBTree_829.root
adding: dcap://cluster142.knu.ac.kr//pnfs/knu.ac.kr/data/cms/store/user/sha/Run2FULL/2016PreVFP/DATA/MuonEG/crab_MuonEG_Run2016C/240205_155343//0000/SSBTree_82.root
Total number of events after merging root files: 205356
Event 0
Event 10000
Event 20000
Event 30000
Event 40000
Event 50000
Event 60000
Event 70000
Event 80000
Event 90000
Event 100000
Event 110000
Event 120000
Event 130000
Event 140000
Event 150000
Event 160000
Event 170000
Event 180000
Event 190000
Event 200000
Total processed number of events: 205356
End processing...

