The number of options is: 2
Option 0 = ./TopMass_analysis
Option 1 = MuonEG_Run2016C/MuonEG_Run2016C_7.list
Option 2 = MuonEG_Run2016C/MuonEG_Run2016C_7.txt
Input filelist = MuonEG_Run2016C/MuonEG_Run2016C_7.list
Output file name = MuonEG_Run2016C/MuonEG_Run2016C_7.txt


start merging file(s)
adding: dcap://cluster142.knu.ac.kr//pnfs/knu.ac.kr/data/cms/store/user/sha/Run2FULL/2016PreVFP/DATA/MuonEG/crab_MuonEG_Run2016C/240205_155343//0000/SSBTree_155.root
adding: dcap://cluster142.knu.ac.kr//pnfs/knu.ac.kr/data/cms/store/user/sha/Run2FULL/2016PreVFP/DATA/MuonEG/crab_MuonEG_Run2016C/240205_155343//0000/SSBTree_156.root
adding: dcap://cluster142.knu.ac.kr//pnfs/knu.ac.kr/data/cms/store/user/sha/Run2FULL/2016PreVFP/DATA/MuonEG/crab_MuonEG_Run2016C/240205_155343//0000/SSBTree_157.root
adding: dcap://cluster142.knu.ac.kr//pnfs/knu.ac.kr/data/cms/store/user/sha/Run2FULL/2016PreVFP/DATA/MuonEG/crab_MuonEG_Run2016C/240205_155343//0000/SSBTree_158.root
adding: dcap://cluster142.knu.ac.kr//pnfs/knu.ac.kr/data/cms/store/user/sha/Run2FULL/2016PreVFP/DATA/MuonEG/crab_MuonEG_Run2016C/240205_155343//0000/SSBTree_159.root
adding: dcap://cluster142.knu.ac.kr//pnfs/knu.ac.kr/data/cms/store/user/sha/Run2FULL/2016PreVFP/DATA/MuonEG/crab_MuonEG_Run2016C/240205_155343//0000/SSBTree_15.root
adding: dcap://cluster142.knu.ac.kr//pnfs/knu.ac.kr/data/cms/store/user/sha/Run2FULL/2016PreVFP/DATA/MuonEG/crab_MuonEG_Run2016C/240205_155343//0000/SSBTree_160.root
adding: dcap://cluster142.knu.ac.kr//pnfs/knu.ac.kr/data/cms/store/user/sha/Run2FULL/2016PreVFP/DATA/MuonEG/crab_MuonEG_Run2016C/240205_155343//0000/SSBTree_161.root
adding: dcap://cluster142.knu.ac.kr//pnfs/knu.ac.kr/data/cms/store/user/sha/Run2FULL/2016PreVFP/DATA/MuonEG/crab_MuonEG_Run2016C/240205_155343//0000/SSBTree_162.root
adding: dcap://cluster142.knu.ac.kr//pnfs/knu.ac.kr/data/cms/store/user/sha/Run2FULL/2016PreVFP/DATA/MuonEG/crab_MuonEG_Run2016C/240205_155343//0000/SSBTree_163.root
Total number of events after merging root files: 177571
Event 0
Event 10000
Event 20000
Event 30000
Event 40000
Event 50000
Event 60000
Event 70000
Event 80000
Event 90000
Event 100000
Event 110000
Event 120000
Event 130000
Event 140000
Event 150000
Event 160000
Event 170000
Total processed number of events: 177571
End processing...

The number of options is: 2
Option 0 = ./TopMass_analysis
Option 1 = MuonEG_Run2016C/MuonEG_Run2016C_16.list
Option 2 = MuonEG_Run2016C/MuonEG_Run2016C_16.txt
Input filelist = MuonEG_Run2016C/MuonEG_Run2016C_16.list
Output file name = MuonEG_Run2016C/MuonEG_Run2016C_16.txt


start merging file(s)
adding: dcap://cluster142.knu.ac.kr//pnfs/knu.ac.kr/data/cms/store/user/sha/Run2FULL/2016PreVFP/DATA/MuonEG/crab_MuonEG_Run2016C/240205_155343//0000/SSBTree_236.root
adding: dcap://cluster142.knu.ac.kr//pnfs/knu.ac.kr/data/cms/store/user/sha/Run2FULL/2016PreVFP/DATA/MuonEG/crab_MuonEG_Run2016C/240205_155343//0000/SSBTree_237.root
adding: dcap://cluster142.knu.ac.kr//pnfs/knu.ac.kr/data/cms/store/user/sha/Run2FULL/2016PreVFP/DATA/MuonEG/crab_MuonEG_Run2016C/240205_155343//0000/SSBTree_238.root
adding: dcap://cluster142.knu.ac.kr//pnfs/knu.ac.kr/data/cms/store/user/sha/Run2FULL/2016PreVFP/DATA/MuonEG/crab_MuonEG_Run2016C/240205_155343//0000/SSBTree_239.root
adding: dcap://cluster142.knu.ac.kr//pnfs/knu.ac.kr/data/cms/store/user/sha/Run2FULL/2016PreVFP/DATA/MuonEG/crab_MuonEG_Run2016C/240205_155343//0000/SSBTree_23.root
adding: dcap://cluster142.knu.ac.kr//pnfs/knu.ac.kr/data/cms/store/user/sha/Run2FULL/2016PreVFP/DATA/MuonEG/crab_MuonEG_Run2016C/240205_155343//0000/SSBTree_240.root
adding: dcap://cluster142.knu.ac.kr//pnfs/knu.ac.kr/data/cms/store/user/sha/Run2FULL/2016PreVFP/DATA/MuonEG/crab_MuonEG_Run2016C/240205_155343//0000/SSBTree_241.root
adding: dcap://cluster142.knu.ac.kr//pnfs/knu.ac.kr/data/cms/store/user/sha/Run2FULL/2016PreVFP/DATA/MuonEG/crab_MuonEG_Run2016C/240205_155343//0000/SSBTree_242.root
adding: dcap://cluster142.knu.ac.kr//pnfs/knu.ac.kr/data/cms/store/user/sha/Run2FULL/2016PreVFP/DATA/MuonEG/crab_MuonEG_Run2016C/240205_155343//0000/SSBTree_243.root
adding: dcap://cluster142.knu.ac.kr//pnfs/knu.ac.kr/data/cms/store/user/sha/Run2FULL/2016PreVFP/DATA/MuonEG/crab_MuonEG_Run2016C/240205_155343//0000/SSBTree_244.root
Total number of events after merging root files: 191073
Event 0
Event 10000
Event 20000
Event 30000
Event 40000
Event 50000
Event 60000
Event 70000
Event 80000
Event 90000
Event 100000
Event 110000
Event 120000
Event 130000
Event 140000
Event 150000
Event 160000
Event 170000
Event 180000
Event 190000
Total processed number of events: 191073
End processing...

The number of options is: 2
Option 0 = ./TopMass_analysis
Option 1 = MuonEG_Run2016C/MuonEG_Run2016C_25.list
Option 2 = MuonEG_Run2016C/MuonEG_Run2016C_25.txt
Input filelist = MuonEG_Run2016C/MuonEG_Run2016C_25.list
Output file name = MuonEG_Run2016C/MuonEG_Run2016C_25.txt


start merging file(s)
adding: dcap://cluster142.knu.ac.kr//pnfs/knu.ac.kr/data/cms/store/user/sha/Run2FULL/2016PreVFP/DATA/MuonEG/crab_MuonEG_Run2016C/240205_155343//0000/SSBTree_317.root
adding: dcap://cluster142.knu.ac.kr//pnfs/knu.ac.kr/data/cms/store/user/sha/Run2FULL/2016PreVFP/DATA/MuonEG/crab_MuonEG_Run2016C/240205_155343//0000/SSBTree_318.root
adding: dcap://cluster142.knu.ac.kr//pnfs/knu.ac.kr/data/cms/store/user/sha/Run2FULL/2016PreVFP/DATA/MuonEG/crab_MuonEG_Run2016C/240205_155343//0000/SSBTree_319.root
adding: dcap://cluster142.knu.ac.kr//pnfs/knu.ac.kr/data/cms/store/user/sha/Run2FULL/2016PreVFP/DATA/MuonEG/crab_MuonEG_Run2016C/240205_155343//0000/SSBTree_31.root
adding: dcap://cluster142.knu.ac.kr//pnfs/knu.ac.kr/data/cms/store/user/sha/Run2FULL/2016PreVFP/DATA/MuonEG/crab_MuonEG_Run2016C/240205_155343//0000/SSBTree_320.root
adding: dcap://cluster142.knu.ac.kr//pnfs/knu.ac.kr/data/cms/store/user/sha/Run2FULL/2016PreVFP/DATA/MuonEG/crab_MuonEG_Run2016C/240205_155343//0000/SSBTree_321.root
adding: dcap://cluster142.knu.ac.kr//pnfs/knu.ac.kr/data/cms/store/user/sha/Run2FULL/2016PreVFP/DATA/MuonEG/crab_MuonEG_Run2016C/240205_155343//0000/SSBTree_322.root
adding: dcap://cluster142.knu.ac.kr//pnfs/knu.ac.kr/data/cms/store/user/sha/Run2FULL/2016PreVFP/DATA/MuonEG/crab_MuonEG_Run2016C/240205_155343//0000/SSBTree_323.root
adding: dcap://cluster142.knu.ac.kr//pnfs/knu.ac.kr/data/cms/store/user/sha/Run2FULL/2016PreVFP/DATA/MuonEG/crab_MuonEG_Run2016C/240205_155343//0000/SSBTree_324.root
adding: dcap://cluster142.knu.ac.kr//pnfs/knu.ac.kr/data/cms/store/user/sha/Run2FULL/2016PreVFP/DATA/MuonEG/crab_MuonEG_Run2016C/240205_155343//0000/SSBTree_325.root
Total number of events after merging root files: 90849
Event 0
Event 10000
Event 20000
Event 30000
Event 40000
Event 50000
Event 60000
Event 70000
Event 80000
Event 90000
Total processed number of events: 90849
End processing...

The number of options is: 2
Option 0 = ./TopMass_analysis
Option 1 = MuonEG_Run2016C/MuonEG_Run2016C_34.list
Option 2 = MuonEG_Run2016C/MuonEG_Run2016C_34.txt
Input filelist = MuonEG_Run2016C/MuonEG_Run2016C_34.list
Output file name = MuonEG_Run2016C/MuonEG_Run2016C_34.txt


start merging file(s)
adding: dcap://cluster142.knu.ac.kr//pnfs/knu.ac.kr/data/cms/store/user/sha/Run2FULL/2016PreVFP/DATA/MuonEG/crab_MuonEG_Run2016C/240205_155343//0000/SSBTree_399.root
adding: dcap://cluster142.knu.ac.kr//pnfs/knu.ac.kr/data/cms/store/user/sha/Run2FULL/2016PreVFP/DATA/MuonEG/crab_MuonEG_Run2016C/240205_155343//0000/SSBTree_39.root
adding: dcap://cluster142.knu.ac.kr//pnfs/knu.ac.kr/data/cms/store/user/sha/Run2FULL/2016PreVFP/DATA/MuonEG/crab_MuonEG_Run2016C/240205_155343//0000/SSBTree_3.root
adding: dcap://cluster142.knu.ac.kr//pnfs/knu.ac.kr/data/cms/store/user/sha/Run2FULL/2016PreVFP/DATA/MuonEG/crab_MuonEG_Run2016C/240205_155343//0000/SSBTree_400.root
adding: dcap://cluster142.knu.ac.kr//pnfs/knu.ac.kr/data/cms/store/user/sha/Run2FULL/2016PreVFP/DATA/MuonEG/crab_MuonEG_Run2016C/240205_155343//0000/SSBTree_401.root
adding: dcap://cluster142.knu.ac.kr//pnfs/knu.ac.kr/data/cms/store/user/sha/Run2FULL/2016PreVFP/DATA/MuonEG/crab_MuonEG_Run2016C/240205_155343//0000/SSBTree_402.root
adding: dcap://cluster142.knu.ac.kr//pnfs/knu.ac.kr/data/cms/store/user/sha/Run2FULL/2016PreVFP/DATA/MuonEG/crab_MuonEG_Run2016C/240205_155343//0000/SSBTree_403.root
adding: dcap://cluster142.knu.ac.kr//pnfs/knu.ac.kr/data/cms/store/user/sha/Run2FULL/2016PreVFP/DATA/MuonEG/crab_MuonEG_Run2016C/240205_155343//0000/SSBTree_404.root
adding: dcap://cluster142.knu.ac.kr//pnfs/knu.ac.kr/data/cms/store/user/sha/Run2FULL/2016PreVFP/DATA/MuonEG/crab_MuonEG_Run2016C/240205_155343//0000/SSBTree_405.root
adding: dcap://cluster142.knu.ac.kr//pnfs/knu.ac.kr/data/cms/store/user/sha/Run2FULL/2016PreVFP/DATA/MuonEG/crab_MuonEG_Run2016C/240205_155343//0000/SSBTree_406.root
Total number of events after merging root files: 108821
Event 0
Event 10000
Event 20000
Event 30000
Event 40000
Event 50000
Event 60000
Event 70000
Event 80000
Event 90000
Event 100000
Total processed number of events: 108821
End processing...

The number of options is: 2
Option 0 = ./TopMass_analysis
Option 1 = MuonEG_Run2016C/MuonEG_Run2016C_43.list
Option 2 = MuonEG_Run2016C/MuonEG_Run2016C_43.txt
Input filelist = MuonEG_Run2016C/MuonEG_Run2016C_43.list
Output file name = MuonEG_Run2016C/MuonEG_Run2016C_43.txt


start merging file(s)
adding: dcap://cluster142.knu.ac.kr//pnfs/knu.ac.kr/data/cms/store/user/sha/Run2FULL/2016PreVFP/DATA/MuonEG/crab_MuonEG_Run2016C/240205_155343//0000/SSBTree_47.root
adding: dcap://cluster142.knu.ac.kr//pnfs/knu.ac.kr/data/cms/store/user/sha/Run2FULL/2016PreVFP/DATA/MuonEG/crab_MuonEG_Run2016C/240205_155343//0000/SSBTree_480.root
adding: dcap://cluster142.knu.ac.kr//pnfs/knu.ac.kr/data/cms/store/user/sha/Run2FULL/2016PreVFP/DATA/MuonEG/crab_MuonEG_Run2016C/240205_155343//0000/SSBTree_481.root
adding: dcap://cluster142.knu.ac.kr//pnfs/knu.ac.kr/data/cms/store/user/sha/Run2FULL/2016PreVFP/DATA/MuonEG/crab_MuonEG_Run2016C/240205_155343//0000/SSBTree_482.root
adding: dcap://cluster142.knu.ac.kr//pnfs/knu.ac.kr/data/cms/store/user/sha/Run2FULL/2016PreVFP/DATA/MuonEG/crab_MuonEG_Run2016C/240205_155343//0000/SSBTree_483.root
adding: dcap://cluster142.knu.ac.kr//pnfs/knu.ac.kr/data/cms/store/user/sha/Run2FULL/2016PreVFP/DATA/MuonEG/crab_MuonEG_Run2016C/240205_155343//0000/SSBTree_484.root
adding: dcap://cluster142.knu.ac.kr//pnfs/knu.ac.kr/data/cms/store/user/sha/Run2FULL/2016PreVFP/DATA/MuonEG/crab_MuonEG_Run2016C/240205_155343//0000/SSBTree_485.root
adding: dcap://cluster142.knu.ac.kr//pnfs/knu.ac.kr/data/cms/store/user/sha/Run2FULL/2016PreVFP/DATA/MuonEG/crab_MuonEG_Run2016C/240205_155343//0000/SSBTree_486.root
adding: dcap://cluster142.knu.ac.kr//pnfs/knu.ac.kr/data/cms/store/user/sha/Run2FULL/2016PreVFP/DATA/MuonEG/crab_MuonEG_Run2016C/240205_155343//0000/SSBTree_487.root
adding: dcap://cluster142.knu.ac.kr//pnfs/knu.ac.kr/data/cms/store/user/sha/Run2FULL/2016PreVFP/DATA/MuonEG/crab_MuonEG_Run2016C/240205_155343//0000/SSBTree_488.root
Total number of events after merging root files: 217530
Event 0
Event 10000
Event 20000
Event 30000
Event 40000
Event 50000
Event 60000
Event 70000
Event 80000
Event 90000
Event 100000
Event 110000
Event 120000
Event 130000
Event 140000
Event 150000
Event 160000
Event 170000
Event 180000
Event 190000
Event 200000
Event 210000
Total processed number of events: 217530
End processing...

The number of options is: 2
Option 0 = ./TopMass_analysis
Option 1 = MuonEG_Run2016C/MuonEG_Run2016C_52.list
Option 2 = MuonEG_Run2016C/MuonEG_Run2016C_52.txt
Input filelist = MuonEG_Run2016C/MuonEG_Run2016C_52.list
Output file name = MuonEG_Run2016C/MuonEG_Run2016C_52.txt


start merging file(s)
adding: dcap://cluster142.knu.ac.kr//pnfs/knu.ac.kr/data/cms/store/user/sha/Run2FULL/2016PreVFP/DATA/MuonEG/crab_MuonEG_Run2016C/240205_155343//0000/SSBTree_560.root
adding: dcap://cluster142.knu.ac.kr//pnfs/knu.ac.kr/data/cms/store/user/sha/Run2FULL/2016PreVFP/DATA/MuonEG/crab_MuonEG_Run2016C/240205_155343//0000/SSBTree_561.root
adding: dcap://cluster142.knu.ac.kr//pnfs/knu.ac.kr/data/cms/store/user/sha/Run2FULL/2016PreVFP/DATA/MuonEG/crab_MuonEG_Run2016C/240205_155343//0000/SSBTree_562.root
adding: dcap://cluster142.knu.ac.kr//pnfs/knu.ac.kr/data/cms/store/user/sha/Run2FULL/2016PreVFP/DATA/MuonEG/crab_MuonEG_Run2016C/240205_155343//0000/SSBTree_563.root
adding: dcap://cluster142.knu.ac.kr//pnfs/knu.ac.kr/data/cms/store/user/sha/Run2FULL/2016PreVFP/DATA/MuonEG/crab_MuonEG_Run2016C/240205_155343//0000/SSBTree_564.root
adding: dcap://cluster142.knu.ac.kr//pnfs/knu.ac.kr/data/cms/store/user/sha/Run2FULL/2016PreVFP/DATA/MuonEG/crab_MuonEG_Run2016C/240205_155343//0000/SSBTree_565.root
adding: dcap://cluster142.knu.ac.kr//pnfs/knu.ac.kr/data/cms/store/user/sha/Run2FULL/2016PreVFP/DATA/MuonEG/crab_MuonEG_Run2016C/240205_155343//0000/SSBTree_566.root
adding: dcap://cluster142.knu.ac.kr//pnfs/knu.ac.kr/data/cms/store/user/sha/Run2FULL/2016PreVFP/DATA/MuonEG/crab_MuonEG_Run2016C/240205_155343//0000/SSBTree_567.root
adding: dcap://cluster142.knu.ac.kr//pnfs/knu.ac.kr/data/cms/store/user/sha/Run2FULL/2016PreVFP/DATA/MuonEG/crab_MuonEG_Run2016C/240205_155343//0000/SSBTree_568.root
adding: dcap://cluster142.knu.ac.kr//pnfs/knu.ac.kr/data/cms/store/user/sha/Run2FULL/2016PreVFP/DATA/MuonEG/crab_MuonEG_Run2016C/240205_155343//0000/SSBTree_569.root
Total number of events after merging root files: 173967
Event 0
Event 10000
Event 20000
Event 30000
Event 40000
Event 50000
Event 60000
Event 70000
Event 80000
Event 90000
Event 100000
Event 110000
Event 120000
Event 130000
Event 140000
Event 150000
Event 160000
Event 170000
Total processed number of events: 173967
End processing...

The number of options is: 2
Option 0 = ./TopMass_analysis
Option 1 = MuonEG_Run2016C/MuonEG_Run2016C_61.list
Option 2 = MuonEG_Run2016C/MuonEG_Run2016C_61.txt
Input filelist = MuonEG_Run2016C/MuonEG_Run2016C_61.list
Output file name = MuonEG_Run2016C/MuonEG_Run2016C_61.txt


start merging file(s)
adding: dcap://cluster142.knu.ac.kr//pnfs/knu.ac.kr/data/cms/store/user/sha/Run2FULL/2016PreVFP/DATA/MuonEG/crab_MuonEG_Run2016C/240205_155343//0000/SSBTree_641.root
adding: dcap://cluster142.knu.ac.kr//pnfs/knu.ac.kr/data/cms/store/user/sha/Run2FULL/2016PreVFP/DATA/MuonEG/crab_MuonEG_Run2016C/240205_155343//0000/SSBTree_642.root
adding: dcap://cluster142.knu.ac.kr//pnfs/knu.ac.kr/data/cms/store/user/sha/Run2FULL/2016PreVFP/DATA/MuonEG/crab_MuonEG_Run2016C/240205_155343//0000/SSBTree_643.root
adding: dcap://cluster142.knu.ac.kr//pnfs/knu.ac.kr/data/cms/store/user/sha/Run2FULL/2016PreVFP/DATA/MuonEG/crab_MuonEG_Run2016C/240205_155343//0000/SSBTree_644.root
adding: dcap://cluster142.knu.ac.kr//pnfs/knu.ac.kr/data/cms/store/user/sha/Run2FULL/2016PreVFP/DATA/MuonEG/crab_MuonEG_Run2016C/240205_155343//0000/SSBTree_645.root
adding: dcap://cluster142.knu.ac.kr//pnfs/knu.ac.kr/data/cms/store/user/sha/Run2FULL/2016PreVFP/DATA/MuonEG/crab_MuonEG_Run2016C/240205_155343//0000/SSBTree_646.root
adding: dcap://cluster142.knu.ac.kr//pnfs/knu.ac.kr/data/cms/store/user/sha/Run2FULL/2016PreVFP/DATA/MuonEG/crab_MuonEG_Run2016C/240205_155343//0000/SSBTree_647.root
adding: dcap://cluster142.knu.ac.kr//pnfs/knu.ac.kr/data/cms/store/user/sha/Run2FULL/2016PreVFP/DATA/MuonEG/crab_MuonEG_Run2016C/240205_155343//0000/SSBTree_648.root
adding: dcap://cluster142.knu.ac.kr//pnfs/knu.ac.kr/data/cms/store/user/sha/Run2FULL/2016PreVFP/DATA/MuonEG/crab_MuonEG_Run2016C/240205_155343//0000/SSBTree_649.root
adding: dcap://cluster142.knu.ac.kr//pnfs/knu.ac.kr/data/cms/store/user/sha/Run2FULL/2016PreVFP/DATA/MuonEG/crab_MuonEG_Run2016C/240205_155343//0000/SSBTree_64.root
Total number of events after merging root files: 199891
Event 0
Event 10000
Event 20000
Event 30000
Event 40000
Event 50000
Event 60000
Event 70000
Event 80000
Event 90000
Event 100000
Event 110000
Event 120000
Event 130000
Event 140000
Event 150000
Event 160000
Event 170000
Event 180000
Event 190000
Total processed number of events: 199891
End processing...

The number of options is: 2
Option 0 = ./TopMass_analysis
Option 1 = MuonEG_Run2016C/MuonEG_Run2016C_70.list
Option 2 = MuonEG_Run2016C/MuonEG_Run2016C_70.txt
Input filelist = MuonEG_Run2016C/MuonEG_Run2016C_70.list
Output file name = MuonEG_Run2016C/MuonEG_Run2016C_70.txt


start merging file(s)
adding: dcap://cluster142.knu.ac.kr//pnfs/knu.ac.kr/data/cms/store/user/sha/Run2FULL/2016PreVFP/DATA/MuonEG/crab_MuonEG_Run2016C/240205_155343//0000/SSBTree_722.root
adding: dcap://cluster142.knu.ac.kr//pnfs/knu.ac.kr/data/cms/store/user/sha/Run2FULL/2016PreVFP/DATA/MuonEG/crab_MuonEG_Run2016C/240205_155343//0000/SSBTree_723.root
adding: dcap://cluster142.knu.ac.kr//pnfs/knu.ac.kr/data/cms/store/user/sha/Run2FULL/2016PreVFP/DATA/MuonEG/crab_MuonEG_Run2016C/240205_155343//0000/SSBTree_724.root
adding: dcap://cluster142.knu.ac.kr//pnfs/knu.ac.kr/data/cms/store/user/sha/Run2FULL/2016PreVFP/DATA/MuonEG/crab_MuonEG_Run2016C/240205_155343//0000/SSBTree_725.root
adding: dcap://cluster142.knu.ac.kr//pnfs/knu.ac.kr/data/cms/store/user/sha/Run2FULL/2016PreVFP/DATA/MuonEG/crab_MuonEG_Run2016C/240205_155343//0000/SSBTree_726.root
adding: dcap://cluster142.knu.ac.kr//pnfs/knu.ac.kr/data/cms/store/user/sha/Run2FULL/2016PreVFP/DATA/MuonEG/crab_MuonEG_Run2016C/240205_155343//0000/SSBTree_727.root
adding: dcap://cluster142.knu.ac.kr//pnfs/knu.ac.kr/data/cms/store/user/sha/Run2FULL/2016PreVFP/DATA/MuonEG/crab_MuonEG_Run2016C/240205_155343//0000/SSBTree_728.root
adding: dcap://cluster142.knu.ac.kr//pnfs/knu.ac.kr/data/cms/store/user/sha/Run2FULL/2016PreVFP/DATA/MuonEG/crab_MuonEG_Run2016C/240205_155343//0000/SSBTree_729.root
adding: dcap://cluster142.knu.ac.kr//pnfs/knu.ac.kr/data/cms/store/user/sha/Run2FULL/2016PreVFP/DATA/MuonEG/crab_MuonEG_Run2016C/240205_155343//0000/SSBTree_72.root
adding: dcap://cluster142.knu.ac.kr//pnfs/knu.ac.kr/data/cms/store/user/sha/Run2FULL/2016PreVFP/DATA/MuonEG/crab_MuonEG_Run2016C/240205_155343//0000/SSBTree_730.root
Total number of events after merging root files: 158739
Event 0
Event 10000
Event 20000
Event 30000
Event 40000
Event 50000
Event 60000
Event 70000
Event 80000
Event 90000
Event 100000
Event 110000
Event 120000
Event 130000
Event 140000
Event 150000
Total processed number of events: 158739
End processing...

The number of options is: 2
Option 0 = ./TopMass_analysis
Option 1 = MuonEG_Run2016C/MuonEG_Run2016C_79.list
Option 2 = MuonEG_Run2016C/MuonEG_Run2016C_79.txt
Input filelist = MuonEG_Run2016C/MuonEG_Run2016C_79.list
Output file name = MuonEG_Run2016C/MuonEG_Run2016C_79.txt


start merging file(s)
adding: dcap://cluster142.knu.ac.kr//pnfs/knu.ac.kr/data/cms/store/user/sha/Run2FULL/2016PreVFP/DATA/MuonEG/crab_MuonEG_Run2016C/240205_155343//0000/SSBTree_803.root
adding: dcap://cluster142.knu.ac.kr//pnfs/knu.ac.kr/data/cms/store/user/sha/Run2FULL/2016PreVFP/DATA/MuonEG/crab_MuonEG_Run2016C/240205_155343//0000/SSBTree_804.root
adding: dcap://cluster142.knu.ac.kr//pnfs/knu.ac.kr/data/cms/store/user/sha/Run2FULL/2016PreVFP/DATA/MuonEG/crab_MuonEG_Run2016C/240205_155343//0000/SSBTree_805.root
adding: dcap://cluster142.knu.ac.kr//pnfs/knu.ac.kr/data/cms/store/user/sha/Run2FULL/2016PreVFP/DATA/MuonEG/crab_MuonEG_Run2016C/240205_155343//0000/SSBTree_806.root
adding: dcap://cluster142.knu.ac.kr//pnfs/knu.ac.kr/data/cms/store/user/sha/Run2FULL/2016PreVFP/DATA/MuonEG/crab_MuonEG_Run2016C/240205_155343//0000/SSBTree_807.root
adding: dcap://cluster142.knu.ac.kr//pnfs/knu.ac.kr/data/cms/store/user/sha/Run2FULL/2016PreVFP/DATA/MuonEG/crab_MuonEG_Run2016C/240205_155343//0000/SSBTree_808.root
adding: dcap://cluster142.knu.ac.kr//pnfs/knu.ac.kr/data/cms/store/user/sha/Run2FULL/2016PreVFP/DATA/MuonEG/crab_MuonEG_Run2016C/240205_155343//0000/SSBTree_809.root
adding: dcap://cluster142.knu.ac.kr//pnfs/knu.ac.kr/data/cms/store/user/sha/Run2FULL/2016PreVFP/DATA/MuonEG/crab_MuonEG_Run2016C/240205_155343//0000/SSBTree_80.root
adding: dcap://cluster142.knu.ac.kr//pnfs/knu.ac.kr/data/cms/store/user/sha/Run2FULL/2016PreVFP/DATA/MuonEG/crab_MuonEG_Run2016C/240205_155343//0000/SSBTree_810.root
adding: dcap://cluster142.knu.ac.kr//pnfs/knu.ac.kr/data/cms/store/user/sha/Run2FULL/2016PreVFP/DATA/MuonEG/crab_MuonEG_Run2016C/240205_155343//0000/SSBTree_811.root
Total number of events after merging root files: 242361
Event 0
Event 10000
Event 20000
Event 30000
Event 40000
Event 50000
Event 60000
Event 70000
Event 80000
Event 90000
Event 100000
Event 110000
Event 120000
Event 130000
Event 140000
Event 150000
Event 160000
Event 170000
Event 180000
Event 190000
Event 200000
Event 210000
Event 220000
Event 230000
Event 240000
Total processed number of events: 242361
End processing...

The number of options is: 2
Option 0 = ./TopMass_analysis
Option 1 = MuonEG_Run2016C/MuonEG_Run2016C_88.list
Option 2 = MuonEG_Run2016C/MuonEG_Run2016C_88.txt
Input filelist = MuonEG_Run2016C/MuonEG_Run2016C_88.list
Output file name = MuonEG_Run2016C/MuonEG_Run2016C_88.txt


start merging file(s)
adding: dcap://cluster142.knu.ac.kr//pnfs/knu.ac.kr/data/cms/store/user/sha/Run2FULL/2016PreVFP/DATA/MuonEG/crab_MuonEG_Run2016C/240205_155343//0000/SSBTree_99.root
adding: dcap://cluster142.knu.ac.kr//pnfs/knu.ac.kr/data/cms/store/user/sha/Run2FULL/2016PreVFP/DATA/MuonEG/crab_MuonEG_Run2016C/240205_155343//0000/SSBTree_9.root
Total number of events after merging root files: 28446
Event 0
Event 10000
Event 20000
Total processed number of events: 28446
End processing...

