The number of options is: 2
Option 0 = ./TopMass_analysis
Option 1 = SingleMuon_Run2016C/SingleMuon_Run2016C_5.list
Option 2 = SingleMuon_Run2016C/SingleMuon_Run2016C_5.txt
Input filelist = SingleMuon_Run2016C/SingleMuon_Run2016C_5.list
Output file name = SingleMuon_Run2016C/SingleMuon_Run2016C_5.txt


start merging file(s)
adding: dcap://cluster142.knu.ac.kr//pnfs/knu.ac.kr/data/cms/store/user/sha/Run2FULL/2016PreVFP/DATA/SingleMuon/crab_SingleMuon_Run2016C/240205_181835//0000/SSBTree_137.root
adding: dcap://cluster142.knu.ac.kr//pnfs/knu.ac.kr/data/cms/store/user/sha/Run2FULL/2016PreVFP/DATA/SingleMuon/crab_SingleMuon_Run2016C/240205_181835//0000/SSBTree_138.root
adding: dcap://cluster142.knu.ac.kr//pnfs/knu.ac.kr/data/cms/store/user/sha/Run2FULL/2016PreVFP/DATA/SingleMuon/crab_SingleMuon_Run2016C/240205_181835//0000/SSBTree_139.root
adding: dcap://cluster142.knu.ac.kr//pnfs/knu.ac.kr/data/cms/store/user/sha/Run2FULL/2016PreVFP/DATA/SingleMuon/crab_SingleMuon_Run2016C/240205_181835//0000/SSBTree_13.root
adding: dcap://cluster142.knu.ac.kr//pnfs/knu.ac.kr/data/cms/store/user/sha/Run2FULL/2016PreVFP/DATA/SingleMuon/crab_SingleMuon_Run2016C/240205_181835//0000/SSBTree_140.root
adding: dcap://cluster142.knu.ac.kr//pnfs/knu.ac.kr/data/cms/store/user/sha/Run2FULL/2016PreVFP/DATA/SingleMuon/crab_SingleMuon_Run2016C/240205_181835//0000/SSBTree_141.root
adding: dcap://cluster142.knu.ac.kr//pnfs/knu.ac.kr/data/cms/store/user/sha/Run2FULL/2016PreVFP/DATA/SingleMuon/crab_SingleMuon_Run2016C/240205_181835//0000/SSBTree_142.root
adding: dcap://cluster142.knu.ac.kr//pnfs/knu.ac.kr/data/cms/store/user/sha/Run2FULL/2016PreVFP/DATA/SingleMuon/crab_SingleMuon_Run2016C/240205_181835//0000/SSBTree_143.root
adding: dcap://cluster142.knu.ac.kr//pnfs/knu.ac.kr/data/cms/store/user/sha/Run2FULL/2016PreVFP/DATA/SingleMuon/crab_SingleMuon_Run2016C/240205_181835//0000/SSBTree_144.root
adding: dcap://cluster142.knu.ac.kr//pnfs/knu.ac.kr/data/cms/store/user/sha/Run2FULL/2016PreVFP/DATA/SingleMuon/crab_SingleMuon_Run2016C/240205_181835//0000/SSBTree_145.root
Total number of events after merging root files: 723581
Event 0
Event 10000
Event 20000
Event 30000
Event 40000
Event 50000
Event 60000
Event 70000
Event 80000
Event 90000
Event 100000
Event 110000
Event 120000
Event 130000
Event 140000
Event 150000
Event 160000
Event 170000
Event 180000
Event 190000
Event 200000
Event 210000
Event 220000
Event 230000
Event 240000
Event 250000
Event 260000
Event 270000
Event 280000
Event 290000
Event 300000
Event 310000
Event 320000
Event 330000
Event 340000
Event 350000
Event 360000
Event 370000
Event 380000
Event 390000
Event 400000
Event 410000
Event 420000
Event 430000
Event 440000
Event 450000
Event 460000
Event 470000
Event 480000
Event 490000
Event 500000
Event 510000
Event 520000
Event 530000
Event 540000
Event 550000
Event 560000
Event 570000
Event 580000
Event 590000
Event 600000
Event 610000
Event 620000
Event 630000
Event 640000
Event 650000
Event 660000
Event 670000
Event 680000
Event 690000
Event 700000
Event 710000
Event 720000
Total processed number of events: 723581
End processing...

The number of options is: 2
Option 0 = ./TopMass_analysis
Option 1 = SingleMuon_Run2016C/SingleMuon_Run2016C_14.list
Option 2 = SingleMuon_Run2016C/SingleMuon_Run2016C_14.txt
Input filelist = SingleMuon_Run2016C/SingleMuon_Run2016C_14.list
Output file name = SingleMuon_Run2016C/SingleMuon_Run2016C_14.txt


start merging file(s)
adding: dcap://cluster142.knu.ac.kr//pnfs/knu.ac.kr/data/cms/store/user/sha/Run2FULL/2016PreVFP/DATA/SingleMuon/crab_SingleMuon_Run2016C/240205_181835//0000/SSBTree_218.root
adding: dcap://cluster142.knu.ac.kr//pnfs/knu.ac.kr/data/cms/store/user/sha/Run2FULL/2016PreVFP/DATA/SingleMuon/crab_SingleMuon_Run2016C/240205_181835//0000/SSBTree_219.root
adding: dcap://cluster142.knu.ac.kr//pnfs/knu.ac.kr/data/cms/store/user/sha/Run2FULL/2016PreVFP/DATA/SingleMuon/crab_SingleMuon_Run2016C/240205_181835//0000/SSBTree_21.root
adding: dcap://cluster142.knu.ac.kr//pnfs/knu.ac.kr/data/cms/store/user/sha/Run2FULL/2016PreVFP/DATA/SingleMuon/crab_SingleMuon_Run2016C/240205_181835//0000/SSBTree_220.root
adding: dcap://cluster142.knu.ac.kr//pnfs/knu.ac.kr/data/cms/store/user/sha/Run2FULL/2016PreVFP/DATA/SingleMuon/crab_SingleMuon_Run2016C/240205_181835//0000/SSBTree_221.root
adding: dcap://cluster142.knu.ac.kr//pnfs/knu.ac.kr/data/cms/store/user/sha/Run2FULL/2016PreVFP/DATA/SingleMuon/crab_SingleMuon_Run2016C/240205_181835//0000/SSBTree_222.root
adding: dcap://cluster142.knu.ac.kr//pnfs/knu.ac.kr/data/cms/store/user/sha/Run2FULL/2016PreVFP/DATA/SingleMuon/crab_SingleMuon_Run2016C/240205_181835//0000/SSBTree_223.root
adding: dcap://cluster142.knu.ac.kr//pnfs/knu.ac.kr/data/cms/store/user/sha/Run2FULL/2016PreVFP/DATA/SingleMuon/crab_SingleMuon_Run2016C/240205_181835//0000/SSBTree_224.root
adding: dcap://cluster142.knu.ac.kr//pnfs/knu.ac.kr/data/cms/store/user/sha/Run2FULL/2016PreVFP/DATA/SingleMuon/crab_SingleMuon_Run2016C/240205_181835//0000/SSBTree_225.root
adding: dcap://cluster142.knu.ac.kr//pnfs/knu.ac.kr/data/cms/store/user/sha/Run2FULL/2016PreVFP/DATA/SingleMuon/crab_SingleMuon_Run2016C/240205_181835//0000/SSBTree_226.root
Total number of events after merging root files: 740961
Event 0
Event 10000
Event 20000
Event 30000
Event 40000
Event 50000
Event 60000
Event 70000
Event 80000
Event 90000
Event 100000
Event 110000
Event 120000
Event 130000
Event 140000
Event 150000
Event 160000
Event 170000
Event 180000
Event 190000
Event 200000
Event 210000
Event 220000
Event 230000
Event 240000
Event 250000
Event 260000
Event 270000
Event 280000
Event 290000
Event 300000
Event 310000
Event 320000
Event 330000
Event 340000
Event 350000
Event 360000
Event 370000
Event 380000
Event 390000
Event 400000
Event 410000
Event 420000
Event 430000
Event 440000
Event 450000
Event 460000
Event 470000
Event 480000
Event 490000
Event 500000
Event 510000
Event 520000
Event 530000
Event 540000
Event 550000
Event 560000
Event 570000
Event 580000
Event 590000
Event 600000
Event 610000
Event 620000
Event 630000
Event 640000
Event 650000
Event 660000
Event 670000
Event 680000
Event 690000
Event 700000
Event 710000
Event 720000
Event 730000
Event 740000
Total processed number of events: 740961
End processing...

The number of options is: 2
Option 0 = ./TopMass_analysis
Option 1 = SingleMuon_Run2016C/SingleMuon_Run2016C_23.list
Option 2 = SingleMuon_Run2016C/SingleMuon_Run2016C_23.txt
Input filelist = SingleMuon_Run2016C/SingleMuon_Run2016C_23.list
Output file name = SingleMuon_Run2016C/SingleMuon_Run2016C_23.txt


start merging file(s)
adding: dcap://cluster142.knu.ac.kr//pnfs/knu.ac.kr/data/cms/store/user/sha/Run2FULL/2016PreVFP/DATA/SingleMuon/crab_SingleMuon_Run2016C/240205_181835//0000/SSBTree_29.root
adding: dcap://cluster142.knu.ac.kr//pnfs/knu.ac.kr/data/cms/store/user/sha/Run2FULL/2016PreVFP/DATA/SingleMuon/crab_SingleMuon_Run2016C/240205_181835//0000/SSBTree_2.root
adding: dcap://cluster142.knu.ac.kr//pnfs/knu.ac.kr/data/cms/store/user/sha/Run2FULL/2016PreVFP/DATA/SingleMuon/crab_SingleMuon_Run2016C/240205_181835//0000/SSBTree_300.root
adding: dcap://cluster142.knu.ac.kr//pnfs/knu.ac.kr/data/cms/store/user/sha/Run2FULL/2016PreVFP/DATA/SingleMuon/crab_SingleMuon_Run2016C/240205_181835//0000/SSBTree_301.root
adding: dcap://cluster142.knu.ac.kr//pnfs/knu.ac.kr/data/cms/store/user/sha/Run2FULL/2016PreVFP/DATA/SingleMuon/crab_SingleMuon_Run2016C/240205_181835//0000/SSBTree_302.root
adding: dcap://cluster142.knu.ac.kr//pnfs/knu.ac.kr/data/cms/store/user/sha/Run2FULL/2016PreVFP/DATA/SingleMuon/crab_SingleMuon_Run2016C/240205_181835//0000/SSBTree_303.root
adding: dcap://cluster142.knu.ac.kr//pnfs/knu.ac.kr/data/cms/store/user/sha/Run2FULL/2016PreVFP/DATA/SingleMuon/crab_SingleMuon_Run2016C/240205_181835//0000/SSBTree_304.root
adding: dcap://cluster142.knu.ac.kr//pnfs/knu.ac.kr/data/cms/store/user/sha/Run2FULL/2016PreVFP/DATA/SingleMuon/crab_SingleMuon_Run2016C/240205_181835//0000/SSBTree_305.root
adding: dcap://cluster142.knu.ac.kr//pnfs/knu.ac.kr/data/cms/store/user/sha/Run2FULL/2016PreVFP/DATA/SingleMuon/crab_SingleMuon_Run2016C/240205_181835//0000/SSBTree_306.root
adding: dcap://cluster142.knu.ac.kr//pnfs/knu.ac.kr/data/cms/store/user/sha/Run2FULL/2016PreVFP/DATA/SingleMuon/crab_SingleMuon_Run2016C/240205_181835//0000/SSBTree_307.root
Total number of events after merging root files: 741983
Event 0
Event 10000
Event 20000
Event 30000
Event 40000
Event 50000
Event 60000
Event 70000
Event 80000
Event 90000
Event 100000
Event 110000
Event 120000
Event 130000
Event 140000
Event 150000
Event 160000
Event 170000
Event 180000
Event 190000
Event 200000
Event 210000
Event 220000
Event 230000
Event 240000
Event 250000
Event 260000
Event 270000
Event 280000
Event 290000
Event 300000
Event 310000
Event 320000
Event 330000
Event 340000
Event 350000
Event 360000
Event 370000
Event 380000
Event 390000
Event 400000
Event 410000
Event 420000
Event 430000
Event 440000
Event 450000
Event 460000
Event 470000
Event 480000
Event 490000
Event 500000
Event 510000
Event 520000
Event 530000
Event 540000
Event 550000
Event 560000
Event 570000
Event 580000
Event 590000
Event 600000
Event 610000
Event 620000
Event 630000
Event 640000
Event 650000
Event 660000
Event 670000
Event 680000
Event 690000
Event 700000
Event 710000
Event 720000
Event 730000
Event 740000
Total processed number of events: 741983
End processing...

The number of options is: 2
Option 0 = ./TopMass_analysis
Option 1 = SingleMuon_Run2016C/SingleMuon_Run2016C_32.list
Option 2 = SingleMuon_Run2016C/SingleMuon_Run2016C_32.txt
Input filelist = SingleMuon_Run2016C/SingleMuon_Run2016C_32.list
Output file name = SingleMuon_Run2016C/SingleMuon_Run2016C_32.txt


start merging file(s)
adding: dcap://cluster142.knu.ac.kr//pnfs/knu.ac.kr/data/cms/store/user/sha/Run2FULL/2016PreVFP/DATA/SingleMuon/crab_SingleMuon_Run2016C/240205_181835//0000/SSBTree_380.root
adding: dcap://cluster142.knu.ac.kr//pnfs/knu.ac.kr/data/cms/store/user/sha/Run2FULL/2016PreVFP/DATA/SingleMuon/crab_SingleMuon_Run2016C/240205_181835//0000/SSBTree_381.root
adding: dcap://cluster142.knu.ac.kr//pnfs/knu.ac.kr/data/cms/store/user/sha/Run2FULL/2016PreVFP/DATA/SingleMuon/crab_SingleMuon_Run2016C/240205_181835//0000/SSBTree_382.root
adding: dcap://cluster142.knu.ac.kr//pnfs/knu.ac.kr/data/cms/store/user/sha/Run2FULL/2016PreVFP/DATA/SingleMuon/crab_SingleMuon_Run2016C/240205_181835//0000/SSBTree_383.root
adding: dcap://cluster142.knu.ac.kr//pnfs/knu.ac.kr/data/cms/store/user/sha/Run2FULL/2016PreVFP/DATA/SingleMuon/crab_SingleMuon_Run2016C/240205_181835//0000/SSBTree_384.root
adding: dcap://cluster142.knu.ac.kr//pnfs/knu.ac.kr/data/cms/store/user/sha/Run2FULL/2016PreVFP/DATA/SingleMuon/crab_SingleMuon_Run2016C/240205_181835//0000/SSBTree_385.root
adding: dcap://cluster142.knu.ac.kr//pnfs/knu.ac.kr/data/cms/store/user/sha/Run2FULL/2016PreVFP/DATA/SingleMuon/crab_SingleMuon_Run2016C/240205_181835//0000/SSBTree_386.root
adding: dcap://cluster142.knu.ac.kr//pnfs/knu.ac.kr/data/cms/store/user/sha/Run2FULL/2016PreVFP/DATA/SingleMuon/crab_SingleMuon_Run2016C/240205_181835//0000/SSBTree_387.root
adding: dcap://cluster142.knu.ac.kr//pnfs/knu.ac.kr/data/cms/store/user/sha/Run2FULL/2016PreVFP/DATA/SingleMuon/crab_SingleMuon_Run2016C/240205_181835//0000/SSBTree_388.root
adding: dcap://cluster142.knu.ac.kr//pnfs/knu.ac.kr/data/cms/store/user/sha/Run2FULL/2016PreVFP/DATA/SingleMuon/crab_SingleMuon_Run2016C/240205_181835//0000/SSBTree_389.root
Total number of events after merging root files: 912191
Event 0
Event 10000
Event 20000
Event 30000
Event 40000
Event 50000
Event 60000
Event 70000
Event 80000
Event 90000
Event 100000
Event 110000
Event 120000
Event 130000
Event 140000
Event 150000
Event 160000
Event 170000
Event 180000
Event 190000
Event 200000
Event 210000
Event 220000
Event 230000
Event 240000
Event 250000
Event 260000
Event 270000
Event 280000
Event 290000
Event 300000
Event 310000
Event 320000
Event 330000
Event 340000
Event 350000
Event 360000
Event 370000
Event 380000
Event 390000
Event 400000
Event 410000
Event 420000
Event 430000
Event 440000
Event 450000
Event 460000
Event 470000
Event 480000
Event 490000
Event 500000
Event 510000
Event 520000
Event 530000
Event 540000
Event 550000
Event 560000
Event 570000
Event 580000
Event 590000
Event 600000
Event 610000
Event 620000
Event 630000
Event 640000
Event 650000
Event 660000
Event 670000
Event 680000
Event 690000
Event 700000
Event 710000
Event 720000
Event 730000
Event 740000
Event 750000
Event 760000
Event 770000
Event 780000
Event 790000
Event 800000
Event 810000
Event 820000
Event 830000
Event 840000
Event 850000
Event 860000
Event 870000
Event 880000
Event 890000
Event 900000
Event 910000
Total processed number of events: 912191
End processing...

The number of options is: 2
Option 0 = ./TopMass_analysis
Option 1 = SingleMuon_Run2016C/SingleMuon_Run2016C_41.list
Option 2 = SingleMuon_Run2016C/SingleMuon_Run2016C_41.txt
Input filelist = SingleMuon_Run2016C/SingleMuon_Run2016C_41.list
Output file name = SingleMuon_Run2016C/SingleMuon_Run2016C_41.txt


start merging file(s)
adding: dcap://cluster142.knu.ac.kr//pnfs/knu.ac.kr/data/cms/store/user/sha/Run2FULL/2016PreVFP/DATA/SingleMuon/crab_SingleMuon_Run2016C/240205_181835//0000/SSBTree_461.root
adding: dcap://cluster142.knu.ac.kr//pnfs/knu.ac.kr/data/cms/store/user/sha/Run2FULL/2016PreVFP/DATA/SingleMuon/crab_SingleMuon_Run2016C/240205_181835//0000/SSBTree_462.root
adding: dcap://cluster142.knu.ac.kr//pnfs/knu.ac.kr/data/cms/store/user/sha/Run2FULL/2016PreVFP/DATA/SingleMuon/crab_SingleMuon_Run2016C/240205_181835//0000/SSBTree_463.root
adding: dcap://cluster142.knu.ac.kr//pnfs/knu.ac.kr/data/cms/store/user/sha/Run2FULL/2016PreVFP/DATA/SingleMuon/crab_SingleMuon_Run2016C/240205_181835//0000/SSBTree_464.root
adding: dcap://cluster142.knu.ac.kr//pnfs/knu.ac.kr/data/cms/store/user/sha/Run2FULL/2016PreVFP/DATA/SingleMuon/crab_SingleMuon_Run2016C/240205_181835//0000/SSBTree_465.root
adding: dcap://cluster142.knu.ac.kr//pnfs/knu.ac.kr/data/cms/store/user/sha/Run2FULL/2016PreVFP/DATA/SingleMuon/crab_SingleMuon_Run2016C/240205_181835//0000/SSBTree_466.root
adding: dcap://cluster142.knu.ac.kr//pnfs/knu.ac.kr/data/cms/store/user/sha/Run2FULL/2016PreVFP/DATA/SingleMuon/crab_SingleMuon_Run2016C/240205_181835//0000/SSBTree_467.root
adding: dcap://cluster142.knu.ac.kr//pnfs/knu.ac.kr/data/cms/store/user/sha/Run2FULL/2016PreVFP/DATA/SingleMuon/crab_SingleMuon_Run2016C/240205_181835//0000/SSBTree_468.root
adding: dcap://cluster142.knu.ac.kr//pnfs/knu.ac.kr/data/cms/store/user/sha/Run2FULL/2016PreVFP/DATA/SingleMuon/crab_SingleMuon_Run2016C/240205_181835//0000/SSBTree_469.root
adding: dcap://cluster142.knu.ac.kr//pnfs/knu.ac.kr/data/cms/store/user/sha/Run2FULL/2016PreVFP/DATA/SingleMuon/crab_SingleMuon_Run2016C/240205_181835//0000/SSBTree_46.root
Total number of events after merging root files: 493393
Event 0
Event 10000
Event 20000
Event 30000
Event 40000
Event 50000
Event 60000
Event 70000
Event 80000
Event 90000
Event 100000
Event 110000
Event 120000
Event 130000
Event 140000
Event 150000
Event 160000
Event 170000
Event 180000
Event 190000
Event 200000
Event 210000
Event 220000
Event 230000
Event 240000
Event 250000
Event 260000
Event 270000
Event 280000
Event 290000
Event 300000
Event 310000
Event 320000
Event 330000
Event 340000
Event 350000
Event 360000
Event 370000
Event 380000
Event 390000
Event 400000
Event 410000
Event 420000
Event 430000
Event 440000
Event 450000
Event 460000
Event 470000
Event 480000
Event 490000
Total processed number of events: 493393
End processing...

The number of options is: 2
Option 0 = ./TopMass_analysis
Option 1 = SingleMuon_Run2016C/SingleMuon_Run2016C_50.list
Option 2 = SingleMuon_Run2016C/SingleMuon_Run2016C_50.txt
Input filelist = SingleMuon_Run2016C/SingleMuon_Run2016C_50.list
Output file name = SingleMuon_Run2016C/SingleMuon_Run2016C_50.txt


start merging file(s)
adding: dcap://cluster142.knu.ac.kr//pnfs/knu.ac.kr/data/cms/store/user/sha/Run2FULL/2016PreVFP/DATA/SingleMuon/crab_SingleMuon_Run2016C/240205_181835//0000/SSBTree_542.root
adding: dcap://cluster142.knu.ac.kr//pnfs/knu.ac.kr/data/cms/store/user/sha/Run2FULL/2016PreVFP/DATA/SingleMuon/crab_SingleMuon_Run2016C/240205_181835//0000/SSBTree_543.root
adding: dcap://cluster142.knu.ac.kr//pnfs/knu.ac.kr/data/cms/store/user/sha/Run2FULL/2016PreVFP/DATA/SingleMuon/crab_SingleMuon_Run2016C/240205_181835//0000/SSBTree_544.root
adding: dcap://cluster142.knu.ac.kr//pnfs/knu.ac.kr/data/cms/store/user/sha/Run2FULL/2016PreVFP/DATA/SingleMuon/crab_SingleMuon_Run2016C/240205_181835//0000/SSBTree_545.root
adding: dcap://cluster142.knu.ac.kr//pnfs/knu.ac.kr/data/cms/store/user/sha/Run2FULL/2016PreVFP/DATA/SingleMuon/crab_SingleMuon_Run2016C/240205_181835//0000/SSBTree_546.root
adding: dcap://cluster142.knu.ac.kr//pnfs/knu.ac.kr/data/cms/store/user/sha/Run2FULL/2016PreVFP/DATA/SingleMuon/crab_SingleMuon_Run2016C/240205_181835//0000/SSBTree_547.root
adding: dcap://cluster142.knu.ac.kr//pnfs/knu.ac.kr/data/cms/store/user/sha/Run2FULL/2016PreVFP/DATA/SingleMuon/crab_SingleMuon_Run2016C/240205_181835//0000/SSBTree_548.root
adding: dcap://cluster142.knu.ac.kr//pnfs/knu.ac.kr/data/cms/store/user/sha/Run2FULL/2016PreVFP/DATA/SingleMuon/crab_SingleMuon_Run2016C/240205_181835//0000/SSBTree_549.root
adding: dcap://cluster142.knu.ac.kr//pnfs/knu.ac.kr/data/cms/store/user/sha/Run2FULL/2016PreVFP/DATA/SingleMuon/crab_SingleMuon_Run2016C/240205_181835//0000/SSBTree_54.root
adding: dcap://cluster142.knu.ac.kr//pnfs/knu.ac.kr/data/cms/store/user/sha/Run2FULL/2016PreVFP/DATA/SingleMuon/crab_SingleMuon_Run2016C/240205_181835//0000/SSBTree_550.root
Total number of events after merging root files: 874408
Event 0
Event 10000
Event 20000
Event 30000
Event 40000
Event 50000
Event 60000
Event 70000
Event 80000
Event 90000
Event 100000
Event 110000
Event 120000
Event 130000
Event 140000
Event 150000
Event 160000
Event 170000
Event 180000
Event 190000
Event 200000
Event 210000
Event 220000
Event 230000
Event 240000
Event 250000
Event 260000
Event 270000
Event 280000
Event 290000
Event 300000
Event 310000
Event 320000
Event 330000
Event 340000
Event 350000
Event 360000
Event 370000
Event 380000
Event 390000
Event 400000
Event 410000
Event 420000
Event 430000
Event 440000
Event 450000
Event 460000
Event 470000
Event 480000
Event 490000
Event 500000
Event 510000
Event 520000
Event 530000
Event 540000
Event 550000
Event 560000
Event 570000
Event 580000
Event 590000
Event 600000
Event 610000
Event 620000
Event 630000
Event 640000
Event 650000
Event 660000
Event 670000
Event 680000
Event 690000
Event 700000
Event 710000
Event 720000
Event 730000
Event 740000
Event 750000
Event 760000
Event 770000
Event 780000
Event 790000
Event 800000
Event 810000
Event 820000
Event 830000
Event 840000
Event 850000
Event 860000
Event 870000
Total processed number of events: 874408
End processing...

The number of options is: 2
Option 0 = ./TopMass_analysis
Option 1 = SingleMuon_Run2016C/SingleMuon_Run2016C_59.list
Option 2 = SingleMuon_Run2016C/SingleMuon_Run2016C_59.txt
Input filelist = SingleMuon_Run2016C/SingleMuon_Run2016C_59.list
Output file name = SingleMuon_Run2016C/SingleMuon_Run2016C_59.txt


start merging file(s)
adding: dcap://cluster142.knu.ac.kr//pnfs/knu.ac.kr/data/cms/store/user/sha/Run2FULL/2016PreVFP/DATA/SingleMuon/crab_SingleMuon_Run2016C/240205_181835//0000/SSBTree_623.root
adding: dcap://cluster142.knu.ac.kr//pnfs/knu.ac.kr/data/cms/store/user/sha/Run2FULL/2016PreVFP/DATA/SingleMuon/crab_SingleMuon_Run2016C/240205_181835//0000/SSBTree_624.root
adding: dcap://cluster142.knu.ac.kr//pnfs/knu.ac.kr/data/cms/store/user/sha/Run2FULL/2016PreVFP/DATA/SingleMuon/crab_SingleMuon_Run2016C/240205_181835//0000/SSBTree_625.root
adding: dcap://cluster142.knu.ac.kr//pnfs/knu.ac.kr/data/cms/store/user/sha/Run2FULL/2016PreVFP/DATA/SingleMuon/crab_SingleMuon_Run2016C/240205_181835//0000/SSBTree_626.root
adding: dcap://cluster142.knu.ac.kr//pnfs/knu.ac.kr/data/cms/store/user/sha/Run2FULL/2016PreVFP/DATA/SingleMuon/crab_SingleMuon_Run2016C/240205_181835//0000/SSBTree_627.root
adding: dcap://cluster142.knu.ac.kr//pnfs/knu.ac.kr/data/cms/store/user/sha/Run2FULL/2016PreVFP/DATA/SingleMuon/crab_SingleMuon_Run2016C/240205_181835//0000/SSBTree_628.root
adding: dcap://cluster142.knu.ac.kr//pnfs/knu.ac.kr/data/cms/store/user/sha/Run2FULL/2016PreVFP/DATA/SingleMuon/crab_SingleMuon_Run2016C/240205_181835//0000/SSBTree_629.root
adding: dcap://cluster142.knu.ac.kr//pnfs/knu.ac.kr/data/cms/store/user/sha/Run2FULL/2016PreVFP/DATA/SingleMuon/crab_SingleMuon_Run2016C/240205_181835//0000/SSBTree_62.root
adding: dcap://cluster142.knu.ac.kr//pnfs/knu.ac.kr/data/cms/store/user/sha/Run2FULL/2016PreVFP/DATA/SingleMuon/crab_SingleMuon_Run2016C/240205_181835//0000/SSBTree_630.root
adding: dcap://cluster142.knu.ac.kr//pnfs/knu.ac.kr/data/cms/store/user/sha/Run2FULL/2016PreVFP/DATA/SingleMuon/crab_SingleMuon_Run2016C/240205_181835//0000/SSBTree_631.root
Total number of events after merging root files: 701443
Event 0
Event 10000
Event 20000
Event 30000
Event 40000
Event 50000
Event 60000
Event 70000
Event 80000
Event 90000
Event 100000
Event 110000
Event 120000
Event 130000
Event 140000
Event 150000
Event 160000
Event 170000
Event 180000
Event 190000
Event 200000
Event 210000
Event 220000
Event 230000
Event 240000
Event 250000
Event 260000
Event 270000
Event 280000
Event 290000
Event 300000
Event 310000
Event 320000
Event 330000
Event 340000
Event 350000
Event 360000
Event 370000
Event 380000
Event 390000
Event 400000
Event 410000
Event 420000
Event 430000
Event 440000
Event 450000
Event 460000
Event 470000
Event 480000
Event 490000
Event 500000
Event 510000
Event 520000
Event 530000
Event 540000
Event 550000
Event 560000
Event 570000
Event 580000
Event 590000
Event 600000
Event 610000
Event 620000
Event 630000
Event 640000
Event 650000
Event 660000
Event 670000
Event 680000
Event 690000
Event 700000
Total processed number of events: 701443
End processing...

The number of options is: 2
Option 0 = ./TopMass_analysis
Option 1 = SingleMuon_Run2016C/SingleMuon_Run2016C_68.list
Option 2 = SingleMuon_Run2016C/SingleMuon_Run2016C_68.txt
Input filelist = SingleMuon_Run2016C/SingleMuon_Run2016C_68.list
Output file name = SingleMuon_Run2016C/SingleMuon_Run2016C_68.txt


start merging file(s)
adding: dcap://cluster142.knu.ac.kr//pnfs/knu.ac.kr/data/cms/store/user/sha/Run2FULL/2016PreVFP/DATA/SingleMuon/crab_SingleMuon_Run2016C/240205_181835//0000/SSBTree_704.root
adding: dcap://cluster142.knu.ac.kr//pnfs/knu.ac.kr/data/cms/store/user/sha/Run2FULL/2016PreVFP/DATA/SingleMuon/crab_SingleMuon_Run2016C/240205_181835//0000/SSBTree_705.root
adding: dcap://cluster142.knu.ac.kr//pnfs/knu.ac.kr/data/cms/store/user/sha/Run2FULL/2016PreVFP/DATA/SingleMuon/crab_SingleMuon_Run2016C/240205_181835//0000/SSBTree_706.root
adding: dcap://cluster142.knu.ac.kr//pnfs/knu.ac.kr/data/cms/store/user/sha/Run2FULL/2016PreVFP/DATA/SingleMuon/crab_SingleMuon_Run2016C/240205_181835//0000/SSBTree_707.root
adding: dcap://cluster142.knu.ac.kr//pnfs/knu.ac.kr/data/cms/store/user/sha/Run2FULL/2016PreVFP/DATA/SingleMuon/crab_SingleMuon_Run2016C/240205_181835//0000/SSBTree_708.root
adding: dcap://cluster142.knu.ac.kr//pnfs/knu.ac.kr/data/cms/store/user/sha/Run2FULL/2016PreVFP/DATA/SingleMuon/crab_SingleMuon_Run2016C/240205_181835//0000/SSBTree_709.root
adding: dcap://cluster142.knu.ac.kr//pnfs/knu.ac.kr/data/cms/store/user/sha/Run2FULL/2016PreVFP/DATA/SingleMuon/crab_SingleMuon_Run2016C/240205_181835//0000/SSBTree_70.root
adding: dcap://cluster142.knu.ac.kr//pnfs/knu.ac.kr/data/cms/store/user/sha/Run2FULL/2016PreVFP/DATA/SingleMuon/crab_SingleMuon_Run2016C/240205_181835//0000/SSBTree_710.root
adding: dcap://cluster142.knu.ac.kr//pnfs/knu.ac.kr/data/cms/store/user/sha/Run2FULL/2016PreVFP/DATA/SingleMuon/crab_SingleMuon_Run2016C/240205_181835//0000/SSBTree_711.root
adding: dcap://cluster142.knu.ac.kr//pnfs/knu.ac.kr/data/cms/store/user/sha/Run2FULL/2016PreVFP/DATA/SingleMuon/crab_SingleMuon_Run2016C/240205_181835//0000/SSBTree_712.root
Total number of events after merging root files: 748587
Event 0
Event 10000
Event 20000
Event 30000
Event 40000
Event 50000
Event 60000
Event 70000
Event 80000
Event 90000
Event 100000
Event 110000
Event 120000
Event 130000
Event 140000
Event 150000
Event 160000
Event 170000
Event 180000
Event 190000
Event 200000
Event 210000
Event 220000
Event 230000
Event 240000
Event 250000
Event 260000
Event 270000
Event 280000
Event 290000
Event 300000
Event 310000
Event 320000
Event 330000
Event 340000
Event 350000
Event 360000
Event 370000
Event 380000
Event 390000
Event 400000
Event 410000
Event 420000
Event 430000
Event 440000
Event 450000
Event 460000
Event 470000
Event 480000
Event 490000
Event 500000
Event 510000
Event 520000
Event 530000
Event 540000
Event 550000
Event 560000
Event 570000
Event 580000
Event 590000
Event 600000
Event 610000
Event 620000
Event 630000
Event 640000
Event 650000
Event 660000
Event 670000
Event 680000
Event 690000
Event 700000
Event 710000
Event 720000
Event 730000
Event 740000
Total processed number of events: 748587
End processing...

The number of options is: 2
Option 0 = ./TopMass_analysis
Option 1 = SingleMuon_Run2016C/SingleMuon_Run2016C_77.list
Option 2 = SingleMuon_Run2016C/SingleMuon_Run2016C_77.txt
Input filelist = SingleMuon_Run2016C/SingleMuon_Run2016C_77.list
Output file name = SingleMuon_Run2016C/SingleMuon_Run2016C_77.txt


start merging file(s)
adding: dcap://cluster142.knu.ac.kr//pnfs/knu.ac.kr/data/cms/store/user/sha/Run2FULL/2016PreVFP/DATA/SingleMuon/crab_SingleMuon_Run2016C/240205_181835//0000/SSBTree_786.root
adding: dcap://cluster142.knu.ac.kr//pnfs/knu.ac.kr/data/cms/store/user/sha/Run2FULL/2016PreVFP/DATA/SingleMuon/crab_SingleMuon_Run2016C/240205_181835//0000/SSBTree_787.root
adding: dcap://cluster142.knu.ac.kr//pnfs/knu.ac.kr/data/cms/store/user/sha/Run2FULL/2016PreVFP/DATA/SingleMuon/crab_SingleMuon_Run2016C/240205_181835//0000/SSBTree_788.root
adding: dcap://cluster142.knu.ac.kr//pnfs/knu.ac.kr/data/cms/store/user/sha/Run2FULL/2016PreVFP/DATA/SingleMuon/crab_SingleMuon_Run2016C/240205_181835//0000/SSBTree_789.root
adding: dcap://cluster142.knu.ac.kr//pnfs/knu.ac.kr/data/cms/store/user/sha/Run2FULL/2016PreVFP/DATA/SingleMuon/crab_SingleMuon_Run2016C/240205_181835//0000/SSBTree_78.root
adding: dcap://cluster142.knu.ac.kr//pnfs/knu.ac.kr/data/cms/store/user/sha/Run2FULL/2016PreVFP/DATA/SingleMuon/crab_SingleMuon_Run2016C/240205_181835//0000/SSBTree_790.root
adding: dcap://cluster142.knu.ac.kr//pnfs/knu.ac.kr/data/cms/store/user/sha/Run2FULL/2016PreVFP/DATA/SingleMuon/crab_SingleMuon_Run2016C/240205_181835//0000/SSBTree_791.root
adding: dcap://cluster142.knu.ac.kr//pnfs/knu.ac.kr/data/cms/store/user/sha/Run2FULL/2016PreVFP/DATA/SingleMuon/crab_SingleMuon_Run2016C/240205_181835//0000/SSBTree_792.root
adding: dcap://cluster142.knu.ac.kr//pnfs/knu.ac.kr/data/cms/store/user/sha/Run2FULL/2016PreVFP/DATA/SingleMuon/crab_SingleMuon_Run2016C/240205_181835//0000/SSBTree_793.root
adding: dcap://cluster142.knu.ac.kr//pnfs/knu.ac.kr/data/cms/store/user/sha/Run2FULL/2016PreVFP/DATA/SingleMuon/crab_SingleMuon_Run2016C/240205_181835//0000/SSBTree_794.root
Total number of events after merging root files: 675746
Event 0
Event 10000
Event 20000
Event 30000
Event 40000
Event 50000
Event 60000
Event 70000
Event 80000
Event 90000
Event 100000
Event 110000
Event 120000
Event 130000
Event 140000
Event 150000
Event 160000
Event 170000
Event 180000
Event 190000
Event 200000
Event 210000
Event 220000
Event 230000
Event 240000
Event 250000
Event 260000
Event 270000
Event 280000
Event 290000
Event 300000
Event 310000
Event 320000
Event 330000
Event 340000
Event 350000
Event 360000
Event 370000
Event 380000
Event 390000
Event 400000
Event 410000
Event 420000
Event 430000
Event 440000
Event 450000
Event 460000
Event 470000
Event 480000
Event 490000
Event 500000
Event 510000
Event 520000
Event 530000
Event 540000
Event 550000
Event 560000
Event 570000
Event 580000
Event 590000
Event 600000
Event 610000
Event 620000
Event 630000
Event 640000
Event 650000
Event 660000
Event 670000
Total processed number of events: 675746
End processing...

The number of options is: 2
Option 0 = ./TopMass_analysis
Option 1 = SingleMuon_Run2016C/SingleMuon_Run2016C_86.list
Option 2 = SingleMuon_Run2016C/SingleMuon_Run2016C_86.txt
Input filelist = SingleMuon_Run2016C/SingleMuon_Run2016C_86.list
Output file name = SingleMuon_Run2016C/SingleMuon_Run2016C_86.txt


start merging file(s)
adding: dcap://cluster142.knu.ac.kr//pnfs/knu.ac.kr/data/cms/store/user/sha/Run2FULL/2016PreVFP/DATA/SingleMuon/crab_SingleMuon_Run2016C/240205_181835//0000/SSBTree_867.root
adding: dcap://cluster142.knu.ac.kr//pnfs/knu.ac.kr/data/cms/store/user/sha/Run2FULL/2016PreVFP/DATA/SingleMuon/crab_SingleMuon_Run2016C/240205_181835//0000/SSBTree_868.root
adding: dcap://cluster142.knu.ac.kr//pnfs/knu.ac.kr/data/cms/store/user/sha/Run2FULL/2016PreVFP/DATA/SingleMuon/crab_SingleMuon_Run2016C/240205_181835//0000/SSBTree_869.root
adding: dcap://cluster142.knu.ac.kr//pnfs/knu.ac.kr/data/cms/store/user/sha/Run2FULL/2016PreVFP/DATA/SingleMuon/crab_SingleMuon_Run2016C/240205_181835//0000/SSBTree_86.root
adding: dcap://cluster142.knu.ac.kr//pnfs/knu.ac.kr/data/cms/store/user/sha/Run2FULL/2016PreVFP/DATA/SingleMuon/crab_SingleMuon_Run2016C/240205_181835//0000/SSBTree_870.root
adding: dcap://cluster142.knu.ac.kr//pnfs/knu.ac.kr/data/cms/store/user/sha/Run2FULL/2016PreVFP/DATA/SingleMuon/crab_SingleMuon_Run2016C/240205_181835//0000/SSBTree_871.root
adding: dcap://cluster142.knu.ac.kr//pnfs/knu.ac.kr/data/cms/store/user/sha/Run2FULL/2016PreVFP/DATA/SingleMuon/crab_SingleMuon_Run2016C/240205_181835//0000/SSBTree_872.root
adding: dcap://cluster142.knu.ac.kr//pnfs/knu.ac.kr/data/cms/store/user/sha/Run2FULL/2016PreVFP/DATA/SingleMuon/crab_SingleMuon_Run2016C/240205_181835//0000/SSBTree_873.root
adding: dcap://cluster142.knu.ac.kr//pnfs/knu.ac.kr/data/cms/store/user/sha/Run2FULL/2016PreVFP/DATA/SingleMuon/crab_SingleMuon_Run2016C/240205_181835//0000/SSBTree_87.root
adding: dcap://cluster142.knu.ac.kr//pnfs/knu.ac.kr/data/cms/store/user/sha/Run2FULL/2016PreVFP/DATA/SingleMuon/crab_SingleMuon_Run2016C/240205_181835//0000/SSBTree_88.root
Total number of events after merging root files: 698136
Event 0
Event 10000
Event 20000
Event 30000
Event 40000
Event 50000
Event 60000
Event 70000
Event 80000
Event 90000
Event 100000
Event 110000
Event 120000
Event 130000
Event 140000
Event 150000
Event 160000
Event 170000
Event 180000
Event 190000
Event 200000
Event 210000
Event 220000
Event 230000
Event 240000
Event 250000
Event 260000
Event 270000
Event 280000
Event 290000
Event 300000
Event 310000
Event 320000
Event 330000
Event 340000
Event 350000
Event 360000
Event 370000
Event 380000
Event 390000
Event 400000
Event 410000
Event 420000
Event 430000
Event 440000
Event 450000
Event 460000
Event 470000
Event 480000
Event 490000
Event 500000
Event 510000
Event 520000
Event 530000
Event 540000
Event 550000
Event 560000
Event 570000
Event 580000
Event 590000
Event 600000
Event 610000
Event 620000
Event 630000
Event 640000
Event 650000
Event 660000
Event 670000
Event 680000
Event 690000
Total processed number of events: 698136
End processing...

