The number of options is: 2
Option 0 = ./TopMass_analysis
Option 1 = DoubleEG_Run2016Bv2/DoubleEG_Run2016Bv2_14.list
Option 2 = DoubleEG_Run2016Bv2/DoubleEG_Run2016Bv2_14.txt
Input filelist = DoubleEG_Run2016Bv2/DoubleEG_Run2016Bv2_14.list
Output file name = DoubleEG_Run2016Bv2/DoubleEG_Run2016Bv2_14.txt


start merging file(s)
adding: dcap://cluster142.knu.ac.kr//pnfs/knu.ac.kr/data/cms/store/user/sha/Run2FULL/2016PreVFP/DATA/DoubleEG/crab_DoubleEG_Run2016B-ver2/240205_154141//0000/SSBTree_218.root
adding: dcap://cluster142.knu.ac.kr//pnfs/knu.ac.kr/data/cms/store/user/sha/Run2FULL/2016PreVFP/DATA/DoubleEG/crab_DoubleEG_Run2016B-ver2/240205_154141//0000/SSBTree_219.root
adding: dcap://cluster142.knu.ac.kr//pnfs/knu.ac.kr/data/cms/store/user/sha/Run2FULL/2016PreVFP/DATA/DoubleEG/crab_DoubleEG_Run2016B-ver2/240205_154141//0000/SSBTree_21.root
adding: dcap://cluster142.knu.ac.kr//pnfs/knu.ac.kr/data/cms/store/user/sha/Run2FULL/2016PreVFP/DATA/DoubleEG/crab_DoubleEG_Run2016B-ver2/240205_154141//0000/SSBTree_220.root
adding: dcap://cluster142.knu.ac.kr//pnfs/knu.ac.kr/data/cms/store/user/sha/Run2FULL/2016PreVFP/DATA/DoubleEG/crab_DoubleEG_Run2016B-ver2/240205_154141//0000/SSBTree_221.root
adding: dcap://cluster142.knu.ac.kr//pnfs/knu.ac.kr/data/cms/store/user/sha/Run2FULL/2016PreVFP/DATA/DoubleEG/crab_DoubleEG_Run2016B-ver2/240205_154141//0000/SSBTree_222.root
adding: dcap://cluster142.knu.ac.kr//pnfs/knu.ac.kr/data/cms/store/user/sha/Run2FULL/2016PreVFP/DATA/DoubleEG/crab_DoubleEG_Run2016B-ver2/240205_154141//0000/SSBTree_223.root
adding: dcap://cluster142.knu.ac.kr//pnfs/knu.ac.kr/data/cms/store/user/sha/Run2FULL/2016PreVFP/DATA/DoubleEG/crab_DoubleEG_Run2016B-ver2/240205_154141//0000/SSBTree_224.root
adding: dcap://cluster142.knu.ac.kr//pnfs/knu.ac.kr/data/cms/store/user/sha/Run2FULL/2016PreVFP/DATA/DoubleEG/crab_DoubleEG_Run2016B-ver2/240205_154141//0000/SSBTree_225.root
adding: dcap://cluster142.knu.ac.kr//pnfs/knu.ac.kr/data/cms/store/user/sha/Run2FULL/2016PreVFP/DATA/DoubleEG/crab_DoubleEG_Run2016B-ver2/240205_154141//0000/SSBTree_226.root
Total number of events after merging root files: 419914
Event 0
Event 10000
Event 20000
Event 30000
Event 40000
Event 50000
Event 60000
Event 70000
Event 80000
Event 90000
Event 100000
Event 110000
Event 120000
Event 130000
Event 140000
Event 150000
Event 160000
Event 170000
Event 180000
Event 190000
Event 200000
Event 210000
Event 220000
Event 230000
Event 240000
Event 250000
Event 260000
Event 270000
Event 280000
Event 290000
Event 300000
Event 310000
Event 320000
Event 330000
Event 340000
Event 350000
Event 360000
Event 370000
Event 380000
Event 390000
Event 400000
Event 410000
Total processed number of events: 419914
End processing...

The number of options is: 2
Option 0 = ./TopMass_analysis
Option 1 = DoubleEG_Run2016Bv2/DoubleEG_Run2016Bv2_41.list
Option 2 = DoubleEG_Run2016Bv2/DoubleEG_Run2016Bv2_41.txt
Input filelist = DoubleEG_Run2016Bv2/DoubleEG_Run2016Bv2_41.list
Output file name = DoubleEG_Run2016Bv2/DoubleEG_Run2016Bv2_41.txt


start merging file(s)
adding: dcap://cluster142.knu.ac.kr//pnfs/knu.ac.kr/data/cms/store/user/sha/Run2FULL/2016PreVFP/DATA/DoubleEG/crab_DoubleEG_Run2016B-ver2/240205_154141//0000/SSBTree_461.root
adding: dcap://cluster142.knu.ac.kr//pnfs/knu.ac.kr/data/cms/store/user/sha/Run2FULL/2016PreVFP/DATA/DoubleEG/crab_DoubleEG_Run2016B-ver2/240205_154141//0000/SSBTree_462.root
adding: dcap://cluster142.knu.ac.kr//pnfs/knu.ac.kr/data/cms/store/user/sha/Run2FULL/2016PreVFP/DATA/DoubleEG/crab_DoubleEG_Run2016B-ver2/240205_154141//0000/SSBTree_463.root
adding: dcap://cluster142.knu.ac.kr//pnfs/knu.ac.kr/data/cms/store/user/sha/Run2FULL/2016PreVFP/DATA/DoubleEG/crab_DoubleEG_Run2016B-ver2/240205_154141//0000/SSBTree_464.root
adding: dcap://cluster142.knu.ac.kr//pnfs/knu.ac.kr/data/cms/store/user/sha/Run2FULL/2016PreVFP/DATA/DoubleEG/crab_DoubleEG_Run2016B-ver2/240205_154141//0000/SSBTree_465.root
adding: dcap://cluster142.knu.ac.kr//pnfs/knu.ac.kr/data/cms/store/user/sha/Run2FULL/2016PreVFP/DATA/DoubleEG/crab_DoubleEG_Run2016B-ver2/240205_154141//0000/SSBTree_466.root
adding: dcap://cluster142.knu.ac.kr//pnfs/knu.ac.kr/data/cms/store/user/sha/Run2FULL/2016PreVFP/DATA/DoubleEG/crab_DoubleEG_Run2016B-ver2/240205_154141//0000/SSBTree_467.root
adding: dcap://cluster142.knu.ac.kr//pnfs/knu.ac.kr/data/cms/store/user/sha/Run2FULL/2016PreVFP/DATA/DoubleEG/crab_DoubleEG_Run2016B-ver2/240205_154141//0000/SSBTree_468.root
adding: dcap://cluster142.knu.ac.kr//pnfs/knu.ac.kr/data/cms/store/user/sha/Run2FULL/2016PreVFP/DATA/DoubleEG/crab_DoubleEG_Run2016B-ver2/240205_154141//0000/SSBTree_469.root
adding: dcap://cluster142.knu.ac.kr//pnfs/knu.ac.kr/data/cms/store/user/sha/Run2FULL/2016PreVFP/DATA/DoubleEG/crab_DoubleEG_Run2016B-ver2/240205_154141//0000/SSBTree_46.root
Total number of events after merging root files: 577844
Event 0
Event 10000
Event 20000
Event 30000
Event 40000
Event 50000
Event 60000
Event 70000
Event 80000
Event 90000
Event 100000
Event 110000
Event 120000
Event 130000
Event 140000
Event 150000
Event 160000
Event 170000
Event 180000
Event 190000
Event 200000
Event 210000
Event 220000
Event 230000
Event 240000
Event 250000
Event 260000
Event 270000
Event 280000
Event 290000
Event 300000
Event 310000
Event 320000
Event 330000
Event 340000
Event 350000
Event 360000
Event 370000
Event 380000
Event 390000
Event 400000
Event 410000
Event 420000
Event 430000
Event 440000
Event 450000
Event 460000
Event 470000
Event 480000
Event 490000
Event 500000
Event 510000
Event 520000
Event 530000
Event 540000
Event 550000
Event 560000
Event 570000
Total processed number of events: 577844
End processing...

The number of options is: 2
Option 0 = ./TopMass_analysis
Option 1 = DoubleEG_Run2016Bv2/DoubleEG_Run2016Bv2_68.list
Option 2 = DoubleEG_Run2016Bv2/DoubleEG_Run2016Bv2_68.txt
Input filelist = DoubleEG_Run2016Bv2/DoubleEG_Run2016Bv2_68.list
Output file name = DoubleEG_Run2016Bv2/DoubleEG_Run2016Bv2_68.txt


start merging file(s)
adding: dcap://cluster142.knu.ac.kr//pnfs/knu.ac.kr/data/cms/store/user/sha/Run2FULL/2016PreVFP/DATA/DoubleEG/crab_DoubleEG_Run2016B-ver2/240205_154141//0000/SSBTree_704.root
adding: dcap://cluster142.knu.ac.kr//pnfs/knu.ac.kr/data/cms/store/user/sha/Run2FULL/2016PreVFP/DATA/DoubleEG/crab_DoubleEG_Run2016B-ver2/240205_154141//0000/SSBTree_705.root
adding: dcap://cluster142.knu.ac.kr//pnfs/knu.ac.kr/data/cms/store/user/sha/Run2FULL/2016PreVFP/DATA/DoubleEG/crab_DoubleEG_Run2016B-ver2/240205_154141//0000/SSBTree_706.root
adding: dcap://cluster142.knu.ac.kr//pnfs/knu.ac.kr/data/cms/store/user/sha/Run2FULL/2016PreVFP/DATA/DoubleEG/crab_DoubleEG_Run2016B-ver2/240205_154141//0000/SSBTree_707.root
adding: dcap://cluster142.knu.ac.kr//pnfs/knu.ac.kr/data/cms/store/user/sha/Run2FULL/2016PreVFP/DATA/DoubleEG/crab_DoubleEG_Run2016B-ver2/240205_154141//0000/SSBTree_708.root
adding: dcap://cluster142.knu.ac.kr//pnfs/knu.ac.kr/data/cms/store/user/sha/Run2FULL/2016PreVFP/DATA/DoubleEG/crab_DoubleEG_Run2016B-ver2/240205_154141//0000/SSBTree_709.root
adding: dcap://cluster142.knu.ac.kr//pnfs/knu.ac.kr/data/cms/store/user/sha/Run2FULL/2016PreVFP/DATA/DoubleEG/crab_DoubleEG_Run2016B-ver2/240205_154141//0000/SSBTree_70.root
adding: dcap://cluster142.knu.ac.kr//pnfs/knu.ac.kr/data/cms/store/user/sha/Run2FULL/2016PreVFP/DATA/DoubleEG/crab_DoubleEG_Run2016B-ver2/240205_154141//0000/SSBTree_710.root
adding: dcap://cluster142.knu.ac.kr//pnfs/knu.ac.kr/data/cms/store/user/sha/Run2FULL/2016PreVFP/DATA/DoubleEG/crab_DoubleEG_Run2016B-ver2/240205_154141//0000/SSBTree_711.root
adding: dcap://cluster142.knu.ac.kr//pnfs/knu.ac.kr/data/cms/store/user/sha/Run2FULL/2016PreVFP/DATA/DoubleEG/crab_DoubleEG_Run2016B-ver2/240205_154141//0000/SSBTree_712.root
Total number of events after merging root files: 538152
Event 0
Event 10000
Event 20000
Event 30000
Event 40000
Event 50000
Event 60000
Event 70000
Event 80000
Event 90000
Event 100000
Event 110000
Event 120000
Event 130000
Event 140000
Event 150000
Event 160000
Event 170000
Event 180000
Event 190000
Event 200000
Event 210000
Event 220000
Event 230000
Event 240000
Event 250000
Event 260000
Event 270000
Event 280000
Event 290000
Event 300000
Event 310000
Event 320000
Event 330000
Event 340000
Event 350000
Event 360000
Event 370000
Event 380000
Event 390000
Event 400000
Event 410000
Event 420000
Event 430000
Event 440000
Event 450000
Event 460000
Event 470000
Event 480000
Event 490000
Event 500000
Event 510000
Event 520000
Event 530000
Total processed number of events: 538152
End processing...

The number of options is: 2
Option 0 = ./TopMass_analysis
Option 1 = DoubleEG_Run2016Bv2/DoubleEG_Run2016Bv2_95.list
Option 2 = DoubleEG_Run2016Bv2/DoubleEG_Run2016Bv2_95.txt
Input filelist = DoubleEG_Run2016Bv2/DoubleEG_Run2016Bv2_95.list
Output file name = DoubleEG_Run2016Bv2/DoubleEG_Run2016Bv2_95.txt


start merging file(s)
adding: dcap://cluster142.knu.ac.kr//pnfs/knu.ac.kr/data/cms/store/user/sha/Run2FULL/2016PreVFP/DATA/DoubleEG/crab_DoubleEG_Run2016B-ver2/240205_154141//0000/SSBTree_948.root
adding: dcap://cluster142.knu.ac.kr//pnfs/knu.ac.kr/data/cms/store/user/sha/Run2FULL/2016PreVFP/DATA/DoubleEG/crab_DoubleEG_Run2016B-ver2/240205_154141//0000/SSBTree_949.root
adding: dcap://cluster142.knu.ac.kr//pnfs/knu.ac.kr/data/cms/store/user/sha/Run2FULL/2016PreVFP/DATA/DoubleEG/crab_DoubleEG_Run2016B-ver2/240205_154141//0000/SSBTree_94.root
adding: dcap://cluster142.knu.ac.kr//pnfs/knu.ac.kr/data/cms/store/user/sha/Run2FULL/2016PreVFP/DATA/DoubleEG/crab_DoubleEG_Run2016B-ver2/240205_154141//0000/SSBTree_950.root
adding: dcap://cluster142.knu.ac.kr//pnfs/knu.ac.kr/data/cms/store/user/sha/Run2FULL/2016PreVFP/DATA/DoubleEG/crab_DoubleEG_Run2016B-ver2/240205_154141//0000/SSBTree_951.root
adding: dcap://cluster142.knu.ac.kr//pnfs/knu.ac.kr/data/cms/store/user/sha/Run2FULL/2016PreVFP/DATA/DoubleEG/crab_DoubleEG_Run2016B-ver2/240205_154141//0000/SSBTree_952.root
adding: dcap://cluster142.knu.ac.kr//pnfs/knu.ac.kr/data/cms/store/user/sha/Run2FULL/2016PreVFP/DATA/DoubleEG/crab_DoubleEG_Run2016B-ver2/240205_154141//0000/SSBTree_953.root
adding: dcap://cluster142.knu.ac.kr//pnfs/knu.ac.kr/data/cms/store/user/sha/Run2FULL/2016PreVFP/DATA/DoubleEG/crab_DoubleEG_Run2016B-ver2/240205_154141//0000/SSBTree_954.root
adding: dcap://cluster142.knu.ac.kr//pnfs/knu.ac.kr/data/cms/store/user/sha/Run2FULL/2016PreVFP/DATA/DoubleEG/crab_DoubleEG_Run2016B-ver2/240205_154141//0000/SSBTree_955.root
adding: dcap://cluster142.knu.ac.kr//pnfs/knu.ac.kr/data/cms/store/user/sha/Run2FULL/2016PreVFP/DATA/DoubleEG/crab_DoubleEG_Run2016B-ver2/240205_154141//0000/SSBTree_956.root
Total number of events after merging root files: 353559
Event 0
Event 10000
Event 20000
Event 30000
Event 40000
Event 50000
Event 60000
Event 70000
Event 80000
Event 90000
Event 100000
Event 110000
Event 120000
Event 130000
Event 140000
Event 150000
Event 160000
Event 170000
Event 180000
Event 190000
Event 200000
Event 210000
Event 220000
Event 230000
Event 240000
Event 250000
Event 260000
Event 270000
Event 280000
Event 290000
Event 300000
Event 310000
Event 320000
Event 330000
Event 340000
Event 350000
Total processed number of events: 353559
End processing...

The number of options is: 2
Option 0 = ./TopMass_analysis
Option 1 = DoubleEG_Run2016Bv2/DoubleEG_Run2016Bv2_122.list
Option 2 = DoubleEG_Run2016Bv2/DoubleEG_Run2016Bv2_122.txt
Input filelist = DoubleEG_Run2016Bv2/DoubleEG_Run2016Bv2_122.list
Output file name = DoubleEG_Run2016Bv2/DoubleEG_Run2016Bv2_122.txt


start merging file(s)
adding: dcap://cluster142.knu.ac.kr//pnfs/knu.ac.kr/data/cms/store/user/sha/Run2FULL/2016PreVFP/DATA/DoubleEG/crab_DoubleEG_Run2016B-ver2/240205_154141//0001/SSBTree_1211.root
adding: dcap://cluster142.knu.ac.kr//pnfs/knu.ac.kr/data/cms/store/user/sha/Run2FULL/2016PreVFP/DATA/DoubleEG/crab_DoubleEG_Run2016B-ver2/240205_154141//0001/SSBTree_1212.root
adding: dcap://cluster142.knu.ac.kr//pnfs/knu.ac.kr/data/cms/store/user/sha/Run2FULL/2016PreVFP/DATA/DoubleEG/crab_DoubleEG_Run2016B-ver2/240205_154141//0001/SSBTree_1213.root
adding: dcap://cluster142.knu.ac.kr//pnfs/knu.ac.kr/data/cms/store/user/sha/Run2FULL/2016PreVFP/DATA/DoubleEG/crab_DoubleEG_Run2016B-ver2/240205_154141//0001/SSBTree_1214.root
adding: dcap://cluster142.knu.ac.kr//pnfs/knu.ac.kr/data/cms/store/user/sha/Run2FULL/2016PreVFP/DATA/DoubleEG/crab_DoubleEG_Run2016B-ver2/240205_154141//0001/SSBTree_1215.root
adding: dcap://cluster142.knu.ac.kr//pnfs/knu.ac.kr/data/cms/store/user/sha/Run2FULL/2016PreVFP/DATA/DoubleEG/crab_DoubleEG_Run2016B-ver2/240205_154141//0001/SSBTree_1216.root
adding: dcap://cluster142.knu.ac.kr//pnfs/knu.ac.kr/data/cms/store/user/sha/Run2FULL/2016PreVFP/DATA/DoubleEG/crab_DoubleEG_Run2016B-ver2/240205_154141//0001/SSBTree_1217.root
adding: dcap://cluster142.knu.ac.kr//pnfs/knu.ac.kr/data/cms/store/user/sha/Run2FULL/2016PreVFP/DATA/DoubleEG/crab_DoubleEG_Run2016B-ver2/240205_154141//0001/SSBTree_1218.root
adding: dcap://cluster142.knu.ac.kr//pnfs/knu.ac.kr/data/cms/store/user/sha/Run2FULL/2016PreVFP/DATA/DoubleEG/crab_DoubleEG_Run2016B-ver2/240205_154141//0001/SSBTree_1219.root
adding: dcap://cluster142.knu.ac.kr//pnfs/knu.ac.kr/data/cms/store/user/sha/Run2FULL/2016PreVFP/DATA/DoubleEG/crab_DoubleEG_Run2016B-ver2/240205_154141//0001/SSBTree_1220.root
Total number of events after merging root files: 697493
Event 0
Event 10000
Event 20000
Event 30000
Event 40000
Event 50000
Event 60000
Event 70000
Event 80000
Event 90000
Event 100000
Event 110000
Event 120000
Event 130000
Event 140000
Event 150000
Event 160000
Event 170000
Event 180000
Event 190000
Event 200000
Event 210000
Event 220000
Event 230000
Event 240000
Event 250000
Event 260000
Event 270000
Event 280000
Event 290000
Event 300000
Event 310000
Event 320000
Event 330000
Event 340000
Event 350000
Event 360000
Event 370000
Event 380000
Event 390000
Event 400000
Event 410000
Event 420000
Event 430000
Event 440000
Event 450000
Event 460000
Event 470000
Event 480000
Event 490000
Event 500000
Event 510000
Event 520000
Event 530000
Event 540000
Event 550000
Event 560000
Event 570000
Event 580000
Event 590000
Event 600000
Event 610000
Event 620000
Event 630000
Event 640000
Event 650000
Event 660000
Event 670000
Event 680000
Event 690000
Total processed number of events: 697493
End processing...

The number of options is: 2
Option 0 = ./TopMass_analysis
Option 1 = DoubleEG_Run2016Bv2/DoubleEG_Run2016Bv2_149.list
Option 2 = DoubleEG_Run2016Bv2/DoubleEG_Run2016Bv2_149.txt
Input filelist = DoubleEG_Run2016Bv2/DoubleEG_Run2016Bv2_149.list
Output file name = DoubleEG_Run2016Bv2/DoubleEG_Run2016Bv2_149.txt


start merging file(s)
adding: dcap://cluster142.knu.ac.kr//pnfs/knu.ac.kr/data/cms/store/user/sha/Run2FULL/2016PreVFP/DATA/DoubleEG/crab_DoubleEG_Run2016B-ver2/240205_154141//0001/SSBTree_1481.root
adding: dcap://cluster142.knu.ac.kr//pnfs/knu.ac.kr/data/cms/store/user/sha/Run2FULL/2016PreVFP/DATA/DoubleEG/crab_DoubleEG_Run2016B-ver2/240205_154141//0001/SSBTree_1482.root
adding: dcap://cluster142.knu.ac.kr//pnfs/knu.ac.kr/data/cms/store/user/sha/Run2FULL/2016PreVFP/DATA/DoubleEG/crab_DoubleEG_Run2016B-ver2/240205_154141//0001/SSBTree_1483.root
adding: dcap://cluster142.knu.ac.kr//pnfs/knu.ac.kr/data/cms/store/user/sha/Run2FULL/2016PreVFP/DATA/DoubleEG/crab_DoubleEG_Run2016B-ver2/240205_154141//0001/SSBTree_1484.root
adding: dcap://cluster142.knu.ac.kr//pnfs/knu.ac.kr/data/cms/store/user/sha/Run2FULL/2016PreVFP/DATA/DoubleEG/crab_DoubleEG_Run2016B-ver2/240205_154141//0001/SSBTree_1485.root
adding: dcap://cluster142.knu.ac.kr//pnfs/knu.ac.kr/data/cms/store/user/sha/Run2FULL/2016PreVFP/DATA/DoubleEG/crab_DoubleEG_Run2016B-ver2/240205_154141//0001/SSBTree_1486.root
adding: dcap://cluster142.knu.ac.kr//pnfs/knu.ac.kr/data/cms/store/user/sha/Run2FULL/2016PreVFP/DATA/DoubleEG/crab_DoubleEG_Run2016B-ver2/240205_154141//0001/SSBTree_1487.root
adding: dcap://cluster142.knu.ac.kr//pnfs/knu.ac.kr/data/cms/store/user/sha/Run2FULL/2016PreVFP/DATA/DoubleEG/crab_DoubleEG_Run2016B-ver2/240205_154141//0001/SSBTree_1488.root
adding: dcap://cluster142.knu.ac.kr//pnfs/knu.ac.kr/data/cms/store/user/sha/Run2FULL/2016PreVFP/DATA/DoubleEG/crab_DoubleEG_Run2016B-ver2/240205_154141//0001/SSBTree_1489.root
adding: dcap://cluster142.knu.ac.kr//pnfs/knu.ac.kr/data/cms/store/user/sha/Run2FULL/2016PreVFP/DATA/DoubleEG/crab_DoubleEG_Run2016B-ver2/240205_154141//0001/SSBTree_1490.root
Total number of events after merging root files: 438302
Event 0
Event 10000
Event 20000
Event 30000
Event 40000
Event 50000
Event 60000
Event 70000
Event 80000
Event 90000
Event 100000
Event 110000
Event 120000
Event 130000
Event 140000
Event 150000
Event 160000
Event 170000
Event 180000
Event 190000
Event 200000
Event 210000
Event 220000
Event 230000
Event 240000
Event 250000
Event 260000
Event 270000
Event 280000
Event 290000
Event 300000
Event 310000
Event 320000
Event 330000
Event 340000
Event 350000
Event 360000
Event 370000
Event 380000
Event 390000
Event 400000
Event 410000
Event 420000
Event 430000
Total processed number of events: 438302
End processing...

The number of options is: 2
Option 0 = ./TopMass_analysis
Option 1 = DoubleEG_Run2016Bv2/DoubleEG_Run2016Bv2_176.list
Option 2 = DoubleEG_Run2016Bv2/DoubleEG_Run2016Bv2_176.txt
Input filelist = DoubleEG_Run2016Bv2/DoubleEG_Run2016Bv2_176.list
Output file name = DoubleEG_Run2016Bv2/DoubleEG_Run2016Bv2_176.txt


start merging file(s)
adding: dcap://cluster142.knu.ac.kr//pnfs/knu.ac.kr/data/cms/store/user/sha/Run2FULL/2016PreVFP/DATA/DoubleEG/crab_DoubleEG_Run2016B-ver2/240205_154141//0001/SSBTree_1751.root
adding: dcap://cluster142.knu.ac.kr//pnfs/knu.ac.kr/data/cms/store/user/sha/Run2FULL/2016PreVFP/DATA/DoubleEG/crab_DoubleEG_Run2016B-ver2/240205_154141//0001/SSBTree_1752.root
adding: dcap://cluster142.knu.ac.kr//pnfs/knu.ac.kr/data/cms/store/user/sha/Run2FULL/2016PreVFP/DATA/DoubleEG/crab_DoubleEG_Run2016B-ver2/240205_154141//0001/SSBTree_1753.root
adding: dcap://cluster142.knu.ac.kr//pnfs/knu.ac.kr/data/cms/store/user/sha/Run2FULL/2016PreVFP/DATA/DoubleEG/crab_DoubleEG_Run2016B-ver2/240205_154141//0001/SSBTree_1754.root
adding: dcap://cluster142.knu.ac.kr//pnfs/knu.ac.kr/data/cms/store/user/sha/Run2FULL/2016PreVFP/DATA/DoubleEG/crab_DoubleEG_Run2016B-ver2/240205_154141//0001/SSBTree_1755.root
adding: dcap://cluster142.knu.ac.kr//pnfs/knu.ac.kr/data/cms/store/user/sha/Run2FULL/2016PreVFP/DATA/DoubleEG/crab_DoubleEG_Run2016B-ver2/240205_154141//0001/SSBTree_1756.root
adding: dcap://cluster142.knu.ac.kr//pnfs/knu.ac.kr/data/cms/store/user/sha/Run2FULL/2016PreVFP/DATA/DoubleEG/crab_DoubleEG_Run2016B-ver2/240205_154141//0001/SSBTree_1757.root
adding: dcap://cluster142.knu.ac.kr//pnfs/knu.ac.kr/data/cms/store/user/sha/Run2FULL/2016PreVFP/DATA/DoubleEG/crab_DoubleEG_Run2016B-ver2/240205_154141//0001/SSBTree_1758.root
adding: dcap://cluster142.knu.ac.kr//pnfs/knu.ac.kr/data/cms/store/user/sha/Run2FULL/2016PreVFP/DATA/DoubleEG/crab_DoubleEG_Run2016B-ver2/240205_154141//0001/SSBTree_1759.root
adding: dcap://cluster142.knu.ac.kr//pnfs/knu.ac.kr/data/cms/store/user/sha/Run2FULL/2016PreVFP/DATA/DoubleEG/crab_DoubleEG_Run2016B-ver2/240205_154141//0001/SSBTree_1760.root
Total number of events after merging root files: 575285
Event 0
Event 10000
Event 20000
Event 30000
Event 40000
Event 50000
Event 60000
Event 70000
Event 80000
Event 90000
Event 100000
Event 110000
Event 120000
Event 130000
Event 140000
Event 150000
Event 160000
Event 170000
Event 180000
Event 190000
Event 200000
Event 210000
Event 220000
Event 230000
Event 240000
Event 250000
Event 260000
Event 270000
Event 280000
Event 290000
Event 300000
Event 310000
Event 320000
Event 330000
Event 340000
Event 350000
Event 360000
Event 370000
Event 380000
Event 390000
Event 400000
Event 410000
Event 420000
Event 430000
Event 440000
Event 450000
Event 460000
Event 470000
Event 480000
Event 490000
Event 500000
Event 510000
Event 520000
Event 530000
Event 540000
Event 550000
Event 560000
Event 570000
Total processed number of events: 575285
End processing...

The number of options is: 2
Option 0 = ./TopMass_analysis
Option 1 = DoubleEG_Run2016Bv2/DoubleEG_Run2016Bv2_203.list
Option 2 = DoubleEG_Run2016Bv2/DoubleEG_Run2016Bv2_203.txt
Input filelist = DoubleEG_Run2016Bv2/DoubleEG_Run2016Bv2_203.list
Output file name = DoubleEG_Run2016Bv2/DoubleEG_Run2016Bv2_203.txt


start merging file(s)
adding: dcap://cluster142.knu.ac.kr//pnfs/knu.ac.kr/data/cms/store/user/sha/Run2FULL/2016PreVFP/DATA/DoubleEG/crab_DoubleEG_Run2016B-ver2/240205_154141//0002/SSBTree_2021.root
adding: dcap://cluster142.knu.ac.kr//pnfs/knu.ac.kr/data/cms/store/user/sha/Run2FULL/2016PreVFP/DATA/DoubleEG/crab_DoubleEG_Run2016B-ver2/240205_154141//0002/SSBTree_2022.root
adding: dcap://cluster142.knu.ac.kr//pnfs/knu.ac.kr/data/cms/store/user/sha/Run2FULL/2016PreVFP/DATA/DoubleEG/crab_DoubleEG_Run2016B-ver2/240205_154141//0002/SSBTree_2023.root
adding: dcap://cluster142.knu.ac.kr//pnfs/knu.ac.kr/data/cms/store/user/sha/Run2FULL/2016PreVFP/DATA/DoubleEG/crab_DoubleEG_Run2016B-ver2/240205_154141//0002/SSBTree_2024.root
adding: dcap://cluster142.knu.ac.kr//pnfs/knu.ac.kr/data/cms/store/user/sha/Run2FULL/2016PreVFP/DATA/DoubleEG/crab_DoubleEG_Run2016B-ver2/240205_154141//0002/SSBTree_2025.root
adding: dcap://cluster142.knu.ac.kr//pnfs/knu.ac.kr/data/cms/store/user/sha/Run2FULL/2016PreVFP/DATA/DoubleEG/crab_DoubleEG_Run2016B-ver2/240205_154141//0002/SSBTree_2026.root
adding: dcap://cluster142.knu.ac.kr//pnfs/knu.ac.kr/data/cms/store/user/sha/Run2FULL/2016PreVFP/DATA/DoubleEG/crab_DoubleEG_Run2016B-ver2/240205_154141//0002/SSBTree_2027.root
adding: dcap://cluster142.knu.ac.kr//pnfs/knu.ac.kr/data/cms/store/user/sha/Run2FULL/2016PreVFP/DATA/DoubleEG/crab_DoubleEG_Run2016B-ver2/240205_154141//0002/SSBTree_2028.root
adding: dcap://cluster142.knu.ac.kr//pnfs/knu.ac.kr/data/cms/store/user/sha/Run2FULL/2016PreVFP/DATA/DoubleEG/crab_DoubleEG_Run2016B-ver2/240205_154141//0002/SSBTree_2029.root
adding: dcap://cluster142.knu.ac.kr//pnfs/knu.ac.kr/data/cms/store/user/sha/Run2FULL/2016PreVFP/DATA/DoubleEG/crab_DoubleEG_Run2016B-ver2/240205_154141//0002/SSBTree_2030.root
Total number of events after merging root files: 542552
Event 0
Event 10000
Event 20000
Event 30000
Event 40000
Event 50000
Event 60000
Event 70000
Event 80000
Event 90000
Event 100000
Event 110000
Event 120000
Event 130000
Event 140000
Event 150000
Event 160000
Event 170000
Event 180000
Event 190000
Event 200000
Event 210000
Event 220000
Event 230000
Event 240000
Event 250000
Event 260000
Event 270000
Event 280000
Event 290000
Event 300000
Event 310000
Event 320000
Event 330000
Event 340000
Event 350000
Event 360000
Event 370000
Event 380000
Event 390000
Event 400000
Event 410000
Event 420000
Event 430000
Event 440000
Event 450000
Event 460000
Event 470000
Event 480000
Event 490000
Event 500000
Event 510000
Event 520000
Event 530000
Event 540000
Total processed number of events: 542552
End processing...

The number of options is: 2
Option 0 = ./TopMass_analysis
Option 1 = DoubleEG_Run2016Bv2/DoubleEG_Run2016Bv2_230.list
Option 2 = DoubleEG_Run2016Bv2/DoubleEG_Run2016Bv2_230.txt
Input filelist = DoubleEG_Run2016Bv2/DoubleEG_Run2016Bv2_230.list
Output file name = DoubleEG_Run2016Bv2/DoubleEG_Run2016Bv2_230.txt


start merging file(s)
adding: dcap://cluster142.knu.ac.kr//pnfs/knu.ac.kr/data/cms/store/user/sha/Run2FULL/2016PreVFP/DATA/DoubleEG/crab_DoubleEG_Run2016B-ver2/240205_154141//0002/SSBTree_2291.root
adding: dcap://cluster142.knu.ac.kr//pnfs/knu.ac.kr/data/cms/store/user/sha/Run2FULL/2016PreVFP/DATA/DoubleEG/crab_DoubleEG_Run2016B-ver2/240205_154141//0002/SSBTree_2292.root
adding: dcap://cluster142.knu.ac.kr//pnfs/knu.ac.kr/data/cms/store/user/sha/Run2FULL/2016PreVFP/DATA/DoubleEG/crab_DoubleEG_Run2016B-ver2/240205_154141//0002/SSBTree_2293.root
adding: dcap://cluster142.knu.ac.kr//pnfs/knu.ac.kr/data/cms/store/user/sha/Run2FULL/2016PreVFP/DATA/DoubleEG/crab_DoubleEG_Run2016B-ver2/240205_154141//0002/SSBTree_2294.root
adding: dcap://cluster142.knu.ac.kr//pnfs/knu.ac.kr/data/cms/store/user/sha/Run2FULL/2016PreVFP/DATA/DoubleEG/crab_DoubleEG_Run2016B-ver2/240205_154141//0002/SSBTree_2295.root
adding: dcap://cluster142.knu.ac.kr//pnfs/knu.ac.kr/data/cms/store/user/sha/Run2FULL/2016PreVFP/DATA/DoubleEG/crab_DoubleEG_Run2016B-ver2/240205_154141//0002/SSBTree_2296.root
adding: dcap://cluster142.knu.ac.kr//pnfs/knu.ac.kr/data/cms/store/user/sha/Run2FULL/2016PreVFP/DATA/DoubleEG/crab_DoubleEG_Run2016B-ver2/240205_154141//0002/SSBTree_2297.root
adding: dcap://cluster142.knu.ac.kr//pnfs/knu.ac.kr/data/cms/store/user/sha/Run2FULL/2016PreVFP/DATA/DoubleEG/crab_DoubleEG_Run2016B-ver2/240205_154141//0002/SSBTree_2298.root
adding: dcap://cluster142.knu.ac.kr//pnfs/knu.ac.kr/data/cms/store/user/sha/Run2FULL/2016PreVFP/DATA/DoubleEG/crab_DoubleEG_Run2016B-ver2/240205_154141//0002/SSBTree_2299.root
adding: dcap://cluster142.knu.ac.kr//pnfs/knu.ac.kr/data/cms/store/user/sha/Run2FULL/2016PreVFP/DATA/DoubleEG/crab_DoubleEG_Run2016B-ver2/240205_154141//0002/SSBTree_2300.root
Total number of events after merging root files: 621349
Event 0
Event 10000
Event 20000
Event 30000
Event 40000
Event 50000
Event 60000
Event 70000
Event 80000
Event 90000
Event 100000
Event 110000
Event 120000
Event 130000
Event 140000
Event 150000
Event 160000
Event 170000
Event 180000
Event 190000
Event 200000
Event 210000
Event 220000
Event 230000
Event 240000
Event 250000
Event 260000
Event 270000
Event 280000
Event 290000
Event 300000
Event 310000
Event 320000
Event 330000
Event 340000
Event 350000
Event 360000
Event 370000
Event 380000
Event 390000
Event 400000
Event 410000
Event 420000
Event 430000
Event 440000
Event 450000
Event 460000
Event 470000
Event 480000
Event 490000
Event 500000
Event 510000
Event 520000
Event 530000
Event 540000
Event 550000
Event 560000
Event 570000
Event 580000
Event 590000
Event 600000
Event 610000
Event 620000
Total processed number of events: 621349
End processing...

The number of options is: 2
Option 0 = ./TopMass_analysis
Option 1 = DoubleEG_Run2016Bv2/DoubleEG_Run2016Bv2_257.list
Option 2 = DoubleEG_Run2016Bv2/DoubleEG_Run2016Bv2_257.txt
Input filelist = DoubleEG_Run2016Bv2/DoubleEG_Run2016Bv2_257.list
Output file name = DoubleEG_Run2016Bv2/DoubleEG_Run2016Bv2_257.txt


start merging file(s)
adding: dcap://cluster142.knu.ac.kr//pnfs/knu.ac.kr/data/cms/store/user/sha/Run2FULL/2016PreVFP/DATA/DoubleEG/crab_DoubleEG_Run2016B-ver2/240205_154141//0002/SSBTree_2561.root
adding: dcap://cluster142.knu.ac.kr//pnfs/knu.ac.kr/data/cms/store/user/sha/Run2FULL/2016PreVFP/DATA/DoubleEG/crab_DoubleEG_Run2016B-ver2/240205_154141//0002/SSBTree_2562.root
adding: dcap://cluster142.knu.ac.kr//pnfs/knu.ac.kr/data/cms/store/user/sha/Run2FULL/2016PreVFP/DATA/DoubleEG/crab_DoubleEG_Run2016B-ver2/240205_154141//0002/SSBTree_2563.root
adding: dcap://cluster142.knu.ac.kr//pnfs/knu.ac.kr/data/cms/store/user/sha/Run2FULL/2016PreVFP/DATA/DoubleEG/crab_DoubleEG_Run2016B-ver2/240205_154141//0002/SSBTree_2564.root
adding: dcap://cluster142.knu.ac.kr//pnfs/knu.ac.kr/data/cms/store/user/sha/Run2FULL/2016PreVFP/DATA/DoubleEG/crab_DoubleEG_Run2016B-ver2/240205_154141//0002/SSBTree_2565.root
adding: dcap://cluster142.knu.ac.kr//pnfs/knu.ac.kr/data/cms/store/user/sha/Run2FULL/2016PreVFP/DATA/DoubleEG/crab_DoubleEG_Run2016B-ver2/240205_154141//0002/SSBTree_2566.root
adding: dcap://cluster142.knu.ac.kr//pnfs/knu.ac.kr/data/cms/store/user/sha/Run2FULL/2016PreVFP/DATA/DoubleEG/crab_DoubleEG_Run2016B-ver2/240205_154141//0002/SSBTree_2567.root
adding: dcap://cluster142.knu.ac.kr//pnfs/knu.ac.kr/data/cms/store/user/sha/Run2FULL/2016PreVFP/DATA/DoubleEG/crab_DoubleEG_Run2016B-ver2/240205_154141//0002/SSBTree_2568.root
adding: dcap://cluster142.knu.ac.kr//pnfs/knu.ac.kr/data/cms/store/user/sha/Run2FULL/2016PreVFP/DATA/DoubleEG/crab_DoubleEG_Run2016B-ver2/240205_154141//0002/SSBTree_2569.root
adding: dcap://cluster142.knu.ac.kr//pnfs/knu.ac.kr/data/cms/store/user/sha/Run2FULL/2016PreVFP/DATA/DoubleEG/crab_DoubleEG_Run2016B-ver2/240205_154141//0002/SSBTree_2570.root
Total number of events after merging root files: 568409
Event 0
Event 10000
Event 20000
Event 30000
Event 40000
Event 50000
Event 60000
Event 70000
Event 80000
Event 90000
Event 100000
Event 110000
Event 120000
Event 130000
Event 140000
Event 150000
Event 160000
Event 170000
Event 180000
Event 190000
Event 200000
Event 210000
Event 220000
Event 230000
Event 240000
Event 250000
Event 260000
Event 270000
Event 280000
Event 290000
Event 300000
Event 310000
Event 320000
Event 330000
Event 340000
Event 350000
Event 360000
Event 370000
Event 380000
Event 390000
Event 400000
Event 410000
Event 420000
Event 430000
Event 440000
Event 450000
Event 460000
Event 470000
Event 480000
Event 490000
Event 500000
Event 510000
Event 520000
Event 530000
Event 540000
Event 550000
Event 560000
Total processed number of events: 568409
End processing...

