The number of options is: 2
Option 0 = ./TopMass_analysis
Option 1 = DoubleEG_Run2016Bv2/DoubleEG_Run2016Bv2_2.list
Option 2 = DoubleEG_Run2016Bv2/DoubleEG_Run2016Bv2_2.txt
Input filelist = DoubleEG_Run2016Bv2/DoubleEG_Run2016Bv2_2.list
Output file name = DoubleEG_Run2016Bv2/DoubleEG_Run2016Bv2_2.txt


start merging file(s)
adding: dcap://cluster142.knu.ac.kr//pnfs/knu.ac.kr/data/cms/store/user/sha/Run2FULL/2016PreVFP/DATA/DoubleEG/crab_DoubleEG_Run2016B-ver2/240205_154141//0000/SSBTree_10.root
adding: dcap://cluster142.knu.ac.kr//pnfs/knu.ac.kr/data/cms/store/user/sha/Run2FULL/2016PreVFP/DATA/DoubleEG/crab_DoubleEG_Run2016B-ver2/240205_154141//0000/SSBTree_110.root
adding: dcap://cluster142.knu.ac.kr//pnfs/knu.ac.kr/data/cms/store/user/sha/Run2FULL/2016PreVFP/DATA/DoubleEG/crab_DoubleEG_Run2016B-ver2/240205_154141//0000/SSBTree_111.root
adding: dcap://cluster142.knu.ac.kr//pnfs/knu.ac.kr/data/cms/store/user/sha/Run2FULL/2016PreVFP/DATA/DoubleEG/crab_DoubleEG_Run2016B-ver2/240205_154141//0000/SSBTree_112.root
adding: dcap://cluster142.knu.ac.kr//pnfs/knu.ac.kr/data/cms/store/user/sha/Run2FULL/2016PreVFP/DATA/DoubleEG/crab_DoubleEG_Run2016B-ver2/240205_154141//0000/SSBTree_113.root
adding: dcap://cluster142.knu.ac.kr//pnfs/knu.ac.kr/data/cms/store/user/sha/Run2FULL/2016PreVFP/DATA/DoubleEG/crab_DoubleEG_Run2016B-ver2/240205_154141//0000/SSBTree_114.root
adding: dcap://cluster142.knu.ac.kr//pnfs/knu.ac.kr/data/cms/store/user/sha/Run2FULL/2016PreVFP/DATA/DoubleEG/crab_DoubleEG_Run2016B-ver2/240205_154141//0000/SSBTree_115.root
adding: dcap://cluster142.knu.ac.kr//pnfs/knu.ac.kr/data/cms/store/user/sha/Run2FULL/2016PreVFP/DATA/DoubleEG/crab_DoubleEG_Run2016B-ver2/240205_154141//0000/SSBTree_116.root
adding: dcap://cluster142.knu.ac.kr//pnfs/knu.ac.kr/data/cms/store/user/sha/Run2FULL/2016PreVFP/DATA/DoubleEG/crab_DoubleEG_Run2016B-ver2/240205_154141//0000/SSBTree_117.root
adding: dcap://cluster142.knu.ac.kr//pnfs/knu.ac.kr/data/cms/store/user/sha/Run2FULL/2016PreVFP/DATA/DoubleEG/crab_DoubleEG_Run2016B-ver2/240205_154141//0000/SSBTree_118.root
Total number of events after merging root files: 549595
Event 0
Event 10000
Event 20000
Event 30000
Event 40000
Event 50000
Event 60000
Event 70000
Event 80000
Event 90000
Event 100000
Event 110000
Event 120000
Event 130000
Event 140000
Event 150000
Event 160000
Event 170000
Event 180000
Event 190000
Event 200000
Event 210000
Event 220000
Event 230000
Event 240000
Event 250000
Event 260000
Event 270000
Event 280000
Event 290000
Event 300000
Event 310000
Event 320000
Event 330000
Event 340000
Event 350000
Event 360000
Event 370000
Event 380000
Event 390000
Event 400000
Event 410000
Event 420000
Event 430000
Event 440000
Event 450000
Event 460000
Event 470000
Event 480000
Event 490000
Event 500000
Event 510000
Event 520000
Event 530000
Event 540000
Total processed number of events: 549595
End processing...

The number of options is: 2
Option 0 = ./TopMass_analysis
Option 1 = DoubleEG_Run2016Bv2/DoubleEG_Run2016Bv2_29.list
Option 2 = DoubleEG_Run2016Bv2/DoubleEG_Run2016Bv2_29.txt
Input filelist = DoubleEG_Run2016Bv2/DoubleEG_Run2016Bv2_29.list
Output file name = DoubleEG_Run2016Bv2/DoubleEG_Run2016Bv2_29.txt


start merging file(s)
adding: dcap://cluster142.knu.ac.kr//pnfs/knu.ac.kr/data/cms/store/user/sha/Run2FULL/2016PreVFP/DATA/DoubleEG/crab_DoubleEG_Run2016B-ver2/240205_154141//0000/SSBTree_353.root
adding: dcap://cluster142.knu.ac.kr//pnfs/knu.ac.kr/data/cms/store/user/sha/Run2FULL/2016PreVFP/DATA/DoubleEG/crab_DoubleEG_Run2016B-ver2/240205_154141//0000/SSBTree_354.root
adding: dcap://cluster142.knu.ac.kr//pnfs/knu.ac.kr/data/cms/store/user/sha/Run2FULL/2016PreVFP/DATA/DoubleEG/crab_DoubleEG_Run2016B-ver2/240205_154141//0000/SSBTree_355.root
adding: dcap://cluster142.knu.ac.kr//pnfs/knu.ac.kr/data/cms/store/user/sha/Run2FULL/2016PreVFP/DATA/DoubleEG/crab_DoubleEG_Run2016B-ver2/240205_154141//0000/SSBTree_356.root
adding: dcap://cluster142.knu.ac.kr//pnfs/knu.ac.kr/data/cms/store/user/sha/Run2FULL/2016PreVFP/DATA/DoubleEG/crab_DoubleEG_Run2016B-ver2/240205_154141//0000/SSBTree_357.root
adding: dcap://cluster142.knu.ac.kr//pnfs/knu.ac.kr/data/cms/store/user/sha/Run2FULL/2016PreVFP/DATA/DoubleEG/crab_DoubleEG_Run2016B-ver2/240205_154141//0000/SSBTree_358.root
adding: dcap://cluster142.knu.ac.kr//pnfs/knu.ac.kr/data/cms/store/user/sha/Run2FULL/2016PreVFP/DATA/DoubleEG/crab_DoubleEG_Run2016B-ver2/240205_154141//0000/SSBTree_359.root
adding: dcap://cluster142.knu.ac.kr//pnfs/knu.ac.kr/data/cms/store/user/sha/Run2FULL/2016PreVFP/DATA/DoubleEG/crab_DoubleEG_Run2016B-ver2/240205_154141//0000/SSBTree_35.root
adding: dcap://cluster142.knu.ac.kr//pnfs/knu.ac.kr/data/cms/store/user/sha/Run2FULL/2016PreVFP/DATA/DoubleEG/crab_DoubleEG_Run2016B-ver2/240205_154141//0000/SSBTree_360.root
adding: dcap://cluster142.knu.ac.kr//pnfs/knu.ac.kr/data/cms/store/user/sha/Run2FULL/2016PreVFP/DATA/DoubleEG/crab_DoubleEG_Run2016B-ver2/240205_154141//0000/SSBTree_361.root
Total number of events after merging root files: 625825
Event 0
Event 10000
Event 20000
Event 30000
Event 40000
Event 50000
Event 60000
Event 70000
Event 80000
Event 90000
Event 100000
Event 110000
Event 120000
Event 130000
Event 140000
Event 150000
Event 160000
Event 170000
Event 180000
Event 190000
Event 200000
Event 210000
Event 220000
Event 230000
Event 240000
Event 250000
Event 260000
Event 270000
Event 280000
Event 290000
Event 300000
Event 310000
Event 320000
Event 330000
Event 340000
Event 350000
Event 360000
Event 370000
Event 380000
Event 390000
Event 400000
Event 410000
Event 420000
Event 430000
Event 440000
Event 450000
Event 460000
Event 470000
Event 480000
Event 490000
Event 500000
Event 510000
Event 520000
Event 530000
Event 540000
Event 550000
Event 560000
Event 570000
Event 580000
Event 590000
Event 600000
Event 610000
Event 620000
Total processed number of events: 625825
End processing...

The number of options is: 2
Option 0 = ./TopMass_analysis
Option 1 = DoubleEG_Run2016Bv2/DoubleEG_Run2016Bv2_56.list
Option 2 = DoubleEG_Run2016Bv2/DoubleEG_Run2016Bv2_56.txt
Input filelist = DoubleEG_Run2016Bv2/DoubleEG_Run2016Bv2_56.list
Output file name = DoubleEG_Run2016Bv2/DoubleEG_Run2016Bv2_56.txt


start merging file(s)
adding: dcap://cluster142.knu.ac.kr//pnfs/knu.ac.kr/data/cms/store/user/sha/Run2FULL/2016PreVFP/DATA/DoubleEG/crab_DoubleEG_Run2016B-ver2/240205_154141//0000/SSBTree_597.root
adding: dcap://cluster142.knu.ac.kr//pnfs/knu.ac.kr/data/cms/store/user/sha/Run2FULL/2016PreVFP/DATA/DoubleEG/crab_DoubleEG_Run2016B-ver2/240205_154141//0000/SSBTree_598.root
adding: dcap://cluster142.knu.ac.kr//pnfs/knu.ac.kr/data/cms/store/user/sha/Run2FULL/2016PreVFP/DATA/DoubleEG/crab_DoubleEG_Run2016B-ver2/240205_154141//0000/SSBTree_599.root
adding: dcap://cluster142.knu.ac.kr//pnfs/knu.ac.kr/data/cms/store/user/sha/Run2FULL/2016PreVFP/DATA/DoubleEG/crab_DoubleEG_Run2016B-ver2/240205_154141//0000/SSBTree_59.root
adding: dcap://cluster142.knu.ac.kr//pnfs/knu.ac.kr/data/cms/store/user/sha/Run2FULL/2016PreVFP/DATA/DoubleEG/crab_DoubleEG_Run2016B-ver2/240205_154141//0000/SSBTree_5.root
adding: dcap://cluster142.knu.ac.kr//pnfs/knu.ac.kr/data/cms/store/user/sha/Run2FULL/2016PreVFP/DATA/DoubleEG/crab_DoubleEG_Run2016B-ver2/240205_154141//0000/SSBTree_600.root
adding: dcap://cluster142.knu.ac.kr//pnfs/knu.ac.kr/data/cms/store/user/sha/Run2FULL/2016PreVFP/DATA/DoubleEG/crab_DoubleEG_Run2016B-ver2/240205_154141//0000/SSBTree_601.root
adding: dcap://cluster142.knu.ac.kr//pnfs/knu.ac.kr/data/cms/store/user/sha/Run2FULL/2016PreVFP/DATA/DoubleEG/crab_DoubleEG_Run2016B-ver2/240205_154141//0000/SSBTree_602.root
adding: dcap://cluster142.knu.ac.kr//pnfs/knu.ac.kr/data/cms/store/user/sha/Run2FULL/2016PreVFP/DATA/DoubleEG/crab_DoubleEG_Run2016B-ver2/240205_154141//0000/SSBTree_603.root
adding: dcap://cluster142.knu.ac.kr//pnfs/knu.ac.kr/data/cms/store/user/sha/Run2FULL/2016PreVFP/DATA/DoubleEG/crab_DoubleEG_Run2016B-ver2/240205_154141//0000/SSBTree_604.root
Total number of events after merging root files: 514556
Event 0
Event 10000
Event 20000
Event 30000
Event 40000
Event 50000
Event 60000
Event 70000
Event 80000
Event 90000
Event 100000
Event 110000
Event 120000
Event 130000
Event 140000
Event 150000
Event 160000
Event 170000
Event 180000
Event 190000
Event 200000
Event 210000
Event 220000
Event 230000
Event 240000
Event 250000
Event 260000
Event 270000
Event 280000
Event 290000
Event 300000
Event 310000
Event 320000
Event 330000
Event 340000
Event 350000
Event 360000
Event 370000
Event 380000
Event 390000
Event 400000
Event 410000
Event 420000
Event 430000
Event 440000
Event 450000
Event 460000
Event 470000
Event 480000
Event 490000
Event 500000
Event 510000
Total processed number of events: 514556
End processing...

The number of options is: 2
Option 0 = ./TopMass_analysis
Option 1 = DoubleEG_Run2016Bv2/DoubleEG_Run2016Bv2_83.list
Option 2 = DoubleEG_Run2016Bv2/DoubleEG_Run2016Bv2_83.txt
Input filelist = DoubleEG_Run2016Bv2/DoubleEG_Run2016Bv2_83.list
Output file name = DoubleEG_Run2016Bv2/DoubleEG_Run2016Bv2_83.txt


start merging file(s)
adding: dcap://cluster142.knu.ac.kr//pnfs/knu.ac.kr/data/cms/store/user/sha/Run2FULL/2016PreVFP/DATA/DoubleEG/crab_DoubleEG_Run2016B-ver2/240205_154141//0000/SSBTree_83.root
adding: dcap://cluster142.knu.ac.kr//pnfs/knu.ac.kr/data/cms/store/user/sha/Run2FULL/2016PreVFP/DATA/DoubleEG/crab_DoubleEG_Run2016B-ver2/240205_154141//0000/SSBTree_840.root
adding: dcap://cluster142.knu.ac.kr//pnfs/knu.ac.kr/data/cms/store/user/sha/Run2FULL/2016PreVFP/DATA/DoubleEG/crab_DoubleEG_Run2016B-ver2/240205_154141//0000/SSBTree_841.root
adding: dcap://cluster142.knu.ac.kr//pnfs/knu.ac.kr/data/cms/store/user/sha/Run2FULL/2016PreVFP/DATA/DoubleEG/crab_DoubleEG_Run2016B-ver2/240205_154141//0000/SSBTree_842.root
adding: dcap://cluster142.knu.ac.kr//pnfs/knu.ac.kr/data/cms/store/user/sha/Run2FULL/2016PreVFP/DATA/DoubleEG/crab_DoubleEG_Run2016B-ver2/240205_154141//0000/SSBTree_843.root
adding: dcap://cluster142.knu.ac.kr//pnfs/knu.ac.kr/data/cms/store/user/sha/Run2FULL/2016PreVFP/DATA/DoubleEG/crab_DoubleEG_Run2016B-ver2/240205_154141//0000/SSBTree_844.root
adding: dcap://cluster142.knu.ac.kr//pnfs/knu.ac.kr/data/cms/store/user/sha/Run2FULL/2016PreVFP/DATA/DoubleEG/crab_DoubleEG_Run2016B-ver2/240205_154141//0000/SSBTree_845.root
adding: dcap://cluster142.knu.ac.kr//pnfs/knu.ac.kr/data/cms/store/user/sha/Run2FULL/2016PreVFP/DATA/DoubleEG/crab_DoubleEG_Run2016B-ver2/240205_154141//0000/SSBTree_846.root
adding: dcap://cluster142.knu.ac.kr//pnfs/knu.ac.kr/data/cms/store/user/sha/Run2FULL/2016PreVFP/DATA/DoubleEG/crab_DoubleEG_Run2016B-ver2/240205_154141//0000/SSBTree_847.root
adding: dcap://cluster142.knu.ac.kr//pnfs/knu.ac.kr/data/cms/store/user/sha/Run2FULL/2016PreVFP/DATA/DoubleEG/crab_DoubleEG_Run2016B-ver2/240205_154141//0000/SSBTree_848.root
Total number of events after merging root files: 509998
Event 0
Event 10000
Event 20000
Event 30000
Event 40000
Event 50000
Event 60000
Event 70000
Event 80000
Event 90000
Event 100000
Event 110000
Event 120000
Event 130000
Event 140000
Event 150000
Event 160000
Event 170000
Event 180000
Event 190000
Event 200000
Event 210000
Event 220000
Event 230000
Event 240000
Event 250000
Event 260000
Event 270000
Event 280000
Event 290000
Event 300000
Event 310000
Event 320000
Event 330000
Event 340000
Event 350000
Event 360000
Event 370000
Event 380000
Event 390000
Event 400000
Event 410000
Event 420000
Event 430000
Event 440000
Event 450000
Event 460000
Event 470000
Event 480000
Event 490000
Event 500000
Total processed number of events: 509998
End processing...

The number of options is: 2
Option 0 = ./TopMass_analysis
Option 1 = DoubleEG_Run2016Bv2/DoubleEG_Run2016Bv2_110.list
Option 2 = DoubleEG_Run2016Bv2/DoubleEG_Run2016Bv2_110.txt
Input filelist = DoubleEG_Run2016Bv2/DoubleEG_Run2016Bv2_110.list
Output file name = DoubleEG_Run2016Bv2/DoubleEG_Run2016Bv2_110.txt


start merging file(s)
adding: dcap://cluster142.knu.ac.kr//pnfs/knu.ac.kr/data/cms/store/user/sha/Run2FULL/2016PreVFP/DATA/DoubleEG/crab_DoubleEG_Run2016B-ver2/240205_154141//0001/SSBTree_1091.root
adding: dcap://cluster142.knu.ac.kr//pnfs/knu.ac.kr/data/cms/store/user/sha/Run2FULL/2016PreVFP/DATA/DoubleEG/crab_DoubleEG_Run2016B-ver2/240205_154141//0001/SSBTree_1092.root
adding: dcap://cluster142.knu.ac.kr//pnfs/knu.ac.kr/data/cms/store/user/sha/Run2FULL/2016PreVFP/DATA/DoubleEG/crab_DoubleEG_Run2016B-ver2/240205_154141//0001/SSBTree_1093.root
adding: dcap://cluster142.knu.ac.kr//pnfs/knu.ac.kr/data/cms/store/user/sha/Run2FULL/2016PreVFP/DATA/DoubleEG/crab_DoubleEG_Run2016B-ver2/240205_154141//0001/SSBTree_1094.root
adding: dcap://cluster142.knu.ac.kr//pnfs/knu.ac.kr/data/cms/store/user/sha/Run2FULL/2016PreVFP/DATA/DoubleEG/crab_DoubleEG_Run2016B-ver2/240205_154141//0001/SSBTree_1095.root
adding: dcap://cluster142.knu.ac.kr//pnfs/knu.ac.kr/data/cms/store/user/sha/Run2FULL/2016PreVFP/DATA/DoubleEG/crab_DoubleEG_Run2016B-ver2/240205_154141//0001/SSBTree_1096.root
adding: dcap://cluster142.knu.ac.kr//pnfs/knu.ac.kr/data/cms/store/user/sha/Run2FULL/2016PreVFP/DATA/DoubleEG/crab_DoubleEG_Run2016B-ver2/240205_154141//0001/SSBTree_1097.root
adding: dcap://cluster142.knu.ac.kr//pnfs/knu.ac.kr/data/cms/store/user/sha/Run2FULL/2016PreVFP/DATA/DoubleEG/crab_DoubleEG_Run2016B-ver2/240205_154141//0001/SSBTree_1098.root
adding: dcap://cluster142.knu.ac.kr//pnfs/knu.ac.kr/data/cms/store/user/sha/Run2FULL/2016PreVFP/DATA/DoubleEG/crab_DoubleEG_Run2016B-ver2/240205_154141//0001/SSBTree_1099.root
adding: dcap://cluster142.knu.ac.kr//pnfs/knu.ac.kr/data/cms/store/user/sha/Run2FULL/2016PreVFP/DATA/DoubleEG/crab_DoubleEG_Run2016B-ver2/240205_154141//0001/SSBTree_1100.root
Total number of events after merging root files: 517858
Event 0
Event 10000
Event 20000
Event 30000
Event 40000
Event 50000
Event 60000
Event 70000
Event 80000
Event 90000
Event 100000
Event 110000
Event 120000
Event 130000
Event 140000
Event 150000
Event 160000
Event 170000
Event 180000
Event 190000
Event 200000
Event 210000
Event 220000
Event 230000
Event 240000
Event 250000
Event 260000
Event 270000
Event 280000
Event 290000
Event 300000
Event 310000
Event 320000
Event 330000
Event 340000
Event 350000
Event 360000
Event 370000
Event 380000
Event 390000
Event 400000
Event 410000
Event 420000
Event 430000
Event 440000
Event 450000
Event 460000
Event 470000
Event 480000
Event 490000
Event 500000
Event 510000
Total processed number of events: 517858
End processing...

The number of options is: 2
Option 0 = ./TopMass_analysis
Option 1 = DoubleEG_Run2016Bv2/DoubleEG_Run2016Bv2_137.list
Option 2 = DoubleEG_Run2016Bv2/DoubleEG_Run2016Bv2_137.txt
Input filelist = DoubleEG_Run2016Bv2/DoubleEG_Run2016Bv2_137.list
Output file name = DoubleEG_Run2016Bv2/DoubleEG_Run2016Bv2_137.txt


start merging file(s)
adding: dcap://cluster142.knu.ac.kr//pnfs/knu.ac.kr/data/cms/store/user/sha/Run2FULL/2016PreVFP/DATA/DoubleEG/crab_DoubleEG_Run2016B-ver2/240205_154141//0001/SSBTree_1361.root
adding: dcap://cluster142.knu.ac.kr//pnfs/knu.ac.kr/data/cms/store/user/sha/Run2FULL/2016PreVFP/DATA/DoubleEG/crab_DoubleEG_Run2016B-ver2/240205_154141//0001/SSBTree_1362.root
adding: dcap://cluster142.knu.ac.kr//pnfs/knu.ac.kr/data/cms/store/user/sha/Run2FULL/2016PreVFP/DATA/DoubleEG/crab_DoubleEG_Run2016B-ver2/240205_154141//0001/SSBTree_1363.root
adding: dcap://cluster142.knu.ac.kr//pnfs/knu.ac.kr/data/cms/store/user/sha/Run2FULL/2016PreVFP/DATA/DoubleEG/crab_DoubleEG_Run2016B-ver2/240205_154141//0001/SSBTree_1364.root
adding: dcap://cluster142.knu.ac.kr//pnfs/knu.ac.kr/data/cms/store/user/sha/Run2FULL/2016PreVFP/DATA/DoubleEG/crab_DoubleEG_Run2016B-ver2/240205_154141//0001/SSBTree_1365.root
adding: dcap://cluster142.knu.ac.kr//pnfs/knu.ac.kr/data/cms/store/user/sha/Run2FULL/2016PreVFP/DATA/DoubleEG/crab_DoubleEG_Run2016B-ver2/240205_154141//0001/SSBTree_1366.root
adding: dcap://cluster142.knu.ac.kr//pnfs/knu.ac.kr/data/cms/store/user/sha/Run2FULL/2016PreVFP/DATA/DoubleEG/crab_DoubleEG_Run2016B-ver2/240205_154141//0001/SSBTree_1367.root
adding: dcap://cluster142.knu.ac.kr//pnfs/knu.ac.kr/data/cms/store/user/sha/Run2FULL/2016PreVFP/DATA/DoubleEG/crab_DoubleEG_Run2016B-ver2/240205_154141//0001/SSBTree_1368.root
adding: dcap://cluster142.knu.ac.kr//pnfs/knu.ac.kr/data/cms/store/user/sha/Run2FULL/2016PreVFP/DATA/DoubleEG/crab_DoubleEG_Run2016B-ver2/240205_154141//0001/SSBTree_1369.root
adding: dcap://cluster142.knu.ac.kr//pnfs/knu.ac.kr/data/cms/store/user/sha/Run2FULL/2016PreVFP/DATA/DoubleEG/crab_DoubleEG_Run2016B-ver2/240205_154141//0001/SSBTree_1370.root
Total number of events after merging root files: 521327
Event 0
Event 10000
Event 20000
Event 30000
Event 40000
Event 50000
Event 60000
Event 70000
Event 80000
Event 90000
Event 100000
Event 110000
Event 120000
Event 130000
Event 140000
Event 150000
Event 160000
Event 170000
Event 180000
Event 190000
Event 200000
Event 210000
Event 220000
Event 230000
Event 240000
Event 250000
Event 260000
Event 270000
Event 280000
Event 290000
Event 300000
Event 310000
Event 320000
Event 330000
Event 340000
Event 350000
Event 360000
Event 370000
Event 380000
Event 390000
Event 400000
Event 410000
Event 420000
Event 430000
Event 440000
Event 450000
Event 460000
Event 470000
Event 480000
Event 490000
Event 500000
Event 510000
Event 520000
Total processed number of events: 521327
End processing...

The number of options is: 2
Option 0 = ./TopMass_analysis
Option 1 = DoubleEG_Run2016Bv2/DoubleEG_Run2016Bv2_164.list
Option 2 = DoubleEG_Run2016Bv2/DoubleEG_Run2016Bv2_164.txt
Input filelist = DoubleEG_Run2016Bv2/DoubleEG_Run2016Bv2_164.list
Output file name = DoubleEG_Run2016Bv2/DoubleEG_Run2016Bv2_164.txt


start merging file(s)
adding: dcap://cluster142.knu.ac.kr//pnfs/knu.ac.kr/data/cms/store/user/sha/Run2FULL/2016PreVFP/DATA/DoubleEG/crab_DoubleEG_Run2016B-ver2/240205_154141//0001/SSBTree_1631.root
adding: dcap://cluster142.knu.ac.kr//pnfs/knu.ac.kr/data/cms/store/user/sha/Run2FULL/2016PreVFP/DATA/DoubleEG/crab_DoubleEG_Run2016B-ver2/240205_154141//0001/SSBTree_1632.root
adding: dcap://cluster142.knu.ac.kr//pnfs/knu.ac.kr/data/cms/store/user/sha/Run2FULL/2016PreVFP/DATA/DoubleEG/crab_DoubleEG_Run2016B-ver2/240205_154141//0001/SSBTree_1633.root
adding: dcap://cluster142.knu.ac.kr//pnfs/knu.ac.kr/data/cms/store/user/sha/Run2FULL/2016PreVFP/DATA/DoubleEG/crab_DoubleEG_Run2016B-ver2/240205_154141//0001/SSBTree_1634.root
adding: dcap://cluster142.knu.ac.kr//pnfs/knu.ac.kr/data/cms/store/user/sha/Run2FULL/2016PreVFP/DATA/DoubleEG/crab_DoubleEG_Run2016B-ver2/240205_154141//0001/SSBTree_1635.root
adding: dcap://cluster142.knu.ac.kr//pnfs/knu.ac.kr/data/cms/store/user/sha/Run2FULL/2016PreVFP/DATA/DoubleEG/crab_DoubleEG_Run2016B-ver2/240205_154141//0001/SSBTree_1636.root
adding: dcap://cluster142.knu.ac.kr//pnfs/knu.ac.kr/data/cms/store/user/sha/Run2FULL/2016PreVFP/DATA/DoubleEG/crab_DoubleEG_Run2016B-ver2/240205_154141//0001/SSBTree_1637.root
adding: dcap://cluster142.knu.ac.kr//pnfs/knu.ac.kr/data/cms/store/user/sha/Run2FULL/2016PreVFP/DATA/DoubleEG/crab_DoubleEG_Run2016B-ver2/240205_154141//0001/SSBTree_1638.root
adding: dcap://cluster142.knu.ac.kr//pnfs/knu.ac.kr/data/cms/store/user/sha/Run2FULL/2016PreVFP/DATA/DoubleEG/crab_DoubleEG_Run2016B-ver2/240205_154141//0001/SSBTree_1639.root
adding: dcap://cluster142.knu.ac.kr//pnfs/knu.ac.kr/data/cms/store/user/sha/Run2FULL/2016PreVFP/DATA/DoubleEG/crab_DoubleEG_Run2016B-ver2/240205_154141//0001/SSBTree_1640.root
Total number of events after merging root files: 416561
Event 0
Event 10000
Event 20000
Event 30000
Event 40000
Event 50000
Event 60000
Event 70000
Event 80000
Event 90000
Event 100000
Event 110000
Event 120000
Event 130000
Event 140000
Event 150000
Event 160000
Event 170000
Event 180000
Event 190000
Event 200000
Event 210000
Event 220000
Event 230000
Event 240000
Event 250000
Event 260000
Event 270000
Event 280000
Event 290000
Event 300000
Event 310000
Event 320000
Event 330000
Event 340000
Event 350000
Event 360000
Event 370000
Event 380000
Event 390000
Event 400000
Event 410000
Total processed number of events: 416561
End processing...

The number of options is: 2
Option 0 = ./TopMass_analysis
Option 1 = DoubleEG_Run2016Bv2/DoubleEG_Run2016Bv2_191.list
Option 2 = DoubleEG_Run2016Bv2/DoubleEG_Run2016Bv2_191.txt
Input filelist = DoubleEG_Run2016Bv2/DoubleEG_Run2016Bv2_191.list
Output file name = DoubleEG_Run2016Bv2/DoubleEG_Run2016Bv2_191.txt


start merging file(s)
adding: dcap://cluster142.knu.ac.kr//pnfs/knu.ac.kr/data/cms/store/user/sha/Run2FULL/2016PreVFP/DATA/DoubleEG/crab_DoubleEG_Run2016B-ver2/240205_154141//0001/SSBTree_1901.root
adding: dcap://cluster142.knu.ac.kr//pnfs/knu.ac.kr/data/cms/store/user/sha/Run2FULL/2016PreVFP/DATA/DoubleEG/crab_DoubleEG_Run2016B-ver2/240205_154141//0001/SSBTree_1902.root
adding: dcap://cluster142.knu.ac.kr//pnfs/knu.ac.kr/data/cms/store/user/sha/Run2FULL/2016PreVFP/DATA/DoubleEG/crab_DoubleEG_Run2016B-ver2/240205_154141//0001/SSBTree_1903.root
adding: dcap://cluster142.knu.ac.kr//pnfs/knu.ac.kr/data/cms/store/user/sha/Run2FULL/2016PreVFP/DATA/DoubleEG/crab_DoubleEG_Run2016B-ver2/240205_154141//0001/SSBTree_1904.root
adding: dcap://cluster142.knu.ac.kr//pnfs/knu.ac.kr/data/cms/store/user/sha/Run2FULL/2016PreVFP/DATA/DoubleEG/crab_DoubleEG_Run2016B-ver2/240205_154141//0001/SSBTree_1905.root
adding: dcap://cluster142.knu.ac.kr//pnfs/knu.ac.kr/data/cms/store/user/sha/Run2FULL/2016PreVFP/DATA/DoubleEG/crab_DoubleEG_Run2016B-ver2/240205_154141//0001/SSBTree_1906.root
adding: dcap://cluster142.knu.ac.kr//pnfs/knu.ac.kr/data/cms/store/user/sha/Run2FULL/2016PreVFP/DATA/DoubleEG/crab_DoubleEG_Run2016B-ver2/240205_154141//0001/SSBTree_1907.root
adding: dcap://cluster142.knu.ac.kr//pnfs/knu.ac.kr/data/cms/store/user/sha/Run2FULL/2016PreVFP/DATA/DoubleEG/crab_DoubleEG_Run2016B-ver2/240205_154141//0001/SSBTree_1908.root
adding: dcap://cluster142.knu.ac.kr//pnfs/knu.ac.kr/data/cms/store/user/sha/Run2FULL/2016PreVFP/DATA/DoubleEG/crab_DoubleEG_Run2016B-ver2/240205_154141//0001/SSBTree_1909.root
adding: dcap://cluster142.knu.ac.kr//pnfs/knu.ac.kr/data/cms/store/user/sha/Run2FULL/2016PreVFP/DATA/DoubleEG/crab_DoubleEG_Run2016B-ver2/240205_154141//0001/SSBTree_1910.root
Total number of events after merging root files: 312242
Event 0
Event 10000
Event 20000
Event 30000
Event 40000
Event 50000
Event 60000
Event 70000
Event 80000
Event 90000
Event 100000
Event 110000
Event 120000
Event 130000
Event 140000
Event 150000
Event 160000
Event 170000
Event 180000
Event 190000
Event 200000
Event 210000
Event 220000
Event 230000
Event 240000
Event 250000
Event 260000
Event 270000
Event 280000
Event 290000
Event 300000
Event 310000
Total processed number of events: 312242
End processing...

The number of options is: 2
Option 0 = ./TopMass_analysis
Option 1 = DoubleEG_Run2016Bv2/DoubleEG_Run2016Bv2_218.list
Option 2 = DoubleEG_Run2016Bv2/DoubleEG_Run2016Bv2_218.txt
Input filelist = DoubleEG_Run2016Bv2/DoubleEG_Run2016Bv2_218.list
Output file name = DoubleEG_Run2016Bv2/DoubleEG_Run2016Bv2_218.txt


start merging file(s)
adding: dcap://cluster142.knu.ac.kr//pnfs/knu.ac.kr/data/cms/store/user/sha/Run2FULL/2016PreVFP/DATA/DoubleEG/crab_DoubleEG_Run2016B-ver2/240205_154141//0002/SSBTree_2171.root
adding: dcap://cluster142.knu.ac.kr//pnfs/knu.ac.kr/data/cms/store/user/sha/Run2FULL/2016PreVFP/DATA/DoubleEG/crab_DoubleEG_Run2016B-ver2/240205_154141//0002/SSBTree_2172.root
adding: dcap://cluster142.knu.ac.kr//pnfs/knu.ac.kr/data/cms/store/user/sha/Run2FULL/2016PreVFP/DATA/DoubleEG/crab_DoubleEG_Run2016B-ver2/240205_154141//0002/SSBTree_2173.root
adding: dcap://cluster142.knu.ac.kr//pnfs/knu.ac.kr/data/cms/store/user/sha/Run2FULL/2016PreVFP/DATA/DoubleEG/crab_DoubleEG_Run2016B-ver2/240205_154141//0002/SSBTree_2174.root
adding: dcap://cluster142.knu.ac.kr//pnfs/knu.ac.kr/data/cms/store/user/sha/Run2FULL/2016PreVFP/DATA/DoubleEG/crab_DoubleEG_Run2016B-ver2/240205_154141//0002/SSBTree_2175.root
adding: dcap://cluster142.knu.ac.kr//pnfs/knu.ac.kr/data/cms/store/user/sha/Run2FULL/2016PreVFP/DATA/DoubleEG/crab_DoubleEG_Run2016B-ver2/240205_154141//0002/SSBTree_2176.root
adding: dcap://cluster142.knu.ac.kr//pnfs/knu.ac.kr/data/cms/store/user/sha/Run2FULL/2016PreVFP/DATA/DoubleEG/crab_DoubleEG_Run2016B-ver2/240205_154141//0002/SSBTree_2177.root
adding: dcap://cluster142.knu.ac.kr//pnfs/knu.ac.kr/data/cms/store/user/sha/Run2FULL/2016PreVFP/DATA/DoubleEG/crab_DoubleEG_Run2016B-ver2/240205_154141//0002/SSBTree_2178.root
adding: dcap://cluster142.knu.ac.kr//pnfs/knu.ac.kr/data/cms/store/user/sha/Run2FULL/2016PreVFP/DATA/DoubleEG/crab_DoubleEG_Run2016B-ver2/240205_154141//0002/SSBTree_2179.root
adding: dcap://cluster142.knu.ac.kr//pnfs/knu.ac.kr/data/cms/store/user/sha/Run2FULL/2016PreVFP/DATA/DoubleEG/crab_DoubleEG_Run2016B-ver2/240205_154141//0002/SSBTree_2180.root
Total number of events after merging root files: 363500
Event 0
Event 10000
Event 20000
Event 30000
Event 40000
Event 50000
Event 60000
Event 70000
Event 80000
Event 90000
Event 100000
Event 110000
Event 120000
Event 130000
Event 140000
Event 150000
Event 160000
Event 170000
Event 180000
Event 190000
Event 200000
Event 210000
Event 220000
Event 230000
Event 240000
Event 250000
Event 260000
Event 270000
Event 280000
Event 290000
Event 300000
Event 310000
Event 320000
Event 330000
Event 340000
Event 350000
Event 360000
Total processed number of events: 363500
End processing...

The number of options is: 2
Option 0 = ./TopMass_analysis
Option 1 = DoubleEG_Run2016Bv2/DoubleEG_Run2016Bv2_245.list
Option 2 = DoubleEG_Run2016Bv2/DoubleEG_Run2016Bv2_245.txt
Input filelist = DoubleEG_Run2016Bv2/DoubleEG_Run2016Bv2_245.list
Output file name = DoubleEG_Run2016Bv2/DoubleEG_Run2016Bv2_245.txt


start merging file(s)
adding: dcap://cluster142.knu.ac.kr//pnfs/knu.ac.kr/data/cms/store/user/sha/Run2FULL/2016PreVFP/DATA/DoubleEG/crab_DoubleEG_Run2016B-ver2/240205_154141//0002/SSBTree_2441.root
adding: dcap://cluster142.knu.ac.kr//pnfs/knu.ac.kr/data/cms/store/user/sha/Run2FULL/2016PreVFP/DATA/DoubleEG/crab_DoubleEG_Run2016B-ver2/240205_154141//0002/SSBTree_2442.root
adding: dcap://cluster142.knu.ac.kr//pnfs/knu.ac.kr/data/cms/store/user/sha/Run2FULL/2016PreVFP/DATA/DoubleEG/crab_DoubleEG_Run2016B-ver2/240205_154141//0002/SSBTree_2443.root
adding: dcap://cluster142.knu.ac.kr//pnfs/knu.ac.kr/data/cms/store/user/sha/Run2FULL/2016PreVFP/DATA/DoubleEG/crab_DoubleEG_Run2016B-ver2/240205_154141//0002/SSBTree_2444.root
adding: dcap://cluster142.knu.ac.kr//pnfs/knu.ac.kr/data/cms/store/user/sha/Run2FULL/2016PreVFP/DATA/DoubleEG/crab_DoubleEG_Run2016B-ver2/240205_154141//0002/SSBTree_2445.root
adding: dcap://cluster142.knu.ac.kr//pnfs/knu.ac.kr/data/cms/store/user/sha/Run2FULL/2016PreVFP/DATA/DoubleEG/crab_DoubleEG_Run2016B-ver2/240205_154141//0002/SSBTree_2446.root
adding: dcap://cluster142.knu.ac.kr//pnfs/knu.ac.kr/data/cms/store/user/sha/Run2FULL/2016PreVFP/DATA/DoubleEG/crab_DoubleEG_Run2016B-ver2/240205_154141//0002/SSBTree_2447.root
adding: dcap://cluster142.knu.ac.kr//pnfs/knu.ac.kr/data/cms/store/user/sha/Run2FULL/2016PreVFP/DATA/DoubleEG/crab_DoubleEG_Run2016B-ver2/240205_154141//0002/SSBTree_2448.root
adding: dcap://cluster142.knu.ac.kr//pnfs/knu.ac.kr/data/cms/store/user/sha/Run2FULL/2016PreVFP/DATA/DoubleEG/crab_DoubleEG_Run2016B-ver2/240205_154141//0002/SSBTree_2449.root
adding: dcap://cluster142.knu.ac.kr//pnfs/knu.ac.kr/data/cms/store/user/sha/Run2FULL/2016PreVFP/DATA/DoubleEG/crab_DoubleEG_Run2016B-ver2/240205_154141//0002/SSBTree_2450.root
Total number of events after merging root files: 507855
Event 0
Event 10000
Event 20000
Event 30000
Event 40000
Event 50000
Event 60000
Event 70000
Event 80000
Event 90000
Event 100000
Event 110000
Event 120000
Event 130000
Event 140000
Event 150000
Event 160000
Event 170000
Event 180000
Event 190000
Event 200000
Event 210000
Event 220000
Event 230000
Event 240000
Event 250000
Event 260000
Event 270000
Event 280000
Event 290000
Event 300000
Event 310000
Event 320000
Event 330000
Event 340000
Event 350000
Event 360000
Event 370000
Event 380000
Event 390000
Event 400000
Event 410000
Event 420000
Event 430000
Event 440000
Event 450000
Event 460000
Event 470000
Event 480000
Event 490000
Event 500000
Total processed number of events: 507855
End processing...

