The number of options is: 2
Option 0 = ./TopMass_analysis
Option 1 = DoubleEG_Run2016Bv2/DoubleEG_Run2016Bv2_18.list
Option 2 = DoubleEG_Run2016Bv2/DoubleEG_Run2016Bv2_18.txt
Input filelist = DoubleEG_Run2016Bv2/DoubleEG_Run2016Bv2_18.list
Output file name = DoubleEG_Run2016Bv2/DoubleEG_Run2016Bv2_18.txt


start merging file(s)
adding: dcap://cluster142.knu.ac.kr//pnfs/knu.ac.kr/data/cms/store/user/sha/Run2FULL/2016PreVFP/DATA/DoubleEG/crab_DoubleEG_Run2016B-ver2/240205_154141//0000/SSBTree_254.root
adding: dcap://cluster142.knu.ac.kr//pnfs/knu.ac.kr/data/cms/store/user/sha/Run2FULL/2016PreVFP/DATA/DoubleEG/crab_DoubleEG_Run2016B-ver2/240205_154141//0000/SSBTree_255.root
adding: dcap://cluster142.knu.ac.kr//pnfs/knu.ac.kr/data/cms/store/user/sha/Run2FULL/2016PreVFP/DATA/DoubleEG/crab_DoubleEG_Run2016B-ver2/240205_154141//0000/SSBTree_256.root
adding: dcap://cluster142.knu.ac.kr//pnfs/knu.ac.kr/data/cms/store/user/sha/Run2FULL/2016PreVFP/DATA/DoubleEG/crab_DoubleEG_Run2016B-ver2/240205_154141//0000/SSBTree_257.root
adding: dcap://cluster142.knu.ac.kr//pnfs/knu.ac.kr/data/cms/store/user/sha/Run2FULL/2016PreVFP/DATA/DoubleEG/crab_DoubleEG_Run2016B-ver2/240205_154141//0000/SSBTree_258.root
adding: dcap://cluster142.knu.ac.kr//pnfs/knu.ac.kr/data/cms/store/user/sha/Run2FULL/2016PreVFP/DATA/DoubleEG/crab_DoubleEG_Run2016B-ver2/240205_154141//0000/SSBTree_259.root
adding: dcap://cluster142.knu.ac.kr//pnfs/knu.ac.kr/data/cms/store/user/sha/Run2FULL/2016PreVFP/DATA/DoubleEG/crab_DoubleEG_Run2016B-ver2/240205_154141//0000/SSBTree_25.root
adding: dcap://cluster142.knu.ac.kr//pnfs/knu.ac.kr/data/cms/store/user/sha/Run2FULL/2016PreVFP/DATA/DoubleEG/crab_DoubleEG_Run2016B-ver2/240205_154141//0000/SSBTree_260.root
adding: dcap://cluster142.knu.ac.kr//pnfs/knu.ac.kr/data/cms/store/user/sha/Run2FULL/2016PreVFP/DATA/DoubleEG/crab_DoubleEG_Run2016B-ver2/240205_154141//0000/SSBTree_261.root
adding: dcap://cluster142.knu.ac.kr//pnfs/knu.ac.kr/data/cms/store/user/sha/Run2FULL/2016PreVFP/DATA/DoubleEG/crab_DoubleEG_Run2016B-ver2/240205_154141//0000/SSBTree_262.root
Total number of events after merging root files: 464764
Event 0
Event 10000
Event 20000
Event 30000
Event 40000
Event 50000
Event 60000
Event 70000
Event 80000
Event 90000
Event 100000
Event 110000
Event 120000
Event 130000
Event 140000
Event 150000
Event 160000
Event 170000
Event 180000
Event 190000
Event 200000
Event 210000
Event 220000
Event 230000
Event 240000
Event 250000
Event 260000
Event 270000
Event 280000
Event 290000
Event 300000
Event 310000
Event 320000
Event 330000
Event 340000
Event 350000
Event 360000
Event 370000
Event 380000
Event 390000
Event 400000
Event 410000
Event 420000
Event 430000
Event 440000
Event 450000
Event 460000
Total processed number of events: 464764
End processing...

The number of options is: 2
Option 0 = ./TopMass_analysis
Option 1 = DoubleEG_Run2016Bv2/DoubleEG_Run2016Bv2_45.list
Option 2 = DoubleEG_Run2016Bv2/DoubleEG_Run2016Bv2_45.txt
Input filelist = DoubleEG_Run2016Bv2/DoubleEG_Run2016Bv2_45.list
Output file name = DoubleEG_Run2016Bv2/DoubleEG_Run2016Bv2_45.txt


start merging file(s)
adding: dcap://cluster142.knu.ac.kr//pnfs/knu.ac.kr/data/cms/store/user/sha/Run2FULL/2016PreVFP/DATA/DoubleEG/crab_DoubleEG_Run2016B-ver2/240205_154141//0000/SSBTree_498.root
adding: dcap://cluster142.knu.ac.kr//pnfs/knu.ac.kr/data/cms/store/user/sha/Run2FULL/2016PreVFP/DATA/DoubleEG/crab_DoubleEG_Run2016B-ver2/240205_154141//0000/SSBTree_499.root
adding: dcap://cluster142.knu.ac.kr//pnfs/knu.ac.kr/data/cms/store/user/sha/Run2FULL/2016PreVFP/DATA/DoubleEG/crab_DoubleEG_Run2016B-ver2/240205_154141//0000/SSBTree_49.root
adding: dcap://cluster142.knu.ac.kr//pnfs/knu.ac.kr/data/cms/store/user/sha/Run2FULL/2016PreVFP/DATA/DoubleEG/crab_DoubleEG_Run2016B-ver2/240205_154141//0000/SSBTree_4.root
adding: dcap://cluster142.knu.ac.kr//pnfs/knu.ac.kr/data/cms/store/user/sha/Run2FULL/2016PreVFP/DATA/DoubleEG/crab_DoubleEG_Run2016B-ver2/240205_154141//0000/SSBTree_500.root
adding: dcap://cluster142.knu.ac.kr//pnfs/knu.ac.kr/data/cms/store/user/sha/Run2FULL/2016PreVFP/DATA/DoubleEG/crab_DoubleEG_Run2016B-ver2/240205_154141//0000/SSBTree_501.root
adding: dcap://cluster142.knu.ac.kr//pnfs/knu.ac.kr/data/cms/store/user/sha/Run2FULL/2016PreVFP/DATA/DoubleEG/crab_DoubleEG_Run2016B-ver2/240205_154141//0000/SSBTree_502.root
adding: dcap://cluster142.knu.ac.kr//pnfs/knu.ac.kr/data/cms/store/user/sha/Run2FULL/2016PreVFP/DATA/DoubleEG/crab_DoubleEG_Run2016B-ver2/240205_154141//0000/SSBTree_503.root
adding: dcap://cluster142.knu.ac.kr//pnfs/knu.ac.kr/data/cms/store/user/sha/Run2FULL/2016PreVFP/DATA/DoubleEG/crab_DoubleEG_Run2016B-ver2/240205_154141//0000/SSBTree_504.root
adding: dcap://cluster142.knu.ac.kr//pnfs/knu.ac.kr/data/cms/store/user/sha/Run2FULL/2016PreVFP/DATA/DoubleEG/crab_DoubleEG_Run2016B-ver2/240205_154141//0000/SSBTree_505.root
Total number of events after merging root files: 513258
Event 0
Event 10000
Event 20000
Event 30000
Event 40000
Event 50000
Event 60000
Event 70000
Event 80000
Event 90000
Event 100000
Event 110000
Event 120000
Event 130000
Event 140000
Event 150000
Event 160000
Event 170000
Event 180000
Event 190000
Event 200000
Event 210000
Event 220000
Event 230000
Event 240000
Event 250000
Event 260000
Event 270000
Event 280000
Event 290000
Event 300000
Event 310000
Event 320000
Event 330000
Event 340000
Event 350000
Event 360000
Event 370000
Event 380000
Event 390000
Event 400000
Event 410000
Event 420000
Event 430000
Event 440000
Event 450000
Event 460000
Event 470000
Event 480000
Event 490000
Event 500000
Event 510000
Total processed number of events: 513258
End processing...

The number of options is: 2
Option 0 = ./TopMass_analysis
Option 1 = DoubleEG_Run2016Bv2/DoubleEG_Run2016Bv2_72.list
Option 2 = DoubleEG_Run2016Bv2/DoubleEG_Run2016Bv2_72.txt
Input filelist = DoubleEG_Run2016Bv2/DoubleEG_Run2016Bv2_72.list
Output file name = DoubleEG_Run2016Bv2/DoubleEG_Run2016Bv2_72.txt


start merging file(s)
adding: dcap://cluster142.knu.ac.kr//pnfs/knu.ac.kr/data/cms/store/user/sha/Run2FULL/2016PreVFP/DATA/DoubleEG/crab_DoubleEG_Run2016B-ver2/240205_154141//0000/SSBTree_740.root
adding: dcap://cluster142.knu.ac.kr//pnfs/knu.ac.kr/data/cms/store/user/sha/Run2FULL/2016PreVFP/DATA/DoubleEG/crab_DoubleEG_Run2016B-ver2/240205_154141//0000/SSBTree_741.root
adding: dcap://cluster142.knu.ac.kr//pnfs/knu.ac.kr/data/cms/store/user/sha/Run2FULL/2016PreVFP/DATA/DoubleEG/crab_DoubleEG_Run2016B-ver2/240205_154141//0000/SSBTree_742.root
adding: dcap://cluster142.knu.ac.kr//pnfs/knu.ac.kr/data/cms/store/user/sha/Run2FULL/2016PreVFP/DATA/DoubleEG/crab_DoubleEG_Run2016B-ver2/240205_154141//0000/SSBTree_743.root
adding: dcap://cluster142.knu.ac.kr//pnfs/knu.ac.kr/data/cms/store/user/sha/Run2FULL/2016PreVFP/DATA/DoubleEG/crab_DoubleEG_Run2016B-ver2/240205_154141//0000/SSBTree_744.root
adding: dcap://cluster142.knu.ac.kr//pnfs/knu.ac.kr/data/cms/store/user/sha/Run2FULL/2016PreVFP/DATA/DoubleEG/crab_DoubleEG_Run2016B-ver2/240205_154141//0000/SSBTree_745.root
adding: dcap://cluster142.knu.ac.kr//pnfs/knu.ac.kr/data/cms/store/user/sha/Run2FULL/2016PreVFP/DATA/DoubleEG/crab_DoubleEG_Run2016B-ver2/240205_154141//0000/SSBTree_746.root
adding: dcap://cluster142.knu.ac.kr//pnfs/knu.ac.kr/data/cms/store/user/sha/Run2FULL/2016PreVFP/DATA/DoubleEG/crab_DoubleEG_Run2016B-ver2/240205_154141//0000/SSBTree_747.root
adding: dcap://cluster142.knu.ac.kr//pnfs/knu.ac.kr/data/cms/store/user/sha/Run2FULL/2016PreVFP/DATA/DoubleEG/crab_DoubleEG_Run2016B-ver2/240205_154141//0000/SSBTree_748.root
adding: dcap://cluster142.knu.ac.kr//pnfs/knu.ac.kr/data/cms/store/user/sha/Run2FULL/2016PreVFP/DATA/DoubleEG/crab_DoubleEG_Run2016B-ver2/240205_154141//0000/SSBTree_749.root
Total number of events after merging root files: 458493
Event 0
Event 10000
Event 20000
Event 30000
Event 40000
Event 50000
Event 60000
Event 70000
Event 80000
Event 90000
Event 100000
Event 110000
Event 120000
Event 130000
Event 140000
Event 150000
Event 160000
Event 170000
Event 180000
Event 190000
Event 200000
Event 210000
Event 220000
Event 230000
Event 240000
Event 250000
Event 260000
Event 270000
Event 280000
Event 290000
Event 300000
Event 310000
Event 320000
Event 330000
Event 340000
Event 350000
Event 360000
Event 370000
Event 380000
Event 390000
Event 400000
Event 410000
Event 420000
Event 430000
Event 440000
Event 450000
Total processed number of events: 458493
End processing...

The number of options is: 2
Option 0 = ./TopMass_analysis
Option 1 = DoubleEG_Run2016Bv2/DoubleEG_Run2016Bv2_99.list
Option 2 = DoubleEG_Run2016Bv2/DoubleEG_Run2016Bv2_99.txt
Input filelist = DoubleEG_Run2016Bv2/DoubleEG_Run2016Bv2_99.list
Output file name = DoubleEG_Run2016Bv2/DoubleEG_Run2016Bv2_99.txt


start merging file(s)
adding: dcap://cluster142.knu.ac.kr//pnfs/knu.ac.kr/data/cms/store/user/sha/Run2FULL/2016PreVFP/DATA/DoubleEG/crab_DoubleEG_Run2016B-ver2/240205_154141//0000/SSBTree_984.root
adding: dcap://cluster142.knu.ac.kr//pnfs/knu.ac.kr/data/cms/store/user/sha/Run2FULL/2016PreVFP/DATA/DoubleEG/crab_DoubleEG_Run2016B-ver2/240205_154141//0000/SSBTree_985.root
adding: dcap://cluster142.knu.ac.kr//pnfs/knu.ac.kr/data/cms/store/user/sha/Run2FULL/2016PreVFP/DATA/DoubleEG/crab_DoubleEG_Run2016B-ver2/240205_154141//0000/SSBTree_986.root
adding: dcap://cluster142.knu.ac.kr//pnfs/knu.ac.kr/data/cms/store/user/sha/Run2FULL/2016PreVFP/DATA/DoubleEG/crab_DoubleEG_Run2016B-ver2/240205_154141//0000/SSBTree_987.root
adding: dcap://cluster142.knu.ac.kr//pnfs/knu.ac.kr/data/cms/store/user/sha/Run2FULL/2016PreVFP/DATA/DoubleEG/crab_DoubleEG_Run2016B-ver2/240205_154141//0000/SSBTree_988.root
adding: dcap://cluster142.knu.ac.kr//pnfs/knu.ac.kr/data/cms/store/user/sha/Run2FULL/2016PreVFP/DATA/DoubleEG/crab_DoubleEG_Run2016B-ver2/240205_154141//0000/SSBTree_989.root
adding: dcap://cluster142.knu.ac.kr//pnfs/knu.ac.kr/data/cms/store/user/sha/Run2FULL/2016PreVFP/DATA/DoubleEG/crab_DoubleEG_Run2016B-ver2/240205_154141//0000/SSBTree_98.root
adding: dcap://cluster142.knu.ac.kr//pnfs/knu.ac.kr/data/cms/store/user/sha/Run2FULL/2016PreVFP/DATA/DoubleEG/crab_DoubleEG_Run2016B-ver2/240205_154141//0000/SSBTree_990.root
adding: dcap://cluster142.knu.ac.kr//pnfs/knu.ac.kr/data/cms/store/user/sha/Run2FULL/2016PreVFP/DATA/DoubleEG/crab_DoubleEG_Run2016B-ver2/240205_154141//0000/SSBTree_991.root
adding: dcap://cluster142.knu.ac.kr//pnfs/knu.ac.kr/data/cms/store/user/sha/Run2FULL/2016PreVFP/DATA/DoubleEG/crab_DoubleEG_Run2016B-ver2/240205_154141//0000/SSBTree_992.root
Total number of events after merging root files: 480737
Event 0
Event 10000
Event 20000
Event 30000
Event 40000
Event 50000
Event 60000
Event 70000
Event 80000
Event 90000
Event 100000
Event 110000
Event 120000
Event 130000
Event 140000
Event 150000
Event 160000
Event 170000
Event 180000
Event 190000
Event 200000
Event 210000
Event 220000
Event 230000
Event 240000
Event 250000
Event 260000
Event 270000
Event 280000
Event 290000
Event 300000
Event 310000
Event 320000
Event 330000
Event 340000
Event 350000
Event 360000
Event 370000
Event 380000
Event 390000
Event 400000
Event 410000
Event 420000
Event 430000
Event 440000
Event 450000
Event 460000
Event 470000
Event 480000
Total processed number of events: 480737
End processing...

The number of options is: 2
Option 0 = ./TopMass_analysis
Option 1 = DoubleEG_Run2016Bv2/DoubleEG_Run2016Bv2_126.list
Option 2 = DoubleEG_Run2016Bv2/DoubleEG_Run2016Bv2_126.txt
Input filelist = DoubleEG_Run2016Bv2/DoubleEG_Run2016Bv2_126.list
Output file name = DoubleEG_Run2016Bv2/DoubleEG_Run2016Bv2_126.txt


start merging file(s)
adding: dcap://cluster142.knu.ac.kr//pnfs/knu.ac.kr/data/cms/store/user/sha/Run2FULL/2016PreVFP/DATA/DoubleEG/crab_DoubleEG_Run2016B-ver2/240205_154141//0001/SSBTree_1251.root
adding: dcap://cluster142.knu.ac.kr//pnfs/knu.ac.kr/data/cms/store/user/sha/Run2FULL/2016PreVFP/DATA/DoubleEG/crab_DoubleEG_Run2016B-ver2/240205_154141//0001/SSBTree_1252.root
adding: dcap://cluster142.knu.ac.kr//pnfs/knu.ac.kr/data/cms/store/user/sha/Run2FULL/2016PreVFP/DATA/DoubleEG/crab_DoubleEG_Run2016B-ver2/240205_154141//0001/SSBTree_1253.root
adding: dcap://cluster142.knu.ac.kr//pnfs/knu.ac.kr/data/cms/store/user/sha/Run2FULL/2016PreVFP/DATA/DoubleEG/crab_DoubleEG_Run2016B-ver2/240205_154141//0001/SSBTree_1254.root
adding: dcap://cluster142.knu.ac.kr//pnfs/knu.ac.kr/data/cms/store/user/sha/Run2FULL/2016PreVFP/DATA/DoubleEG/crab_DoubleEG_Run2016B-ver2/240205_154141//0001/SSBTree_1255.root
adding: dcap://cluster142.knu.ac.kr//pnfs/knu.ac.kr/data/cms/store/user/sha/Run2FULL/2016PreVFP/DATA/DoubleEG/crab_DoubleEG_Run2016B-ver2/240205_154141//0001/SSBTree_1256.root
adding: dcap://cluster142.knu.ac.kr//pnfs/knu.ac.kr/data/cms/store/user/sha/Run2FULL/2016PreVFP/DATA/DoubleEG/crab_DoubleEG_Run2016B-ver2/240205_154141//0001/SSBTree_1257.root
adding: dcap://cluster142.knu.ac.kr//pnfs/knu.ac.kr/data/cms/store/user/sha/Run2FULL/2016PreVFP/DATA/DoubleEG/crab_DoubleEG_Run2016B-ver2/240205_154141//0001/SSBTree_1258.root
adding: dcap://cluster142.knu.ac.kr//pnfs/knu.ac.kr/data/cms/store/user/sha/Run2FULL/2016PreVFP/DATA/DoubleEG/crab_DoubleEG_Run2016B-ver2/240205_154141//0001/SSBTree_1259.root
adding: dcap://cluster142.knu.ac.kr//pnfs/knu.ac.kr/data/cms/store/user/sha/Run2FULL/2016PreVFP/DATA/DoubleEG/crab_DoubleEG_Run2016B-ver2/240205_154141//0001/SSBTree_1260.root
Total number of events after merging root files: 592073
Event 0
Event 10000
Event 20000
Event 30000
Event 40000
Event 50000
Event 60000
Event 70000
Event 80000
Event 90000
Event 100000
Event 110000
Event 120000
Event 130000
Event 140000
Event 150000
Event 160000
Event 170000
Event 180000
Event 190000
Event 200000
Event 210000
Event 220000
Event 230000
Event 240000
Event 250000
Event 260000
Event 270000
Event 280000
Event 290000
Event 300000
Event 310000
Event 320000
Event 330000
Event 340000
Event 350000
Event 360000
Event 370000
Event 380000
Event 390000
Event 400000
Event 410000
Event 420000
Event 430000
Event 440000
Event 450000
Event 460000
Event 470000
Event 480000
Event 490000
Event 500000
Event 510000
Event 520000
Event 530000
Event 540000
Event 550000
Event 560000
Event 570000
Event 580000
Event 590000
Total processed number of events: 592073
End processing...

The number of options is: 2
Option 0 = ./TopMass_analysis
Option 1 = DoubleEG_Run2016Bv2/DoubleEG_Run2016Bv2_153.list
Option 2 = DoubleEG_Run2016Bv2/DoubleEG_Run2016Bv2_153.txt
Input filelist = DoubleEG_Run2016Bv2/DoubleEG_Run2016Bv2_153.list
Output file name = DoubleEG_Run2016Bv2/DoubleEG_Run2016Bv2_153.txt


start merging file(s)
adding: dcap://cluster142.knu.ac.kr//pnfs/knu.ac.kr/data/cms/store/user/sha/Run2FULL/2016PreVFP/DATA/DoubleEG/crab_DoubleEG_Run2016B-ver2/240205_154141//0001/SSBTree_1521.root
adding: dcap://cluster142.knu.ac.kr//pnfs/knu.ac.kr/data/cms/store/user/sha/Run2FULL/2016PreVFP/DATA/DoubleEG/crab_DoubleEG_Run2016B-ver2/240205_154141//0001/SSBTree_1522.root
adding: dcap://cluster142.knu.ac.kr//pnfs/knu.ac.kr/data/cms/store/user/sha/Run2FULL/2016PreVFP/DATA/DoubleEG/crab_DoubleEG_Run2016B-ver2/240205_154141//0001/SSBTree_1523.root
adding: dcap://cluster142.knu.ac.kr//pnfs/knu.ac.kr/data/cms/store/user/sha/Run2FULL/2016PreVFP/DATA/DoubleEG/crab_DoubleEG_Run2016B-ver2/240205_154141//0001/SSBTree_1524.root
adding: dcap://cluster142.knu.ac.kr//pnfs/knu.ac.kr/data/cms/store/user/sha/Run2FULL/2016PreVFP/DATA/DoubleEG/crab_DoubleEG_Run2016B-ver2/240205_154141//0001/SSBTree_1525.root
adding: dcap://cluster142.knu.ac.kr//pnfs/knu.ac.kr/data/cms/store/user/sha/Run2FULL/2016PreVFP/DATA/DoubleEG/crab_DoubleEG_Run2016B-ver2/240205_154141//0001/SSBTree_1526.root
adding: dcap://cluster142.knu.ac.kr//pnfs/knu.ac.kr/data/cms/store/user/sha/Run2FULL/2016PreVFP/DATA/DoubleEG/crab_DoubleEG_Run2016B-ver2/240205_154141//0001/SSBTree_1527.root
adding: dcap://cluster142.knu.ac.kr//pnfs/knu.ac.kr/data/cms/store/user/sha/Run2FULL/2016PreVFP/DATA/DoubleEG/crab_DoubleEG_Run2016B-ver2/240205_154141//0001/SSBTree_1528.root
adding: dcap://cluster142.knu.ac.kr//pnfs/knu.ac.kr/data/cms/store/user/sha/Run2FULL/2016PreVFP/DATA/DoubleEG/crab_DoubleEG_Run2016B-ver2/240205_154141//0001/SSBTree_1529.root
adding: dcap://cluster142.knu.ac.kr//pnfs/knu.ac.kr/data/cms/store/user/sha/Run2FULL/2016PreVFP/DATA/DoubleEG/crab_DoubleEG_Run2016B-ver2/240205_154141//0001/SSBTree_1530.root
Total number of events after merging root files: 427753
Event 0
Event 10000
Event 20000
Event 30000
Event 40000
Event 50000
Event 60000
Event 70000
Event 80000
Event 90000
Event 100000
Event 110000
Event 120000
Event 130000
Event 140000
Event 150000
Event 160000
Event 170000
Event 180000
Event 190000
Event 200000
Event 210000
Event 220000
Event 230000
Event 240000
Event 250000
Event 260000
Event 270000
Event 280000
Event 290000
Event 300000
Event 310000
Event 320000
Event 330000
Event 340000
Event 350000
Event 360000
Event 370000
Event 380000
Event 390000
Event 400000
Event 410000
Event 420000
Total processed number of events: 427753
End processing...

The number of options is: 2
Option 0 = ./TopMass_analysis
Option 1 = DoubleEG_Run2016Bv2/DoubleEG_Run2016Bv2_180.list
Option 2 = DoubleEG_Run2016Bv2/DoubleEG_Run2016Bv2_180.txt
Input filelist = DoubleEG_Run2016Bv2/DoubleEG_Run2016Bv2_180.list
Output file name = DoubleEG_Run2016Bv2/DoubleEG_Run2016Bv2_180.txt


start merging file(s)
adding: dcap://cluster142.knu.ac.kr//pnfs/knu.ac.kr/data/cms/store/user/sha/Run2FULL/2016PreVFP/DATA/DoubleEG/crab_DoubleEG_Run2016B-ver2/240205_154141//0001/SSBTree_1791.root
adding: dcap://cluster142.knu.ac.kr//pnfs/knu.ac.kr/data/cms/store/user/sha/Run2FULL/2016PreVFP/DATA/DoubleEG/crab_DoubleEG_Run2016B-ver2/240205_154141//0001/SSBTree_1792.root
adding: dcap://cluster142.knu.ac.kr//pnfs/knu.ac.kr/data/cms/store/user/sha/Run2FULL/2016PreVFP/DATA/DoubleEG/crab_DoubleEG_Run2016B-ver2/240205_154141//0001/SSBTree_1793.root
adding: dcap://cluster142.knu.ac.kr//pnfs/knu.ac.kr/data/cms/store/user/sha/Run2FULL/2016PreVFP/DATA/DoubleEG/crab_DoubleEG_Run2016B-ver2/240205_154141//0001/SSBTree_1794.root
adding: dcap://cluster142.knu.ac.kr//pnfs/knu.ac.kr/data/cms/store/user/sha/Run2FULL/2016PreVFP/DATA/DoubleEG/crab_DoubleEG_Run2016B-ver2/240205_154141//0001/SSBTree_1795.root
adding: dcap://cluster142.knu.ac.kr//pnfs/knu.ac.kr/data/cms/store/user/sha/Run2FULL/2016PreVFP/DATA/DoubleEG/crab_DoubleEG_Run2016B-ver2/240205_154141//0001/SSBTree_1796.root
adding: dcap://cluster142.knu.ac.kr//pnfs/knu.ac.kr/data/cms/store/user/sha/Run2FULL/2016PreVFP/DATA/DoubleEG/crab_DoubleEG_Run2016B-ver2/240205_154141//0001/SSBTree_1797.root
adding: dcap://cluster142.knu.ac.kr//pnfs/knu.ac.kr/data/cms/store/user/sha/Run2FULL/2016PreVFP/DATA/DoubleEG/crab_DoubleEG_Run2016B-ver2/240205_154141//0001/SSBTree_1798.root
adding: dcap://cluster142.knu.ac.kr//pnfs/knu.ac.kr/data/cms/store/user/sha/Run2FULL/2016PreVFP/DATA/DoubleEG/crab_DoubleEG_Run2016B-ver2/240205_154141//0001/SSBTree_1799.root
adding: dcap://cluster142.knu.ac.kr//pnfs/knu.ac.kr/data/cms/store/user/sha/Run2FULL/2016PreVFP/DATA/DoubleEG/crab_DoubleEG_Run2016B-ver2/240205_154141//0001/SSBTree_1800.root
Total number of events after merging root files: 506291
Event 0
Event 10000
Event 20000
Event 30000
Event 40000
Event 50000
Event 60000
Event 70000
Event 80000
Event 90000
Event 100000
Event 110000
Event 120000
Event 130000
Event 140000
Event 150000
Event 160000
Event 170000
Event 180000
Event 190000
Event 200000
Event 210000
Event 220000
Event 230000
Event 240000
Event 250000
Event 260000
Event 270000
Event 280000
Event 290000
Event 300000
Event 310000
Event 320000
Event 330000
Event 340000
Event 350000
Event 360000
Event 370000
Event 380000
Event 390000
Event 400000
Event 410000
Event 420000
Event 430000
Event 440000
Event 450000
Event 460000
Event 470000
Event 480000
Event 490000
Event 500000
Total processed number of events: 506291
End processing...

The number of options is: 2
Option 0 = ./TopMass_analysis
Option 1 = DoubleEG_Run2016Bv2/DoubleEG_Run2016Bv2_207.list
Option 2 = DoubleEG_Run2016Bv2/DoubleEG_Run2016Bv2_207.txt
Input filelist = DoubleEG_Run2016Bv2/DoubleEG_Run2016Bv2_207.list
Output file name = DoubleEG_Run2016Bv2/DoubleEG_Run2016Bv2_207.txt


start merging file(s)
adding: dcap://cluster142.knu.ac.kr//pnfs/knu.ac.kr/data/cms/store/user/sha/Run2FULL/2016PreVFP/DATA/DoubleEG/crab_DoubleEG_Run2016B-ver2/240205_154141//0002/SSBTree_2061.root
adding: dcap://cluster142.knu.ac.kr//pnfs/knu.ac.kr/data/cms/store/user/sha/Run2FULL/2016PreVFP/DATA/DoubleEG/crab_DoubleEG_Run2016B-ver2/240205_154141//0002/SSBTree_2062.root
adding: dcap://cluster142.knu.ac.kr//pnfs/knu.ac.kr/data/cms/store/user/sha/Run2FULL/2016PreVFP/DATA/DoubleEG/crab_DoubleEG_Run2016B-ver2/240205_154141//0002/SSBTree_2063.root
adding: dcap://cluster142.knu.ac.kr//pnfs/knu.ac.kr/data/cms/store/user/sha/Run2FULL/2016PreVFP/DATA/DoubleEG/crab_DoubleEG_Run2016B-ver2/240205_154141//0002/SSBTree_2064.root
adding: dcap://cluster142.knu.ac.kr//pnfs/knu.ac.kr/data/cms/store/user/sha/Run2FULL/2016PreVFP/DATA/DoubleEG/crab_DoubleEG_Run2016B-ver2/240205_154141//0002/SSBTree_2065.root
adding: dcap://cluster142.knu.ac.kr//pnfs/knu.ac.kr/data/cms/store/user/sha/Run2FULL/2016PreVFP/DATA/DoubleEG/crab_DoubleEG_Run2016B-ver2/240205_154141//0002/SSBTree_2066.root
adding: dcap://cluster142.knu.ac.kr//pnfs/knu.ac.kr/data/cms/store/user/sha/Run2FULL/2016PreVFP/DATA/DoubleEG/crab_DoubleEG_Run2016B-ver2/240205_154141//0002/SSBTree_2067.root
adding: dcap://cluster142.knu.ac.kr//pnfs/knu.ac.kr/data/cms/store/user/sha/Run2FULL/2016PreVFP/DATA/DoubleEG/crab_DoubleEG_Run2016B-ver2/240205_154141//0002/SSBTree_2068.root
adding: dcap://cluster142.knu.ac.kr//pnfs/knu.ac.kr/data/cms/store/user/sha/Run2FULL/2016PreVFP/DATA/DoubleEG/crab_DoubleEG_Run2016B-ver2/240205_154141//0002/SSBTree_2069.root
adding: dcap://cluster142.knu.ac.kr//pnfs/knu.ac.kr/data/cms/store/user/sha/Run2FULL/2016PreVFP/DATA/DoubleEG/crab_DoubleEG_Run2016B-ver2/240205_154141//0002/SSBTree_2070.root
Total number of events after merging root files: 392153
Event 0
Event 10000
Event 20000
Event 30000
Event 40000
Event 50000
Event 60000
Event 70000
Event 80000
Event 90000
Event 100000
Event 110000
Event 120000
Event 130000
Event 140000
Event 150000
Event 160000
Event 170000
Event 180000
Event 190000
Event 200000
Event 210000
Event 220000
Event 230000
Event 240000
Event 250000
Event 260000
Event 270000
Event 280000
Event 290000
Event 300000
Event 310000
Event 320000
Event 330000
Event 340000
Event 350000
Event 360000
Event 370000
Event 380000
Event 390000
Total processed number of events: 392153
End processing...

The number of options is: 2
Option 0 = ./TopMass_analysis
Option 1 = DoubleEG_Run2016Bv2/DoubleEG_Run2016Bv2_234.list
Option 2 = DoubleEG_Run2016Bv2/DoubleEG_Run2016Bv2_234.txt
Input filelist = DoubleEG_Run2016Bv2/DoubleEG_Run2016Bv2_234.list
Output file name = DoubleEG_Run2016Bv2/DoubleEG_Run2016Bv2_234.txt


start merging file(s)
adding: dcap://cluster142.knu.ac.kr//pnfs/knu.ac.kr/data/cms/store/user/sha/Run2FULL/2016PreVFP/DATA/DoubleEG/crab_DoubleEG_Run2016B-ver2/240205_154141//0002/SSBTree_2331.root
adding: dcap://cluster142.knu.ac.kr//pnfs/knu.ac.kr/data/cms/store/user/sha/Run2FULL/2016PreVFP/DATA/DoubleEG/crab_DoubleEG_Run2016B-ver2/240205_154141//0002/SSBTree_2332.root
adding: dcap://cluster142.knu.ac.kr//pnfs/knu.ac.kr/data/cms/store/user/sha/Run2FULL/2016PreVFP/DATA/DoubleEG/crab_DoubleEG_Run2016B-ver2/240205_154141//0002/SSBTree_2333.root
adding: dcap://cluster142.knu.ac.kr//pnfs/knu.ac.kr/data/cms/store/user/sha/Run2FULL/2016PreVFP/DATA/DoubleEG/crab_DoubleEG_Run2016B-ver2/240205_154141//0002/SSBTree_2334.root
adding: dcap://cluster142.knu.ac.kr//pnfs/knu.ac.kr/data/cms/store/user/sha/Run2FULL/2016PreVFP/DATA/DoubleEG/crab_DoubleEG_Run2016B-ver2/240205_154141//0002/SSBTree_2335.root
adding: dcap://cluster142.knu.ac.kr//pnfs/knu.ac.kr/data/cms/store/user/sha/Run2FULL/2016PreVFP/DATA/DoubleEG/crab_DoubleEG_Run2016B-ver2/240205_154141//0002/SSBTree_2336.root
adding: dcap://cluster142.knu.ac.kr//pnfs/knu.ac.kr/data/cms/store/user/sha/Run2FULL/2016PreVFP/DATA/DoubleEG/crab_DoubleEG_Run2016B-ver2/240205_154141//0002/SSBTree_2337.root
adding: dcap://cluster142.knu.ac.kr//pnfs/knu.ac.kr/data/cms/store/user/sha/Run2FULL/2016PreVFP/DATA/DoubleEG/crab_DoubleEG_Run2016B-ver2/240205_154141//0002/SSBTree_2338.root
adding: dcap://cluster142.knu.ac.kr//pnfs/knu.ac.kr/data/cms/store/user/sha/Run2FULL/2016PreVFP/DATA/DoubleEG/crab_DoubleEG_Run2016B-ver2/240205_154141//0002/SSBTree_2339.root
adding: dcap://cluster142.knu.ac.kr//pnfs/knu.ac.kr/data/cms/store/user/sha/Run2FULL/2016PreVFP/DATA/DoubleEG/crab_DoubleEG_Run2016B-ver2/240205_154141//0002/SSBTree_2340.root
Total number of events after merging root files: 523860
Event 0
Event 10000
Event 20000
Event 30000
Event 40000
Event 50000
Event 60000
Event 70000
Event 80000
Event 90000
Event 100000
Event 110000
Event 120000
Event 130000
Event 140000
Event 150000
Event 160000
Event 170000
Event 180000
Event 190000
Event 200000
Event 210000
Event 220000
Event 230000
Event 240000
Event 250000
Event 260000
Event 270000
Event 280000
Event 290000
Event 300000
Event 310000
Event 320000
Event 330000
Event 340000
Event 350000
Event 360000
Event 370000
Event 380000
Event 390000
Event 400000
Event 410000
Event 420000
Event 430000
Event 440000
Event 450000
Event 460000
Event 470000
Event 480000
Event 490000
Event 500000
Event 510000
Event 520000
Total processed number of events: 523860
End processing...

The number of options is: 2
Option 0 = ./TopMass_analysis
Option 1 = DoubleEG_Run2016Bv2/DoubleEG_Run2016Bv2_261.list
Option 2 = DoubleEG_Run2016Bv2/DoubleEG_Run2016Bv2_261.txt
Input filelist = DoubleEG_Run2016Bv2/DoubleEG_Run2016Bv2_261.list
Output file name = DoubleEG_Run2016Bv2/DoubleEG_Run2016Bv2_261.txt


start merging file(s)
adding: dcap://cluster142.knu.ac.kr//pnfs/knu.ac.kr/data/cms/store/user/sha/Run2FULL/2016PreVFP/DATA/DoubleEG/crab_DoubleEG_Run2016B-ver2/240205_154141//0002/SSBTree_2601.root
adding: dcap://cluster142.knu.ac.kr//pnfs/knu.ac.kr/data/cms/store/user/sha/Run2FULL/2016PreVFP/DATA/DoubleEG/crab_DoubleEG_Run2016B-ver2/240205_154141//0002/SSBTree_2602.root
adding: dcap://cluster142.knu.ac.kr//pnfs/knu.ac.kr/data/cms/store/user/sha/Run2FULL/2016PreVFP/DATA/DoubleEG/crab_DoubleEG_Run2016B-ver2/240205_154141//0002/SSBTree_2603.root
adding: dcap://cluster142.knu.ac.kr//pnfs/knu.ac.kr/data/cms/store/user/sha/Run2FULL/2016PreVFP/DATA/DoubleEG/crab_DoubleEG_Run2016B-ver2/240205_154141//0002/SSBTree_2604.root
adding: dcap://cluster142.knu.ac.kr//pnfs/knu.ac.kr/data/cms/store/user/sha/Run2FULL/2016PreVFP/DATA/DoubleEG/crab_DoubleEG_Run2016B-ver2/240205_154141//0002/SSBTree_2605.root
adding: dcap://cluster142.knu.ac.kr//pnfs/knu.ac.kr/data/cms/store/user/sha/Run2FULL/2016PreVFP/DATA/DoubleEG/crab_DoubleEG_Run2016B-ver2/240205_154141//0002/SSBTree_2606.root
adding: dcap://cluster142.knu.ac.kr//pnfs/knu.ac.kr/data/cms/store/user/sha/Run2FULL/2016PreVFP/DATA/DoubleEG/crab_DoubleEG_Run2016B-ver2/240205_154141//0002/SSBTree_2607.root
adding: dcap://cluster142.knu.ac.kr//pnfs/knu.ac.kr/data/cms/store/user/sha/Run2FULL/2016PreVFP/DATA/DoubleEG/crab_DoubleEG_Run2016B-ver2/240205_154141//0002/SSBTree_2608.root
adding: dcap://cluster142.knu.ac.kr//pnfs/knu.ac.kr/data/cms/store/user/sha/Run2FULL/2016PreVFP/DATA/DoubleEG/crab_DoubleEG_Run2016B-ver2/240205_154141//0002/SSBTree_2609.root
adding: dcap://cluster142.knu.ac.kr//pnfs/knu.ac.kr/data/cms/store/user/sha/Run2FULL/2016PreVFP/DATA/DoubleEG/crab_DoubleEG_Run2016B-ver2/240205_154141//0002/SSBTree_2610.root
Total number of events after merging root files: 531791
Event 0
Event 10000
Event 20000
Event 30000
Event 40000
Event 50000
Event 60000
Event 70000
Event 80000
Event 90000
Event 100000
Event 110000
Event 120000
Event 130000
Event 140000
Event 150000
Event 160000
Event 170000
Event 180000
Event 190000
Event 200000
Event 210000
Event 220000
Event 230000
Event 240000
Event 250000
Event 260000
Event 270000
Event 280000
Event 290000
Event 300000
Event 310000
Event 320000
Event 330000
Event 340000
Event 350000
Event 360000
Event 370000
Event 380000
Event 390000
Event 400000
Event 410000
Event 420000
Event 430000
Event 440000
Event 450000
Event 460000
Event 470000
Event 480000
Event 490000
Event 500000
Event 510000
Event 520000
Event 530000
Total processed number of events: 531791
End processing...

