The number of options is: 2
Option 0 = ./TopMass_analysis
Option 1 = DoubleMuon_Run2016F_e/DoubleMuon_Run2016F_e_7.list
Option 2 = DoubleMuon_Run2016F_e/DoubleMuon_Run2016F_e_7.txt
Input filelist = DoubleMuon_Run2016F_e/DoubleMuon_Run2016F_e_7.list
Output file name = DoubleMuon_Run2016F_e/DoubleMuon_Run2016F_e_7.txt


start merging file(s)
adding: dcap://cluster142.knu.ac.kr//pnfs/knu.ac.kr/data/cms/store/user/sha/Run2FULL/2016PreVFP/DATA/DoubleMuon/crab_DoubleMuon_Run2016F_e/240205_142127//0000/SSBTree_155.root
adding: dcap://cluster142.knu.ac.kr//pnfs/knu.ac.kr/data/cms/store/user/sha/Run2FULL/2016PreVFP/DATA/DoubleMuon/crab_DoubleMuon_Run2016F_e/240205_142127//0000/SSBTree_156.root
adding: dcap://cluster142.knu.ac.kr//pnfs/knu.ac.kr/data/cms/store/user/sha/Run2FULL/2016PreVFP/DATA/DoubleMuon/crab_DoubleMuon_Run2016F_e/240205_142127//0000/SSBTree_157.root
adding: dcap://cluster142.knu.ac.kr//pnfs/knu.ac.kr/data/cms/store/user/sha/Run2FULL/2016PreVFP/DATA/DoubleMuon/crab_DoubleMuon_Run2016F_e/240205_142127//0000/SSBTree_158.root
adding: dcap://cluster142.knu.ac.kr//pnfs/knu.ac.kr/data/cms/store/user/sha/Run2FULL/2016PreVFP/DATA/DoubleMuon/crab_DoubleMuon_Run2016F_e/240205_142127//0000/SSBTree_159.root
adding: dcap://cluster142.knu.ac.kr//pnfs/knu.ac.kr/data/cms/store/user/sha/Run2FULL/2016PreVFP/DATA/DoubleMuon/crab_DoubleMuon_Run2016F_e/240205_142127//0000/SSBTree_15.root
adding: dcap://cluster142.knu.ac.kr//pnfs/knu.ac.kr/data/cms/store/user/sha/Run2FULL/2016PreVFP/DATA/DoubleMuon/crab_DoubleMuon_Run2016F_e/240205_142127//0000/SSBTree_160.root
adding: dcap://cluster142.knu.ac.kr//pnfs/knu.ac.kr/data/cms/store/user/sha/Run2FULL/2016PreVFP/DATA/DoubleMuon/crab_DoubleMuon_Run2016F_e/240205_142127//0000/SSBTree_161.root
adding: dcap://cluster142.knu.ac.kr//pnfs/knu.ac.kr/data/cms/store/user/sha/Run2FULL/2016PreVFP/DATA/DoubleMuon/crab_DoubleMuon_Run2016F_e/240205_142127//0000/SSBTree_162.root
adding: dcap://cluster142.knu.ac.kr//pnfs/knu.ac.kr/data/cms/store/user/sha/Run2FULL/2016PreVFP/DATA/DoubleMuon/crab_DoubleMuon_Run2016F_e/240205_142127//0000/SSBTree_163.root
Total number of events after merging root files: 230189
Event 0
Event 10000
Event 20000
Event 30000
Event 40000
Event 50000
Event 60000
Event 70000
Event 80000
Event 90000
Event 100000
Event 110000
Event 120000
Event 130000
Event 140000
Event 150000
Event 160000
Event 170000
Event 180000
Event 190000
Event 200000
Event 210000
Event 220000
Event 230000
Total processed number of events: 230189
End processing...

The number of options is: 2
Option 0 = ./TopMass_analysis
Option 1 = DoubleMuon_Run2016F_e/DoubleMuon_Run2016F_e_15.list
Option 2 = DoubleMuon_Run2016F_e/DoubleMuon_Run2016F_e_15.txt
Input filelist = DoubleMuon_Run2016F_e/DoubleMuon_Run2016F_e_15.list
Output file name = DoubleMuon_Run2016F_e/DoubleMuon_Run2016F_e_15.txt


start merging file(s)
adding: dcap://cluster142.knu.ac.kr//pnfs/knu.ac.kr/data/cms/store/user/sha/Run2FULL/2016PreVFP/DATA/DoubleMuon/crab_DoubleMuon_Run2016F_e/240205_142127//0000/SSBTree_227.root
adding: dcap://cluster142.knu.ac.kr//pnfs/knu.ac.kr/data/cms/store/user/sha/Run2FULL/2016PreVFP/DATA/DoubleMuon/crab_DoubleMuon_Run2016F_e/240205_142127//0000/SSBTree_228.root
adding: dcap://cluster142.knu.ac.kr//pnfs/knu.ac.kr/data/cms/store/user/sha/Run2FULL/2016PreVFP/DATA/DoubleMuon/crab_DoubleMuon_Run2016F_e/240205_142127//0000/SSBTree_229.root
adding: dcap://cluster142.knu.ac.kr//pnfs/knu.ac.kr/data/cms/store/user/sha/Run2FULL/2016PreVFP/DATA/DoubleMuon/crab_DoubleMuon_Run2016F_e/240205_142127//0000/SSBTree_22.root
adding: dcap://cluster142.knu.ac.kr//pnfs/knu.ac.kr/data/cms/store/user/sha/Run2FULL/2016PreVFP/DATA/DoubleMuon/crab_DoubleMuon_Run2016F_e/240205_142127//0000/SSBTree_230.root
adding: dcap://cluster142.knu.ac.kr//pnfs/knu.ac.kr/data/cms/store/user/sha/Run2FULL/2016PreVFP/DATA/DoubleMuon/crab_DoubleMuon_Run2016F_e/240205_142127//0000/SSBTree_231.root
adding: dcap://cluster142.knu.ac.kr//pnfs/knu.ac.kr/data/cms/store/user/sha/Run2FULL/2016PreVFP/DATA/DoubleMuon/crab_DoubleMuon_Run2016F_e/240205_142127//0000/SSBTree_232.root
adding: dcap://cluster142.knu.ac.kr//pnfs/knu.ac.kr/data/cms/store/user/sha/Run2FULL/2016PreVFP/DATA/DoubleMuon/crab_DoubleMuon_Run2016F_e/240205_142127//0000/SSBTree_233.root
adding: dcap://cluster142.knu.ac.kr//pnfs/knu.ac.kr/data/cms/store/user/sha/Run2FULL/2016PreVFP/DATA/DoubleMuon/crab_DoubleMuon_Run2016F_e/240205_142127//0000/SSBTree_234.root
adding: dcap://cluster142.knu.ac.kr//pnfs/knu.ac.kr/data/cms/store/user/sha/Run2FULL/2016PreVFP/DATA/DoubleMuon/crab_DoubleMuon_Run2016F_e/240205_142127//0000/SSBTree_235.root
Total number of events after merging root files: 185912
Event 0
Event 10000
Event 20000
Event 30000
Event 40000
Event 50000
Event 60000
Event 70000
Event 80000
Event 90000
Event 100000
Event 110000
Event 120000
Event 130000
Event 140000
Event 150000
Event 160000
Event 170000
Event 180000
Total processed number of events: 185912
End processing...

The number of options is: 2
Option 0 = ./TopMass_analysis
Option 1 = DoubleMuon_Run2016F_e/DoubleMuon_Run2016F_e_23.list
Option 2 = DoubleMuon_Run2016F_e/DoubleMuon_Run2016F_e_23.txt
Input filelist = DoubleMuon_Run2016F_e/DoubleMuon_Run2016F_e_23.list
Output file name = DoubleMuon_Run2016F_e/DoubleMuon_Run2016F_e_23.txt


start merging file(s)
adding: dcap://cluster142.knu.ac.kr//pnfs/knu.ac.kr/data/cms/store/user/sha/Run2FULL/2016PreVFP/DATA/DoubleMuon/crab_DoubleMuon_Run2016F_e/240205_142127//0000/SSBTree_29.root
adding: dcap://cluster142.knu.ac.kr//pnfs/knu.ac.kr/data/cms/store/user/sha/Run2FULL/2016PreVFP/DATA/DoubleMuon/crab_DoubleMuon_Run2016F_e/240205_142127//0000/SSBTree_2.root
adding: dcap://cluster142.knu.ac.kr//pnfs/knu.ac.kr/data/cms/store/user/sha/Run2FULL/2016PreVFP/DATA/DoubleMuon/crab_DoubleMuon_Run2016F_e/240205_142127//0000/SSBTree_300.root
adding: dcap://cluster142.knu.ac.kr//pnfs/knu.ac.kr/data/cms/store/user/sha/Run2FULL/2016PreVFP/DATA/DoubleMuon/crab_DoubleMuon_Run2016F_e/240205_142127//0000/SSBTree_301.root
adding: dcap://cluster142.knu.ac.kr//pnfs/knu.ac.kr/data/cms/store/user/sha/Run2FULL/2016PreVFP/DATA/DoubleMuon/crab_DoubleMuon_Run2016F_e/240205_142127//0000/SSBTree_302.root
adding: dcap://cluster142.knu.ac.kr//pnfs/knu.ac.kr/data/cms/store/user/sha/Run2FULL/2016PreVFP/DATA/DoubleMuon/crab_DoubleMuon_Run2016F_e/240205_142127//0000/SSBTree_303.root
adding: dcap://cluster142.knu.ac.kr//pnfs/knu.ac.kr/data/cms/store/user/sha/Run2FULL/2016PreVFP/DATA/DoubleMuon/crab_DoubleMuon_Run2016F_e/240205_142127//0000/SSBTree_304.root
adding: dcap://cluster142.knu.ac.kr//pnfs/knu.ac.kr/data/cms/store/user/sha/Run2FULL/2016PreVFP/DATA/DoubleMuon/crab_DoubleMuon_Run2016F_e/240205_142127//0000/SSBTree_305.root
adding: dcap://cluster142.knu.ac.kr//pnfs/knu.ac.kr/data/cms/store/user/sha/Run2FULL/2016PreVFP/DATA/DoubleMuon/crab_DoubleMuon_Run2016F_e/240205_142127//0000/SSBTree_306.root
adding: dcap://cluster142.knu.ac.kr//pnfs/knu.ac.kr/data/cms/store/user/sha/Run2FULL/2016PreVFP/DATA/DoubleMuon/crab_DoubleMuon_Run2016F_e/240205_142127//0000/SSBTree_307.root
Total number of events after merging root files: 244580
Event 0
Event 10000
Event 20000
Event 30000
Event 40000
Event 50000
Event 60000
Event 70000
Event 80000
Event 90000
Event 100000
Event 110000
Event 120000
Event 130000
Event 140000
Event 150000
Event 160000
Event 170000
Event 180000
Event 190000
Event 200000
Event 210000
Event 220000
Event 230000
Event 240000
Total processed number of events: 244580
End processing...

The number of options is: 2
Option 0 = ./TopMass_analysis
Option 1 = DoubleMuon_Run2016F_e/DoubleMuon_Run2016F_e_31.list
Option 2 = DoubleMuon_Run2016F_e/DoubleMuon_Run2016F_e_31.txt
Input filelist = DoubleMuon_Run2016F_e/DoubleMuon_Run2016F_e_31.list
Output file name = DoubleMuon_Run2016F_e/DoubleMuon_Run2016F_e_31.txt


start merging file(s)
adding: dcap://cluster142.knu.ac.kr//pnfs/knu.ac.kr/data/cms/store/user/sha/Run2FULL/2016PreVFP/DATA/DoubleMuon/crab_DoubleMuon_Run2016F_e/240205_142127//0000/SSBTree_371.root
adding: dcap://cluster142.knu.ac.kr//pnfs/knu.ac.kr/data/cms/store/user/sha/Run2FULL/2016PreVFP/DATA/DoubleMuon/crab_DoubleMuon_Run2016F_e/240205_142127//0000/SSBTree_372.root
adding: dcap://cluster142.knu.ac.kr//pnfs/knu.ac.kr/data/cms/store/user/sha/Run2FULL/2016PreVFP/DATA/DoubleMuon/crab_DoubleMuon_Run2016F_e/240205_142127//0000/SSBTree_373.root
adding: dcap://cluster142.knu.ac.kr//pnfs/knu.ac.kr/data/cms/store/user/sha/Run2FULL/2016PreVFP/DATA/DoubleMuon/crab_DoubleMuon_Run2016F_e/240205_142127//0000/SSBTree_374.root
adding: dcap://cluster142.knu.ac.kr//pnfs/knu.ac.kr/data/cms/store/user/sha/Run2FULL/2016PreVFP/DATA/DoubleMuon/crab_DoubleMuon_Run2016F_e/240205_142127//0000/SSBTree_375.root
adding: dcap://cluster142.knu.ac.kr//pnfs/knu.ac.kr/data/cms/store/user/sha/Run2FULL/2016PreVFP/DATA/DoubleMuon/crab_DoubleMuon_Run2016F_e/240205_142127//0000/SSBTree_376.root
adding: dcap://cluster142.knu.ac.kr//pnfs/knu.ac.kr/data/cms/store/user/sha/Run2FULL/2016PreVFP/DATA/DoubleMuon/crab_DoubleMuon_Run2016F_e/240205_142127//0000/SSBTree_377.root
adding: dcap://cluster142.knu.ac.kr//pnfs/knu.ac.kr/data/cms/store/user/sha/Run2FULL/2016PreVFP/DATA/DoubleMuon/crab_DoubleMuon_Run2016F_e/240205_142127//0000/SSBTree_378.root
adding: dcap://cluster142.knu.ac.kr//pnfs/knu.ac.kr/data/cms/store/user/sha/Run2FULL/2016PreVFP/DATA/DoubleMuon/crab_DoubleMuon_Run2016F_e/240205_142127//0000/SSBTree_379.root
adding: dcap://cluster142.knu.ac.kr//pnfs/knu.ac.kr/data/cms/store/user/sha/Run2FULL/2016PreVFP/DATA/DoubleMuon/crab_DoubleMuon_Run2016F_e/240205_142127//0000/SSBTree_37.root
Total number of events after merging root files: 180204
Event 0
Event 10000
Event 20000
Event 30000
Event 40000
Event 50000
Event 60000
Event 70000
Event 80000
Event 90000
Event 100000
Event 110000
Event 120000
Event 130000
Event 140000
Event 150000
Event 160000
Event 170000
Event 180000
Total processed number of events: 180204
End processing...

The number of options is: 2
Option 0 = ./TopMass_analysis
Option 1 = DoubleMuon_Run2016F_e/DoubleMuon_Run2016F_e_39.list
Option 2 = DoubleMuon_Run2016F_e/DoubleMuon_Run2016F_e_39.txt
Input filelist = DoubleMuon_Run2016F_e/DoubleMuon_Run2016F_e_39.list
Output file name = DoubleMuon_Run2016F_e/DoubleMuon_Run2016F_e_39.txt


start merging file(s)
adding: dcap://cluster142.knu.ac.kr//pnfs/knu.ac.kr/data/cms/store/user/sha/Run2FULL/2016PreVFP/DATA/DoubleMuon/crab_DoubleMuon_Run2016F_e/240205_142127//0000/SSBTree_443.root
adding: dcap://cluster142.knu.ac.kr//pnfs/knu.ac.kr/data/cms/store/user/sha/Run2FULL/2016PreVFP/DATA/DoubleMuon/crab_DoubleMuon_Run2016F_e/240205_142127//0000/SSBTree_444.root
adding: dcap://cluster142.knu.ac.kr//pnfs/knu.ac.kr/data/cms/store/user/sha/Run2FULL/2016PreVFP/DATA/DoubleMuon/crab_DoubleMuon_Run2016F_e/240205_142127//0000/SSBTree_445.root
adding: dcap://cluster142.knu.ac.kr//pnfs/knu.ac.kr/data/cms/store/user/sha/Run2FULL/2016PreVFP/DATA/DoubleMuon/crab_DoubleMuon_Run2016F_e/240205_142127//0000/SSBTree_446.root
adding: dcap://cluster142.knu.ac.kr//pnfs/knu.ac.kr/data/cms/store/user/sha/Run2FULL/2016PreVFP/DATA/DoubleMuon/crab_DoubleMuon_Run2016F_e/240205_142127//0000/SSBTree_447.root
adding: dcap://cluster142.knu.ac.kr//pnfs/knu.ac.kr/data/cms/store/user/sha/Run2FULL/2016PreVFP/DATA/DoubleMuon/crab_DoubleMuon_Run2016F_e/240205_142127//0000/SSBTree_448.root
adding: dcap://cluster142.knu.ac.kr//pnfs/knu.ac.kr/data/cms/store/user/sha/Run2FULL/2016PreVFP/DATA/DoubleMuon/crab_DoubleMuon_Run2016F_e/240205_142127//0000/SSBTree_449.root
adding: dcap://cluster142.knu.ac.kr//pnfs/knu.ac.kr/data/cms/store/user/sha/Run2FULL/2016PreVFP/DATA/DoubleMuon/crab_DoubleMuon_Run2016F_e/240205_142127//0000/SSBTree_44.root
adding: dcap://cluster142.knu.ac.kr//pnfs/knu.ac.kr/data/cms/store/user/sha/Run2FULL/2016PreVFP/DATA/DoubleMuon/crab_DoubleMuon_Run2016F_e/240205_142127//0000/SSBTree_450.root
adding: dcap://cluster142.knu.ac.kr//pnfs/knu.ac.kr/data/cms/store/user/sha/Run2FULL/2016PreVFP/DATA/DoubleMuon/crab_DoubleMuon_Run2016F_e/240205_142127//0000/SSBTree_451.root
Total number of events after merging root files: 257727
Event 0
Event 10000
Event 20000
Event 30000
Event 40000
Event 50000
Event 60000
Event 70000
Event 80000
Event 90000
Event 100000
Event 110000
Event 120000
Event 130000
Event 140000
Event 150000
Event 160000
Event 170000
Event 180000
Event 190000
Event 200000
Event 210000
Event 220000
Event 230000
Event 240000
Event 250000
Total processed number of events: 257727
End processing...

The number of options is: 2
Option 0 = ./TopMass_analysis
Option 1 = DoubleMuon_Run2016F_e/DoubleMuon_Run2016F_e_47.list
Option 2 = DoubleMuon_Run2016F_e/DoubleMuon_Run2016F_e_47.txt
Input filelist = DoubleMuon_Run2016F_e/DoubleMuon_Run2016F_e_47.list
Output file name = DoubleMuon_Run2016F_e/DoubleMuon_Run2016F_e_47.txt


start merging file(s)
adding: dcap://cluster142.knu.ac.kr//pnfs/knu.ac.kr/data/cms/store/user/sha/Run2FULL/2016PreVFP/DATA/DoubleMuon/crab_DoubleMuon_Run2016F_e/240205_142127//0000/SSBTree_515.root
adding: dcap://cluster142.knu.ac.kr//pnfs/knu.ac.kr/data/cms/store/user/sha/Run2FULL/2016PreVFP/DATA/DoubleMuon/crab_DoubleMuon_Run2016F_e/240205_142127//0000/SSBTree_516.root
adding: dcap://cluster142.knu.ac.kr//pnfs/knu.ac.kr/data/cms/store/user/sha/Run2FULL/2016PreVFP/DATA/DoubleMuon/crab_DoubleMuon_Run2016F_e/240205_142127//0000/SSBTree_517.root
adding: dcap://cluster142.knu.ac.kr//pnfs/knu.ac.kr/data/cms/store/user/sha/Run2FULL/2016PreVFP/DATA/DoubleMuon/crab_DoubleMuon_Run2016F_e/240205_142127//0000/SSBTree_518.root
adding: dcap://cluster142.knu.ac.kr//pnfs/knu.ac.kr/data/cms/store/user/sha/Run2FULL/2016PreVFP/DATA/DoubleMuon/crab_DoubleMuon_Run2016F_e/240205_142127//0000/SSBTree_519.root
adding: dcap://cluster142.knu.ac.kr//pnfs/knu.ac.kr/data/cms/store/user/sha/Run2FULL/2016PreVFP/DATA/DoubleMuon/crab_DoubleMuon_Run2016F_e/240205_142127//0000/SSBTree_51.root
adding: dcap://cluster142.knu.ac.kr//pnfs/knu.ac.kr/data/cms/store/user/sha/Run2FULL/2016PreVFP/DATA/DoubleMuon/crab_DoubleMuon_Run2016F_e/240205_142127//0000/SSBTree_520.root
adding: dcap://cluster142.knu.ac.kr//pnfs/knu.ac.kr/data/cms/store/user/sha/Run2FULL/2016PreVFP/DATA/DoubleMuon/crab_DoubleMuon_Run2016F_e/240205_142127//0000/SSBTree_521.root
adding: dcap://cluster142.knu.ac.kr//pnfs/knu.ac.kr/data/cms/store/user/sha/Run2FULL/2016PreVFP/DATA/DoubleMuon/crab_DoubleMuon_Run2016F_e/240205_142127//0000/SSBTree_522.root
adding: dcap://cluster142.knu.ac.kr//pnfs/knu.ac.kr/data/cms/store/user/sha/Run2FULL/2016PreVFP/DATA/DoubleMuon/crab_DoubleMuon_Run2016F_e/240205_142127//0000/SSBTree_523.root
Total number of events after merging root files: 231571
Event 0
Event 10000
Event 20000
Event 30000
Event 40000
Event 50000
Event 60000
Event 70000
Event 80000
Event 90000
Event 100000
Event 110000
Event 120000
Event 130000
Event 140000
Event 150000
Event 160000
Event 170000
Event 180000
Event 190000
Event 200000
Event 210000
Event 220000
Event 230000
Total processed number of events: 231571
End processing...

The number of options is: 2
Option 0 = ./TopMass_analysis
Option 1 = DoubleMuon_Run2016F_e/DoubleMuon_Run2016F_e_55.list
Option 2 = DoubleMuon_Run2016F_e/DoubleMuon_Run2016F_e_55.txt
Input filelist = DoubleMuon_Run2016F_e/DoubleMuon_Run2016F_e_55.list
Output file name = DoubleMuon_Run2016F_e/DoubleMuon_Run2016F_e_55.txt


start merging file(s)
adding: dcap://cluster142.knu.ac.kr//pnfs/knu.ac.kr/data/cms/store/user/sha/Run2FULL/2016PreVFP/DATA/DoubleMuon/crab_DoubleMuon_Run2016F_e/240205_142127//0000/SSBTree_588.root
adding: dcap://cluster142.knu.ac.kr//pnfs/knu.ac.kr/data/cms/store/user/sha/Run2FULL/2016PreVFP/DATA/DoubleMuon/crab_DoubleMuon_Run2016F_e/240205_142127//0000/SSBTree_589.root
adding: dcap://cluster142.knu.ac.kr//pnfs/knu.ac.kr/data/cms/store/user/sha/Run2FULL/2016PreVFP/DATA/DoubleMuon/crab_DoubleMuon_Run2016F_e/240205_142127//0000/SSBTree_58.root
adding: dcap://cluster142.knu.ac.kr//pnfs/knu.ac.kr/data/cms/store/user/sha/Run2FULL/2016PreVFP/DATA/DoubleMuon/crab_DoubleMuon_Run2016F_e/240205_142127//0000/SSBTree_590.root
adding: dcap://cluster142.knu.ac.kr//pnfs/knu.ac.kr/data/cms/store/user/sha/Run2FULL/2016PreVFP/DATA/DoubleMuon/crab_DoubleMuon_Run2016F_e/240205_142127//0000/SSBTree_591.root
adding: dcap://cluster142.knu.ac.kr//pnfs/knu.ac.kr/data/cms/store/user/sha/Run2FULL/2016PreVFP/DATA/DoubleMuon/crab_DoubleMuon_Run2016F_e/240205_142127//0000/SSBTree_592.root
adding: dcap://cluster142.knu.ac.kr//pnfs/knu.ac.kr/data/cms/store/user/sha/Run2FULL/2016PreVFP/DATA/DoubleMuon/crab_DoubleMuon_Run2016F_e/240205_142127//0000/SSBTree_593.root
adding: dcap://cluster142.knu.ac.kr//pnfs/knu.ac.kr/data/cms/store/user/sha/Run2FULL/2016PreVFP/DATA/DoubleMuon/crab_DoubleMuon_Run2016F_e/240205_142127//0000/SSBTree_594.root
adding: dcap://cluster142.knu.ac.kr//pnfs/knu.ac.kr/data/cms/store/user/sha/Run2FULL/2016PreVFP/DATA/DoubleMuon/crab_DoubleMuon_Run2016F_e/240205_142127//0000/SSBTree_595.root
adding: dcap://cluster142.knu.ac.kr//pnfs/knu.ac.kr/data/cms/store/user/sha/Run2FULL/2016PreVFP/DATA/DoubleMuon/crab_DoubleMuon_Run2016F_e/240205_142127//0000/SSBTree_596.root
Total number of events after merging root files: 250808
Event 0
Event 10000
Event 20000
Event 30000
Event 40000
Event 50000
Event 60000
Event 70000
Event 80000
Event 90000
Event 100000
Event 110000
Event 120000
Event 130000
Event 140000
Event 150000
Event 160000
Event 170000
Event 180000
Event 190000
Event 200000
Event 210000
Event 220000
Event 230000
Event 240000
Event 250000
Total processed number of events: 250808
End processing...

The number of options is: 2
Option 0 = ./TopMass_analysis
Option 1 = DoubleMuon_Run2016F_e/DoubleMuon_Run2016F_e_63.list
Option 2 = DoubleMuon_Run2016F_e/DoubleMuon_Run2016F_e_63.txt
Input filelist = DoubleMuon_Run2016F_e/DoubleMuon_Run2016F_e_63.list
Output file name = DoubleMuon_Run2016F_e/DoubleMuon_Run2016F_e_63.txt


start merging file(s)
adding: dcap://cluster142.knu.ac.kr//pnfs/knu.ac.kr/data/cms/store/user/sha/Run2FULL/2016PreVFP/DATA/DoubleMuon/crab_DoubleMuon_Run2016F_e/240205_142127//0000/SSBTree_65.root
adding: dcap://cluster142.knu.ac.kr//pnfs/knu.ac.kr/data/cms/store/user/sha/Run2FULL/2016PreVFP/DATA/DoubleMuon/crab_DoubleMuon_Run2016F_e/240205_142127//0000/SSBTree_660.root
adding: dcap://cluster142.knu.ac.kr//pnfs/knu.ac.kr/data/cms/store/user/sha/Run2FULL/2016PreVFP/DATA/DoubleMuon/crab_DoubleMuon_Run2016F_e/240205_142127//0000/SSBTree_661.root
adding: dcap://cluster142.knu.ac.kr//pnfs/knu.ac.kr/data/cms/store/user/sha/Run2FULL/2016PreVFP/DATA/DoubleMuon/crab_DoubleMuon_Run2016F_e/240205_142127//0000/SSBTree_662.root
adding: dcap://cluster142.knu.ac.kr//pnfs/knu.ac.kr/data/cms/store/user/sha/Run2FULL/2016PreVFP/DATA/DoubleMuon/crab_DoubleMuon_Run2016F_e/240205_142127//0000/SSBTree_663.root
adding: dcap://cluster142.knu.ac.kr//pnfs/knu.ac.kr/data/cms/store/user/sha/Run2FULL/2016PreVFP/DATA/DoubleMuon/crab_DoubleMuon_Run2016F_e/240205_142127//0000/SSBTree_664.root
adding: dcap://cluster142.knu.ac.kr//pnfs/knu.ac.kr/data/cms/store/user/sha/Run2FULL/2016PreVFP/DATA/DoubleMuon/crab_DoubleMuon_Run2016F_e/240205_142127//0000/SSBTree_665.root
adding: dcap://cluster142.knu.ac.kr//pnfs/knu.ac.kr/data/cms/store/user/sha/Run2FULL/2016PreVFP/DATA/DoubleMuon/crab_DoubleMuon_Run2016F_e/240205_142127//0000/SSBTree_666.root
adding: dcap://cluster142.knu.ac.kr//pnfs/knu.ac.kr/data/cms/store/user/sha/Run2FULL/2016PreVFP/DATA/DoubleMuon/crab_DoubleMuon_Run2016F_e/240205_142127//0000/SSBTree_667.root
adding: dcap://cluster142.knu.ac.kr//pnfs/knu.ac.kr/data/cms/store/user/sha/Run2FULL/2016PreVFP/DATA/DoubleMuon/crab_DoubleMuon_Run2016F_e/240205_142127//0000/SSBTree_668.root
Total number of events after merging root files: 250837
Event 0
Event 10000
Event 20000
Event 30000
Event 40000
Event 50000
Event 60000
Event 70000
Event 80000
Event 90000
Event 100000
Event 110000
Event 120000
Event 130000
Event 140000
Event 150000
Event 160000
Event 170000
Event 180000
Event 190000
Event 200000
Event 210000
Event 220000
Event 230000
Event 240000
Event 250000
Total processed number of events: 250837
End processing...

The number of options is: 2
Option 0 = ./TopMass_analysis
Option 1 = DoubleMuon_Run2016F_e/DoubleMuon_Run2016F_e_71.list
Option 2 = DoubleMuon_Run2016F_e/DoubleMuon_Run2016F_e_71.txt
Input filelist = DoubleMuon_Run2016F_e/DoubleMuon_Run2016F_e_71.list
Output file name = DoubleMuon_Run2016F_e/DoubleMuon_Run2016F_e_71.txt


start merging file(s)
adding: dcap://cluster142.knu.ac.kr//pnfs/knu.ac.kr/data/cms/store/user/sha/Run2FULL/2016PreVFP/DATA/DoubleMuon/crab_DoubleMuon_Run2016F_e/240205_142127//0000/SSBTree_731.root
adding: dcap://cluster142.knu.ac.kr//pnfs/knu.ac.kr/data/cms/store/user/sha/Run2FULL/2016PreVFP/DATA/DoubleMuon/crab_DoubleMuon_Run2016F_e/240205_142127//0000/SSBTree_732.root
adding: dcap://cluster142.knu.ac.kr//pnfs/knu.ac.kr/data/cms/store/user/sha/Run2FULL/2016PreVFP/DATA/DoubleMuon/crab_DoubleMuon_Run2016F_e/240205_142127//0000/SSBTree_733.root
adding: dcap://cluster142.knu.ac.kr//pnfs/knu.ac.kr/data/cms/store/user/sha/Run2FULL/2016PreVFP/DATA/DoubleMuon/crab_DoubleMuon_Run2016F_e/240205_142127//0000/SSBTree_734.root
adding: dcap://cluster142.knu.ac.kr//pnfs/knu.ac.kr/data/cms/store/user/sha/Run2FULL/2016PreVFP/DATA/DoubleMuon/crab_DoubleMuon_Run2016F_e/240205_142127//0000/SSBTree_735.root
adding: dcap://cluster142.knu.ac.kr//pnfs/knu.ac.kr/data/cms/store/user/sha/Run2FULL/2016PreVFP/DATA/DoubleMuon/crab_DoubleMuon_Run2016F_e/240205_142127//0000/SSBTree_736.root
adding: dcap://cluster142.knu.ac.kr//pnfs/knu.ac.kr/data/cms/store/user/sha/Run2FULL/2016PreVFP/DATA/DoubleMuon/crab_DoubleMuon_Run2016F_e/240205_142127//0000/SSBTree_737.root
adding: dcap://cluster142.knu.ac.kr//pnfs/knu.ac.kr/data/cms/store/user/sha/Run2FULL/2016PreVFP/DATA/DoubleMuon/crab_DoubleMuon_Run2016F_e/240205_142127//0000/SSBTree_738.root
adding: dcap://cluster142.knu.ac.kr//pnfs/knu.ac.kr/data/cms/store/user/sha/Run2FULL/2016PreVFP/DATA/DoubleMuon/crab_DoubleMuon_Run2016F_e/240205_142127//0000/SSBTree_739.root
adding: dcap://cluster142.knu.ac.kr//pnfs/knu.ac.kr/data/cms/store/user/sha/Run2FULL/2016PreVFP/DATA/DoubleMuon/crab_DoubleMuon_Run2016F_e/240205_142127//0000/SSBTree_73.root
Total number of events after merging root files: 220312
Event 0
Event 10000
Event 20000
Event 30000
Event 40000
Event 50000
Event 60000
Event 70000
Event 80000
Event 90000
Event 100000
Event 110000
Event 120000
Event 130000
Event 140000
Event 150000
Event 160000
Event 170000
Event 180000
Event 190000
Event 200000
Event 210000
Event 220000
Total processed number of events: 220312
End processing...

The number of options is: 2
Option 0 = ./TopMass_analysis
Option 1 = DoubleMuon_Run2016F_e/DoubleMuon_Run2016F_e_79.list
Option 2 = DoubleMuon_Run2016F_e/DoubleMuon_Run2016F_e_79.txt
Input filelist = DoubleMuon_Run2016F_e/DoubleMuon_Run2016F_e_79.list
Output file name = DoubleMuon_Run2016F_e/DoubleMuon_Run2016F_e_79.txt


start merging file(s)
adding: dcap://cluster142.knu.ac.kr//pnfs/knu.ac.kr/data/cms/store/user/sha/Run2FULL/2016PreVFP/DATA/DoubleMuon/crab_DoubleMuon_Run2016F_e/240205_142127//0000/SSBTree_9.root
Total number of events after merging root files: 14026
Event 0
Event 10000
Total processed number of events: 14026
End processing...

