The number of options is: 2
Option 0 = ./TopMass_analysis
Option 1 = DYJetsToLL_M_50/DYJetsToLL_M_50_13.list
Option 2 = DYJetsToLL_M_50/DYJetsToLL_M_50_13.txt
Input filelist = DYJetsToLL_M_50/DYJetsToLL_M_50_13.list
Output file name = DYJetsToLL_M_50/DYJetsToLL_M_50_13.txt


start merging file(s)
adding: dcap://cluster142.knu.ac.kr//pnfs/knu.ac.kr/data/cms/store/user/sha/Run2FULL/2016PreVFP/MC/DYJetsToLL_M-50_TuneCP5_13TeV-amcatnloFXFX-pythia8/crab_DYJetsToLL_M-50_TuneCP5_13TeV-amcatnloFXFX-pythia8/240304_025521//0000/SSBTree_209.root
adding: dcap://cluster142.knu.ac.kr//pnfs/knu.ac.kr/data/cms/store/user/sha/Run2FULL/2016PreVFP/MC/DYJetsToLL_M-50_TuneCP5_13TeV-amcatnloFXFX-pythia8/crab_DYJetsToLL_M-50_TuneCP5_13TeV-amcatnloFXFX-pythia8/240304_025521//0000/SSBTree_20.root
adding: dcap://cluster142.knu.ac.kr//pnfs/knu.ac.kr/data/cms/store/user/sha/Run2FULL/2016PreVFP/MC/DYJetsToLL_M-50_TuneCP5_13TeV-amcatnloFXFX-pythia8/crab_DYJetsToLL_M-50_TuneCP5_13TeV-amcatnloFXFX-pythia8/240304_025521//0000/SSBTree_210.root
adding: dcap://cluster142.knu.ac.kr//pnfs/knu.ac.kr/data/cms/store/user/sha/Run2FULL/2016PreVFP/MC/DYJetsToLL_M-50_TuneCP5_13TeV-amcatnloFXFX-pythia8/crab_DYJetsToLL_M-50_TuneCP5_13TeV-amcatnloFXFX-pythia8/240304_025521//0000/SSBTree_211.root
adding: dcap://cluster142.knu.ac.kr//pnfs/knu.ac.kr/data/cms/store/user/sha/Run2FULL/2016PreVFP/MC/DYJetsToLL_M-50_TuneCP5_13TeV-amcatnloFXFX-pythia8/crab_DYJetsToLL_M-50_TuneCP5_13TeV-amcatnloFXFX-pythia8/240304_025521//0000/SSBTree_212.root
adding: dcap://cluster142.knu.ac.kr//pnfs/knu.ac.kr/data/cms/store/user/sha/Run2FULL/2016PreVFP/MC/DYJetsToLL_M-50_TuneCP5_13TeV-amcatnloFXFX-pythia8/crab_DYJetsToLL_M-50_TuneCP5_13TeV-amcatnloFXFX-pythia8/240304_025521//0000/SSBTree_213.root
adding: dcap://cluster142.knu.ac.kr//pnfs/knu.ac.kr/data/cms/store/user/sha/Run2FULL/2016PreVFP/MC/DYJetsToLL_M-50_TuneCP5_13TeV-amcatnloFXFX-pythia8/crab_DYJetsToLL_M-50_TuneCP5_13TeV-amcatnloFXFX-pythia8/240304_025521//0000/SSBTree_214.root
adding: dcap://cluster142.knu.ac.kr//pnfs/knu.ac.kr/data/cms/store/user/sha/Run2FULL/2016PreVFP/MC/DYJetsToLL_M-50_TuneCP5_13TeV-amcatnloFXFX-pythia8/crab_DYJetsToLL_M-50_TuneCP5_13TeV-amcatnloFXFX-pythia8/240304_025521//0000/SSBTree_215.root
adding: dcap://cluster142.knu.ac.kr//pnfs/knu.ac.kr/data/cms/store/user/sha/Run2FULL/2016PreVFP/MC/DYJetsToLL_M-50_TuneCP5_13TeV-amcatnloFXFX-pythia8/crab_DYJetsToLL_M-50_TuneCP5_13TeV-amcatnloFXFX-pythia8/240304_025521//0000/SSBTree_216.root
adding: dcap://cluster142.knu.ac.kr//pnfs/knu.ac.kr/data/cms/store/user/sha/Run2FULL/2016PreVFP/MC/DYJetsToLL_M-50_TuneCP5_13TeV-amcatnloFXFX-pythia8/crab_DYJetsToLL_M-50_TuneCP5_13TeV-amcatnloFXFX-pythia8/240304_025521//0000/SSBTree_217.root
Total number of events after merging root files: 248041
Event 0
Event 10000
Event 20000
Event 30000
Event 40000
Event 50000
Event 60000
Event 70000
Event 80000
Event 90000
Event 100000
Event 110000
Event 120000
Event 130000
Event 140000
Event 150000
Event 160000
Event 170000
Event 180000
Event 190000
Event 200000
Event 210000
Event 220000
Event 230000
Event 240000
Total processed number of events: 248041
End processing...

The number of options is: 2
Option 0 = ./TopMass_analysis
Option 1 = DYJetsToLL_M_50/DYJetsToLL_M_50_50.list
Option 2 = DYJetsToLL_M_50/DYJetsToLL_M_50_50.txt
Input filelist = DYJetsToLL_M_50/DYJetsToLL_M_50_50.list
Output file name = DYJetsToLL_M_50/DYJetsToLL_M_50_50.txt


start merging file(s)
adding: dcap://cluster142.knu.ac.kr//pnfs/knu.ac.kr/data/cms/store/user/sha/Run2FULL/2016PreVFP/MC/DYJetsToLL_M-50_TuneCP5_13TeV-amcatnloFXFX-pythia8/crab_DYJetsToLL_M-50_TuneCP5_13TeV-amcatnloFXFX-pythia8/240304_025521//0000/SSBTree_542.root
adding: dcap://cluster142.knu.ac.kr//pnfs/knu.ac.kr/data/cms/store/user/sha/Run2FULL/2016PreVFP/MC/DYJetsToLL_M-50_TuneCP5_13TeV-amcatnloFXFX-pythia8/crab_DYJetsToLL_M-50_TuneCP5_13TeV-amcatnloFXFX-pythia8/240304_025521//0000/SSBTree_543.root
adding: dcap://cluster142.knu.ac.kr//pnfs/knu.ac.kr/data/cms/store/user/sha/Run2FULL/2016PreVFP/MC/DYJetsToLL_M-50_TuneCP5_13TeV-amcatnloFXFX-pythia8/crab_DYJetsToLL_M-50_TuneCP5_13TeV-amcatnloFXFX-pythia8/240304_025521//0000/SSBTree_544.root
adding: dcap://cluster142.knu.ac.kr//pnfs/knu.ac.kr/data/cms/store/user/sha/Run2FULL/2016PreVFP/MC/DYJetsToLL_M-50_TuneCP5_13TeV-amcatnloFXFX-pythia8/crab_DYJetsToLL_M-50_TuneCP5_13TeV-amcatnloFXFX-pythia8/240304_025521//0000/SSBTree_545.root
adding: dcap://cluster142.knu.ac.kr//pnfs/knu.ac.kr/data/cms/store/user/sha/Run2FULL/2016PreVFP/MC/DYJetsToLL_M-50_TuneCP5_13TeV-amcatnloFXFX-pythia8/crab_DYJetsToLL_M-50_TuneCP5_13TeV-amcatnloFXFX-pythia8/240304_025521//0000/SSBTree_546.root
adding: dcap://cluster142.knu.ac.kr//pnfs/knu.ac.kr/data/cms/store/user/sha/Run2FULL/2016PreVFP/MC/DYJetsToLL_M-50_TuneCP5_13TeV-amcatnloFXFX-pythia8/crab_DYJetsToLL_M-50_TuneCP5_13TeV-amcatnloFXFX-pythia8/240304_025521//0000/SSBTree_547.root
adding: dcap://cluster142.knu.ac.kr//pnfs/knu.ac.kr/data/cms/store/user/sha/Run2FULL/2016PreVFP/MC/DYJetsToLL_M-50_TuneCP5_13TeV-amcatnloFXFX-pythia8/crab_DYJetsToLL_M-50_TuneCP5_13TeV-amcatnloFXFX-pythia8/240304_025521//0000/SSBTree_548.root
adding: dcap://cluster142.knu.ac.kr//pnfs/knu.ac.kr/data/cms/store/user/sha/Run2FULL/2016PreVFP/MC/DYJetsToLL_M-50_TuneCP5_13TeV-amcatnloFXFX-pythia8/crab_DYJetsToLL_M-50_TuneCP5_13TeV-amcatnloFXFX-pythia8/240304_025521//0000/SSBTree_549.root
adding: dcap://cluster142.knu.ac.kr//pnfs/knu.ac.kr/data/cms/store/user/sha/Run2FULL/2016PreVFP/MC/DYJetsToLL_M-50_TuneCP5_13TeV-amcatnloFXFX-pythia8/crab_DYJetsToLL_M-50_TuneCP5_13TeV-amcatnloFXFX-pythia8/240304_025521//0000/SSBTree_54.root
adding: dcap://cluster142.knu.ac.kr//pnfs/knu.ac.kr/data/cms/store/user/sha/Run2FULL/2016PreVFP/MC/DYJetsToLL_M-50_TuneCP5_13TeV-amcatnloFXFX-pythia8/crab_DYJetsToLL_M-50_TuneCP5_13TeV-amcatnloFXFX-pythia8/240304_025521//0000/SSBTree_550.root
Total number of events after merging root files: 231467
Event 0
Event 10000
Event 20000
Event 30000
Event 40000
Event 50000
Event 60000
Event 70000
Event 80000
Event 90000
Event 100000
Event 110000
Event 120000
Event 130000
Event 140000
Event 150000
Event 160000
Event 170000
Event 180000
Event 190000
Event 200000
Event 210000
Event 220000
Event 230000
Total processed number of events: 231467
End processing...

The number of options is: 2
Option 0 = ./TopMass_analysis
Option 1 = DYJetsToLL_M_50/DYJetsToLL_M_50_87.list
Option 2 = DYJetsToLL_M_50/DYJetsToLL_M_50_87.txt
Input filelist = DYJetsToLL_M_50/DYJetsToLL_M_50_87.list
Output file name = DYJetsToLL_M_50/DYJetsToLL_M_50_87.txt


start merging file(s)
adding: dcap://cluster142.knu.ac.kr//pnfs/knu.ac.kr/data/cms/store/user/sha/Run2FULL/2016PreVFP/MC/DYJetsToLL_M-50_TuneCP5_13TeV-amcatnloFXFX-pythia8/crab_DYJetsToLL_M-50_TuneCP5_13TeV-amcatnloFXFX-pythia8/240304_025521//0000/SSBTree_876.root
adding: dcap://cluster142.knu.ac.kr//pnfs/knu.ac.kr/data/cms/store/user/sha/Run2FULL/2016PreVFP/MC/DYJetsToLL_M-50_TuneCP5_13TeV-amcatnloFXFX-pythia8/crab_DYJetsToLL_M-50_TuneCP5_13TeV-amcatnloFXFX-pythia8/240304_025521//0000/SSBTree_877.root
adding: dcap://cluster142.knu.ac.kr//pnfs/knu.ac.kr/data/cms/store/user/sha/Run2FULL/2016PreVFP/MC/DYJetsToLL_M-50_TuneCP5_13TeV-amcatnloFXFX-pythia8/crab_DYJetsToLL_M-50_TuneCP5_13TeV-amcatnloFXFX-pythia8/240304_025521//0000/SSBTree_878.root
adding: dcap://cluster142.knu.ac.kr//pnfs/knu.ac.kr/data/cms/store/user/sha/Run2FULL/2016PreVFP/MC/DYJetsToLL_M-50_TuneCP5_13TeV-amcatnloFXFX-pythia8/crab_DYJetsToLL_M-50_TuneCP5_13TeV-amcatnloFXFX-pythia8/240304_025521//0000/SSBTree_879.root
adding: dcap://cluster142.knu.ac.kr//pnfs/knu.ac.kr/data/cms/store/user/sha/Run2FULL/2016PreVFP/MC/DYJetsToLL_M-50_TuneCP5_13TeV-amcatnloFXFX-pythia8/crab_DYJetsToLL_M-50_TuneCP5_13TeV-amcatnloFXFX-pythia8/240304_025521//0000/SSBTree_87.root
adding: dcap://cluster142.knu.ac.kr//pnfs/knu.ac.kr/data/cms/store/user/sha/Run2FULL/2016PreVFP/MC/DYJetsToLL_M-50_TuneCP5_13TeV-amcatnloFXFX-pythia8/crab_DYJetsToLL_M-50_TuneCP5_13TeV-amcatnloFXFX-pythia8/240304_025521//0000/SSBTree_880.root
adding: dcap://cluster142.knu.ac.kr//pnfs/knu.ac.kr/data/cms/store/user/sha/Run2FULL/2016PreVFP/MC/DYJetsToLL_M-50_TuneCP5_13TeV-amcatnloFXFX-pythia8/crab_DYJetsToLL_M-50_TuneCP5_13TeV-amcatnloFXFX-pythia8/240304_025521//0000/SSBTree_881.root
adding: dcap://cluster142.knu.ac.kr//pnfs/knu.ac.kr/data/cms/store/user/sha/Run2FULL/2016PreVFP/MC/DYJetsToLL_M-50_TuneCP5_13TeV-amcatnloFXFX-pythia8/crab_DYJetsToLL_M-50_TuneCP5_13TeV-amcatnloFXFX-pythia8/240304_025521//0000/SSBTree_882.root
adding: dcap://cluster142.knu.ac.kr//pnfs/knu.ac.kr/data/cms/store/user/sha/Run2FULL/2016PreVFP/MC/DYJetsToLL_M-50_TuneCP5_13TeV-amcatnloFXFX-pythia8/crab_DYJetsToLL_M-50_TuneCP5_13TeV-amcatnloFXFX-pythia8/240304_025521//0000/SSBTree_883.root
adding: dcap://cluster142.knu.ac.kr//pnfs/knu.ac.kr/data/cms/store/user/sha/Run2FULL/2016PreVFP/MC/DYJetsToLL_M-50_TuneCP5_13TeV-amcatnloFXFX-pythia8/crab_DYJetsToLL_M-50_TuneCP5_13TeV-amcatnloFXFX-pythia8/240304_025521//0000/SSBTree_884.root
Total number of events after merging root files: 248400
Event 0
Event 10000
Event 20000
Event 30000
Event 40000
Event 50000
Event 60000
Event 70000
Event 80000
Event 90000
Event 100000
Event 110000
Event 120000
Event 130000
Event 140000
Event 150000
Event 160000
Event 170000
Event 180000
Event 190000
Event 200000
Event 210000
Event 220000
Event 230000
Event 240000
Total processed number of events: 248400
End processing...

The number of options is: 2
Option 0 = ./TopMass_analysis
Option 1 = DYJetsToLL_M_50/DYJetsToLL_M_50_124.list
Option 2 = DYJetsToLL_M_50/DYJetsToLL_M_50_124.txt
Input filelist = DYJetsToLL_M_50/DYJetsToLL_M_50_124.list
Output file name = DYJetsToLL_M_50/DYJetsToLL_M_50_124.txt


start merging file(s)
adding: dcap://cluster142.knu.ac.kr//pnfs/knu.ac.kr/data/cms/store/user/sha/Run2FULL/2016PreVFP/MC/DYJetsToLL_M-50_TuneCP5_13TeV-amcatnloFXFX-pythia8/crab_DYJetsToLL_M-50_TuneCP5_13TeV-amcatnloFXFX-pythia8/240304_025521//0001/SSBTree_1231.root
adding: dcap://cluster142.knu.ac.kr//pnfs/knu.ac.kr/data/cms/store/user/sha/Run2FULL/2016PreVFP/MC/DYJetsToLL_M-50_TuneCP5_13TeV-amcatnloFXFX-pythia8/crab_DYJetsToLL_M-50_TuneCP5_13TeV-amcatnloFXFX-pythia8/240304_025521//0001/SSBTree_1232.root
adding: dcap://cluster142.knu.ac.kr//pnfs/knu.ac.kr/data/cms/store/user/sha/Run2FULL/2016PreVFP/MC/DYJetsToLL_M-50_TuneCP5_13TeV-amcatnloFXFX-pythia8/crab_DYJetsToLL_M-50_TuneCP5_13TeV-amcatnloFXFX-pythia8/240304_025521//0001/SSBTree_1233.root
adding: dcap://cluster142.knu.ac.kr//pnfs/knu.ac.kr/data/cms/store/user/sha/Run2FULL/2016PreVFP/MC/DYJetsToLL_M-50_TuneCP5_13TeV-amcatnloFXFX-pythia8/crab_DYJetsToLL_M-50_TuneCP5_13TeV-amcatnloFXFX-pythia8/240304_025521//0001/SSBTree_1234.root
adding: dcap://cluster142.knu.ac.kr//pnfs/knu.ac.kr/data/cms/store/user/sha/Run2FULL/2016PreVFP/MC/DYJetsToLL_M-50_TuneCP5_13TeV-amcatnloFXFX-pythia8/crab_DYJetsToLL_M-50_TuneCP5_13TeV-amcatnloFXFX-pythia8/240304_025521//0001/SSBTree_1235.root
adding: dcap://cluster142.knu.ac.kr//pnfs/knu.ac.kr/data/cms/store/user/sha/Run2FULL/2016PreVFP/MC/DYJetsToLL_M-50_TuneCP5_13TeV-amcatnloFXFX-pythia8/crab_DYJetsToLL_M-50_TuneCP5_13TeV-amcatnloFXFX-pythia8/240304_025521//0001/SSBTree_1236.root
adding: dcap://cluster142.knu.ac.kr//pnfs/knu.ac.kr/data/cms/store/user/sha/Run2FULL/2016PreVFP/MC/DYJetsToLL_M-50_TuneCP5_13TeV-amcatnloFXFX-pythia8/crab_DYJetsToLL_M-50_TuneCP5_13TeV-amcatnloFXFX-pythia8/240304_025521//0001/SSBTree_1237.root
adding: dcap://cluster142.knu.ac.kr//pnfs/knu.ac.kr/data/cms/store/user/sha/Run2FULL/2016PreVFP/MC/DYJetsToLL_M-50_TuneCP5_13TeV-amcatnloFXFX-pythia8/crab_DYJetsToLL_M-50_TuneCP5_13TeV-amcatnloFXFX-pythia8/240304_025521//0001/SSBTree_1238.root
adding: dcap://cluster142.knu.ac.kr//pnfs/knu.ac.kr/data/cms/store/user/sha/Run2FULL/2016PreVFP/MC/DYJetsToLL_M-50_TuneCP5_13TeV-amcatnloFXFX-pythia8/crab_DYJetsToLL_M-50_TuneCP5_13TeV-amcatnloFXFX-pythia8/240304_025521//0001/SSBTree_1239.root
adding: dcap://cluster142.knu.ac.kr//pnfs/knu.ac.kr/data/cms/store/user/sha/Run2FULL/2016PreVFP/MC/DYJetsToLL_M-50_TuneCP5_13TeV-amcatnloFXFX-pythia8/crab_DYJetsToLL_M-50_TuneCP5_13TeV-amcatnloFXFX-pythia8/240304_025521//0001/SSBTree_1240.root
Total number of events after merging root files: 248356
Event 0
Event 10000
Event 20000
Event 30000
Event 40000
Event 50000
Event 60000
Event 70000
Event 80000
Event 90000
Event 100000
Event 110000
Event 120000
Event 130000
Event 140000
Event 150000
Event 160000
Event 170000
Event 180000
Event 190000
Event 200000
Event 210000
Event 220000
Event 230000
Event 240000
Total processed number of events: 248356
End processing...

The number of options is: 2
Option 0 = ./TopMass_analysis
Option 1 = DYJetsToLL_M_50/DYJetsToLL_M_50_161.list
Option 2 = DYJetsToLL_M_50/DYJetsToLL_M_50_161.txt
Input filelist = DYJetsToLL_M_50/DYJetsToLL_M_50_161.list
Output file name = DYJetsToLL_M_50/DYJetsToLL_M_50_161.txt


start merging file(s)
adding: dcap://cluster142.knu.ac.kr//pnfs/knu.ac.kr/data/cms/store/user/sha/Run2FULL/2016PreVFP/MC/DYJetsToLL_M-50_TuneCP5_13TeV-amcatnloFXFX-pythia8/crab_DYJetsToLL_M-50_TuneCP5_13TeV-amcatnloFXFX-pythia8/240304_025521//0001/SSBTree_1601.root
adding: dcap://cluster142.knu.ac.kr//pnfs/knu.ac.kr/data/cms/store/user/sha/Run2FULL/2016PreVFP/MC/DYJetsToLL_M-50_TuneCP5_13TeV-amcatnloFXFX-pythia8/crab_DYJetsToLL_M-50_TuneCP5_13TeV-amcatnloFXFX-pythia8/240304_025521//0001/SSBTree_1602.root
adding: dcap://cluster142.knu.ac.kr//pnfs/knu.ac.kr/data/cms/store/user/sha/Run2FULL/2016PreVFP/MC/DYJetsToLL_M-50_TuneCP5_13TeV-amcatnloFXFX-pythia8/crab_DYJetsToLL_M-50_TuneCP5_13TeV-amcatnloFXFX-pythia8/240304_025521//0001/SSBTree_1603.root
adding: dcap://cluster142.knu.ac.kr//pnfs/knu.ac.kr/data/cms/store/user/sha/Run2FULL/2016PreVFP/MC/DYJetsToLL_M-50_TuneCP5_13TeV-amcatnloFXFX-pythia8/crab_DYJetsToLL_M-50_TuneCP5_13TeV-amcatnloFXFX-pythia8/240304_025521//0001/SSBTree_1604.root
adding: dcap://cluster142.knu.ac.kr//pnfs/knu.ac.kr/data/cms/store/user/sha/Run2FULL/2016PreVFP/MC/DYJetsToLL_M-50_TuneCP5_13TeV-amcatnloFXFX-pythia8/crab_DYJetsToLL_M-50_TuneCP5_13TeV-amcatnloFXFX-pythia8/240304_025521//0001/SSBTree_1605.root
adding: dcap://cluster142.knu.ac.kr//pnfs/knu.ac.kr/data/cms/store/user/sha/Run2FULL/2016PreVFP/MC/DYJetsToLL_M-50_TuneCP5_13TeV-amcatnloFXFX-pythia8/crab_DYJetsToLL_M-50_TuneCP5_13TeV-amcatnloFXFX-pythia8/240304_025521//0001/SSBTree_1606.root
adding: dcap://cluster142.knu.ac.kr//pnfs/knu.ac.kr/data/cms/store/user/sha/Run2FULL/2016PreVFP/MC/DYJetsToLL_M-50_TuneCP5_13TeV-amcatnloFXFX-pythia8/crab_DYJetsToLL_M-50_TuneCP5_13TeV-amcatnloFXFX-pythia8/240304_025521//0001/SSBTree_1607.root
adding: dcap://cluster142.knu.ac.kr//pnfs/knu.ac.kr/data/cms/store/user/sha/Run2FULL/2016PreVFP/MC/DYJetsToLL_M-50_TuneCP5_13TeV-amcatnloFXFX-pythia8/crab_DYJetsToLL_M-50_TuneCP5_13TeV-amcatnloFXFX-pythia8/240304_025521//0001/SSBTree_1608.root
adding: dcap://cluster142.knu.ac.kr//pnfs/knu.ac.kr/data/cms/store/user/sha/Run2FULL/2016PreVFP/MC/DYJetsToLL_M-50_TuneCP5_13TeV-amcatnloFXFX-pythia8/crab_DYJetsToLL_M-50_TuneCP5_13TeV-amcatnloFXFX-pythia8/240304_025521//0001/SSBTree_1609.root
adding: dcap://cluster142.knu.ac.kr//pnfs/knu.ac.kr/data/cms/store/user/sha/Run2FULL/2016PreVFP/MC/DYJetsToLL_M-50_TuneCP5_13TeV-amcatnloFXFX-pythia8/crab_DYJetsToLL_M-50_TuneCP5_13TeV-amcatnloFXFX-pythia8/240304_025521//0001/SSBTree_1610.root
Total number of events after merging root files: 247888
Event 0
Event 10000
Event 20000
Event 30000
Event 40000
Event 50000
Event 60000
Event 70000
Event 80000
Event 90000
Event 100000
Event 110000
Event 120000
Event 130000
Event 140000
Event 150000
Event 160000
Event 170000
Event 180000
Event 190000
Event 200000
Event 210000
Event 220000
Event 230000
Event 240000
Total processed number of events: 247888
End processing...

The number of options is: 2
Option 0 = ./TopMass_analysis
Option 1 = DYJetsToLL_M_50/DYJetsToLL_M_50_198.list
Option 2 = DYJetsToLL_M_50/DYJetsToLL_M_50_198.txt
Input filelist = DYJetsToLL_M_50/DYJetsToLL_M_50_198.list
Output file name = DYJetsToLL_M_50/DYJetsToLL_M_50_198.txt


start merging file(s)
adding: dcap://cluster142.knu.ac.kr//pnfs/knu.ac.kr/data/cms/store/user/sha/Run2FULL/2016PreVFP/MC/DYJetsToLL_M-50_TuneCP5_13TeV-amcatnloFXFX-pythia8/crab_DYJetsToLL_M-50_TuneCP5_13TeV-amcatnloFXFX-pythia8/240304_025521//0001/SSBTree_1971.root
adding: dcap://cluster142.knu.ac.kr//pnfs/knu.ac.kr/data/cms/store/user/sha/Run2FULL/2016PreVFP/MC/DYJetsToLL_M-50_TuneCP5_13TeV-amcatnloFXFX-pythia8/crab_DYJetsToLL_M-50_TuneCP5_13TeV-amcatnloFXFX-pythia8/240304_025521//0001/SSBTree_1972.root
adding: dcap://cluster142.knu.ac.kr//pnfs/knu.ac.kr/data/cms/store/user/sha/Run2FULL/2016PreVFP/MC/DYJetsToLL_M-50_TuneCP5_13TeV-amcatnloFXFX-pythia8/crab_DYJetsToLL_M-50_TuneCP5_13TeV-amcatnloFXFX-pythia8/240304_025521//0001/SSBTree_1973.root
adding: dcap://cluster142.knu.ac.kr//pnfs/knu.ac.kr/data/cms/store/user/sha/Run2FULL/2016PreVFP/MC/DYJetsToLL_M-50_TuneCP5_13TeV-amcatnloFXFX-pythia8/crab_DYJetsToLL_M-50_TuneCP5_13TeV-amcatnloFXFX-pythia8/240304_025521//0001/SSBTree_1974.root
adding: dcap://cluster142.knu.ac.kr//pnfs/knu.ac.kr/data/cms/store/user/sha/Run2FULL/2016PreVFP/MC/DYJetsToLL_M-50_TuneCP5_13TeV-amcatnloFXFX-pythia8/crab_DYJetsToLL_M-50_TuneCP5_13TeV-amcatnloFXFX-pythia8/240304_025521//0001/SSBTree_1975.root
adding: dcap://cluster142.knu.ac.kr//pnfs/knu.ac.kr/data/cms/store/user/sha/Run2FULL/2016PreVFP/MC/DYJetsToLL_M-50_TuneCP5_13TeV-amcatnloFXFX-pythia8/crab_DYJetsToLL_M-50_TuneCP5_13TeV-amcatnloFXFX-pythia8/240304_025521//0001/SSBTree_1976.root
adding: dcap://cluster142.knu.ac.kr//pnfs/knu.ac.kr/data/cms/store/user/sha/Run2FULL/2016PreVFP/MC/DYJetsToLL_M-50_TuneCP5_13TeV-amcatnloFXFX-pythia8/crab_DYJetsToLL_M-50_TuneCP5_13TeV-amcatnloFXFX-pythia8/240304_025521//0001/SSBTree_1977.root
adding: dcap://cluster142.knu.ac.kr//pnfs/knu.ac.kr/data/cms/store/user/sha/Run2FULL/2016PreVFP/MC/DYJetsToLL_M-50_TuneCP5_13TeV-amcatnloFXFX-pythia8/crab_DYJetsToLL_M-50_TuneCP5_13TeV-amcatnloFXFX-pythia8/240304_025521//0001/SSBTree_1978.root
adding: dcap://cluster142.knu.ac.kr//pnfs/knu.ac.kr/data/cms/store/user/sha/Run2FULL/2016PreVFP/MC/DYJetsToLL_M-50_TuneCP5_13TeV-amcatnloFXFX-pythia8/crab_DYJetsToLL_M-50_TuneCP5_13TeV-amcatnloFXFX-pythia8/240304_025521//0001/SSBTree_1979.root
adding: dcap://cluster142.knu.ac.kr//pnfs/knu.ac.kr/data/cms/store/user/sha/Run2FULL/2016PreVFP/MC/DYJetsToLL_M-50_TuneCP5_13TeV-amcatnloFXFX-pythia8/crab_DYJetsToLL_M-50_TuneCP5_13TeV-amcatnloFXFX-pythia8/240304_025521//0001/SSBTree_1980.root
Total number of events after merging root files: 247551
Event 0
Event 10000
Event 20000
Event 30000
Event 40000
Event 50000
Event 60000
Event 70000
Event 80000
Event 90000
Event 100000
Event 110000
Event 120000
Event 130000
Event 140000
Event 150000
Event 160000
Event 170000
Event 180000
Event 190000
Event 200000
Event 210000
Event 220000
Event 230000
Event 240000
Total processed number of events: 247551
End processing...

The number of options is: 2
Option 0 = ./TopMass_analysis
Option 1 = DYJetsToLL_M_50/DYJetsToLL_M_50_235.list
Option 2 = DYJetsToLL_M_50/DYJetsToLL_M_50_235.txt
Input filelist = DYJetsToLL_M_50/DYJetsToLL_M_50_235.list
Output file name = DYJetsToLL_M_50/DYJetsToLL_M_50_235.txt


start merging file(s)
adding: dcap://cluster142.knu.ac.kr//pnfs/knu.ac.kr/data/cms/store/user/sha/Run2FULL/2016PreVFP/MC/DYJetsToLL_M-50_TuneCP5_13TeV-amcatnloFXFX-pythia8/crab_DYJetsToLL_M-50_TuneCP5_13TeV-amcatnloFXFX-pythia8/240304_025521//0002/SSBTree_2341.root
adding: dcap://cluster142.knu.ac.kr//pnfs/knu.ac.kr/data/cms/store/user/sha/Run2FULL/2016PreVFP/MC/DYJetsToLL_M-50_TuneCP5_13TeV-amcatnloFXFX-pythia8/crab_DYJetsToLL_M-50_TuneCP5_13TeV-amcatnloFXFX-pythia8/240304_025521//0002/SSBTree_2342.root
adding: dcap://cluster142.knu.ac.kr//pnfs/knu.ac.kr/data/cms/store/user/sha/Run2FULL/2016PreVFP/MC/DYJetsToLL_M-50_TuneCP5_13TeV-amcatnloFXFX-pythia8/crab_DYJetsToLL_M-50_TuneCP5_13TeV-amcatnloFXFX-pythia8/240304_025521//0002/SSBTree_2343.root
adding: dcap://cluster142.knu.ac.kr//pnfs/knu.ac.kr/data/cms/store/user/sha/Run2FULL/2016PreVFP/MC/DYJetsToLL_M-50_TuneCP5_13TeV-amcatnloFXFX-pythia8/crab_DYJetsToLL_M-50_TuneCP5_13TeV-amcatnloFXFX-pythia8/240304_025521//0002/SSBTree_2344.root
adding: dcap://cluster142.knu.ac.kr//pnfs/knu.ac.kr/data/cms/store/user/sha/Run2FULL/2016PreVFP/MC/DYJetsToLL_M-50_TuneCP5_13TeV-amcatnloFXFX-pythia8/crab_DYJetsToLL_M-50_TuneCP5_13TeV-amcatnloFXFX-pythia8/240304_025521//0002/SSBTree_2345.root
adding: dcap://cluster142.knu.ac.kr//pnfs/knu.ac.kr/data/cms/store/user/sha/Run2FULL/2016PreVFP/MC/DYJetsToLL_M-50_TuneCP5_13TeV-amcatnloFXFX-pythia8/crab_DYJetsToLL_M-50_TuneCP5_13TeV-amcatnloFXFX-pythia8/240304_025521//0002/SSBTree_2346.root
adding: dcap://cluster142.knu.ac.kr//pnfs/knu.ac.kr/data/cms/store/user/sha/Run2FULL/2016PreVFP/MC/DYJetsToLL_M-50_TuneCP5_13TeV-amcatnloFXFX-pythia8/crab_DYJetsToLL_M-50_TuneCP5_13TeV-amcatnloFXFX-pythia8/240304_025521//0002/SSBTree_2347.root
adding: dcap://cluster142.knu.ac.kr//pnfs/knu.ac.kr/data/cms/store/user/sha/Run2FULL/2016PreVFP/MC/DYJetsToLL_M-50_TuneCP5_13TeV-amcatnloFXFX-pythia8/crab_DYJetsToLL_M-50_TuneCP5_13TeV-amcatnloFXFX-pythia8/240304_025521//0002/SSBTree_2348.root
adding: dcap://cluster142.knu.ac.kr//pnfs/knu.ac.kr/data/cms/store/user/sha/Run2FULL/2016PreVFP/MC/DYJetsToLL_M-50_TuneCP5_13TeV-amcatnloFXFX-pythia8/crab_DYJetsToLL_M-50_TuneCP5_13TeV-amcatnloFXFX-pythia8/240304_025521//0002/SSBTree_2349.root
adding: dcap://cluster142.knu.ac.kr//pnfs/knu.ac.kr/data/cms/store/user/sha/Run2FULL/2016PreVFP/MC/DYJetsToLL_M-50_TuneCP5_13TeV-amcatnloFXFX-pythia8/crab_DYJetsToLL_M-50_TuneCP5_13TeV-amcatnloFXFX-pythia8/240304_025521//0002/SSBTree_2350.root
Total number of events after merging root files: 248400
Event 0
Event 10000
Event 20000
Event 30000
Event 40000
Event 50000
Event 60000
Event 70000
Event 80000
Event 90000
Event 100000
Event 110000
Event 120000
Event 130000
Event 140000
Event 150000
Event 160000
Event 170000
Event 180000
Event 190000
Event 200000
Event 210000
Event 220000
Event 230000
Event 240000
Total processed number of events: 248400
End processing...

The number of options is: 2
Option 0 = ./TopMass_analysis
Option 1 = DYJetsToLL_M_50/DYJetsToLL_M_50_272.list
Option 2 = DYJetsToLL_M_50/DYJetsToLL_M_50_272.txt
Input filelist = DYJetsToLL_M_50/DYJetsToLL_M_50_272.list
Output file name = DYJetsToLL_M_50/DYJetsToLL_M_50_272.txt


start merging file(s)
adding: dcap://cluster142.knu.ac.kr//pnfs/knu.ac.kr/data/cms/store/user/sha/Run2FULL/2016PreVFP/MC/DYJetsToLL_M-50_TuneCP5_13TeV-amcatnloFXFX-pythia8/crab_DYJetsToLL_M-50_TuneCP5_13TeV-amcatnloFXFX-pythia8/240304_025521//0002/SSBTree_2711.root
adding: dcap://cluster142.knu.ac.kr//pnfs/knu.ac.kr/data/cms/store/user/sha/Run2FULL/2016PreVFP/MC/DYJetsToLL_M-50_TuneCP5_13TeV-amcatnloFXFX-pythia8/crab_DYJetsToLL_M-50_TuneCP5_13TeV-amcatnloFXFX-pythia8/240304_025521//0002/SSBTree_2712.root
adding: dcap://cluster142.knu.ac.kr//pnfs/knu.ac.kr/data/cms/store/user/sha/Run2FULL/2016PreVFP/MC/DYJetsToLL_M-50_TuneCP5_13TeV-amcatnloFXFX-pythia8/crab_DYJetsToLL_M-50_TuneCP5_13TeV-amcatnloFXFX-pythia8/240304_025521//0002/SSBTree_2713.root
adding: dcap://cluster142.knu.ac.kr//pnfs/knu.ac.kr/data/cms/store/user/sha/Run2FULL/2016PreVFP/MC/DYJetsToLL_M-50_TuneCP5_13TeV-amcatnloFXFX-pythia8/crab_DYJetsToLL_M-50_TuneCP5_13TeV-amcatnloFXFX-pythia8/240304_025521//0002/SSBTree_2714.root
adding: dcap://cluster142.knu.ac.kr//pnfs/knu.ac.kr/data/cms/store/user/sha/Run2FULL/2016PreVFP/MC/DYJetsToLL_M-50_TuneCP5_13TeV-amcatnloFXFX-pythia8/crab_DYJetsToLL_M-50_TuneCP5_13TeV-amcatnloFXFX-pythia8/240304_025521//0002/SSBTree_2715.root
adding: dcap://cluster142.knu.ac.kr//pnfs/knu.ac.kr/data/cms/store/user/sha/Run2FULL/2016PreVFP/MC/DYJetsToLL_M-50_TuneCP5_13TeV-amcatnloFXFX-pythia8/crab_DYJetsToLL_M-50_TuneCP5_13TeV-amcatnloFXFX-pythia8/240304_025521//0002/SSBTree_2716.root
adding: dcap://cluster142.knu.ac.kr//pnfs/knu.ac.kr/data/cms/store/user/sha/Run2FULL/2016PreVFP/MC/DYJetsToLL_M-50_TuneCP5_13TeV-amcatnloFXFX-pythia8/crab_DYJetsToLL_M-50_TuneCP5_13TeV-amcatnloFXFX-pythia8/240304_025521//0002/SSBTree_2717.root
adding: dcap://cluster142.knu.ac.kr//pnfs/knu.ac.kr/data/cms/store/user/sha/Run2FULL/2016PreVFP/MC/DYJetsToLL_M-50_TuneCP5_13TeV-amcatnloFXFX-pythia8/crab_DYJetsToLL_M-50_TuneCP5_13TeV-amcatnloFXFX-pythia8/240304_025521//0002/SSBTree_2718.root
adding: dcap://cluster142.knu.ac.kr//pnfs/knu.ac.kr/data/cms/store/user/sha/Run2FULL/2016PreVFP/MC/DYJetsToLL_M-50_TuneCP5_13TeV-amcatnloFXFX-pythia8/crab_DYJetsToLL_M-50_TuneCP5_13TeV-amcatnloFXFX-pythia8/240304_025521//0002/SSBTree_2719.root
adding: dcap://cluster142.knu.ac.kr//pnfs/knu.ac.kr/data/cms/store/user/sha/Run2FULL/2016PreVFP/MC/DYJetsToLL_M-50_TuneCP5_13TeV-amcatnloFXFX-pythia8/crab_DYJetsToLL_M-50_TuneCP5_13TeV-amcatnloFXFX-pythia8/240304_025521//0002/SSBTree_2720.root
Total number of events after merging root files: 247921
Event 0
Event 10000
Event 20000
Event 30000
Event 40000
Event 50000
Event 60000
Event 70000
Event 80000
Event 90000
Event 100000
Event 110000
Event 120000
Event 130000
Event 140000
Event 150000
Event 160000
Event 170000
Event 180000
Event 190000
Event 200000
Event 210000
Event 220000
Event 230000
Event 240000
Total processed number of events: 247921
End processing...

The number of options is: 2
Option 0 = ./TopMass_analysis
Option 1 = DYJetsToLL_M_50/DYJetsToLL_M_50_309.list
Option 2 = DYJetsToLL_M_50/DYJetsToLL_M_50_309.txt
Input filelist = DYJetsToLL_M_50/DYJetsToLL_M_50_309.list
Output file name = DYJetsToLL_M_50/DYJetsToLL_M_50_309.txt


start merging file(s)
adding: dcap://cluster142.knu.ac.kr//pnfs/knu.ac.kr/data/cms/store/user/sha/Run2FULL/2016PreVFP/MC/DYJetsToLL_M-50_TuneCP5_13TeV-amcatnloFXFX-pythia8/crab_DYJetsToLL_M-50_TuneCP5_13TeV-amcatnloFXFX-pythia8/240304_025521//0003/SSBTree_3081.root
adding: dcap://cluster142.knu.ac.kr//pnfs/knu.ac.kr/data/cms/store/user/sha/Run2FULL/2016PreVFP/MC/DYJetsToLL_M-50_TuneCP5_13TeV-amcatnloFXFX-pythia8/crab_DYJetsToLL_M-50_TuneCP5_13TeV-amcatnloFXFX-pythia8/240304_025521//0003/SSBTree_3082.root
adding: dcap://cluster142.knu.ac.kr//pnfs/knu.ac.kr/data/cms/store/user/sha/Run2FULL/2016PreVFP/MC/DYJetsToLL_M-50_TuneCP5_13TeV-amcatnloFXFX-pythia8/crab_DYJetsToLL_M-50_TuneCP5_13TeV-amcatnloFXFX-pythia8/240304_025521//0003/SSBTree_3083.root
adding: dcap://cluster142.knu.ac.kr//pnfs/knu.ac.kr/data/cms/store/user/sha/Run2FULL/2016PreVFP/MC/DYJetsToLL_M-50_TuneCP5_13TeV-amcatnloFXFX-pythia8/crab_DYJetsToLL_M-50_TuneCP5_13TeV-amcatnloFXFX-pythia8/240304_025521//0003/SSBTree_3084.root
adding: dcap://cluster142.knu.ac.kr//pnfs/knu.ac.kr/data/cms/store/user/sha/Run2FULL/2016PreVFP/MC/DYJetsToLL_M-50_TuneCP5_13TeV-amcatnloFXFX-pythia8/crab_DYJetsToLL_M-50_TuneCP5_13TeV-amcatnloFXFX-pythia8/240304_025521//0003/SSBTree_3085.root
adding: dcap://cluster142.knu.ac.kr//pnfs/knu.ac.kr/data/cms/store/user/sha/Run2FULL/2016PreVFP/MC/DYJetsToLL_M-50_TuneCP5_13TeV-amcatnloFXFX-pythia8/crab_DYJetsToLL_M-50_TuneCP5_13TeV-amcatnloFXFX-pythia8/240304_025521//0003/SSBTree_3086.root
adding: dcap://cluster142.knu.ac.kr//pnfs/knu.ac.kr/data/cms/store/user/sha/Run2FULL/2016PreVFP/MC/DYJetsToLL_M-50_TuneCP5_13TeV-amcatnloFXFX-pythia8/crab_DYJetsToLL_M-50_TuneCP5_13TeV-amcatnloFXFX-pythia8/240304_025521//0003/SSBTree_3087.root
adding: dcap://cluster142.knu.ac.kr//pnfs/knu.ac.kr/data/cms/store/user/sha/Run2FULL/2016PreVFP/MC/DYJetsToLL_M-50_TuneCP5_13TeV-amcatnloFXFX-pythia8/crab_DYJetsToLL_M-50_TuneCP5_13TeV-amcatnloFXFX-pythia8/240304_025521//0003/SSBTree_3088.root
adding: dcap://cluster142.knu.ac.kr//pnfs/knu.ac.kr/data/cms/store/user/sha/Run2FULL/2016PreVFP/MC/DYJetsToLL_M-50_TuneCP5_13TeV-amcatnloFXFX-pythia8/crab_DYJetsToLL_M-50_TuneCP5_13TeV-amcatnloFXFX-pythia8/240304_025521//0003/SSBTree_3089.root
adding: dcap://cluster142.knu.ac.kr//pnfs/knu.ac.kr/data/cms/store/user/sha/Run2FULL/2016PreVFP/MC/DYJetsToLL_M-50_TuneCP5_13TeV-amcatnloFXFX-pythia8/crab_DYJetsToLL_M-50_TuneCP5_13TeV-amcatnloFXFX-pythia8/240304_025521//0003/SSBTree_3090.root
Total number of events after merging root files: 247960
Event 0
Event 10000
Event 20000
Event 30000
Event 40000
Event 50000
Event 60000
Event 70000
Event 80000
Event 90000
Event 100000
Event 110000
Event 120000
Event 130000
Event 140000
Event 150000
Event 160000
Event 170000
Event 180000
Event 190000
Event 200000
Event 210000
Event 220000
Event 230000
Event 240000
Total processed number of events: 247960
End processing...

The number of options is: 2
Option 0 = ./TopMass_analysis
Option 1 = DYJetsToLL_M_50/DYJetsToLL_M_50_346.list
Option 2 = DYJetsToLL_M_50/DYJetsToLL_M_50_346.txt
Input filelist = DYJetsToLL_M_50/DYJetsToLL_M_50_346.list
Output file name = DYJetsToLL_M_50/DYJetsToLL_M_50_346.txt


start merging file(s)
adding: dcap://cluster142.knu.ac.kr//pnfs/knu.ac.kr/data/cms/store/user/sha/Run2FULL/2016PreVFP/MC/DYJetsToLL_M-50_TuneCP5_13TeV-amcatnloFXFX-pythia8/crab_DYJetsToLL_M-50_TuneCP5_13TeV-amcatnloFXFX-pythia8/240304_025521//0003/SSBTree_3451.root
adding: dcap://cluster142.knu.ac.kr//pnfs/knu.ac.kr/data/cms/store/user/sha/Run2FULL/2016PreVFP/MC/DYJetsToLL_M-50_TuneCP5_13TeV-amcatnloFXFX-pythia8/crab_DYJetsToLL_M-50_TuneCP5_13TeV-amcatnloFXFX-pythia8/240304_025521//0003/SSBTree_3452.root
adding: dcap://cluster142.knu.ac.kr//pnfs/knu.ac.kr/data/cms/store/user/sha/Run2FULL/2016PreVFP/MC/DYJetsToLL_M-50_TuneCP5_13TeV-amcatnloFXFX-pythia8/crab_DYJetsToLL_M-50_TuneCP5_13TeV-amcatnloFXFX-pythia8/240304_025521//0003/SSBTree_3453.root
adding: dcap://cluster142.knu.ac.kr//pnfs/knu.ac.kr/data/cms/store/user/sha/Run2FULL/2016PreVFP/MC/DYJetsToLL_M-50_TuneCP5_13TeV-amcatnloFXFX-pythia8/crab_DYJetsToLL_M-50_TuneCP5_13TeV-amcatnloFXFX-pythia8/240304_025521//0003/SSBTree_3454.root
adding: dcap://cluster142.knu.ac.kr//pnfs/knu.ac.kr/data/cms/store/user/sha/Run2FULL/2016PreVFP/MC/DYJetsToLL_M-50_TuneCP5_13TeV-amcatnloFXFX-pythia8/crab_DYJetsToLL_M-50_TuneCP5_13TeV-amcatnloFXFX-pythia8/240304_025521//0003/SSBTree_3455.root
adding: dcap://cluster142.knu.ac.kr//pnfs/knu.ac.kr/data/cms/store/user/sha/Run2FULL/2016PreVFP/MC/DYJetsToLL_M-50_TuneCP5_13TeV-amcatnloFXFX-pythia8/crab_DYJetsToLL_M-50_TuneCP5_13TeV-amcatnloFXFX-pythia8/240304_025521//0003/SSBTree_3456.root
adding: dcap://cluster142.knu.ac.kr//pnfs/knu.ac.kr/data/cms/store/user/sha/Run2FULL/2016PreVFP/MC/DYJetsToLL_M-50_TuneCP5_13TeV-amcatnloFXFX-pythia8/crab_DYJetsToLL_M-50_TuneCP5_13TeV-amcatnloFXFX-pythia8/240304_025521//0003/SSBTree_3457.root
adding: dcap://cluster142.knu.ac.kr//pnfs/knu.ac.kr/data/cms/store/user/sha/Run2FULL/2016PreVFP/MC/DYJetsToLL_M-50_TuneCP5_13TeV-amcatnloFXFX-pythia8/crab_DYJetsToLL_M-50_TuneCP5_13TeV-amcatnloFXFX-pythia8/240304_025521//0003/SSBTree_3458.root
adding: dcap://cluster142.knu.ac.kr//pnfs/knu.ac.kr/data/cms/store/user/sha/Run2FULL/2016PreVFP/MC/DYJetsToLL_M-50_TuneCP5_13TeV-amcatnloFXFX-pythia8/crab_DYJetsToLL_M-50_TuneCP5_13TeV-amcatnloFXFX-pythia8/240304_025521//0003/SSBTree_3459.root
adding: dcap://cluster142.knu.ac.kr//pnfs/knu.ac.kr/data/cms/store/user/sha/Run2FULL/2016PreVFP/MC/DYJetsToLL_M-50_TuneCP5_13TeV-amcatnloFXFX-pythia8/crab_DYJetsToLL_M-50_TuneCP5_13TeV-amcatnloFXFX-pythia8/240304_025521//0003/SSBTree_3460.root
Total number of events after merging root files: 247991
Event 0
Event 10000
Event 20000
Event 30000
Event 40000
Event 50000
Event 60000
Event 70000
Event 80000
Event 90000
Event 100000
Event 110000
Event 120000
Event 130000
Event 140000
Event 150000
Event 160000
Event 170000
Event 180000
Event 190000
Event 200000
Event 210000
Event 220000
Event 230000
Event 240000
Total processed number of events: 247991
End processing...

