The number of options is: 2
Option 0 = ./TopMass_analysis
Option 1 = DYJetsToLL_M_50/DYJetsToLL_M_50_34.list
Option 2 = DYJetsToLL_M_50/DYJetsToLL_M_50_34.txt
Input filelist = DYJetsToLL_M_50/DYJetsToLL_M_50_34.list
Output file name = DYJetsToLL_M_50/DYJetsToLL_M_50_34.txt


start merging file(s)
adding: dcap://cluster142.knu.ac.kr//pnfs/knu.ac.kr/data/cms/store/user/sha/Run2FULL/2016PreVFP/MC/DYJetsToLL_M-50_TuneCP5_13TeV-amcatnloFXFX-pythia8/crab_DYJetsToLL_M-50_TuneCP5_13TeV-amcatnloFXFX-pythia8/240304_025521//0000/SSBTree_399.root
adding: dcap://cluster142.knu.ac.kr//pnfs/knu.ac.kr/data/cms/store/user/sha/Run2FULL/2016PreVFP/MC/DYJetsToLL_M-50_TuneCP5_13TeV-amcatnloFXFX-pythia8/crab_DYJetsToLL_M-50_TuneCP5_13TeV-amcatnloFXFX-pythia8/240304_025521//0000/SSBTree_39.root
adding: dcap://cluster142.knu.ac.kr//pnfs/knu.ac.kr/data/cms/store/user/sha/Run2FULL/2016PreVFP/MC/DYJetsToLL_M-50_TuneCP5_13TeV-amcatnloFXFX-pythia8/crab_DYJetsToLL_M-50_TuneCP5_13TeV-amcatnloFXFX-pythia8/240304_025521//0000/SSBTree_3.root
adding: dcap://cluster142.knu.ac.kr//pnfs/knu.ac.kr/data/cms/store/user/sha/Run2FULL/2016PreVFP/MC/DYJetsToLL_M-50_TuneCP5_13TeV-amcatnloFXFX-pythia8/crab_DYJetsToLL_M-50_TuneCP5_13TeV-amcatnloFXFX-pythia8/240304_025521//0000/SSBTree_400.root
adding: dcap://cluster142.knu.ac.kr//pnfs/knu.ac.kr/data/cms/store/user/sha/Run2FULL/2016PreVFP/MC/DYJetsToLL_M-50_TuneCP5_13TeV-amcatnloFXFX-pythia8/crab_DYJetsToLL_M-50_TuneCP5_13TeV-amcatnloFXFX-pythia8/240304_025521//0000/SSBTree_401.root
adding: dcap://cluster142.knu.ac.kr//pnfs/knu.ac.kr/data/cms/store/user/sha/Run2FULL/2016PreVFP/MC/DYJetsToLL_M-50_TuneCP5_13TeV-amcatnloFXFX-pythia8/crab_DYJetsToLL_M-50_TuneCP5_13TeV-amcatnloFXFX-pythia8/240304_025521//0000/SSBTree_402.root
adding: dcap://cluster142.knu.ac.kr//pnfs/knu.ac.kr/data/cms/store/user/sha/Run2FULL/2016PreVFP/MC/DYJetsToLL_M-50_TuneCP5_13TeV-amcatnloFXFX-pythia8/crab_DYJetsToLL_M-50_TuneCP5_13TeV-amcatnloFXFX-pythia8/240304_025521//0000/SSBTree_403.root
adding: dcap://cluster142.knu.ac.kr//pnfs/knu.ac.kr/data/cms/store/user/sha/Run2FULL/2016PreVFP/MC/DYJetsToLL_M-50_TuneCP5_13TeV-amcatnloFXFX-pythia8/crab_DYJetsToLL_M-50_TuneCP5_13TeV-amcatnloFXFX-pythia8/240304_025521//0000/SSBTree_404.root
adding: dcap://cluster142.knu.ac.kr//pnfs/knu.ac.kr/data/cms/store/user/sha/Run2FULL/2016PreVFP/MC/DYJetsToLL_M-50_TuneCP5_13TeV-amcatnloFXFX-pythia8/crab_DYJetsToLL_M-50_TuneCP5_13TeV-amcatnloFXFX-pythia8/240304_025521//0000/SSBTree_405.root
adding: dcap://cluster142.knu.ac.kr//pnfs/knu.ac.kr/data/cms/store/user/sha/Run2FULL/2016PreVFP/MC/DYJetsToLL_M-50_TuneCP5_13TeV-amcatnloFXFX-pythia8/crab_DYJetsToLL_M-50_TuneCP5_13TeV-amcatnloFXFX-pythia8/240304_025521//0000/SSBTree_406.root
Total number of events after merging root files: 247690
Event 0
Event 10000
Event 20000
Event 30000
Event 40000
Event 50000
Event 60000
Event 70000
Event 80000
Event 90000
Event 100000
Event 110000
Event 120000
Event 130000
Event 140000
Event 150000
Event 160000
Event 170000
Event 180000
Event 190000
Event 200000
Event 210000
Event 220000
Event 230000
Event 240000
Total processed number of events: 247690
End processing...

The number of options is: 2
Option 0 = ./TopMass_analysis
Option 1 = DYJetsToLL_M_50/DYJetsToLL_M_50_71.list
Option 2 = DYJetsToLL_M_50/DYJetsToLL_M_50_71.txt
Input filelist = DYJetsToLL_M_50/DYJetsToLL_M_50_71.list
Output file name = DYJetsToLL_M_50/DYJetsToLL_M_50_71.txt


start merging file(s)
adding: dcap://cluster142.knu.ac.kr//pnfs/knu.ac.kr/data/cms/store/user/sha/Run2FULL/2016PreVFP/MC/DYJetsToLL_M-50_TuneCP5_13TeV-amcatnloFXFX-pythia8/crab_DYJetsToLL_M-50_TuneCP5_13TeV-amcatnloFXFX-pythia8/240304_025521//0000/SSBTree_731.root
adding: dcap://cluster142.knu.ac.kr//pnfs/knu.ac.kr/data/cms/store/user/sha/Run2FULL/2016PreVFP/MC/DYJetsToLL_M-50_TuneCP5_13TeV-amcatnloFXFX-pythia8/crab_DYJetsToLL_M-50_TuneCP5_13TeV-amcatnloFXFX-pythia8/240304_025521//0000/SSBTree_732.root
adding: dcap://cluster142.knu.ac.kr//pnfs/knu.ac.kr/data/cms/store/user/sha/Run2FULL/2016PreVFP/MC/DYJetsToLL_M-50_TuneCP5_13TeV-amcatnloFXFX-pythia8/crab_DYJetsToLL_M-50_TuneCP5_13TeV-amcatnloFXFX-pythia8/240304_025521//0000/SSBTree_733.root
adding: dcap://cluster142.knu.ac.kr//pnfs/knu.ac.kr/data/cms/store/user/sha/Run2FULL/2016PreVFP/MC/DYJetsToLL_M-50_TuneCP5_13TeV-amcatnloFXFX-pythia8/crab_DYJetsToLL_M-50_TuneCP5_13TeV-amcatnloFXFX-pythia8/240304_025521//0000/SSBTree_734.root
adding: dcap://cluster142.knu.ac.kr//pnfs/knu.ac.kr/data/cms/store/user/sha/Run2FULL/2016PreVFP/MC/DYJetsToLL_M-50_TuneCP5_13TeV-amcatnloFXFX-pythia8/crab_DYJetsToLL_M-50_TuneCP5_13TeV-amcatnloFXFX-pythia8/240304_025521//0000/SSBTree_735.root
adding: dcap://cluster142.knu.ac.kr//pnfs/knu.ac.kr/data/cms/store/user/sha/Run2FULL/2016PreVFP/MC/DYJetsToLL_M-50_TuneCP5_13TeV-amcatnloFXFX-pythia8/crab_DYJetsToLL_M-50_TuneCP5_13TeV-amcatnloFXFX-pythia8/240304_025521//0000/SSBTree_736.root
adding: dcap://cluster142.knu.ac.kr//pnfs/knu.ac.kr/data/cms/store/user/sha/Run2FULL/2016PreVFP/MC/DYJetsToLL_M-50_TuneCP5_13TeV-amcatnloFXFX-pythia8/crab_DYJetsToLL_M-50_TuneCP5_13TeV-amcatnloFXFX-pythia8/240304_025521//0000/SSBTree_737.root
adding: dcap://cluster142.knu.ac.kr//pnfs/knu.ac.kr/data/cms/store/user/sha/Run2FULL/2016PreVFP/MC/DYJetsToLL_M-50_TuneCP5_13TeV-amcatnloFXFX-pythia8/crab_DYJetsToLL_M-50_TuneCP5_13TeV-amcatnloFXFX-pythia8/240304_025521//0000/SSBTree_738.root
adding: dcap://cluster142.knu.ac.kr//pnfs/knu.ac.kr/data/cms/store/user/sha/Run2FULL/2016PreVFP/MC/DYJetsToLL_M-50_TuneCP5_13TeV-amcatnloFXFX-pythia8/crab_DYJetsToLL_M-50_TuneCP5_13TeV-amcatnloFXFX-pythia8/240304_025521//0000/SSBTree_739.root
adding: dcap://cluster142.knu.ac.kr//pnfs/knu.ac.kr/data/cms/store/user/sha/Run2FULL/2016PreVFP/MC/DYJetsToLL_M-50_TuneCP5_13TeV-amcatnloFXFX-pythia8/crab_DYJetsToLL_M-50_TuneCP5_13TeV-amcatnloFXFX-pythia8/240304_025521//0000/SSBTree_73.root
Total number of events after merging root files: 248233
Event 0
Event 10000
Event 20000
Event 30000
Event 40000
Event 50000
Event 60000
Event 70000
Event 80000
Event 90000
Event 100000
Event 110000
Event 120000
Event 130000
Event 140000
Event 150000
Event 160000
Event 170000
Event 180000
Event 190000
Event 200000
Event 210000
Event 220000
Event 230000
Event 240000
Total processed number of events: 248233
End processing...

The number of options is: 2
Option 0 = ./TopMass_analysis
Option 1 = DYJetsToLL_M_50/DYJetsToLL_M_50_108.list
Option 2 = DYJetsToLL_M_50/DYJetsToLL_M_50_108.txt
Input filelist = DYJetsToLL_M_50/DYJetsToLL_M_50_108.list
Output file name = DYJetsToLL_M_50/DYJetsToLL_M_50_108.txt


start merging file(s)
adding: dcap://cluster142.knu.ac.kr//pnfs/knu.ac.kr/data/cms/store/user/sha/Run2FULL/2016PreVFP/MC/DYJetsToLL_M-50_TuneCP5_13TeV-amcatnloFXFX-pythia8/crab_DYJetsToLL_M-50_TuneCP5_13TeV-amcatnloFXFX-pythia8/240304_025521//0001/SSBTree_1071.root
adding: dcap://cluster142.knu.ac.kr//pnfs/knu.ac.kr/data/cms/store/user/sha/Run2FULL/2016PreVFP/MC/DYJetsToLL_M-50_TuneCP5_13TeV-amcatnloFXFX-pythia8/crab_DYJetsToLL_M-50_TuneCP5_13TeV-amcatnloFXFX-pythia8/240304_025521//0001/SSBTree_1072.root
adding: dcap://cluster142.knu.ac.kr//pnfs/knu.ac.kr/data/cms/store/user/sha/Run2FULL/2016PreVFP/MC/DYJetsToLL_M-50_TuneCP5_13TeV-amcatnloFXFX-pythia8/crab_DYJetsToLL_M-50_TuneCP5_13TeV-amcatnloFXFX-pythia8/240304_025521//0001/SSBTree_1073.root
adding: dcap://cluster142.knu.ac.kr//pnfs/knu.ac.kr/data/cms/store/user/sha/Run2FULL/2016PreVFP/MC/DYJetsToLL_M-50_TuneCP5_13TeV-amcatnloFXFX-pythia8/crab_DYJetsToLL_M-50_TuneCP5_13TeV-amcatnloFXFX-pythia8/240304_025521//0001/SSBTree_1074.root
adding: dcap://cluster142.knu.ac.kr//pnfs/knu.ac.kr/data/cms/store/user/sha/Run2FULL/2016PreVFP/MC/DYJetsToLL_M-50_TuneCP5_13TeV-amcatnloFXFX-pythia8/crab_DYJetsToLL_M-50_TuneCP5_13TeV-amcatnloFXFX-pythia8/240304_025521//0001/SSBTree_1075.root
adding: dcap://cluster142.knu.ac.kr//pnfs/knu.ac.kr/data/cms/store/user/sha/Run2FULL/2016PreVFP/MC/DYJetsToLL_M-50_TuneCP5_13TeV-amcatnloFXFX-pythia8/crab_DYJetsToLL_M-50_TuneCP5_13TeV-amcatnloFXFX-pythia8/240304_025521//0001/SSBTree_1076.root
adding: dcap://cluster142.knu.ac.kr//pnfs/knu.ac.kr/data/cms/store/user/sha/Run2FULL/2016PreVFP/MC/DYJetsToLL_M-50_TuneCP5_13TeV-amcatnloFXFX-pythia8/crab_DYJetsToLL_M-50_TuneCP5_13TeV-amcatnloFXFX-pythia8/240304_025521//0001/SSBTree_1077.root
adding: dcap://cluster142.knu.ac.kr//pnfs/knu.ac.kr/data/cms/store/user/sha/Run2FULL/2016PreVFP/MC/DYJetsToLL_M-50_TuneCP5_13TeV-amcatnloFXFX-pythia8/crab_DYJetsToLL_M-50_TuneCP5_13TeV-amcatnloFXFX-pythia8/240304_025521//0001/SSBTree_1078.root
adding: dcap://cluster142.knu.ac.kr//pnfs/knu.ac.kr/data/cms/store/user/sha/Run2FULL/2016PreVFP/MC/DYJetsToLL_M-50_TuneCP5_13TeV-amcatnloFXFX-pythia8/crab_DYJetsToLL_M-50_TuneCP5_13TeV-amcatnloFXFX-pythia8/240304_025521//0001/SSBTree_1079.root
adding: dcap://cluster142.knu.ac.kr//pnfs/knu.ac.kr/data/cms/store/user/sha/Run2FULL/2016PreVFP/MC/DYJetsToLL_M-50_TuneCP5_13TeV-amcatnloFXFX-pythia8/crab_DYJetsToLL_M-50_TuneCP5_13TeV-amcatnloFXFX-pythia8/240304_025521//0001/SSBTree_1080.root
Total number of events after merging root files: 247898
Event 0
Event 10000
Event 20000
Event 30000
Event 40000
Event 50000
Event 60000
Event 70000
Event 80000
Event 90000
Event 100000
Event 110000
Event 120000
Event 130000
Event 140000
Event 150000
Event 160000
Event 170000
Event 180000
Event 190000
Event 200000
Event 210000
Event 220000
Event 230000
Event 240000
Total processed number of events: 247898
End processing...

The number of options is: 2
Option 0 = ./TopMass_analysis
Option 1 = DYJetsToLL_M_50/DYJetsToLL_M_50_145.list
Option 2 = DYJetsToLL_M_50/DYJetsToLL_M_50_145.txt
Input filelist = DYJetsToLL_M_50/DYJetsToLL_M_50_145.list
Output file name = DYJetsToLL_M_50/DYJetsToLL_M_50_145.txt


start merging file(s)
adding: dcap://cluster142.knu.ac.kr//pnfs/knu.ac.kr/data/cms/store/user/sha/Run2FULL/2016PreVFP/MC/DYJetsToLL_M-50_TuneCP5_13TeV-amcatnloFXFX-pythia8/crab_DYJetsToLL_M-50_TuneCP5_13TeV-amcatnloFXFX-pythia8/240304_025521//0001/SSBTree_1441.root
adding: dcap://cluster142.knu.ac.kr//pnfs/knu.ac.kr/data/cms/store/user/sha/Run2FULL/2016PreVFP/MC/DYJetsToLL_M-50_TuneCP5_13TeV-amcatnloFXFX-pythia8/crab_DYJetsToLL_M-50_TuneCP5_13TeV-amcatnloFXFX-pythia8/240304_025521//0001/SSBTree_1442.root
adding: dcap://cluster142.knu.ac.kr//pnfs/knu.ac.kr/data/cms/store/user/sha/Run2FULL/2016PreVFP/MC/DYJetsToLL_M-50_TuneCP5_13TeV-amcatnloFXFX-pythia8/crab_DYJetsToLL_M-50_TuneCP5_13TeV-amcatnloFXFX-pythia8/240304_025521//0001/SSBTree_1443.root
adding: dcap://cluster142.knu.ac.kr//pnfs/knu.ac.kr/data/cms/store/user/sha/Run2FULL/2016PreVFP/MC/DYJetsToLL_M-50_TuneCP5_13TeV-amcatnloFXFX-pythia8/crab_DYJetsToLL_M-50_TuneCP5_13TeV-amcatnloFXFX-pythia8/240304_025521//0001/SSBTree_1444.root
adding: dcap://cluster142.knu.ac.kr//pnfs/knu.ac.kr/data/cms/store/user/sha/Run2FULL/2016PreVFP/MC/DYJetsToLL_M-50_TuneCP5_13TeV-amcatnloFXFX-pythia8/crab_DYJetsToLL_M-50_TuneCP5_13TeV-amcatnloFXFX-pythia8/240304_025521//0001/SSBTree_1445.root
adding: dcap://cluster142.knu.ac.kr//pnfs/knu.ac.kr/data/cms/store/user/sha/Run2FULL/2016PreVFP/MC/DYJetsToLL_M-50_TuneCP5_13TeV-amcatnloFXFX-pythia8/crab_DYJetsToLL_M-50_TuneCP5_13TeV-amcatnloFXFX-pythia8/240304_025521//0001/SSBTree_1446.root
adding: dcap://cluster142.knu.ac.kr//pnfs/knu.ac.kr/data/cms/store/user/sha/Run2FULL/2016PreVFP/MC/DYJetsToLL_M-50_TuneCP5_13TeV-amcatnloFXFX-pythia8/crab_DYJetsToLL_M-50_TuneCP5_13TeV-amcatnloFXFX-pythia8/240304_025521//0001/SSBTree_1447.root
adding: dcap://cluster142.knu.ac.kr//pnfs/knu.ac.kr/data/cms/store/user/sha/Run2FULL/2016PreVFP/MC/DYJetsToLL_M-50_TuneCP5_13TeV-amcatnloFXFX-pythia8/crab_DYJetsToLL_M-50_TuneCP5_13TeV-amcatnloFXFX-pythia8/240304_025521//0001/SSBTree_1448.root
adding: dcap://cluster142.knu.ac.kr//pnfs/knu.ac.kr/data/cms/store/user/sha/Run2FULL/2016PreVFP/MC/DYJetsToLL_M-50_TuneCP5_13TeV-amcatnloFXFX-pythia8/crab_DYJetsToLL_M-50_TuneCP5_13TeV-amcatnloFXFX-pythia8/240304_025521//0001/SSBTree_1449.root
adding: dcap://cluster142.knu.ac.kr//pnfs/knu.ac.kr/data/cms/store/user/sha/Run2FULL/2016PreVFP/MC/DYJetsToLL_M-50_TuneCP5_13TeV-amcatnloFXFX-pythia8/crab_DYJetsToLL_M-50_TuneCP5_13TeV-amcatnloFXFX-pythia8/240304_025521//0001/SSBTree_1450.root
Total number of events after merging root files: 247920
Event 0
Event 10000
Event 20000
Event 30000
Event 40000
Event 50000
Event 60000
Event 70000
Event 80000
Event 90000
Event 100000
Event 110000
Event 120000
Event 130000
Event 140000
Event 150000
Event 160000
Event 170000
Event 180000
Event 190000
Event 200000
Event 210000
Event 220000
Event 230000
Event 240000
Total processed number of events: 247920
End processing...

The number of options is: 2
Option 0 = ./TopMass_analysis
Option 1 = DYJetsToLL_M_50/DYJetsToLL_M_50_182.list
Option 2 = DYJetsToLL_M_50/DYJetsToLL_M_50_182.txt
Input filelist = DYJetsToLL_M_50/DYJetsToLL_M_50_182.list
Output file name = DYJetsToLL_M_50/DYJetsToLL_M_50_182.txt


start merging file(s)
adding: dcap://cluster142.knu.ac.kr//pnfs/knu.ac.kr/data/cms/store/user/sha/Run2FULL/2016PreVFP/MC/DYJetsToLL_M-50_TuneCP5_13TeV-amcatnloFXFX-pythia8/crab_DYJetsToLL_M-50_TuneCP5_13TeV-amcatnloFXFX-pythia8/240304_025521//0001/SSBTree_1811.root
adding: dcap://cluster142.knu.ac.kr//pnfs/knu.ac.kr/data/cms/store/user/sha/Run2FULL/2016PreVFP/MC/DYJetsToLL_M-50_TuneCP5_13TeV-amcatnloFXFX-pythia8/crab_DYJetsToLL_M-50_TuneCP5_13TeV-amcatnloFXFX-pythia8/240304_025521//0001/SSBTree_1812.root
adding: dcap://cluster142.knu.ac.kr//pnfs/knu.ac.kr/data/cms/store/user/sha/Run2FULL/2016PreVFP/MC/DYJetsToLL_M-50_TuneCP5_13TeV-amcatnloFXFX-pythia8/crab_DYJetsToLL_M-50_TuneCP5_13TeV-amcatnloFXFX-pythia8/240304_025521//0001/SSBTree_1813.root
adding: dcap://cluster142.knu.ac.kr//pnfs/knu.ac.kr/data/cms/store/user/sha/Run2FULL/2016PreVFP/MC/DYJetsToLL_M-50_TuneCP5_13TeV-amcatnloFXFX-pythia8/crab_DYJetsToLL_M-50_TuneCP5_13TeV-amcatnloFXFX-pythia8/240304_025521//0001/SSBTree_1814.root
adding: dcap://cluster142.knu.ac.kr//pnfs/knu.ac.kr/data/cms/store/user/sha/Run2FULL/2016PreVFP/MC/DYJetsToLL_M-50_TuneCP5_13TeV-amcatnloFXFX-pythia8/crab_DYJetsToLL_M-50_TuneCP5_13TeV-amcatnloFXFX-pythia8/240304_025521//0001/SSBTree_1815.root
adding: dcap://cluster142.knu.ac.kr//pnfs/knu.ac.kr/data/cms/store/user/sha/Run2FULL/2016PreVFP/MC/DYJetsToLL_M-50_TuneCP5_13TeV-amcatnloFXFX-pythia8/crab_DYJetsToLL_M-50_TuneCP5_13TeV-amcatnloFXFX-pythia8/240304_025521//0001/SSBTree_1816.root
adding: dcap://cluster142.knu.ac.kr//pnfs/knu.ac.kr/data/cms/store/user/sha/Run2FULL/2016PreVFP/MC/DYJetsToLL_M-50_TuneCP5_13TeV-amcatnloFXFX-pythia8/crab_DYJetsToLL_M-50_TuneCP5_13TeV-amcatnloFXFX-pythia8/240304_025521//0001/SSBTree_1817.root
adding: dcap://cluster142.knu.ac.kr//pnfs/knu.ac.kr/data/cms/store/user/sha/Run2FULL/2016PreVFP/MC/DYJetsToLL_M-50_TuneCP5_13TeV-amcatnloFXFX-pythia8/crab_DYJetsToLL_M-50_TuneCP5_13TeV-amcatnloFXFX-pythia8/240304_025521//0001/SSBTree_1818.root
adding: dcap://cluster142.knu.ac.kr//pnfs/knu.ac.kr/data/cms/store/user/sha/Run2FULL/2016PreVFP/MC/DYJetsToLL_M-50_TuneCP5_13TeV-amcatnloFXFX-pythia8/crab_DYJetsToLL_M-50_TuneCP5_13TeV-amcatnloFXFX-pythia8/240304_025521//0001/SSBTree_1819.root
adding: dcap://cluster142.knu.ac.kr//pnfs/knu.ac.kr/data/cms/store/user/sha/Run2FULL/2016PreVFP/MC/DYJetsToLL_M-50_TuneCP5_13TeV-amcatnloFXFX-pythia8/crab_DYJetsToLL_M-50_TuneCP5_13TeV-amcatnloFXFX-pythia8/240304_025521//0001/SSBTree_1820.root
Total number of events after merging root files: 209599
Event 0
Event 10000
Event 20000
Event 30000
Event 40000
Event 50000
Event 60000
Event 70000
Event 80000
Event 90000
Event 100000
Event 110000
Event 120000
Event 130000
Event 140000
Event 150000
Event 160000
Event 170000
Event 180000
Event 190000
Event 200000
Total processed number of events: 209599
End processing...

The number of options is: 2
Option 0 = ./TopMass_analysis
Option 1 = DYJetsToLL_M_50/DYJetsToLL_M_50_219.list
Option 2 = DYJetsToLL_M_50/DYJetsToLL_M_50_219.txt
Input filelist = DYJetsToLL_M_50/DYJetsToLL_M_50_219.list
Output file name = DYJetsToLL_M_50/DYJetsToLL_M_50_219.txt


start merging file(s)
adding: dcap://cluster142.knu.ac.kr//pnfs/knu.ac.kr/data/cms/store/user/sha/Run2FULL/2016PreVFP/MC/DYJetsToLL_M-50_TuneCP5_13TeV-amcatnloFXFX-pythia8/crab_DYJetsToLL_M-50_TuneCP5_13TeV-amcatnloFXFX-pythia8/240304_025521//0002/SSBTree_2181.root
adding: dcap://cluster142.knu.ac.kr//pnfs/knu.ac.kr/data/cms/store/user/sha/Run2FULL/2016PreVFP/MC/DYJetsToLL_M-50_TuneCP5_13TeV-amcatnloFXFX-pythia8/crab_DYJetsToLL_M-50_TuneCP5_13TeV-amcatnloFXFX-pythia8/240304_025521//0002/SSBTree_2182.root
adding: dcap://cluster142.knu.ac.kr//pnfs/knu.ac.kr/data/cms/store/user/sha/Run2FULL/2016PreVFP/MC/DYJetsToLL_M-50_TuneCP5_13TeV-amcatnloFXFX-pythia8/crab_DYJetsToLL_M-50_TuneCP5_13TeV-amcatnloFXFX-pythia8/240304_025521//0002/SSBTree_2183.root
adding: dcap://cluster142.knu.ac.kr//pnfs/knu.ac.kr/data/cms/store/user/sha/Run2FULL/2016PreVFP/MC/DYJetsToLL_M-50_TuneCP5_13TeV-amcatnloFXFX-pythia8/crab_DYJetsToLL_M-50_TuneCP5_13TeV-amcatnloFXFX-pythia8/240304_025521//0002/SSBTree_2184.root
adding: dcap://cluster142.knu.ac.kr//pnfs/knu.ac.kr/data/cms/store/user/sha/Run2FULL/2016PreVFP/MC/DYJetsToLL_M-50_TuneCP5_13TeV-amcatnloFXFX-pythia8/crab_DYJetsToLL_M-50_TuneCP5_13TeV-amcatnloFXFX-pythia8/240304_025521//0002/SSBTree_2185.root
adding: dcap://cluster142.knu.ac.kr//pnfs/knu.ac.kr/data/cms/store/user/sha/Run2FULL/2016PreVFP/MC/DYJetsToLL_M-50_TuneCP5_13TeV-amcatnloFXFX-pythia8/crab_DYJetsToLL_M-50_TuneCP5_13TeV-amcatnloFXFX-pythia8/240304_025521//0002/SSBTree_2186.root
adding: dcap://cluster142.knu.ac.kr//pnfs/knu.ac.kr/data/cms/store/user/sha/Run2FULL/2016PreVFP/MC/DYJetsToLL_M-50_TuneCP5_13TeV-amcatnloFXFX-pythia8/crab_DYJetsToLL_M-50_TuneCP5_13TeV-amcatnloFXFX-pythia8/240304_025521//0002/SSBTree_2187.root
adding: dcap://cluster142.knu.ac.kr//pnfs/knu.ac.kr/data/cms/store/user/sha/Run2FULL/2016PreVFP/MC/DYJetsToLL_M-50_TuneCP5_13TeV-amcatnloFXFX-pythia8/crab_DYJetsToLL_M-50_TuneCP5_13TeV-amcatnloFXFX-pythia8/240304_025521//0002/SSBTree_2188.root
adding: dcap://cluster142.knu.ac.kr//pnfs/knu.ac.kr/data/cms/store/user/sha/Run2FULL/2016PreVFP/MC/DYJetsToLL_M-50_TuneCP5_13TeV-amcatnloFXFX-pythia8/crab_DYJetsToLL_M-50_TuneCP5_13TeV-amcatnloFXFX-pythia8/240304_025521//0002/SSBTree_2189.root
adding: dcap://cluster142.knu.ac.kr//pnfs/knu.ac.kr/data/cms/store/user/sha/Run2FULL/2016PreVFP/MC/DYJetsToLL_M-50_TuneCP5_13TeV-amcatnloFXFX-pythia8/crab_DYJetsToLL_M-50_TuneCP5_13TeV-amcatnloFXFX-pythia8/240304_025521//0002/SSBTree_2190.root
Total number of events after merging root files: 248062
Event 0
Event 10000
Event 20000
Event 30000
Event 40000
Event 50000
Event 60000
Event 70000
Event 80000
Event 90000
Event 100000
Event 110000
Event 120000
Event 130000
Event 140000
Event 150000
Event 160000
Event 170000
Event 180000
Event 190000
Event 200000
Event 210000
Event 220000
Event 230000
Event 240000
Total processed number of events: 248062
End processing...

The number of options is: 2
Option 0 = ./TopMass_analysis
Option 1 = DYJetsToLL_M_50/DYJetsToLL_M_50_256.list
Option 2 = DYJetsToLL_M_50/DYJetsToLL_M_50_256.txt
Input filelist = DYJetsToLL_M_50/DYJetsToLL_M_50_256.list
Output file name = DYJetsToLL_M_50/DYJetsToLL_M_50_256.txt


start merging file(s)
adding: dcap://cluster142.knu.ac.kr//pnfs/knu.ac.kr/data/cms/store/user/sha/Run2FULL/2016PreVFP/MC/DYJetsToLL_M-50_TuneCP5_13TeV-amcatnloFXFX-pythia8/crab_DYJetsToLL_M-50_TuneCP5_13TeV-amcatnloFXFX-pythia8/240304_025521//0002/SSBTree_2551.root
adding: dcap://cluster142.knu.ac.kr//pnfs/knu.ac.kr/data/cms/store/user/sha/Run2FULL/2016PreVFP/MC/DYJetsToLL_M-50_TuneCP5_13TeV-amcatnloFXFX-pythia8/crab_DYJetsToLL_M-50_TuneCP5_13TeV-amcatnloFXFX-pythia8/240304_025521//0002/SSBTree_2552.root
adding: dcap://cluster142.knu.ac.kr//pnfs/knu.ac.kr/data/cms/store/user/sha/Run2FULL/2016PreVFP/MC/DYJetsToLL_M-50_TuneCP5_13TeV-amcatnloFXFX-pythia8/crab_DYJetsToLL_M-50_TuneCP5_13TeV-amcatnloFXFX-pythia8/240304_025521//0002/SSBTree_2553.root
adding: dcap://cluster142.knu.ac.kr//pnfs/knu.ac.kr/data/cms/store/user/sha/Run2FULL/2016PreVFP/MC/DYJetsToLL_M-50_TuneCP5_13TeV-amcatnloFXFX-pythia8/crab_DYJetsToLL_M-50_TuneCP5_13TeV-amcatnloFXFX-pythia8/240304_025521//0002/SSBTree_2554.root
adding: dcap://cluster142.knu.ac.kr//pnfs/knu.ac.kr/data/cms/store/user/sha/Run2FULL/2016PreVFP/MC/DYJetsToLL_M-50_TuneCP5_13TeV-amcatnloFXFX-pythia8/crab_DYJetsToLL_M-50_TuneCP5_13TeV-amcatnloFXFX-pythia8/240304_025521//0002/SSBTree_2555.root
adding: dcap://cluster142.knu.ac.kr//pnfs/knu.ac.kr/data/cms/store/user/sha/Run2FULL/2016PreVFP/MC/DYJetsToLL_M-50_TuneCP5_13TeV-amcatnloFXFX-pythia8/crab_DYJetsToLL_M-50_TuneCP5_13TeV-amcatnloFXFX-pythia8/240304_025521//0002/SSBTree_2556.root
adding: dcap://cluster142.knu.ac.kr//pnfs/knu.ac.kr/data/cms/store/user/sha/Run2FULL/2016PreVFP/MC/DYJetsToLL_M-50_TuneCP5_13TeV-amcatnloFXFX-pythia8/crab_DYJetsToLL_M-50_TuneCP5_13TeV-amcatnloFXFX-pythia8/240304_025521//0002/SSBTree_2557.root
adding: dcap://cluster142.knu.ac.kr//pnfs/knu.ac.kr/data/cms/store/user/sha/Run2FULL/2016PreVFP/MC/DYJetsToLL_M-50_TuneCP5_13TeV-amcatnloFXFX-pythia8/crab_DYJetsToLL_M-50_TuneCP5_13TeV-amcatnloFXFX-pythia8/240304_025521//0002/SSBTree_2558.root
adding: dcap://cluster142.knu.ac.kr//pnfs/knu.ac.kr/data/cms/store/user/sha/Run2FULL/2016PreVFP/MC/DYJetsToLL_M-50_TuneCP5_13TeV-amcatnloFXFX-pythia8/crab_DYJetsToLL_M-50_TuneCP5_13TeV-amcatnloFXFX-pythia8/240304_025521//0002/SSBTree_2559.root
adding: dcap://cluster142.knu.ac.kr//pnfs/knu.ac.kr/data/cms/store/user/sha/Run2FULL/2016PreVFP/MC/DYJetsToLL_M-50_TuneCP5_13TeV-amcatnloFXFX-pythia8/crab_DYJetsToLL_M-50_TuneCP5_13TeV-amcatnloFXFX-pythia8/240304_025521//0002/SSBTree_2560.root
Total number of events after merging root files: 248446
Event 0
Event 10000
Event 20000
Event 30000
Event 40000
Event 50000
Event 60000
Event 70000
Event 80000
Event 90000
Event 100000
Event 110000
Event 120000
Event 130000
Event 140000
Event 150000
Event 160000
Event 170000
Event 180000
Event 190000
Event 200000
Event 210000
Event 220000
Event 230000
Event 240000
Total processed number of events: 248446
End processing...

The number of options is: 2
Option 0 = ./TopMass_analysis
Option 1 = DYJetsToLL_M_50/DYJetsToLL_M_50_293.list
Option 2 = DYJetsToLL_M_50/DYJetsToLL_M_50_293.txt
Input filelist = DYJetsToLL_M_50/DYJetsToLL_M_50_293.list
Output file name = DYJetsToLL_M_50/DYJetsToLL_M_50_293.txt


start merging file(s)
adding: dcap://cluster142.knu.ac.kr//pnfs/knu.ac.kr/data/cms/store/user/sha/Run2FULL/2016PreVFP/MC/DYJetsToLL_M-50_TuneCP5_13TeV-amcatnloFXFX-pythia8/crab_DYJetsToLL_M-50_TuneCP5_13TeV-amcatnloFXFX-pythia8/240304_025521//0002/SSBTree_2921.root
adding: dcap://cluster142.knu.ac.kr//pnfs/knu.ac.kr/data/cms/store/user/sha/Run2FULL/2016PreVFP/MC/DYJetsToLL_M-50_TuneCP5_13TeV-amcatnloFXFX-pythia8/crab_DYJetsToLL_M-50_TuneCP5_13TeV-amcatnloFXFX-pythia8/240304_025521//0002/SSBTree_2922.root
adding: dcap://cluster142.knu.ac.kr//pnfs/knu.ac.kr/data/cms/store/user/sha/Run2FULL/2016PreVFP/MC/DYJetsToLL_M-50_TuneCP5_13TeV-amcatnloFXFX-pythia8/crab_DYJetsToLL_M-50_TuneCP5_13TeV-amcatnloFXFX-pythia8/240304_025521//0002/SSBTree_2923.root
adding: dcap://cluster142.knu.ac.kr//pnfs/knu.ac.kr/data/cms/store/user/sha/Run2FULL/2016PreVFP/MC/DYJetsToLL_M-50_TuneCP5_13TeV-amcatnloFXFX-pythia8/crab_DYJetsToLL_M-50_TuneCP5_13TeV-amcatnloFXFX-pythia8/240304_025521//0002/SSBTree_2924.root
adding: dcap://cluster142.knu.ac.kr//pnfs/knu.ac.kr/data/cms/store/user/sha/Run2FULL/2016PreVFP/MC/DYJetsToLL_M-50_TuneCP5_13TeV-amcatnloFXFX-pythia8/crab_DYJetsToLL_M-50_TuneCP5_13TeV-amcatnloFXFX-pythia8/240304_025521//0002/SSBTree_2925.root
adding: dcap://cluster142.knu.ac.kr//pnfs/knu.ac.kr/data/cms/store/user/sha/Run2FULL/2016PreVFP/MC/DYJetsToLL_M-50_TuneCP5_13TeV-amcatnloFXFX-pythia8/crab_DYJetsToLL_M-50_TuneCP5_13TeV-amcatnloFXFX-pythia8/240304_025521//0002/SSBTree_2926.root
adding: dcap://cluster142.knu.ac.kr//pnfs/knu.ac.kr/data/cms/store/user/sha/Run2FULL/2016PreVFP/MC/DYJetsToLL_M-50_TuneCP5_13TeV-amcatnloFXFX-pythia8/crab_DYJetsToLL_M-50_TuneCP5_13TeV-amcatnloFXFX-pythia8/240304_025521//0002/SSBTree_2927.root
adding: dcap://cluster142.knu.ac.kr//pnfs/knu.ac.kr/data/cms/store/user/sha/Run2FULL/2016PreVFP/MC/DYJetsToLL_M-50_TuneCP5_13TeV-amcatnloFXFX-pythia8/crab_DYJetsToLL_M-50_TuneCP5_13TeV-amcatnloFXFX-pythia8/240304_025521//0002/SSBTree_2928.root
adding: dcap://cluster142.knu.ac.kr//pnfs/knu.ac.kr/data/cms/store/user/sha/Run2FULL/2016PreVFP/MC/DYJetsToLL_M-50_TuneCP5_13TeV-amcatnloFXFX-pythia8/crab_DYJetsToLL_M-50_TuneCP5_13TeV-amcatnloFXFX-pythia8/240304_025521//0002/SSBTree_2929.root
adding: dcap://cluster142.knu.ac.kr//pnfs/knu.ac.kr/data/cms/store/user/sha/Run2FULL/2016PreVFP/MC/DYJetsToLL_M-50_TuneCP5_13TeV-amcatnloFXFX-pythia8/crab_DYJetsToLL_M-50_TuneCP5_13TeV-amcatnloFXFX-pythia8/240304_025521//0002/SSBTree_2930.root
Total number of events after merging root files: 247588
Event 0
Event 10000
Event 20000
Event 30000
Event 40000
Event 50000
Event 60000
Event 70000
Event 80000
Event 90000
Event 100000
Event 110000
Event 120000
Event 130000
Event 140000
Event 150000
Event 160000
Event 170000
Event 180000
Event 190000
Event 200000
Event 210000
Event 220000
Event 230000
Event 240000
Total processed number of events: 247588
End processing...

The number of options is: 2
Option 0 = ./TopMass_analysis
Option 1 = DYJetsToLL_M_50/DYJetsToLL_M_50_330.list
Option 2 = DYJetsToLL_M_50/DYJetsToLL_M_50_330.txt
Input filelist = DYJetsToLL_M_50/DYJetsToLL_M_50_330.list
Output file name = DYJetsToLL_M_50/DYJetsToLL_M_50_330.txt


start merging file(s)
adding: dcap://cluster142.knu.ac.kr//pnfs/knu.ac.kr/data/cms/store/user/sha/Run2FULL/2016PreVFP/MC/DYJetsToLL_M-50_TuneCP5_13TeV-amcatnloFXFX-pythia8/crab_DYJetsToLL_M-50_TuneCP5_13TeV-amcatnloFXFX-pythia8/240304_025521//0003/SSBTree_3291.root
adding: dcap://cluster142.knu.ac.kr//pnfs/knu.ac.kr/data/cms/store/user/sha/Run2FULL/2016PreVFP/MC/DYJetsToLL_M-50_TuneCP5_13TeV-amcatnloFXFX-pythia8/crab_DYJetsToLL_M-50_TuneCP5_13TeV-amcatnloFXFX-pythia8/240304_025521//0003/SSBTree_3292.root
adding: dcap://cluster142.knu.ac.kr//pnfs/knu.ac.kr/data/cms/store/user/sha/Run2FULL/2016PreVFP/MC/DYJetsToLL_M-50_TuneCP5_13TeV-amcatnloFXFX-pythia8/crab_DYJetsToLL_M-50_TuneCP5_13TeV-amcatnloFXFX-pythia8/240304_025521//0003/SSBTree_3293.root
adding: dcap://cluster142.knu.ac.kr//pnfs/knu.ac.kr/data/cms/store/user/sha/Run2FULL/2016PreVFP/MC/DYJetsToLL_M-50_TuneCP5_13TeV-amcatnloFXFX-pythia8/crab_DYJetsToLL_M-50_TuneCP5_13TeV-amcatnloFXFX-pythia8/240304_025521//0003/SSBTree_3294.root
adding: dcap://cluster142.knu.ac.kr//pnfs/knu.ac.kr/data/cms/store/user/sha/Run2FULL/2016PreVFP/MC/DYJetsToLL_M-50_TuneCP5_13TeV-amcatnloFXFX-pythia8/crab_DYJetsToLL_M-50_TuneCP5_13TeV-amcatnloFXFX-pythia8/240304_025521//0003/SSBTree_3295.root
adding: dcap://cluster142.knu.ac.kr//pnfs/knu.ac.kr/data/cms/store/user/sha/Run2FULL/2016PreVFP/MC/DYJetsToLL_M-50_TuneCP5_13TeV-amcatnloFXFX-pythia8/crab_DYJetsToLL_M-50_TuneCP5_13TeV-amcatnloFXFX-pythia8/240304_025521//0003/SSBTree_3296.root
adding: dcap://cluster142.knu.ac.kr//pnfs/knu.ac.kr/data/cms/store/user/sha/Run2FULL/2016PreVFP/MC/DYJetsToLL_M-50_TuneCP5_13TeV-amcatnloFXFX-pythia8/crab_DYJetsToLL_M-50_TuneCP5_13TeV-amcatnloFXFX-pythia8/240304_025521//0003/SSBTree_3297.root
adding: dcap://cluster142.knu.ac.kr//pnfs/knu.ac.kr/data/cms/store/user/sha/Run2FULL/2016PreVFP/MC/DYJetsToLL_M-50_TuneCP5_13TeV-amcatnloFXFX-pythia8/crab_DYJetsToLL_M-50_TuneCP5_13TeV-amcatnloFXFX-pythia8/240304_025521//0003/SSBTree_3298.root
adding: dcap://cluster142.knu.ac.kr//pnfs/knu.ac.kr/data/cms/store/user/sha/Run2FULL/2016PreVFP/MC/DYJetsToLL_M-50_TuneCP5_13TeV-amcatnloFXFX-pythia8/crab_DYJetsToLL_M-50_TuneCP5_13TeV-amcatnloFXFX-pythia8/240304_025521//0003/SSBTree_3299.root
adding: dcap://cluster142.knu.ac.kr//pnfs/knu.ac.kr/data/cms/store/user/sha/Run2FULL/2016PreVFP/MC/DYJetsToLL_M-50_TuneCP5_13TeV-amcatnloFXFX-pythia8/crab_DYJetsToLL_M-50_TuneCP5_13TeV-amcatnloFXFX-pythia8/240304_025521//0003/SSBTree_3300.root
Total number of events after merging root files: 247786
Event 0
Event 10000
Event 20000
Event 30000
Event 40000
Event 50000
Event 60000
Event 70000
Event 80000
Event 90000
Event 100000
Event 110000
Event 120000
Event 130000
Event 140000
Event 150000
Event 160000
Event 170000
Event 180000
Event 190000
Event 200000
Event 210000
Event 220000
Event 230000
Event 240000
Total processed number of events: 247786
End processing...

The number of options is: 2
Option 0 = ./TopMass_analysis
Option 1 = DYJetsToLL_M_50/DYJetsToLL_M_50_367.list
Option 2 = DYJetsToLL_M_50/DYJetsToLL_M_50_367.txt
Input filelist = DYJetsToLL_M_50/DYJetsToLL_M_50_367.list
Output file name = DYJetsToLL_M_50/DYJetsToLL_M_50_367.txt


start merging file(s)
adding: dcap://cluster142.knu.ac.kr//pnfs/knu.ac.kr/data/cms/store/user/sha/Run2FULL/2016PreVFP/MC/DYJetsToLL_M-50_TuneCP5_13TeV-amcatnloFXFX-pythia8/crab_DYJetsToLL_M-50_TuneCP5_13TeV-amcatnloFXFX-pythia8/240304_025521//0003/SSBTree_3661.root
adding: dcap://cluster142.knu.ac.kr//pnfs/knu.ac.kr/data/cms/store/user/sha/Run2FULL/2016PreVFP/MC/DYJetsToLL_M-50_TuneCP5_13TeV-amcatnloFXFX-pythia8/crab_DYJetsToLL_M-50_TuneCP5_13TeV-amcatnloFXFX-pythia8/240304_025521//0003/SSBTree_3662.root
adding: dcap://cluster142.knu.ac.kr//pnfs/knu.ac.kr/data/cms/store/user/sha/Run2FULL/2016PreVFP/MC/DYJetsToLL_M-50_TuneCP5_13TeV-amcatnloFXFX-pythia8/crab_DYJetsToLL_M-50_TuneCP5_13TeV-amcatnloFXFX-pythia8/240304_025521//0003/SSBTree_3663.root
adding: dcap://cluster142.knu.ac.kr//pnfs/knu.ac.kr/data/cms/store/user/sha/Run2FULL/2016PreVFP/MC/DYJetsToLL_M-50_TuneCP5_13TeV-amcatnloFXFX-pythia8/crab_DYJetsToLL_M-50_TuneCP5_13TeV-amcatnloFXFX-pythia8/240304_025521//0003/SSBTree_3664.root
adding: dcap://cluster142.knu.ac.kr//pnfs/knu.ac.kr/data/cms/store/user/sha/Run2FULL/2016PreVFP/MC/DYJetsToLL_M-50_TuneCP5_13TeV-amcatnloFXFX-pythia8/crab_DYJetsToLL_M-50_TuneCP5_13TeV-amcatnloFXFX-pythia8/240304_025521//0003/SSBTree_3665.root
adding: dcap://cluster142.knu.ac.kr//pnfs/knu.ac.kr/data/cms/store/user/sha/Run2FULL/2016PreVFP/MC/DYJetsToLL_M-50_TuneCP5_13TeV-amcatnloFXFX-pythia8/crab_DYJetsToLL_M-50_TuneCP5_13TeV-amcatnloFXFX-pythia8/240304_025521//0003/SSBTree_3666.root
adding: dcap://cluster142.knu.ac.kr//pnfs/knu.ac.kr/data/cms/store/user/sha/Run2FULL/2016PreVFP/MC/DYJetsToLL_M-50_TuneCP5_13TeV-amcatnloFXFX-pythia8/crab_DYJetsToLL_M-50_TuneCP5_13TeV-amcatnloFXFX-pythia8/240304_025521//0003/SSBTree_3667.root
adding: dcap://cluster142.knu.ac.kr//pnfs/knu.ac.kr/data/cms/store/user/sha/Run2FULL/2016PreVFP/MC/DYJetsToLL_M-50_TuneCP5_13TeV-amcatnloFXFX-pythia8/crab_DYJetsToLL_M-50_TuneCP5_13TeV-amcatnloFXFX-pythia8/240304_025521//0003/SSBTree_3668.root
adding: dcap://cluster142.knu.ac.kr//pnfs/knu.ac.kr/data/cms/store/user/sha/Run2FULL/2016PreVFP/MC/DYJetsToLL_M-50_TuneCP5_13TeV-amcatnloFXFX-pythia8/crab_DYJetsToLL_M-50_TuneCP5_13TeV-amcatnloFXFX-pythia8/240304_025521//0003/SSBTree_3669.root
adding: dcap://cluster142.knu.ac.kr//pnfs/knu.ac.kr/data/cms/store/user/sha/Run2FULL/2016PreVFP/MC/DYJetsToLL_M-50_TuneCP5_13TeV-amcatnloFXFX-pythia8/crab_DYJetsToLL_M-50_TuneCP5_13TeV-amcatnloFXFX-pythia8/240304_025521//0003/SSBTree_3670.root
Total number of events after merging root files: 223924
Event 0
Event 10000
Event 20000
Event 30000
Event 40000
Event 50000
Event 60000
Event 70000
Event 80000
Event 90000
Event 100000
Event 110000
Event 120000
Event 130000
Event 140000
Event 150000
Event 160000
Event 170000
Event 180000
Event 190000
Event 200000
Event 210000
Event 220000
Total processed number of events: 223924
End processing...

