The number of options is: 2
Option 0 = ./TopMass_analysis
Option 1 = DYJetsToLL_M_50/DYJetsToLL_M_50_31.list
Option 2 = DYJetsToLL_M_50/DYJetsToLL_M_50_31.txt
Input filelist = DYJetsToLL_M_50/DYJetsToLL_M_50_31.list
Output file name = DYJetsToLL_M_50/DYJetsToLL_M_50_31.txt


start merging file(s)
adding: dcap://cluster142.knu.ac.kr//pnfs/knu.ac.kr/data/cms/store/user/sha/Run2FULL/2016PreVFP/MC/DYJetsToLL_M-50_TuneCP5_13TeV-amcatnloFXFX-pythia8/crab_DYJetsToLL_M-50_TuneCP5_13TeV-amcatnloFXFX-pythia8/240304_025521//0000/SSBTree_371.root
adding: dcap://cluster142.knu.ac.kr//pnfs/knu.ac.kr/data/cms/store/user/sha/Run2FULL/2016PreVFP/MC/DYJetsToLL_M-50_TuneCP5_13TeV-amcatnloFXFX-pythia8/crab_DYJetsToLL_M-50_TuneCP5_13TeV-amcatnloFXFX-pythia8/240304_025521//0000/SSBTree_372.root
adding: dcap://cluster142.knu.ac.kr//pnfs/knu.ac.kr/data/cms/store/user/sha/Run2FULL/2016PreVFP/MC/DYJetsToLL_M-50_TuneCP5_13TeV-amcatnloFXFX-pythia8/crab_DYJetsToLL_M-50_TuneCP5_13TeV-amcatnloFXFX-pythia8/240304_025521//0000/SSBTree_373.root
adding: dcap://cluster142.knu.ac.kr//pnfs/knu.ac.kr/data/cms/store/user/sha/Run2FULL/2016PreVFP/MC/DYJetsToLL_M-50_TuneCP5_13TeV-amcatnloFXFX-pythia8/crab_DYJetsToLL_M-50_TuneCP5_13TeV-amcatnloFXFX-pythia8/240304_025521//0000/SSBTree_374.root
adding: dcap://cluster142.knu.ac.kr//pnfs/knu.ac.kr/data/cms/store/user/sha/Run2FULL/2016PreVFP/MC/DYJetsToLL_M-50_TuneCP5_13TeV-amcatnloFXFX-pythia8/crab_DYJetsToLL_M-50_TuneCP5_13TeV-amcatnloFXFX-pythia8/240304_025521//0000/SSBTree_375.root
adding: dcap://cluster142.knu.ac.kr//pnfs/knu.ac.kr/data/cms/store/user/sha/Run2FULL/2016PreVFP/MC/DYJetsToLL_M-50_TuneCP5_13TeV-amcatnloFXFX-pythia8/crab_DYJetsToLL_M-50_TuneCP5_13TeV-amcatnloFXFX-pythia8/240304_025521//0000/SSBTree_376.root
adding: dcap://cluster142.knu.ac.kr//pnfs/knu.ac.kr/data/cms/store/user/sha/Run2FULL/2016PreVFP/MC/DYJetsToLL_M-50_TuneCP5_13TeV-amcatnloFXFX-pythia8/crab_DYJetsToLL_M-50_TuneCP5_13TeV-amcatnloFXFX-pythia8/240304_025521//0000/SSBTree_377.root
adding: dcap://cluster142.knu.ac.kr//pnfs/knu.ac.kr/data/cms/store/user/sha/Run2FULL/2016PreVFP/MC/DYJetsToLL_M-50_TuneCP5_13TeV-amcatnloFXFX-pythia8/crab_DYJetsToLL_M-50_TuneCP5_13TeV-amcatnloFXFX-pythia8/240304_025521//0000/SSBTree_378.root
adding: dcap://cluster142.knu.ac.kr//pnfs/knu.ac.kr/data/cms/store/user/sha/Run2FULL/2016PreVFP/MC/DYJetsToLL_M-50_TuneCP5_13TeV-amcatnloFXFX-pythia8/crab_DYJetsToLL_M-50_TuneCP5_13TeV-amcatnloFXFX-pythia8/240304_025521//0000/SSBTree_379.root
adding: dcap://cluster142.knu.ac.kr//pnfs/knu.ac.kr/data/cms/store/user/sha/Run2FULL/2016PreVFP/MC/DYJetsToLL_M-50_TuneCP5_13TeV-amcatnloFXFX-pythia8/crab_DYJetsToLL_M-50_TuneCP5_13TeV-amcatnloFXFX-pythia8/240304_025521//0000/SSBTree_37.root
Total number of events after merging root files: 247594
Event 0
Event 10000
Event 20000
Event 30000
Event 40000
Event 50000
Event 60000
Event 70000
Event 80000
Event 90000
Event 100000
Event 110000
Event 120000
Event 130000
Event 140000
Event 150000
Event 160000
Event 170000
Event 180000
Event 190000
Event 200000
Event 210000
Event 220000
Event 230000
Event 240000
Total processed number of events: 247594
End processing...

The number of options is: 2
Option 0 = ./TopMass_analysis
Option 1 = DYJetsToLL_M_50/DYJetsToLL_M_50_68.list
Option 2 = DYJetsToLL_M_50/DYJetsToLL_M_50_68.txt
Input filelist = DYJetsToLL_M_50/DYJetsToLL_M_50_68.list
Output file name = DYJetsToLL_M_50/DYJetsToLL_M_50_68.txt


start merging file(s)
adding: dcap://cluster142.knu.ac.kr//pnfs/knu.ac.kr/data/cms/store/user/sha/Run2FULL/2016PreVFP/MC/DYJetsToLL_M-50_TuneCP5_13TeV-amcatnloFXFX-pythia8/crab_DYJetsToLL_M-50_TuneCP5_13TeV-amcatnloFXFX-pythia8/240304_025521//0000/SSBTree_704.root
adding: dcap://cluster142.knu.ac.kr//pnfs/knu.ac.kr/data/cms/store/user/sha/Run2FULL/2016PreVFP/MC/DYJetsToLL_M-50_TuneCP5_13TeV-amcatnloFXFX-pythia8/crab_DYJetsToLL_M-50_TuneCP5_13TeV-amcatnloFXFX-pythia8/240304_025521//0000/SSBTree_705.root
adding: dcap://cluster142.knu.ac.kr//pnfs/knu.ac.kr/data/cms/store/user/sha/Run2FULL/2016PreVFP/MC/DYJetsToLL_M-50_TuneCP5_13TeV-amcatnloFXFX-pythia8/crab_DYJetsToLL_M-50_TuneCP5_13TeV-amcatnloFXFX-pythia8/240304_025521//0000/SSBTree_706.root
adding: dcap://cluster142.knu.ac.kr//pnfs/knu.ac.kr/data/cms/store/user/sha/Run2FULL/2016PreVFP/MC/DYJetsToLL_M-50_TuneCP5_13TeV-amcatnloFXFX-pythia8/crab_DYJetsToLL_M-50_TuneCP5_13TeV-amcatnloFXFX-pythia8/240304_025521//0000/SSBTree_707.root
adding: dcap://cluster142.knu.ac.kr//pnfs/knu.ac.kr/data/cms/store/user/sha/Run2FULL/2016PreVFP/MC/DYJetsToLL_M-50_TuneCP5_13TeV-amcatnloFXFX-pythia8/crab_DYJetsToLL_M-50_TuneCP5_13TeV-amcatnloFXFX-pythia8/240304_025521//0000/SSBTree_708.root
adding: dcap://cluster142.knu.ac.kr//pnfs/knu.ac.kr/data/cms/store/user/sha/Run2FULL/2016PreVFP/MC/DYJetsToLL_M-50_TuneCP5_13TeV-amcatnloFXFX-pythia8/crab_DYJetsToLL_M-50_TuneCP5_13TeV-amcatnloFXFX-pythia8/240304_025521//0000/SSBTree_709.root
adding: dcap://cluster142.knu.ac.kr//pnfs/knu.ac.kr/data/cms/store/user/sha/Run2FULL/2016PreVFP/MC/DYJetsToLL_M-50_TuneCP5_13TeV-amcatnloFXFX-pythia8/crab_DYJetsToLL_M-50_TuneCP5_13TeV-amcatnloFXFX-pythia8/240304_025521//0000/SSBTree_70.root
adding: dcap://cluster142.knu.ac.kr//pnfs/knu.ac.kr/data/cms/store/user/sha/Run2FULL/2016PreVFP/MC/DYJetsToLL_M-50_TuneCP5_13TeV-amcatnloFXFX-pythia8/crab_DYJetsToLL_M-50_TuneCP5_13TeV-amcatnloFXFX-pythia8/240304_025521//0000/SSBTree_710.root
adding: dcap://cluster142.knu.ac.kr//pnfs/knu.ac.kr/data/cms/store/user/sha/Run2FULL/2016PreVFP/MC/DYJetsToLL_M-50_TuneCP5_13TeV-amcatnloFXFX-pythia8/crab_DYJetsToLL_M-50_TuneCP5_13TeV-amcatnloFXFX-pythia8/240304_025521//0000/SSBTree_711.root
adding: dcap://cluster142.knu.ac.kr//pnfs/knu.ac.kr/data/cms/store/user/sha/Run2FULL/2016PreVFP/MC/DYJetsToLL_M-50_TuneCP5_13TeV-amcatnloFXFX-pythia8/crab_DYJetsToLL_M-50_TuneCP5_13TeV-amcatnloFXFX-pythia8/240304_025521//0000/SSBTree_712.root
Total number of events after merging root files: 248301
Event 0
Event 10000
Event 20000
Event 30000
Event 40000
Event 50000
Event 60000
Event 70000
Event 80000
Event 90000
Event 100000
Event 110000
Event 120000
Event 130000
Event 140000
Event 150000
Event 160000
Event 170000
Event 180000
Event 190000
Event 200000
Event 210000
Event 220000
Event 230000
Event 240000
Total processed number of events: 248301
End processing...

The number of options is: 2
Option 0 = ./TopMass_analysis
Option 1 = DYJetsToLL_M_50/DYJetsToLL_M_50_105.list
Option 2 = DYJetsToLL_M_50/DYJetsToLL_M_50_105.txt
Input filelist = DYJetsToLL_M_50/DYJetsToLL_M_50_105.list
Output file name = DYJetsToLL_M_50/DYJetsToLL_M_50_105.txt


start merging file(s)
adding: dcap://cluster142.knu.ac.kr//pnfs/knu.ac.kr/data/cms/store/user/sha/Run2FULL/2016PreVFP/MC/DYJetsToLL_M-50_TuneCP5_13TeV-amcatnloFXFX-pythia8/crab_DYJetsToLL_M-50_TuneCP5_13TeV-amcatnloFXFX-pythia8/240304_025521//0001/SSBTree_1041.root
adding: dcap://cluster142.knu.ac.kr//pnfs/knu.ac.kr/data/cms/store/user/sha/Run2FULL/2016PreVFP/MC/DYJetsToLL_M-50_TuneCP5_13TeV-amcatnloFXFX-pythia8/crab_DYJetsToLL_M-50_TuneCP5_13TeV-amcatnloFXFX-pythia8/240304_025521//0001/SSBTree_1042.root
adding: dcap://cluster142.knu.ac.kr//pnfs/knu.ac.kr/data/cms/store/user/sha/Run2FULL/2016PreVFP/MC/DYJetsToLL_M-50_TuneCP5_13TeV-amcatnloFXFX-pythia8/crab_DYJetsToLL_M-50_TuneCP5_13TeV-amcatnloFXFX-pythia8/240304_025521//0001/SSBTree_1043.root
adding: dcap://cluster142.knu.ac.kr//pnfs/knu.ac.kr/data/cms/store/user/sha/Run2FULL/2016PreVFP/MC/DYJetsToLL_M-50_TuneCP5_13TeV-amcatnloFXFX-pythia8/crab_DYJetsToLL_M-50_TuneCP5_13TeV-amcatnloFXFX-pythia8/240304_025521//0001/SSBTree_1044.root
adding: dcap://cluster142.knu.ac.kr//pnfs/knu.ac.kr/data/cms/store/user/sha/Run2FULL/2016PreVFP/MC/DYJetsToLL_M-50_TuneCP5_13TeV-amcatnloFXFX-pythia8/crab_DYJetsToLL_M-50_TuneCP5_13TeV-amcatnloFXFX-pythia8/240304_025521//0001/SSBTree_1045.root
adding: dcap://cluster142.knu.ac.kr//pnfs/knu.ac.kr/data/cms/store/user/sha/Run2FULL/2016PreVFP/MC/DYJetsToLL_M-50_TuneCP5_13TeV-amcatnloFXFX-pythia8/crab_DYJetsToLL_M-50_TuneCP5_13TeV-amcatnloFXFX-pythia8/240304_025521//0001/SSBTree_1046.root
adding: dcap://cluster142.knu.ac.kr//pnfs/knu.ac.kr/data/cms/store/user/sha/Run2FULL/2016PreVFP/MC/DYJetsToLL_M-50_TuneCP5_13TeV-amcatnloFXFX-pythia8/crab_DYJetsToLL_M-50_TuneCP5_13TeV-amcatnloFXFX-pythia8/240304_025521//0001/SSBTree_1047.root
adding: dcap://cluster142.knu.ac.kr//pnfs/knu.ac.kr/data/cms/store/user/sha/Run2FULL/2016PreVFP/MC/DYJetsToLL_M-50_TuneCP5_13TeV-amcatnloFXFX-pythia8/crab_DYJetsToLL_M-50_TuneCP5_13TeV-amcatnloFXFX-pythia8/240304_025521//0001/SSBTree_1048.root
adding: dcap://cluster142.knu.ac.kr//pnfs/knu.ac.kr/data/cms/store/user/sha/Run2FULL/2016PreVFP/MC/DYJetsToLL_M-50_TuneCP5_13TeV-amcatnloFXFX-pythia8/crab_DYJetsToLL_M-50_TuneCP5_13TeV-amcatnloFXFX-pythia8/240304_025521//0001/SSBTree_1049.root
adding: dcap://cluster142.knu.ac.kr//pnfs/knu.ac.kr/data/cms/store/user/sha/Run2FULL/2016PreVFP/MC/DYJetsToLL_M-50_TuneCP5_13TeV-amcatnloFXFX-pythia8/crab_DYJetsToLL_M-50_TuneCP5_13TeV-amcatnloFXFX-pythia8/240304_025521//0001/SSBTree_1050.root
Total number of events after merging root files: 247903
Event 0
Event 10000
Event 20000
Event 30000
Event 40000
Event 50000
Event 60000
Event 70000
Event 80000
Event 90000
Event 100000
Event 110000
Event 120000
Event 130000
Event 140000
Event 150000
Event 160000
Event 170000
Event 180000
Event 190000
Event 200000
Event 210000
Event 220000
Event 230000
Event 240000
Total processed number of events: 247903
End processing...

The number of options is: 2
Option 0 = ./TopMass_analysis
Option 1 = DYJetsToLL_M_50/DYJetsToLL_M_50_142.list
Option 2 = DYJetsToLL_M_50/DYJetsToLL_M_50_142.txt
Input filelist = DYJetsToLL_M_50/DYJetsToLL_M_50_142.list
Output file name = DYJetsToLL_M_50/DYJetsToLL_M_50_142.txt


start merging file(s)
adding: dcap://cluster142.knu.ac.kr//pnfs/knu.ac.kr/data/cms/store/user/sha/Run2FULL/2016PreVFP/MC/DYJetsToLL_M-50_TuneCP5_13TeV-amcatnloFXFX-pythia8/crab_DYJetsToLL_M-50_TuneCP5_13TeV-amcatnloFXFX-pythia8/240304_025521//0001/SSBTree_1411.root
adding: dcap://cluster142.knu.ac.kr//pnfs/knu.ac.kr/data/cms/store/user/sha/Run2FULL/2016PreVFP/MC/DYJetsToLL_M-50_TuneCP5_13TeV-amcatnloFXFX-pythia8/crab_DYJetsToLL_M-50_TuneCP5_13TeV-amcatnloFXFX-pythia8/240304_025521//0001/SSBTree_1412.root
adding: dcap://cluster142.knu.ac.kr//pnfs/knu.ac.kr/data/cms/store/user/sha/Run2FULL/2016PreVFP/MC/DYJetsToLL_M-50_TuneCP5_13TeV-amcatnloFXFX-pythia8/crab_DYJetsToLL_M-50_TuneCP5_13TeV-amcatnloFXFX-pythia8/240304_025521//0001/SSBTree_1413.root
adding: dcap://cluster142.knu.ac.kr//pnfs/knu.ac.kr/data/cms/store/user/sha/Run2FULL/2016PreVFP/MC/DYJetsToLL_M-50_TuneCP5_13TeV-amcatnloFXFX-pythia8/crab_DYJetsToLL_M-50_TuneCP5_13TeV-amcatnloFXFX-pythia8/240304_025521//0001/SSBTree_1414.root
adding: dcap://cluster142.knu.ac.kr//pnfs/knu.ac.kr/data/cms/store/user/sha/Run2FULL/2016PreVFP/MC/DYJetsToLL_M-50_TuneCP5_13TeV-amcatnloFXFX-pythia8/crab_DYJetsToLL_M-50_TuneCP5_13TeV-amcatnloFXFX-pythia8/240304_025521//0001/SSBTree_1415.root
adding: dcap://cluster142.knu.ac.kr//pnfs/knu.ac.kr/data/cms/store/user/sha/Run2FULL/2016PreVFP/MC/DYJetsToLL_M-50_TuneCP5_13TeV-amcatnloFXFX-pythia8/crab_DYJetsToLL_M-50_TuneCP5_13TeV-amcatnloFXFX-pythia8/240304_025521//0001/SSBTree_1416.root
adding: dcap://cluster142.knu.ac.kr//pnfs/knu.ac.kr/data/cms/store/user/sha/Run2FULL/2016PreVFP/MC/DYJetsToLL_M-50_TuneCP5_13TeV-amcatnloFXFX-pythia8/crab_DYJetsToLL_M-50_TuneCP5_13TeV-amcatnloFXFX-pythia8/240304_025521//0001/SSBTree_1417.root
adding: dcap://cluster142.knu.ac.kr//pnfs/knu.ac.kr/data/cms/store/user/sha/Run2FULL/2016PreVFP/MC/DYJetsToLL_M-50_TuneCP5_13TeV-amcatnloFXFX-pythia8/crab_DYJetsToLL_M-50_TuneCP5_13TeV-amcatnloFXFX-pythia8/240304_025521//0001/SSBTree_1418.root
adding: dcap://cluster142.knu.ac.kr//pnfs/knu.ac.kr/data/cms/store/user/sha/Run2FULL/2016PreVFP/MC/DYJetsToLL_M-50_TuneCP5_13TeV-amcatnloFXFX-pythia8/crab_DYJetsToLL_M-50_TuneCP5_13TeV-amcatnloFXFX-pythia8/240304_025521//0001/SSBTree_1419.root
adding: dcap://cluster142.knu.ac.kr//pnfs/knu.ac.kr/data/cms/store/user/sha/Run2FULL/2016PreVFP/MC/DYJetsToLL_M-50_TuneCP5_13TeV-amcatnloFXFX-pythia8/crab_DYJetsToLL_M-50_TuneCP5_13TeV-amcatnloFXFX-pythia8/240304_025521//0001/SSBTree_1420.root
Total number of events after merging root files: 247712
Event 0
Event 10000
Event 20000
Event 30000
Event 40000
Event 50000
Event 60000
Event 70000
Event 80000
Event 90000
Event 100000
Event 110000
Event 120000
Event 130000
Event 140000
Event 150000
Event 160000
Event 170000
Event 180000
Event 190000
Event 200000
Event 210000
Event 220000
Event 230000
Event 240000
Total processed number of events: 247712
End processing...

The number of options is: 2
Option 0 = ./TopMass_analysis
Option 1 = DYJetsToLL_M_50/DYJetsToLL_M_50_179.list
Option 2 = DYJetsToLL_M_50/DYJetsToLL_M_50_179.txt
Input filelist = DYJetsToLL_M_50/DYJetsToLL_M_50_179.list
Output file name = DYJetsToLL_M_50/DYJetsToLL_M_50_179.txt


start merging file(s)
adding: dcap://cluster142.knu.ac.kr//pnfs/knu.ac.kr/data/cms/store/user/sha/Run2FULL/2016PreVFP/MC/DYJetsToLL_M-50_TuneCP5_13TeV-amcatnloFXFX-pythia8/crab_DYJetsToLL_M-50_TuneCP5_13TeV-amcatnloFXFX-pythia8/240304_025521//0001/SSBTree_1781.root
adding: dcap://cluster142.knu.ac.kr//pnfs/knu.ac.kr/data/cms/store/user/sha/Run2FULL/2016PreVFP/MC/DYJetsToLL_M-50_TuneCP5_13TeV-amcatnloFXFX-pythia8/crab_DYJetsToLL_M-50_TuneCP5_13TeV-amcatnloFXFX-pythia8/240304_025521//0001/SSBTree_1782.root
adding: dcap://cluster142.knu.ac.kr//pnfs/knu.ac.kr/data/cms/store/user/sha/Run2FULL/2016PreVFP/MC/DYJetsToLL_M-50_TuneCP5_13TeV-amcatnloFXFX-pythia8/crab_DYJetsToLL_M-50_TuneCP5_13TeV-amcatnloFXFX-pythia8/240304_025521//0001/SSBTree_1783.root
adding: dcap://cluster142.knu.ac.kr//pnfs/knu.ac.kr/data/cms/store/user/sha/Run2FULL/2016PreVFP/MC/DYJetsToLL_M-50_TuneCP5_13TeV-amcatnloFXFX-pythia8/crab_DYJetsToLL_M-50_TuneCP5_13TeV-amcatnloFXFX-pythia8/240304_025521//0001/SSBTree_1784.root
adding: dcap://cluster142.knu.ac.kr//pnfs/knu.ac.kr/data/cms/store/user/sha/Run2FULL/2016PreVFP/MC/DYJetsToLL_M-50_TuneCP5_13TeV-amcatnloFXFX-pythia8/crab_DYJetsToLL_M-50_TuneCP5_13TeV-amcatnloFXFX-pythia8/240304_025521//0001/SSBTree_1785.root
adding: dcap://cluster142.knu.ac.kr//pnfs/knu.ac.kr/data/cms/store/user/sha/Run2FULL/2016PreVFP/MC/DYJetsToLL_M-50_TuneCP5_13TeV-amcatnloFXFX-pythia8/crab_DYJetsToLL_M-50_TuneCP5_13TeV-amcatnloFXFX-pythia8/240304_025521//0001/SSBTree_1786.root
adding: dcap://cluster142.knu.ac.kr//pnfs/knu.ac.kr/data/cms/store/user/sha/Run2FULL/2016PreVFP/MC/DYJetsToLL_M-50_TuneCP5_13TeV-amcatnloFXFX-pythia8/crab_DYJetsToLL_M-50_TuneCP5_13TeV-amcatnloFXFX-pythia8/240304_025521//0001/SSBTree_1787.root
adding: dcap://cluster142.knu.ac.kr//pnfs/knu.ac.kr/data/cms/store/user/sha/Run2FULL/2016PreVFP/MC/DYJetsToLL_M-50_TuneCP5_13TeV-amcatnloFXFX-pythia8/crab_DYJetsToLL_M-50_TuneCP5_13TeV-amcatnloFXFX-pythia8/240304_025521//0001/SSBTree_1788.root
adding: dcap://cluster142.knu.ac.kr//pnfs/knu.ac.kr/data/cms/store/user/sha/Run2FULL/2016PreVFP/MC/DYJetsToLL_M-50_TuneCP5_13TeV-amcatnloFXFX-pythia8/crab_DYJetsToLL_M-50_TuneCP5_13TeV-amcatnloFXFX-pythia8/240304_025521//0001/SSBTree_1789.root
adding: dcap://cluster142.knu.ac.kr//pnfs/knu.ac.kr/data/cms/store/user/sha/Run2FULL/2016PreVFP/MC/DYJetsToLL_M-50_TuneCP5_13TeV-amcatnloFXFX-pythia8/crab_DYJetsToLL_M-50_TuneCP5_13TeV-amcatnloFXFX-pythia8/240304_025521//0001/SSBTree_1790.root
Total number of events after merging root files: 247709
Event 0
Event 10000
Event 20000
Event 30000
Event 40000
Event 50000
Event 60000
Event 70000
Event 80000
Event 90000
Event 100000
Event 110000
Event 120000
Event 130000
Event 140000
Event 150000
Event 160000
Event 170000
Event 180000
Event 190000
Event 200000
Event 210000
Event 220000
Event 230000
Event 240000
Total processed number of events: 247709
End processing...

The number of options is: 2
Option 0 = ./TopMass_analysis
Option 1 = DYJetsToLL_M_50/DYJetsToLL_M_50_216.list
Option 2 = DYJetsToLL_M_50/DYJetsToLL_M_50_216.txt
Input filelist = DYJetsToLL_M_50/DYJetsToLL_M_50_216.list
Output file name = DYJetsToLL_M_50/DYJetsToLL_M_50_216.txt


start merging file(s)
adding: dcap://cluster142.knu.ac.kr//pnfs/knu.ac.kr/data/cms/store/user/sha/Run2FULL/2016PreVFP/MC/DYJetsToLL_M-50_TuneCP5_13TeV-amcatnloFXFX-pythia8/crab_DYJetsToLL_M-50_TuneCP5_13TeV-amcatnloFXFX-pythia8/240304_025521//0002/SSBTree_2151.root
adding: dcap://cluster142.knu.ac.kr//pnfs/knu.ac.kr/data/cms/store/user/sha/Run2FULL/2016PreVFP/MC/DYJetsToLL_M-50_TuneCP5_13TeV-amcatnloFXFX-pythia8/crab_DYJetsToLL_M-50_TuneCP5_13TeV-amcatnloFXFX-pythia8/240304_025521//0002/SSBTree_2152.root
adding: dcap://cluster142.knu.ac.kr//pnfs/knu.ac.kr/data/cms/store/user/sha/Run2FULL/2016PreVFP/MC/DYJetsToLL_M-50_TuneCP5_13TeV-amcatnloFXFX-pythia8/crab_DYJetsToLL_M-50_TuneCP5_13TeV-amcatnloFXFX-pythia8/240304_025521//0002/SSBTree_2153.root
adding: dcap://cluster142.knu.ac.kr//pnfs/knu.ac.kr/data/cms/store/user/sha/Run2FULL/2016PreVFP/MC/DYJetsToLL_M-50_TuneCP5_13TeV-amcatnloFXFX-pythia8/crab_DYJetsToLL_M-50_TuneCP5_13TeV-amcatnloFXFX-pythia8/240304_025521//0002/SSBTree_2154.root
adding: dcap://cluster142.knu.ac.kr//pnfs/knu.ac.kr/data/cms/store/user/sha/Run2FULL/2016PreVFP/MC/DYJetsToLL_M-50_TuneCP5_13TeV-amcatnloFXFX-pythia8/crab_DYJetsToLL_M-50_TuneCP5_13TeV-amcatnloFXFX-pythia8/240304_025521//0002/SSBTree_2155.root
adding: dcap://cluster142.knu.ac.kr//pnfs/knu.ac.kr/data/cms/store/user/sha/Run2FULL/2016PreVFP/MC/DYJetsToLL_M-50_TuneCP5_13TeV-amcatnloFXFX-pythia8/crab_DYJetsToLL_M-50_TuneCP5_13TeV-amcatnloFXFX-pythia8/240304_025521//0002/SSBTree_2156.root
adding: dcap://cluster142.knu.ac.kr//pnfs/knu.ac.kr/data/cms/store/user/sha/Run2FULL/2016PreVFP/MC/DYJetsToLL_M-50_TuneCP5_13TeV-amcatnloFXFX-pythia8/crab_DYJetsToLL_M-50_TuneCP5_13TeV-amcatnloFXFX-pythia8/240304_025521//0002/SSBTree_2157.root
adding: dcap://cluster142.knu.ac.kr//pnfs/knu.ac.kr/data/cms/store/user/sha/Run2FULL/2016PreVFP/MC/DYJetsToLL_M-50_TuneCP5_13TeV-amcatnloFXFX-pythia8/crab_DYJetsToLL_M-50_TuneCP5_13TeV-amcatnloFXFX-pythia8/240304_025521//0002/SSBTree_2158.root
adding: dcap://cluster142.knu.ac.kr//pnfs/knu.ac.kr/data/cms/store/user/sha/Run2FULL/2016PreVFP/MC/DYJetsToLL_M-50_TuneCP5_13TeV-amcatnloFXFX-pythia8/crab_DYJetsToLL_M-50_TuneCP5_13TeV-amcatnloFXFX-pythia8/240304_025521//0002/SSBTree_2159.root
adding: dcap://cluster142.knu.ac.kr//pnfs/knu.ac.kr/data/cms/store/user/sha/Run2FULL/2016PreVFP/MC/DYJetsToLL_M-50_TuneCP5_13TeV-amcatnloFXFX-pythia8/crab_DYJetsToLL_M-50_TuneCP5_13TeV-amcatnloFXFX-pythia8/240304_025521//0002/SSBTree_2160.root
Total number of events after merging root files: 248053
Event 0
Event 10000
Event 20000
Event 30000
Event 40000
Event 50000
Event 60000
Event 70000
Event 80000
Event 90000
Event 100000
Event 110000
Event 120000
Event 130000
Event 140000
Event 150000
Event 160000
Event 170000
Event 180000
Event 190000
Event 200000
Event 210000
Event 220000
Event 230000
Event 240000
Total processed number of events: 248053
End processing...

The number of options is: 2
Option 0 = ./TopMass_analysis
Option 1 = DYJetsToLL_M_50/DYJetsToLL_M_50_253.list
Option 2 = DYJetsToLL_M_50/DYJetsToLL_M_50_253.txt
Input filelist = DYJetsToLL_M_50/DYJetsToLL_M_50_253.list
Output file name = DYJetsToLL_M_50/DYJetsToLL_M_50_253.txt


start merging file(s)
adding: dcap://cluster142.knu.ac.kr//pnfs/knu.ac.kr/data/cms/store/user/sha/Run2FULL/2016PreVFP/MC/DYJetsToLL_M-50_TuneCP5_13TeV-amcatnloFXFX-pythia8/crab_DYJetsToLL_M-50_TuneCP5_13TeV-amcatnloFXFX-pythia8/240304_025521//0002/SSBTree_2521.root
adding: dcap://cluster142.knu.ac.kr//pnfs/knu.ac.kr/data/cms/store/user/sha/Run2FULL/2016PreVFP/MC/DYJetsToLL_M-50_TuneCP5_13TeV-amcatnloFXFX-pythia8/crab_DYJetsToLL_M-50_TuneCP5_13TeV-amcatnloFXFX-pythia8/240304_025521//0002/SSBTree_2522.root
adding: dcap://cluster142.knu.ac.kr//pnfs/knu.ac.kr/data/cms/store/user/sha/Run2FULL/2016PreVFP/MC/DYJetsToLL_M-50_TuneCP5_13TeV-amcatnloFXFX-pythia8/crab_DYJetsToLL_M-50_TuneCP5_13TeV-amcatnloFXFX-pythia8/240304_025521//0002/SSBTree_2523.root
adding: dcap://cluster142.knu.ac.kr//pnfs/knu.ac.kr/data/cms/store/user/sha/Run2FULL/2016PreVFP/MC/DYJetsToLL_M-50_TuneCP5_13TeV-amcatnloFXFX-pythia8/crab_DYJetsToLL_M-50_TuneCP5_13TeV-amcatnloFXFX-pythia8/240304_025521//0002/SSBTree_2524.root
adding: dcap://cluster142.knu.ac.kr//pnfs/knu.ac.kr/data/cms/store/user/sha/Run2FULL/2016PreVFP/MC/DYJetsToLL_M-50_TuneCP5_13TeV-amcatnloFXFX-pythia8/crab_DYJetsToLL_M-50_TuneCP5_13TeV-amcatnloFXFX-pythia8/240304_025521//0002/SSBTree_2525.root
adding: dcap://cluster142.knu.ac.kr//pnfs/knu.ac.kr/data/cms/store/user/sha/Run2FULL/2016PreVFP/MC/DYJetsToLL_M-50_TuneCP5_13TeV-amcatnloFXFX-pythia8/crab_DYJetsToLL_M-50_TuneCP5_13TeV-amcatnloFXFX-pythia8/240304_025521//0002/SSBTree_2526.root
adding: dcap://cluster142.knu.ac.kr//pnfs/knu.ac.kr/data/cms/store/user/sha/Run2FULL/2016PreVFP/MC/DYJetsToLL_M-50_TuneCP5_13TeV-amcatnloFXFX-pythia8/crab_DYJetsToLL_M-50_TuneCP5_13TeV-amcatnloFXFX-pythia8/240304_025521//0002/SSBTree_2527.root
adding: dcap://cluster142.knu.ac.kr//pnfs/knu.ac.kr/data/cms/store/user/sha/Run2FULL/2016PreVFP/MC/DYJetsToLL_M-50_TuneCP5_13TeV-amcatnloFXFX-pythia8/crab_DYJetsToLL_M-50_TuneCP5_13TeV-amcatnloFXFX-pythia8/240304_025521//0002/SSBTree_2528.root
adding: dcap://cluster142.knu.ac.kr//pnfs/knu.ac.kr/data/cms/store/user/sha/Run2FULL/2016PreVFP/MC/DYJetsToLL_M-50_TuneCP5_13TeV-amcatnloFXFX-pythia8/crab_DYJetsToLL_M-50_TuneCP5_13TeV-amcatnloFXFX-pythia8/240304_025521//0002/SSBTree_2529.root
adding: dcap://cluster142.knu.ac.kr//pnfs/knu.ac.kr/data/cms/store/user/sha/Run2FULL/2016PreVFP/MC/DYJetsToLL_M-50_TuneCP5_13TeV-amcatnloFXFX-pythia8/crab_DYJetsToLL_M-50_TuneCP5_13TeV-amcatnloFXFX-pythia8/240304_025521//0002/SSBTree_2530.root
Total number of events after merging root files: 248078
Event 0
Event 10000
Event 20000
Event 30000
Event 40000
Event 50000
Event 60000
Event 70000
Event 80000
Event 90000
Event 100000
Event 110000
Event 120000
Event 130000
Event 140000
Event 150000
Event 160000
Event 170000
Event 180000
Event 190000
Event 200000
Event 210000
Event 220000
Event 230000
Event 240000
Total processed number of events: 248078
End processing...

The number of options is: 2
Option 0 = ./TopMass_analysis
Option 1 = DYJetsToLL_M_50/DYJetsToLL_M_50_290.list
Option 2 = DYJetsToLL_M_50/DYJetsToLL_M_50_290.txt
Input filelist = DYJetsToLL_M_50/DYJetsToLL_M_50_290.list
Output file name = DYJetsToLL_M_50/DYJetsToLL_M_50_290.txt


start merging file(s)
adding: dcap://cluster142.knu.ac.kr//pnfs/knu.ac.kr/data/cms/store/user/sha/Run2FULL/2016PreVFP/MC/DYJetsToLL_M-50_TuneCP5_13TeV-amcatnloFXFX-pythia8/crab_DYJetsToLL_M-50_TuneCP5_13TeV-amcatnloFXFX-pythia8/240304_025521//0002/SSBTree_2891.root
adding: dcap://cluster142.knu.ac.kr//pnfs/knu.ac.kr/data/cms/store/user/sha/Run2FULL/2016PreVFP/MC/DYJetsToLL_M-50_TuneCP5_13TeV-amcatnloFXFX-pythia8/crab_DYJetsToLL_M-50_TuneCP5_13TeV-amcatnloFXFX-pythia8/240304_025521//0002/SSBTree_2892.root
adding: dcap://cluster142.knu.ac.kr//pnfs/knu.ac.kr/data/cms/store/user/sha/Run2FULL/2016PreVFP/MC/DYJetsToLL_M-50_TuneCP5_13TeV-amcatnloFXFX-pythia8/crab_DYJetsToLL_M-50_TuneCP5_13TeV-amcatnloFXFX-pythia8/240304_025521//0002/SSBTree_2893.root
adding: dcap://cluster142.knu.ac.kr//pnfs/knu.ac.kr/data/cms/store/user/sha/Run2FULL/2016PreVFP/MC/DYJetsToLL_M-50_TuneCP5_13TeV-amcatnloFXFX-pythia8/crab_DYJetsToLL_M-50_TuneCP5_13TeV-amcatnloFXFX-pythia8/240304_025521//0002/SSBTree_2894.root
adding: dcap://cluster142.knu.ac.kr//pnfs/knu.ac.kr/data/cms/store/user/sha/Run2FULL/2016PreVFP/MC/DYJetsToLL_M-50_TuneCP5_13TeV-amcatnloFXFX-pythia8/crab_DYJetsToLL_M-50_TuneCP5_13TeV-amcatnloFXFX-pythia8/240304_025521//0002/SSBTree_2895.root
adding: dcap://cluster142.knu.ac.kr//pnfs/knu.ac.kr/data/cms/store/user/sha/Run2FULL/2016PreVFP/MC/DYJetsToLL_M-50_TuneCP5_13TeV-amcatnloFXFX-pythia8/crab_DYJetsToLL_M-50_TuneCP5_13TeV-amcatnloFXFX-pythia8/240304_025521//0002/SSBTree_2896.root
adding: dcap://cluster142.knu.ac.kr//pnfs/knu.ac.kr/data/cms/store/user/sha/Run2FULL/2016PreVFP/MC/DYJetsToLL_M-50_TuneCP5_13TeV-amcatnloFXFX-pythia8/crab_DYJetsToLL_M-50_TuneCP5_13TeV-amcatnloFXFX-pythia8/240304_025521//0002/SSBTree_2897.root
adding: dcap://cluster142.knu.ac.kr//pnfs/knu.ac.kr/data/cms/store/user/sha/Run2FULL/2016PreVFP/MC/DYJetsToLL_M-50_TuneCP5_13TeV-amcatnloFXFX-pythia8/crab_DYJetsToLL_M-50_TuneCP5_13TeV-amcatnloFXFX-pythia8/240304_025521//0002/SSBTree_2898.root
adding: dcap://cluster142.knu.ac.kr//pnfs/knu.ac.kr/data/cms/store/user/sha/Run2FULL/2016PreVFP/MC/DYJetsToLL_M-50_TuneCP5_13TeV-amcatnloFXFX-pythia8/crab_DYJetsToLL_M-50_TuneCP5_13TeV-amcatnloFXFX-pythia8/240304_025521//0002/SSBTree_2899.root
adding: dcap://cluster142.knu.ac.kr//pnfs/knu.ac.kr/data/cms/store/user/sha/Run2FULL/2016PreVFP/MC/DYJetsToLL_M-50_TuneCP5_13TeV-amcatnloFXFX-pythia8/crab_DYJetsToLL_M-50_TuneCP5_13TeV-amcatnloFXFX-pythia8/240304_025521//0002/SSBTree_2900.root
Total number of events after merging root files: 247687
Event 0
Event 10000
Event 20000
Event 30000
Event 40000
Event 50000
Event 60000
Event 70000
Event 80000
Event 90000
Event 100000
Event 110000
Event 120000
Event 130000
Event 140000
Event 150000
Event 160000
Event 170000
Event 180000
Event 190000
Event 200000
Event 210000
Event 220000
Event 230000
Event 240000
Total processed number of events: 247687
End processing...

The number of options is: 2
Option 0 = ./TopMass_analysis
Option 1 = DYJetsToLL_M_50/DYJetsToLL_M_50_327.list
Option 2 = DYJetsToLL_M_50/DYJetsToLL_M_50_327.txt
Input filelist = DYJetsToLL_M_50/DYJetsToLL_M_50_327.list
Output file name = DYJetsToLL_M_50/DYJetsToLL_M_50_327.txt


start merging file(s)
adding: dcap://cluster142.knu.ac.kr//pnfs/knu.ac.kr/data/cms/store/user/sha/Run2FULL/2016PreVFP/MC/DYJetsToLL_M-50_TuneCP5_13TeV-amcatnloFXFX-pythia8/crab_DYJetsToLL_M-50_TuneCP5_13TeV-amcatnloFXFX-pythia8/240304_025521//0003/SSBTree_3261.root
adding: dcap://cluster142.knu.ac.kr//pnfs/knu.ac.kr/data/cms/store/user/sha/Run2FULL/2016PreVFP/MC/DYJetsToLL_M-50_TuneCP5_13TeV-amcatnloFXFX-pythia8/crab_DYJetsToLL_M-50_TuneCP5_13TeV-amcatnloFXFX-pythia8/240304_025521//0003/SSBTree_3262.root
adding: dcap://cluster142.knu.ac.kr//pnfs/knu.ac.kr/data/cms/store/user/sha/Run2FULL/2016PreVFP/MC/DYJetsToLL_M-50_TuneCP5_13TeV-amcatnloFXFX-pythia8/crab_DYJetsToLL_M-50_TuneCP5_13TeV-amcatnloFXFX-pythia8/240304_025521//0003/SSBTree_3263.root
adding: dcap://cluster142.knu.ac.kr//pnfs/knu.ac.kr/data/cms/store/user/sha/Run2FULL/2016PreVFP/MC/DYJetsToLL_M-50_TuneCP5_13TeV-amcatnloFXFX-pythia8/crab_DYJetsToLL_M-50_TuneCP5_13TeV-amcatnloFXFX-pythia8/240304_025521//0003/SSBTree_3264.root
adding: dcap://cluster142.knu.ac.kr//pnfs/knu.ac.kr/data/cms/store/user/sha/Run2FULL/2016PreVFP/MC/DYJetsToLL_M-50_TuneCP5_13TeV-amcatnloFXFX-pythia8/crab_DYJetsToLL_M-50_TuneCP5_13TeV-amcatnloFXFX-pythia8/240304_025521//0003/SSBTree_3265.root
adding: dcap://cluster142.knu.ac.kr//pnfs/knu.ac.kr/data/cms/store/user/sha/Run2FULL/2016PreVFP/MC/DYJetsToLL_M-50_TuneCP5_13TeV-amcatnloFXFX-pythia8/crab_DYJetsToLL_M-50_TuneCP5_13TeV-amcatnloFXFX-pythia8/240304_025521//0003/SSBTree_3266.root
adding: dcap://cluster142.knu.ac.kr//pnfs/knu.ac.kr/data/cms/store/user/sha/Run2FULL/2016PreVFP/MC/DYJetsToLL_M-50_TuneCP5_13TeV-amcatnloFXFX-pythia8/crab_DYJetsToLL_M-50_TuneCP5_13TeV-amcatnloFXFX-pythia8/240304_025521//0003/SSBTree_3267.root
adding: dcap://cluster142.knu.ac.kr//pnfs/knu.ac.kr/data/cms/store/user/sha/Run2FULL/2016PreVFP/MC/DYJetsToLL_M-50_TuneCP5_13TeV-amcatnloFXFX-pythia8/crab_DYJetsToLL_M-50_TuneCP5_13TeV-amcatnloFXFX-pythia8/240304_025521//0003/SSBTree_3268.root
adding: dcap://cluster142.knu.ac.kr//pnfs/knu.ac.kr/data/cms/store/user/sha/Run2FULL/2016PreVFP/MC/DYJetsToLL_M-50_TuneCP5_13TeV-amcatnloFXFX-pythia8/crab_DYJetsToLL_M-50_TuneCP5_13TeV-amcatnloFXFX-pythia8/240304_025521//0003/SSBTree_3269.root
adding: dcap://cluster142.knu.ac.kr//pnfs/knu.ac.kr/data/cms/store/user/sha/Run2FULL/2016PreVFP/MC/DYJetsToLL_M-50_TuneCP5_13TeV-amcatnloFXFX-pythia8/crab_DYJetsToLL_M-50_TuneCP5_13TeV-amcatnloFXFX-pythia8/240304_025521//0003/SSBTree_3270.root
Total number of events after merging root files: 247886
Event 0
Event 10000
Event 20000
Event 30000
Event 40000
Event 50000
Event 60000
Event 70000
Event 80000
Event 90000
Event 100000
Event 110000
Event 120000
Event 130000
Event 140000
Event 150000
Event 160000
Event 170000
Event 180000
Event 190000
Event 200000
Event 210000
Event 220000
Event 230000
Event 240000
Total processed number of events: 247886
End processing...

The number of options is: 2
Option 0 = ./TopMass_analysis
Option 1 = DYJetsToLL_M_50/DYJetsToLL_M_50_364.list
Option 2 = DYJetsToLL_M_50/DYJetsToLL_M_50_364.txt
Input filelist = DYJetsToLL_M_50/DYJetsToLL_M_50_364.list
Output file name = DYJetsToLL_M_50/DYJetsToLL_M_50_364.txt


start merging file(s)
adding: dcap://cluster142.knu.ac.kr//pnfs/knu.ac.kr/data/cms/store/user/sha/Run2FULL/2016PreVFP/MC/DYJetsToLL_M-50_TuneCP5_13TeV-amcatnloFXFX-pythia8/crab_DYJetsToLL_M-50_TuneCP5_13TeV-amcatnloFXFX-pythia8/240304_025521//0003/SSBTree_3631.root
adding: dcap://cluster142.knu.ac.kr//pnfs/knu.ac.kr/data/cms/store/user/sha/Run2FULL/2016PreVFP/MC/DYJetsToLL_M-50_TuneCP5_13TeV-amcatnloFXFX-pythia8/crab_DYJetsToLL_M-50_TuneCP5_13TeV-amcatnloFXFX-pythia8/240304_025521//0003/SSBTree_3632.root
adding: dcap://cluster142.knu.ac.kr//pnfs/knu.ac.kr/data/cms/store/user/sha/Run2FULL/2016PreVFP/MC/DYJetsToLL_M-50_TuneCP5_13TeV-amcatnloFXFX-pythia8/crab_DYJetsToLL_M-50_TuneCP5_13TeV-amcatnloFXFX-pythia8/240304_025521//0003/SSBTree_3633.root
adding: dcap://cluster142.knu.ac.kr//pnfs/knu.ac.kr/data/cms/store/user/sha/Run2FULL/2016PreVFP/MC/DYJetsToLL_M-50_TuneCP5_13TeV-amcatnloFXFX-pythia8/crab_DYJetsToLL_M-50_TuneCP5_13TeV-amcatnloFXFX-pythia8/240304_025521//0003/SSBTree_3634.root
adding: dcap://cluster142.knu.ac.kr//pnfs/knu.ac.kr/data/cms/store/user/sha/Run2FULL/2016PreVFP/MC/DYJetsToLL_M-50_TuneCP5_13TeV-amcatnloFXFX-pythia8/crab_DYJetsToLL_M-50_TuneCP5_13TeV-amcatnloFXFX-pythia8/240304_025521//0003/SSBTree_3635.root
adding: dcap://cluster142.knu.ac.kr//pnfs/knu.ac.kr/data/cms/store/user/sha/Run2FULL/2016PreVFP/MC/DYJetsToLL_M-50_TuneCP5_13TeV-amcatnloFXFX-pythia8/crab_DYJetsToLL_M-50_TuneCP5_13TeV-amcatnloFXFX-pythia8/240304_025521//0003/SSBTree_3636.root
adding: dcap://cluster142.knu.ac.kr//pnfs/knu.ac.kr/data/cms/store/user/sha/Run2FULL/2016PreVFP/MC/DYJetsToLL_M-50_TuneCP5_13TeV-amcatnloFXFX-pythia8/crab_DYJetsToLL_M-50_TuneCP5_13TeV-amcatnloFXFX-pythia8/240304_025521//0003/SSBTree_3637.root
adding: dcap://cluster142.knu.ac.kr//pnfs/knu.ac.kr/data/cms/store/user/sha/Run2FULL/2016PreVFP/MC/DYJetsToLL_M-50_TuneCP5_13TeV-amcatnloFXFX-pythia8/crab_DYJetsToLL_M-50_TuneCP5_13TeV-amcatnloFXFX-pythia8/240304_025521//0003/SSBTree_3638.root
adding: dcap://cluster142.knu.ac.kr//pnfs/knu.ac.kr/data/cms/store/user/sha/Run2FULL/2016PreVFP/MC/DYJetsToLL_M-50_TuneCP5_13TeV-amcatnloFXFX-pythia8/crab_DYJetsToLL_M-50_TuneCP5_13TeV-amcatnloFXFX-pythia8/240304_025521//0003/SSBTree_3639.root
adding: dcap://cluster142.knu.ac.kr//pnfs/knu.ac.kr/data/cms/store/user/sha/Run2FULL/2016PreVFP/MC/DYJetsToLL_M-50_TuneCP5_13TeV-amcatnloFXFX-pythia8/crab_DYJetsToLL_M-50_TuneCP5_13TeV-amcatnloFXFX-pythia8/240304_025521//0003/SSBTree_3640.root
Total number of events after merging root files: 247409
Event 0
Event 10000
Event 20000
Event 30000
Event 40000
Event 50000
Event 60000
Event 70000
Event 80000
Event 90000
Event 100000
Event 110000
Event 120000
Event 130000
Event 140000
Event 150000
Event 160000
Event 170000
Event 180000
Event 190000
Event 200000
Event 210000
Event 220000
Event 230000
Event 240000
Total processed number of events: 247409
End processing...

