The number of options is: 2
Option 0 = ./TopMass_analysis
Option 1 = DYJetsToLL_M_50/DYJetsToLL_M_50_22.list
Option 2 = DYJetsToLL_M_50/DYJetsToLL_M_50_22.txt
Input filelist = DYJetsToLL_M_50/DYJetsToLL_M_50_22.list
Output file name = DYJetsToLL_M_50/DYJetsToLL_M_50_22.txt


start merging file(s)
adding: dcap://cluster142.knu.ac.kr//pnfs/knu.ac.kr/data/cms/store/user/sha/Run2FULL/2016PreVFP/MC/DYJetsToLL_M-50_TuneCP5_13TeV-amcatnloFXFX-pythia8/crab_DYJetsToLL_M-50_TuneCP5_13TeV-amcatnloFXFX-pythia8/240304_025521//0000/SSBTree_290.root
adding: dcap://cluster142.knu.ac.kr//pnfs/knu.ac.kr/data/cms/store/user/sha/Run2FULL/2016PreVFP/MC/DYJetsToLL_M-50_TuneCP5_13TeV-amcatnloFXFX-pythia8/crab_DYJetsToLL_M-50_TuneCP5_13TeV-amcatnloFXFX-pythia8/240304_025521//0000/SSBTree_291.root
adding: dcap://cluster142.knu.ac.kr//pnfs/knu.ac.kr/data/cms/store/user/sha/Run2FULL/2016PreVFP/MC/DYJetsToLL_M-50_TuneCP5_13TeV-amcatnloFXFX-pythia8/crab_DYJetsToLL_M-50_TuneCP5_13TeV-amcatnloFXFX-pythia8/240304_025521//0000/SSBTree_292.root
adding: dcap://cluster142.knu.ac.kr//pnfs/knu.ac.kr/data/cms/store/user/sha/Run2FULL/2016PreVFP/MC/DYJetsToLL_M-50_TuneCP5_13TeV-amcatnloFXFX-pythia8/crab_DYJetsToLL_M-50_TuneCP5_13TeV-amcatnloFXFX-pythia8/240304_025521//0000/SSBTree_293.root
adding: dcap://cluster142.knu.ac.kr//pnfs/knu.ac.kr/data/cms/store/user/sha/Run2FULL/2016PreVFP/MC/DYJetsToLL_M-50_TuneCP5_13TeV-amcatnloFXFX-pythia8/crab_DYJetsToLL_M-50_TuneCP5_13TeV-amcatnloFXFX-pythia8/240304_025521//0000/SSBTree_294.root
adding: dcap://cluster142.knu.ac.kr//pnfs/knu.ac.kr/data/cms/store/user/sha/Run2FULL/2016PreVFP/MC/DYJetsToLL_M-50_TuneCP5_13TeV-amcatnloFXFX-pythia8/crab_DYJetsToLL_M-50_TuneCP5_13TeV-amcatnloFXFX-pythia8/240304_025521//0000/SSBTree_295.root
adding: dcap://cluster142.knu.ac.kr//pnfs/knu.ac.kr/data/cms/store/user/sha/Run2FULL/2016PreVFP/MC/DYJetsToLL_M-50_TuneCP5_13TeV-amcatnloFXFX-pythia8/crab_DYJetsToLL_M-50_TuneCP5_13TeV-amcatnloFXFX-pythia8/240304_025521//0000/SSBTree_296.root
adding: dcap://cluster142.knu.ac.kr//pnfs/knu.ac.kr/data/cms/store/user/sha/Run2FULL/2016PreVFP/MC/DYJetsToLL_M-50_TuneCP5_13TeV-amcatnloFXFX-pythia8/crab_DYJetsToLL_M-50_TuneCP5_13TeV-amcatnloFXFX-pythia8/240304_025521//0000/SSBTree_297.root
adding: dcap://cluster142.knu.ac.kr//pnfs/knu.ac.kr/data/cms/store/user/sha/Run2FULL/2016PreVFP/MC/DYJetsToLL_M-50_TuneCP5_13TeV-amcatnloFXFX-pythia8/crab_DYJetsToLL_M-50_TuneCP5_13TeV-amcatnloFXFX-pythia8/240304_025521//0000/SSBTree_298.root
adding: dcap://cluster142.knu.ac.kr//pnfs/knu.ac.kr/data/cms/store/user/sha/Run2FULL/2016PreVFP/MC/DYJetsToLL_M-50_TuneCP5_13TeV-amcatnloFXFX-pythia8/crab_DYJetsToLL_M-50_TuneCP5_13TeV-amcatnloFXFX-pythia8/240304_025521//0000/SSBTree_299.root
Total number of events after merging root files: 247904
Event 0
Event 10000
Event 20000
Event 30000
Event 40000
Event 50000
Event 60000
Event 70000
Event 80000
Event 90000
Event 100000
Event 110000
Event 120000
Event 130000
Event 140000
Event 150000
Event 160000
Event 170000
Event 180000
Event 190000
Event 200000
Event 210000
Event 220000
Event 230000
Event 240000
Total processed number of events: 247904
End processing...

The number of options is: 2
Option 0 = ./TopMass_analysis
Option 1 = DYJetsToLL_M_50/DYJetsToLL_M_50_59.list
Option 2 = DYJetsToLL_M_50/DYJetsToLL_M_50_59.txt
Input filelist = DYJetsToLL_M_50/DYJetsToLL_M_50_59.list
Output file name = DYJetsToLL_M_50/DYJetsToLL_M_50_59.txt


start merging file(s)
adding: dcap://cluster142.knu.ac.kr//pnfs/knu.ac.kr/data/cms/store/user/sha/Run2FULL/2016PreVFP/MC/DYJetsToLL_M-50_TuneCP5_13TeV-amcatnloFXFX-pythia8/crab_DYJetsToLL_M-50_TuneCP5_13TeV-amcatnloFXFX-pythia8/240304_025521//0000/SSBTree_623.root
adding: dcap://cluster142.knu.ac.kr//pnfs/knu.ac.kr/data/cms/store/user/sha/Run2FULL/2016PreVFP/MC/DYJetsToLL_M-50_TuneCP5_13TeV-amcatnloFXFX-pythia8/crab_DYJetsToLL_M-50_TuneCP5_13TeV-amcatnloFXFX-pythia8/240304_025521//0000/SSBTree_624.root
adding: dcap://cluster142.knu.ac.kr//pnfs/knu.ac.kr/data/cms/store/user/sha/Run2FULL/2016PreVFP/MC/DYJetsToLL_M-50_TuneCP5_13TeV-amcatnloFXFX-pythia8/crab_DYJetsToLL_M-50_TuneCP5_13TeV-amcatnloFXFX-pythia8/240304_025521//0000/SSBTree_625.root
adding: dcap://cluster142.knu.ac.kr//pnfs/knu.ac.kr/data/cms/store/user/sha/Run2FULL/2016PreVFP/MC/DYJetsToLL_M-50_TuneCP5_13TeV-amcatnloFXFX-pythia8/crab_DYJetsToLL_M-50_TuneCP5_13TeV-amcatnloFXFX-pythia8/240304_025521//0000/SSBTree_626.root
adding: dcap://cluster142.knu.ac.kr//pnfs/knu.ac.kr/data/cms/store/user/sha/Run2FULL/2016PreVFP/MC/DYJetsToLL_M-50_TuneCP5_13TeV-amcatnloFXFX-pythia8/crab_DYJetsToLL_M-50_TuneCP5_13TeV-amcatnloFXFX-pythia8/240304_025521//0000/SSBTree_627.root
adding: dcap://cluster142.knu.ac.kr//pnfs/knu.ac.kr/data/cms/store/user/sha/Run2FULL/2016PreVFP/MC/DYJetsToLL_M-50_TuneCP5_13TeV-amcatnloFXFX-pythia8/crab_DYJetsToLL_M-50_TuneCP5_13TeV-amcatnloFXFX-pythia8/240304_025521//0000/SSBTree_628.root
adding: dcap://cluster142.knu.ac.kr//pnfs/knu.ac.kr/data/cms/store/user/sha/Run2FULL/2016PreVFP/MC/DYJetsToLL_M-50_TuneCP5_13TeV-amcatnloFXFX-pythia8/crab_DYJetsToLL_M-50_TuneCP5_13TeV-amcatnloFXFX-pythia8/240304_025521//0000/SSBTree_629.root
adding: dcap://cluster142.knu.ac.kr//pnfs/knu.ac.kr/data/cms/store/user/sha/Run2FULL/2016PreVFP/MC/DYJetsToLL_M-50_TuneCP5_13TeV-amcatnloFXFX-pythia8/crab_DYJetsToLL_M-50_TuneCP5_13TeV-amcatnloFXFX-pythia8/240304_025521//0000/SSBTree_62.root
adding: dcap://cluster142.knu.ac.kr//pnfs/knu.ac.kr/data/cms/store/user/sha/Run2FULL/2016PreVFP/MC/DYJetsToLL_M-50_TuneCP5_13TeV-amcatnloFXFX-pythia8/crab_DYJetsToLL_M-50_TuneCP5_13TeV-amcatnloFXFX-pythia8/240304_025521//0000/SSBTree_630.root
adding: dcap://cluster142.knu.ac.kr//pnfs/knu.ac.kr/data/cms/store/user/sha/Run2FULL/2016PreVFP/MC/DYJetsToLL_M-50_TuneCP5_13TeV-amcatnloFXFX-pythia8/crab_DYJetsToLL_M-50_TuneCP5_13TeV-amcatnloFXFX-pythia8/240304_025521//0000/SSBTree_631.root
Total number of events after merging root files: 247983
Event 0
Event 10000
Event 20000
Event 30000
Event 40000
Event 50000
Event 60000
Event 70000
Event 80000
Event 90000
Event 100000
Event 110000
Event 120000
Event 130000
Event 140000
Event 150000
Event 160000
Event 170000
Event 180000
Event 190000
Event 200000
Event 210000
Event 220000
Event 230000
Event 240000
Total processed number of events: 247983
End processing...

The number of options is: 2
Option 0 = ./TopMass_analysis
Option 1 = DYJetsToLL_M_50/DYJetsToLL_M_50_96.list
Option 2 = DYJetsToLL_M_50/DYJetsToLL_M_50_96.txt
Input filelist = DYJetsToLL_M_50/DYJetsToLL_M_50_96.list
Output file name = DYJetsToLL_M_50/DYJetsToLL_M_50_96.txt


start merging file(s)
adding: dcap://cluster142.knu.ac.kr//pnfs/knu.ac.kr/data/cms/store/user/sha/Run2FULL/2016PreVFP/MC/DYJetsToLL_M-50_TuneCP5_13TeV-amcatnloFXFX-pythia8/crab_DYJetsToLL_M-50_TuneCP5_13TeV-amcatnloFXFX-pythia8/240304_025521//0000/SSBTree_957.root
adding: dcap://cluster142.knu.ac.kr//pnfs/knu.ac.kr/data/cms/store/user/sha/Run2FULL/2016PreVFP/MC/DYJetsToLL_M-50_TuneCP5_13TeV-amcatnloFXFX-pythia8/crab_DYJetsToLL_M-50_TuneCP5_13TeV-amcatnloFXFX-pythia8/240304_025521//0000/SSBTree_958.root
adding: dcap://cluster142.knu.ac.kr//pnfs/knu.ac.kr/data/cms/store/user/sha/Run2FULL/2016PreVFP/MC/DYJetsToLL_M-50_TuneCP5_13TeV-amcatnloFXFX-pythia8/crab_DYJetsToLL_M-50_TuneCP5_13TeV-amcatnloFXFX-pythia8/240304_025521//0000/SSBTree_959.root
adding: dcap://cluster142.knu.ac.kr//pnfs/knu.ac.kr/data/cms/store/user/sha/Run2FULL/2016PreVFP/MC/DYJetsToLL_M-50_TuneCP5_13TeV-amcatnloFXFX-pythia8/crab_DYJetsToLL_M-50_TuneCP5_13TeV-amcatnloFXFX-pythia8/240304_025521//0000/SSBTree_95.root
adding: dcap://cluster142.knu.ac.kr//pnfs/knu.ac.kr/data/cms/store/user/sha/Run2FULL/2016PreVFP/MC/DYJetsToLL_M-50_TuneCP5_13TeV-amcatnloFXFX-pythia8/crab_DYJetsToLL_M-50_TuneCP5_13TeV-amcatnloFXFX-pythia8/240304_025521//0000/SSBTree_960.root
adding: dcap://cluster142.knu.ac.kr//pnfs/knu.ac.kr/data/cms/store/user/sha/Run2FULL/2016PreVFP/MC/DYJetsToLL_M-50_TuneCP5_13TeV-amcatnloFXFX-pythia8/crab_DYJetsToLL_M-50_TuneCP5_13TeV-amcatnloFXFX-pythia8/240304_025521//0000/SSBTree_961.root
adding: dcap://cluster142.knu.ac.kr//pnfs/knu.ac.kr/data/cms/store/user/sha/Run2FULL/2016PreVFP/MC/DYJetsToLL_M-50_TuneCP5_13TeV-amcatnloFXFX-pythia8/crab_DYJetsToLL_M-50_TuneCP5_13TeV-amcatnloFXFX-pythia8/240304_025521//0000/SSBTree_962.root
adding: dcap://cluster142.knu.ac.kr//pnfs/knu.ac.kr/data/cms/store/user/sha/Run2FULL/2016PreVFP/MC/DYJetsToLL_M-50_TuneCP5_13TeV-amcatnloFXFX-pythia8/crab_DYJetsToLL_M-50_TuneCP5_13TeV-amcatnloFXFX-pythia8/240304_025521//0000/SSBTree_963.root
adding: dcap://cluster142.knu.ac.kr//pnfs/knu.ac.kr/data/cms/store/user/sha/Run2FULL/2016PreVFP/MC/DYJetsToLL_M-50_TuneCP5_13TeV-amcatnloFXFX-pythia8/crab_DYJetsToLL_M-50_TuneCP5_13TeV-amcatnloFXFX-pythia8/240304_025521//0000/SSBTree_964.root
adding: dcap://cluster142.knu.ac.kr//pnfs/knu.ac.kr/data/cms/store/user/sha/Run2FULL/2016PreVFP/MC/DYJetsToLL_M-50_TuneCP5_13TeV-amcatnloFXFX-pythia8/crab_DYJetsToLL_M-50_TuneCP5_13TeV-amcatnloFXFX-pythia8/240304_025521//0000/SSBTree_965.root
Total number of events after merging root files: 232995
Event 0
Event 10000
Event 20000
Event 30000
Event 40000
Event 50000
Event 60000
Event 70000
Event 80000
Event 90000
Event 100000
Event 110000
Event 120000
Event 130000
Event 140000
Event 150000
Event 160000
Event 170000
Event 180000
Event 190000
Event 200000
Event 210000
Event 220000
Event 230000
Total processed number of events: 232995
End processing...

The number of options is: 2
Option 0 = ./TopMass_analysis
Option 1 = DYJetsToLL_M_50/DYJetsToLL_M_50_133.list
Option 2 = DYJetsToLL_M_50/DYJetsToLL_M_50_133.txt
Input filelist = DYJetsToLL_M_50/DYJetsToLL_M_50_133.list
Output file name = DYJetsToLL_M_50/DYJetsToLL_M_50_133.txt


start merging file(s)
adding: dcap://cluster142.knu.ac.kr//pnfs/knu.ac.kr/data/cms/store/user/sha/Run2FULL/2016PreVFP/MC/DYJetsToLL_M-50_TuneCP5_13TeV-amcatnloFXFX-pythia8/crab_DYJetsToLL_M-50_TuneCP5_13TeV-amcatnloFXFX-pythia8/240304_025521//0001/SSBTree_1321.root
adding: dcap://cluster142.knu.ac.kr//pnfs/knu.ac.kr/data/cms/store/user/sha/Run2FULL/2016PreVFP/MC/DYJetsToLL_M-50_TuneCP5_13TeV-amcatnloFXFX-pythia8/crab_DYJetsToLL_M-50_TuneCP5_13TeV-amcatnloFXFX-pythia8/240304_025521//0001/SSBTree_1322.root
adding: dcap://cluster142.knu.ac.kr//pnfs/knu.ac.kr/data/cms/store/user/sha/Run2FULL/2016PreVFP/MC/DYJetsToLL_M-50_TuneCP5_13TeV-amcatnloFXFX-pythia8/crab_DYJetsToLL_M-50_TuneCP5_13TeV-amcatnloFXFX-pythia8/240304_025521//0001/SSBTree_1323.root
adding: dcap://cluster142.knu.ac.kr//pnfs/knu.ac.kr/data/cms/store/user/sha/Run2FULL/2016PreVFP/MC/DYJetsToLL_M-50_TuneCP5_13TeV-amcatnloFXFX-pythia8/crab_DYJetsToLL_M-50_TuneCP5_13TeV-amcatnloFXFX-pythia8/240304_025521//0001/SSBTree_1324.root
adding: dcap://cluster142.knu.ac.kr//pnfs/knu.ac.kr/data/cms/store/user/sha/Run2FULL/2016PreVFP/MC/DYJetsToLL_M-50_TuneCP5_13TeV-amcatnloFXFX-pythia8/crab_DYJetsToLL_M-50_TuneCP5_13TeV-amcatnloFXFX-pythia8/240304_025521//0001/SSBTree_1325.root
adding: dcap://cluster142.knu.ac.kr//pnfs/knu.ac.kr/data/cms/store/user/sha/Run2FULL/2016PreVFP/MC/DYJetsToLL_M-50_TuneCP5_13TeV-amcatnloFXFX-pythia8/crab_DYJetsToLL_M-50_TuneCP5_13TeV-amcatnloFXFX-pythia8/240304_025521//0001/SSBTree_1326.root
adding: dcap://cluster142.knu.ac.kr//pnfs/knu.ac.kr/data/cms/store/user/sha/Run2FULL/2016PreVFP/MC/DYJetsToLL_M-50_TuneCP5_13TeV-amcatnloFXFX-pythia8/crab_DYJetsToLL_M-50_TuneCP5_13TeV-amcatnloFXFX-pythia8/240304_025521//0001/SSBTree_1327.root
adding: dcap://cluster142.knu.ac.kr//pnfs/knu.ac.kr/data/cms/store/user/sha/Run2FULL/2016PreVFP/MC/DYJetsToLL_M-50_TuneCP5_13TeV-amcatnloFXFX-pythia8/crab_DYJetsToLL_M-50_TuneCP5_13TeV-amcatnloFXFX-pythia8/240304_025521//0001/SSBTree_1328.root
adding: dcap://cluster142.knu.ac.kr//pnfs/knu.ac.kr/data/cms/store/user/sha/Run2FULL/2016PreVFP/MC/DYJetsToLL_M-50_TuneCP5_13TeV-amcatnloFXFX-pythia8/crab_DYJetsToLL_M-50_TuneCP5_13TeV-amcatnloFXFX-pythia8/240304_025521//0001/SSBTree_1329.root
adding: dcap://cluster142.knu.ac.kr//pnfs/knu.ac.kr/data/cms/store/user/sha/Run2FULL/2016PreVFP/MC/DYJetsToLL_M-50_TuneCP5_13TeV-amcatnloFXFX-pythia8/crab_DYJetsToLL_M-50_TuneCP5_13TeV-amcatnloFXFX-pythia8/240304_025521//0001/SSBTree_1330.root
Total number of events after merging root files: 245389
Event 0
Event 10000
Event 20000
Event 30000
Event 40000
Event 50000
Event 60000
Event 70000
Event 80000
Event 90000
Event 100000
Event 110000
Event 120000
Event 130000
Event 140000
Event 150000
Event 160000
Event 170000
Event 180000
Event 190000
Event 200000
Event 210000
Event 220000
Event 230000
Event 240000
Total processed number of events: 245389
End processing...

The number of options is: 2
Option 0 = ./TopMass_analysis
Option 1 = DYJetsToLL_M_50/DYJetsToLL_M_50_170.list
Option 2 = DYJetsToLL_M_50/DYJetsToLL_M_50_170.txt
Input filelist = DYJetsToLL_M_50/DYJetsToLL_M_50_170.list
Output file name = DYJetsToLL_M_50/DYJetsToLL_M_50_170.txt


start merging file(s)
adding: dcap://cluster142.knu.ac.kr//pnfs/knu.ac.kr/data/cms/store/user/sha/Run2FULL/2016PreVFP/MC/DYJetsToLL_M-50_TuneCP5_13TeV-amcatnloFXFX-pythia8/crab_DYJetsToLL_M-50_TuneCP5_13TeV-amcatnloFXFX-pythia8/240304_025521//0001/SSBTree_1691.root
adding: dcap://cluster142.knu.ac.kr//pnfs/knu.ac.kr/data/cms/store/user/sha/Run2FULL/2016PreVFP/MC/DYJetsToLL_M-50_TuneCP5_13TeV-amcatnloFXFX-pythia8/crab_DYJetsToLL_M-50_TuneCP5_13TeV-amcatnloFXFX-pythia8/240304_025521//0001/SSBTree_1692.root
adding: dcap://cluster142.knu.ac.kr//pnfs/knu.ac.kr/data/cms/store/user/sha/Run2FULL/2016PreVFP/MC/DYJetsToLL_M-50_TuneCP5_13TeV-amcatnloFXFX-pythia8/crab_DYJetsToLL_M-50_TuneCP5_13TeV-amcatnloFXFX-pythia8/240304_025521//0001/SSBTree_1693.root
adding: dcap://cluster142.knu.ac.kr//pnfs/knu.ac.kr/data/cms/store/user/sha/Run2FULL/2016PreVFP/MC/DYJetsToLL_M-50_TuneCP5_13TeV-amcatnloFXFX-pythia8/crab_DYJetsToLL_M-50_TuneCP5_13TeV-amcatnloFXFX-pythia8/240304_025521//0001/SSBTree_1694.root
adding: dcap://cluster142.knu.ac.kr//pnfs/knu.ac.kr/data/cms/store/user/sha/Run2FULL/2016PreVFP/MC/DYJetsToLL_M-50_TuneCP5_13TeV-amcatnloFXFX-pythia8/crab_DYJetsToLL_M-50_TuneCP5_13TeV-amcatnloFXFX-pythia8/240304_025521//0001/SSBTree_1695.root
adding: dcap://cluster142.knu.ac.kr//pnfs/knu.ac.kr/data/cms/store/user/sha/Run2FULL/2016PreVFP/MC/DYJetsToLL_M-50_TuneCP5_13TeV-amcatnloFXFX-pythia8/crab_DYJetsToLL_M-50_TuneCP5_13TeV-amcatnloFXFX-pythia8/240304_025521//0001/SSBTree_1696.root
adding: dcap://cluster142.knu.ac.kr//pnfs/knu.ac.kr/data/cms/store/user/sha/Run2FULL/2016PreVFP/MC/DYJetsToLL_M-50_TuneCP5_13TeV-amcatnloFXFX-pythia8/crab_DYJetsToLL_M-50_TuneCP5_13TeV-amcatnloFXFX-pythia8/240304_025521//0001/SSBTree_1697.root
adding: dcap://cluster142.knu.ac.kr//pnfs/knu.ac.kr/data/cms/store/user/sha/Run2FULL/2016PreVFP/MC/DYJetsToLL_M-50_TuneCP5_13TeV-amcatnloFXFX-pythia8/crab_DYJetsToLL_M-50_TuneCP5_13TeV-amcatnloFXFX-pythia8/240304_025521//0001/SSBTree_1698.root
adding: dcap://cluster142.knu.ac.kr//pnfs/knu.ac.kr/data/cms/store/user/sha/Run2FULL/2016PreVFP/MC/DYJetsToLL_M-50_TuneCP5_13TeV-amcatnloFXFX-pythia8/crab_DYJetsToLL_M-50_TuneCP5_13TeV-amcatnloFXFX-pythia8/240304_025521//0001/SSBTree_1699.root
adding: dcap://cluster142.knu.ac.kr//pnfs/knu.ac.kr/data/cms/store/user/sha/Run2FULL/2016PreVFP/MC/DYJetsToLL_M-50_TuneCP5_13TeV-amcatnloFXFX-pythia8/crab_DYJetsToLL_M-50_TuneCP5_13TeV-amcatnloFXFX-pythia8/240304_025521//0001/SSBTree_1700.root
Total number of events after merging root files: 248112
Event 0
Event 10000
Event 20000
Event 30000
Event 40000
Event 50000
Event 60000
Event 70000
Event 80000
Event 90000
Event 100000
Event 110000
Event 120000
Event 130000
Event 140000
Event 150000
Event 160000
Event 170000
Event 180000
Event 190000
Event 200000
Event 210000
Event 220000
Event 230000
Event 240000
Total processed number of events: 248112
End processing...

The number of options is: 2
Option 0 = ./TopMass_analysis
Option 1 = DYJetsToLL_M_50/DYJetsToLL_M_50_207.list
Option 2 = DYJetsToLL_M_50/DYJetsToLL_M_50_207.txt
Input filelist = DYJetsToLL_M_50/DYJetsToLL_M_50_207.list
Output file name = DYJetsToLL_M_50/DYJetsToLL_M_50_207.txt


start merging file(s)
adding: dcap://cluster142.knu.ac.kr//pnfs/knu.ac.kr/data/cms/store/user/sha/Run2FULL/2016PreVFP/MC/DYJetsToLL_M-50_TuneCP5_13TeV-amcatnloFXFX-pythia8/crab_DYJetsToLL_M-50_TuneCP5_13TeV-amcatnloFXFX-pythia8/240304_025521//0002/SSBTree_2061.root
adding: dcap://cluster142.knu.ac.kr//pnfs/knu.ac.kr/data/cms/store/user/sha/Run2FULL/2016PreVFP/MC/DYJetsToLL_M-50_TuneCP5_13TeV-amcatnloFXFX-pythia8/crab_DYJetsToLL_M-50_TuneCP5_13TeV-amcatnloFXFX-pythia8/240304_025521//0002/SSBTree_2062.root
adding: dcap://cluster142.knu.ac.kr//pnfs/knu.ac.kr/data/cms/store/user/sha/Run2FULL/2016PreVFP/MC/DYJetsToLL_M-50_TuneCP5_13TeV-amcatnloFXFX-pythia8/crab_DYJetsToLL_M-50_TuneCP5_13TeV-amcatnloFXFX-pythia8/240304_025521//0002/SSBTree_2063.root
adding: dcap://cluster142.knu.ac.kr//pnfs/knu.ac.kr/data/cms/store/user/sha/Run2FULL/2016PreVFP/MC/DYJetsToLL_M-50_TuneCP5_13TeV-amcatnloFXFX-pythia8/crab_DYJetsToLL_M-50_TuneCP5_13TeV-amcatnloFXFX-pythia8/240304_025521//0002/SSBTree_2064.root
adding: dcap://cluster142.knu.ac.kr//pnfs/knu.ac.kr/data/cms/store/user/sha/Run2FULL/2016PreVFP/MC/DYJetsToLL_M-50_TuneCP5_13TeV-amcatnloFXFX-pythia8/crab_DYJetsToLL_M-50_TuneCP5_13TeV-amcatnloFXFX-pythia8/240304_025521//0002/SSBTree_2065.root
adding: dcap://cluster142.knu.ac.kr//pnfs/knu.ac.kr/data/cms/store/user/sha/Run2FULL/2016PreVFP/MC/DYJetsToLL_M-50_TuneCP5_13TeV-amcatnloFXFX-pythia8/crab_DYJetsToLL_M-50_TuneCP5_13TeV-amcatnloFXFX-pythia8/240304_025521//0002/SSBTree_2066.root
adding: dcap://cluster142.knu.ac.kr//pnfs/knu.ac.kr/data/cms/store/user/sha/Run2FULL/2016PreVFP/MC/DYJetsToLL_M-50_TuneCP5_13TeV-amcatnloFXFX-pythia8/crab_DYJetsToLL_M-50_TuneCP5_13TeV-amcatnloFXFX-pythia8/240304_025521//0002/SSBTree_2067.root
adding: dcap://cluster142.knu.ac.kr//pnfs/knu.ac.kr/data/cms/store/user/sha/Run2FULL/2016PreVFP/MC/DYJetsToLL_M-50_TuneCP5_13TeV-amcatnloFXFX-pythia8/crab_DYJetsToLL_M-50_TuneCP5_13TeV-amcatnloFXFX-pythia8/240304_025521//0002/SSBTree_2068.root
adding: dcap://cluster142.knu.ac.kr//pnfs/knu.ac.kr/data/cms/store/user/sha/Run2FULL/2016PreVFP/MC/DYJetsToLL_M-50_TuneCP5_13TeV-amcatnloFXFX-pythia8/crab_DYJetsToLL_M-50_TuneCP5_13TeV-amcatnloFXFX-pythia8/240304_025521//0002/SSBTree_2069.root
adding: dcap://cluster142.knu.ac.kr//pnfs/knu.ac.kr/data/cms/store/user/sha/Run2FULL/2016PreVFP/MC/DYJetsToLL_M-50_TuneCP5_13TeV-amcatnloFXFX-pythia8/crab_DYJetsToLL_M-50_TuneCP5_13TeV-amcatnloFXFX-pythia8/240304_025521//0002/SSBTree_2070.root
Total number of events after merging root files: 247566
Event 0
Event 10000
Event 20000
Event 30000
Event 40000
Event 50000
Event 60000
Event 70000
Event 80000
Event 90000
Event 100000
Event 110000
Event 120000
Event 130000
Event 140000
Event 150000
Event 160000
Event 170000
Event 180000
Event 190000
Event 200000
Event 210000
Event 220000
Event 230000
Event 240000
Total processed number of events: 247566
End processing...

The number of options is: 2
Option 0 = ./TopMass_analysis
Option 1 = DYJetsToLL_M_50/DYJetsToLL_M_50_244.list
Option 2 = DYJetsToLL_M_50/DYJetsToLL_M_50_244.txt
Input filelist = DYJetsToLL_M_50/DYJetsToLL_M_50_244.list
Output file name = DYJetsToLL_M_50/DYJetsToLL_M_50_244.txt


start merging file(s)
adding: dcap://cluster142.knu.ac.kr//pnfs/knu.ac.kr/data/cms/store/user/sha/Run2FULL/2016PreVFP/MC/DYJetsToLL_M-50_TuneCP5_13TeV-amcatnloFXFX-pythia8/crab_DYJetsToLL_M-50_TuneCP5_13TeV-amcatnloFXFX-pythia8/240304_025521//0002/SSBTree_2431.root
adding: dcap://cluster142.knu.ac.kr//pnfs/knu.ac.kr/data/cms/store/user/sha/Run2FULL/2016PreVFP/MC/DYJetsToLL_M-50_TuneCP5_13TeV-amcatnloFXFX-pythia8/crab_DYJetsToLL_M-50_TuneCP5_13TeV-amcatnloFXFX-pythia8/240304_025521//0002/SSBTree_2432.root
adding: dcap://cluster142.knu.ac.kr//pnfs/knu.ac.kr/data/cms/store/user/sha/Run2FULL/2016PreVFP/MC/DYJetsToLL_M-50_TuneCP5_13TeV-amcatnloFXFX-pythia8/crab_DYJetsToLL_M-50_TuneCP5_13TeV-amcatnloFXFX-pythia8/240304_025521//0002/SSBTree_2433.root
adding: dcap://cluster142.knu.ac.kr//pnfs/knu.ac.kr/data/cms/store/user/sha/Run2FULL/2016PreVFP/MC/DYJetsToLL_M-50_TuneCP5_13TeV-amcatnloFXFX-pythia8/crab_DYJetsToLL_M-50_TuneCP5_13TeV-amcatnloFXFX-pythia8/240304_025521//0002/SSBTree_2434.root
adding: dcap://cluster142.knu.ac.kr//pnfs/knu.ac.kr/data/cms/store/user/sha/Run2FULL/2016PreVFP/MC/DYJetsToLL_M-50_TuneCP5_13TeV-amcatnloFXFX-pythia8/crab_DYJetsToLL_M-50_TuneCP5_13TeV-amcatnloFXFX-pythia8/240304_025521//0002/SSBTree_2435.root
adding: dcap://cluster142.knu.ac.kr//pnfs/knu.ac.kr/data/cms/store/user/sha/Run2FULL/2016PreVFP/MC/DYJetsToLL_M-50_TuneCP5_13TeV-amcatnloFXFX-pythia8/crab_DYJetsToLL_M-50_TuneCP5_13TeV-amcatnloFXFX-pythia8/240304_025521//0002/SSBTree_2436.root
adding: dcap://cluster142.knu.ac.kr//pnfs/knu.ac.kr/data/cms/store/user/sha/Run2FULL/2016PreVFP/MC/DYJetsToLL_M-50_TuneCP5_13TeV-amcatnloFXFX-pythia8/crab_DYJetsToLL_M-50_TuneCP5_13TeV-amcatnloFXFX-pythia8/240304_025521//0002/SSBTree_2437.root
adding: dcap://cluster142.knu.ac.kr//pnfs/knu.ac.kr/data/cms/store/user/sha/Run2FULL/2016PreVFP/MC/DYJetsToLL_M-50_TuneCP5_13TeV-amcatnloFXFX-pythia8/crab_DYJetsToLL_M-50_TuneCP5_13TeV-amcatnloFXFX-pythia8/240304_025521//0002/SSBTree_2438.root
adding: dcap://cluster142.knu.ac.kr//pnfs/knu.ac.kr/data/cms/store/user/sha/Run2FULL/2016PreVFP/MC/DYJetsToLL_M-50_TuneCP5_13TeV-amcatnloFXFX-pythia8/crab_DYJetsToLL_M-50_TuneCP5_13TeV-amcatnloFXFX-pythia8/240304_025521//0002/SSBTree_2439.root
adding: dcap://cluster142.knu.ac.kr//pnfs/knu.ac.kr/data/cms/store/user/sha/Run2FULL/2016PreVFP/MC/DYJetsToLL_M-50_TuneCP5_13TeV-amcatnloFXFX-pythia8/crab_DYJetsToLL_M-50_TuneCP5_13TeV-amcatnloFXFX-pythia8/240304_025521//0002/SSBTree_2440.root
Total number of events after merging root files: 248016
Event 0
Event 10000
Event 20000
Event 30000
Event 40000
Event 50000
Event 60000
Event 70000
Event 80000
Event 90000
Event 100000
Event 110000
Event 120000
Event 130000
Event 140000
Event 150000
Event 160000
Event 170000
Event 180000
Event 190000
Event 200000
Event 210000
Event 220000
Event 230000
Event 240000
Total processed number of events: 248016
End processing...

The number of options is: 2
Option 0 = ./TopMass_analysis
Option 1 = DYJetsToLL_M_50/DYJetsToLL_M_50_281.list
Option 2 = DYJetsToLL_M_50/DYJetsToLL_M_50_281.txt
Input filelist = DYJetsToLL_M_50/DYJetsToLL_M_50_281.list
Output file name = DYJetsToLL_M_50/DYJetsToLL_M_50_281.txt


start merging file(s)
adding: dcap://cluster142.knu.ac.kr//pnfs/knu.ac.kr/data/cms/store/user/sha/Run2FULL/2016PreVFP/MC/DYJetsToLL_M-50_TuneCP5_13TeV-amcatnloFXFX-pythia8/crab_DYJetsToLL_M-50_TuneCP5_13TeV-amcatnloFXFX-pythia8/240304_025521//0002/SSBTree_2801.root
adding: dcap://cluster142.knu.ac.kr//pnfs/knu.ac.kr/data/cms/store/user/sha/Run2FULL/2016PreVFP/MC/DYJetsToLL_M-50_TuneCP5_13TeV-amcatnloFXFX-pythia8/crab_DYJetsToLL_M-50_TuneCP5_13TeV-amcatnloFXFX-pythia8/240304_025521//0002/SSBTree_2802.root
adding: dcap://cluster142.knu.ac.kr//pnfs/knu.ac.kr/data/cms/store/user/sha/Run2FULL/2016PreVFP/MC/DYJetsToLL_M-50_TuneCP5_13TeV-amcatnloFXFX-pythia8/crab_DYJetsToLL_M-50_TuneCP5_13TeV-amcatnloFXFX-pythia8/240304_025521//0002/SSBTree_2803.root
adding: dcap://cluster142.knu.ac.kr//pnfs/knu.ac.kr/data/cms/store/user/sha/Run2FULL/2016PreVFP/MC/DYJetsToLL_M-50_TuneCP5_13TeV-amcatnloFXFX-pythia8/crab_DYJetsToLL_M-50_TuneCP5_13TeV-amcatnloFXFX-pythia8/240304_025521//0002/SSBTree_2804.root
adding: dcap://cluster142.knu.ac.kr//pnfs/knu.ac.kr/data/cms/store/user/sha/Run2FULL/2016PreVFP/MC/DYJetsToLL_M-50_TuneCP5_13TeV-amcatnloFXFX-pythia8/crab_DYJetsToLL_M-50_TuneCP5_13TeV-amcatnloFXFX-pythia8/240304_025521//0002/SSBTree_2805.root
adding: dcap://cluster142.knu.ac.kr//pnfs/knu.ac.kr/data/cms/store/user/sha/Run2FULL/2016PreVFP/MC/DYJetsToLL_M-50_TuneCP5_13TeV-amcatnloFXFX-pythia8/crab_DYJetsToLL_M-50_TuneCP5_13TeV-amcatnloFXFX-pythia8/240304_025521//0002/SSBTree_2806.root
adding: dcap://cluster142.knu.ac.kr//pnfs/knu.ac.kr/data/cms/store/user/sha/Run2FULL/2016PreVFP/MC/DYJetsToLL_M-50_TuneCP5_13TeV-amcatnloFXFX-pythia8/crab_DYJetsToLL_M-50_TuneCP5_13TeV-amcatnloFXFX-pythia8/240304_025521//0002/SSBTree_2807.root
adding: dcap://cluster142.knu.ac.kr//pnfs/knu.ac.kr/data/cms/store/user/sha/Run2FULL/2016PreVFP/MC/DYJetsToLL_M-50_TuneCP5_13TeV-amcatnloFXFX-pythia8/crab_DYJetsToLL_M-50_TuneCP5_13TeV-amcatnloFXFX-pythia8/240304_025521//0002/SSBTree_2808.root
adding: dcap://cluster142.knu.ac.kr//pnfs/knu.ac.kr/data/cms/store/user/sha/Run2FULL/2016PreVFP/MC/DYJetsToLL_M-50_TuneCP5_13TeV-amcatnloFXFX-pythia8/crab_DYJetsToLL_M-50_TuneCP5_13TeV-amcatnloFXFX-pythia8/240304_025521//0002/SSBTree_2809.root
adding: dcap://cluster142.knu.ac.kr//pnfs/knu.ac.kr/data/cms/store/user/sha/Run2FULL/2016PreVFP/MC/DYJetsToLL_M-50_TuneCP5_13TeV-amcatnloFXFX-pythia8/crab_DYJetsToLL_M-50_TuneCP5_13TeV-amcatnloFXFX-pythia8/240304_025521//0002/SSBTree_2810.root
Total number of events after merging root files: 248336
Event 0
Event 10000
Event 20000
Event 30000
Event 40000
Event 50000
Event 60000
Event 70000
Event 80000
Event 90000
Event 100000
Event 110000
Event 120000
Event 130000
Event 140000
Event 150000
Event 160000
Event 170000
Event 180000
Event 190000
Event 200000
Event 210000
Event 220000
Event 230000
Event 240000
Total processed number of events: 248336
End processing...

The number of options is: 2
Option 0 = ./TopMass_analysis
Option 1 = DYJetsToLL_M_50/DYJetsToLL_M_50_318.list
Option 2 = DYJetsToLL_M_50/DYJetsToLL_M_50_318.txt
Input filelist = DYJetsToLL_M_50/DYJetsToLL_M_50_318.list
Output file name = DYJetsToLL_M_50/DYJetsToLL_M_50_318.txt


start merging file(s)
adding: dcap://cluster142.knu.ac.kr//pnfs/knu.ac.kr/data/cms/store/user/sha/Run2FULL/2016PreVFP/MC/DYJetsToLL_M-50_TuneCP5_13TeV-amcatnloFXFX-pythia8/crab_DYJetsToLL_M-50_TuneCP5_13TeV-amcatnloFXFX-pythia8/240304_025521//0003/SSBTree_3171.root
adding: dcap://cluster142.knu.ac.kr//pnfs/knu.ac.kr/data/cms/store/user/sha/Run2FULL/2016PreVFP/MC/DYJetsToLL_M-50_TuneCP5_13TeV-amcatnloFXFX-pythia8/crab_DYJetsToLL_M-50_TuneCP5_13TeV-amcatnloFXFX-pythia8/240304_025521//0003/SSBTree_3172.root
adding: dcap://cluster142.knu.ac.kr//pnfs/knu.ac.kr/data/cms/store/user/sha/Run2FULL/2016PreVFP/MC/DYJetsToLL_M-50_TuneCP5_13TeV-amcatnloFXFX-pythia8/crab_DYJetsToLL_M-50_TuneCP5_13TeV-amcatnloFXFX-pythia8/240304_025521//0003/SSBTree_3173.root
adding: dcap://cluster142.knu.ac.kr//pnfs/knu.ac.kr/data/cms/store/user/sha/Run2FULL/2016PreVFP/MC/DYJetsToLL_M-50_TuneCP5_13TeV-amcatnloFXFX-pythia8/crab_DYJetsToLL_M-50_TuneCP5_13TeV-amcatnloFXFX-pythia8/240304_025521//0003/SSBTree_3174.root
adding: dcap://cluster142.knu.ac.kr//pnfs/knu.ac.kr/data/cms/store/user/sha/Run2FULL/2016PreVFP/MC/DYJetsToLL_M-50_TuneCP5_13TeV-amcatnloFXFX-pythia8/crab_DYJetsToLL_M-50_TuneCP5_13TeV-amcatnloFXFX-pythia8/240304_025521//0003/SSBTree_3175.root
adding: dcap://cluster142.knu.ac.kr//pnfs/knu.ac.kr/data/cms/store/user/sha/Run2FULL/2016PreVFP/MC/DYJetsToLL_M-50_TuneCP5_13TeV-amcatnloFXFX-pythia8/crab_DYJetsToLL_M-50_TuneCP5_13TeV-amcatnloFXFX-pythia8/240304_025521//0003/SSBTree_3176.root
adding: dcap://cluster142.knu.ac.kr//pnfs/knu.ac.kr/data/cms/store/user/sha/Run2FULL/2016PreVFP/MC/DYJetsToLL_M-50_TuneCP5_13TeV-amcatnloFXFX-pythia8/crab_DYJetsToLL_M-50_TuneCP5_13TeV-amcatnloFXFX-pythia8/240304_025521//0003/SSBTree_3177.root
adding: dcap://cluster142.knu.ac.kr//pnfs/knu.ac.kr/data/cms/store/user/sha/Run2FULL/2016PreVFP/MC/DYJetsToLL_M-50_TuneCP5_13TeV-amcatnloFXFX-pythia8/crab_DYJetsToLL_M-50_TuneCP5_13TeV-amcatnloFXFX-pythia8/240304_025521//0003/SSBTree_3178.root
adding: dcap://cluster142.knu.ac.kr//pnfs/knu.ac.kr/data/cms/store/user/sha/Run2FULL/2016PreVFP/MC/DYJetsToLL_M-50_TuneCP5_13TeV-amcatnloFXFX-pythia8/crab_DYJetsToLL_M-50_TuneCP5_13TeV-amcatnloFXFX-pythia8/240304_025521//0003/SSBTree_3179.root
adding: dcap://cluster142.knu.ac.kr//pnfs/knu.ac.kr/data/cms/store/user/sha/Run2FULL/2016PreVFP/MC/DYJetsToLL_M-50_TuneCP5_13TeV-amcatnloFXFX-pythia8/crab_DYJetsToLL_M-50_TuneCP5_13TeV-amcatnloFXFX-pythia8/240304_025521//0003/SSBTree_3180.root
Total number of events after merging root files: 247517
Event 0
Event 10000
Event 20000
Event 30000
Event 40000
Event 50000
Event 60000
Event 70000
Event 80000
Event 90000
Event 100000
Event 110000
Event 120000
Event 130000
Event 140000
Event 150000
Event 160000
Event 170000
Event 180000
Event 190000
Event 200000
Event 210000
Event 220000
Event 230000
Event 240000
Total processed number of events: 247517
End processing...

The number of options is: 2
Option 0 = ./TopMass_analysis
Option 1 = DYJetsToLL_M_50/DYJetsToLL_M_50_355.list
Option 2 = DYJetsToLL_M_50/DYJetsToLL_M_50_355.txt
Input filelist = DYJetsToLL_M_50/DYJetsToLL_M_50_355.list
Output file name = DYJetsToLL_M_50/DYJetsToLL_M_50_355.txt


start merging file(s)
adding: dcap://cluster142.knu.ac.kr//pnfs/knu.ac.kr/data/cms/store/user/sha/Run2FULL/2016PreVFP/MC/DYJetsToLL_M-50_TuneCP5_13TeV-amcatnloFXFX-pythia8/crab_DYJetsToLL_M-50_TuneCP5_13TeV-amcatnloFXFX-pythia8/240304_025521//0003/SSBTree_3541.root
adding: dcap://cluster142.knu.ac.kr//pnfs/knu.ac.kr/data/cms/store/user/sha/Run2FULL/2016PreVFP/MC/DYJetsToLL_M-50_TuneCP5_13TeV-amcatnloFXFX-pythia8/crab_DYJetsToLL_M-50_TuneCP5_13TeV-amcatnloFXFX-pythia8/240304_025521//0003/SSBTree_3542.root
adding: dcap://cluster142.knu.ac.kr//pnfs/knu.ac.kr/data/cms/store/user/sha/Run2FULL/2016PreVFP/MC/DYJetsToLL_M-50_TuneCP5_13TeV-amcatnloFXFX-pythia8/crab_DYJetsToLL_M-50_TuneCP5_13TeV-amcatnloFXFX-pythia8/240304_025521//0003/SSBTree_3543.root
adding: dcap://cluster142.knu.ac.kr//pnfs/knu.ac.kr/data/cms/store/user/sha/Run2FULL/2016PreVFP/MC/DYJetsToLL_M-50_TuneCP5_13TeV-amcatnloFXFX-pythia8/crab_DYJetsToLL_M-50_TuneCP5_13TeV-amcatnloFXFX-pythia8/240304_025521//0003/SSBTree_3544.root
adding: dcap://cluster142.knu.ac.kr//pnfs/knu.ac.kr/data/cms/store/user/sha/Run2FULL/2016PreVFP/MC/DYJetsToLL_M-50_TuneCP5_13TeV-amcatnloFXFX-pythia8/crab_DYJetsToLL_M-50_TuneCP5_13TeV-amcatnloFXFX-pythia8/240304_025521//0003/SSBTree_3545.root
adding: dcap://cluster142.knu.ac.kr//pnfs/knu.ac.kr/data/cms/store/user/sha/Run2FULL/2016PreVFP/MC/DYJetsToLL_M-50_TuneCP5_13TeV-amcatnloFXFX-pythia8/crab_DYJetsToLL_M-50_TuneCP5_13TeV-amcatnloFXFX-pythia8/240304_025521//0003/SSBTree_3546.root
adding: dcap://cluster142.knu.ac.kr//pnfs/knu.ac.kr/data/cms/store/user/sha/Run2FULL/2016PreVFP/MC/DYJetsToLL_M-50_TuneCP5_13TeV-amcatnloFXFX-pythia8/crab_DYJetsToLL_M-50_TuneCP5_13TeV-amcatnloFXFX-pythia8/240304_025521//0003/SSBTree_3547.root
adding: dcap://cluster142.knu.ac.kr//pnfs/knu.ac.kr/data/cms/store/user/sha/Run2FULL/2016PreVFP/MC/DYJetsToLL_M-50_TuneCP5_13TeV-amcatnloFXFX-pythia8/crab_DYJetsToLL_M-50_TuneCP5_13TeV-amcatnloFXFX-pythia8/240304_025521//0003/SSBTree_3548.root
adding: dcap://cluster142.knu.ac.kr//pnfs/knu.ac.kr/data/cms/store/user/sha/Run2FULL/2016PreVFP/MC/DYJetsToLL_M-50_TuneCP5_13TeV-amcatnloFXFX-pythia8/crab_DYJetsToLL_M-50_TuneCP5_13TeV-amcatnloFXFX-pythia8/240304_025521//0003/SSBTree_3549.root
adding: dcap://cluster142.knu.ac.kr//pnfs/knu.ac.kr/data/cms/store/user/sha/Run2FULL/2016PreVFP/MC/DYJetsToLL_M-50_TuneCP5_13TeV-amcatnloFXFX-pythia8/crab_DYJetsToLL_M-50_TuneCP5_13TeV-amcatnloFXFX-pythia8/240304_025521//0003/SSBTree_3550.root
Total number of events after merging root files: 248512
Event 0
Event 10000
Event 20000
Event 30000
Event 40000
Event 50000
Event 60000
Event 70000
Event 80000
Event 90000
Event 100000
Event 110000
Event 120000
Event 130000
Event 140000
Event 150000
Event 160000
Event 170000
Event 180000
Event 190000
Event 200000
Event 210000
Event 220000
Event 230000
Event 240000
Total processed number of events: 248512
End processing...

