The number of options is: 2
Option 0 = ./TopMass_analysis
Option 1 = DYJetsToLL_M_50/DYJetsToLL_M_50_24.list
Option 2 = DYJetsToLL_M_50/DYJetsToLL_M_50_24.txt
Input filelist = DYJetsToLL_M_50/DYJetsToLL_M_50_24.list
Output file name = DYJetsToLL_M_50/DYJetsToLL_M_50_24.txt


start merging file(s)
adding: dcap://cluster142.knu.ac.kr//pnfs/knu.ac.kr/data/cms/store/user/sha/Run2FULL/2016PreVFP/MC/DYJetsToLL_M-50_TuneCP5_13TeV-amcatnloFXFX-pythia8/crab_DYJetsToLL_M-50_TuneCP5_13TeV-amcatnloFXFX-pythia8/240304_025521//0000/SSBTree_308.root
adding: dcap://cluster142.knu.ac.kr//pnfs/knu.ac.kr/data/cms/store/user/sha/Run2FULL/2016PreVFP/MC/DYJetsToLL_M-50_TuneCP5_13TeV-amcatnloFXFX-pythia8/crab_DYJetsToLL_M-50_TuneCP5_13TeV-amcatnloFXFX-pythia8/240304_025521//0000/SSBTree_309.root
adding: dcap://cluster142.knu.ac.kr//pnfs/knu.ac.kr/data/cms/store/user/sha/Run2FULL/2016PreVFP/MC/DYJetsToLL_M-50_TuneCP5_13TeV-amcatnloFXFX-pythia8/crab_DYJetsToLL_M-50_TuneCP5_13TeV-amcatnloFXFX-pythia8/240304_025521//0000/SSBTree_30.root
adding: dcap://cluster142.knu.ac.kr//pnfs/knu.ac.kr/data/cms/store/user/sha/Run2FULL/2016PreVFP/MC/DYJetsToLL_M-50_TuneCP5_13TeV-amcatnloFXFX-pythia8/crab_DYJetsToLL_M-50_TuneCP5_13TeV-amcatnloFXFX-pythia8/240304_025521//0000/SSBTree_310.root
adding: dcap://cluster142.knu.ac.kr//pnfs/knu.ac.kr/data/cms/store/user/sha/Run2FULL/2016PreVFP/MC/DYJetsToLL_M-50_TuneCP5_13TeV-amcatnloFXFX-pythia8/crab_DYJetsToLL_M-50_TuneCP5_13TeV-amcatnloFXFX-pythia8/240304_025521//0000/SSBTree_311.root
adding: dcap://cluster142.knu.ac.kr//pnfs/knu.ac.kr/data/cms/store/user/sha/Run2FULL/2016PreVFP/MC/DYJetsToLL_M-50_TuneCP5_13TeV-amcatnloFXFX-pythia8/crab_DYJetsToLL_M-50_TuneCP5_13TeV-amcatnloFXFX-pythia8/240304_025521//0000/SSBTree_312.root
adding: dcap://cluster142.knu.ac.kr//pnfs/knu.ac.kr/data/cms/store/user/sha/Run2FULL/2016PreVFP/MC/DYJetsToLL_M-50_TuneCP5_13TeV-amcatnloFXFX-pythia8/crab_DYJetsToLL_M-50_TuneCP5_13TeV-amcatnloFXFX-pythia8/240304_025521//0000/SSBTree_313.root
adding: dcap://cluster142.knu.ac.kr//pnfs/knu.ac.kr/data/cms/store/user/sha/Run2FULL/2016PreVFP/MC/DYJetsToLL_M-50_TuneCP5_13TeV-amcatnloFXFX-pythia8/crab_DYJetsToLL_M-50_TuneCP5_13TeV-amcatnloFXFX-pythia8/240304_025521//0000/SSBTree_314.root
adding: dcap://cluster142.knu.ac.kr//pnfs/knu.ac.kr/data/cms/store/user/sha/Run2FULL/2016PreVFP/MC/DYJetsToLL_M-50_TuneCP5_13TeV-amcatnloFXFX-pythia8/crab_DYJetsToLL_M-50_TuneCP5_13TeV-amcatnloFXFX-pythia8/240304_025521//0000/SSBTree_315.root
adding: dcap://cluster142.knu.ac.kr//pnfs/knu.ac.kr/data/cms/store/user/sha/Run2FULL/2016PreVFP/MC/DYJetsToLL_M-50_TuneCP5_13TeV-amcatnloFXFX-pythia8/crab_DYJetsToLL_M-50_TuneCP5_13TeV-amcatnloFXFX-pythia8/240304_025521//0000/SSBTree_316.root
Total number of events after merging root files: 248164
Event 0
Event 10000
Event 20000
Event 30000
Event 40000
Event 50000
Event 60000
Event 70000
Event 80000
Event 90000
Event 100000
Event 110000
Event 120000
Event 130000
Event 140000
Event 150000
Event 160000
Event 170000
Event 180000
Event 190000
Event 200000
Event 210000
Event 220000
Event 230000
Event 240000
Total processed number of events: 248164
End processing...

The number of options is: 2
Option 0 = ./TopMass_analysis
Option 1 = DYJetsToLL_M_50/DYJetsToLL_M_50_61.list
Option 2 = DYJetsToLL_M_50/DYJetsToLL_M_50_61.txt
Input filelist = DYJetsToLL_M_50/DYJetsToLL_M_50_61.list
Output file name = DYJetsToLL_M_50/DYJetsToLL_M_50_61.txt


start merging file(s)
adding: dcap://cluster142.knu.ac.kr//pnfs/knu.ac.kr/data/cms/store/user/sha/Run2FULL/2016PreVFP/MC/DYJetsToLL_M-50_TuneCP5_13TeV-amcatnloFXFX-pythia8/crab_DYJetsToLL_M-50_TuneCP5_13TeV-amcatnloFXFX-pythia8/240304_025521//0000/SSBTree_641.root
adding: dcap://cluster142.knu.ac.kr//pnfs/knu.ac.kr/data/cms/store/user/sha/Run2FULL/2016PreVFP/MC/DYJetsToLL_M-50_TuneCP5_13TeV-amcatnloFXFX-pythia8/crab_DYJetsToLL_M-50_TuneCP5_13TeV-amcatnloFXFX-pythia8/240304_025521//0000/SSBTree_642.root
adding: dcap://cluster142.knu.ac.kr//pnfs/knu.ac.kr/data/cms/store/user/sha/Run2FULL/2016PreVFP/MC/DYJetsToLL_M-50_TuneCP5_13TeV-amcatnloFXFX-pythia8/crab_DYJetsToLL_M-50_TuneCP5_13TeV-amcatnloFXFX-pythia8/240304_025521//0000/SSBTree_643.root
adding: dcap://cluster142.knu.ac.kr//pnfs/knu.ac.kr/data/cms/store/user/sha/Run2FULL/2016PreVFP/MC/DYJetsToLL_M-50_TuneCP5_13TeV-amcatnloFXFX-pythia8/crab_DYJetsToLL_M-50_TuneCP5_13TeV-amcatnloFXFX-pythia8/240304_025521//0000/SSBTree_644.root
adding: dcap://cluster142.knu.ac.kr//pnfs/knu.ac.kr/data/cms/store/user/sha/Run2FULL/2016PreVFP/MC/DYJetsToLL_M-50_TuneCP5_13TeV-amcatnloFXFX-pythia8/crab_DYJetsToLL_M-50_TuneCP5_13TeV-amcatnloFXFX-pythia8/240304_025521//0000/SSBTree_645.root
adding: dcap://cluster142.knu.ac.kr//pnfs/knu.ac.kr/data/cms/store/user/sha/Run2FULL/2016PreVFP/MC/DYJetsToLL_M-50_TuneCP5_13TeV-amcatnloFXFX-pythia8/crab_DYJetsToLL_M-50_TuneCP5_13TeV-amcatnloFXFX-pythia8/240304_025521//0000/SSBTree_646.root
adding: dcap://cluster142.knu.ac.kr//pnfs/knu.ac.kr/data/cms/store/user/sha/Run2FULL/2016PreVFP/MC/DYJetsToLL_M-50_TuneCP5_13TeV-amcatnloFXFX-pythia8/crab_DYJetsToLL_M-50_TuneCP5_13TeV-amcatnloFXFX-pythia8/240304_025521//0000/SSBTree_647.root
adding: dcap://cluster142.knu.ac.kr//pnfs/knu.ac.kr/data/cms/store/user/sha/Run2FULL/2016PreVFP/MC/DYJetsToLL_M-50_TuneCP5_13TeV-amcatnloFXFX-pythia8/crab_DYJetsToLL_M-50_TuneCP5_13TeV-amcatnloFXFX-pythia8/240304_025521//0000/SSBTree_648.root
adding: dcap://cluster142.knu.ac.kr//pnfs/knu.ac.kr/data/cms/store/user/sha/Run2FULL/2016PreVFP/MC/DYJetsToLL_M-50_TuneCP5_13TeV-amcatnloFXFX-pythia8/crab_DYJetsToLL_M-50_TuneCP5_13TeV-amcatnloFXFX-pythia8/240304_025521//0000/SSBTree_649.root
adding: dcap://cluster142.knu.ac.kr//pnfs/knu.ac.kr/data/cms/store/user/sha/Run2FULL/2016PreVFP/MC/DYJetsToLL_M-50_TuneCP5_13TeV-amcatnloFXFX-pythia8/crab_DYJetsToLL_M-50_TuneCP5_13TeV-amcatnloFXFX-pythia8/240304_025521//0000/SSBTree_64.root
Total number of events after merging root files: 248486
Event 0
Event 10000
Event 20000
Event 30000
Event 40000
Event 50000
Event 60000
Event 70000
Event 80000
Event 90000
Event 100000
Event 110000
Event 120000
Event 130000
Event 140000
Event 150000
Event 160000
Event 170000
Event 180000
Event 190000
Event 200000
Event 210000
Event 220000
Event 230000
Event 240000
Total processed number of events: 248486
End processing...

The number of options is: 2
Option 0 = ./TopMass_analysis
Option 1 = DYJetsToLL_M_50/DYJetsToLL_M_50_98.list
Option 2 = DYJetsToLL_M_50/DYJetsToLL_M_50_98.txt
Input filelist = DYJetsToLL_M_50/DYJetsToLL_M_50_98.list
Output file name = DYJetsToLL_M_50/DYJetsToLL_M_50_98.txt


start merging file(s)
adding: dcap://cluster142.knu.ac.kr//pnfs/knu.ac.kr/data/cms/store/user/sha/Run2FULL/2016PreVFP/MC/DYJetsToLL_M-50_TuneCP5_13TeV-amcatnloFXFX-pythia8/crab_DYJetsToLL_M-50_TuneCP5_13TeV-amcatnloFXFX-pythia8/240304_025521//0000/SSBTree_975.root
adding: dcap://cluster142.knu.ac.kr//pnfs/knu.ac.kr/data/cms/store/user/sha/Run2FULL/2016PreVFP/MC/DYJetsToLL_M-50_TuneCP5_13TeV-amcatnloFXFX-pythia8/crab_DYJetsToLL_M-50_TuneCP5_13TeV-amcatnloFXFX-pythia8/240304_025521//0000/SSBTree_976.root
adding: dcap://cluster142.knu.ac.kr//pnfs/knu.ac.kr/data/cms/store/user/sha/Run2FULL/2016PreVFP/MC/DYJetsToLL_M-50_TuneCP5_13TeV-amcatnloFXFX-pythia8/crab_DYJetsToLL_M-50_TuneCP5_13TeV-amcatnloFXFX-pythia8/240304_025521//0000/SSBTree_977.root
adding: dcap://cluster142.knu.ac.kr//pnfs/knu.ac.kr/data/cms/store/user/sha/Run2FULL/2016PreVFP/MC/DYJetsToLL_M-50_TuneCP5_13TeV-amcatnloFXFX-pythia8/crab_DYJetsToLL_M-50_TuneCP5_13TeV-amcatnloFXFX-pythia8/240304_025521//0000/SSBTree_978.root
adding: dcap://cluster142.knu.ac.kr//pnfs/knu.ac.kr/data/cms/store/user/sha/Run2FULL/2016PreVFP/MC/DYJetsToLL_M-50_TuneCP5_13TeV-amcatnloFXFX-pythia8/crab_DYJetsToLL_M-50_TuneCP5_13TeV-amcatnloFXFX-pythia8/240304_025521//0000/SSBTree_979.root
adding: dcap://cluster142.knu.ac.kr//pnfs/knu.ac.kr/data/cms/store/user/sha/Run2FULL/2016PreVFP/MC/DYJetsToLL_M-50_TuneCP5_13TeV-amcatnloFXFX-pythia8/crab_DYJetsToLL_M-50_TuneCP5_13TeV-amcatnloFXFX-pythia8/240304_025521//0000/SSBTree_97.root
adding: dcap://cluster142.knu.ac.kr//pnfs/knu.ac.kr/data/cms/store/user/sha/Run2FULL/2016PreVFP/MC/DYJetsToLL_M-50_TuneCP5_13TeV-amcatnloFXFX-pythia8/crab_DYJetsToLL_M-50_TuneCP5_13TeV-amcatnloFXFX-pythia8/240304_025521//0000/SSBTree_980.root
adding: dcap://cluster142.knu.ac.kr//pnfs/knu.ac.kr/data/cms/store/user/sha/Run2FULL/2016PreVFP/MC/DYJetsToLL_M-50_TuneCP5_13TeV-amcatnloFXFX-pythia8/crab_DYJetsToLL_M-50_TuneCP5_13TeV-amcatnloFXFX-pythia8/240304_025521//0000/SSBTree_981.root
adding: dcap://cluster142.knu.ac.kr//pnfs/knu.ac.kr/data/cms/store/user/sha/Run2FULL/2016PreVFP/MC/DYJetsToLL_M-50_TuneCP5_13TeV-amcatnloFXFX-pythia8/crab_DYJetsToLL_M-50_TuneCP5_13TeV-amcatnloFXFX-pythia8/240304_025521//0000/SSBTree_982.root
adding: dcap://cluster142.knu.ac.kr//pnfs/knu.ac.kr/data/cms/store/user/sha/Run2FULL/2016PreVFP/MC/DYJetsToLL_M-50_TuneCP5_13TeV-amcatnloFXFX-pythia8/crab_DYJetsToLL_M-50_TuneCP5_13TeV-amcatnloFXFX-pythia8/240304_025521//0000/SSBTree_983.root
Total number of events after merging root files: 247242
Event 0
Event 10000
Event 20000
Event 30000
Event 40000
Event 50000
Event 60000
Event 70000
Event 80000
Event 90000
Event 100000
Event 110000
Event 120000
Event 130000
Event 140000
Event 150000
Event 160000
Event 170000
Event 180000
Event 190000
Event 200000
Event 210000
Event 220000
Event 230000
Event 240000
Total processed number of events: 247242
End processing...

The number of options is: 2
Option 0 = ./TopMass_analysis
Option 1 = DYJetsToLL_M_50/DYJetsToLL_M_50_135.list
Option 2 = DYJetsToLL_M_50/DYJetsToLL_M_50_135.txt
Input filelist = DYJetsToLL_M_50/DYJetsToLL_M_50_135.list
Output file name = DYJetsToLL_M_50/DYJetsToLL_M_50_135.txt


start merging file(s)
adding: dcap://cluster142.knu.ac.kr//pnfs/knu.ac.kr/data/cms/store/user/sha/Run2FULL/2016PreVFP/MC/DYJetsToLL_M-50_TuneCP5_13TeV-amcatnloFXFX-pythia8/crab_DYJetsToLL_M-50_TuneCP5_13TeV-amcatnloFXFX-pythia8/240304_025521//0001/SSBTree_1341.root
adding: dcap://cluster142.knu.ac.kr//pnfs/knu.ac.kr/data/cms/store/user/sha/Run2FULL/2016PreVFP/MC/DYJetsToLL_M-50_TuneCP5_13TeV-amcatnloFXFX-pythia8/crab_DYJetsToLL_M-50_TuneCP5_13TeV-amcatnloFXFX-pythia8/240304_025521//0001/SSBTree_1342.root
adding: dcap://cluster142.knu.ac.kr//pnfs/knu.ac.kr/data/cms/store/user/sha/Run2FULL/2016PreVFP/MC/DYJetsToLL_M-50_TuneCP5_13TeV-amcatnloFXFX-pythia8/crab_DYJetsToLL_M-50_TuneCP5_13TeV-amcatnloFXFX-pythia8/240304_025521//0001/SSBTree_1343.root
adding: dcap://cluster142.knu.ac.kr//pnfs/knu.ac.kr/data/cms/store/user/sha/Run2FULL/2016PreVFP/MC/DYJetsToLL_M-50_TuneCP5_13TeV-amcatnloFXFX-pythia8/crab_DYJetsToLL_M-50_TuneCP5_13TeV-amcatnloFXFX-pythia8/240304_025521//0001/SSBTree_1344.root
adding: dcap://cluster142.knu.ac.kr//pnfs/knu.ac.kr/data/cms/store/user/sha/Run2FULL/2016PreVFP/MC/DYJetsToLL_M-50_TuneCP5_13TeV-amcatnloFXFX-pythia8/crab_DYJetsToLL_M-50_TuneCP5_13TeV-amcatnloFXFX-pythia8/240304_025521//0001/SSBTree_1345.root
adding: dcap://cluster142.knu.ac.kr//pnfs/knu.ac.kr/data/cms/store/user/sha/Run2FULL/2016PreVFP/MC/DYJetsToLL_M-50_TuneCP5_13TeV-amcatnloFXFX-pythia8/crab_DYJetsToLL_M-50_TuneCP5_13TeV-amcatnloFXFX-pythia8/240304_025521//0001/SSBTree_1346.root
adding: dcap://cluster142.knu.ac.kr//pnfs/knu.ac.kr/data/cms/store/user/sha/Run2FULL/2016PreVFP/MC/DYJetsToLL_M-50_TuneCP5_13TeV-amcatnloFXFX-pythia8/crab_DYJetsToLL_M-50_TuneCP5_13TeV-amcatnloFXFX-pythia8/240304_025521//0001/SSBTree_1347.root
adding: dcap://cluster142.knu.ac.kr//pnfs/knu.ac.kr/data/cms/store/user/sha/Run2FULL/2016PreVFP/MC/DYJetsToLL_M-50_TuneCP5_13TeV-amcatnloFXFX-pythia8/crab_DYJetsToLL_M-50_TuneCP5_13TeV-amcatnloFXFX-pythia8/240304_025521//0001/SSBTree_1348.root
adding: dcap://cluster142.knu.ac.kr//pnfs/knu.ac.kr/data/cms/store/user/sha/Run2FULL/2016PreVFP/MC/DYJetsToLL_M-50_TuneCP5_13TeV-amcatnloFXFX-pythia8/crab_DYJetsToLL_M-50_TuneCP5_13TeV-amcatnloFXFX-pythia8/240304_025521//0001/SSBTree_1349.root
adding: dcap://cluster142.knu.ac.kr//pnfs/knu.ac.kr/data/cms/store/user/sha/Run2FULL/2016PreVFP/MC/DYJetsToLL_M-50_TuneCP5_13TeV-amcatnloFXFX-pythia8/crab_DYJetsToLL_M-50_TuneCP5_13TeV-amcatnloFXFX-pythia8/240304_025521//0001/SSBTree_1350.root
Total number of events after merging root files: 247701
Event 0
Event 10000
Event 20000
Event 30000
Event 40000
Event 50000
Event 60000
Event 70000
Event 80000
Event 90000
Event 100000
Event 110000
Event 120000
Event 130000
Event 140000
Event 150000
Event 160000
Event 170000
Event 180000
Event 190000
Event 200000
Event 210000
Event 220000
Event 230000
Event 240000
Total processed number of events: 247701
End processing...

The number of options is: 2
Option 0 = ./TopMass_analysis
Option 1 = DYJetsToLL_M_50/DYJetsToLL_M_50_172.list
Option 2 = DYJetsToLL_M_50/DYJetsToLL_M_50_172.txt
Input filelist = DYJetsToLL_M_50/DYJetsToLL_M_50_172.list
Output file name = DYJetsToLL_M_50/DYJetsToLL_M_50_172.txt


start merging file(s)
adding: dcap://cluster142.knu.ac.kr//pnfs/knu.ac.kr/data/cms/store/user/sha/Run2FULL/2016PreVFP/MC/DYJetsToLL_M-50_TuneCP5_13TeV-amcatnloFXFX-pythia8/crab_DYJetsToLL_M-50_TuneCP5_13TeV-amcatnloFXFX-pythia8/240304_025521//0001/SSBTree_1711.root
adding: dcap://cluster142.knu.ac.kr//pnfs/knu.ac.kr/data/cms/store/user/sha/Run2FULL/2016PreVFP/MC/DYJetsToLL_M-50_TuneCP5_13TeV-amcatnloFXFX-pythia8/crab_DYJetsToLL_M-50_TuneCP5_13TeV-amcatnloFXFX-pythia8/240304_025521//0001/SSBTree_1712.root
adding: dcap://cluster142.knu.ac.kr//pnfs/knu.ac.kr/data/cms/store/user/sha/Run2FULL/2016PreVFP/MC/DYJetsToLL_M-50_TuneCP5_13TeV-amcatnloFXFX-pythia8/crab_DYJetsToLL_M-50_TuneCP5_13TeV-amcatnloFXFX-pythia8/240304_025521//0001/SSBTree_1713.root
adding: dcap://cluster142.knu.ac.kr//pnfs/knu.ac.kr/data/cms/store/user/sha/Run2FULL/2016PreVFP/MC/DYJetsToLL_M-50_TuneCP5_13TeV-amcatnloFXFX-pythia8/crab_DYJetsToLL_M-50_TuneCP5_13TeV-amcatnloFXFX-pythia8/240304_025521//0001/SSBTree_1714.root
adding: dcap://cluster142.knu.ac.kr//pnfs/knu.ac.kr/data/cms/store/user/sha/Run2FULL/2016PreVFP/MC/DYJetsToLL_M-50_TuneCP5_13TeV-amcatnloFXFX-pythia8/crab_DYJetsToLL_M-50_TuneCP5_13TeV-amcatnloFXFX-pythia8/240304_025521//0001/SSBTree_1715.root
adding: dcap://cluster142.knu.ac.kr//pnfs/knu.ac.kr/data/cms/store/user/sha/Run2FULL/2016PreVFP/MC/DYJetsToLL_M-50_TuneCP5_13TeV-amcatnloFXFX-pythia8/crab_DYJetsToLL_M-50_TuneCP5_13TeV-amcatnloFXFX-pythia8/240304_025521//0001/SSBTree_1716.root
adding: dcap://cluster142.knu.ac.kr//pnfs/knu.ac.kr/data/cms/store/user/sha/Run2FULL/2016PreVFP/MC/DYJetsToLL_M-50_TuneCP5_13TeV-amcatnloFXFX-pythia8/crab_DYJetsToLL_M-50_TuneCP5_13TeV-amcatnloFXFX-pythia8/240304_025521//0001/SSBTree_1717.root
adding: dcap://cluster142.knu.ac.kr//pnfs/knu.ac.kr/data/cms/store/user/sha/Run2FULL/2016PreVFP/MC/DYJetsToLL_M-50_TuneCP5_13TeV-amcatnloFXFX-pythia8/crab_DYJetsToLL_M-50_TuneCP5_13TeV-amcatnloFXFX-pythia8/240304_025521//0001/SSBTree_1718.root
adding: dcap://cluster142.knu.ac.kr//pnfs/knu.ac.kr/data/cms/store/user/sha/Run2FULL/2016PreVFP/MC/DYJetsToLL_M-50_TuneCP5_13TeV-amcatnloFXFX-pythia8/crab_DYJetsToLL_M-50_TuneCP5_13TeV-amcatnloFXFX-pythia8/240304_025521//0001/SSBTree_1719.root
adding: dcap://cluster142.knu.ac.kr//pnfs/knu.ac.kr/data/cms/store/user/sha/Run2FULL/2016PreVFP/MC/DYJetsToLL_M-50_TuneCP5_13TeV-amcatnloFXFX-pythia8/crab_DYJetsToLL_M-50_TuneCP5_13TeV-amcatnloFXFX-pythia8/240304_025521//0001/SSBTree_1720.root
Total number of events after merging root files: 247229
Event 0
Event 10000
Event 20000
Event 30000
Event 40000
Event 50000
Event 60000
Event 70000
Event 80000
Event 90000
Event 100000
Event 110000
Event 120000
Event 130000
Event 140000
Event 150000
Event 160000
Event 170000
Event 180000
Event 190000
Event 200000
Event 210000
Event 220000
Event 230000
Event 240000
Total processed number of events: 247229
End processing...

The number of options is: 2
Option 0 = ./TopMass_analysis
Option 1 = DYJetsToLL_M_50/DYJetsToLL_M_50_209.list
Option 2 = DYJetsToLL_M_50/DYJetsToLL_M_50_209.txt
Input filelist = DYJetsToLL_M_50/DYJetsToLL_M_50_209.list
Output file name = DYJetsToLL_M_50/DYJetsToLL_M_50_209.txt


start merging file(s)
adding: dcap://cluster142.knu.ac.kr//pnfs/knu.ac.kr/data/cms/store/user/sha/Run2FULL/2016PreVFP/MC/DYJetsToLL_M-50_TuneCP5_13TeV-amcatnloFXFX-pythia8/crab_DYJetsToLL_M-50_TuneCP5_13TeV-amcatnloFXFX-pythia8/240304_025521//0002/SSBTree_2081.root
adding: dcap://cluster142.knu.ac.kr//pnfs/knu.ac.kr/data/cms/store/user/sha/Run2FULL/2016PreVFP/MC/DYJetsToLL_M-50_TuneCP5_13TeV-amcatnloFXFX-pythia8/crab_DYJetsToLL_M-50_TuneCP5_13TeV-amcatnloFXFX-pythia8/240304_025521//0002/SSBTree_2082.root
adding: dcap://cluster142.knu.ac.kr//pnfs/knu.ac.kr/data/cms/store/user/sha/Run2FULL/2016PreVFP/MC/DYJetsToLL_M-50_TuneCP5_13TeV-amcatnloFXFX-pythia8/crab_DYJetsToLL_M-50_TuneCP5_13TeV-amcatnloFXFX-pythia8/240304_025521//0002/SSBTree_2083.root
adding: dcap://cluster142.knu.ac.kr//pnfs/knu.ac.kr/data/cms/store/user/sha/Run2FULL/2016PreVFP/MC/DYJetsToLL_M-50_TuneCP5_13TeV-amcatnloFXFX-pythia8/crab_DYJetsToLL_M-50_TuneCP5_13TeV-amcatnloFXFX-pythia8/240304_025521//0002/SSBTree_2084.root
adding: dcap://cluster142.knu.ac.kr//pnfs/knu.ac.kr/data/cms/store/user/sha/Run2FULL/2016PreVFP/MC/DYJetsToLL_M-50_TuneCP5_13TeV-amcatnloFXFX-pythia8/crab_DYJetsToLL_M-50_TuneCP5_13TeV-amcatnloFXFX-pythia8/240304_025521//0002/SSBTree_2085.root
adding: dcap://cluster142.knu.ac.kr//pnfs/knu.ac.kr/data/cms/store/user/sha/Run2FULL/2016PreVFP/MC/DYJetsToLL_M-50_TuneCP5_13TeV-amcatnloFXFX-pythia8/crab_DYJetsToLL_M-50_TuneCP5_13TeV-amcatnloFXFX-pythia8/240304_025521//0002/SSBTree_2086.root
adding: dcap://cluster142.knu.ac.kr//pnfs/knu.ac.kr/data/cms/store/user/sha/Run2FULL/2016PreVFP/MC/DYJetsToLL_M-50_TuneCP5_13TeV-amcatnloFXFX-pythia8/crab_DYJetsToLL_M-50_TuneCP5_13TeV-amcatnloFXFX-pythia8/240304_025521//0002/SSBTree_2087.root
adding: dcap://cluster142.knu.ac.kr//pnfs/knu.ac.kr/data/cms/store/user/sha/Run2FULL/2016PreVFP/MC/DYJetsToLL_M-50_TuneCP5_13TeV-amcatnloFXFX-pythia8/crab_DYJetsToLL_M-50_TuneCP5_13TeV-amcatnloFXFX-pythia8/240304_025521//0002/SSBTree_2088.root
adding: dcap://cluster142.knu.ac.kr//pnfs/knu.ac.kr/data/cms/store/user/sha/Run2FULL/2016PreVFP/MC/DYJetsToLL_M-50_TuneCP5_13TeV-amcatnloFXFX-pythia8/crab_DYJetsToLL_M-50_TuneCP5_13TeV-amcatnloFXFX-pythia8/240304_025521//0002/SSBTree_2089.root
adding: dcap://cluster142.knu.ac.kr//pnfs/knu.ac.kr/data/cms/store/user/sha/Run2FULL/2016PreVFP/MC/DYJetsToLL_M-50_TuneCP5_13TeV-amcatnloFXFX-pythia8/crab_DYJetsToLL_M-50_TuneCP5_13TeV-amcatnloFXFX-pythia8/240304_025521//0002/SSBTree_2090.root
Total number of events after merging root files: 247806
Event 0
Event 10000
Event 20000
Event 30000
Event 40000
Event 50000
Event 60000
Event 70000
Event 80000
Event 90000
Event 100000
Event 110000
Event 120000
Event 130000
Event 140000
Event 150000
Event 160000
Event 170000
Event 180000
Event 190000
Event 200000
Event 210000
Event 220000
Event 230000
Event 240000
Total processed number of events: 247806
End processing...

The number of options is: 2
Option 0 = ./TopMass_analysis
Option 1 = DYJetsToLL_M_50/DYJetsToLL_M_50_246.list
Option 2 = DYJetsToLL_M_50/DYJetsToLL_M_50_246.txt
Input filelist = DYJetsToLL_M_50/DYJetsToLL_M_50_246.list
Output file name = DYJetsToLL_M_50/DYJetsToLL_M_50_246.txt


start merging file(s)
adding: dcap://cluster142.knu.ac.kr//pnfs/knu.ac.kr/data/cms/store/user/sha/Run2FULL/2016PreVFP/MC/DYJetsToLL_M-50_TuneCP5_13TeV-amcatnloFXFX-pythia8/crab_DYJetsToLL_M-50_TuneCP5_13TeV-amcatnloFXFX-pythia8/240304_025521//0002/SSBTree_2451.root
adding: dcap://cluster142.knu.ac.kr//pnfs/knu.ac.kr/data/cms/store/user/sha/Run2FULL/2016PreVFP/MC/DYJetsToLL_M-50_TuneCP5_13TeV-amcatnloFXFX-pythia8/crab_DYJetsToLL_M-50_TuneCP5_13TeV-amcatnloFXFX-pythia8/240304_025521//0002/SSBTree_2452.root
adding: dcap://cluster142.knu.ac.kr//pnfs/knu.ac.kr/data/cms/store/user/sha/Run2FULL/2016PreVFP/MC/DYJetsToLL_M-50_TuneCP5_13TeV-amcatnloFXFX-pythia8/crab_DYJetsToLL_M-50_TuneCP5_13TeV-amcatnloFXFX-pythia8/240304_025521//0002/SSBTree_2453.root
adding: dcap://cluster142.knu.ac.kr//pnfs/knu.ac.kr/data/cms/store/user/sha/Run2FULL/2016PreVFP/MC/DYJetsToLL_M-50_TuneCP5_13TeV-amcatnloFXFX-pythia8/crab_DYJetsToLL_M-50_TuneCP5_13TeV-amcatnloFXFX-pythia8/240304_025521//0002/SSBTree_2454.root
adding: dcap://cluster142.knu.ac.kr//pnfs/knu.ac.kr/data/cms/store/user/sha/Run2FULL/2016PreVFP/MC/DYJetsToLL_M-50_TuneCP5_13TeV-amcatnloFXFX-pythia8/crab_DYJetsToLL_M-50_TuneCP5_13TeV-amcatnloFXFX-pythia8/240304_025521//0002/SSBTree_2455.root
adding: dcap://cluster142.knu.ac.kr//pnfs/knu.ac.kr/data/cms/store/user/sha/Run2FULL/2016PreVFP/MC/DYJetsToLL_M-50_TuneCP5_13TeV-amcatnloFXFX-pythia8/crab_DYJetsToLL_M-50_TuneCP5_13TeV-amcatnloFXFX-pythia8/240304_025521//0002/SSBTree_2456.root
adding: dcap://cluster142.knu.ac.kr//pnfs/knu.ac.kr/data/cms/store/user/sha/Run2FULL/2016PreVFP/MC/DYJetsToLL_M-50_TuneCP5_13TeV-amcatnloFXFX-pythia8/crab_DYJetsToLL_M-50_TuneCP5_13TeV-amcatnloFXFX-pythia8/240304_025521//0002/SSBTree_2457.root
adding: dcap://cluster142.knu.ac.kr//pnfs/knu.ac.kr/data/cms/store/user/sha/Run2FULL/2016PreVFP/MC/DYJetsToLL_M-50_TuneCP5_13TeV-amcatnloFXFX-pythia8/crab_DYJetsToLL_M-50_TuneCP5_13TeV-amcatnloFXFX-pythia8/240304_025521//0002/SSBTree_2458.root
adding: dcap://cluster142.knu.ac.kr//pnfs/knu.ac.kr/data/cms/store/user/sha/Run2FULL/2016PreVFP/MC/DYJetsToLL_M-50_TuneCP5_13TeV-amcatnloFXFX-pythia8/crab_DYJetsToLL_M-50_TuneCP5_13TeV-amcatnloFXFX-pythia8/240304_025521//0002/SSBTree_2459.root
adding: dcap://cluster142.knu.ac.kr//pnfs/knu.ac.kr/data/cms/store/user/sha/Run2FULL/2016PreVFP/MC/DYJetsToLL_M-50_TuneCP5_13TeV-amcatnloFXFX-pythia8/crab_DYJetsToLL_M-50_TuneCP5_13TeV-amcatnloFXFX-pythia8/240304_025521//0002/SSBTree_2460.root
Total number of events after merging root files: 247816
Event 0
Event 10000
Event 20000
Event 30000
Event 40000
Event 50000
Event 60000
Event 70000
Event 80000
Event 90000
Event 100000
Event 110000
Event 120000
Event 130000
Event 140000
Event 150000
Event 160000
Event 170000
Event 180000
Event 190000
Event 200000
Event 210000
Event 220000
Event 230000
Event 240000
Total processed number of events: 247816
End processing...

The number of options is: 2
Option 0 = ./TopMass_analysis
Option 1 = DYJetsToLL_M_50/DYJetsToLL_M_50_283.list
Option 2 = DYJetsToLL_M_50/DYJetsToLL_M_50_283.txt
Input filelist = DYJetsToLL_M_50/DYJetsToLL_M_50_283.list
Output file name = DYJetsToLL_M_50/DYJetsToLL_M_50_283.txt


start merging file(s)
adding: dcap://cluster142.knu.ac.kr//pnfs/knu.ac.kr/data/cms/store/user/sha/Run2FULL/2016PreVFP/MC/DYJetsToLL_M-50_TuneCP5_13TeV-amcatnloFXFX-pythia8/crab_DYJetsToLL_M-50_TuneCP5_13TeV-amcatnloFXFX-pythia8/240304_025521//0002/SSBTree_2821.root
adding: dcap://cluster142.knu.ac.kr//pnfs/knu.ac.kr/data/cms/store/user/sha/Run2FULL/2016PreVFP/MC/DYJetsToLL_M-50_TuneCP5_13TeV-amcatnloFXFX-pythia8/crab_DYJetsToLL_M-50_TuneCP5_13TeV-amcatnloFXFX-pythia8/240304_025521//0002/SSBTree_2822.root
adding: dcap://cluster142.knu.ac.kr//pnfs/knu.ac.kr/data/cms/store/user/sha/Run2FULL/2016PreVFP/MC/DYJetsToLL_M-50_TuneCP5_13TeV-amcatnloFXFX-pythia8/crab_DYJetsToLL_M-50_TuneCP5_13TeV-amcatnloFXFX-pythia8/240304_025521//0002/SSBTree_2823.root
adding: dcap://cluster142.knu.ac.kr//pnfs/knu.ac.kr/data/cms/store/user/sha/Run2FULL/2016PreVFP/MC/DYJetsToLL_M-50_TuneCP5_13TeV-amcatnloFXFX-pythia8/crab_DYJetsToLL_M-50_TuneCP5_13TeV-amcatnloFXFX-pythia8/240304_025521//0002/SSBTree_2824.root
adding: dcap://cluster142.knu.ac.kr//pnfs/knu.ac.kr/data/cms/store/user/sha/Run2FULL/2016PreVFP/MC/DYJetsToLL_M-50_TuneCP5_13TeV-amcatnloFXFX-pythia8/crab_DYJetsToLL_M-50_TuneCP5_13TeV-amcatnloFXFX-pythia8/240304_025521//0002/SSBTree_2825.root
adding: dcap://cluster142.knu.ac.kr//pnfs/knu.ac.kr/data/cms/store/user/sha/Run2FULL/2016PreVFP/MC/DYJetsToLL_M-50_TuneCP5_13TeV-amcatnloFXFX-pythia8/crab_DYJetsToLL_M-50_TuneCP5_13TeV-amcatnloFXFX-pythia8/240304_025521//0002/SSBTree_2826.root
adding: dcap://cluster142.knu.ac.kr//pnfs/knu.ac.kr/data/cms/store/user/sha/Run2FULL/2016PreVFP/MC/DYJetsToLL_M-50_TuneCP5_13TeV-amcatnloFXFX-pythia8/crab_DYJetsToLL_M-50_TuneCP5_13TeV-amcatnloFXFX-pythia8/240304_025521//0002/SSBTree_2827.root
adding: dcap://cluster142.knu.ac.kr//pnfs/knu.ac.kr/data/cms/store/user/sha/Run2FULL/2016PreVFP/MC/DYJetsToLL_M-50_TuneCP5_13TeV-amcatnloFXFX-pythia8/crab_DYJetsToLL_M-50_TuneCP5_13TeV-amcatnloFXFX-pythia8/240304_025521//0002/SSBTree_2828.root
adding: dcap://cluster142.knu.ac.kr//pnfs/knu.ac.kr/data/cms/store/user/sha/Run2FULL/2016PreVFP/MC/DYJetsToLL_M-50_TuneCP5_13TeV-amcatnloFXFX-pythia8/crab_DYJetsToLL_M-50_TuneCP5_13TeV-amcatnloFXFX-pythia8/240304_025521//0002/SSBTree_2829.root
adding: dcap://cluster142.knu.ac.kr//pnfs/knu.ac.kr/data/cms/store/user/sha/Run2FULL/2016PreVFP/MC/DYJetsToLL_M-50_TuneCP5_13TeV-amcatnloFXFX-pythia8/crab_DYJetsToLL_M-50_TuneCP5_13TeV-amcatnloFXFX-pythia8/240304_025521//0002/SSBTree_2830.root
Total number of events after merging root files: 247284
Event 0
Event 10000
Event 20000
Event 30000
Event 40000
Event 50000
Event 60000
Event 70000
Event 80000
Event 90000
Event 100000
Event 110000
Event 120000
Event 130000
Event 140000
Event 150000
Event 160000
Event 170000
Event 180000
Event 190000
Event 200000
Event 210000
Event 220000
Event 230000
Event 240000
Total processed number of events: 247284
End processing...

The number of options is: 2
Option 0 = ./TopMass_analysis
Option 1 = DYJetsToLL_M_50/DYJetsToLL_M_50_320.list
Option 2 = DYJetsToLL_M_50/DYJetsToLL_M_50_320.txt
Input filelist = DYJetsToLL_M_50/DYJetsToLL_M_50_320.list
Output file name = DYJetsToLL_M_50/DYJetsToLL_M_50_320.txt


start merging file(s)
adding: dcap://cluster142.knu.ac.kr//pnfs/knu.ac.kr/data/cms/store/user/sha/Run2FULL/2016PreVFP/MC/DYJetsToLL_M-50_TuneCP5_13TeV-amcatnloFXFX-pythia8/crab_DYJetsToLL_M-50_TuneCP5_13TeV-amcatnloFXFX-pythia8/240304_025521//0003/SSBTree_3191.root
adding: dcap://cluster142.knu.ac.kr//pnfs/knu.ac.kr/data/cms/store/user/sha/Run2FULL/2016PreVFP/MC/DYJetsToLL_M-50_TuneCP5_13TeV-amcatnloFXFX-pythia8/crab_DYJetsToLL_M-50_TuneCP5_13TeV-amcatnloFXFX-pythia8/240304_025521//0003/SSBTree_3192.root
adding: dcap://cluster142.knu.ac.kr//pnfs/knu.ac.kr/data/cms/store/user/sha/Run2FULL/2016PreVFP/MC/DYJetsToLL_M-50_TuneCP5_13TeV-amcatnloFXFX-pythia8/crab_DYJetsToLL_M-50_TuneCP5_13TeV-amcatnloFXFX-pythia8/240304_025521//0003/SSBTree_3193.root
adding: dcap://cluster142.knu.ac.kr//pnfs/knu.ac.kr/data/cms/store/user/sha/Run2FULL/2016PreVFP/MC/DYJetsToLL_M-50_TuneCP5_13TeV-amcatnloFXFX-pythia8/crab_DYJetsToLL_M-50_TuneCP5_13TeV-amcatnloFXFX-pythia8/240304_025521//0003/SSBTree_3194.root
adding: dcap://cluster142.knu.ac.kr//pnfs/knu.ac.kr/data/cms/store/user/sha/Run2FULL/2016PreVFP/MC/DYJetsToLL_M-50_TuneCP5_13TeV-amcatnloFXFX-pythia8/crab_DYJetsToLL_M-50_TuneCP5_13TeV-amcatnloFXFX-pythia8/240304_025521//0003/SSBTree_3195.root
adding: dcap://cluster142.knu.ac.kr//pnfs/knu.ac.kr/data/cms/store/user/sha/Run2FULL/2016PreVFP/MC/DYJetsToLL_M-50_TuneCP5_13TeV-amcatnloFXFX-pythia8/crab_DYJetsToLL_M-50_TuneCP5_13TeV-amcatnloFXFX-pythia8/240304_025521//0003/SSBTree_3196.root
adding: dcap://cluster142.knu.ac.kr//pnfs/knu.ac.kr/data/cms/store/user/sha/Run2FULL/2016PreVFP/MC/DYJetsToLL_M-50_TuneCP5_13TeV-amcatnloFXFX-pythia8/crab_DYJetsToLL_M-50_TuneCP5_13TeV-amcatnloFXFX-pythia8/240304_025521//0003/SSBTree_3197.root
adding: dcap://cluster142.knu.ac.kr//pnfs/knu.ac.kr/data/cms/store/user/sha/Run2FULL/2016PreVFP/MC/DYJetsToLL_M-50_TuneCP5_13TeV-amcatnloFXFX-pythia8/crab_DYJetsToLL_M-50_TuneCP5_13TeV-amcatnloFXFX-pythia8/240304_025521//0003/SSBTree_3198.root
adding: dcap://cluster142.knu.ac.kr//pnfs/knu.ac.kr/data/cms/store/user/sha/Run2FULL/2016PreVFP/MC/DYJetsToLL_M-50_TuneCP5_13TeV-amcatnloFXFX-pythia8/crab_DYJetsToLL_M-50_TuneCP5_13TeV-amcatnloFXFX-pythia8/240304_025521//0003/SSBTree_3199.root
adding: dcap://cluster142.knu.ac.kr//pnfs/knu.ac.kr/data/cms/store/user/sha/Run2FULL/2016PreVFP/MC/DYJetsToLL_M-50_TuneCP5_13TeV-amcatnloFXFX-pythia8/crab_DYJetsToLL_M-50_TuneCP5_13TeV-amcatnloFXFX-pythia8/240304_025521//0003/SSBTree_3200.root
Total number of events after merging root files: 247549
Event 0
Event 10000
Event 20000
Event 30000
Event 40000
Event 50000
Event 60000
Event 70000
Event 80000
Event 90000
Event 100000
Event 110000
Event 120000
Event 130000
Event 140000
Event 150000
Event 160000
Event 170000
Event 180000
Event 190000
Event 200000
Event 210000
Event 220000
Event 230000
Event 240000
Total processed number of events: 247549
End processing...

The number of options is: 2
Option 0 = ./TopMass_analysis
Option 1 = DYJetsToLL_M_50/DYJetsToLL_M_50_357.list
Option 2 = DYJetsToLL_M_50/DYJetsToLL_M_50_357.txt
Input filelist = DYJetsToLL_M_50/DYJetsToLL_M_50_357.list
Output file name = DYJetsToLL_M_50/DYJetsToLL_M_50_357.txt


start merging file(s)
adding: dcap://cluster142.knu.ac.kr//pnfs/knu.ac.kr/data/cms/store/user/sha/Run2FULL/2016PreVFP/MC/DYJetsToLL_M-50_TuneCP5_13TeV-amcatnloFXFX-pythia8/crab_DYJetsToLL_M-50_TuneCP5_13TeV-amcatnloFXFX-pythia8/240304_025521//0003/SSBTree_3561.root
adding: dcap://cluster142.knu.ac.kr//pnfs/knu.ac.kr/data/cms/store/user/sha/Run2FULL/2016PreVFP/MC/DYJetsToLL_M-50_TuneCP5_13TeV-amcatnloFXFX-pythia8/crab_DYJetsToLL_M-50_TuneCP5_13TeV-amcatnloFXFX-pythia8/240304_025521//0003/SSBTree_3562.root
adding: dcap://cluster142.knu.ac.kr//pnfs/knu.ac.kr/data/cms/store/user/sha/Run2FULL/2016PreVFP/MC/DYJetsToLL_M-50_TuneCP5_13TeV-amcatnloFXFX-pythia8/crab_DYJetsToLL_M-50_TuneCP5_13TeV-amcatnloFXFX-pythia8/240304_025521//0003/SSBTree_3563.root
adding: dcap://cluster142.knu.ac.kr//pnfs/knu.ac.kr/data/cms/store/user/sha/Run2FULL/2016PreVFP/MC/DYJetsToLL_M-50_TuneCP5_13TeV-amcatnloFXFX-pythia8/crab_DYJetsToLL_M-50_TuneCP5_13TeV-amcatnloFXFX-pythia8/240304_025521//0003/SSBTree_3564.root
adding: dcap://cluster142.knu.ac.kr//pnfs/knu.ac.kr/data/cms/store/user/sha/Run2FULL/2016PreVFP/MC/DYJetsToLL_M-50_TuneCP5_13TeV-amcatnloFXFX-pythia8/crab_DYJetsToLL_M-50_TuneCP5_13TeV-amcatnloFXFX-pythia8/240304_025521//0003/SSBTree_3565.root
adding: dcap://cluster142.knu.ac.kr//pnfs/knu.ac.kr/data/cms/store/user/sha/Run2FULL/2016PreVFP/MC/DYJetsToLL_M-50_TuneCP5_13TeV-amcatnloFXFX-pythia8/crab_DYJetsToLL_M-50_TuneCP5_13TeV-amcatnloFXFX-pythia8/240304_025521//0003/SSBTree_3566.root
adding: dcap://cluster142.knu.ac.kr//pnfs/knu.ac.kr/data/cms/store/user/sha/Run2FULL/2016PreVFP/MC/DYJetsToLL_M-50_TuneCP5_13TeV-amcatnloFXFX-pythia8/crab_DYJetsToLL_M-50_TuneCP5_13TeV-amcatnloFXFX-pythia8/240304_025521//0003/SSBTree_3567.root
adding: dcap://cluster142.knu.ac.kr//pnfs/knu.ac.kr/data/cms/store/user/sha/Run2FULL/2016PreVFP/MC/DYJetsToLL_M-50_TuneCP5_13TeV-amcatnloFXFX-pythia8/crab_DYJetsToLL_M-50_TuneCP5_13TeV-amcatnloFXFX-pythia8/240304_025521//0003/SSBTree_3568.root
adding: dcap://cluster142.knu.ac.kr//pnfs/knu.ac.kr/data/cms/store/user/sha/Run2FULL/2016PreVFP/MC/DYJetsToLL_M-50_TuneCP5_13TeV-amcatnloFXFX-pythia8/crab_DYJetsToLL_M-50_TuneCP5_13TeV-amcatnloFXFX-pythia8/240304_025521//0003/SSBTree_3569.root
adding: dcap://cluster142.knu.ac.kr//pnfs/knu.ac.kr/data/cms/store/user/sha/Run2FULL/2016PreVFP/MC/DYJetsToLL_M-50_TuneCP5_13TeV-amcatnloFXFX-pythia8/crab_DYJetsToLL_M-50_TuneCP5_13TeV-amcatnloFXFX-pythia8/240304_025521//0003/SSBTree_3570.root
Total number of events after merging root files: 248185
Event 0
Event 10000
Event 20000
Event 30000
Event 40000
Event 50000
Event 60000
Event 70000
Event 80000
Event 90000
Event 100000
Event 110000
Event 120000
Event 130000
Event 140000
Event 150000
Event 160000
Event 170000
Event 180000
Event 190000
Event 200000
Event 210000
Event 220000
Event 230000
Event 240000
Total processed number of events: 248185
End processing...

