The number of options is: 2
Option 0 = ./TopMass_analysis
Option 1 = DoubleMuon_Run2016Bv2/DoubleMuon_Run2016Bv2_16.list
Option 2 = DoubleMuon_Run2016Bv2/DoubleMuon_Run2016Bv2_16.txt
Input filelist = DoubleMuon_Run2016Bv2/DoubleMuon_Run2016Bv2_16.list
Output file name = DoubleMuon_Run2016Bv2/DoubleMuon_Run2016Bv2_16.txt


start merging file(s)
adding: dcap://cluster142.knu.ac.kr//pnfs/knu.ac.kr/data/cms/store/user/sha/Run2FULL/2016PreVFP/DATA/DoubleMuon/crab_DoubleMuon_Run2016B-ver2/240205_133752//0000/SSBTree_236.root
adding: dcap://cluster142.knu.ac.kr//pnfs/knu.ac.kr/data/cms/store/user/sha/Run2FULL/2016PreVFP/DATA/DoubleMuon/crab_DoubleMuon_Run2016B-ver2/240205_133752//0000/SSBTree_237.root
adding: dcap://cluster142.knu.ac.kr//pnfs/knu.ac.kr/data/cms/store/user/sha/Run2FULL/2016PreVFP/DATA/DoubleMuon/crab_DoubleMuon_Run2016B-ver2/240205_133752//0000/SSBTree_238.root
adding: dcap://cluster142.knu.ac.kr//pnfs/knu.ac.kr/data/cms/store/user/sha/Run2FULL/2016PreVFP/DATA/DoubleMuon/crab_DoubleMuon_Run2016B-ver2/240205_133752//0000/SSBTree_239.root
adding: dcap://cluster142.knu.ac.kr//pnfs/knu.ac.kr/data/cms/store/user/sha/Run2FULL/2016PreVFP/DATA/DoubleMuon/crab_DoubleMuon_Run2016B-ver2/240205_133752//0000/SSBTree_23.root
adding: dcap://cluster142.knu.ac.kr//pnfs/knu.ac.kr/data/cms/store/user/sha/Run2FULL/2016PreVFP/DATA/DoubleMuon/crab_DoubleMuon_Run2016B-ver2/240205_133752//0000/SSBTree_240.root
adding: dcap://cluster142.knu.ac.kr//pnfs/knu.ac.kr/data/cms/store/user/sha/Run2FULL/2016PreVFP/DATA/DoubleMuon/crab_DoubleMuon_Run2016B-ver2/240205_133752//0000/SSBTree_241.root
adding: dcap://cluster142.knu.ac.kr//pnfs/knu.ac.kr/data/cms/store/user/sha/Run2FULL/2016PreVFP/DATA/DoubleMuon/crab_DoubleMuon_Run2016B-ver2/240205_133752//0000/SSBTree_242.root
adding: dcap://cluster142.knu.ac.kr//pnfs/knu.ac.kr/data/cms/store/user/sha/Run2FULL/2016PreVFP/DATA/DoubleMuon/crab_DoubleMuon_Run2016B-ver2/240205_133752//0000/SSBTree_243.root
adding: dcap://cluster142.knu.ac.kr//pnfs/knu.ac.kr/data/cms/store/user/sha/Run2FULL/2016PreVFP/DATA/DoubleMuon/crab_DoubleMuon_Run2016B-ver2/240205_133752//0000/SSBTree_244.root
Total number of events after merging root files: 314280
Event 0
Event 10000
Event 20000
Event 30000
Event 40000
Event 50000
Event 60000
Event 70000
Event 80000
Event 90000
Event 100000
Event 110000
Event 120000
Event 130000
Event 140000
Event 150000
Event 160000
Event 170000
Event 180000
Event 190000
Event 200000
Event 210000
Event 220000
Event 230000
Event 240000
Event 250000
Event 260000
Event 270000
Event 280000
Event 290000
Event 300000
Event 310000
Total processed number of events: 314280
End processing...

The number of options is: 2
Option 0 = ./TopMass_analysis
Option 1 = DoubleMuon_Run2016Bv2/DoubleMuon_Run2016Bv2_43.list
Option 2 = DoubleMuon_Run2016Bv2/DoubleMuon_Run2016Bv2_43.txt
Input filelist = DoubleMuon_Run2016Bv2/DoubleMuon_Run2016Bv2_43.list
Output file name = DoubleMuon_Run2016Bv2/DoubleMuon_Run2016Bv2_43.txt


start merging file(s)
adding: dcap://cluster142.knu.ac.kr//pnfs/knu.ac.kr/data/cms/store/user/sha/Run2FULL/2016PreVFP/DATA/DoubleMuon/crab_DoubleMuon_Run2016B-ver2/240205_133752//0000/SSBTree_47.root
adding: dcap://cluster142.knu.ac.kr//pnfs/knu.ac.kr/data/cms/store/user/sha/Run2FULL/2016PreVFP/DATA/DoubleMuon/crab_DoubleMuon_Run2016B-ver2/240205_133752//0000/SSBTree_480.root
adding: dcap://cluster142.knu.ac.kr//pnfs/knu.ac.kr/data/cms/store/user/sha/Run2FULL/2016PreVFP/DATA/DoubleMuon/crab_DoubleMuon_Run2016B-ver2/240205_133752//0000/SSBTree_481.root
adding: dcap://cluster142.knu.ac.kr//pnfs/knu.ac.kr/data/cms/store/user/sha/Run2FULL/2016PreVFP/DATA/DoubleMuon/crab_DoubleMuon_Run2016B-ver2/240205_133752//0000/SSBTree_482.root
adding: dcap://cluster142.knu.ac.kr//pnfs/knu.ac.kr/data/cms/store/user/sha/Run2FULL/2016PreVFP/DATA/DoubleMuon/crab_DoubleMuon_Run2016B-ver2/240205_133752//0000/SSBTree_483.root
adding: dcap://cluster142.knu.ac.kr//pnfs/knu.ac.kr/data/cms/store/user/sha/Run2FULL/2016PreVFP/DATA/DoubleMuon/crab_DoubleMuon_Run2016B-ver2/240205_133752//0000/SSBTree_484.root
adding: dcap://cluster142.knu.ac.kr//pnfs/knu.ac.kr/data/cms/store/user/sha/Run2FULL/2016PreVFP/DATA/DoubleMuon/crab_DoubleMuon_Run2016B-ver2/240205_133752//0000/SSBTree_485.root
adding: dcap://cluster142.knu.ac.kr//pnfs/knu.ac.kr/data/cms/store/user/sha/Run2FULL/2016PreVFP/DATA/DoubleMuon/crab_DoubleMuon_Run2016B-ver2/240205_133752//0000/SSBTree_486.root
adding: dcap://cluster142.knu.ac.kr//pnfs/knu.ac.kr/data/cms/store/user/sha/Run2FULL/2016PreVFP/DATA/DoubleMuon/crab_DoubleMuon_Run2016B-ver2/240205_133752//0000/SSBTree_487.root
adding: dcap://cluster142.knu.ac.kr//pnfs/knu.ac.kr/data/cms/store/user/sha/Run2FULL/2016PreVFP/DATA/DoubleMuon/crab_DoubleMuon_Run2016B-ver2/240205_133752//0000/SSBTree_488.root
Total number of events after merging root files: 312160
Event 0
Event 10000
Event 20000
Event 30000
Event 40000
Event 50000
Event 60000
Event 70000
Event 80000
Event 90000
Event 100000
Event 110000
Event 120000
Event 130000
Event 140000
Event 150000
Event 160000
Event 170000
Event 180000
Event 190000
Event 200000
Event 210000
Event 220000
Event 230000
Event 240000
Event 250000
Event 260000
Event 270000
Event 280000
Event 290000
Event 300000
Event 310000
Total processed number of events: 312160
End processing...

The number of options is: 2
Option 0 = ./TopMass_analysis
Option 1 = DoubleMuon_Run2016Bv2/DoubleMuon_Run2016Bv2_70.list
Option 2 = DoubleMuon_Run2016Bv2/DoubleMuon_Run2016Bv2_70.txt
Input filelist = DoubleMuon_Run2016Bv2/DoubleMuon_Run2016Bv2_70.list
Output file name = DoubleMuon_Run2016Bv2/DoubleMuon_Run2016Bv2_70.txt


start merging file(s)
adding: dcap://cluster142.knu.ac.kr//pnfs/knu.ac.kr/data/cms/store/user/sha/Run2FULL/2016PreVFP/DATA/DoubleMuon/crab_DoubleMuon_Run2016B-ver2/240205_133752//0000/SSBTree_722.root
adding: dcap://cluster142.knu.ac.kr//pnfs/knu.ac.kr/data/cms/store/user/sha/Run2FULL/2016PreVFP/DATA/DoubleMuon/crab_DoubleMuon_Run2016B-ver2/240205_133752//0000/SSBTree_723.root
adding: dcap://cluster142.knu.ac.kr//pnfs/knu.ac.kr/data/cms/store/user/sha/Run2FULL/2016PreVFP/DATA/DoubleMuon/crab_DoubleMuon_Run2016B-ver2/240205_133752//0000/SSBTree_724.root
adding: dcap://cluster142.knu.ac.kr//pnfs/knu.ac.kr/data/cms/store/user/sha/Run2FULL/2016PreVFP/DATA/DoubleMuon/crab_DoubleMuon_Run2016B-ver2/240205_133752//0000/SSBTree_725.root
adding: dcap://cluster142.knu.ac.kr//pnfs/knu.ac.kr/data/cms/store/user/sha/Run2FULL/2016PreVFP/DATA/DoubleMuon/crab_DoubleMuon_Run2016B-ver2/240205_133752//0000/SSBTree_726.root
adding: dcap://cluster142.knu.ac.kr//pnfs/knu.ac.kr/data/cms/store/user/sha/Run2FULL/2016PreVFP/DATA/DoubleMuon/crab_DoubleMuon_Run2016B-ver2/240205_133752//0000/SSBTree_727.root
adding: dcap://cluster142.knu.ac.kr//pnfs/knu.ac.kr/data/cms/store/user/sha/Run2FULL/2016PreVFP/DATA/DoubleMuon/crab_DoubleMuon_Run2016B-ver2/240205_133752//0000/SSBTree_728.root
adding: dcap://cluster142.knu.ac.kr//pnfs/knu.ac.kr/data/cms/store/user/sha/Run2FULL/2016PreVFP/DATA/DoubleMuon/crab_DoubleMuon_Run2016B-ver2/240205_133752//0000/SSBTree_729.root
adding: dcap://cluster142.knu.ac.kr//pnfs/knu.ac.kr/data/cms/store/user/sha/Run2FULL/2016PreVFP/DATA/DoubleMuon/crab_DoubleMuon_Run2016B-ver2/240205_133752//0000/SSBTree_72.root
adding: dcap://cluster142.knu.ac.kr//pnfs/knu.ac.kr/data/cms/store/user/sha/Run2FULL/2016PreVFP/DATA/DoubleMuon/crab_DoubleMuon_Run2016B-ver2/240205_133752//0000/SSBTree_730.root
Total number of events after merging root files: 365562
Event 0
Event 10000
Event 20000
Event 30000
Event 40000
Event 50000
Event 60000
Event 70000
Event 80000
Event 90000
Event 100000
Event 110000
Event 120000
Event 130000
Event 140000
Event 150000
Event 160000
Event 170000
Event 180000
Event 190000
Event 200000
Event 210000
Event 220000
Event 230000
Event 240000
Event 250000
Event 260000
Event 270000
Event 280000
Event 290000
Event 300000
Event 310000
Event 320000
Event 330000
Event 340000
Event 350000
Event 360000
Total processed number of events: 365562
End processing...

The number of options is: 2
Option 0 = ./TopMass_analysis
Option 1 = DoubleMuon_Run2016Bv2/DoubleMuon_Run2016Bv2_97.list
Option 2 = DoubleMuon_Run2016Bv2/DoubleMuon_Run2016Bv2_97.txt
Input filelist = DoubleMuon_Run2016Bv2/DoubleMuon_Run2016Bv2_97.list
Output file name = DoubleMuon_Run2016Bv2/DoubleMuon_Run2016Bv2_97.txt


start merging file(s)
adding: dcap://cluster142.knu.ac.kr//pnfs/knu.ac.kr/data/cms/store/user/sha/Run2FULL/2016PreVFP/DATA/DoubleMuon/crab_DoubleMuon_Run2016B-ver2/240205_133752//0000/SSBTree_966.root
adding: dcap://cluster142.knu.ac.kr//pnfs/knu.ac.kr/data/cms/store/user/sha/Run2FULL/2016PreVFP/DATA/DoubleMuon/crab_DoubleMuon_Run2016B-ver2/240205_133752//0000/SSBTree_967.root
adding: dcap://cluster142.knu.ac.kr//pnfs/knu.ac.kr/data/cms/store/user/sha/Run2FULL/2016PreVFP/DATA/DoubleMuon/crab_DoubleMuon_Run2016B-ver2/240205_133752//0000/SSBTree_968.root
adding: dcap://cluster142.knu.ac.kr//pnfs/knu.ac.kr/data/cms/store/user/sha/Run2FULL/2016PreVFP/DATA/DoubleMuon/crab_DoubleMuon_Run2016B-ver2/240205_133752//0000/SSBTree_969.root
adding: dcap://cluster142.knu.ac.kr//pnfs/knu.ac.kr/data/cms/store/user/sha/Run2FULL/2016PreVFP/DATA/DoubleMuon/crab_DoubleMuon_Run2016B-ver2/240205_133752//0000/SSBTree_96.root
adding: dcap://cluster142.knu.ac.kr//pnfs/knu.ac.kr/data/cms/store/user/sha/Run2FULL/2016PreVFP/DATA/DoubleMuon/crab_DoubleMuon_Run2016B-ver2/240205_133752//0000/SSBTree_970.root
adding: dcap://cluster142.knu.ac.kr//pnfs/knu.ac.kr/data/cms/store/user/sha/Run2FULL/2016PreVFP/DATA/DoubleMuon/crab_DoubleMuon_Run2016B-ver2/240205_133752//0000/SSBTree_971.root
adding: dcap://cluster142.knu.ac.kr//pnfs/knu.ac.kr/data/cms/store/user/sha/Run2FULL/2016PreVFP/DATA/DoubleMuon/crab_DoubleMuon_Run2016B-ver2/240205_133752//0000/SSBTree_972.root
adding: dcap://cluster142.knu.ac.kr//pnfs/knu.ac.kr/data/cms/store/user/sha/Run2FULL/2016PreVFP/DATA/DoubleMuon/crab_DoubleMuon_Run2016B-ver2/240205_133752//0000/SSBTree_973.root
adding: dcap://cluster142.knu.ac.kr//pnfs/knu.ac.kr/data/cms/store/user/sha/Run2FULL/2016PreVFP/DATA/DoubleMuon/crab_DoubleMuon_Run2016B-ver2/240205_133752//0000/SSBTree_974.root
Total number of events after merging root files: 332085
Event 0
Event 10000
Event 20000
Event 30000
Event 40000
Event 50000
Event 60000
Event 70000
Event 80000
Event 90000
Event 100000
Event 110000
Event 120000
Event 130000
Event 140000
Event 150000
Event 160000
Event 170000
Event 180000
Event 190000
Event 200000
Event 210000
Event 220000
Event 230000
Event 240000
Event 250000
Event 260000
Event 270000
Event 280000
Event 290000
Event 300000
Event 310000
Event 320000
Event 330000
Total processed number of events: 332085
End processing...

The number of options is: 2
Option 0 = ./TopMass_analysis
Option 1 = DoubleMuon_Run2016Bv2/DoubleMuon_Run2016Bv2_124.list
Option 2 = DoubleMuon_Run2016Bv2/DoubleMuon_Run2016Bv2_124.txt
Input filelist = DoubleMuon_Run2016Bv2/DoubleMuon_Run2016Bv2_124.list
Output file name = DoubleMuon_Run2016Bv2/DoubleMuon_Run2016Bv2_124.txt


start merging file(s)
adding: dcap://cluster142.knu.ac.kr//pnfs/knu.ac.kr/data/cms/store/user/sha/Run2FULL/2016PreVFP/DATA/DoubleMuon/crab_DoubleMuon_Run2016B-ver2/240205_133752//0001/SSBTree_1231.root
adding: dcap://cluster142.knu.ac.kr//pnfs/knu.ac.kr/data/cms/store/user/sha/Run2FULL/2016PreVFP/DATA/DoubleMuon/crab_DoubleMuon_Run2016B-ver2/240205_133752//0001/SSBTree_1232.root
adding: dcap://cluster142.knu.ac.kr//pnfs/knu.ac.kr/data/cms/store/user/sha/Run2FULL/2016PreVFP/DATA/DoubleMuon/crab_DoubleMuon_Run2016B-ver2/240205_133752//0001/SSBTree_1233.root
adding: dcap://cluster142.knu.ac.kr//pnfs/knu.ac.kr/data/cms/store/user/sha/Run2FULL/2016PreVFP/DATA/DoubleMuon/crab_DoubleMuon_Run2016B-ver2/240205_133752//0001/SSBTree_1234.root
adding: dcap://cluster142.knu.ac.kr//pnfs/knu.ac.kr/data/cms/store/user/sha/Run2FULL/2016PreVFP/DATA/DoubleMuon/crab_DoubleMuon_Run2016B-ver2/240205_133752//0001/SSBTree_1235.root
adding: dcap://cluster142.knu.ac.kr//pnfs/knu.ac.kr/data/cms/store/user/sha/Run2FULL/2016PreVFP/DATA/DoubleMuon/crab_DoubleMuon_Run2016B-ver2/240205_133752//0001/SSBTree_1236.root
adding: dcap://cluster142.knu.ac.kr//pnfs/knu.ac.kr/data/cms/store/user/sha/Run2FULL/2016PreVFP/DATA/DoubleMuon/crab_DoubleMuon_Run2016B-ver2/240205_133752//0001/SSBTree_1237.root
adding: dcap://cluster142.knu.ac.kr//pnfs/knu.ac.kr/data/cms/store/user/sha/Run2FULL/2016PreVFP/DATA/DoubleMuon/crab_DoubleMuon_Run2016B-ver2/240205_133752//0001/SSBTree_1238.root
adding: dcap://cluster142.knu.ac.kr//pnfs/knu.ac.kr/data/cms/store/user/sha/Run2FULL/2016PreVFP/DATA/DoubleMuon/crab_DoubleMuon_Run2016B-ver2/240205_133752//0001/SSBTree_1239.root
adding: dcap://cluster142.knu.ac.kr//pnfs/knu.ac.kr/data/cms/store/user/sha/Run2FULL/2016PreVFP/DATA/DoubleMuon/crab_DoubleMuon_Run2016B-ver2/240205_133752//0001/SSBTree_1240.root
Total number of events after merging root files: 295797
Event 0
Event 10000
Event 20000
Event 30000
Event 40000
Event 50000
Event 60000
Event 70000
Event 80000
Event 90000
Event 100000
Event 110000
Event 120000
Event 130000
Event 140000
Event 150000
Event 160000
Event 170000
Event 180000
Event 190000
Event 200000
Event 210000
Event 220000
Event 230000
Event 240000
Event 250000
Event 260000
Event 270000
Event 280000
Event 290000
Total processed number of events: 295797
End processing...

The number of options is: 2
Option 0 = ./TopMass_analysis
Option 1 = DoubleMuon_Run2016Bv2/DoubleMuon_Run2016Bv2_151.list
Option 2 = DoubleMuon_Run2016Bv2/DoubleMuon_Run2016Bv2_151.txt
Input filelist = DoubleMuon_Run2016Bv2/DoubleMuon_Run2016Bv2_151.list
Output file name = DoubleMuon_Run2016Bv2/DoubleMuon_Run2016Bv2_151.txt


start merging file(s)
adding: dcap://cluster142.knu.ac.kr//pnfs/knu.ac.kr/data/cms/store/user/sha/Run2FULL/2016PreVFP/DATA/DoubleMuon/crab_DoubleMuon_Run2016B-ver2/240205_133752//0001/SSBTree_1501.root
adding: dcap://cluster142.knu.ac.kr//pnfs/knu.ac.kr/data/cms/store/user/sha/Run2FULL/2016PreVFP/DATA/DoubleMuon/crab_DoubleMuon_Run2016B-ver2/240205_133752//0001/SSBTree_1502.root
adding: dcap://cluster142.knu.ac.kr//pnfs/knu.ac.kr/data/cms/store/user/sha/Run2FULL/2016PreVFP/DATA/DoubleMuon/crab_DoubleMuon_Run2016B-ver2/240205_133752//0001/SSBTree_1503.root
adding: dcap://cluster142.knu.ac.kr//pnfs/knu.ac.kr/data/cms/store/user/sha/Run2FULL/2016PreVFP/DATA/DoubleMuon/crab_DoubleMuon_Run2016B-ver2/240205_133752//0001/SSBTree_1504.root
adding: dcap://cluster142.knu.ac.kr//pnfs/knu.ac.kr/data/cms/store/user/sha/Run2FULL/2016PreVFP/DATA/DoubleMuon/crab_DoubleMuon_Run2016B-ver2/240205_133752//0001/SSBTree_1505.root
adding: dcap://cluster142.knu.ac.kr//pnfs/knu.ac.kr/data/cms/store/user/sha/Run2FULL/2016PreVFP/DATA/DoubleMuon/crab_DoubleMuon_Run2016B-ver2/240205_133752//0001/SSBTree_1506.root
adding: dcap://cluster142.knu.ac.kr//pnfs/knu.ac.kr/data/cms/store/user/sha/Run2FULL/2016PreVFP/DATA/DoubleMuon/crab_DoubleMuon_Run2016B-ver2/240205_133752//0001/SSBTree_1507.root
adding: dcap://cluster142.knu.ac.kr//pnfs/knu.ac.kr/data/cms/store/user/sha/Run2FULL/2016PreVFP/DATA/DoubleMuon/crab_DoubleMuon_Run2016B-ver2/240205_133752//0001/SSBTree_1508.root
adding: dcap://cluster142.knu.ac.kr//pnfs/knu.ac.kr/data/cms/store/user/sha/Run2FULL/2016PreVFP/DATA/DoubleMuon/crab_DoubleMuon_Run2016B-ver2/240205_133752//0001/SSBTree_1509.root
adding: dcap://cluster142.knu.ac.kr//pnfs/knu.ac.kr/data/cms/store/user/sha/Run2FULL/2016PreVFP/DATA/DoubleMuon/crab_DoubleMuon_Run2016B-ver2/240205_133752//0001/SSBTree_1510.root
Total number of events after merging root files: 275463
Event 0
Event 10000
Event 20000
Event 30000
Event 40000
Event 50000
Event 60000
Event 70000
Event 80000
Event 90000
Event 100000
Event 110000
Event 120000
Event 130000
Event 140000
Event 150000
Event 160000
Event 170000
Event 180000
Event 190000
Event 200000
Event 210000
Event 220000
Event 230000
Event 240000
Event 250000
Event 260000
Event 270000
Total processed number of events: 275463
End processing...

The number of options is: 2
Option 0 = ./TopMass_analysis
Option 1 = DoubleMuon_Run2016Bv2/DoubleMuon_Run2016Bv2_178.list
Option 2 = DoubleMuon_Run2016Bv2/DoubleMuon_Run2016Bv2_178.txt
Input filelist = DoubleMuon_Run2016Bv2/DoubleMuon_Run2016Bv2_178.list
Output file name = DoubleMuon_Run2016Bv2/DoubleMuon_Run2016Bv2_178.txt


start merging file(s)
adding: dcap://cluster142.knu.ac.kr//pnfs/knu.ac.kr/data/cms/store/user/sha/Run2FULL/2016PreVFP/DATA/DoubleMuon/crab_DoubleMuon_Run2016B-ver2/240205_133752//0001/SSBTree_1771.root
adding: dcap://cluster142.knu.ac.kr//pnfs/knu.ac.kr/data/cms/store/user/sha/Run2FULL/2016PreVFP/DATA/DoubleMuon/crab_DoubleMuon_Run2016B-ver2/240205_133752//0001/SSBTree_1772.root
adding: dcap://cluster142.knu.ac.kr//pnfs/knu.ac.kr/data/cms/store/user/sha/Run2FULL/2016PreVFP/DATA/DoubleMuon/crab_DoubleMuon_Run2016B-ver2/240205_133752//0001/SSBTree_1773.root
adding: dcap://cluster142.knu.ac.kr//pnfs/knu.ac.kr/data/cms/store/user/sha/Run2FULL/2016PreVFP/DATA/DoubleMuon/crab_DoubleMuon_Run2016B-ver2/240205_133752//0001/SSBTree_1774.root
adding: dcap://cluster142.knu.ac.kr//pnfs/knu.ac.kr/data/cms/store/user/sha/Run2FULL/2016PreVFP/DATA/DoubleMuon/crab_DoubleMuon_Run2016B-ver2/240205_133752//0001/SSBTree_1775.root
adding: dcap://cluster142.knu.ac.kr//pnfs/knu.ac.kr/data/cms/store/user/sha/Run2FULL/2016PreVFP/DATA/DoubleMuon/crab_DoubleMuon_Run2016B-ver2/240205_133752//0001/SSBTree_1776.root
adding: dcap://cluster142.knu.ac.kr//pnfs/knu.ac.kr/data/cms/store/user/sha/Run2FULL/2016PreVFP/DATA/DoubleMuon/crab_DoubleMuon_Run2016B-ver2/240205_133752//0001/SSBTree_1777.root
adding: dcap://cluster142.knu.ac.kr//pnfs/knu.ac.kr/data/cms/store/user/sha/Run2FULL/2016PreVFP/DATA/DoubleMuon/crab_DoubleMuon_Run2016B-ver2/240205_133752//0001/SSBTree_1778.root
adding: dcap://cluster142.knu.ac.kr//pnfs/knu.ac.kr/data/cms/store/user/sha/Run2FULL/2016PreVFP/DATA/DoubleMuon/crab_DoubleMuon_Run2016B-ver2/240205_133752//0001/SSBTree_1779.root
adding: dcap://cluster142.knu.ac.kr//pnfs/knu.ac.kr/data/cms/store/user/sha/Run2FULL/2016PreVFP/DATA/DoubleMuon/crab_DoubleMuon_Run2016B-ver2/240205_133752//0001/SSBTree_1780.root
Total number of events after merging root files: 244689
Event 0
Event 10000
Event 20000
Event 30000
Event 40000
Event 50000
Event 60000
Event 70000
Event 80000
Event 90000
Event 100000
Event 110000
Event 120000
Event 130000
Event 140000
Event 150000
Event 160000
Event 170000
Event 180000
Event 190000
Event 200000
Event 210000
Event 220000
Event 230000
Event 240000
Total processed number of events: 244689
End processing...

The number of options is: 2
Option 0 = ./TopMass_analysis
Option 1 = DoubleMuon_Run2016Bv2/DoubleMuon_Run2016Bv2_205.list
Option 2 = DoubleMuon_Run2016Bv2/DoubleMuon_Run2016Bv2_205.txt
Input filelist = DoubleMuon_Run2016Bv2/DoubleMuon_Run2016Bv2_205.list
Output file name = DoubleMuon_Run2016Bv2/DoubleMuon_Run2016Bv2_205.txt


start merging file(s)
adding: dcap://cluster142.knu.ac.kr//pnfs/knu.ac.kr/data/cms/store/user/sha/Run2FULL/2016PreVFP/DATA/DoubleMuon/crab_DoubleMuon_Run2016B-ver2/240205_133752//0002/SSBTree_2041.root
adding: dcap://cluster142.knu.ac.kr//pnfs/knu.ac.kr/data/cms/store/user/sha/Run2FULL/2016PreVFP/DATA/DoubleMuon/crab_DoubleMuon_Run2016B-ver2/240205_133752//0002/SSBTree_2042.root
adding: dcap://cluster142.knu.ac.kr//pnfs/knu.ac.kr/data/cms/store/user/sha/Run2FULL/2016PreVFP/DATA/DoubleMuon/crab_DoubleMuon_Run2016B-ver2/240205_133752//0002/SSBTree_2043.root
adding: dcap://cluster142.knu.ac.kr//pnfs/knu.ac.kr/data/cms/store/user/sha/Run2FULL/2016PreVFP/DATA/DoubleMuon/crab_DoubleMuon_Run2016B-ver2/240205_133752//0002/SSBTree_2044.root
adding: dcap://cluster142.knu.ac.kr//pnfs/knu.ac.kr/data/cms/store/user/sha/Run2FULL/2016PreVFP/DATA/DoubleMuon/crab_DoubleMuon_Run2016B-ver2/240205_133752//0002/SSBTree_2045.root
adding: dcap://cluster142.knu.ac.kr//pnfs/knu.ac.kr/data/cms/store/user/sha/Run2FULL/2016PreVFP/DATA/DoubleMuon/crab_DoubleMuon_Run2016B-ver2/240205_133752//0002/SSBTree_2046.root
adding: dcap://cluster142.knu.ac.kr//pnfs/knu.ac.kr/data/cms/store/user/sha/Run2FULL/2016PreVFP/DATA/DoubleMuon/crab_DoubleMuon_Run2016B-ver2/240205_133752//0002/SSBTree_2047.root
adding: dcap://cluster142.knu.ac.kr//pnfs/knu.ac.kr/data/cms/store/user/sha/Run2FULL/2016PreVFP/DATA/DoubleMuon/crab_DoubleMuon_Run2016B-ver2/240205_133752//0002/SSBTree_2048.root
adding: dcap://cluster142.knu.ac.kr//pnfs/knu.ac.kr/data/cms/store/user/sha/Run2FULL/2016PreVFP/DATA/DoubleMuon/crab_DoubleMuon_Run2016B-ver2/240205_133752//0002/SSBTree_2049.root
adding: dcap://cluster142.knu.ac.kr//pnfs/knu.ac.kr/data/cms/store/user/sha/Run2FULL/2016PreVFP/DATA/DoubleMuon/crab_DoubleMuon_Run2016B-ver2/240205_133752//0002/SSBTree_2050.root
Total number of events after merging root files: 301518
Event 0
Event 10000
Event 20000
Event 30000
Event 40000
Event 50000
Event 60000
Event 70000
Event 80000
Event 90000
Event 100000
Event 110000
Event 120000
Event 130000
Event 140000
Event 150000
Event 160000
Event 170000
Event 180000
Event 190000
Event 200000
Event 210000
Event 220000
Event 230000
Event 240000
Event 250000
Event 260000
Event 270000
Event 280000
Event 290000
Event 300000
Total processed number of events: 301518
End processing...

The number of options is: 2
Option 0 = ./TopMass_analysis
Option 1 = DoubleMuon_Run2016Bv2/DoubleMuon_Run2016Bv2_232.list
Option 2 = DoubleMuon_Run2016Bv2/DoubleMuon_Run2016Bv2_232.txt
Input filelist = DoubleMuon_Run2016Bv2/DoubleMuon_Run2016Bv2_232.list
Output file name = DoubleMuon_Run2016Bv2/DoubleMuon_Run2016Bv2_232.txt


start merging file(s)
adding: dcap://cluster142.knu.ac.kr//pnfs/knu.ac.kr/data/cms/store/user/sha/Run2FULL/2016PreVFP/DATA/DoubleMuon/crab_DoubleMuon_Run2016B-ver2/240205_133752//0002/SSBTree_2311.root
adding: dcap://cluster142.knu.ac.kr//pnfs/knu.ac.kr/data/cms/store/user/sha/Run2FULL/2016PreVFP/DATA/DoubleMuon/crab_DoubleMuon_Run2016B-ver2/240205_133752//0002/SSBTree_2312.root
adding: dcap://cluster142.knu.ac.kr//pnfs/knu.ac.kr/data/cms/store/user/sha/Run2FULL/2016PreVFP/DATA/DoubleMuon/crab_DoubleMuon_Run2016B-ver2/240205_133752//0002/SSBTree_2313.root
adding: dcap://cluster142.knu.ac.kr//pnfs/knu.ac.kr/data/cms/store/user/sha/Run2FULL/2016PreVFP/DATA/DoubleMuon/crab_DoubleMuon_Run2016B-ver2/240205_133752//0002/SSBTree_2314.root
adding: dcap://cluster142.knu.ac.kr//pnfs/knu.ac.kr/data/cms/store/user/sha/Run2FULL/2016PreVFP/DATA/DoubleMuon/crab_DoubleMuon_Run2016B-ver2/240205_133752//0002/SSBTree_2315.root
adding: dcap://cluster142.knu.ac.kr//pnfs/knu.ac.kr/data/cms/store/user/sha/Run2FULL/2016PreVFP/DATA/DoubleMuon/crab_DoubleMuon_Run2016B-ver2/240205_133752//0002/SSBTree_2316.root
adding: dcap://cluster142.knu.ac.kr//pnfs/knu.ac.kr/data/cms/store/user/sha/Run2FULL/2016PreVFP/DATA/DoubleMuon/crab_DoubleMuon_Run2016B-ver2/240205_133752//0002/SSBTree_2317.root
adding: dcap://cluster142.knu.ac.kr//pnfs/knu.ac.kr/data/cms/store/user/sha/Run2FULL/2016PreVFP/DATA/DoubleMuon/crab_DoubleMuon_Run2016B-ver2/240205_133752//0002/SSBTree_2318.root
adding: dcap://cluster142.knu.ac.kr//pnfs/knu.ac.kr/data/cms/store/user/sha/Run2FULL/2016PreVFP/DATA/DoubleMuon/crab_DoubleMuon_Run2016B-ver2/240205_133752//0002/SSBTree_2319.root
adding: dcap://cluster142.knu.ac.kr//pnfs/knu.ac.kr/data/cms/store/user/sha/Run2FULL/2016PreVFP/DATA/DoubleMuon/crab_DoubleMuon_Run2016B-ver2/240205_133752//0002/SSBTree_2320.root
Total number of events after merging root files: 347318
Event 0
Event 10000
Event 20000
Event 30000
Event 40000
Event 50000
Event 60000
Event 70000
Event 80000
Event 90000
Event 100000
Event 110000
Event 120000
Event 130000
Event 140000
Event 150000
Event 160000
Event 170000
Event 180000
Event 190000
Event 200000
Event 210000
Event 220000
Event 230000
Event 240000
Event 250000
Event 260000
Event 270000
Event 280000
Event 290000
Event 300000
Event 310000
Event 320000
Event 330000
Event 340000
Total processed number of events: 347318
End processing...

The number of options is: 2
Option 0 = ./TopMass_analysis
Option 1 = DoubleMuon_Run2016Bv2/DoubleMuon_Run2016Bv2_259.list
Option 2 = DoubleMuon_Run2016Bv2/DoubleMuon_Run2016Bv2_259.txt
Input filelist = DoubleMuon_Run2016Bv2/DoubleMuon_Run2016Bv2_259.list
Output file name = DoubleMuon_Run2016Bv2/DoubleMuon_Run2016Bv2_259.txt


start merging file(s)
adding: dcap://cluster142.knu.ac.kr//pnfs/knu.ac.kr/data/cms/store/user/sha/Run2FULL/2016PreVFP/DATA/DoubleMuon/crab_DoubleMuon_Run2016B-ver2/240205_133752//0002/SSBTree_2581.root
adding: dcap://cluster142.knu.ac.kr//pnfs/knu.ac.kr/data/cms/store/user/sha/Run2FULL/2016PreVFP/DATA/DoubleMuon/crab_DoubleMuon_Run2016B-ver2/240205_133752//0002/SSBTree_2582.root
adding: dcap://cluster142.knu.ac.kr//pnfs/knu.ac.kr/data/cms/store/user/sha/Run2FULL/2016PreVFP/DATA/DoubleMuon/crab_DoubleMuon_Run2016B-ver2/240205_133752//0002/SSBTree_2583.root
adding: dcap://cluster142.knu.ac.kr//pnfs/knu.ac.kr/data/cms/store/user/sha/Run2FULL/2016PreVFP/DATA/DoubleMuon/crab_DoubleMuon_Run2016B-ver2/240205_133752//0002/SSBTree_2584.root
adding: dcap://cluster142.knu.ac.kr//pnfs/knu.ac.kr/data/cms/store/user/sha/Run2FULL/2016PreVFP/DATA/DoubleMuon/crab_DoubleMuon_Run2016B-ver2/240205_133752//0002/SSBTree_2585.root
adding: dcap://cluster142.knu.ac.kr//pnfs/knu.ac.kr/data/cms/store/user/sha/Run2FULL/2016PreVFP/DATA/DoubleMuon/crab_DoubleMuon_Run2016B-ver2/240205_133752//0002/SSBTree_2586.root
adding: dcap://cluster142.knu.ac.kr//pnfs/knu.ac.kr/data/cms/store/user/sha/Run2FULL/2016PreVFP/DATA/DoubleMuon/crab_DoubleMuon_Run2016B-ver2/240205_133752//0002/SSBTree_2587.root
adding: dcap://cluster142.knu.ac.kr//pnfs/knu.ac.kr/data/cms/store/user/sha/Run2FULL/2016PreVFP/DATA/DoubleMuon/crab_DoubleMuon_Run2016B-ver2/240205_133752//0002/SSBTree_2588.root
adding: dcap://cluster142.knu.ac.kr//pnfs/knu.ac.kr/data/cms/store/user/sha/Run2FULL/2016PreVFP/DATA/DoubleMuon/crab_DoubleMuon_Run2016B-ver2/240205_133752//0002/SSBTree_2589.root
adding: dcap://cluster142.knu.ac.kr//pnfs/knu.ac.kr/data/cms/store/user/sha/Run2FULL/2016PreVFP/DATA/DoubleMuon/crab_DoubleMuon_Run2016B-ver2/240205_133752//0002/SSBTree_2590.root
Total number of events after merging root files: 360673
Event 0
Event 10000
Event 20000
Event 30000
Event 40000
Event 50000
Event 60000
Event 70000
Event 80000
Event 90000
Event 100000
Event 110000
Event 120000
Event 130000
Event 140000
Event 150000
Event 160000
Event 170000
Event 180000
Event 190000
Event 200000
Event 210000
Event 220000
Event 230000
Event 240000
Event 250000
Event 260000
Event 270000
Event 280000
Event 290000
Event 300000
Event 310000
Event 320000
Event 330000
Event 340000
Event 350000
Event 360000
Total processed number of events: 360673
End processing...

