The number of options is: 2
Option 0 = ./TopMass_analysis
Option 1 = DoubleMuon_Run2016Bv2/DoubleMuon_Run2016Bv2_3.list
Option 2 = DoubleMuon_Run2016Bv2/DoubleMuon_Run2016Bv2_3.txt
Input filelist = DoubleMuon_Run2016Bv2/DoubleMuon_Run2016Bv2_3.list
Output file name = DoubleMuon_Run2016Bv2/DoubleMuon_Run2016Bv2_3.txt


start merging file(s)
adding: dcap://cluster142.knu.ac.kr//pnfs/knu.ac.kr/data/cms/store/user/sha/Run2FULL/2016PreVFP/DATA/DoubleMuon/crab_DoubleMuon_Run2016B-ver2/240205_133752//0000/SSBTree_119.root
adding: dcap://cluster142.knu.ac.kr//pnfs/knu.ac.kr/data/cms/store/user/sha/Run2FULL/2016PreVFP/DATA/DoubleMuon/crab_DoubleMuon_Run2016B-ver2/240205_133752//0000/SSBTree_11.root
adding: dcap://cluster142.knu.ac.kr//pnfs/knu.ac.kr/data/cms/store/user/sha/Run2FULL/2016PreVFP/DATA/DoubleMuon/crab_DoubleMuon_Run2016B-ver2/240205_133752//0000/SSBTree_120.root
adding: dcap://cluster142.knu.ac.kr//pnfs/knu.ac.kr/data/cms/store/user/sha/Run2FULL/2016PreVFP/DATA/DoubleMuon/crab_DoubleMuon_Run2016B-ver2/240205_133752//0000/SSBTree_121.root
adding: dcap://cluster142.knu.ac.kr//pnfs/knu.ac.kr/data/cms/store/user/sha/Run2FULL/2016PreVFP/DATA/DoubleMuon/crab_DoubleMuon_Run2016B-ver2/240205_133752//0000/SSBTree_122.root
adding: dcap://cluster142.knu.ac.kr//pnfs/knu.ac.kr/data/cms/store/user/sha/Run2FULL/2016PreVFP/DATA/DoubleMuon/crab_DoubleMuon_Run2016B-ver2/240205_133752//0000/SSBTree_123.root
adding: dcap://cluster142.knu.ac.kr//pnfs/knu.ac.kr/data/cms/store/user/sha/Run2FULL/2016PreVFP/DATA/DoubleMuon/crab_DoubleMuon_Run2016B-ver2/240205_133752//0000/SSBTree_124.root
adding: dcap://cluster142.knu.ac.kr//pnfs/knu.ac.kr/data/cms/store/user/sha/Run2FULL/2016PreVFP/DATA/DoubleMuon/crab_DoubleMuon_Run2016B-ver2/240205_133752//0000/SSBTree_125.root
adding: dcap://cluster142.knu.ac.kr//pnfs/knu.ac.kr/data/cms/store/user/sha/Run2FULL/2016PreVFP/DATA/DoubleMuon/crab_DoubleMuon_Run2016B-ver2/240205_133752//0000/SSBTree_126.root
adding: dcap://cluster142.knu.ac.kr//pnfs/knu.ac.kr/data/cms/store/user/sha/Run2FULL/2016PreVFP/DATA/DoubleMuon/crab_DoubleMuon_Run2016B-ver2/240205_133752//0000/SSBTree_127.root
Total number of events after merging root files: 347609
Event 0
Event 10000
Event 20000
Event 30000
Event 40000
Event 50000
Event 60000
Event 70000
Event 80000
Event 90000
Event 100000
Event 110000
Event 120000
Event 130000
Event 140000
Event 150000
Event 160000
Event 170000
Event 180000
Event 190000
Event 200000
Event 210000
Event 220000
Event 230000
Event 240000
Event 250000
Event 260000
Event 270000
Event 280000
Event 290000
Event 300000
Event 310000
Event 320000
Event 330000
Event 340000
Total processed number of events: 347609
End processing...

The number of options is: 2
Option 0 = ./TopMass_analysis
Option 1 = DoubleMuon_Run2016Bv2/DoubleMuon_Run2016Bv2_30.list
Option 2 = DoubleMuon_Run2016Bv2/DoubleMuon_Run2016Bv2_30.txt
Input filelist = DoubleMuon_Run2016Bv2/DoubleMuon_Run2016Bv2_30.list
Output file name = DoubleMuon_Run2016Bv2/DoubleMuon_Run2016Bv2_30.txt


start merging file(s)
adding: dcap://cluster142.knu.ac.kr//pnfs/knu.ac.kr/data/cms/store/user/sha/Run2FULL/2016PreVFP/DATA/DoubleMuon/crab_DoubleMuon_Run2016B-ver2/240205_133752//0000/SSBTree_362.root
adding: dcap://cluster142.knu.ac.kr//pnfs/knu.ac.kr/data/cms/store/user/sha/Run2FULL/2016PreVFP/DATA/DoubleMuon/crab_DoubleMuon_Run2016B-ver2/240205_133752//0000/SSBTree_363.root
adding: dcap://cluster142.knu.ac.kr//pnfs/knu.ac.kr/data/cms/store/user/sha/Run2FULL/2016PreVFP/DATA/DoubleMuon/crab_DoubleMuon_Run2016B-ver2/240205_133752//0000/SSBTree_364.root
adding: dcap://cluster142.knu.ac.kr//pnfs/knu.ac.kr/data/cms/store/user/sha/Run2FULL/2016PreVFP/DATA/DoubleMuon/crab_DoubleMuon_Run2016B-ver2/240205_133752//0000/SSBTree_365.root
adding: dcap://cluster142.knu.ac.kr//pnfs/knu.ac.kr/data/cms/store/user/sha/Run2FULL/2016PreVFP/DATA/DoubleMuon/crab_DoubleMuon_Run2016B-ver2/240205_133752//0000/SSBTree_366.root
adding: dcap://cluster142.knu.ac.kr//pnfs/knu.ac.kr/data/cms/store/user/sha/Run2FULL/2016PreVFP/DATA/DoubleMuon/crab_DoubleMuon_Run2016B-ver2/240205_133752//0000/SSBTree_367.root
adding: dcap://cluster142.knu.ac.kr//pnfs/knu.ac.kr/data/cms/store/user/sha/Run2FULL/2016PreVFP/DATA/DoubleMuon/crab_DoubleMuon_Run2016B-ver2/240205_133752//0000/SSBTree_368.root
adding: dcap://cluster142.knu.ac.kr//pnfs/knu.ac.kr/data/cms/store/user/sha/Run2FULL/2016PreVFP/DATA/DoubleMuon/crab_DoubleMuon_Run2016B-ver2/240205_133752//0000/SSBTree_369.root
adding: dcap://cluster142.knu.ac.kr//pnfs/knu.ac.kr/data/cms/store/user/sha/Run2FULL/2016PreVFP/DATA/DoubleMuon/crab_DoubleMuon_Run2016B-ver2/240205_133752//0000/SSBTree_36.root
adding: dcap://cluster142.knu.ac.kr//pnfs/knu.ac.kr/data/cms/store/user/sha/Run2FULL/2016PreVFP/DATA/DoubleMuon/crab_DoubleMuon_Run2016B-ver2/240205_133752//0000/SSBTree_370.root
Total number of events after merging root files: 173400
Event 0
Event 10000
Event 20000
Event 30000
Event 40000
Event 50000
Event 60000
Event 70000
Event 80000
Event 90000
Event 100000
Event 110000
Event 120000
Event 130000
Event 140000
Event 150000
Event 160000
Event 170000
Total processed number of events: 173400
End processing...

The number of options is: 2
Option 0 = ./TopMass_analysis
Option 1 = DoubleMuon_Run2016Bv2/DoubleMuon_Run2016Bv2_57.list
Option 2 = DoubleMuon_Run2016Bv2/DoubleMuon_Run2016Bv2_57.txt
Input filelist = DoubleMuon_Run2016Bv2/DoubleMuon_Run2016Bv2_57.list
Output file name = DoubleMuon_Run2016Bv2/DoubleMuon_Run2016Bv2_57.txt


start merging file(s)
adding: dcap://cluster142.knu.ac.kr//pnfs/knu.ac.kr/data/cms/store/user/sha/Run2FULL/2016PreVFP/DATA/DoubleMuon/crab_DoubleMuon_Run2016B-ver2/240205_133752//0000/SSBTree_605.root
adding: dcap://cluster142.knu.ac.kr//pnfs/knu.ac.kr/data/cms/store/user/sha/Run2FULL/2016PreVFP/DATA/DoubleMuon/crab_DoubleMuon_Run2016B-ver2/240205_133752//0000/SSBTree_606.root
adding: dcap://cluster142.knu.ac.kr//pnfs/knu.ac.kr/data/cms/store/user/sha/Run2FULL/2016PreVFP/DATA/DoubleMuon/crab_DoubleMuon_Run2016B-ver2/240205_133752//0000/SSBTree_607.root
adding: dcap://cluster142.knu.ac.kr//pnfs/knu.ac.kr/data/cms/store/user/sha/Run2FULL/2016PreVFP/DATA/DoubleMuon/crab_DoubleMuon_Run2016B-ver2/240205_133752//0000/SSBTree_608.root
adding: dcap://cluster142.knu.ac.kr//pnfs/knu.ac.kr/data/cms/store/user/sha/Run2FULL/2016PreVFP/DATA/DoubleMuon/crab_DoubleMuon_Run2016B-ver2/240205_133752//0000/SSBTree_609.root
adding: dcap://cluster142.knu.ac.kr//pnfs/knu.ac.kr/data/cms/store/user/sha/Run2FULL/2016PreVFP/DATA/DoubleMuon/crab_DoubleMuon_Run2016B-ver2/240205_133752//0000/SSBTree_60.root
adding: dcap://cluster142.knu.ac.kr//pnfs/knu.ac.kr/data/cms/store/user/sha/Run2FULL/2016PreVFP/DATA/DoubleMuon/crab_DoubleMuon_Run2016B-ver2/240205_133752//0000/SSBTree_610.root
adding: dcap://cluster142.knu.ac.kr//pnfs/knu.ac.kr/data/cms/store/user/sha/Run2FULL/2016PreVFP/DATA/DoubleMuon/crab_DoubleMuon_Run2016B-ver2/240205_133752//0000/SSBTree_611.root
adding: dcap://cluster142.knu.ac.kr//pnfs/knu.ac.kr/data/cms/store/user/sha/Run2FULL/2016PreVFP/DATA/DoubleMuon/crab_DoubleMuon_Run2016B-ver2/240205_133752//0000/SSBTree_612.root
adding: dcap://cluster142.knu.ac.kr//pnfs/knu.ac.kr/data/cms/store/user/sha/Run2FULL/2016PreVFP/DATA/DoubleMuon/crab_DoubleMuon_Run2016B-ver2/240205_133752//0000/SSBTree_613.root
Total number of events after merging root files: 350410
Event 0
Event 10000
Event 20000
Event 30000
Event 40000
Event 50000
Event 60000
Event 70000
Event 80000
Event 90000
Event 100000
Event 110000
Event 120000
Event 130000
Event 140000
Event 150000
Event 160000
Event 170000
Event 180000
Event 190000
Event 200000
Event 210000
Event 220000
Event 230000
Event 240000
Event 250000
Event 260000
Event 270000
Event 280000
Event 290000
Event 300000
Event 310000
Event 320000
Event 330000
Event 340000
Event 350000
Total processed number of events: 350410
End processing...

The number of options is: 2
Option 0 = ./TopMass_analysis
Option 1 = DoubleMuon_Run2016Bv2/DoubleMuon_Run2016Bv2_84.list
Option 2 = DoubleMuon_Run2016Bv2/DoubleMuon_Run2016Bv2_84.txt
Input filelist = DoubleMuon_Run2016Bv2/DoubleMuon_Run2016Bv2_84.list
Output file name = DoubleMuon_Run2016Bv2/DoubleMuon_Run2016Bv2_84.txt


start merging file(s)
adding: dcap://cluster142.knu.ac.kr//pnfs/knu.ac.kr/data/cms/store/user/sha/Run2FULL/2016PreVFP/DATA/DoubleMuon/crab_DoubleMuon_Run2016B-ver2/240205_133752//0000/SSBTree_849.root
adding: dcap://cluster142.knu.ac.kr//pnfs/knu.ac.kr/data/cms/store/user/sha/Run2FULL/2016PreVFP/DATA/DoubleMuon/crab_DoubleMuon_Run2016B-ver2/240205_133752//0000/SSBTree_84.root
adding: dcap://cluster142.knu.ac.kr//pnfs/knu.ac.kr/data/cms/store/user/sha/Run2FULL/2016PreVFP/DATA/DoubleMuon/crab_DoubleMuon_Run2016B-ver2/240205_133752//0000/SSBTree_850.root
adding: dcap://cluster142.knu.ac.kr//pnfs/knu.ac.kr/data/cms/store/user/sha/Run2FULL/2016PreVFP/DATA/DoubleMuon/crab_DoubleMuon_Run2016B-ver2/240205_133752//0000/SSBTree_851.root
adding: dcap://cluster142.knu.ac.kr//pnfs/knu.ac.kr/data/cms/store/user/sha/Run2FULL/2016PreVFP/DATA/DoubleMuon/crab_DoubleMuon_Run2016B-ver2/240205_133752//0000/SSBTree_852.root
adding: dcap://cluster142.knu.ac.kr//pnfs/knu.ac.kr/data/cms/store/user/sha/Run2FULL/2016PreVFP/DATA/DoubleMuon/crab_DoubleMuon_Run2016B-ver2/240205_133752//0000/SSBTree_853.root
adding: dcap://cluster142.knu.ac.kr//pnfs/knu.ac.kr/data/cms/store/user/sha/Run2FULL/2016PreVFP/DATA/DoubleMuon/crab_DoubleMuon_Run2016B-ver2/240205_133752//0000/SSBTree_854.root
adding: dcap://cluster142.knu.ac.kr//pnfs/knu.ac.kr/data/cms/store/user/sha/Run2FULL/2016PreVFP/DATA/DoubleMuon/crab_DoubleMuon_Run2016B-ver2/240205_133752//0000/SSBTree_855.root
adding: dcap://cluster142.knu.ac.kr//pnfs/knu.ac.kr/data/cms/store/user/sha/Run2FULL/2016PreVFP/DATA/DoubleMuon/crab_DoubleMuon_Run2016B-ver2/240205_133752//0000/SSBTree_856.root
adding: dcap://cluster142.knu.ac.kr//pnfs/knu.ac.kr/data/cms/store/user/sha/Run2FULL/2016PreVFP/DATA/DoubleMuon/crab_DoubleMuon_Run2016B-ver2/240205_133752//0000/SSBTree_857.root
Total number of events after merging root files: 295042
Event 0
Event 10000
Event 20000
Event 30000
Event 40000
Event 50000
Event 60000
Event 70000
Event 80000
Event 90000
Event 100000
Event 110000
Event 120000
Event 130000
Event 140000
Event 150000
Event 160000
Event 170000
Event 180000
Event 190000
Event 200000
Event 210000
Event 220000
Event 230000
Event 240000
Event 250000
Event 260000
Event 270000
Event 280000
Event 290000
Total processed number of events: 295042
End processing...

The number of options is: 2
Option 0 = ./TopMass_analysis
Option 1 = DoubleMuon_Run2016Bv2/DoubleMuon_Run2016Bv2_111.list
Option 2 = DoubleMuon_Run2016Bv2/DoubleMuon_Run2016Bv2_111.txt
Input filelist = DoubleMuon_Run2016Bv2/DoubleMuon_Run2016Bv2_111.list
Output file name = DoubleMuon_Run2016Bv2/DoubleMuon_Run2016Bv2_111.txt


start merging file(s)
adding: dcap://cluster142.knu.ac.kr//pnfs/knu.ac.kr/data/cms/store/user/sha/Run2FULL/2016PreVFP/DATA/DoubleMuon/crab_DoubleMuon_Run2016B-ver2/240205_133752//0001/SSBTree_1101.root
adding: dcap://cluster142.knu.ac.kr//pnfs/knu.ac.kr/data/cms/store/user/sha/Run2FULL/2016PreVFP/DATA/DoubleMuon/crab_DoubleMuon_Run2016B-ver2/240205_133752//0001/SSBTree_1102.root
adding: dcap://cluster142.knu.ac.kr//pnfs/knu.ac.kr/data/cms/store/user/sha/Run2FULL/2016PreVFP/DATA/DoubleMuon/crab_DoubleMuon_Run2016B-ver2/240205_133752//0001/SSBTree_1103.root
adding: dcap://cluster142.knu.ac.kr//pnfs/knu.ac.kr/data/cms/store/user/sha/Run2FULL/2016PreVFP/DATA/DoubleMuon/crab_DoubleMuon_Run2016B-ver2/240205_133752//0001/SSBTree_1104.root
adding: dcap://cluster142.knu.ac.kr//pnfs/knu.ac.kr/data/cms/store/user/sha/Run2FULL/2016PreVFP/DATA/DoubleMuon/crab_DoubleMuon_Run2016B-ver2/240205_133752//0001/SSBTree_1105.root
adding: dcap://cluster142.knu.ac.kr//pnfs/knu.ac.kr/data/cms/store/user/sha/Run2FULL/2016PreVFP/DATA/DoubleMuon/crab_DoubleMuon_Run2016B-ver2/240205_133752//0001/SSBTree_1106.root
adding: dcap://cluster142.knu.ac.kr//pnfs/knu.ac.kr/data/cms/store/user/sha/Run2FULL/2016PreVFP/DATA/DoubleMuon/crab_DoubleMuon_Run2016B-ver2/240205_133752//0001/SSBTree_1107.root
adding: dcap://cluster142.knu.ac.kr//pnfs/knu.ac.kr/data/cms/store/user/sha/Run2FULL/2016PreVFP/DATA/DoubleMuon/crab_DoubleMuon_Run2016B-ver2/240205_133752//0001/SSBTree_1108.root
adding: dcap://cluster142.knu.ac.kr//pnfs/knu.ac.kr/data/cms/store/user/sha/Run2FULL/2016PreVFP/DATA/DoubleMuon/crab_DoubleMuon_Run2016B-ver2/240205_133752//0001/SSBTree_1109.root
adding: dcap://cluster142.knu.ac.kr//pnfs/knu.ac.kr/data/cms/store/user/sha/Run2FULL/2016PreVFP/DATA/DoubleMuon/crab_DoubleMuon_Run2016B-ver2/240205_133752//0001/SSBTree_1110.root
Total number of events after merging root files: 290943
Event 0
Event 10000
Event 20000
Event 30000
Event 40000
Event 50000
Event 60000
Event 70000
Event 80000
Event 90000
Event 100000
Event 110000
Event 120000
Event 130000
Event 140000
Event 150000
Event 160000
Event 170000
Event 180000
Event 190000
Event 200000
Event 210000
Event 220000
Event 230000
Event 240000
Event 250000
Event 260000
Event 270000
Event 280000
Event 290000
Total processed number of events: 290943
End processing...

The number of options is: 2
Option 0 = ./TopMass_analysis
Option 1 = DoubleMuon_Run2016Bv2/DoubleMuon_Run2016Bv2_138.list
Option 2 = DoubleMuon_Run2016Bv2/DoubleMuon_Run2016Bv2_138.txt
Input filelist = DoubleMuon_Run2016Bv2/DoubleMuon_Run2016Bv2_138.list
Output file name = DoubleMuon_Run2016Bv2/DoubleMuon_Run2016Bv2_138.txt


start merging file(s)
adding: dcap://cluster142.knu.ac.kr//pnfs/knu.ac.kr/data/cms/store/user/sha/Run2FULL/2016PreVFP/DATA/DoubleMuon/crab_DoubleMuon_Run2016B-ver2/240205_133752//0001/SSBTree_1371.root
adding: dcap://cluster142.knu.ac.kr//pnfs/knu.ac.kr/data/cms/store/user/sha/Run2FULL/2016PreVFP/DATA/DoubleMuon/crab_DoubleMuon_Run2016B-ver2/240205_133752//0001/SSBTree_1372.root
adding: dcap://cluster142.knu.ac.kr//pnfs/knu.ac.kr/data/cms/store/user/sha/Run2FULL/2016PreVFP/DATA/DoubleMuon/crab_DoubleMuon_Run2016B-ver2/240205_133752//0001/SSBTree_1373.root
adding: dcap://cluster142.knu.ac.kr//pnfs/knu.ac.kr/data/cms/store/user/sha/Run2FULL/2016PreVFP/DATA/DoubleMuon/crab_DoubleMuon_Run2016B-ver2/240205_133752//0001/SSBTree_1374.root
adding: dcap://cluster142.knu.ac.kr//pnfs/knu.ac.kr/data/cms/store/user/sha/Run2FULL/2016PreVFP/DATA/DoubleMuon/crab_DoubleMuon_Run2016B-ver2/240205_133752//0001/SSBTree_1375.root
adding: dcap://cluster142.knu.ac.kr//pnfs/knu.ac.kr/data/cms/store/user/sha/Run2FULL/2016PreVFP/DATA/DoubleMuon/crab_DoubleMuon_Run2016B-ver2/240205_133752//0001/SSBTree_1376.root
adding: dcap://cluster142.knu.ac.kr//pnfs/knu.ac.kr/data/cms/store/user/sha/Run2FULL/2016PreVFP/DATA/DoubleMuon/crab_DoubleMuon_Run2016B-ver2/240205_133752//0001/SSBTree_1377.root
adding: dcap://cluster142.knu.ac.kr//pnfs/knu.ac.kr/data/cms/store/user/sha/Run2FULL/2016PreVFP/DATA/DoubleMuon/crab_DoubleMuon_Run2016B-ver2/240205_133752//0001/SSBTree_1378.root
adding: dcap://cluster142.knu.ac.kr//pnfs/knu.ac.kr/data/cms/store/user/sha/Run2FULL/2016PreVFP/DATA/DoubleMuon/crab_DoubleMuon_Run2016B-ver2/240205_133752//0001/SSBTree_1379.root
adding: dcap://cluster142.knu.ac.kr//pnfs/knu.ac.kr/data/cms/store/user/sha/Run2FULL/2016PreVFP/DATA/DoubleMuon/crab_DoubleMuon_Run2016B-ver2/240205_133752//0001/SSBTree_1380.root
Total number of events after merging root files: 361651
Event 0
Event 10000
Event 20000
Event 30000
Event 40000
Event 50000
Event 60000
Event 70000
Event 80000
Event 90000
Event 100000
Event 110000
Event 120000
Event 130000
Event 140000
Event 150000
Event 160000
Event 170000
Event 180000
Event 190000
Event 200000
Event 210000
Event 220000
Event 230000
Event 240000
Event 250000
Event 260000
Event 270000
Event 280000
Event 290000
Event 300000
Event 310000
Event 320000
Event 330000
Event 340000
Event 350000
Event 360000
Total processed number of events: 361651
End processing...

The number of options is: 2
Option 0 = ./TopMass_analysis
Option 1 = DoubleMuon_Run2016Bv2/DoubleMuon_Run2016Bv2_165.list
Option 2 = DoubleMuon_Run2016Bv2/DoubleMuon_Run2016Bv2_165.txt
Input filelist = DoubleMuon_Run2016Bv2/DoubleMuon_Run2016Bv2_165.list
Output file name = DoubleMuon_Run2016Bv2/DoubleMuon_Run2016Bv2_165.txt


start merging file(s)
adding: dcap://cluster142.knu.ac.kr//pnfs/knu.ac.kr/data/cms/store/user/sha/Run2FULL/2016PreVFP/DATA/DoubleMuon/crab_DoubleMuon_Run2016B-ver2/240205_133752//0001/SSBTree_1641.root
adding: dcap://cluster142.knu.ac.kr//pnfs/knu.ac.kr/data/cms/store/user/sha/Run2FULL/2016PreVFP/DATA/DoubleMuon/crab_DoubleMuon_Run2016B-ver2/240205_133752//0001/SSBTree_1642.root
adding: dcap://cluster142.knu.ac.kr//pnfs/knu.ac.kr/data/cms/store/user/sha/Run2FULL/2016PreVFP/DATA/DoubleMuon/crab_DoubleMuon_Run2016B-ver2/240205_133752//0001/SSBTree_1643.root
adding: dcap://cluster142.knu.ac.kr//pnfs/knu.ac.kr/data/cms/store/user/sha/Run2FULL/2016PreVFP/DATA/DoubleMuon/crab_DoubleMuon_Run2016B-ver2/240205_133752//0001/SSBTree_1644.root
adding: dcap://cluster142.knu.ac.kr//pnfs/knu.ac.kr/data/cms/store/user/sha/Run2FULL/2016PreVFP/DATA/DoubleMuon/crab_DoubleMuon_Run2016B-ver2/240205_133752//0001/SSBTree_1645.root
adding: dcap://cluster142.knu.ac.kr//pnfs/knu.ac.kr/data/cms/store/user/sha/Run2FULL/2016PreVFP/DATA/DoubleMuon/crab_DoubleMuon_Run2016B-ver2/240205_133752//0001/SSBTree_1646.root
adding: dcap://cluster142.knu.ac.kr//pnfs/knu.ac.kr/data/cms/store/user/sha/Run2FULL/2016PreVFP/DATA/DoubleMuon/crab_DoubleMuon_Run2016B-ver2/240205_133752//0001/SSBTree_1647.root
adding: dcap://cluster142.knu.ac.kr//pnfs/knu.ac.kr/data/cms/store/user/sha/Run2FULL/2016PreVFP/DATA/DoubleMuon/crab_DoubleMuon_Run2016B-ver2/240205_133752//0001/SSBTree_1648.root
adding: dcap://cluster142.knu.ac.kr//pnfs/knu.ac.kr/data/cms/store/user/sha/Run2FULL/2016PreVFP/DATA/DoubleMuon/crab_DoubleMuon_Run2016B-ver2/240205_133752//0001/SSBTree_1649.root
adding: dcap://cluster142.knu.ac.kr//pnfs/knu.ac.kr/data/cms/store/user/sha/Run2FULL/2016PreVFP/DATA/DoubleMuon/crab_DoubleMuon_Run2016B-ver2/240205_133752//0001/SSBTree_1650.root
Total number of events after merging root files: 243220
Event 0
Event 10000
Event 20000
Event 30000
Event 40000
Event 50000
Event 60000
Event 70000
Event 80000
Event 90000
Event 100000
Event 110000
Event 120000
Event 130000
Event 140000
Event 150000
Event 160000
Event 170000
Event 180000
Event 190000
Event 200000
Event 210000
Event 220000
Event 230000
Event 240000
Total processed number of events: 243220
End processing...

The number of options is: 2
Option 0 = ./TopMass_analysis
Option 1 = DoubleMuon_Run2016Bv2/DoubleMuon_Run2016Bv2_192.list
Option 2 = DoubleMuon_Run2016Bv2/DoubleMuon_Run2016Bv2_192.txt
Input filelist = DoubleMuon_Run2016Bv2/DoubleMuon_Run2016Bv2_192.list
Output file name = DoubleMuon_Run2016Bv2/DoubleMuon_Run2016Bv2_192.txt


start merging file(s)
adding: dcap://cluster142.knu.ac.kr//pnfs/knu.ac.kr/data/cms/store/user/sha/Run2FULL/2016PreVFP/DATA/DoubleMuon/crab_DoubleMuon_Run2016B-ver2/240205_133752//0001/SSBTree_1911.root
adding: dcap://cluster142.knu.ac.kr//pnfs/knu.ac.kr/data/cms/store/user/sha/Run2FULL/2016PreVFP/DATA/DoubleMuon/crab_DoubleMuon_Run2016B-ver2/240205_133752//0001/SSBTree_1912.root
adding: dcap://cluster142.knu.ac.kr//pnfs/knu.ac.kr/data/cms/store/user/sha/Run2FULL/2016PreVFP/DATA/DoubleMuon/crab_DoubleMuon_Run2016B-ver2/240205_133752//0001/SSBTree_1913.root
adding: dcap://cluster142.knu.ac.kr//pnfs/knu.ac.kr/data/cms/store/user/sha/Run2FULL/2016PreVFP/DATA/DoubleMuon/crab_DoubleMuon_Run2016B-ver2/240205_133752//0001/SSBTree_1914.root
adding: dcap://cluster142.knu.ac.kr//pnfs/knu.ac.kr/data/cms/store/user/sha/Run2FULL/2016PreVFP/DATA/DoubleMuon/crab_DoubleMuon_Run2016B-ver2/240205_133752//0001/SSBTree_1915.root
adding: dcap://cluster142.knu.ac.kr//pnfs/knu.ac.kr/data/cms/store/user/sha/Run2FULL/2016PreVFP/DATA/DoubleMuon/crab_DoubleMuon_Run2016B-ver2/240205_133752//0001/SSBTree_1916.root
adding: dcap://cluster142.knu.ac.kr//pnfs/knu.ac.kr/data/cms/store/user/sha/Run2FULL/2016PreVFP/DATA/DoubleMuon/crab_DoubleMuon_Run2016B-ver2/240205_133752//0001/SSBTree_1917.root
adding: dcap://cluster142.knu.ac.kr//pnfs/knu.ac.kr/data/cms/store/user/sha/Run2FULL/2016PreVFP/DATA/DoubleMuon/crab_DoubleMuon_Run2016B-ver2/240205_133752//0001/SSBTree_1918.root
adding: dcap://cluster142.knu.ac.kr//pnfs/knu.ac.kr/data/cms/store/user/sha/Run2FULL/2016PreVFP/DATA/DoubleMuon/crab_DoubleMuon_Run2016B-ver2/240205_133752//0001/SSBTree_1919.root
adding: dcap://cluster142.knu.ac.kr//pnfs/knu.ac.kr/data/cms/store/user/sha/Run2FULL/2016PreVFP/DATA/DoubleMuon/crab_DoubleMuon_Run2016B-ver2/240205_133752//0001/SSBTree_1920.root
Total number of events after merging root files: 240193
Event 0
Event 10000
Event 20000
Event 30000
Event 40000
Event 50000
Event 60000
Event 70000
Event 80000
Event 90000
Event 100000
Event 110000
Event 120000
Event 130000
Event 140000
Event 150000
Event 160000
Event 170000
Event 180000
Event 190000
Event 200000
Event 210000
Event 220000
Event 230000
Event 240000
Total processed number of events: 240193
End processing...

The number of options is: 2
Option 0 = ./TopMass_analysis
Option 1 = DoubleMuon_Run2016Bv2/DoubleMuon_Run2016Bv2_219.list
Option 2 = DoubleMuon_Run2016Bv2/DoubleMuon_Run2016Bv2_219.txt
Input filelist = DoubleMuon_Run2016Bv2/DoubleMuon_Run2016Bv2_219.list
Output file name = DoubleMuon_Run2016Bv2/DoubleMuon_Run2016Bv2_219.txt


start merging file(s)
adding: dcap://cluster142.knu.ac.kr//pnfs/knu.ac.kr/data/cms/store/user/sha/Run2FULL/2016PreVFP/DATA/DoubleMuon/crab_DoubleMuon_Run2016B-ver2/240205_133752//0002/SSBTree_2181.root
adding: dcap://cluster142.knu.ac.kr//pnfs/knu.ac.kr/data/cms/store/user/sha/Run2FULL/2016PreVFP/DATA/DoubleMuon/crab_DoubleMuon_Run2016B-ver2/240205_133752//0002/SSBTree_2182.root
adding: dcap://cluster142.knu.ac.kr//pnfs/knu.ac.kr/data/cms/store/user/sha/Run2FULL/2016PreVFP/DATA/DoubleMuon/crab_DoubleMuon_Run2016B-ver2/240205_133752//0002/SSBTree_2183.root
adding: dcap://cluster142.knu.ac.kr//pnfs/knu.ac.kr/data/cms/store/user/sha/Run2FULL/2016PreVFP/DATA/DoubleMuon/crab_DoubleMuon_Run2016B-ver2/240205_133752//0002/SSBTree_2184.root
adding: dcap://cluster142.knu.ac.kr//pnfs/knu.ac.kr/data/cms/store/user/sha/Run2FULL/2016PreVFP/DATA/DoubleMuon/crab_DoubleMuon_Run2016B-ver2/240205_133752//0002/SSBTree_2185.root
adding: dcap://cluster142.knu.ac.kr//pnfs/knu.ac.kr/data/cms/store/user/sha/Run2FULL/2016PreVFP/DATA/DoubleMuon/crab_DoubleMuon_Run2016B-ver2/240205_133752//0002/SSBTree_2186.root
adding: dcap://cluster142.knu.ac.kr//pnfs/knu.ac.kr/data/cms/store/user/sha/Run2FULL/2016PreVFP/DATA/DoubleMuon/crab_DoubleMuon_Run2016B-ver2/240205_133752//0002/SSBTree_2187.root
adding: dcap://cluster142.knu.ac.kr//pnfs/knu.ac.kr/data/cms/store/user/sha/Run2FULL/2016PreVFP/DATA/DoubleMuon/crab_DoubleMuon_Run2016B-ver2/240205_133752//0002/SSBTree_2188.root
adding: dcap://cluster142.knu.ac.kr//pnfs/knu.ac.kr/data/cms/store/user/sha/Run2FULL/2016PreVFP/DATA/DoubleMuon/crab_DoubleMuon_Run2016B-ver2/240205_133752//0002/SSBTree_2189.root
adding: dcap://cluster142.knu.ac.kr//pnfs/knu.ac.kr/data/cms/store/user/sha/Run2FULL/2016PreVFP/DATA/DoubleMuon/crab_DoubleMuon_Run2016B-ver2/240205_133752//0002/SSBTree_2190.root
Total number of events after merging root files: 304215
Event 0
Event 10000
Event 20000
Event 30000
Event 40000
Event 50000
Event 60000
Event 70000
Event 80000
Event 90000
Event 100000
Event 110000
Event 120000
Event 130000
Event 140000
Event 150000
Event 160000
Event 170000
Event 180000
Event 190000
Event 200000
Event 210000
Event 220000
Event 230000
Event 240000
Event 250000
Event 260000
Event 270000
Event 280000
Event 290000
Event 300000
Total processed number of events: 304215
End processing...

The number of options is: 2
Option 0 = ./TopMass_analysis
Option 1 = DoubleMuon_Run2016Bv2/DoubleMuon_Run2016Bv2_246.list
Option 2 = DoubleMuon_Run2016Bv2/DoubleMuon_Run2016Bv2_246.txt
Input filelist = DoubleMuon_Run2016Bv2/DoubleMuon_Run2016Bv2_246.list
Output file name = DoubleMuon_Run2016Bv2/DoubleMuon_Run2016Bv2_246.txt


start merging file(s)
adding: dcap://cluster142.knu.ac.kr//pnfs/knu.ac.kr/data/cms/store/user/sha/Run2FULL/2016PreVFP/DATA/DoubleMuon/crab_DoubleMuon_Run2016B-ver2/240205_133752//0002/SSBTree_2451.root
adding: dcap://cluster142.knu.ac.kr//pnfs/knu.ac.kr/data/cms/store/user/sha/Run2FULL/2016PreVFP/DATA/DoubleMuon/crab_DoubleMuon_Run2016B-ver2/240205_133752//0002/SSBTree_2452.root
adding: dcap://cluster142.knu.ac.kr//pnfs/knu.ac.kr/data/cms/store/user/sha/Run2FULL/2016PreVFP/DATA/DoubleMuon/crab_DoubleMuon_Run2016B-ver2/240205_133752//0002/SSBTree_2453.root
adding: dcap://cluster142.knu.ac.kr//pnfs/knu.ac.kr/data/cms/store/user/sha/Run2FULL/2016PreVFP/DATA/DoubleMuon/crab_DoubleMuon_Run2016B-ver2/240205_133752//0002/SSBTree_2454.root
adding: dcap://cluster142.knu.ac.kr//pnfs/knu.ac.kr/data/cms/store/user/sha/Run2FULL/2016PreVFP/DATA/DoubleMuon/crab_DoubleMuon_Run2016B-ver2/240205_133752//0002/SSBTree_2455.root
adding: dcap://cluster142.knu.ac.kr//pnfs/knu.ac.kr/data/cms/store/user/sha/Run2FULL/2016PreVFP/DATA/DoubleMuon/crab_DoubleMuon_Run2016B-ver2/240205_133752//0002/SSBTree_2456.root
adding: dcap://cluster142.knu.ac.kr//pnfs/knu.ac.kr/data/cms/store/user/sha/Run2FULL/2016PreVFP/DATA/DoubleMuon/crab_DoubleMuon_Run2016B-ver2/240205_133752//0002/SSBTree_2457.root
adding: dcap://cluster142.knu.ac.kr//pnfs/knu.ac.kr/data/cms/store/user/sha/Run2FULL/2016PreVFP/DATA/DoubleMuon/crab_DoubleMuon_Run2016B-ver2/240205_133752//0002/SSBTree_2458.root
adding: dcap://cluster142.knu.ac.kr//pnfs/knu.ac.kr/data/cms/store/user/sha/Run2FULL/2016PreVFP/DATA/DoubleMuon/crab_DoubleMuon_Run2016B-ver2/240205_133752//0002/SSBTree_2459.root
adding: dcap://cluster142.knu.ac.kr//pnfs/knu.ac.kr/data/cms/store/user/sha/Run2FULL/2016PreVFP/DATA/DoubleMuon/crab_DoubleMuon_Run2016B-ver2/240205_133752//0002/SSBTree_2460.root
Total number of events after merging root files: 369128
Event 0
Event 10000
Event 20000
Event 30000
Event 40000
Event 50000
Event 60000
Event 70000
Event 80000
Event 90000
Event 100000
Event 110000
Event 120000
Event 130000
Event 140000
Event 150000
Event 160000
Event 170000
Event 180000
Event 190000
Event 200000
Event 210000
Event 220000
Event 230000
Event 240000
Event 250000
Event 260000
Event 270000
Event 280000
Event 290000
Event 300000
Event 310000
Event 320000
Event 330000
Event 340000
Event 350000
Event 360000
Total processed number of events: 369128
End processing...

