The number of options is: 2
Option 0 = ./TopMass_analysis
Option 1 = MuonEG_Run2016Bv2/MuonEG_Run2016Bv2_12.list
Option 2 = MuonEG_Run2016Bv2/MuonEG_Run2016Bv2_12.txt
Input filelist = MuonEG_Run2016Bv2/MuonEG_Run2016Bv2_12.list
Output file name = MuonEG_Run2016Bv2/MuonEG_Run2016Bv2_12.txt


start merging file(s)
adding: dcap://cluster142.knu.ac.kr//pnfs/knu.ac.kr/data/cms/store/user/sha/Run2FULL/2016PreVFP/DATA/MuonEG/crab_MuonEG_Run2016B-ver2/240205_154805//0000/SSBTree_1.root
adding: dcap://cluster142.knu.ac.kr//pnfs/knu.ac.kr/data/cms/store/user/sha/Run2FULL/2016PreVFP/DATA/MuonEG/crab_MuonEG_Run2016B-ver2/240205_154805//0000/SSBTree_200.root
adding: dcap://cluster142.knu.ac.kr//pnfs/knu.ac.kr/data/cms/store/user/sha/Run2FULL/2016PreVFP/DATA/MuonEG/crab_MuonEG_Run2016B-ver2/240205_154805//0000/SSBTree_201.root
adding: dcap://cluster142.knu.ac.kr//pnfs/knu.ac.kr/data/cms/store/user/sha/Run2FULL/2016PreVFP/DATA/MuonEG/crab_MuonEG_Run2016B-ver2/240205_154805//0000/SSBTree_202.root
adding: dcap://cluster142.knu.ac.kr//pnfs/knu.ac.kr/data/cms/store/user/sha/Run2FULL/2016PreVFP/DATA/MuonEG/crab_MuonEG_Run2016B-ver2/240205_154805//0000/SSBTree_203.root
adding: dcap://cluster142.knu.ac.kr//pnfs/knu.ac.kr/data/cms/store/user/sha/Run2FULL/2016PreVFP/DATA/MuonEG/crab_MuonEG_Run2016B-ver2/240205_154805//0000/SSBTree_204.root
adding: dcap://cluster142.knu.ac.kr//pnfs/knu.ac.kr/data/cms/store/user/sha/Run2FULL/2016PreVFP/DATA/MuonEG/crab_MuonEG_Run2016B-ver2/240205_154805//0000/SSBTree_205.root
adding: dcap://cluster142.knu.ac.kr//pnfs/knu.ac.kr/data/cms/store/user/sha/Run2FULL/2016PreVFP/DATA/MuonEG/crab_MuonEG_Run2016B-ver2/240205_154805//0000/SSBTree_206.root
adding: dcap://cluster142.knu.ac.kr//pnfs/knu.ac.kr/data/cms/store/user/sha/Run2FULL/2016PreVFP/DATA/MuonEG/crab_MuonEG_Run2016B-ver2/240205_154805//0000/SSBTree_207.root
adding: dcap://cluster142.knu.ac.kr//pnfs/knu.ac.kr/data/cms/store/user/sha/Run2FULL/2016PreVFP/DATA/MuonEG/crab_MuonEG_Run2016B-ver2/240205_154805//0000/SSBTree_208.root
Total number of events after merging root files: 49283
Event 0
Event 10000
Event 20000
Event 30000
Event 40000
Total processed number of events: 49283
End processing...

The number of options is: 2
Option 0 = ./TopMass_analysis
Option 1 = MuonEG_Run2016Bv2/MuonEG_Run2016Bv2_39.list
Option 2 = MuonEG_Run2016Bv2/MuonEG_Run2016Bv2_39.txt
Input filelist = MuonEG_Run2016Bv2/MuonEG_Run2016Bv2_39.list
Output file name = MuonEG_Run2016Bv2/MuonEG_Run2016Bv2_39.txt


start merging file(s)
adding: dcap://cluster142.knu.ac.kr//pnfs/knu.ac.kr/data/cms/store/user/sha/Run2FULL/2016PreVFP/DATA/MuonEG/crab_MuonEG_Run2016B-ver2/240205_154805//0000/SSBTree_443.root
adding: dcap://cluster142.knu.ac.kr//pnfs/knu.ac.kr/data/cms/store/user/sha/Run2FULL/2016PreVFP/DATA/MuonEG/crab_MuonEG_Run2016B-ver2/240205_154805//0000/SSBTree_444.root
adding: dcap://cluster142.knu.ac.kr//pnfs/knu.ac.kr/data/cms/store/user/sha/Run2FULL/2016PreVFP/DATA/MuonEG/crab_MuonEG_Run2016B-ver2/240205_154805//0000/SSBTree_445.root
adding: dcap://cluster142.knu.ac.kr//pnfs/knu.ac.kr/data/cms/store/user/sha/Run2FULL/2016PreVFP/DATA/MuonEG/crab_MuonEG_Run2016B-ver2/240205_154805//0000/SSBTree_446.root
adding: dcap://cluster142.knu.ac.kr//pnfs/knu.ac.kr/data/cms/store/user/sha/Run2FULL/2016PreVFP/DATA/MuonEG/crab_MuonEG_Run2016B-ver2/240205_154805//0000/SSBTree_447.root
adding: dcap://cluster142.knu.ac.kr//pnfs/knu.ac.kr/data/cms/store/user/sha/Run2FULL/2016PreVFP/DATA/MuonEG/crab_MuonEG_Run2016B-ver2/240205_154805//0000/SSBTree_448.root
adding: dcap://cluster142.knu.ac.kr//pnfs/knu.ac.kr/data/cms/store/user/sha/Run2FULL/2016PreVFP/DATA/MuonEG/crab_MuonEG_Run2016B-ver2/240205_154805//0000/SSBTree_449.root
adding: dcap://cluster142.knu.ac.kr//pnfs/knu.ac.kr/data/cms/store/user/sha/Run2FULL/2016PreVFP/DATA/MuonEG/crab_MuonEG_Run2016B-ver2/240205_154805//0000/SSBTree_44.root
adding: dcap://cluster142.knu.ac.kr//pnfs/knu.ac.kr/data/cms/store/user/sha/Run2FULL/2016PreVFP/DATA/MuonEG/crab_MuonEG_Run2016B-ver2/240205_154805//0000/SSBTree_450.root
adding: dcap://cluster142.knu.ac.kr//pnfs/knu.ac.kr/data/cms/store/user/sha/Run2FULL/2016PreVFP/DATA/MuonEG/crab_MuonEG_Run2016B-ver2/240205_154805//0000/SSBTree_451.root
Total number of events after merging root files: 67634
Event 0
Event 10000
Event 20000
Event 30000
Event 40000
Event 50000
Event 60000
Total processed number of events: 67634
End processing...

The number of options is: 2
Option 0 = ./TopMass_analysis
Option 1 = MuonEG_Run2016Bv2/MuonEG_Run2016Bv2_66.list
Option 2 = MuonEG_Run2016Bv2/MuonEG_Run2016Bv2_66.txt
Input filelist = MuonEG_Run2016Bv2/MuonEG_Run2016Bv2_66.list
Output file name = MuonEG_Run2016Bv2/MuonEG_Run2016Bv2_66.txt


start merging file(s)
adding: dcap://cluster142.knu.ac.kr//pnfs/knu.ac.kr/data/cms/store/user/sha/Run2FULL/2016PreVFP/DATA/MuonEG/crab_MuonEG_Run2016B-ver2/240205_154805//0000/SSBTree_687.root
adding: dcap://cluster142.knu.ac.kr//pnfs/knu.ac.kr/data/cms/store/user/sha/Run2FULL/2016PreVFP/DATA/MuonEG/crab_MuonEG_Run2016B-ver2/240205_154805//0000/SSBTree_688.root
adding: dcap://cluster142.knu.ac.kr//pnfs/knu.ac.kr/data/cms/store/user/sha/Run2FULL/2016PreVFP/DATA/MuonEG/crab_MuonEG_Run2016B-ver2/240205_154805//0000/SSBTree_689.root
adding: dcap://cluster142.knu.ac.kr//pnfs/knu.ac.kr/data/cms/store/user/sha/Run2FULL/2016PreVFP/DATA/MuonEG/crab_MuonEG_Run2016B-ver2/240205_154805//0000/SSBTree_68.root
adding: dcap://cluster142.knu.ac.kr//pnfs/knu.ac.kr/data/cms/store/user/sha/Run2FULL/2016PreVFP/DATA/MuonEG/crab_MuonEG_Run2016B-ver2/240205_154805//0000/SSBTree_690.root
adding: dcap://cluster142.knu.ac.kr//pnfs/knu.ac.kr/data/cms/store/user/sha/Run2FULL/2016PreVFP/DATA/MuonEG/crab_MuonEG_Run2016B-ver2/240205_154805//0000/SSBTree_691.root
adding: dcap://cluster142.knu.ac.kr//pnfs/knu.ac.kr/data/cms/store/user/sha/Run2FULL/2016PreVFP/DATA/MuonEG/crab_MuonEG_Run2016B-ver2/240205_154805//0000/SSBTree_692.root
adding: dcap://cluster142.knu.ac.kr//pnfs/knu.ac.kr/data/cms/store/user/sha/Run2FULL/2016PreVFP/DATA/MuonEG/crab_MuonEG_Run2016B-ver2/240205_154805//0000/SSBTree_693.root
adding: dcap://cluster142.knu.ac.kr//pnfs/knu.ac.kr/data/cms/store/user/sha/Run2FULL/2016PreVFP/DATA/MuonEG/crab_MuonEG_Run2016B-ver2/240205_154805//0000/SSBTree_694.root
adding: dcap://cluster142.knu.ac.kr//pnfs/knu.ac.kr/data/cms/store/user/sha/Run2FULL/2016PreVFP/DATA/MuonEG/crab_MuonEG_Run2016B-ver2/240205_154805//0000/SSBTree_695.root
Total number of events after merging root files: 89691
Event 0
Event 10000
Event 20000
Event 30000
Event 40000
Event 50000
Event 60000
Event 70000
Event 80000
Total processed number of events: 89691
End processing...

The number of options is: 2
Option 0 = ./TopMass_analysis
Option 1 = MuonEG_Run2016Bv2/MuonEG_Run2016Bv2_93.list
Option 2 = MuonEG_Run2016Bv2/MuonEG_Run2016Bv2_93.txt
Input filelist = MuonEG_Run2016Bv2/MuonEG_Run2016Bv2_93.list
Output file name = MuonEG_Run2016Bv2/MuonEG_Run2016Bv2_93.txt


start merging file(s)
adding: dcap://cluster142.knu.ac.kr//pnfs/knu.ac.kr/data/cms/store/user/sha/Run2FULL/2016PreVFP/DATA/MuonEG/crab_MuonEG_Run2016B-ver2/240205_154805//0000/SSBTree_92.root
adding: dcap://cluster142.knu.ac.kr//pnfs/knu.ac.kr/data/cms/store/user/sha/Run2FULL/2016PreVFP/DATA/MuonEG/crab_MuonEG_Run2016B-ver2/240205_154805//0000/SSBTree_930.root
adding: dcap://cluster142.knu.ac.kr//pnfs/knu.ac.kr/data/cms/store/user/sha/Run2FULL/2016PreVFP/DATA/MuonEG/crab_MuonEG_Run2016B-ver2/240205_154805//0000/SSBTree_931.root
adding: dcap://cluster142.knu.ac.kr//pnfs/knu.ac.kr/data/cms/store/user/sha/Run2FULL/2016PreVFP/DATA/MuonEG/crab_MuonEG_Run2016B-ver2/240205_154805//0000/SSBTree_932.root
adding: dcap://cluster142.knu.ac.kr//pnfs/knu.ac.kr/data/cms/store/user/sha/Run2FULL/2016PreVFP/DATA/MuonEG/crab_MuonEG_Run2016B-ver2/240205_154805//0000/SSBTree_933.root
adding: dcap://cluster142.knu.ac.kr//pnfs/knu.ac.kr/data/cms/store/user/sha/Run2FULL/2016PreVFP/DATA/MuonEG/crab_MuonEG_Run2016B-ver2/240205_154805//0000/SSBTree_934.root
adding: dcap://cluster142.knu.ac.kr//pnfs/knu.ac.kr/data/cms/store/user/sha/Run2FULL/2016PreVFP/DATA/MuonEG/crab_MuonEG_Run2016B-ver2/240205_154805//0000/SSBTree_935.root
adding: dcap://cluster142.knu.ac.kr//pnfs/knu.ac.kr/data/cms/store/user/sha/Run2FULL/2016PreVFP/DATA/MuonEG/crab_MuonEG_Run2016B-ver2/240205_154805//0000/SSBTree_936.root
adding: dcap://cluster142.knu.ac.kr//pnfs/knu.ac.kr/data/cms/store/user/sha/Run2FULL/2016PreVFP/DATA/MuonEG/crab_MuonEG_Run2016B-ver2/240205_154805//0000/SSBTree_937.root
adding: dcap://cluster142.knu.ac.kr//pnfs/knu.ac.kr/data/cms/store/user/sha/Run2FULL/2016PreVFP/DATA/MuonEG/crab_MuonEG_Run2016B-ver2/240205_154805//0000/SSBTree_938.root
Total number of events after merging root files: 93233
Event 0
Event 10000
Event 20000
Event 30000
Event 40000
Event 50000
Event 60000
Event 70000
Event 80000
Event 90000
Total processed number of events: 93233
End processing...

The number of options is: 2
Option 0 = ./TopMass_analysis
Option 1 = MuonEG_Run2016Bv2/MuonEG_Run2016Bv2_120.list
Option 2 = MuonEG_Run2016Bv2/MuonEG_Run2016Bv2_120.txt
Input filelist = MuonEG_Run2016Bv2/MuonEG_Run2016Bv2_120.list
Output file name = MuonEG_Run2016Bv2/MuonEG_Run2016Bv2_120.txt


start merging file(s)
adding: dcap://cluster142.knu.ac.kr//pnfs/knu.ac.kr/data/cms/store/user/sha/Run2FULL/2016PreVFP/DATA/MuonEG/crab_MuonEG_Run2016B-ver2/240205_154805//0001/SSBTree_1191.root
adding: dcap://cluster142.knu.ac.kr//pnfs/knu.ac.kr/data/cms/store/user/sha/Run2FULL/2016PreVFP/DATA/MuonEG/crab_MuonEG_Run2016B-ver2/240205_154805//0001/SSBTree_1192.root
adding: dcap://cluster142.knu.ac.kr//pnfs/knu.ac.kr/data/cms/store/user/sha/Run2FULL/2016PreVFP/DATA/MuonEG/crab_MuonEG_Run2016B-ver2/240205_154805//0001/SSBTree_1193.root
adding: dcap://cluster142.knu.ac.kr//pnfs/knu.ac.kr/data/cms/store/user/sha/Run2FULL/2016PreVFP/DATA/MuonEG/crab_MuonEG_Run2016B-ver2/240205_154805//0001/SSBTree_1194.root
adding: dcap://cluster142.knu.ac.kr//pnfs/knu.ac.kr/data/cms/store/user/sha/Run2FULL/2016PreVFP/DATA/MuonEG/crab_MuonEG_Run2016B-ver2/240205_154805//0001/SSBTree_1195.root
adding: dcap://cluster142.knu.ac.kr//pnfs/knu.ac.kr/data/cms/store/user/sha/Run2FULL/2016PreVFP/DATA/MuonEG/crab_MuonEG_Run2016B-ver2/240205_154805//0001/SSBTree_1196.root
adding: dcap://cluster142.knu.ac.kr//pnfs/knu.ac.kr/data/cms/store/user/sha/Run2FULL/2016PreVFP/DATA/MuonEG/crab_MuonEG_Run2016B-ver2/240205_154805//0001/SSBTree_1197.root
adding: dcap://cluster142.knu.ac.kr//pnfs/knu.ac.kr/data/cms/store/user/sha/Run2FULL/2016PreVFP/DATA/MuonEG/crab_MuonEG_Run2016B-ver2/240205_154805//0001/SSBTree_1198.root
adding: dcap://cluster142.knu.ac.kr//pnfs/knu.ac.kr/data/cms/store/user/sha/Run2FULL/2016PreVFP/DATA/MuonEG/crab_MuonEG_Run2016B-ver2/240205_154805//0001/SSBTree_1199.root
adding: dcap://cluster142.knu.ac.kr//pnfs/knu.ac.kr/data/cms/store/user/sha/Run2FULL/2016PreVFP/DATA/MuonEG/crab_MuonEG_Run2016B-ver2/240205_154805//0001/SSBTree_1200.root
Total number of events after merging root files: 134771
Event 0
Event 10000
Event 20000
Event 30000
Event 40000
Event 50000
Event 60000
Event 70000
Event 80000
Event 90000
Event 100000
Event 110000
Event 120000
Event 130000
Total processed number of events: 134771
End processing...

The number of options is: 2
Option 0 = ./TopMass_analysis
Option 1 = MuonEG_Run2016Bv2/MuonEG_Run2016Bv2_147.list
Option 2 = MuonEG_Run2016Bv2/MuonEG_Run2016Bv2_147.txt
Input filelist = MuonEG_Run2016Bv2/MuonEG_Run2016Bv2_147.list
Output file name = MuonEG_Run2016Bv2/MuonEG_Run2016Bv2_147.txt


start merging file(s)
adding: dcap://cluster142.knu.ac.kr//pnfs/knu.ac.kr/data/cms/store/user/sha/Run2FULL/2016PreVFP/DATA/MuonEG/crab_MuonEG_Run2016B-ver2/240205_154805//0001/SSBTree_1461.root
adding: dcap://cluster142.knu.ac.kr//pnfs/knu.ac.kr/data/cms/store/user/sha/Run2FULL/2016PreVFP/DATA/MuonEG/crab_MuonEG_Run2016B-ver2/240205_154805//0001/SSBTree_1462.root
adding: dcap://cluster142.knu.ac.kr//pnfs/knu.ac.kr/data/cms/store/user/sha/Run2FULL/2016PreVFP/DATA/MuonEG/crab_MuonEG_Run2016B-ver2/240205_154805//0001/SSBTree_1463.root
adding: dcap://cluster142.knu.ac.kr//pnfs/knu.ac.kr/data/cms/store/user/sha/Run2FULL/2016PreVFP/DATA/MuonEG/crab_MuonEG_Run2016B-ver2/240205_154805//0001/SSBTree_1464.root
adding: dcap://cluster142.knu.ac.kr//pnfs/knu.ac.kr/data/cms/store/user/sha/Run2FULL/2016PreVFP/DATA/MuonEG/crab_MuonEG_Run2016B-ver2/240205_154805//0001/SSBTree_1465.root
adding: dcap://cluster142.knu.ac.kr//pnfs/knu.ac.kr/data/cms/store/user/sha/Run2FULL/2016PreVFP/DATA/MuonEG/crab_MuonEG_Run2016B-ver2/240205_154805//0001/SSBTree_1466.root
adding: dcap://cluster142.knu.ac.kr//pnfs/knu.ac.kr/data/cms/store/user/sha/Run2FULL/2016PreVFP/DATA/MuonEG/crab_MuonEG_Run2016B-ver2/240205_154805//0001/SSBTree_1467.root
adding: dcap://cluster142.knu.ac.kr//pnfs/knu.ac.kr/data/cms/store/user/sha/Run2FULL/2016PreVFP/DATA/MuonEG/crab_MuonEG_Run2016B-ver2/240205_154805//0001/SSBTree_1468.root
adding: dcap://cluster142.knu.ac.kr//pnfs/knu.ac.kr/data/cms/store/user/sha/Run2FULL/2016PreVFP/DATA/MuonEG/crab_MuonEG_Run2016B-ver2/240205_154805//0001/SSBTree_1469.root
adding: dcap://cluster142.knu.ac.kr//pnfs/knu.ac.kr/data/cms/store/user/sha/Run2FULL/2016PreVFP/DATA/MuonEG/crab_MuonEG_Run2016B-ver2/240205_154805//0001/SSBTree_1470.root
Total number of events after merging root files: 165508
Event 0
Event 10000
Event 20000
Event 30000
Event 40000
Event 50000
Event 60000
Event 70000
Event 80000
Event 90000
Event 100000
Event 110000
Event 120000
Event 130000
Event 140000
Event 150000
Event 160000
Total processed number of events: 165508
End processing...

The number of options is: 2
Option 0 = ./TopMass_analysis
Option 1 = MuonEG_Run2016Bv2/MuonEG_Run2016Bv2_174.list
Option 2 = MuonEG_Run2016Bv2/MuonEG_Run2016Bv2_174.txt
Input filelist = MuonEG_Run2016Bv2/MuonEG_Run2016Bv2_174.list
Output file name = MuonEG_Run2016Bv2/MuonEG_Run2016Bv2_174.txt


start merging file(s)
adding: dcap://cluster142.knu.ac.kr//pnfs/knu.ac.kr/data/cms/store/user/sha/Run2FULL/2016PreVFP/DATA/MuonEG/crab_MuonEG_Run2016B-ver2/240205_154805//0001/SSBTree_1731.root
adding: dcap://cluster142.knu.ac.kr//pnfs/knu.ac.kr/data/cms/store/user/sha/Run2FULL/2016PreVFP/DATA/MuonEG/crab_MuonEG_Run2016B-ver2/240205_154805//0001/SSBTree_1732.root
adding: dcap://cluster142.knu.ac.kr//pnfs/knu.ac.kr/data/cms/store/user/sha/Run2FULL/2016PreVFP/DATA/MuonEG/crab_MuonEG_Run2016B-ver2/240205_154805//0001/SSBTree_1733.root
adding: dcap://cluster142.knu.ac.kr//pnfs/knu.ac.kr/data/cms/store/user/sha/Run2FULL/2016PreVFP/DATA/MuonEG/crab_MuonEG_Run2016B-ver2/240205_154805//0001/SSBTree_1734.root
adding: dcap://cluster142.knu.ac.kr//pnfs/knu.ac.kr/data/cms/store/user/sha/Run2FULL/2016PreVFP/DATA/MuonEG/crab_MuonEG_Run2016B-ver2/240205_154805//0001/SSBTree_1735.root
adding: dcap://cluster142.knu.ac.kr//pnfs/knu.ac.kr/data/cms/store/user/sha/Run2FULL/2016PreVFP/DATA/MuonEG/crab_MuonEG_Run2016B-ver2/240205_154805//0001/SSBTree_1736.root
adding: dcap://cluster142.knu.ac.kr//pnfs/knu.ac.kr/data/cms/store/user/sha/Run2FULL/2016PreVFP/DATA/MuonEG/crab_MuonEG_Run2016B-ver2/240205_154805//0001/SSBTree_1737.root
adding: dcap://cluster142.knu.ac.kr//pnfs/knu.ac.kr/data/cms/store/user/sha/Run2FULL/2016PreVFP/DATA/MuonEG/crab_MuonEG_Run2016B-ver2/240205_154805//0001/SSBTree_1738.root
adding: dcap://cluster142.knu.ac.kr//pnfs/knu.ac.kr/data/cms/store/user/sha/Run2FULL/2016PreVFP/DATA/MuonEG/crab_MuonEG_Run2016B-ver2/240205_154805//0001/SSBTree_1739.root
adding: dcap://cluster142.knu.ac.kr//pnfs/knu.ac.kr/data/cms/store/user/sha/Run2FULL/2016PreVFP/DATA/MuonEG/crab_MuonEG_Run2016B-ver2/240205_154805//0001/SSBTree_1740.root
Total number of events after merging root files: 117675
Event 0
Event 10000
Event 20000
Event 30000
Event 40000
Event 50000
Event 60000
Event 70000
Event 80000
Event 90000
Event 100000
Event 110000
Total processed number of events: 117675
End processing...

The number of options is: 2
Option 0 = ./TopMass_analysis
Option 1 = MuonEG_Run2016Bv2/MuonEG_Run2016Bv2_201.list
Option 2 = MuonEG_Run2016Bv2/MuonEG_Run2016Bv2_201.txt
Input filelist = MuonEG_Run2016Bv2/MuonEG_Run2016Bv2_201.list
Output file name = MuonEG_Run2016Bv2/MuonEG_Run2016Bv2_201.txt


start merging file(s)
adding: dcap://cluster142.knu.ac.kr//pnfs/knu.ac.kr/data/cms/store/user/sha/Run2FULL/2016PreVFP/DATA/MuonEG/crab_MuonEG_Run2016B-ver2/240205_154805//0002/SSBTree_2001.root
adding: dcap://cluster142.knu.ac.kr//pnfs/knu.ac.kr/data/cms/store/user/sha/Run2FULL/2016PreVFP/DATA/MuonEG/crab_MuonEG_Run2016B-ver2/240205_154805//0002/SSBTree_2002.root
adding: dcap://cluster142.knu.ac.kr//pnfs/knu.ac.kr/data/cms/store/user/sha/Run2FULL/2016PreVFP/DATA/MuonEG/crab_MuonEG_Run2016B-ver2/240205_154805//0002/SSBTree_2003.root
adding: dcap://cluster142.knu.ac.kr//pnfs/knu.ac.kr/data/cms/store/user/sha/Run2FULL/2016PreVFP/DATA/MuonEG/crab_MuonEG_Run2016B-ver2/240205_154805//0002/SSBTree_2004.root
adding: dcap://cluster142.knu.ac.kr//pnfs/knu.ac.kr/data/cms/store/user/sha/Run2FULL/2016PreVFP/DATA/MuonEG/crab_MuonEG_Run2016B-ver2/240205_154805//0002/SSBTree_2005.root
adding: dcap://cluster142.knu.ac.kr//pnfs/knu.ac.kr/data/cms/store/user/sha/Run2FULL/2016PreVFP/DATA/MuonEG/crab_MuonEG_Run2016B-ver2/240205_154805//0002/SSBTree_2006.root
adding: dcap://cluster142.knu.ac.kr//pnfs/knu.ac.kr/data/cms/store/user/sha/Run2FULL/2016PreVFP/DATA/MuonEG/crab_MuonEG_Run2016B-ver2/240205_154805//0002/SSBTree_2007.root
adding: dcap://cluster142.knu.ac.kr//pnfs/knu.ac.kr/data/cms/store/user/sha/Run2FULL/2016PreVFP/DATA/MuonEG/crab_MuonEG_Run2016B-ver2/240205_154805//0002/SSBTree_2008.root
adding: dcap://cluster142.knu.ac.kr//pnfs/knu.ac.kr/data/cms/store/user/sha/Run2FULL/2016PreVFP/DATA/MuonEG/crab_MuonEG_Run2016B-ver2/240205_154805//0002/SSBTree_2009.root
adding: dcap://cluster142.knu.ac.kr//pnfs/knu.ac.kr/data/cms/store/user/sha/Run2FULL/2016PreVFP/DATA/MuonEG/crab_MuonEG_Run2016B-ver2/240205_154805//0002/SSBTree_2010.root
Total number of events after merging root files: 168855
Event 0
Event 10000
Event 20000
Event 30000
Event 40000
Event 50000
Event 60000
Event 70000
Event 80000
Event 90000
Event 100000
Event 110000
Event 120000
Event 130000
Event 140000
Event 150000
Event 160000
Total processed number of events: 168855
End processing...

The number of options is: 2
Option 0 = ./TopMass_analysis
Option 1 = MuonEG_Run2016Bv2/MuonEG_Run2016Bv2_228.list
Option 2 = MuonEG_Run2016Bv2/MuonEG_Run2016Bv2_228.txt
Input filelist = MuonEG_Run2016Bv2/MuonEG_Run2016Bv2_228.list
Output file name = MuonEG_Run2016Bv2/MuonEG_Run2016Bv2_228.txt


start merging file(s)
adding: dcap://cluster142.knu.ac.kr//pnfs/knu.ac.kr/data/cms/store/user/sha/Run2FULL/2016PreVFP/DATA/MuonEG/crab_MuonEG_Run2016B-ver2/240205_154805//0002/SSBTree_2271.root
adding: dcap://cluster142.knu.ac.kr//pnfs/knu.ac.kr/data/cms/store/user/sha/Run2FULL/2016PreVFP/DATA/MuonEG/crab_MuonEG_Run2016B-ver2/240205_154805//0002/SSBTree_2272.root
adding: dcap://cluster142.knu.ac.kr//pnfs/knu.ac.kr/data/cms/store/user/sha/Run2FULL/2016PreVFP/DATA/MuonEG/crab_MuonEG_Run2016B-ver2/240205_154805//0002/SSBTree_2273.root
adding: dcap://cluster142.knu.ac.kr//pnfs/knu.ac.kr/data/cms/store/user/sha/Run2FULL/2016PreVFP/DATA/MuonEG/crab_MuonEG_Run2016B-ver2/240205_154805//0002/SSBTree_2274.root
adding: dcap://cluster142.knu.ac.kr//pnfs/knu.ac.kr/data/cms/store/user/sha/Run2FULL/2016PreVFP/DATA/MuonEG/crab_MuonEG_Run2016B-ver2/240205_154805//0002/SSBTree_2275.root
adding: dcap://cluster142.knu.ac.kr//pnfs/knu.ac.kr/data/cms/store/user/sha/Run2FULL/2016PreVFP/DATA/MuonEG/crab_MuonEG_Run2016B-ver2/240205_154805//0002/SSBTree_2276.root
adding: dcap://cluster142.knu.ac.kr//pnfs/knu.ac.kr/data/cms/store/user/sha/Run2FULL/2016PreVFP/DATA/MuonEG/crab_MuonEG_Run2016B-ver2/240205_154805//0002/SSBTree_2277.root
adding: dcap://cluster142.knu.ac.kr//pnfs/knu.ac.kr/data/cms/store/user/sha/Run2FULL/2016PreVFP/DATA/MuonEG/crab_MuonEG_Run2016B-ver2/240205_154805//0002/SSBTree_2278.root
adding: dcap://cluster142.knu.ac.kr//pnfs/knu.ac.kr/data/cms/store/user/sha/Run2FULL/2016PreVFP/DATA/MuonEG/crab_MuonEG_Run2016B-ver2/240205_154805//0002/SSBTree_2279.root
adding: dcap://cluster142.knu.ac.kr//pnfs/knu.ac.kr/data/cms/store/user/sha/Run2FULL/2016PreVFP/DATA/MuonEG/crab_MuonEG_Run2016B-ver2/240205_154805//0002/SSBTree_2280.root
Total number of events after merging root files: 95400
Event 0
Event 10000
Event 20000
Event 30000
Event 40000
Event 50000
Event 60000
Event 70000
Event 80000
Event 90000
Total processed number of events: 95400
End processing...

The number of options is: 2
Option 0 = ./TopMass_analysis
Option 1 = MuonEG_Run2016Bv2/MuonEG_Run2016Bv2_255.list
Option 2 = MuonEG_Run2016Bv2/MuonEG_Run2016Bv2_255.txt
Input filelist = MuonEG_Run2016Bv2/MuonEG_Run2016Bv2_255.list
Output file name = MuonEG_Run2016Bv2/MuonEG_Run2016Bv2_255.txt


start merging file(s)
adding: dcap://cluster142.knu.ac.kr//pnfs/knu.ac.kr/data/cms/store/user/sha/Run2FULL/2016PreVFP/DATA/MuonEG/crab_MuonEG_Run2016B-ver2/240205_154805//0002/SSBTree_2541.root
adding: dcap://cluster142.knu.ac.kr//pnfs/knu.ac.kr/data/cms/store/user/sha/Run2FULL/2016PreVFP/DATA/MuonEG/crab_MuonEG_Run2016B-ver2/240205_154805//0002/SSBTree_2542.root
adding: dcap://cluster142.knu.ac.kr//pnfs/knu.ac.kr/data/cms/store/user/sha/Run2FULL/2016PreVFP/DATA/MuonEG/crab_MuonEG_Run2016B-ver2/240205_154805//0002/SSBTree_2543.root
adding: dcap://cluster142.knu.ac.kr//pnfs/knu.ac.kr/data/cms/store/user/sha/Run2FULL/2016PreVFP/DATA/MuonEG/crab_MuonEG_Run2016B-ver2/240205_154805//0002/SSBTree_2544.root
adding: dcap://cluster142.knu.ac.kr//pnfs/knu.ac.kr/data/cms/store/user/sha/Run2FULL/2016PreVFP/DATA/MuonEG/crab_MuonEG_Run2016B-ver2/240205_154805//0002/SSBTree_2545.root
adding: dcap://cluster142.knu.ac.kr//pnfs/knu.ac.kr/data/cms/store/user/sha/Run2FULL/2016PreVFP/DATA/MuonEG/crab_MuonEG_Run2016B-ver2/240205_154805//0002/SSBTree_2546.root
adding: dcap://cluster142.knu.ac.kr//pnfs/knu.ac.kr/data/cms/store/user/sha/Run2FULL/2016PreVFP/DATA/MuonEG/crab_MuonEG_Run2016B-ver2/240205_154805//0002/SSBTree_2547.root
adding: dcap://cluster142.knu.ac.kr//pnfs/knu.ac.kr/data/cms/store/user/sha/Run2FULL/2016PreVFP/DATA/MuonEG/crab_MuonEG_Run2016B-ver2/240205_154805//0002/SSBTree_2548.root
adding: dcap://cluster142.knu.ac.kr//pnfs/knu.ac.kr/data/cms/store/user/sha/Run2FULL/2016PreVFP/DATA/MuonEG/crab_MuonEG_Run2016B-ver2/240205_154805//0002/SSBTree_2549.root
adding: dcap://cluster142.knu.ac.kr//pnfs/knu.ac.kr/data/cms/store/user/sha/Run2FULL/2016PreVFP/DATA/MuonEG/crab_MuonEG_Run2016B-ver2/240205_154805//0002/SSBTree_2550.root
Total number of events after merging root files: 114985
Event 0
Event 10000
Event 20000
Event 30000
Event 40000
Event 50000
Event 60000
Event 70000
Event 80000
Event 90000
Event 100000
Event 110000
Total processed number of events: 114985
End processing...

