The number of options is: 2
Option 0 = ./TopMass_analysis
Option 1 = SingleElectron_Run2016F_e/SingleElectron_Run2016F_e_3.list
Option 2 = SingleElectron_Run2016F_e/SingleElectron_Run2016F_e_3.txt
Input filelist = SingleElectron_Run2016F_e/SingleElectron_Run2016F_e_3.list
Output file name = SingleElectron_Run2016F_e/SingleElectron_Run2016F_e_3.txt


start merging file(s)
adding: dcap://cluster142.knu.ac.kr//pnfs/knu.ac.kr/data/cms/store/user/sha/Run2FULL/2016PreVFP/DATA/SingleElectron/crab_SingleElectron_Run2016F_e/240205_235214//0000/SSBTree_119.root
adding: dcap://cluster142.knu.ac.kr//pnfs/knu.ac.kr/data/cms/store/user/sha/Run2FULL/2016PreVFP/DATA/SingleElectron/crab_SingleElectron_Run2016F_e/240205_235214//0000/SSBTree_11.root
adding: dcap://cluster142.knu.ac.kr//pnfs/knu.ac.kr/data/cms/store/user/sha/Run2FULL/2016PreVFP/DATA/SingleElectron/crab_SingleElectron_Run2016F_e/240205_235214//0000/SSBTree_120.root
adding: dcap://cluster142.knu.ac.kr//pnfs/knu.ac.kr/data/cms/store/user/sha/Run2FULL/2016PreVFP/DATA/SingleElectron/crab_SingleElectron_Run2016F_e/240205_235214//0000/SSBTree_121.root
adding: dcap://cluster142.knu.ac.kr//pnfs/knu.ac.kr/data/cms/store/user/sha/Run2FULL/2016PreVFP/DATA/SingleElectron/crab_SingleElectron_Run2016F_e/240205_235214//0000/SSBTree_122.root
adding: dcap://cluster142.knu.ac.kr//pnfs/knu.ac.kr/data/cms/store/user/sha/Run2FULL/2016PreVFP/DATA/SingleElectron/crab_SingleElectron_Run2016F_e/240205_235214//0000/SSBTree_123.root
adding: dcap://cluster142.knu.ac.kr//pnfs/knu.ac.kr/data/cms/store/user/sha/Run2FULL/2016PreVFP/DATA/SingleElectron/crab_SingleElectron_Run2016F_e/240205_235214//0000/SSBTree_124.root
adding: dcap://cluster142.knu.ac.kr//pnfs/knu.ac.kr/data/cms/store/user/sha/Run2FULL/2016PreVFP/DATA/SingleElectron/crab_SingleElectron_Run2016F_e/240205_235214//0000/SSBTree_125.root
adding: dcap://cluster142.knu.ac.kr//pnfs/knu.ac.kr/data/cms/store/user/sha/Run2FULL/2016PreVFP/DATA/SingleElectron/crab_SingleElectron_Run2016F_e/240205_235214//0000/SSBTree_126.root
adding: dcap://cluster142.knu.ac.kr//pnfs/knu.ac.kr/data/cms/store/user/sha/Run2FULL/2016PreVFP/DATA/SingleElectron/crab_SingleElectron_Run2016F_e/240205_235214//0000/SSBTree_127.root
Total number of events after merging root files: 1011175
Event 0
Event 10000
Event 20000
Event 30000
Event 40000
Event 50000
Event 60000
Event 70000
Event 80000
Event 90000
Event 100000
Event 110000
Event 120000
Event 130000
Event 140000
Event 150000
Event 160000
Event 170000
Event 180000
Event 190000
Event 200000
Event 210000
Event 220000
Event 230000
Event 240000
Event 250000
Event 260000
Event 270000
Event 280000
Event 290000
Event 300000
Event 310000
Event 320000
Event 330000
Event 340000
Event 350000
Event 360000
Event 370000
Event 380000
Event 390000
Event 400000
Event 410000
Event 420000
Event 430000
Event 440000
Event 450000
Event 460000
Event 470000
Event 480000
Event 490000
Event 500000
Event 510000
Event 520000
Event 530000
Event 540000
Event 550000
Event 560000
Event 570000
Event 580000
Event 590000
Event 600000
Event 610000
Event 620000
Event 630000
Event 640000
Event 650000
Event 660000
Event 670000
Event 680000
Event 690000
Event 700000
Event 710000
Event 720000
Event 730000
Event 740000
Event 750000
Event 760000
Event 770000
Event 780000
Event 790000
Event 800000
Event 810000
Event 820000
Event 830000
Event 840000
Event 850000
Event 860000
Event 870000
Event 880000
Event 890000
Event 900000
Event 910000
Event 920000
Event 930000
Event 940000
Event 950000
Event 960000
Event 970000
Event 980000
Event 990000
Event 1000000
Event 1010000
Total processed number of events: 1011175
End processing...

The number of options is: 2
Option 0 = ./TopMass_analysis
Option 1 = SingleElectron_Run2016F_e/SingleElectron_Run2016F_e_11.list
Option 2 = SingleElectron_Run2016F_e/SingleElectron_Run2016F_e_11.txt
Input filelist = SingleElectron_Run2016F_e/SingleElectron_Run2016F_e_11.list
Output file name = SingleElectron_Run2016F_e/SingleElectron_Run2016F_e_11.txt


start merging file(s)
adding: dcap://cluster142.knu.ac.kr//pnfs/knu.ac.kr/data/cms/store/user/sha/Run2FULL/2016PreVFP/DATA/SingleElectron/crab_SingleElectron_Run2016F_e/240205_235214//0000/SSBTree_191.root
adding: dcap://cluster142.knu.ac.kr//pnfs/knu.ac.kr/data/cms/store/user/sha/Run2FULL/2016PreVFP/DATA/SingleElectron/crab_SingleElectron_Run2016F_e/240205_235214//0000/SSBTree_192.root
adding: dcap://cluster142.knu.ac.kr//pnfs/knu.ac.kr/data/cms/store/user/sha/Run2FULL/2016PreVFP/DATA/SingleElectron/crab_SingleElectron_Run2016F_e/240205_235214//0000/SSBTree_193.root
adding: dcap://cluster142.knu.ac.kr//pnfs/knu.ac.kr/data/cms/store/user/sha/Run2FULL/2016PreVFP/DATA/SingleElectron/crab_SingleElectron_Run2016F_e/240205_235214//0000/SSBTree_194.root
adding: dcap://cluster142.knu.ac.kr//pnfs/knu.ac.kr/data/cms/store/user/sha/Run2FULL/2016PreVFP/DATA/SingleElectron/crab_SingleElectron_Run2016F_e/240205_235214//0000/SSBTree_195.root
adding: dcap://cluster142.knu.ac.kr//pnfs/knu.ac.kr/data/cms/store/user/sha/Run2FULL/2016PreVFP/DATA/SingleElectron/crab_SingleElectron_Run2016F_e/240205_235214//0000/SSBTree_196.root
adding: dcap://cluster142.knu.ac.kr//pnfs/knu.ac.kr/data/cms/store/user/sha/Run2FULL/2016PreVFP/DATA/SingleElectron/crab_SingleElectron_Run2016F_e/240205_235214//0000/SSBTree_197.root
adding: dcap://cluster142.knu.ac.kr//pnfs/knu.ac.kr/data/cms/store/user/sha/Run2FULL/2016PreVFP/DATA/SingleElectron/crab_SingleElectron_Run2016F_e/240205_235214//0000/SSBTree_198.root
adding: dcap://cluster142.knu.ac.kr//pnfs/knu.ac.kr/data/cms/store/user/sha/Run2FULL/2016PreVFP/DATA/SingleElectron/crab_SingleElectron_Run2016F_e/240205_235214//0000/SSBTree_199.root
adding: dcap://cluster142.knu.ac.kr//pnfs/knu.ac.kr/data/cms/store/user/sha/Run2FULL/2016PreVFP/DATA/SingleElectron/crab_SingleElectron_Run2016F_e/240205_235214//0000/SSBTree_19.root
Total number of events after merging root files: 746306
Event 0
Event 10000
Event 20000
Event 30000
Event 40000
Event 50000
Event 60000
Event 70000
Event 80000
Event 90000
Event 100000
Event 110000
Event 120000
Event 130000
Event 140000
Event 150000
Event 160000
Event 170000
Event 180000
Event 190000
Event 200000
Event 210000
Event 220000
Event 230000
Event 240000
Event 250000
Event 260000
Event 270000
Event 280000
Event 290000
Event 300000
Event 310000
Event 320000
Event 330000
Event 340000
Event 350000
Event 360000
Event 370000
Event 380000
Event 390000
Event 400000
Event 410000
Event 420000
Event 430000
Event 440000
Event 450000
Event 460000
Event 470000
Event 480000
Event 490000
Event 500000
Event 510000
Event 520000
Event 530000
Event 540000
Event 550000
Event 560000
Event 570000
Event 580000
Event 590000
Event 600000
Event 610000
Event 620000
Event 630000
Event 640000
Event 650000
Event 660000
Event 670000
Event 680000
Event 690000
Event 700000
Event 710000
Event 720000
Event 730000
Event 740000
Total processed number of events: 746306
End processing...

The number of options is: 2
Option 0 = ./TopMass_analysis
Option 1 = SingleElectron_Run2016F_e/SingleElectron_Run2016F_e_19.list
Option 2 = SingleElectron_Run2016F_e/SingleElectron_Run2016F_e_19.txt
Input filelist = SingleElectron_Run2016F_e/SingleElectron_Run2016F_e_19.list
Output file name = SingleElectron_Run2016F_e/SingleElectron_Run2016F_e_19.txt


start merging file(s)
adding: dcap://cluster142.knu.ac.kr//pnfs/knu.ac.kr/data/cms/store/user/sha/Run2FULL/2016PreVFP/DATA/SingleElectron/crab_SingleElectron_Run2016F_e/240205_235214//0000/SSBTree_263.root
adding: dcap://cluster142.knu.ac.kr//pnfs/knu.ac.kr/data/cms/store/user/sha/Run2FULL/2016PreVFP/DATA/SingleElectron/crab_SingleElectron_Run2016F_e/240205_235214//0000/SSBTree_264.root
adding: dcap://cluster142.knu.ac.kr//pnfs/knu.ac.kr/data/cms/store/user/sha/Run2FULL/2016PreVFP/DATA/SingleElectron/crab_SingleElectron_Run2016F_e/240205_235214//0000/SSBTree_265.root
adding: dcap://cluster142.knu.ac.kr//pnfs/knu.ac.kr/data/cms/store/user/sha/Run2FULL/2016PreVFP/DATA/SingleElectron/crab_SingleElectron_Run2016F_e/240205_235214//0000/SSBTree_266.root
adding: dcap://cluster142.knu.ac.kr//pnfs/knu.ac.kr/data/cms/store/user/sha/Run2FULL/2016PreVFP/DATA/SingleElectron/crab_SingleElectron_Run2016F_e/240205_235214//0000/SSBTree_267.root
adding: dcap://cluster142.knu.ac.kr//pnfs/knu.ac.kr/data/cms/store/user/sha/Run2FULL/2016PreVFP/DATA/SingleElectron/crab_SingleElectron_Run2016F_e/240205_235214//0000/SSBTree_268.root
adding: dcap://cluster142.knu.ac.kr//pnfs/knu.ac.kr/data/cms/store/user/sha/Run2FULL/2016PreVFP/DATA/SingleElectron/crab_SingleElectron_Run2016F_e/240205_235214//0000/SSBTree_269.root
adding: dcap://cluster142.knu.ac.kr//pnfs/knu.ac.kr/data/cms/store/user/sha/Run2FULL/2016PreVFP/DATA/SingleElectron/crab_SingleElectron_Run2016F_e/240205_235214//0000/SSBTree_26.root
adding: dcap://cluster142.knu.ac.kr//pnfs/knu.ac.kr/data/cms/store/user/sha/Run2FULL/2016PreVFP/DATA/SingleElectron/crab_SingleElectron_Run2016F_e/240205_235214//0000/SSBTree_270.root
adding: dcap://cluster142.knu.ac.kr//pnfs/knu.ac.kr/data/cms/store/user/sha/Run2FULL/2016PreVFP/DATA/SingleElectron/crab_SingleElectron_Run2016F_e/240205_235214//0000/SSBTree_271.root
Total number of events after merging root files: 906769
Event 0
Event 10000
Event 20000
Event 30000
Event 40000
Event 50000
Event 60000
Event 70000
Event 80000
Event 90000
Event 100000
Event 110000
Event 120000
Event 130000
Event 140000
Event 150000
Event 160000
Event 170000
Event 180000
Event 190000
Event 200000
Event 210000
Event 220000
Event 230000
Event 240000
Event 250000
Event 260000
Event 270000
Event 280000
Event 290000
Event 300000
Event 310000
Event 320000
Event 330000
Event 340000
Event 350000
Event 360000
Event 370000
Event 380000
Event 390000
Event 400000
Event 410000
Event 420000
Event 430000
Event 440000
Event 450000
Event 460000
Event 470000
Event 480000
Event 490000
Event 500000
Event 510000
Event 520000
Event 530000
Event 540000
Event 550000
Event 560000
Event 570000
Event 580000
Event 590000
Event 600000
Event 610000
Event 620000
Event 630000
Event 640000
Event 650000
Event 660000
Event 670000
Event 680000
Event 690000
Event 700000
Event 710000
Event 720000
Event 730000
Event 740000
Event 750000
Event 760000
Event 770000
Event 780000
Event 790000
Event 800000
Event 810000
Event 820000
Event 830000
Event 840000
Event 850000
Event 860000
Event 870000
Event 880000
Event 890000
Event 900000
Total processed number of events: 906769
End processing...

The number of options is: 2
Option 0 = ./TopMass_analysis
Option 1 = SingleElectron_Run2016F_e/SingleElectron_Run2016F_e_27.list
Option 2 = SingleElectron_Run2016F_e/SingleElectron_Run2016F_e_27.txt
Input filelist = SingleElectron_Run2016F_e/SingleElectron_Run2016F_e_27.list
Output file name = SingleElectron_Run2016F_e/SingleElectron_Run2016F_e_27.txt


start merging file(s)
adding: dcap://cluster142.knu.ac.kr//pnfs/knu.ac.kr/data/cms/store/user/sha/Run2FULL/2016PreVFP/DATA/SingleElectron/crab_SingleElectron_Run2016F_e/240205_235214//0000/SSBTree_335.root
adding: dcap://cluster142.knu.ac.kr//pnfs/knu.ac.kr/data/cms/store/user/sha/Run2FULL/2016PreVFP/DATA/SingleElectron/crab_SingleElectron_Run2016F_e/240205_235214//0000/SSBTree_336.root
adding: dcap://cluster142.knu.ac.kr//pnfs/knu.ac.kr/data/cms/store/user/sha/Run2FULL/2016PreVFP/DATA/SingleElectron/crab_SingleElectron_Run2016F_e/240205_235214//0000/SSBTree_337.root
adding: dcap://cluster142.knu.ac.kr//pnfs/knu.ac.kr/data/cms/store/user/sha/Run2FULL/2016PreVFP/DATA/SingleElectron/crab_SingleElectron_Run2016F_e/240205_235214//0000/SSBTree_338.root
adding: dcap://cluster142.knu.ac.kr//pnfs/knu.ac.kr/data/cms/store/user/sha/Run2FULL/2016PreVFP/DATA/SingleElectron/crab_SingleElectron_Run2016F_e/240205_235214//0000/SSBTree_339.root
adding: dcap://cluster142.knu.ac.kr//pnfs/knu.ac.kr/data/cms/store/user/sha/Run2FULL/2016PreVFP/DATA/SingleElectron/crab_SingleElectron_Run2016F_e/240205_235214//0000/SSBTree_33.root
adding: dcap://cluster142.knu.ac.kr//pnfs/knu.ac.kr/data/cms/store/user/sha/Run2FULL/2016PreVFP/DATA/SingleElectron/crab_SingleElectron_Run2016F_e/240205_235214//0000/SSBTree_340.root
adding: dcap://cluster142.knu.ac.kr//pnfs/knu.ac.kr/data/cms/store/user/sha/Run2FULL/2016PreVFP/DATA/SingleElectron/crab_SingleElectron_Run2016F_e/240205_235214//0000/SSBTree_341.root
adding: dcap://cluster142.knu.ac.kr//pnfs/knu.ac.kr/data/cms/store/user/sha/Run2FULL/2016PreVFP/DATA/SingleElectron/crab_SingleElectron_Run2016F_e/240205_235214//0000/SSBTree_342.root
adding: dcap://cluster142.knu.ac.kr//pnfs/knu.ac.kr/data/cms/store/user/sha/Run2FULL/2016PreVFP/DATA/SingleElectron/crab_SingleElectron_Run2016F_e/240205_235214//0000/SSBTree_343.root
Total number of events after merging root files: 834509
Event 0
Event 10000
Event 20000
Event 30000
Event 40000
Event 50000
Event 60000
Event 70000
Event 80000
Event 90000
Event 100000
Event 110000
Event 120000
Event 130000
Event 140000
Event 150000
Event 160000
Event 170000
Event 180000
Event 190000
Event 200000
Event 210000
Event 220000
Event 230000
Event 240000
Event 250000
Event 260000
Event 270000
Event 280000
Event 290000
Event 300000
Event 310000
Event 320000
Event 330000
Event 340000
Event 350000
Event 360000
Event 370000
Event 380000
Event 390000
Event 400000
Event 410000
Event 420000
Event 430000
Event 440000
Event 450000
Event 460000
Event 470000
Event 480000
Event 490000
Event 500000
Event 510000
Event 520000
Event 530000
Event 540000
Event 550000
Event 560000
Event 570000
Event 580000
Event 590000
Event 600000
Event 610000
Event 620000
Event 630000
Event 640000
Event 650000
Event 660000
Event 670000
Event 680000
Event 690000
Event 700000
Event 710000
Event 720000
Event 730000
Event 740000
Event 750000
Event 760000
Event 770000
Event 780000
Event 790000
Event 800000
Event 810000
Event 820000
Event 830000
Total processed number of events: 834509
End processing...

The number of options is: 2
Option 0 = ./TopMass_analysis
Option 1 = SingleElectron_Run2016F_e/SingleElectron_Run2016F_e_35.list
Option 2 = SingleElectron_Run2016F_e/SingleElectron_Run2016F_e_35.txt
Input filelist = SingleElectron_Run2016F_e/SingleElectron_Run2016F_e_35.list
Output file name = SingleElectron_Run2016F_e/SingleElectron_Run2016F_e_35.txt


start merging file(s)
adding: dcap://cluster142.knu.ac.kr//pnfs/knu.ac.kr/data/cms/store/user/sha/Run2FULL/2016PreVFP/DATA/SingleElectron/crab_SingleElectron_Run2016F_e/240205_235214//0000/SSBTree_407.root
adding: dcap://cluster142.knu.ac.kr//pnfs/knu.ac.kr/data/cms/store/user/sha/Run2FULL/2016PreVFP/DATA/SingleElectron/crab_SingleElectron_Run2016F_e/240205_235214//0000/SSBTree_408.root
adding: dcap://cluster142.knu.ac.kr//pnfs/knu.ac.kr/data/cms/store/user/sha/Run2FULL/2016PreVFP/DATA/SingleElectron/crab_SingleElectron_Run2016F_e/240205_235214//0000/SSBTree_409.root
adding: dcap://cluster142.knu.ac.kr//pnfs/knu.ac.kr/data/cms/store/user/sha/Run2FULL/2016PreVFP/DATA/SingleElectron/crab_SingleElectron_Run2016F_e/240205_235214//0000/SSBTree_40.root
adding: dcap://cluster142.knu.ac.kr//pnfs/knu.ac.kr/data/cms/store/user/sha/Run2FULL/2016PreVFP/DATA/SingleElectron/crab_SingleElectron_Run2016F_e/240205_235214//0000/SSBTree_410.root
adding: dcap://cluster142.knu.ac.kr//pnfs/knu.ac.kr/data/cms/store/user/sha/Run2FULL/2016PreVFP/DATA/SingleElectron/crab_SingleElectron_Run2016F_e/240205_235214//0000/SSBTree_411.root
adding: dcap://cluster142.knu.ac.kr//pnfs/knu.ac.kr/data/cms/store/user/sha/Run2FULL/2016PreVFP/DATA/SingleElectron/crab_SingleElectron_Run2016F_e/240205_235214//0000/SSBTree_412.root
adding: dcap://cluster142.knu.ac.kr//pnfs/knu.ac.kr/data/cms/store/user/sha/Run2FULL/2016PreVFP/DATA/SingleElectron/crab_SingleElectron_Run2016F_e/240205_235214//0000/SSBTree_413.root
adding: dcap://cluster142.knu.ac.kr//pnfs/knu.ac.kr/data/cms/store/user/sha/Run2FULL/2016PreVFP/DATA/SingleElectron/crab_SingleElectron_Run2016F_e/240205_235214//0000/SSBTree_414.root
adding: dcap://cluster142.knu.ac.kr//pnfs/knu.ac.kr/data/cms/store/user/sha/Run2FULL/2016PreVFP/DATA/SingleElectron/crab_SingleElectron_Run2016F_e/240205_235214//0000/SSBTree_415.root
Total number of events after merging root files: 636406
Event 0
Event 10000
Event 20000
Event 30000
Event 40000
Event 50000
Event 60000
Event 70000
Event 80000
Event 90000
Event 100000
Event 110000
Event 120000
Event 130000
Event 140000
Event 150000
Event 160000
Event 170000
Event 180000
Event 190000
Event 200000
Event 210000
Event 220000
Event 230000
Event 240000
Event 250000
Event 260000
Event 270000
Event 280000
Event 290000
Event 300000
Event 310000
Event 320000
Event 330000
Event 340000
Event 350000
Event 360000
Event 370000
Event 380000
Event 390000
Event 400000
Event 410000
Event 420000
Event 430000
Event 440000
Event 450000
Event 460000
Event 470000
Event 480000
Event 490000
Event 500000
Event 510000
Event 520000
Event 530000
Event 540000
Event 550000
Event 560000
Event 570000
Event 580000
Event 590000
Event 600000
Event 610000
Event 620000
Event 630000
Total processed number of events: 636406
End processing...

The number of options is: 2
Option 0 = ./TopMass_analysis
Option 1 = SingleElectron_Run2016F_e/SingleElectron_Run2016F_e_43.list
Option 2 = SingleElectron_Run2016F_e/SingleElectron_Run2016F_e_43.txt
Input filelist = SingleElectron_Run2016F_e/SingleElectron_Run2016F_e_43.list
Output file name = SingleElectron_Run2016F_e/SingleElectron_Run2016F_e_43.txt


start merging file(s)
adding: dcap://cluster142.knu.ac.kr//pnfs/knu.ac.kr/data/cms/store/user/sha/Run2FULL/2016PreVFP/DATA/SingleElectron/crab_SingleElectron_Run2016F_e/240205_235214//0000/SSBTree_47.root
adding: dcap://cluster142.knu.ac.kr//pnfs/knu.ac.kr/data/cms/store/user/sha/Run2FULL/2016PreVFP/DATA/SingleElectron/crab_SingleElectron_Run2016F_e/240205_235214//0000/SSBTree_480.root
adding: dcap://cluster142.knu.ac.kr//pnfs/knu.ac.kr/data/cms/store/user/sha/Run2FULL/2016PreVFP/DATA/SingleElectron/crab_SingleElectron_Run2016F_e/240205_235214//0000/SSBTree_481.root
adding: dcap://cluster142.knu.ac.kr//pnfs/knu.ac.kr/data/cms/store/user/sha/Run2FULL/2016PreVFP/DATA/SingleElectron/crab_SingleElectron_Run2016F_e/240205_235214//0000/SSBTree_482.root
adding: dcap://cluster142.knu.ac.kr//pnfs/knu.ac.kr/data/cms/store/user/sha/Run2FULL/2016PreVFP/DATA/SingleElectron/crab_SingleElectron_Run2016F_e/240205_235214//0000/SSBTree_483.root
adding: dcap://cluster142.knu.ac.kr//pnfs/knu.ac.kr/data/cms/store/user/sha/Run2FULL/2016PreVFP/DATA/SingleElectron/crab_SingleElectron_Run2016F_e/240205_235214//0000/SSBTree_484.root
adding: dcap://cluster142.knu.ac.kr//pnfs/knu.ac.kr/data/cms/store/user/sha/Run2FULL/2016PreVFP/DATA/SingleElectron/crab_SingleElectron_Run2016F_e/240205_235214//0000/SSBTree_485.root
adding: dcap://cluster142.knu.ac.kr//pnfs/knu.ac.kr/data/cms/store/user/sha/Run2FULL/2016PreVFP/DATA/SingleElectron/crab_SingleElectron_Run2016F_e/240205_235214//0000/SSBTree_486.root
adding: dcap://cluster142.knu.ac.kr//pnfs/knu.ac.kr/data/cms/store/user/sha/Run2FULL/2016PreVFP/DATA/SingleElectron/crab_SingleElectron_Run2016F_e/240205_235214//0000/SSBTree_487.root
adding: dcap://cluster142.knu.ac.kr//pnfs/knu.ac.kr/data/cms/store/user/sha/Run2FULL/2016PreVFP/DATA/SingleElectron/crab_SingleElectron_Run2016F_e/240205_235214//0000/SSBTree_488.root
Total number of events after merging root files: 805573
Event 0
Event 10000
Event 20000
Event 30000
Event 40000
Event 50000
Event 60000
Event 70000
Event 80000
Event 90000
Event 100000
Event 110000
Event 120000
Event 130000
Event 140000
Event 150000
Event 160000
Event 170000
Event 180000
Event 190000
Event 200000
Event 210000
Event 220000
Event 230000
Event 240000
Event 250000
Event 260000
Event 270000
Event 280000
Event 290000
Event 300000
Event 310000
Event 320000
Event 330000
Event 340000
Event 350000
Event 360000
Event 370000
Event 380000
Event 390000
Event 400000
Event 410000
Event 420000
Event 430000
Event 440000
Event 450000
Event 460000
Event 470000
Event 480000
Event 490000
Event 500000
Event 510000
Event 520000
Event 530000
Event 540000
Event 550000
Event 560000
Event 570000
Event 580000
Event 590000
Event 600000
Event 610000
Event 620000
Event 630000
Event 640000
Event 650000
Event 660000
Event 670000
Event 680000
Event 690000
Event 700000
Event 710000
Event 720000
Event 730000
Event 740000
Event 750000
Event 760000
Event 770000
Event 780000
Event 790000
Event 800000
Total processed number of events: 805573
End processing...

The number of options is: 2
Option 0 = ./TopMass_analysis
Option 1 = SingleElectron_Run2016F_e/SingleElectron_Run2016F_e_51.list
Option 2 = SingleElectron_Run2016F_e/SingleElectron_Run2016F_e_51.txt
Input filelist = SingleElectron_Run2016F_e/SingleElectron_Run2016F_e_51.list
Output file name = SingleElectron_Run2016F_e/SingleElectron_Run2016F_e_51.txt


start merging file(s)
adding: dcap://cluster142.knu.ac.kr//pnfs/knu.ac.kr/data/cms/store/user/sha/Run2FULL/2016PreVFP/DATA/SingleElectron/crab_SingleElectron_Run2016F_e/240205_235214//0000/SSBTree_551.root
adding: dcap://cluster142.knu.ac.kr//pnfs/knu.ac.kr/data/cms/store/user/sha/Run2FULL/2016PreVFP/DATA/SingleElectron/crab_SingleElectron_Run2016F_e/240205_235214//0000/SSBTree_552.root
adding: dcap://cluster142.knu.ac.kr//pnfs/knu.ac.kr/data/cms/store/user/sha/Run2FULL/2016PreVFP/DATA/SingleElectron/crab_SingleElectron_Run2016F_e/240205_235214//0000/SSBTree_553.root
adding: dcap://cluster142.knu.ac.kr//pnfs/knu.ac.kr/data/cms/store/user/sha/Run2FULL/2016PreVFP/DATA/SingleElectron/crab_SingleElectron_Run2016F_e/240205_235214//0000/SSBTree_554.root
adding: dcap://cluster142.knu.ac.kr//pnfs/knu.ac.kr/data/cms/store/user/sha/Run2FULL/2016PreVFP/DATA/SingleElectron/crab_SingleElectron_Run2016F_e/240205_235214//0000/SSBTree_555.root
adding: dcap://cluster142.knu.ac.kr//pnfs/knu.ac.kr/data/cms/store/user/sha/Run2FULL/2016PreVFP/DATA/SingleElectron/crab_SingleElectron_Run2016F_e/240205_235214//0000/SSBTree_556.root
adding: dcap://cluster142.knu.ac.kr//pnfs/knu.ac.kr/data/cms/store/user/sha/Run2FULL/2016PreVFP/DATA/SingleElectron/crab_SingleElectron_Run2016F_e/240205_235214//0000/SSBTree_557.root
adding: dcap://cluster142.knu.ac.kr//pnfs/knu.ac.kr/data/cms/store/user/sha/Run2FULL/2016PreVFP/DATA/SingleElectron/crab_SingleElectron_Run2016F_e/240205_235214//0000/SSBTree_558.root
adding: dcap://cluster142.knu.ac.kr//pnfs/knu.ac.kr/data/cms/store/user/sha/Run2FULL/2016PreVFP/DATA/SingleElectron/crab_SingleElectron_Run2016F_e/240205_235214//0000/SSBTree_559.root
adding: dcap://cluster142.knu.ac.kr//pnfs/knu.ac.kr/data/cms/store/user/sha/Run2FULL/2016PreVFP/DATA/SingleElectron/crab_SingleElectron_Run2016F_e/240205_235214//0000/SSBTree_55.root
Total number of events after merging root files: 779485
Event 0
Event 10000
Event 20000
Event 30000
Event 40000
Event 50000
Event 60000
Event 70000
Event 80000
Event 90000
Event 100000
Event 110000
Event 120000
Event 130000
Event 140000
Event 150000
Event 160000
Event 170000
Event 180000
Event 190000
Event 200000
Event 210000
Event 220000
Event 230000
Event 240000
Event 250000
Event 260000
Event 270000
Event 280000
Event 290000
Event 300000
Event 310000
Event 320000
Event 330000
Event 340000
Event 350000
Event 360000
Event 370000
Event 380000
Event 390000
Event 400000
Event 410000
Event 420000
Event 430000
Event 440000
Event 450000
Event 460000
Event 470000
Event 480000
Event 490000
Event 500000
Event 510000
Event 520000
Event 530000
Event 540000
Event 550000
Event 560000
Event 570000
Event 580000
Event 590000
Event 600000
Event 610000
Event 620000
Event 630000
Event 640000
Event 650000
Event 660000
Event 670000
Event 680000
Event 690000
Event 700000
Event 710000
Event 720000
Event 730000
Event 740000
Event 750000
Event 760000
Event 770000
Total processed number of events: 779485
End processing...

The number of options is: 2
Option 0 = ./TopMass_analysis
Option 1 = SingleElectron_Run2016F_e/SingleElectron_Run2016F_e_59.list
Option 2 = SingleElectron_Run2016F_e/SingleElectron_Run2016F_e_59.txt
Input filelist = SingleElectron_Run2016F_e/SingleElectron_Run2016F_e_59.list
Output file name = SingleElectron_Run2016F_e/SingleElectron_Run2016F_e_59.txt


start merging file(s)
adding: dcap://cluster142.knu.ac.kr//pnfs/knu.ac.kr/data/cms/store/user/sha/Run2FULL/2016PreVFP/DATA/SingleElectron/crab_SingleElectron_Run2016F_e/240205_235214//0000/SSBTree_623.root
adding: dcap://cluster142.knu.ac.kr//pnfs/knu.ac.kr/data/cms/store/user/sha/Run2FULL/2016PreVFP/DATA/SingleElectron/crab_SingleElectron_Run2016F_e/240205_235214//0000/SSBTree_624.root
adding: dcap://cluster142.knu.ac.kr//pnfs/knu.ac.kr/data/cms/store/user/sha/Run2FULL/2016PreVFP/DATA/SingleElectron/crab_SingleElectron_Run2016F_e/240205_235214//0000/SSBTree_625.root
adding: dcap://cluster142.knu.ac.kr//pnfs/knu.ac.kr/data/cms/store/user/sha/Run2FULL/2016PreVFP/DATA/SingleElectron/crab_SingleElectron_Run2016F_e/240205_235214//0000/SSBTree_626.root
adding: dcap://cluster142.knu.ac.kr//pnfs/knu.ac.kr/data/cms/store/user/sha/Run2FULL/2016PreVFP/DATA/SingleElectron/crab_SingleElectron_Run2016F_e/240205_235214//0000/SSBTree_627.root
adding: dcap://cluster142.knu.ac.kr//pnfs/knu.ac.kr/data/cms/store/user/sha/Run2FULL/2016PreVFP/DATA/SingleElectron/crab_SingleElectron_Run2016F_e/240205_235214//0000/SSBTree_628.root
adding: dcap://cluster142.knu.ac.kr//pnfs/knu.ac.kr/data/cms/store/user/sha/Run2FULL/2016PreVFP/DATA/SingleElectron/crab_SingleElectron_Run2016F_e/240205_235214//0000/SSBTree_629.root
adding: dcap://cluster142.knu.ac.kr//pnfs/knu.ac.kr/data/cms/store/user/sha/Run2FULL/2016PreVFP/DATA/SingleElectron/crab_SingleElectron_Run2016F_e/240205_235214//0000/SSBTree_62.root
adding: dcap://cluster142.knu.ac.kr//pnfs/knu.ac.kr/data/cms/store/user/sha/Run2FULL/2016PreVFP/DATA/SingleElectron/crab_SingleElectron_Run2016F_e/240205_235214//0000/SSBTree_630.root
adding: dcap://cluster142.knu.ac.kr//pnfs/knu.ac.kr/data/cms/store/user/sha/Run2FULL/2016PreVFP/DATA/SingleElectron/crab_SingleElectron_Run2016F_e/240205_235214//0000/SSBTree_631.root
Total number of events after merging root files: 553190
Event 0
Event 10000
Event 20000
Event 30000
Event 40000
Event 50000
Event 60000
Event 70000
Event 80000
Event 90000
Event 100000
Event 110000
Event 120000
Event 130000
Event 140000
Event 150000
Event 160000
Event 170000
Event 180000
Event 190000
Event 200000
Event 210000
Event 220000
Event 230000
Event 240000
Event 250000
Event 260000
Event 270000
Event 280000
Event 290000
Event 300000
Event 310000
Event 320000
Event 330000
Event 340000
Event 350000
Event 360000
Event 370000
Event 380000
Event 390000
Event 400000
Event 410000
Event 420000
Event 430000
Event 440000
Event 450000
Event 460000
Event 470000
Event 480000
Event 490000
Event 500000
Event 510000
Event 520000
Event 530000
Event 540000
Event 550000
Total processed number of events: 553190
End processing...

The number of options is: 2
Option 0 = ./TopMass_analysis
Option 1 = SingleElectron_Run2016F_e/SingleElectron_Run2016F_e_67.list
Option 2 = SingleElectron_Run2016F_e/SingleElectron_Run2016F_e_67.txt
Input filelist = SingleElectron_Run2016F_e/SingleElectron_Run2016F_e_67.list
Output file name = SingleElectron_Run2016F_e/SingleElectron_Run2016F_e_67.txt


start merging file(s)
adding: dcap://cluster142.knu.ac.kr//pnfs/knu.ac.kr/data/cms/store/user/sha/Run2FULL/2016PreVFP/DATA/SingleElectron/crab_SingleElectron_Run2016F_e/240205_235214//0000/SSBTree_696.root
adding: dcap://cluster142.knu.ac.kr//pnfs/knu.ac.kr/data/cms/store/user/sha/Run2FULL/2016PreVFP/DATA/SingleElectron/crab_SingleElectron_Run2016F_e/240205_235214//0000/SSBTree_697.root
adding: dcap://cluster142.knu.ac.kr//pnfs/knu.ac.kr/data/cms/store/user/sha/Run2FULL/2016PreVFP/DATA/SingleElectron/crab_SingleElectron_Run2016F_e/240205_235214//0000/SSBTree_698.root
adding: dcap://cluster142.knu.ac.kr//pnfs/knu.ac.kr/data/cms/store/user/sha/Run2FULL/2016PreVFP/DATA/SingleElectron/crab_SingleElectron_Run2016F_e/240205_235214//0000/SSBTree_699.root
adding: dcap://cluster142.knu.ac.kr//pnfs/knu.ac.kr/data/cms/store/user/sha/Run2FULL/2016PreVFP/DATA/SingleElectron/crab_SingleElectron_Run2016F_e/240205_235214//0000/SSBTree_69.root
adding: dcap://cluster142.knu.ac.kr//pnfs/knu.ac.kr/data/cms/store/user/sha/Run2FULL/2016PreVFP/DATA/SingleElectron/crab_SingleElectron_Run2016F_e/240205_235214//0000/SSBTree_6.root
adding: dcap://cluster142.knu.ac.kr//pnfs/knu.ac.kr/data/cms/store/user/sha/Run2FULL/2016PreVFP/DATA/SingleElectron/crab_SingleElectron_Run2016F_e/240205_235214//0000/SSBTree_700.root
adding: dcap://cluster142.knu.ac.kr//pnfs/knu.ac.kr/data/cms/store/user/sha/Run2FULL/2016PreVFP/DATA/SingleElectron/crab_SingleElectron_Run2016F_e/240205_235214//0000/SSBTree_701.root
adding: dcap://cluster142.knu.ac.kr//pnfs/knu.ac.kr/data/cms/store/user/sha/Run2FULL/2016PreVFP/DATA/SingleElectron/crab_SingleElectron_Run2016F_e/240205_235214//0000/SSBTree_702.root
adding: dcap://cluster142.knu.ac.kr//pnfs/knu.ac.kr/data/cms/store/user/sha/Run2FULL/2016PreVFP/DATA/SingleElectron/crab_SingleElectron_Run2016F_e/240205_235214//0000/SSBTree_703.root
Total number of events after merging root files: 721142
Event 0
Event 10000
Event 20000
Event 30000
Event 40000
Event 50000
Event 60000
Event 70000
Event 80000
Event 90000
Event 100000
Event 110000
Event 120000
Event 130000
Event 140000
Event 150000
Event 160000
Event 170000
Event 180000
Event 190000
Event 200000
Event 210000
Event 220000
Event 230000
Event 240000
Event 250000
Event 260000
Event 270000
Event 280000
Event 290000
Event 300000
Event 310000
Event 320000
Event 330000
Event 340000
Event 350000
Event 360000
Event 370000
Event 380000
Event 390000
Event 400000
Event 410000
Event 420000
Event 430000
Event 440000
Event 450000
Event 460000
Event 470000
Event 480000
Event 490000
Event 500000
Event 510000
Event 520000
Event 530000
Event 540000
Event 550000
Event 560000
Event 570000
Event 580000
Event 590000
Event 600000
Event 610000
Event 620000
Event 630000
Event 640000
Event 650000
Event 660000
Event 670000
Event 680000
Event 690000
Event 700000
Event 710000
Event 720000
Total processed number of events: 721142
End processing...

The number of options is: 2
Option 0 = ./TopMass_analysis
Option 1 = SingleElectron_Run2016F_e/SingleElectron_Run2016F_e_75.list
Option 2 = SingleElectron_Run2016F_e/SingleElectron_Run2016F_e_75.txt
Input filelist = SingleElectron_Run2016F_e/SingleElectron_Run2016F_e_75.list
Output file name = SingleElectron_Run2016F_e/SingleElectron_Run2016F_e_75.txt


start merging file(s)
adding: dcap://cluster142.knu.ac.kr//pnfs/knu.ac.kr/data/cms/store/user/sha/Run2FULL/2016PreVFP/DATA/SingleElectron/crab_SingleElectron_Run2016F_e/240205_235214//0000/SSBTree_768.root
adding: dcap://cluster142.knu.ac.kr//pnfs/knu.ac.kr/data/cms/store/user/sha/Run2FULL/2016PreVFP/DATA/SingleElectron/crab_SingleElectron_Run2016F_e/240205_235214//0000/SSBTree_769.root
adding: dcap://cluster142.knu.ac.kr//pnfs/knu.ac.kr/data/cms/store/user/sha/Run2FULL/2016PreVFP/DATA/SingleElectron/crab_SingleElectron_Run2016F_e/240205_235214//0000/SSBTree_76.root
adding: dcap://cluster142.knu.ac.kr//pnfs/knu.ac.kr/data/cms/store/user/sha/Run2FULL/2016PreVFP/DATA/SingleElectron/crab_SingleElectron_Run2016F_e/240205_235214//0000/SSBTree_770.root
adding: dcap://cluster142.knu.ac.kr//pnfs/knu.ac.kr/data/cms/store/user/sha/Run2FULL/2016PreVFP/DATA/SingleElectron/crab_SingleElectron_Run2016F_e/240205_235214//0000/SSBTree_771.root
adding: dcap://cluster142.knu.ac.kr//pnfs/knu.ac.kr/data/cms/store/user/sha/Run2FULL/2016PreVFP/DATA/SingleElectron/crab_SingleElectron_Run2016F_e/240205_235214//0000/SSBTree_772.root
adding: dcap://cluster142.knu.ac.kr//pnfs/knu.ac.kr/data/cms/store/user/sha/Run2FULL/2016PreVFP/DATA/SingleElectron/crab_SingleElectron_Run2016F_e/240205_235214//0000/SSBTree_773.root
adding: dcap://cluster142.knu.ac.kr//pnfs/knu.ac.kr/data/cms/store/user/sha/Run2FULL/2016PreVFP/DATA/SingleElectron/crab_SingleElectron_Run2016F_e/240205_235214//0000/SSBTree_774.root
adding: dcap://cluster142.knu.ac.kr//pnfs/knu.ac.kr/data/cms/store/user/sha/Run2FULL/2016PreVFP/DATA/SingleElectron/crab_SingleElectron_Run2016F_e/240205_235214//0000/SSBTree_775.root
adding: dcap://cluster142.knu.ac.kr//pnfs/knu.ac.kr/data/cms/store/user/sha/Run2FULL/2016PreVFP/DATA/SingleElectron/crab_SingleElectron_Run2016F_e/240205_235214//0000/SSBTree_776.root
Total number of events after merging root files: 876345
Event 0
Event 10000
Event 20000
Event 30000
Event 40000
Event 50000
Event 60000
Event 70000
Event 80000
Event 90000
Event 100000
Event 110000
Event 120000
Event 130000
Event 140000
Event 150000
Event 160000
Event 170000
Event 180000
Event 190000
Event 200000
Event 210000
Event 220000
Event 230000
Event 240000
Event 250000
Event 260000
Event 270000
Event 280000
Event 290000
Event 300000
Event 310000
Event 320000
Event 330000
Event 340000
Event 350000
Event 360000
Event 370000
Event 380000
Event 390000
Event 400000
Event 410000
Event 420000
Event 430000
Event 440000
Event 450000
Event 460000
Event 470000
Event 480000
Event 490000
Event 500000
Event 510000
Event 520000
Event 530000
Event 540000
Event 550000
Event 560000
Event 570000
Event 580000
Event 590000
Event 600000
Event 610000
Event 620000
Event 630000
Event 640000
Event 650000
Event 660000
Event 670000
Event 680000
Event 690000
Event 700000
Event 710000
Event 720000
Event 730000
Event 740000
Event 750000
Event 760000
Event 770000
Event 780000
Event 790000
Event 800000
Event 810000
Event 820000
Event 830000
Event 840000
Event 850000
Event 860000
Event 870000
Total processed number of events: 876345
End processing...

