The number of options is: 2
Option 0 = ./TopMass_analysis
Option 1 = SingleElectron_Run2016F_e/SingleElectron_Run2016F_e_7.list
Option 2 = SingleElectron_Run2016F_e/SingleElectron_Run2016F_e_7.txt
Input filelist = SingleElectron_Run2016F_e/SingleElectron_Run2016F_e_7.list
Output file name = SingleElectron_Run2016F_e/SingleElectron_Run2016F_e_7.txt


start merging file(s)
adding: dcap://cluster142.knu.ac.kr//pnfs/knu.ac.kr/data/cms/store/user/sha/Run2FULL/2016PreVFP/DATA/SingleElectron/crab_SingleElectron_Run2016F_e/240205_235214//0000/SSBTree_155.root
adding: dcap://cluster142.knu.ac.kr//pnfs/knu.ac.kr/data/cms/store/user/sha/Run2FULL/2016PreVFP/DATA/SingleElectron/crab_SingleElectron_Run2016F_e/240205_235214//0000/SSBTree_156.root
adding: dcap://cluster142.knu.ac.kr//pnfs/knu.ac.kr/data/cms/store/user/sha/Run2FULL/2016PreVFP/DATA/SingleElectron/crab_SingleElectron_Run2016F_e/240205_235214//0000/SSBTree_157.root
adding: dcap://cluster142.knu.ac.kr//pnfs/knu.ac.kr/data/cms/store/user/sha/Run2FULL/2016PreVFP/DATA/SingleElectron/crab_SingleElectron_Run2016F_e/240205_235214//0000/SSBTree_158.root
adding: dcap://cluster142.knu.ac.kr//pnfs/knu.ac.kr/data/cms/store/user/sha/Run2FULL/2016PreVFP/DATA/SingleElectron/crab_SingleElectron_Run2016F_e/240205_235214//0000/SSBTree_159.root
adding: dcap://cluster142.knu.ac.kr//pnfs/knu.ac.kr/data/cms/store/user/sha/Run2FULL/2016PreVFP/DATA/SingleElectron/crab_SingleElectron_Run2016F_e/240205_235214//0000/SSBTree_15.root
adding: dcap://cluster142.knu.ac.kr//pnfs/knu.ac.kr/data/cms/store/user/sha/Run2FULL/2016PreVFP/DATA/SingleElectron/crab_SingleElectron_Run2016F_e/240205_235214//0000/SSBTree_160.root
adding: dcap://cluster142.knu.ac.kr//pnfs/knu.ac.kr/data/cms/store/user/sha/Run2FULL/2016PreVFP/DATA/SingleElectron/crab_SingleElectron_Run2016F_e/240205_235214//0000/SSBTree_161.root
adding: dcap://cluster142.knu.ac.kr//pnfs/knu.ac.kr/data/cms/store/user/sha/Run2FULL/2016PreVFP/DATA/SingleElectron/crab_SingleElectron_Run2016F_e/240205_235214//0000/SSBTree_162.root
adding: dcap://cluster142.knu.ac.kr//pnfs/knu.ac.kr/data/cms/store/user/sha/Run2FULL/2016PreVFP/DATA/SingleElectron/crab_SingleElectron_Run2016F_e/240205_235214//0000/SSBTree_163.root
Total number of events after merging root files: 862281
Event 0
Event 10000
Event 20000
Event 30000
Event 40000
Event 50000
Event 60000
Event 70000
Event 80000
Event 90000
Event 100000
Event 110000
Event 120000
Event 130000
Event 140000
Event 150000
Event 160000
Event 170000
Event 180000
Event 190000
Event 200000
Event 210000
Event 220000
Event 230000
Event 240000
Event 250000
Event 260000
Event 270000
Event 280000
Event 290000
Event 300000
Event 310000
Event 320000
Event 330000
Event 340000
Event 350000
Event 360000
Event 370000
Event 380000
Event 390000
Event 400000
Event 410000
Event 420000
Event 430000
Event 440000
Event 450000
Event 460000
Event 470000
Event 480000
Event 490000
Event 500000
Event 510000
Event 520000
Event 530000
Event 540000
Event 550000
Event 560000
Event 570000
Event 580000
Event 590000
Event 600000
Event 610000
Event 620000
Event 630000
Event 640000
Event 650000
Event 660000
Event 670000
Event 680000
Event 690000
Event 700000
Event 710000
Event 720000
Event 730000
Event 740000
Event 750000
Event 760000
Event 770000
Event 780000
Event 790000
Event 800000
Event 810000
Event 820000
Event 830000
Event 840000
Event 850000
Event 860000
Total processed number of events: 862281
End processing...

The number of options is: 2
Option 0 = ./TopMass_analysis
Option 1 = SingleElectron_Run2016F_e/SingleElectron_Run2016F_e_15.list
Option 2 = SingleElectron_Run2016F_e/SingleElectron_Run2016F_e_15.txt
Input filelist = SingleElectron_Run2016F_e/SingleElectron_Run2016F_e_15.list
Output file name = SingleElectron_Run2016F_e/SingleElectron_Run2016F_e_15.txt


start merging file(s)
adding: dcap://cluster142.knu.ac.kr//pnfs/knu.ac.kr/data/cms/store/user/sha/Run2FULL/2016PreVFP/DATA/SingleElectron/crab_SingleElectron_Run2016F_e/240205_235214//0000/SSBTree_227.root
adding: dcap://cluster142.knu.ac.kr//pnfs/knu.ac.kr/data/cms/store/user/sha/Run2FULL/2016PreVFP/DATA/SingleElectron/crab_SingleElectron_Run2016F_e/240205_235214//0000/SSBTree_228.root
adding: dcap://cluster142.knu.ac.kr//pnfs/knu.ac.kr/data/cms/store/user/sha/Run2FULL/2016PreVFP/DATA/SingleElectron/crab_SingleElectron_Run2016F_e/240205_235214//0000/SSBTree_229.root
adding: dcap://cluster142.knu.ac.kr//pnfs/knu.ac.kr/data/cms/store/user/sha/Run2FULL/2016PreVFP/DATA/SingleElectron/crab_SingleElectron_Run2016F_e/240205_235214//0000/SSBTree_22.root
adding: dcap://cluster142.knu.ac.kr//pnfs/knu.ac.kr/data/cms/store/user/sha/Run2FULL/2016PreVFP/DATA/SingleElectron/crab_SingleElectron_Run2016F_e/240205_235214//0000/SSBTree_230.root
adding: dcap://cluster142.knu.ac.kr//pnfs/knu.ac.kr/data/cms/store/user/sha/Run2FULL/2016PreVFP/DATA/SingleElectron/crab_SingleElectron_Run2016F_e/240205_235214//0000/SSBTree_231.root
adding: dcap://cluster142.knu.ac.kr//pnfs/knu.ac.kr/data/cms/store/user/sha/Run2FULL/2016PreVFP/DATA/SingleElectron/crab_SingleElectron_Run2016F_e/240205_235214//0000/SSBTree_232.root
adding: dcap://cluster142.knu.ac.kr//pnfs/knu.ac.kr/data/cms/store/user/sha/Run2FULL/2016PreVFP/DATA/SingleElectron/crab_SingleElectron_Run2016F_e/240205_235214//0000/SSBTree_233.root
adding: dcap://cluster142.knu.ac.kr//pnfs/knu.ac.kr/data/cms/store/user/sha/Run2FULL/2016PreVFP/DATA/SingleElectron/crab_SingleElectron_Run2016F_e/240205_235214//0000/SSBTree_234.root
adding: dcap://cluster142.knu.ac.kr//pnfs/knu.ac.kr/data/cms/store/user/sha/Run2FULL/2016PreVFP/DATA/SingleElectron/crab_SingleElectron_Run2016F_e/240205_235214//0000/SSBTree_235.root
Total number of events after merging root files: 872664
Event 0
Event 10000
Event 20000
Event 30000
Event 40000
Event 50000
Event 60000
Event 70000
Event 80000
Event 90000
Event 100000
Event 110000
Event 120000
Event 130000
Event 140000
Event 150000
Event 160000
Event 170000
Event 180000
Event 190000
Event 200000
Event 210000
Event 220000
Event 230000
Event 240000
Event 250000
Event 260000
Event 270000
Event 280000
Event 290000
Event 300000
Event 310000
Event 320000
Event 330000
Event 340000
Event 350000
Event 360000
Event 370000
Event 380000
Event 390000
Event 400000
Event 410000
Event 420000
Event 430000
Event 440000
Event 450000
Event 460000
Event 470000
Event 480000
Event 490000
Event 500000
Event 510000
Event 520000
Event 530000
Event 540000
Event 550000
Event 560000
Event 570000
Event 580000
Event 590000
Event 600000
Event 610000
Event 620000
Event 630000
Event 640000
Event 650000
Event 660000
Event 670000
Event 680000
Event 690000
Event 700000
Event 710000
Event 720000
Event 730000
Event 740000
Event 750000
Event 760000
Event 770000
Event 780000
Event 790000
Event 800000
Event 810000
Event 820000
Event 830000
Event 840000
Event 850000
Event 860000
Event 870000
Total processed number of events: 872664
End processing...

The number of options is: 2
Option 0 = ./TopMass_analysis
Option 1 = SingleElectron_Run2016F_e/SingleElectron_Run2016F_e_23.list
Option 2 = SingleElectron_Run2016F_e/SingleElectron_Run2016F_e_23.txt
Input filelist = SingleElectron_Run2016F_e/SingleElectron_Run2016F_e_23.list
Output file name = SingleElectron_Run2016F_e/SingleElectron_Run2016F_e_23.txt


start merging file(s)
adding: dcap://cluster142.knu.ac.kr//pnfs/knu.ac.kr/data/cms/store/user/sha/Run2FULL/2016PreVFP/DATA/SingleElectron/crab_SingleElectron_Run2016F_e/240205_235214//0000/SSBTree_29.root
adding: dcap://cluster142.knu.ac.kr//pnfs/knu.ac.kr/data/cms/store/user/sha/Run2FULL/2016PreVFP/DATA/SingleElectron/crab_SingleElectron_Run2016F_e/240205_235214//0000/SSBTree_2.root
adding: dcap://cluster142.knu.ac.kr//pnfs/knu.ac.kr/data/cms/store/user/sha/Run2FULL/2016PreVFP/DATA/SingleElectron/crab_SingleElectron_Run2016F_e/240205_235214//0000/SSBTree_300.root
adding: dcap://cluster142.knu.ac.kr//pnfs/knu.ac.kr/data/cms/store/user/sha/Run2FULL/2016PreVFP/DATA/SingleElectron/crab_SingleElectron_Run2016F_e/240205_235214//0000/SSBTree_301.root
adding: dcap://cluster142.knu.ac.kr//pnfs/knu.ac.kr/data/cms/store/user/sha/Run2FULL/2016PreVFP/DATA/SingleElectron/crab_SingleElectron_Run2016F_e/240205_235214//0000/SSBTree_302.root
adding: dcap://cluster142.knu.ac.kr//pnfs/knu.ac.kr/data/cms/store/user/sha/Run2FULL/2016PreVFP/DATA/SingleElectron/crab_SingleElectron_Run2016F_e/240205_235214//0000/SSBTree_303.root
adding: dcap://cluster142.knu.ac.kr//pnfs/knu.ac.kr/data/cms/store/user/sha/Run2FULL/2016PreVFP/DATA/SingleElectron/crab_SingleElectron_Run2016F_e/240205_235214//0000/SSBTree_304.root
adding: dcap://cluster142.knu.ac.kr//pnfs/knu.ac.kr/data/cms/store/user/sha/Run2FULL/2016PreVFP/DATA/SingleElectron/crab_SingleElectron_Run2016F_e/240205_235214//0000/SSBTree_305.root
adding: dcap://cluster142.knu.ac.kr//pnfs/knu.ac.kr/data/cms/store/user/sha/Run2FULL/2016PreVFP/DATA/SingleElectron/crab_SingleElectron_Run2016F_e/240205_235214//0000/SSBTree_306.root
adding: dcap://cluster142.knu.ac.kr//pnfs/knu.ac.kr/data/cms/store/user/sha/Run2FULL/2016PreVFP/DATA/SingleElectron/crab_SingleElectron_Run2016F_e/240205_235214//0000/SSBTree_307.root
Total number of events after merging root files: 806604
Event 0
Event 10000
Event 20000
Event 30000
Event 40000
Event 50000
Event 60000
Event 70000
Event 80000
Event 90000
Event 100000
Event 110000
Event 120000
Event 130000
Event 140000
Event 150000
Event 160000
Event 170000
Event 180000
Event 190000
Event 200000
Event 210000
Event 220000
Event 230000
Event 240000
Event 250000
Event 260000
Event 270000
Event 280000
Event 290000
Event 300000
Event 310000
Event 320000
Event 330000
Event 340000
Event 350000
Event 360000
Event 370000
Event 380000
Event 390000
Event 400000
Event 410000
Event 420000
Event 430000
Event 440000
Event 450000
Event 460000
Event 470000
Event 480000
Event 490000
Event 500000
Event 510000
Event 520000
Event 530000
Event 540000
Event 550000
Event 560000
Event 570000
Event 580000
Event 590000
Event 600000
Event 610000
Event 620000
Event 630000
Event 640000
Event 650000
Event 660000
Event 670000
Event 680000
Event 690000
Event 700000
Event 710000
Event 720000
Event 730000
Event 740000
Event 750000
Event 760000
Event 770000
Event 780000
Event 790000
Event 800000
Total processed number of events: 806604
End processing...

The number of options is: 2
Option 0 = ./TopMass_analysis
Option 1 = SingleElectron_Run2016F_e/SingleElectron_Run2016F_e_31.list
Option 2 = SingleElectron_Run2016F_e/SingleElectron_Run2016F_e_31.txt
Input filelist = SingleElectron_Run2016F_e/SingleElectron_Run2016F_e_31.list
Output file name = SingleElectron_Run2016F_e/SingleElectron_Run2016F_e_31.txt


start merging file(s)
adding: dcap://cluster142.knu.ac.kr//pnfs/knu.ac.kr/data/cms/store/user/sha/Run2FULL/2016PreVFP/DATA/SingleElectron/crab_SingleElectron_Run2016F_e/240205_235214//0000/SSBTree_371.root
adding: dcap://cluster142.knu.ac.kr//pnfs/knu.ac.kr/data/cms/store/user/sha/Run2FULL/2016PreVFP/DATA/SingleElectron/crab_SingleElectron_Run2016F_e/240205_235214//0000/SSBTree_372.root
adding: dcap://cluster142.knu.ac.kr//pnfs/knu.ac.kr/data/cms/store/user/sha/Run2FULL/2016PreVFP/DATA/SingleElectron/crab_SingleElectron_Run2016F_e/240205_235214//0000/SSBTree_373.root
adding: dcap://cluster142.knu.ac.kr//pnfs/knu.ac.kr/data/cms/store/user/sha/Run2FULL/2016PreVFP/DATA/SingleElectron/crab_SingleElectron_Run2016F_e/240205_235214//0000/SSBTree_374.root
adding: dcap://cluster142.knu.ac.kr//pnfs/knu.ac.kr/data/cms/store/user/sha/Run2FULL/2016PreVFP/DATA/SingleElectron/crab_SingleElectron_Run2016F_e/240205_235214//0000/SSBTree_375.root
adding: dcap://cluster142.knu.ac.kr//pnfs/knu.ac.kr/data/cms/store/user/sha/Run2FULL/2016PreVFP/DATA/SingleElectron/crab_SingleElectron_Run2016F_e/240205_235214//0000/SSBTree_376.root
adding: dcap://cluster142.knu.ac.kr//pnfs/knu.ac.kr/data/cms/store/user/sha/Run2FULL/2016PreVFP/DATA/SingleElectron/crab_SingleElectron_Run2016F_e/240205_235214//0000/SSBTree_377.root
adding: dcap://cluster142.knu.ac.kr//pnfs/knu.ac.kr/data/cms/store/user/sha/Run2FULL/2016PreVFP/DATA/SingleElectron/crab_SingleElectron_Run2016F_e/240205_235214//0000/SSBTree_378.root
adding: dcap://cluster142.knu.ac.kr//pnfs/knu.ac.kr/data/cms/store/user/sha/Run2FULL/2016PreVFP/DATA/SingleElectron/crab_SingleElectron_Run2016F_e/240205_235214//0000/SSBTree_379.root
adding: dcap://cluster142.knu.ac.kr//pnfs/knu.ac.kr/data/cms/store/user/sha/Run2FULL/2016PreVFP/DATA/SingleElectron/crab_SingleElectron_Run2016F_e/240205_235214//0000/SSBTree_37.root
Total number of events after merging root files: 735033
Event 0
Event 10000
Event 20000
Event 30000
Event 40000
Event 50000
Event 60000
Event 70000
Event 80000
Event 90000
Event 100000
Event 110000
Event 120000
Event 130000
Event 140000
Event 150000
Event 160000
Event 170000
Event 180000
Event 190000
Event 200000
Event 210000
Event 220000
Event 230000
Event 240000
Event 250000
Event 260000
Event 270000
Event 280000
Event 290000
Event 300000
Event 310000
Event 320000
Event 330000
Event 340000
Event 350000
Event 360000
Event 370000
Event 380000
Event 390000
Event 400000
Event 410000
Event 420000
Event 430000
Event 440000
Event 450000
Event 460000
Event 470000
Event 480000
Event 490000
Event 500000
Event 510000
Event 520000
Event 530000
Event 540000
Event 550000
Event 560000
Event 570000
Event 580000
Event 590000
Event 600000
Event 610000
Event 620000
Event 630000
Event 640000
Event 650000
Event 660000
Event 670000
Event 680000
Event 690000
Event 700000
Event 710000
Event 720000
Event 730000
Total processed number of events: 735033
End processing...

The number of options is: 2
Option 0 = ./TopMass_analysis
Option 1 = SingleElectron_Run2016F_e/SingleElectron_Run2016F_e_39.list
Option 2 = SingleElectron_Run2016F_e/SingleElectron_Run2016F_e_39.txt
Input filelist = SingleElectron_Run2016F_e/SingleElectron_Run2016F_e_39.list
Output file name = SingleElectron_Run2016F_e/SingleElectron_Run2016F_e_39.txt


start merging file(s)
adding: dcap://cluster142.knu.ac.kr//pnfs/knu.ac.kr/data/cms/store/user/sha/Run2FULL/2016PreVFP/DATA/SingleElectron/crab_SingleElectron_Run2016F_e/240205_235214//0000/SSBTree_443.root
adding: dcap://cluster142.knu.ac.kr//pnfs/knu.ac.kr/data/cms/store/user/sha/Run2FULL/2016PreVFP/DATA/SingleElectron/crab_SingleElectron_Run2016F_e/240205_235214//0000/SSBTree_444.root
adding: dcap://cluster142.knu.ac.kr//pnfs/knu.ac.kr/data/cms/store/user/sha/Run2FULL/2016PreVFP/DATA/SingleElectron/crab_SingleElectron_Run2016F_e/240205_235214//0000/SSBTree_445.root
adding: dcap://cluster142.knu.ac.kr//pnfs/knu.ac.kr/data/cms/store/user/sha/Run2FULL/2016PreVFP/DATA/SingleElectron/crab_SingleElectron_Run2016F_e/240205_235214//0000/SSBTree_446.root
adding: dcap://cluster142.knu.ac.kr//pnfs/knu.ac.kr/data/cms/store/user/sha/Run2FULL/2016PreVFP/DATA/SingleElectron/crab_SingleElectron_Run2016F_e/240205_235214//0000/SSBTree_447.root
adding: dcap://cluster142.knu.ac.kr//pnfs/knu.ac.kr/data/cms/store/user/sha/Run2FULL/2016PreVFP/DATA/SingleElectron/crab_SingleElectron_Run2016F_e/240205_235214//0000/SSBTree_448.root
adding: dcap://cluster142.knu.ac.kr//pnfs/knu.ac.kr/data/cms/store/user/sha/Run2FULL/2016PreVFP/DATA/SingleElectron/crab_SingleElectron_Run2016F_e/240205_235214//0000/SSBTree_449.root
adding: dcap://cluster142.knu.ac.kr//pnfs/knu.ac.kr/data/cms/store/user/sha/Run2FULL/2016PreVFP/DATA/SingleElectron/crab_SingleElectron_Run2016F_e/240205_235214//0000/SSBTree_44.root
adding: dcap://cluster142.knu.ac.kr//pnfs/knu.ac.kr/data/cms/store/user/sha/Run2FULL/2016PreVFP/DATA/SingleElectron/crab_SingleElectron_Run2016F_e/240205_235214//0000/SSBTree_450.root
adding: dcap://cluster142.knu.ac.kr//pnfs/knu.ac.kr/data/cms/store/user/sha/Run2FULL/2016PreVFP/DATA/SingleElectron/crab_SingleElectron_Run2016F_e/240205_235214//0000/SSBTree_451.root
Total number of events after merging root files: 651382
Event 0
Event 10000
Event 20000
Event 30000
Event 40000
Event 50000
Event 60000
Event 70000
Event 80000
Event 90000
Event 100000
Event 110000
Event 120000
Event 130000
Event 140000
Event 150000
Event 160000
Event 170000
Event 180000
Event 190000
Event 200000
Event 210000
Event 220000
Event 230000
Event 240000
Event 250000
Event 260000
Event 270000
Event 280000
Event 290000
Event 300000
Event 310000
Event 320000
Event 330000
Event 340000
Event 350000
Event 360000
Event 370000
Event 380000
Event 390000
Event 400000
Event 410000
Event 420000
Event 430000
Event 440000
Event 450000
Event 460000
Event 470000
Event 480000
Event 490000
Event 500000
Event 510000
Event 520000
Event 530000
Event 540000
Event 550000
Event 560000
Event 570000
Event 580000
Event 590000
Event 600000
Event 610000
Event 620000
Event 630000
Event 640000
Event 650000
Total processed number of events: 651382
End processing...

The number of options is: 2
Option 0 = ./TopMass_analysis
Option 1 = SingleElectron_Run2016F_e/SingleElectron_Run2016F_e_47.list
Option 2 = SingleElectron_Run2016F_e/SingleElectron_Run2016F_e_47.txt
Input filelist = SingleElectron_Run2016F_e/SingleElectron_Run2016F_e_47.list
Output file name = SingleElectron_Run2016F_e/SingleElectron_Run2016F_e_47.txt


start merging file(s)
adding: dcap://cluster142.knu.ac.kr//pnfs/knu.ac.kr/data/cms/store/user/sha/Run2FULL/2016PreVFP/DATA/SingleElectron/crab_SingleElectron_Run2016F_e/240205_235214//0000/SSBTree_515.root
adding: dcap://cluster142.knu.ac.kr//pnfs/knu.ac.kr/data/cms/store/user/sha/Run2FULL/2016PreVFP/DATA/SingleElectron/crab_SingleElectron_Run2016F_e/240205_235214//0000/SSBTree_516.root
adding: dcap://cluster142.knu.ac.kr//pnfs/knu.ac.kr/data/cms/store/user/sha/Run2FULL/2016PreVFP/DATA/SingleElectron/crab_SingleElectron_Run2016F_e/240205_235214//0000/SSBTree_517.root
adding: dcap://cluster142.knu.ac.kr//pnfs/knu.ac.kr/data/cms/store/user/sha/Run2FULL/2016PreVFP/DATA/SingleElectron/crab_SingleElectron_Run2016F_e/240205_235214//0000/SSBTree_518.root
adding: dcap://cluster142.knu.ac.kr//pnfs/knu.ac.kr/data/cms/store/user/sha/Run2FULL/2016PreVFP/DATA/SingleElectron/crab_SingleElectron_Run2016F_e/240205_235214//0000/SSBTree_519.root
adding: dcap://cluster142.knu.ac.kr//pnfs/knu.ac.kr/data/cms/store/user/sha/Run2FULL/2016PreVFP/DATA/SingleElectron/crab_SingleElectron_Run2016F_e/240205_235214//0000/SSBTree_51.root
adding: dcap://cluster142.knu.ac.kr//pnfs/knu.ac.kr/data/cms/store/user/sha/Run2FULL/2016PreVFP/DATA/SingleElectron/crab_SingleElectron_Run2016F_e/240205_235214//0000/SSBTree_520.root
adding: dcap://cluster142.knu.ac.kr//pnfs/knu.ac.kr/data/cms/store/user/sha/Run2FULL/2016PreVFP/DATA/SingleElectron/crab_SingleElectron_Run2016F_e/240205_235214//0000/SSBTree_521.root
adding: dcap://cluster142.knu.ac.kr//pnfs/knu.ac.kr/data/cms/store/user/sha/Run2FULL/2016PreVFP/DATA/SingleElectron/crab_SingleElectron_Run2016F_e/240205_235214//0000/SSBTree_522.root
adding: dcap://cluster142.knu.ac.kr//pnfs/knu.ac.kr/data/cms/store/user/sha/Run2FULL/2016PreVFP/DATA/SingleElectron/crab_SingleElectron_Run2016F_e/240205_235214//0000/SSBTree_523.root
Total number of events after merging root files: 768979
Event 0
Event 10000
Event 20000
Event 30000
Event 40000
Event 50000
Event 60000
Event 70000
Event 80000
Event 90000
Event 100000
Event 110000
Event 120000
Event 130000
Event 140000
Event 150000
Event 160000
Event 170000
Event 180000
Event 190000
Event 200000
Event 210000
Event 220000
Event 230000
Event 240000
Event 250000
Event 260000
Event 270000
Event 280000
Event 290000
Event 300000
Event 310000
Event 320000
Event 330000
Event 340000
Event 350000
Event 360000
Event 370000
Event 380000
Event 390000
Event 400000
Event 410000
Event 420000
Event 430000
Event 440000
Event 450000
Event 460000
Event 470000
Event 480000
Event 490000
Event 500000
Event 510000
Event 520000
Event 530000
Event 540000
Event 550000
Event 560000
Event 570000
Event 580000
Event 590000
Event 600000
Event 610000
Event 620000
Event 630000
Event 640000
Event 650000
Event 660000
Event 670000
Event 680000
Event 690000
Event 700000
Event 710000
Event 720000
Event 730000
Event 740000
Event 750000
Event 760000
Total processed number of events: 768979
End processing...

The number of options is: 2
Option 0 = ./TopMass_analysis
Option 1 = SingleElectron_Run2016F_e/SingleElectron_Run2016F_e_55.list
Option 2 = SingleElectron_Run2016F_e/SingleElectron_Run2016F_e_55.txt
Input filelist = SingleElectron_Run2016F_e/SingleElectron_Run2016F_e_55.list
Output file name = SingleElectron_Run2016F_e/SingleElectron_Run2016F_e_55.txt


start merging file(s)
adding: dcap://cluster142.knu.ac.kr//pnfs/knu.ac.kr/data/cms/store/user/sha/Run2FULL/2016PreVFP/DATA/SingleElectron/crab_SingleElectron_Run2016F_e/240205_235214//0000/SSBTree_588.root
adding: dcap://cluster142.knu.ac.kr//pnfs/knu.ac.kr/data/cms/store/user/sha/Run2FULL/2016PreVFP/DATA/SingleElectron/crab_SingleElectron_Run2016F_e/240205_235214//0000/SSBTree_589.root
adding: dcap://cluster142.knu.ac.kr//pnfs/knu.ac.kr/data/cms/store/user/sha/Run2FULL/2016PreVFP/DATA/SingleElectron/crab_SingleElectron_Run2016F_e/240205_235214//0000/SSBTree_58.root
adding: dcap://cluster142.knu.ac.kr//pnfs/knu.ac.kr/data/cms/store/user/sha/Run2FULL/2016PreVFP/DATA/SingleElectron/crab_SingleElectron_Run2016F_e/240205_235214//0000/SSBTree_590.root
adding: dcap://cluster142.knu.ac.kr//pnfs/knu.ac.kr/data/cms/store/user/sha/Run2FULL/2016PreVFP/DATA/SingleElectron/crab_SingleElectron_Run2016F_e/240205_235214//0000/SSBTree_591.root
adding: dcap://cluster142.knu.ac.kr//pnfs/knu.ac.kr/data/cms/store/user/sha/Run2FULL/2016PreVFP/DATA/SingleElectron/crab_SingleElectron_Run2016F_e/240205_235214//0000/SSBTree_592.root
adding: dcap://cluster142.knu.ac.kr//pnfs/knu.ac.kr/data/cms/store/user/sha/Run2FULL/2016PreVFP/DATA/SingleElectron/crab_SingleElectron_Run2016F_e/240205_235214//0000/SSBTree_593.root
adding: dcap://cluster142.knu.ac.kr//pnfs/knu.ac.kr/data/cms/store/user/sha/Run2FULL/2016PreVFP/DATA/SingleElectron/crab_SingleElectron_Run2016F_e/240205_235214//0000/SSBTree_594.root
adding: dcap://cluster142.knu.ac.kr//pnfs/knu.ac.kr/data/cms/store/user/sha/Run2FULL/2016PreVFP/DATA/SingleElectron/crab_SingleElectron_Run2016F_e/240205_235214//0000/SSBTree_595.root
adding: dcap://cluster142.knu.ac.kr//pnfs/knu.ac.kr/data/cms/store/user/sha/Run2FULL/2016PreVFP/DATA/SingleElectron/crab_SingleElectron_Run2016F_e/240205_235214//0000/SSBTree_596.root
Total number of events after merging root files: 755426
Event 0
Event 10000
Event 20000
Event 30000
Event 40000
Event 50000
Event 60000
Event 70000
Event 80000
Event 90000
Event 100000
Event 110000
Event 120000
Event 130000
Event 140000
Event 150000
Event 160000
Event 170000
Event 180000
Event 190000
Event 200000
Event 210000
Event 220000
Event 230000
Event 240000
Event 250000
Event 260000
Event 270000
Event 280000
Event 290000
Event 300000
Event 310000
Event 320000
Event 330000
Event 340000
Event 350000
Event 360000
Event 370000
Event 380000
Event 390000
Event 400000
Event 410000
Event 420000
Event 430000
Event 440000
Event 450000
Event 460000
Event 470000
Event 480000
Event 490000
Event 500000
Event 510000
Event 520000
Event 530000
Event 540000
Event 550000
Event 560000
Event 570000
Event 580000
Event 590000
Event 600000
Event 610000
Event 620000
Event 630000
Event 640000
Event 650000
Event 660000
Event 670000
Event 680000
Event 690000
Event 700000
Event 710000
Event 720000
Event 730000
Event 740000
Event 750000
Total processed number of events: 755426
End processing...

The number of options is: 2
Option 0 = ./TopMass_analysis
Option 1 = SingleElectron_Run2016F_e/SingleElectron_Run2016F_e_63.list
Option 2 = SingleElectron_Run2016F_e/SingleElectron_Run2016F_e_63.txt
Input filelist = SingleElectron_Run2016F_e/SingleElectron_Run2016F_e_63.list
Output file name = SingleElectron_Run2016F_e/SingleElectron_Run2016F_e_63.txt


start merging file(s)
adding: dcap://cluster142.knu.ac.kr//pnfs/knu.ac.kr/data/cms/store/user/sha/Run2FULL/2016PreVFP/DATA/SingleElectron/crab_SingleElectron_Run2016F_e/240205_235214//0000/SSBTree_65.root
adding: dcap://cluster142.knu.ac.kr//pnfs/knu.ac.kr/data/cms/store/user/sha/Run2FULL/2016PreVFP/DATA/SingleElectron/crab_SingleElectron_Run2016F_e/240205_235214//0000/SSBTree_660.root
adding: dcap://cluster142.knu.ac.kr//pnfs/knu.ac.kr/data/cms/store/user/sha/Run2FULL/2016PreVFP/DATA/SingleElectron/crab_SingleElectron_Run2016F_e/240205_235214//0000/SSBTree_661.root
adding: dcap://cluster142.knu.ac.kr//pnfs/knu.ac.kr/data/cms/store/user/sha/Run2FULL/2016PreVFP/DATA/SingleElectron/crab_SingleElectron_Run2016F_e/240205_235214//0000/SSBTree_662.root
adding: dcap://cluster142.knu.ac.kr//pnfs/knu.ac.kr/data/cms/store/user/sha/Run2FULL/2016PreVFP/DATA/SingleElectron/crab_SingleElectron_Run2016F_e/240205_235214//0000/SSBTree_663.root
adding: dcap://cluster142.knu.ac.kr//pnfs/knu.ac.kr/data/cms/store/user/sha/Run2FULL/2016PreVFP/DATA/SingleElectron/crab_SingleElectron_Run2016F_e/240205_235214//0000/SSBTree_664.root
adding: dcap://cluster142.knu.ac.kr//pnfs/knu.ac.kr/data/cms/store/user/sha/Run2FULL/2016PreVFP/DATA/SingleElectron/crab_SingleElectron_Run2016F_e/240205_235214//0000/SSBTree_665.root
adding: dcap://cluster142.knu.ac.kr//pnfs/knu.ac.kr/data/cms/store/user/sha/Run2FULL/2016PreVFP/DATA/SingleElectron/crab_SingleElectron_Run2016F_e/240205_235214//0000/SSBTree_666.root
adding: dcap://cluster142.knu.ac.kr//pnfs/knu.ac.kr/data/cms/store/user/sha/Run2FULL/2016PreVFP/DATA/SingleElectron/crab_SingleElectron_Run2016F_e/240205_235214//0000/SSBTree_667.root
adding: dcap://cluster142.knu.ac.kr//pnfs/knu.ac.kr/data/cms/store/user/sha/Run2FULL/2016PreVFP/DATA/SingleElectron/crab_SingleElectron_Run2016F_e/240205_235214//0000/SSBTree_668.root
Total number of events after merging root files: 919207
Event 0
Event 10000
Event 20000
Event 30000
Event 40000
Event 50000
Event 60000
Event 70000
Event 80000
Event 90000
Event 100000
Event 110000
Event 120000
Event 130000
Event 140000
Event 150000
Event 160000
Event 170000
Event 180000
Event 190000
Event 200000
Event 210000
Event 220000
Event 230000
Event 240000
Event 250000
Event 260000
Event 270000
Event 280000
Event 290000
Event 300000
Event 310000
Event 320000
Event 330000
Event 340000
Event 350000
Event 360000
Event 370000
Event 380000
Event 390000
Event 400000
Event 410000
Event 420000
Event 430000
Event 440000
Event 450000
Event 460000
Event 470000
Event 480000
Event 490000
Event 500000
Event 510000
Event 520000
Event 530000
Event 540000
Event 550000
Event 560000
Event 570000
Event 580000
Event 590000
Event 600000
Event 610000
Event 620000
Event 630000
Event 640000
Event 650000
Event 660000
Event 670000
Event 680000
Event 690000
Event 700000
Event 710000
Event 720000
Event 730000
Event 740000
Event 750000
Event 760000
Event 770000
Event 780000
Event 790000
Event 800000
Event 810000
Event 820000
Event 830000
Event 840000
Event 850000
Event 860000
Event 870000
Event 880000
Event 890000
Event 900000
Event 910000
Total processed number of events: 919207
End processing...

The number of options is: 2
Option 0 = ./TopMass_analysis
Option 1 = SingleElectron_Run2016F_e/SingleElectron_Run2016F_e_71.list
Option 2 = SingleElectron_Run2016F_e/SingleElectron_Run2016F_e_71.txt
Input filelist = SingleElectron_Run2016F_e/SingleElectron_Run2016F_e_71.list
Output file name = SingleElectron_Run2016F_e/SingleElectron_Run2016F_e_71.txt


start merging file(s)
adding: dcap://cluster142.knu.ac.kr//pnfs/knu.ac.kr/data/cms/store/user/sha/Run2FULL/2016PreVFP/DATA/SingleElectron/crab_SingleElectron_Run2016F_e/240205_235214//0000/SSBTree_731.root
adding: dcap://cluster142.knu.ac.kr//pnfs/knu.ac.kr/data/cms/store/user/sha/Run2FULL/2016PreVFP/DATA/SingleElectron/crab_SingleElectron_Run2016F_e/240205_235214//0000/SSBTree_732.root
adding: dcap://cluster142.knu.ac.kr//pnfs/knu.ac.kr/data/cms/store/user/sha/Run2FULL/2016PreVFP/DATA/SingleElectron/crab_SingleElectron_Run2016F_e/240205_235214//0000/SSBTree_733.root
adding: dcap://cluster142.knu.ac.kr//pnfs/knu.ac.kr/data/cms/store/user/sha/Run2FULL/2016PreVFP/DATA/SingleElectron/crab_SingleElectron_Run2016F_e/240205_235214//0000/SSBTree_734.root
adding: dcap://cluster142.knu.ac.kr//pnfs/knu.ac.kr/data/cms/store/user/sha/Run2FULL/2016PreVFP/DATA/SingleElectron/crab_SingleElectron_Run2016F_e/240205_235214//0000/SSBTree_735.root
adding: dcap://cluster142.knu.ac.kr//pnfs/knu.ac.kr/data/cms/store/user/sha/Run2FULL/2016PreVFP/DATA/SingleElectron/crab_SingleElectron_Run2016F_e/240205_235214//0000/SSBTree_736.root
adding: dcap://cluster142.knu.ac.kr//pnfs/knu.ac.kr/data/cms/store/user/sha/Run2FULL/2016PreVFP/DATA/SingleElectron/crab_SingleElectron_Run2016F_e/240205_235214//0000/SSBTree_737.root
adding: dcap://cluster142.knu.ac.kr//pnfs/knu.ac.kr/data/cms/store/user/sha/Run2FULL/2016PreVFP/DATA/SingleElectron/crab_SingleElectron_Run2016F_e/240205_235214//0000/SSBTree_738.root
adding: dcap://cluster142.knu.ac.kr//pnfs/knu.ac.kr/data/cms/store/user/sha/Run2FULL/2016PreVFP/DATA/SingleElectron/crab_SingleElectron_Run2016F_e/240205_235214//0000/SSBTree_739.root
adding: dcap://cluster142.knu.ac.kr//pnfs/knu.ac.kr/data/cms/store/user/sha/Run2FULL/2016PreVFP/DATA/SingleElectron/crab_SingleElectron_Run2016F_e/240205_235214//0000/SSBTree_73.root
Total number of events after merging root files: 707394
Event 0
Event 10000
Event 20000
Event 30000
Event 40000
Event 50000
Event 60000
Event 70000
Event 80000
Event 90000
Event 100000
Event 110000
Event 120000
Event 130000
Event 140000
Event 150000
Event 160000
Event 170000
Event 180000
Event 190000
Event 200000
Event 210000
Event 220000
Event 230000
Event 240000
Event 250000
Event 260000
Event 270000
Event 280000
Event 290000
Event 300000
Event 310000
Event 320000
Event 330000
Event 340000
Event 350000
Event 360000
Event 370000
Event 380000
Event 390000
Event 400000
Event 410000
Event 420000
Event 430000
Event 440000
Event 450000
Event 460000
Event 470000
Event 480000
Event 490000
Event 500000
Event 510000
Event 520000
Event 530000
Event 540000
Event 550000
Event 560000
Event 570000
Event 580000
Event 590000
Event 600000
Event 610000
Event 620000
Event 630000
Event 640000
Event 650000
Event 660000
Event 670000
Event 680000
Event 690000
Event 700000
Total processed number of events: 707394
End processing...

The number of options is: 2
Option 0 = ./TopMass_analysis
Option 1 = SingleElectron_Run2016F_e/SingleElectron_Run2016F_e_79.list
Option 2 = SingleElectron_Run2016F_e/SingleElectron_Run2016F_e_79.txt
Input filelist = SingleElectron_Run2016F_e/SingleElectron_Run2016F_e_79.list
Output file name = SingleElectron_Run2016F_e/SingleElectron_Run2016F_e_79.txt


start merging file(s)
adding: dcap://cluster142.knu.ac.kr//pnfs/knu.ac.kr/data/cms/store/user/sha/Run2FULL/2016PreVFP/DATA/SingleElectron/crab_SingleElectron_Run2016F_e/240205_235214//0000/SSBTree_95.root
adding: dcap://cluster142.knu.ac.kr//pnfs/knu.ac.kr/data/cms/store/user/sha/Run2FULL/2016PreVFP/DATA/SingleElectron/crab_SingleElectron_Run2016F_e/240205_235214//0000/SSBTree_96.root
adding: dcap://cluster142.knu.ac.kr//pnfs/knu.ac.kr/data/cms/store/user/sha/Run2FULL/2016PreVFP/DATA/SingleElectron/crab_SingleElectron_Run2016F_e/240205_235214//0000/SSBTree_97.root
adding: dcap://cluster142.knu.ac.kr//pnfs/knu.ac.kr/data/cms/store/user/sha/Run2FULL/2016PreVFP/DATA/SingleElectron/crab_SingleElectron_Run2016F_e/240205_235214//0000/SSBTree_98.root
adding: dcap://cluster142.knu.ac.kr//pnfs/knu.ac.kr/data/cms/store/user/sha/Run2FULL/2016PreVFP/DATA/SingleElectron/crab_SingleElectron_Run2016F_e/240205_235214//0000/SSBTree_99.root
adding: dcap://cluster142.knu.ac.kr//pnfs/knu.ac.kr/data/cms/store/user/sha/Run2FULL/2016PreVFP/DATA/SingleElectron/crab_SingleElectron_Run2016F_e/240205_235214//0000/SSBTree_9.root
Total number of events after merging root files: 473930
Event 0
Event 10000
Event 20000
Event 30000
Event 40000
Event 50000
Event 60000
Event 70000
Event 80000
Event 90000
Event 100000
Event 110000
Event 120000
Event 130000
Event 140000
Event 150000
Event 160000
Event 170000
Event 180000
Event 190000
Event 200000
Event 210000
Event 220000
Event 230000
Event 240000
Event 250000
Event 260000
Event 270000
Event 280000
Event 290000
Event 300000
Event 310000
Event 320000
Event 330000
Event 340000
Event 350000
Event 360000
Event 370000
Event 380000
Event 390000
Event 400000
Event 410000
Event 420000
Event 430000
Event 440000
Event 450000
Event 460000
Event 470000
Total processed number of events: 473930
End processing...

