The number of options is: 2
Option 0 = ./TopMass_analysis
Option 1 = SingleElectron_Run2016E/SingleElectron_Run2016E_9.list
Option 2 = SingleElectron_Run2016E/SingleElectron_Run2016E_9.txt
Input filelist = SingleElectron_Run2016E/SingleElectron_Run2016E_9.list
Output file name = SingleElectron_Run2016E/SingleElectron_Run2016E_9.txt


start merging file(s)
adding: dcap://cluster142.knu.ac.kr//pnfs/knu.ac.kr/data/cms/store/user/sha/Run2FULL/2016PreVFP/DATA/SingleElectron/crab_SingleElectron_Run2016E/240205_234623//0000/SSBTree_173.root
adding: dcap://cluster142.knu.ac.kr//pnfs/knu.ac.kr/data/cms/store/user/sha/Run2FULL/2016PreVFP/DATA/SingleElectron/crab_SingleElectron_Run2016E/240205_234623//0000/SSBTree_174.root
adding: dcap://cluster142.knu.ac.kr//pnfs/knu.ac.kr/data/cms/store/user/sha/Run2FULL/2016PreVFP/DATA/SingleElectron/crab_SingleElectron_Run2016E/240205_234623//0000/SSBTree_175.root
adding: dcap://cluster142.knu.ac.kr//pnfs/knu.ac.kr/data/cms/store/user/sha/Run2FULL/2016PreVFP/DATA/SingleElectron/crab_SingleElectron_Run2016E/240205_234623//0000/SSBTree_176.root
adding: dcap://cluster142.knu.ac.kr//pnfs/knu.ac.kr/data/cms/store/user/sha/Run2FULL/2016PreVFP/DATA/SingleElectron/crab_SingleElectron_Run2016E/240205_234623//0000/SSBTree_177.root
adding: dcap://cluster142.knu.ac.kr//pnfs/knu.ac.kr/data/cms/store/user/sha/Run2FULL/2016PreVFP/DATA/SingleElectron/crab_SingleElectron_Run2016E/240205_234623//0000/SSBTree_178.root
adding: dcap://cluster142.knu.ac.kr//pnfs/knu.ac.kr/data/cms/store/user/sha/Run2FULL/2016PreVFP/DATA/SingleElectron/crab_SingleElectron_Run2016E/240205_234623//0000/SSBTree_179.root
adding: dcap://cluster142.knu.ac.kr//pnfs/knu.ac.kr/data/cms/store/user/sha/Run2FULL/2016PreVFP/DATA/SingleElectron/crab_SingleElectron_Run2016E/240205_234623//0000/SSBTree_17.root
adding: dcap://cluster142.knu.ac.kr//pnfs/knu.ac.kr/data/cms/store/user/sha/Run2FULL/2016PreVFP/DATA/SingleElectron/crab_SingleElectron_Run2016E/240205_234623//0000/SSBTree_180.root
adding: dcap://cluster142.knu.ac.kr//pnfs/knu.ac.kr/data/cms/store/user/sha/Run2FULL/2016PreVFP/DATA/SingleElectron/crab_SingleElectron_Run2016E/240205_234623//0000/SSBTree_181.root
Total number of events after merging root files: 776205
Event 0
Event 10000
Event 20000
Event 30000
Event 40000
Event 50000
Event 60000
Event 70000
Event 80000
Event 90000
Event 100000
Event 110000
Event 120000
Event 130000
Event 140000
Event 150000
Event 160000
Event 170000
Event 180000
Event 190000
Event 200000
Event 210000
Event 220000
Event 230000
Event 240000
Event 250000
Event 260000
Event 270000
Event 280000
Event 290000
Event 300000
Event 310000
Event 320000
Event 330000
Event 340000
Event 350000
Event 360000
Event 370000
Event 380000
Event 390000
Event 400000
Event 410000
Event 420000
Event 430000
Event 440000
Event 450000
Event 460000
Event 470000
Event 480000
Event 490000
Event 500000
Event 510000
Event 520000
Event 530000
Event 540000
Event 550000
Event 560000
Event 570000
Event 580000
Event 590000
Event 600000
Event 610000
Event 620000
Event 630000
Event 640000
Event 650000
Event 660000
Event 670000
Event 680000
Event 690000
Event 700000
Event 710000
Event 720000
Event 730000
Event 740000
Event 750000
Event 760000
Event 770000
Total processed number of events: 776205
End processing...

The number of options is: 2
Option 0 = ./TopMass_analysis
Option 1 = SingleElectron_Run2016E/SingleElectron_Run2016E_22.list
Option 2 = SingleElectron_Run2016E/SingleElectron_Run2016E_22.txt
Input filelist = SingleElectron_Run2016E/SingleElectron_Run2016E_22.list
Output file name = SingleElectron_Run2016E/SingleElectron_Run2016E_22.txt


start merging file(s)
adding: dcap://cluster142.knu.ac.kr//pnfs/knu.ac.kr/data/cms/store/user/sha/Run2FULL/2016PreVFP/DATA/SingleElectron/crab_SingleElectron_Run2016E/240205_234623//0000/SSBTree_290.root
adding: dcap://cluster142.knu.ac.kr//pnfs/knu.ac.kr/data/cms/store/user/sha/Run2FULL/2016PreVFP/DATA/SingleElectron/crab_SingleElectron_Run2016E/240205_234623//0000/SSBTree_291.root
adding: dcap://cluster142.knu.ac.kr//pnfs/knu.ac.kr/data/cms/store/user/sha/Run2FULL/2016PreVFP/DATA/SingleElectron/crab_SingleElectron_Run2016E/240205_234623//0000/SSBTree_292.root
adding: dcap://cluster142.knu.ac.kr//pnfs/knu.ac.kr/data/cms/store/user/sha/Run2FULL/2016PreVFP/DATA/SingleElectron/crab_SingleElectron_Run2016E/240205_234623//0000/SSBTree_293.root
adding: dcap://cluster142.knu.ac.kr//pnfs/knu.ac.kr/data/cms/store/user/sha/Run2FULL/2016PreVFP/DATA/SingleElectron/crab_SingleElectron_Run2016E/240205_234623//0000/SSBTree_294.root
adding: dcap://cluster142.knu.ac.kr//pnfs/knu.ac.kr/data/cms/store/user/sha/Run2FULL/2016PreVFP/DATA/SingleElectron/crab_SingleElectron_Run2016E/240205_234623//0000/SSBTree_295.root
adding: dcap://cluster142.knu.ac.kr//pnfs/knu.ac.kr/data/cms/store/user/sha/Run2FULL/2016PreVFP/DATA/SingleElectron/crab_SingleElectron_Run2016E/240205_234623//0000/SSBTree_296.root
adding: dcap://cluster142.knu.ac.kr//pnfs/knu.ac.kr/data/cms/store/user/sha/Run2FULL/2016PreVFP/DATA/SingleElectron/crab_SingleElectron_Run2016E/240205_234623//0000/SSBTree_297.root
adding: dcap://cluster142.knu.ac.kr//pnfs/knu.ac.kr/data/cms/store/user/sha/Run2FULL/2016PreVFP/DATA/SingleElectron/crab_SingleElectron_Run2016E/240205_234623//0000/SSBTree_298.root
adding: dcap://cluster142.knu.ac.kr//pnfs/knu.ac.kr/data/cms/store/user/sha/Run2FULL/2016PreVFP/DATA/SingleElectron/crab_SingleElectron_Run2016E/240205_234623//0000/SSBTree_299.root
Total number of events after merging root files: 1108289
Event 0
Event 10000
Event 20000
Event 30000
Event 40000
Event 50000
Event 60000
Event 70000
Event 80000
Event 90000
Event 100000
Event 110000
Event 120000
Event 130000
Event 140000
Event 150000
Event 160000
Event 170000
Event 180000
Event 190000
Event 200000
Event 210000
Event 220000
Event 230000
Event 240000
Event 250000
Event 260000
Event 270000
Event 280000
Event 290000
Event 300000
Event 310000
Event 320000
Event 330000
Event 340000
Event 350000
Event 360000
Event 370000
Event 380000
Event 390000
Event 400000
Event 410000
Event 420000
Event 430000
Event 440000
Event 450000
Event 460000
Event 470000
Event 480000
Event 490000
Event 500000
Event 510000
Event 520000
Event 530000
Event 540000
Event 550000
Event 560000
Event 570000
Event 580000
Event 590000
Event 600000
Event 610000
Event 620000
Event 630000
Event 640000
Event 650000
Event 660000
Event 670000
Event 680000
Event 690000
Event 700000
Event 710000
Event 720000
Event 730000
Event 740000
Event 750000
Event 760000
Event 770000
Event 780000
Event 790000
Event 800000
Event 810000
Event 820000
Event 830000
Event 840000
Event 850000
Event 860000
Event 870000
Event 880000
Event 890000
Event 900000
Event 910000
Event 920000
Event 930000
Event 940000
Event 950000
Event 960000
Event 970000
Event 980000
Event 990000
Event 1000000
Event 1010000
Event 1020000
Event 1030000
Event 1040000
Event 1050000
Event 1060000
Event 1070000
Event 1080000
Event 1090000
Event 1100000
Total processed number of events: 1108289
End processing...

The number of options is: 2
Option 0 = ./TopMass_analysis
Option 1 = SingleElectron_Run2016E/SingleElectron_Run2016E_35.list
Option 2 = SingleElectron_Run2016E/SingleElectron_Run2016E_35.txt
Input filelist = SingleElectron_Run2016E/SingleElectron_Run2016E_35.list
Output file name = SingleElectron_Run2016E/SingleElectron_Run2016E_35.txt


start merging file(s)
adding: dcap://cluster142.knu.ac.kr//pnfs/knu.ac.kr/data/cms/store/user/sha/Run2FULL/2016PreVFP/DATA/SingleElectron/crab_SingleElectron_Run2016E/240205_234623//0000/SSBTree_407.root
adding: dcap://cluster142.knu.ac.kr//pnfs/knu.ac.kr/data/cms/store/user/sha/Run2FULL/2016PreVFP/DATA/SingleElectron/crab_SingleElectron_Run2016E/240205_234623//0000/SSBTree_408.root
adding: dcap://cluster142.knu.ac.kr//pnfs/knu.ac.kr/data/cms/store/user/sha/Run2FULL/2016PreVFP/DATA/SingleElectron/crab_SingleElectron_Run2016E/240205_234623//0000/SSBTree_409.root
adding: dcap://cluster142.knu.ac.kr//pnfs/knu.ac.kr/data/cms/store/user/sha/Run2FULL/2016PreVFP/DATA/SingleElectron/crab_SingleElectron_Run2016E/240205_234623//0000/SSBTree_40.root
adding: dcap://cluster142.knu.ac.kr//pnfs/knu.ac.kr/data/cms/store/user/sha/Run2FULL/2016PreVFP/DATA/SingleElectron/crab_SingleElectron_Run2016E/240205_234623//0000/SSBTree_410.root
adding: dcap://cluster142.knu.ac.kr//pnfs/knu.ac.kr/data/cms/store/user/sha/Run2FULL/2016PreVFP/DATA/SingleElectron/crab_SingleElectron_Run2016E/240205_234623//0000/SSBTree_411.root
adding: dcap://cluster142.knu.ac.kr//pnfs/knu.ac.kr/data/cms/store/user/sha/Run2FULL/2016PreVFP/DATA/SingleElectron/crab_SingleElectron_Run2016E/240205_234623//0000/SSBTree_412.root
adding: dcap://cluster142.knu.ac.kr//pnfs/knu.ac.kr/data/cms/store/user/sha/Run2FULL/2016PreVFP/DATA/SingleElectron/crab_SingleElectron_Run2016E/240205_234623//0000/SSBTree_413.root
adding: dcap://cluster142.knu.ac.kr//pnfs/knu.ac.kr/data/cms/store/user/sha/Run2FULL/2016PreVFP/DATA/SingleElectron/crab_SingleElectron_Run2016E/240205_234623//0000/SSBTree_414.root
adding: dcap://cluster142.knu.ac.kr//pnfs/knu.ac.kr/data/cms/store/user/sha/Run2FULL/2016PreVFP/DATA/SingleElectron/crab_SingleElectron_Run2016E/240205_234623//0000/SSBTree_415.root
Total number of events after merging root files: 963892
Event 0
Event 10000
Event 20000
Event 30000
Event 40000
Event 50000
Event 60000
Event 70000
Event 80000
Event 90000
Event 100000
Event 110000
Event 120000
Event 130000
Event 140000
Event 150000
Event 160000
Event 170000
Event 180000
Event 190000
Event 200000
Event 210000
Event 220000
Event 230000
Event 240000
Event 250000
Event 260000
Event 270000
Event 280000
Event 290000
Event 300000
Event 310000
Event 320000
Event 330000
Event 340000
Event 350000
Event 360000
Event 370000
Event 380000
Event 390000
Event 400000
Event 410000
Event 420000
Event 430000
Event 440000
Event 450000
Event 460000
Event 470000
Event 480000
Event 490000
Event 500000
Event 510000
Event 520000
Event 530000
Event 540000
Event 550000
Event 560000
Event 570000
Event 580000
Event 590000
Event 600000
Event 610000
Event 620000
Event 630000
Event 640000
Event 650000
Event 660000
Event 670000
Event 680000
Event 690000
Event 700000
Event 710000
Event 720000
Event 730000
Event 740000
Event 750000
Event 760000
Event 770000
Event 780000
Event 790000
Event 800000
Event 810000
Event 820000
Event 830000
Event 840000
Event 850000
Event 860000
Event 870000
Event 880000
Event 890000
Event 900000
Event 910000
Event 920000
Event 930000
Event 940000
Event 950000
Event 960000
Total processed number of events: 963892
End processing...

The number of options is: 2
Option 0 = ./TopMass_analysis
Option 1 = SingleElectron_Run2016E/SingleElectron_Run2016E_48.list
Option 2 = SingleElectron_Run2016E/SingleElectron_Run2016E_48.txt
Input filelist = SingleElectron_Run2016E/SingleElectron_Run2016E_48.list
Output file name = SingleElectron_Run2016E/SingleElectron_Run2016E_48.txt


start merging file(s)
adding: dcap://cluster142.knu.ac.kr//pnfs/knu.ac.kr/data/cms/store/user/sha/Run2FULL/2016PreVFP/DATA/SingleElectron/crab_SingleElectron_Run2016E/240205_234623//0000/SSBTree_524.root
adding: dcap://cluster142.knu.ac.kr//pnfs/knu.ac.kr/data/cms/store/user/sha/Run2FULL/2016PreVFP/DATA/SingleElectron/crab_SingleElectron_Run2016E/240205_234623//0000/SSBTree_525.root
adding: dcap://cluster142.knu.ac.kr//pnfs/knu.ac.kr/data/cms/store/user/sha/Run2FULL/2016PreVFP/DATA/SingleElectron/crab_SingleElectron_Run2016E/240205_234623//0000/SSBTree_526.root
adding: dcap://cluster142.knu.ac.kr//pnfs/knu.ac.kr/data/cms/store/user/sha/Run2FULL/2016PreVFP/DATA/SingleElectron/crab_SingleElectron_Run2016E/240205_234623//0000/SSBTree_527.root
adding: dcap://cluster142.knu.ac.kr//pnfs/knu.ac.kr/data/cms/store/user/sha/Run2FULL/2016PreVFP/DATA/SingleElectron/crab_SingleElectron_Run2016E/240205_234623//0000/SSBTree_528.root
adding: dcap://cluster142.knu.ac.kr//pnfs/knu.ac.kr/data/cms/store/user/sha/Run2FULL/2016PreVFP/DATA/SingleElectron/crab_SingleElectron_Run2016E/240205_234623//0000/SSBTree_529.root
adding: dcap://cluster142.knu.ac.kr//pnfs/knu.ac.kr/data/cms/store/user/sha/Run2FULL/2016PreVFP/DATA/SingleElectron/crab_SingleElectron_Run2016E/240205_234623//0000/SSBTree_52.root
adding: dcap://cluster142.knu.ac.kr//pnfs/knu.ac.kr/data/cms/store/user/sha/Run2FULL/2016PreVFP/DATA/SingleElectron/crab_SingleElectron_Run2016E/240205_234623//0000/SSBTree_530.root
adding: dcap://cluster142.knu.ac.kr//pnfs/knu.ac.kr/data/cms/store/user/sha/Run2FULL/2016PreVFP/DATA/SingleElectron/crab_SingleElectron_Run2016E/240205_234623//0000/SSBTree_531.root
adding: dcap://cluster142.knu.ac.kr//pnfs/knu.ac.kr/data/cms/store/user/sha/Run2FULL/2016PreVFP/DATA/SingleElectron/crab_SingleElectron_Run2016E/240205_234623//0000/SSBTree_532.root
Total number of events after merging root files: 902050
Event 0
Event 10000
Event 20000
Event 30000
Event 40000
Event 50000
Event 60000
Event 70000
Event 80000
Event 90000
Event 100000
Event 110000
Event 120000
Event 130000
Event 140000
Event 150000
Event 160000
Event 170000
Event 180000
Event 190000
Event 200000
Event 210000
Event 220000
Event 230000
Event 240000
Event 250000
Event 260000
Event 270000
Event 280000
Event 290000
Event 300000
Event 310000
Event 320000
Event 330000
Event 340000
Event 350000
Event 360000
Event 370000
Event 380000
Event 390000
Event 400000
Event 410000
Event 420000
Event 430000
Event 440000
Event 450000
Event 460000
Event 470000
Event 480000
Event 490000
Event 500000
Event 510000
Event 520000
Event 530000
Event 540000
Event 550000
Event 560000
Event 570000
Event 580000
Event 590000
Event 600000
Event 610000
Event 620000
Event 630000
Event 640000
Event 650000
Event 660000
Event 670000
Event 680000
Event 690000
Event 700000
Event 710000
Event 720000
Event 730000
Event 740000
Event 750000
Event 760000
Event 770000
Event 780000
Event 790000
Event 800000
Event 810000
Event 820000
Event 830000
Event 840000
Event 850000
Event 860000
Event 870000
Event 880000
Event 890000
Event 900000
Total processed number of events: 902050
End processing...

The number of options is: 2
Option 0 = ./TopMass_analysis
Option 1 = SingleElectron_Run2016E/SingleElectron_Run2016E_61.list
Option 2 = SingleElectron_Run2016E/SingleElectron_Run2016E_61.txt
Input filelist = SingleElectron_Run2016E/SingleElectron_Run2016E_61.list
Output file name = SingleElectron_Run2016E/SingleElectron_Run2016E_61.txt


start merging file(s)
adding: dcap://cluster142.knu.ac.kr//pnfs/knu.ac.kr/data/cms/store/user/sha/Run2FULL/2016PreVFP/DATA/SingleElectron/crab_SingleElectron_Run2016E/240205_234623//0000/SSBTree_641.root
adding: dcap://cluster142.knu.ac.kr//pnfs/knu.ac.kr/data/cms/store/user/sha/Run2FULL/2016PreVFP/DATA/SingleElectron/crab_SingleElectron_Run2016E/240205_234623//0000/SSBTree_642.root
adding: dcap://cluster142.knu.ac.kr//pnfs/knu.ac.kr/data/cms/store/user/sha/Run2FULL/2016PreVFP/DATA/SingleElectron/crab_SingleElectron_Run2016E/240205_234623//0000/SSBTree_643.root
adding: dcap://cluster142.knu.ac.kr//pnfs/knu.ac.kr/data/cms/store/user/sha/Run2FULL/2016PreVFP/DATA/SingleElectron/crab_SingleElectron_Run2016E/240205_234623//0000/SSBTree_644.root
adding: dcap://cluster142.knu.ac.kr//pnfs/knu.ac.kr/data/cms/store/user/sha/Run2FULL/2016PreVFP/DATA/SingleElectron/crab_SingleElectron_Run2016E/240205_234623//0000/SSBTree_645.root
adding: dcap://cluster142.knu.ac.kr//pnfs/knu.ac.kr/data/cms/store/user/sha/Run2FULL/2016PreVFP/DATA/SingleElectron/crab_SingleElectron_Run2016E/240205_234623//0000/SSBTree_646.root
adding: dcap://cluster142.knu.ac.kr//pnfs/knu.ac.kr/data/cms/store/user/sha/Run2FULL/2016PreVFP/DATA/SingleElectron/crab_SingleElectron_Run2016E/240205_234623//0000/SSBTree_647.root
adding: dcap://cluster142.knu.ac.kr//pnfs/knu.ac.kr/data/cms/store/user/sha/Run2FULL/2016PreVFP/DATA/SingleElectron/crab_SingleElectron_Run2016E/240205_234623//0000/SSBTree_648.root
adding: dcap://cluster142.knu.ac.kr//pnfs/knu.ac.kr/data/cms/store/user/sha/Run2FULL/2016PreVFP/DATA/SingleElectron/crab_SingleElectron_Run2016E/240205_234623//0000/SSBTree_649.root
adding: dcap://cluster142.knu.ac.kr//pnfs/knu.ac.kr/data/cms/store/user/sha/Run2FULL/2016PreVFP/DATA/SingleElectron/crab_SingleElectron_Run2016E/240205_234623//0000/SSBTree_64.root
Total number of events after merging root files: 822734
Event 0
Event 10000
Event 20000
Event 30000
Event 40000
Event 50000
Event 60000
Event 70000
Event 80000
Event 90000
Event 100000
Event 110000
Event 120000
Event 130000
Event 140000
Event 150000
Event 160000
Event 170000
Event 180000
Event 190000
Event 200000
Event 210000
Event 220000
Event 230000
Event 240000
Event 250000
Event 260000
Event 270000
Event 280000
Event 290000
Event 300000
Event 310000
Event 320000
Event 330000
Event 340000
Event 350000
Event 360000
Event 370000
Event 380000
Event 390000
Event 400000
Event 410000
Event 420000
Event 430000
Event 440000
Event 450000
Event 460000
Event 470000
Event 480000
Event 490000
Event 500000
Event 510000
Event 520000
Event 530000
Event 540000
Event 550000
Event 560000
Event 570000
Event 580000
Event 590000
Event 600000
Event 610000
Event 620000
Event 630000
Event 640000
Event 650000
Event 660000
Event 670000
Event 680000
Event 690000
Event 700000
Event 710000
Event 720000
Event 730000
Event 740000
Event 750000
Event 760000
Event 770000
Event 780000
Event 790000
Event 800000
Event 810000
Event 820000
Total processed number of events: 822734
End processing...

The number of options is: 2
Option 0 = ./TopMass_analysis
Option 1 = SingleElectron_Run2016E/SingleElectron_Run2016E_74.list
Option 2 = SingleElectron_Run2016E/SingleElectron_Run2016E_74.txt
Input filelist = SingleElectron_Run2016E/SingleElectron_Run2016E_74.list
Output file name = SingleElectron_Run2016E/SingleElectron_Run2016E_74.txt


start merging file(s)
adding: dcap://cluster142.knu.ac.kr//pnfs/knu.ac.kr/data/cms/store/user/sha/Run2FULL/2016PreVFP/DATA/SingleElectron/crab_SingleElectron_Run2016E/240205_234623//0000/SSBTree_759.root
adding: dcap://cluster142.knu.ac.kr//pnfs/knu.ac.kr/data/cms/store/user/sha/Run2FULL/2016PreVFP/DATA/SingleElectron/crab_SingleElectron_Run2016E/240205_234623//0000/SSBTree_75.root
adding: dcap://cluster142.knu.ac.kr//pnfs/knu.ac.kr/data/cms/store/user/sha/Run2FULL/2016PreVFP/DATA/SingleElectron/crab_SingleElectron_Run2016E/240205_234623//0000/SSBTree_760.root
adding: dcap://cluster142.knu.ac.kr//pnfs/knu.ac.kr/data/cms/store/user/sha/Run2FULL/2016PreVFP/DATA/SingleElectron/crab_SingleElectron_Run2016E/240205_234623//0000/SSBTree_761.root
adding: dcap://cluster142.knu.ac.kr//pnfs/knu.ac.kr/data/cms/store/user/sha/Run2FULL/2016PreVFP/DATA/SingleElectron/crab_SingleElectron_Run2016E/240205_234623//0000/SSBTree_762.root
adding: dcap://cluster142.knu.ac.kr//pnfs/knu.ac.kr/data/cms/store/user/sha/Run2FULL/2016PreVFP/DATA/SingleElectron/crab_SingleElectron_Run2016E/240205_234623//0000/SSBTree_763.root
adding: dcap://cluster142.knu.ac.kr//pnfs/knu.ac.kr/data/cms/store/user/sha/Run2FULL/2016PreVFP/DATA/SingleElectron/crab_SingleElectron_Run2016E/240205_234623//0000/SSBTree_764.root
adding: dcap://cluster142.knu.ac.kr//pnfs/knu.ac.kr/data/cms/store/user/sha/Run2FULL/2016PreVFP/DATA/SingleElectron/crab_SingleElectron_Run2016E/240205_234623//0000/SSBTree_765.root
adding: dcap://cluster142.knu.ac.kr//pnfs/knu.ac.kr/data/cms/store/user/sha/Run2FULL/2016PreVFP/DATA/SingleElectron/crab_SingleElectron_Run2016E/240205_234623//0000/SSBTree_766.root
adding: dcap://cluster142.knu.ac.kr//pnfs/knu.ac.kr/data/cms/store/user/sha/Run2FULL/2016PreVFP/DATA/SingleElectron/crab_SingleElectron_Run2016E/240205_234623//0000/SSBTree_767.root
Total number of events after merging root files: 623298
Event 0
Event 10000
Event 20000
Event 30000
Event 40000
Event 50000
Event 60000
Event 70000
Event 80000
Event 90000
Event 100000
Event 110000
Event 120000
Event 130000
Event 140000
Event 150000
Event 160000
Event 170000
Event 180000
Event 190000
Event 200000
Event 210000
Event 220000
Event 230000
Event 240000
Event 250000
Event 260000
Event 270000
Event 280000
Event 290000
Event 300000
Event 310000
Event 320000
Event 330000
Event 340000
Event 350000
Event 360000
Event 370000
Event 380000
Event 390000
Event 400000
Event 410000
Event 420000
Event 430000
Event 440000
Event 450000
Event 460000
Event 470000
Event 480000
Event 490000
Event 500000
Event 510000
Event 520000
Event 530000
Event 540000
Event 550000
Event 560000
Event 570000
Event 580000
Event 590000
Event 600000
Event 610000
Event 620000
Total processed number of events: 623298
End processing...

The number of options is: 2
Option 0 = ./TopMass_analysis
Option 1 = SingleElectron_Run2016E/SingleElectron_Run2016E_87.list
Option 2 = SingleElectron_Run2016E/SingleElectron_Run2016E_87.txt
Input filelist = SingleElectron_Run2016E/SingleElectron_Run2016E_87.list
Output file name = SingleElectron_Run2016E/SingleElectron_Run2016E_87.txt


start merging file(s)
adding: dcap://cluster142.knu.ac.kr//pnfs/knu.ac.kr/data/cms/store/user/sha/Run2FULL/2016PreVFP/DATA/SingleElectron/crab_SingleElectron_Run2016E/240205_234623//0000/SSBTree_876.root
adding: dcap://cluster142.knu.ac.kr//pnfs/knu.ac.kr/data/cms/store/user/sha/Run2FULL/2016PreVFP/DATA/SingleElectron/crab_SingleElectron_Run2016E/240205_234623//0000/SSBTree_877.root
adding: dcap://cluster142.knu.ac.kr//pnfs/knu.ac.kr/data/cms/store/user/sha/Run2FULL/2016PreVFP/DATA/SingleElectron/crab_SingleElectron_Run2016E/240205_234623//0000/SSBTree_878.root
adding: dcap://cluster142.knu.ac.kr//pnfs/knu.ac.kr/data/cms/store/user/sha/Run2FULL/2016PreVFP/DATA/SingleElectron/crab_SingleElectron_Run2016E/240205_234623//0000/SSBTree_879.root
adding: dcap://cluster142.knu.ac.kr//pnfs/knu.ac.kr/data/cms/store/user/sha/Run2FULL/2016PreVFP/DATA/SingleElectron/crab_SingleElectron_Run2016E/240205_234623//0000/SSBTree_87.root
adding: dcap://cluster142.knu.ac.kr//pnfs/knu.ac.kr/data/cms/store/user/sha/Run2FULL/2016PreVFP/DATA/SingleElectron/crab_SingleElectron_Run2016E/240205_234623//0000/SSBTree_880.root
adding: dcap://cluster142.knu.ac.kr//pnfs/knu.ac.kr/data/cms/store/user/sha/Run2FULL/2016PreVFP/DATA/SingleElectron/crab_SingleElectron_Run2016E/240205_234623//0000/SSBTree_881.root
adding: dcap://cluster142.knu.ac.kr//pnfs/knu.ac.kr/data/cms/store/user/sha/Run2FULL/2016PreVFP/DATA/SingleElectron/crab_SingleElectron_Run2016E/240205_234623//0000/SSBTree_882.root
adding: dcap://cluster142.knu.ac.kr//pnfs/knu.ac.kr/data/cms/store/user/sha/Run2FULL/2016PreVFP/DATA/SingleElectron/crab_SingleElectron_Run2016E/240205_234623//0000/SSBTree_883.root
adding: dcap://cluster142.knu.ac.kr//pnfs/knu.ac.kr/data/cms/store/user/sha/Run2FULL/2016PreVFP/DATA/SingleElectron/crab_SingleElectron_Run2016E/240205_234623//0000/SSBTree_884.root
Total number of events after merging root files: 867980
Event 0
Event 10000
Event 20000
Event 30000
Event 40000
Event 50000
Event 60000
Event 70000
Event 80000
Event 90000
Event 100000
Event 110000
Event 120000
Event 130000
Event 140000
Event 150000
Event 160000
Event 170000
Event 180000
Event 190000
Event 200000
Event 210000
Event 220000
Event 230000
Event 240000
Event 250000
Event 260000
Event 270000
Event 280000
Event 290000
Event 300000
Event 310000
Event 320000
Event 330000
Event 340000
Event 350000
Event 360000
Event 370000
Event 380000
Event 390000
Event 400000
Event 410000
Event 420000
Event 430000
Event 440000
Event 450000
Event 460000
Event 470000
Event 480000
Event 490000
Event 500000
Event 510000
Event 520000
Event 530000
Event 540000
Event 550000
Event 560000
Event 570000
Event 580000
Event 590000
Event 600000
Event 610000
Event 620000
Event 630000
Event 640000
Event 650000
Event 660000
Event 670000
Event 680000
Event 690000
Event 700000
Event 710000
Event 720000
Event 730000
Event 740000
Event 750000
Event 760000
Event 770000
Event 780000
Event 790000
Event 800000
Event 810000
Event 820000
Event 830000
Event 840000
Event 850000
Event 860000
Total processed number of events: 867980
End processing...

The number of options is: 2
Option 0 = ./TopMass_analysis
Option 1 = SingleElectron_Run2016E/SingleElectron_Run2016E_100.list
Option 2 = SingleElectron_Run2016E/SingleElectron_Run2016E_100.txt
Input filelist = SingleElectron_Run2016E/SingleElectron_Run2016E_100.list
Output file name = SingleElectron_Run2016E/SingleElectron_Run2016E_100.txt


start merging file(s)
adding: dcap://cluster142.knu.ac.kr//pnfs/knu.ac.kr/data/cms/store/user/sha/Run2FULL/2016PreVFP/DATA/SingleElectron/crab_SingleElectron_Run2016E/240205_234623//0000/SSBTree_993.root
adding: dcap://cluster142.knu.ac.kr//pnfs/knu.ac.kr/data/cms/store/user/sha/Run2FULL/2016PreVFP/DATA/SingleElectron/crab_SingleElectron_Run2016E/240205_234623//0000/SSBTree_994.root
adding: dcap://cluster142.knu.ac.kr//pnfs/knu.ac.kr/data/cms/store/user/sha/Run2FULL/2016PreVFP/DATA/SingleElectron/crab_SingleElectron_Run2016E/240205_234623//0000/SSBTree_995.root
adding: dcap://cluster142.knu.ac.kr//pnfs/knu.ac.kr/data/cms/store/user/sha/Run2FULL/2016PreVFP/DATA/SingleElectron/crab_SingleElectron_Run2016E/240205_234623//0000/SSBTree_996.root
adding: dcap://cluster142.knu.ac.kr//pnfs/knu.ac.kr/data/cms/store/user/sha/Run2FULL/2016PreVFP/DATA/SingleElectron/crab_SingleElectron_Run2016E/240205_234623//0000/SSBTree_997.root
adding: dcap://cluster142.knu.ac.kr//pnfs/knu.ac.kr/data/cms/store/user/sha/Run2FULL/2016PreVFP/DATA/SingleElectron/crab_SingleElectron_Run2016E/240205_234623//0000/SSBTree_998.root
adding: dcap://cluster142.knu.ac.kr//pnfs/knu.ac.kr/data/cms/store/user/sha/Run2FULL/2016PreVFP/DATA/SingleElectron/crab_SingleElectron_Run2016E/240205_234623//0000/SSBTree_999.root
adding: dcap://cluster142.knu.ac.kr//pnfs/knu.ac.kr/data/cms/store/user/sha/Run2FULL/2016PreVFP/DATA/SingleElectron/crab_SingleElectron_Run2016E/240205_234623//0000/SSBTree_99.root
adding: dcap://cluster142.knu.ac.kr//pnfs/knu.ac.kr/data/cms/store/user/sha/Run2FULL/2016PreVFP/DATA/SingleElectron/crab_SingleElectron_Run2016E/240205_234623//0000/SSBTree_9.root
adding: dcap://cluster142.knu.ac.kr//pnfs/knu.ac.kr/data/cms/store/user/sha/Run2FULL/2016PreVFP/DATA/SingleElectron/crab_SingleElectron_Run2016E/240205_234623//0001/SSBTree_1000.root
Total number of events after merging root files: 946705
Event 0
Event 10000
Event 20000
Event 30000
Event 40000
Event 50000
Event 60000
Event 70000
Event 80000
Event 90000
Event 100000
Event 110000
Event 120000
Event 130000
Event 140000
Event 150000
Event 160000
Event 170000
Event 180000
Event 190000
Event 200000
Event 210000
Event 220000
Event 230000
Event 240000
Event 250000
Event 260000
Event 270000
Event 280000
Event 290000
Event 300000
Event 310000
Event 320000
Event 330000
Event 340000
Event 350000
Event 360000
Event 370000
Event 380000
Event 390000
Event 400000
Event 410000
Event 420000
Event 430000
Event 440000
Event 450000
Event 460000
Event 470000
Event 480000
Event 490000
Event 500000
Event 510000
Event 520000
Event 530000
Event 540000
Event 550000
Event 560000
Event 570000
Event 580000
Event 590000
Event 600000
Event 610000
Event 620000
Event 630000
Event 640000
Event 650000
Event 660000
Event 670000
Event 680000
Event 690000
Event 700000
Event 710000
Event 720000
Event 730000
Event 740000
Event 750000
Event 760000
Event 770000
Event 780000
Event 790000
Event 800000
Event 810000
Event 820000
Event 830000
Event 840000
Event 850000
Event 860000
Event 870000
Event 880000
Event 890000
Event 900000
Event 910000
Event 920000
Event 930000
Event 940000
Total processed number of events: 946705
End processing...

The number of options is: 2
Option 0 = ./TopMass_analysis
Option 1 = SingleElectron_Run2016E/SingleElectron_Run2016E_113.list
Option 2 = SingleElectron_Run2016E/SingleElectron_Run2016E_113.txt
Input filelist = SingleElectron_Run2016E/SingleElectron_Run2016E_113.list
Output file name = SingleElectron_Run2016E/SingleElectron_Run2016E_113.txt


start merging file(s)
adding: dcap://cluster142.knu.ac.kr//pnfs/knu.ac.kr/data/cms/store/user/sha/Run2FULL/2016PreVFP/DATA/SingleElectron/crab_SingleElectron_Run2016E/240205_234623//0001/SSBTree_1121.root
adding: dcap://cluster142.knu.ac.kr//pnfs/knu.ac.kr/data/cms/store/user/sha/Run2FULL/2016PreVFP/DATA/SingleElectron/crab_SingleElectron_Run2016E/240205_234623//0001/SSBTree_1122.root
adding: dcap://cluster142.knu.ac.kr//pnfs/knu.ac.kr/data/cms/store/user/sha/Run2FULL/2016PreVFP/DATA/SingleElectron/crab_SingleElectron_Run2016E/240205_234623//0001/SSBTree_1123.root
adding: dcap://cluster142.knu.ac.kr//pnfs/knu.ac.kr/data/cms/store/user/sha/Run2FULL/2016PreVFP/DATA/SingleElectron/crab_SingleElectron_Run2016E/240205_234623//0001/SSBTree_1124.root
adding: dcap://cluster142.knu.ac.kr//pnfs/knu.ac.kr/data/cms/store/user/sha/Run2FULL/2016PreVFP/DATA/SingleElectron/crab_SingleElectron_Run2016E/240205_234623//0001/SSBTree_1125.root
adding: dcap://cluster142.knu.ac.kr//pnfs/knu.ac.kr/data/cms/store/user/sha/Run2FULL/2016PreVFP/DATA/SingleElectron/crab_SingleElectron_Run2016E/240205_234623//0001/SSBTree_1126.root
adding: dcap://cluster142.knu.ac.kr//pnfs/knu.ac.kr/data/cms/store/user/sha/Run2FULL/2016PreVFP/DATA/SingleElectron/crab_SingleElectron_Run2016E/240205_234623//0001/SSBTree_1127.root
adding: dcap://cluster142.knu.ac.kr//pnfs/knu.ac.kr/data/cms/store/user/sha/Run2FULL/2016PreVFP/DATA/SingleElectron/crab_SingleElectron_Run2016E/240205_234623//0001/SSBTree_1128.root
adding: dcap://cluster142.knu.ac.kr//pnfs/knu.ac.kr/data/cms/store/user/sha/Run2FULL/2016PreVFP/DATA/SingleElectron/crab_SingleElectron_Run2016E/240205_234623//0001/SSBTree_1129.root
adding: dcap://cluster142.knu.ac.kr//pnfs/knu.ac.kr/data/cms/store/user/sha/Run2FULL/2016PreVFP/DATA/SingleElectron/crab_SingleElectron_Run2016E/240205_234623//0001/SSBTree_1130.root
Total number of events after merging root files: 818003
Event 0
Event 10000
Event 20000
Event 30000
Event 40000
Event 50000
Event 60000
Event 70000
Event 80000
Event 90000
Event 100000
Event 110000
Event 120000
Event 130000
Event 140000
Event 150000
Event 160000
Event 170000
Event 180000
Event 190000
Event 200000
Event 210000
Event 220000
Event 230000
Event 240000
Event 250000
Event 260000
Event 270000
Event 280000
Event 290000
Event 300000
Event 310000
Event 320000
Event 330000
Event 340000
Event 350000
Event 360000
Event 370000
Event 380000
Event 390000
Event 400000
Event 410000
Event 420000
Event 430000
Event 440000
Event 450000
Event 460000
Event 470000
Event 480000
Event 490000
Event 500000
Event 510000
Event 520000
Event 530000
Event 540000
Event 550000
Event 560000
Event 570000
Event 580000
Event 590000
Event 600000
Event 610000
Event 620000
Event 630000
Event 640000
Event 650000
Event 660000
Event 670000
Event 680000
Event 690000
Event 700000
Event 710000
Event 720000
Event 730000
Event 740000
Event 750000
Event 760000
Event 770000
Event 780000
Event 790000
Event 800000
Event 810000
Total processed number of events: 818003
End processing...

