The number of options is: 2
Option 0 = ./TopMass_analysis
Option 1 = DoubleEG_Run2016E/DoubleEG_Run2016E_1.list
Option 2 = DoubleEG_Run2016E/DoubleEG_Run2016E_1.txt
Input filelist = DoubleEG_Run2016E/DoubleEG_Run2016E_1.list
Output file name = DoubleEG_Run2016E/DoubleEG_Run2016E_1.txt


start merging file(s)
adding: dcap://cluster142.knu.ac.kr//pnfs/knu.ac.kr/data/cms/store/user/sha/Run2FULL/2016PreVFP/DATA/DoubleEG/crab_DoubleEG_Run2016E/240205_150008//0000/SSBTree_100.root
adding: dcap://cluster142.knu.ac.kr//pnfs/knu.ac.kr/data/cms/store/user/sha/Run2FULL/2016PreVFP/DATA/DoubleEG/crab_DoubleEG_Run2016E/240205_150008//0000/SSBTree_101.root
adding: dcap://cluster142.knu.ac.kr//pnfs/knu.ac.kr/data/cms/store/user/sha/Run2FULL/2016PreVFP/DATA/DoubleEG/crab_DoubleEG_Run2016E/240205_150008//0000/SSBTree_102.root
adding: dcap://cluster142.knu.ac.kr//pnfs/knu.ac.kr/data/cms/store/user/sha/Run2FULL/2016PreVFP/DATA/DoubleEG/crab_DoubleEG_Run2016E/240205_150008//0000/SSBTree_103.root
adding: dcap://cluster142.knu.ac.kr//pnfs/knu.ac.kr/data/cms/store/user/sha/Run2FULL/2016PreVFP/DATA/DoubleEG/crab_DoubleEG_Run2016E/240205_150008//0000/SSBTree_104.root
adding: dcap://cluster142.knu.ac.kr//pnfs/knu.ac.kr/data/cms/store/user/sha/Run2FULL/2016PreVFP/DATA/DoubleEG/crab_DoubleEG_Run2016E/240205_150008//0000/SSBTree_105.root
adding: dcap://cluster142.knu.ac.kr//pnfs/knu.ac.kr/data/cms/store/user/sha/Run2FULL/2016PreVFP/DATA/DoubleEG/crab_DoubleEG_Run2016E/240205_150008//0000/SSBTree_106.root
adding: dcap://cluster142.knu.ac.kr//pnfs/knu.ac.kr/data/cms/store/user/sha/Run2FULL/2016PreVFP/DATA/DoubleEG/crab_DoubleEG_Run2016E/240205_150008//0000/SSBTree_107.root
adding: dcap://cluster142.knu.ac.kr//pnfs/knu.ac.kr/data/cms/store/user/sha/Run2FULL/2016PreVFP/DATA/DoubleEG/crab_DoubleEG_Run2016E/240205_150008//0000/SSBTree_108.root
adding: dcap://cluster142.knu.ac.kr//pnfs/knu.ac.kr/data/cms/store/user/sha/Run2FULL/2016PreVFP/DATA/DoubleEG/crab_DoubleEG_Run2016E/240205_150008//0000/SSBTree_109.root
Total number of events after merging root files: 366618
Event 0
Event 10000
Event 20000
Event 30000
Event 40000
Event 50000
Event 60000
Event 70000
Event 80000
Event 90000
Event 100000
Event 110000
Event 120000
Event 130000
Event 140000
Event 150000
Event 160000
Event 170000
Event 180000
Event 190000
Event 200000
Event 210000
Event 220000
Event 230000
Event 240000
Event 250000
Event 260000
Event 270000
Event 280000
Event 290000
Event 300000
Event 310000
Event 320000
Event 330000
Event 340000
Event 350000
Event 360000
Total processed number of events: 366618
End processing...

The number of options is: 2
Option 0 = ./TopMass_analysis
Option 1 = DoubleEG_Run2016E/DoubleEG_Run2016E_14.list
Option 2 = DoubleEG_Run2016E/DoubleEG_Run2016E_14.txt
Input filelist = DoubleEG_Run2016E/DoubleEG_Run2016E_14.list
Output file name = DoubleEG_Run2016E/DoubleEG_Run2016E_14.txt


start merging file(s)
adding: dcap://cluster142.knu.ac.kr//pnfs/knu.ac.kr/data/cms/store/user/sha/Run2FULL/2016PreVFP/DATA/DoubleEG/crab_DoubleEG_Run2016E/240205_150008//0000/SSBTree_218.root
adding: dcap://cluster142.knu.ac.kr//pnfs/knu.ac.kr/data/cms/store/user/sha/Run2FULL/2016PreVFP/DATA/DoubleEG/crab_DoubleEG_Run2016E/240205_150008//0000/SSBTree_219.root
adding: dcap://cluster142.knu.ac.kr//pnfs/knu.ac.kr/data/cms/store/user/sha/Run2FULL/2016PreVFP/DATA/DoubleEG/crab_DoubleEG_Run2016E/240205_150008//0000/SSBTree_21.root
adding: dcap://cluster142.knu.ac.kr//pnfs/knu.ac.kr/data/cms/store/user/sha/Run2FULL/2016PreVFP/DATA/DoubleEG/crab_DoubleEG_Run2016E/240205_150008//0000/SSBTree_220.root
adding: dcap://cluster142.knu.ac.kr//pnfs/knu.ac.kr/data/cms/store/user/sha/Run2FULL/2016PreVFP/DATA/DoubleEG/crab_DoubleEG_Run2016E/240205_150008//0000/SSBTree_221.root
adding: dcap://cluster142.knu.ac.kr//pnfs/knu.ac.kr/data/cms/store/user/sha/Run2FULL/2016PreVFP/DATA/DoubleEG/crab_DoubleEG_Run2016E/240205_150008//0000/SSBTree_222.root
adding: dcap://cluster142.knu.ac.kr//pnfs/knu.ac.kr/data/cms/store/user/sha/Run2FULL/2016PreVFP/DATA/DoubleEG/crab_DoubleEG_Run2016E/240205_150008//0000/SSBTree_223.root
adding: dcap://cluster142.knu.ac.kr//pnfs/knu.ac.kr/data/cms/store/user/sha/Run2FULL/2016PreVFP/DATA/DoubleEG/crab_DoubleEG_Run2016E/240205_150008//0000/SSBTree_224.root
adding: dcap://cluster142.knu.ac.kr//pnfs/knu.ac.kr/data/cms/store/user/sha/Run2FULL/2016PreVFP/DATA/DoubleEG/crab_DoubleEG_Run2016E/240205_150008//0000/SSBTree_225.root
adding: dcap://cluster142.knu.ac.kr//pnfs/knu.ac.kr/data/cms/store/user/sha/Run2FULL/2016PreVFP/DATA/DoubleEG/crab_DoubleEG_Run2016E/240205_150008//0000/SSBTree_226.root
Total number of events after merging root files: 385192
Event 0
Event 10000
Event 20000
Event 30000
Event 40000
Event 50000
Event 60000
Event 70000
Event 80000
Event 90000
Event 100000
Event 110000
Event 120000
Event 130000
Event 140000
Event 150000
Event 160000
Event 170000
Event 180000
Event 190000
Event 200000
Event 210000
Event 220000
Event 230000
Event 240000
Event 250000
Event 260000
Event 270000
Event 280000
Event 290000
Event 300000
Event 310000
Event 320000
Event 330000
Event 340000
Event 350000
Event 360000
Event 370000
Event 380000
Total processed number of events: 385192
End processing...

The number of options is: 2
Option 0 = ./TopMass_analysis
Option 1 = DoubleEG_Run2016E/DoubleEG_Run2016E_27.list
Option 2 = DoubleEG_Run2016E/DoubleEG_Run2016E_27.txt
Input filelist = DoubleEG_Run2016E/DoubleEG_Run2016E_27.list
Output file name = DoubleEG_Run2016E/DoubleEG_Run2016E_27.txt


start merging file(s)
adding: dcap://cluster142.knu.ac.kr//pnfs/knu.ac.kr/data/cms/store/user/sha/Run2FULL/2016PreVFP/DATA/DoubleEG/crab_DoubleEG_Run2016E/240205_150008//0000/SSBTree_335.root
adding: dcap://cluster142.knu.ac.kr//pnfs/knu.ac.kr/data/cms/store/user/sha/Run2FULL/2016PreVFP/DATA/DoubleEG/crab_DoubleEG_Run2016E/240205_150008//0000/SSBTree_336.root
adding: dcap://cluster142.knu.ac.kr//pnfs/knu.ac.kr/data/cms/store/user/sha/Run2FULL/2016PreVFP/DATA/DoubleEG/crab_DoubleEG_Run2016E/240205_150008//0000/SSBTree_337.root
adding: dcap://cluster142.knu.ac.kr//pnfs/knu.ac.kr/data/cms/store/user/sha/Run2FULL/2016PreVFP/DATA/DoubleEG/crab_DoubleEG_Run2016E/240205_150008//0000/SSBTree_338.root
adding: dcap://cluster142.knu.ac.kr//pnfs/knu.ac.kr/data/cms/store/user/sha/Run2FULL/2016PreVFP/DATA/DoubleEG/crab_DoubleEG_Run2016E/240205_150008//0000/SSBTree_339.root
adding: dcap://cluster142.knu.ac.kr//pnfs/knu.ac.kr/data/cms/store/user/sha/Run2FULL/2016PreVFP/DATA/DoubleEG/crab_DoubleEG_Run2016E/240205_150008//0000/SSBTree_33.root
adding: dcap://cluster142.knu.ac.kr//pnfs/knu.ac.kr/data/cms/store/user/sha/Run2FULL/2016PreVFP/DATA/DoubleEG/crab_DoubleEG_Run2016E/240205_150008//0000/SSBTree_340.root
adding: dcap://cluster142.knu.ac.kr//pnfs/knu.ac.kr/data/cms/store/user/sha/Run2FULL/2016PreVFP/DATA/DoubleEG/crab_DoubleEG_Run2016E/240205_150008//0000/SSBTree_341.root
adding: dcap://cluster142.knu.ac.kr//pnfs/knu.ac.kr/data/cms/store/user/sha/Run2FULL/2016PreVFP/DATA/DoubleEG/crab_DoubleEG_Run2016E/240205_150008//0000/SSBTree_342.root
adding: dcap://cluster142.knu.ac.kr//pnfs/knu.ac.kr/data/cms/store/user/sha/Run2FULL/2016PreVFP/DATA/DoubleEG/crab_DoubleEG_Run2016E/240205_150008//0000/SSBTree_343.root
Total number of events after merging root files: 383366
Event 0
Event 10000
Event 20000
Event 30000
Event 40000
Event 50000
Event 60000
Event 70000
Event 80000
Event 90000
Event 100000
Event 110000
Event 120000
Event 130000
Event 140000
Event 150000
Event 160000
Event 170000
Event 180000
Event 190000
Event 200000
Event 210000
Event 220000
Event 230000
Event 240000
Event 250000
Event 260000
Event 270000
Event 280000
Event 290000
Event 300000
Event 310000
Event 320000
Event 330000
Event 340000
Event 350000
Event 360000
Event 370000
Event 380000
Total processed number of events: 383366
End processing...

The number of options is: 2
Option 0 = ./TopMass_analysis
Option 1 = DoubleEG_Run2016E/DoubleEG_Run2016E_40.list
Option 2 = DoubleEG_Run2016E/DoubleEG_Run2016E_40.txt
Input filelist = DoubleEG_Run2016E/DoubleEG_Run2016E_40.list
Output file name = DoubleEG_Run2016E/DoubleEG_Run2016E_40.txt


start merging file(s)
adding: dcap://cluster142.knu.ac.kr//pnfs/knu.ac.kr/data/cms/store/user/sha/Run2FULL/2016PreVFP/DATA/DoubleEG/crab_DoubleEG_Run2016E/240205_150008//0000/SSBTree_452.root
adding: dcap://cluster142.knu.ac.kr//pnfs/knu.ac.kr/data/cms/store/user/sha/Run2FULL/2016PreVFP/DATA/DoubleEG/crab_DoubleEG_Run2016E/240205_150008//0000/SSBTree_453.root
adding: dcap://cluster142.knu.ac.kr//pnfs/knu.ac.kr/data/cms/store/user/sha/Run2FULL/2016PreVFP/DATA/DoubleEG/crab_DoubleEG_Run2016E/240205_150008//0000/SSBTree_454.root
adding: dcap://cluster142.knu.ac.kr//pnfs/knu.ac.kr/data/cms/store/user/sha/Run2FULL/2016PreVFP/DATA/DoubleEG/crab_DoubleEG_Run2016E/240205_150008//0000/SSBTree_455.root
adding: dcap://cluster142.knu.ac.kr//pnfs/knu.ac.kr/data/cms/store/user/sha/Run2FULL/2016PreVFP/DATA/DoubleEG/crab_DoubleEG_Run2016E/240205_150008//0000/SSBTree_456.root
adding: dcap://cluster142.knu.ac.kr//pnfs/knu.ac.kr/data/cms/store/user/sha/Run2FULL/2016PreVFP/DATA/DoubleEG/crab_DoubleEG_Run2016E/240205_150008//0000/SSBTree_457.root
adding: dcap://cluster142.knu.ac.kr//pnfs/knu.ac.kr/data/cms/store/user/sha/Run2FULL/2016PreVFP/DATA/DoubleEG/crab_DoubleEG_Run2016E/240205_150008//0000/SSBTree_458.root
adding: dcap://cluster142.knu.ac.kr//pnfs/knu.ac.kr/data/cms/store/user/sha/Run2FULL/2016PreVFP/DATA/DoubleEG/crab_DoubleEG_Run2016E/240205_150008//0000/SSBTree_459.root
adding: dcap://cluster142.knu.ac.kr//pnfs/knu.ac.kr/data/cms/store/user/sha/Run2FULL/2016PreVFP/DATA/DoubleEG/crab_DoubleEG_Run2016E/240205_150008//0000/SSBTree_45.root
adding: dcap://cluster142.knu.ac.kr//pnfs/knu.ac.kr/data/cms/store/user/sha/Run2FULL/2016PreVFP/DATA/DoubleEG/crab_DoubleEG_Run2016E/240205_150008//0000/SSBTree_460.root
Total number of events after merging root files: 397986
Event 0
Event 10000
Event 20000
Event 30000
Event 40000
Event 50000
Event 60000
Event 70000
Event 80000
Event 90000
Event 100000
Event 110000
Event 120000
Event 130000
Event 140000
Event 150000
Event 160000
Event 170000
Event 180000
Event 190000
Event 200000
Event 210000
Event 220000
Event 230000
Event 240000
Event 250000
Event 260000
Event 270000
Event 280000
Event 290000
Event 300000
Event 310000
Event 320000
Event 330000
Event 340000
Event 350000
Event 360000
Event 370000
Event 380000
Event 390000
Total processed number of events: 397986
End processing...

The number of options is: 2
Option 0 = ./TopMass_analysis
Option 1 = DoubleEG_Run2016E/DoubleEG_Run2016E_53.list
Option 2 = DoubleEG_Run2016E/DoubleEG_Run2016E_53.txt
Input filelist = DoubleEG_Run2016E/DoubleEG_Run2016E_53.list
Output file name = DoubleEG_Run2016E/DoubleEG_Run2016E_53.txt


start merging file(s)
adding: dcap://cluster142.knu.ac.kr//pnfs/knu.ac.kr/data/cms/store/user/sha/Run2FULL/2016PreVFP/DATA/DoubleEG/crab_DoubleEG_Run2016E/240205_150008//0000/SSBTree_56.root
adding: dcap://cluster142.knu.ac.kr//pnfs/knu.ac.kr/data/cms/store/user/sha/Run2FULL/2016PreVFP/DATA/DoubleEG/crab_DoubleEG_Run2016E/240205_150008//0000/SSBTree_570.root
adding: dcap://cluster142.knu.ac.kr//pnfs/knu.ac.kr/data/cms/store/user/sha/Run2FULL/2016PreVFP/DATA/DoubleEG/crab_DoubleEG_Run2016E/240205_150008//0000/SSBTree_571.root
adding: dcap://cluster142.knu.ac.kr//pnfs/knu.ac.kr/data/cms/store/user/sha/Run2FULL/2016PreVFP/DATA/DoubleEG/crab_DoubleEG_Run2016E/240205_150008//0000/SSBTree_572.root
adding: dcap://cluster142.knu.ac.kr//pnfs/knu.ac.kr/data/cms/store/user/sha/Run2FULL/2016PreVFP/DATA/DoubleEG/crab_DoubleEG_Run2016E/240205_150008//0000/SSBTree_573.root
adding: dcap://cluster142.knu.ac.kr//pnfs/knu.ac.kr/data/cms/store/user/sha/Run2FULL/2016PreVFP/DATA/DoubleEG/crab_DoubleEG_Run2016E/240205_150008//0000/SSBTree_574.root
adding: dcap://cluster142.knu.ac.kr//pnfs/knu.ac.kr/data/cms/store/user/sha/Run2FULL/2016PreVFP/DATA/DoubleEG/crab_DoubleEG_Run2016E/240205_150008//0000/SSBTree_575.root
adding: dcap://cluster142.knu.ac.kr//pnfs/knu.ac.kr/data/cms/store/user/sha/Run2FULL/2016PreVFP/DATA/DoubleEG/crab_DoubleEG_Run2016E/240205_150008//0000/SSBTree_576.root
adding: dcap://cluster142.knu.ac.kr//pnfs/knu.ac.kr/data/cms/store/user/sha/Run2FULL/2016PreVFP/DATA/DoubleEG/crab_DoubleEG_Run2016E/240205_150008//0000/SSBTree_577.root
adding: dcap://cluster142.knu.ac.kr//pnfs/knu.ac.kr/data/cms/store/user/sha/Run2FULL/2016PreVFP/DATA/DoubleEG/crab_DoubleEG_Run2016E/240205_150008//0000/SSBTree_578.root
Total number of events after merging root files: 380948
Event 0
Event 10000
Event 20000
Event 30000
Event 40000
Event 50000
Event 60000
Event 70000
Event 80000
Event 90000
Event 100000
Event 110000
Event 120000
Event 130000
Event 140000
Event 150000
Event 160000
Event 170000
Event 180000
Event 190000
Event 200000
Event 210000
Event 220000
Event 230000
Event 240000
Event 250000
Event 260000
Event 270000
Event 280000
Event 290000
Event 300000
Event 310000
Event 320000
Event 330000
Event 340000
Event 350000
Event 360000
Event 370000
Event 380000
Total processed number of events: 380948
End processing...

The number of options is: 2
Option 0 = ./TopMass_analysis
Option 1 = DoubleEG_Run2016E/DoubleEG_Run2016E_66.list
Option 2 = DoubleEG_Run2016E/DoubleEG_Run2016E_66.txt
Input filelist = DoubleEG_Run2016E/DoubleEG_Run2016E_66.list
Output file name = DoubleEG_Run2016E/DoubleEG_Run2016E_66.txt


start merging file(s)
adding: dcap://cluster142.knu.ac.kr//pnfs/knu.ac.kr/data/cms/store/user/sha/Run2FULL/2016PreVFP/DATA/DoubleEG/crab_DoubleEG_Run2016E/240205_150008//0000/SSBTree_687.root
adding: dcap://cluster142.knu.ac.kr//pnfs/knu.ac.kr/data/cms/store/user/sha/Run2FULL/2016PreVFP/DATA/DoubleEG/crab_DoubleEG_Run2016E/240205_150008//0000/SSBTree_688.root
adding: dcap://cluster142.knu.ac.kr//pnfs/knu.ac.kr/data/cms/store/user/sha/Run2FULL/2016PreVFP/DATA/DoubleEG/crab_DoubleEG_Run2016E/240205_150008//0000/SSBTree_689.root
adding: dcap://cluster142.knu.ac.kr//pnfs/knu.ac.kr/data/cms/store/user/sha/Run2FULL/2016PreVFP/DATA/DoubleEG/crab_DoubleEG_Run2016E/240205_150008//0000/SSBTree_68.root
adding: dcap://cluster142.knu.ac.kr//pnfs/knu.ac.kr/data/cms/store/user/sha/Run2FULL/2016PreVFP/DATA/DoubleEG/crab_DoubleEG_Run2016E/240205_150008//0000/SSBTree_690.root
adding: dcap://cluster142.knu.ac.kr//pnfs/knu.ac.kr/data/cms/store/user/sha/Run2FULL/2016PreVFP/DATA/DoubleEG/crab_DoubleEG_Run2016E/240205_150008//0000/SSBTree_691.root
adding: dcap://cluster142.knu.ac.kr//pnfs/knu.ac.kr/data/cms/store/user/sha/Run2FULL/2016PreVFP/DATA/DoubleEG/crab_DoubleEG_Run2016E/240205_150008//0000/SSBTree_692.root
adding: dcap://cluster142.knu.ac.kr//pnfs/knu.ac.kr/data/cms/store/user/sha/Run2FULL/2016PreVFP/DATA/DoubleEG/crab_DoubleEG_Run2016E/240205_150008//0000/SSBTree_693.root
adding: dcap://cluster142.knu.ac.kr//pnfs/knu.ac.kr/data/cms/store/user/sha/Run2FULL/2016PreVFP/DATA/DoubleEG/crab_DoubleEG_Run2016E/240205_150008//0000/SSBTree_694.root
adding: dcap://cluster142.knu.ac.kr//pnfs/knu.ac.kr/data/cms/store/user/sha/Run2FULL/2016PreVFP/DATA/DoubleEG/crab_DoubleEG_Run2016E/240205_150008//0000/SSBTree_695.root
Total number of events after merging root files: 390255
Event 0
Event 10000
Event 20000
Event 30000
Event 40000
Event 50000
Event 60000
Event 70000
Event 80000
Event 90000
Event 100000
Event 110000
Event 120000
Event 130000
Event 140000
Event 150000
Event 160000
Event 170000
Event 180000
Event 190000
Event 200000
Event 210000
Event 220000
Event 230000
Event 240000
Event 250000
Event 260000
Event 270000
Event 280000
Event 290000
Event 300000
Event 310000
Event 320000
Event 330000
Event 340000
Event 350000
Event 360000
Event 370000
Event 380000
Event 390000
Total processed number of events: 390255
End processing...

The number of options is: 2
Option 0 = ./TopMass_analysis
Option 1 = DoubleEG_Run2016E/DoubleEG_Run2016E_79.list
Option 2 = DoubleEG_Run2016E/DoubleEG_Run2016E_79.txt
Input filelist = DoubleEG_Run2016E/DoubleEG_Run2016E_79.list
Output file name = DoubleEG_Run2016E/DoubleEG_Run2016E_79.txt


start merging file(s)
adding: dcap://cluster142.knu.ac.kr//pnfs/knu.ac.kr/data/cms/store/user/sha/Run2FULL/2016PreVFP/DATA/DoubleEG/crab_DoubleEG_Run2016E/240205_150008//0000/SSBTree_803.root
adding: dcap://cluster142.knu.ac.kr//pnfs/knu.ac.kr/data/cms/store/user/sha/Run2FULL/2016PreVFP/DATA/DoubleEG/crab_DoubleEG_Run2016E/240205_150008//0000/SSBTree_804.root
adding: dcap://cluster142.knu.ac.kr//pnfs/knu.ac.kr/data/cms/store/user/sha/Run2FULL/2016PreVFP/DATA/DoubleEG/crab_DoubleEG_Run2016E/240205_150008//0000/SSBTree_805.root
adding: dcap://cluster142.knu.ac.kr//pnfs/knu.ac.kr/data/cms/store/user/sha/Run2FULL/2016PreVFP/DATA/DoubleEG/crab_DoubleEG_Run2016E/240205_150008//0000/SSBTree_806.root
adding: dcap://cluster142.knu.ac.kr//pnfs/knu.ac.kr/data/cms/store/user/sha/Run2FULL/2016PreVFP/DATA/DoubleEG/crab_DoubleEG_Run2016E/240205_150008//0000/SSBTree_807.root
adding: dcap://cluster142.knu.ac.kr//pnfs/knu.ac.kr/data/cms/store/user/sha/Run2FULL/2016PreVFP/DATA/DoubleEG/crab_DoubleEG_Run2016E/240205_150008//0000/SSBTree_808.root
adding: dcap://cluster142.knu.ac.kr//pnfs/knu.ac.kr/data/cms/store/user/sha/Run2FULL/2016PreVFP/DATA/DoubleEG/crab_DoubleEG_Run2016E/240205_150008//0000/SSBTree_809.root
adding: dcap://cluster142.knu.ac.kr//pnfs/knu.ac.kr/data/cms/store/user/sha/Run2FULL/2016PreVFP/DATA/DoubleEG/crab_DoubleEG_Run2016E/240205_150008//0000/SSBTree_80.root
adding: dcap://cluster142.knu.ac.kr//pnfs/knu.ac.kr/data/cms/store/user/sha/Run2FULL/2016PreVFP/DATA/DoubleEG/crab_DoubleEG_Run2016E/240205_150008//0000/SSBTree_810.root
adding: dcap://cluster142.knu.ac.kr//pnfs/knu.ac.kr/data/cms/store/user/sha/Run2FULL/2016PreVFP/DATA/DoubleEG/crab_DoubleEG_Run2016E/240205_150008//0000/SSBTree_811.root
Total number of events after merging root files: 343674
Event 0
Event 10000
Event 20000
Event 30000
Event 40000
Event 50000
Event 60000
Event 70000
Event 80000
Event 90000
Event 100000
Event 110000
Event 120000
Event 130000
Event 140000
Event 150000
Event 160000
Event 170000
Event 180000
Event 190000
Event 200000
Event 210000
Event 220000
Event 230000
Event 240000
Event 250000
Event 260000
Event 270000
Event 280000
Event 290000
Event 300000
Event 310000
Event 320000
Event 330000
Event 340000
Total processed number of events: 343674
End processing...

The number of options is: 2
Option 0 = ./TopMass_analysis
Option 1 = DoubleEG_Run2016E/DoubleEG_Run2016E_92.list
Option 2 = DoubleEG_Run2016E/DoubleEG_Run2016E_92.txt
Input filelist = DoubleEG_Run2016E/DoubleEG_Run2016E_92.list
Output file name = DoubleEG_Run2016E/DoubleEG_Run2016E_92.txt


start merging file(s)
adding: dcap://cluster142.knu.ac.kr//pnfs/knu.ac.kr/data/cms/store/user/sha/Run2FULL/2016PreVFP/DATA/DoubleEG/crab_DoubleEG_Run2016E/240205_150008//0000/SSBTree_920.root
adding: dcap://cluster142.knu.ac.kr//pnfs/knu.ac.kr/data/cms/store/user/sha/Run2FULL/2016PreVFP/DATA/DoubleEG/crab_DoubleEG_Run2016E/240205_150008//0000/SSBTree_921.root
adding: dcap://cluster142.knu.ac.kr//pnfs/knu.ac.kr/data/cms/store/user/sha/Run2FULL/2016PreVFP/DATA/DoubleEG/crab_DoubleEG_Run2016E/240205_150008//0000/SSBTree_922.root
adding: dcap://cluster142.knu.ac.kr//pnfs/knu.ac.kr/data/cms/store/user/sha/Run2FULL/2016PreVFP/DATA/DoubleEG/crab_DoubleEG_Run2016E/240205_150008//0000/SSBTree_923.root
adding: dcap://cluster142.knu.ac.kr//pnfs/knu.ac.kr/data/cms/store/user/sha/Run2FULL/2016PreVFP/DATA/DoubleEG/crab_DoubleEG_Run2016E/240205_150008//0000/SSBTree_924.root
adding: dcap://cluster142.knu.ac.kr//pnfs/knu.ac.kr/data/cms/store/user/sha/Run2FULL/2016PreVFP/DATA/DoubleEG/crab_DoubleEG_Run2016E/240205_150008//0000/SSBTree_925.root
adding: dcap://cluster142.knu.ac.kr//pnfs/knu.ac.kr/data/cms/store/user/sha/Run2FULL/2016PreVFP/DATA/DoubleEG/crab_DoubleEG_Run2016E/240205_150008//0000/SSBTree_926.root
adding: dcap://cluster142.knu.ac.kr//pnfs/knu.ac.kr/data/cms/store/user/sha/Run2FULL/2016PreVFP/DATA/DoubleEG/crab_DoubleEG_Run2016E/240205_150008//0000/SSBTree_927.root
adding: dcap://cluster142.knu.ac.kr//pnfs/knu.ac.kr/data/cms/store/user/sha/Run2FULL/2016PreVFP/DATA/DoubleEG/crab_DoubleEG_Run2016E/240205_150008//0000/SSBTree_928.root
adding: dcap://cluster142.knu.ac.kr//pnfs/knu.ac.kr/data/cms/store/user/sha/Run2FULL/2016PreVFP/DATA/DoubleEG/crab_DoubleEG_Run2016E/240205_150008//0000/SSBTree_929.root
Total number of events after merging root files: 398092
Event 0
Event 10000
Event 20000
Event 30000
Event 40000
Event 50000
Event 60000
Event 70000
Event 80000
Event 90000
Event 100000
Event 110000
Event 120000
Event 130000
Event 140000
Event 150000
Event 160000
Event 170000
Event 180000
Event 190000
Event 200000
Event 210000
Event 220000
Event 230000
Event 240000
Event 250000
Event 260000
Event 270000
Event 280000
Event 290000
Event 300000
Event 310000
Event 320000
Event 330000
Event 340000
Event 350000
Event 360000
Event 370000
Event 380000
Event 390000
Total processed number of events: 398092
End processing...

The number of options is: 2
Option 0 = ./TopMass_analysis
Option 1 = DoubleEG_Run2016E/DoubleEG_Run2016E_105.list
Option 2 = DoubleEG_Run2016E/DoubleEG_Run2016E_105.txt
Input filelist = DoubleEG_Run2016E/DoubleEG_Run2016E_105.list
Output file name = DoubleEG_Run2016E/DoubleEG_Run2016E_105.txt


start merging file(s)
adding: dcap://cluster142.knu.ac.kr//pnfs/knu.ac.kr/data/cms/store/user/sha/Run2FULL/2016PreVFP/DATA/DoubleEG/crab_DoubleEG_Run2016E/240205_150008//0001/SSBTree_1041.root
adding: dcap://cluster142.knu.ac.kr//pnfs/knu.ac.kr/data/cms/store/user/sha/Run2FULL/2016PreVFP/DATA/DoubleEG/crab_DoubleEG_Run2016E/240205_150008//0001/SSBTree_1042.root
adding: dcap://cluster142.knu.ac.kr//pnfs/knu.ac.kr/data/cms/store/user/sha/Run2FULL/2016PreVFP/DATA/DoubleEG/crab_DoubleEG_Run2016E/240205_150008//0001/SSBTree_1043.root
adding: dcap://cluster142.knu.ac.kr//pnfs/knu.ac.kr/data/cms/store/user/sha/Run2FULL/2016PreVFP/DATA/DoubleEG/crab_DoubleEG_Run2016E/240205_150008//0001/SSBTree_1044.root
adding: dcap://cluster142.knu.ac.kr//pnfs/knu.ac.kr/data/cms/store/user/sha/Run2FULL/2016PreVFP/DATA/DoubleEG/crab_DoubleEG_Run2016E/240205_150008//0001/SSBTree_1045.root
adding: dcap://cluster142.knu.ac.kr//pnfs/knu.ac.kr/data/cms/store/user/sha/Run2FULL/2016PreVFP/DATA/DoubleEG/crab_DoubleEG_Run2016E/240205_150008//0001/SSBTree_1046.root
adding: dcap://cluster142.knu.ac.kr//pnfs/knu.ac.kr/data/cms/store/user/sha/Run2FULL/2016PreVFP/DATA/DoubleEG/crab_DoubleEG_Run2016E/240205_150008//0001/SSBTree_1047.root
adding: dcap://cluster142.knu.ac.kr//pnfs/knu.ac.kr/data/cms/store/user/sha/Run2FULL/2016PreVFP/DATA/DoubleEG/crab_DoubleEG_Run2016E/240205_150008//0001/SSBTree_1048.root
adding: dcap://cluster142.knu.ac.kr//pnfs/knu.ac.kr/data/cms/store/user/sha/Run2FULL/2016PreVFP/DATA/DoubleEG/crab_DoubleEG_Run2016E/240205_150008//0001/SSBTree_1049.root
adding: dcap://cluster142.knu.ac.kr//pnfs/knu.ac.kr/data/cms/store/user/sha/Run2FULL/2016PreVFP/DATA/DoubleEG/crab_DoubleEG_Run2016E/240205_150008//0001/SSBTree_1050.root
Total number of events after merging root files: 313940
Event 0
Event 10000
Event 20000
Event 30000
Event 40000
Event 50000
Event 60000
Event 70000
Event 80000
Event 90000
Event 100000
Event 110000
Event 120000
Event 130000
Event 140000
Event 150000
Event 160000
Event 170000
Event 180000
Event 190000
Event 200000
Event 210000
Event 220000
Event 230000
Event 240000
Event 250000
Event 260000
Event 270000
Event 280000
Event 290000
Event 300000
Event 310000
Total processed number of events: 313940
End processing...

The number of options is: 2
Option 0 = ./TopMass_analysis
Option 1 = DoubleEG_Run2016E/DoubleEG_Run2016E_118.list
Option 2 = DoubleEG_Run2016E/DoubleEG_Run2016E_118.txt
Input filelist = DoubleEG_Run2016E/DoubleEG_Run2016E_118.list
Output file name = DoubleEG_Run2016E/DoubleEG_Run2016E_118.txt


start merging file(s)
adding: dcap://cluster142.knu.ac.kr//pnfs/knu.ac.kr/data/cms/store/user/sha/Run2FULL/2016PreVFP/DATA/DoubleEG/crab_DoubleEG_Run2016E/240205_150008//0001/SSBTree_1171.root
adding: dcap://cluster142.knu.ac.kr//pnfs/knu.ac.kr/data/cms/store/user/sha/Run2FULL/2016PreVFP/DATA/DoubleEG/crab_DoubleEG_Run2016E/240205_150008//0001/SSBTree_1172.root
adding: dcap://cluster142.knu.ac.kr//pnfs/knu.ac.kr/data/cms/store/user/sha/Run2FULL/2016PreVFP/DATA/DoubleEG/crab_DoubleEG_Run2016E/240205_150008//0001/SSBTree_1173.root
adding: dcap://cluster142.knu.ac.kr//pnfs/knu.ac.kr/data/cms/store/user/sha/Run2FULL/2016PreVFP/DATA/DoubleEG/crab_DoubleEG_Run2016E/240205_150008//0001/SSBTree_1174.root
adding: dcap://cluster142.knu.ac.kr//pnfs/knu.ac.kr/data/cms/store/user/sha/Run2FULL/2016PreVFP/DATA/DoubleEG/crab_DoubleEG_Run2016E/240205_150008//0001/SSBTree_1175.root
adding: dcap://cluster142.knu.ac.kr//pnfs/knu.ac.kr/data/cms/store/user/sha/Run2FULL/2016PreVFP/DATA/DoubleEG/crab_DoubleEG_Run2016E/240205_150008//0001/SSBTree_1176.root
adding: dcap://cluster142.knu.ac.kr//pnfs/knu.ac.kr/data/cms/store/user/sha/Run2FULL/2016PreVFP/DATA/DoubleEG/crab_DoubleEG_Run2016E/240205_150008//0001/SSBTree_1177.root
adding: dcap://cluster142.knu.ac.kr//pnfs/knu.ac.kr/data/cms/store/user/sha/Run2FULL/2016PreVFP/DATA/DoubleEG/crab_DoubleEG_Run2016E/240205_150008//0001/SSBTree_1178.root
adding: dcap://cluster142.knu.ac.kr//pnfs/knu.ac.kr/data/cms/store/user/sha/Run2FULL/2016PreVFP/DATA/DoubleEG/crab_DoubleEG_Run2016E/240205_150008//0001/SSBTree_1179.root
adding: dcap://cluster142.knu.ac.kr//pnfs/knu.ac.kr/data/cms/store/user/sha/Run2FULL/2016PreVFP/DATA/DoubleEG/crab_DoubleEG_Run2016E/240205_150008//0001/SSBTree_1180.root
Total number of events after merging root files: 400068
Event 0
Event 10000
Event 20000
Event 30000
Event 40000
Event 50000
Event 60000
Event 70000
Event 80000
Event 90000
Event 100000
Event 110000
Event 120000
Event 130000
Event 140000
Event 150000
Event 160000
Event 170000
Event 180000
Event 190000
Event 200000
Event 210000
Event 220000
Event 230000
Event 240000
Event 250000
Event 260000
Event 270000
Event 280000
Event 290000
Event 300000
Event 310000
Event 320000
Event 330000
Event 340000
Event 350000
Event 360000
Event 370000
Event 380000
Event 390000
Event 400000
Total processed number of events: 400068
End processing...

