The number of options is: 2
Option 0 = ./TopMass_analysis
Option 1 = WJetsToLNu/WJetsToLNu_2.list
Option 2 = WJetsToLNu/WJetsToLNu_2.txt
Input filelist = WJetsToLNu/WJetsToLNu_2.list
Output file name = WJetsToLNu/WJetsToLNu_2.txt


start merging file(s)
adding: dcap://cluster142.knu.ac.kr//pnfs/knu.ac.kr/data/cms/store/user/sha/Run2FULL/2016PreVFP/MC/WJetsToLNu_TuneCP5_13TeV-amcatnloFXFX-pythia8/crab_WJetsToLNu_TuneCP5_13TeV-amcatnloFXFX-pythia8/240205_165114//0000/SSBTree_10.root
adding: dcap://cluster142.knu.ac.kr//pnfs/knu.ac.kr/data/cms/store/user/sha/Run2FULL/2016PreVFP/MC/WJetsToLNu_TuneCP5_13TeV-amcatnloFXFX-pythia8/crab_WJetsToLNu_TuneCP5_13TeV-amcatnloFXFX-pythia8/240205_165114//0000/SSBTree_110.root
adding: dcap://cluster142.knu.ac.kr//pnfs/knu.ac.kr/data/cms/store/user/sha/Run2FULL/2016PreVFP/MC/WJetsToLNu_TuneCP5_13TeV-amcatnloFXFX-pythia8/crab_WJetsToLNu_TuneCP5_13TeV-amcatnloFXFX-pythia8/240205_165114//0000/SSBTree_111.root
adding: dcap://cluster142.knu.ac.kr//pnfs/knu.ac.kr/data/cms/store/user/sha/Run2FULL/2016PreVFP/MC/WJetsToLNu_TuneCP5_13TeV-amcatnloFXFX-pythia8/crab_WJetsToLNu_TuneCP5_13TeV-amcatnloFXFX-pythia8/240205_165114//0000/SSBTree_112.root
adding: dcap://cluster142.knu.ac.kr//pnfs/knu.ac.kr/data/cms/store/user/sha/Run2FULL/2016PreVFP/MC/WJetsToLNu_TuneCP5_13TeV-amcatnloFXFX-pythia8/crab_WJetsToLNu_TuneCP5_13TeV-amcatnloFXFX-pythia8/240205_165114//0000/SSBTree_113.root
adding: dcap://cluster142.knu.ac.kr//pnfs/knu.ac.kr/data/cms/store/user/sha/Run2FULL/2016PreVFP/MC/WJetsToLNu_TuneCP5_13TeV-amcatnloFXFX-pythia8/crab_WJetsToLNu_TuneCP5_13TeV-amcatnloFXFX-pythia8/240205_165114//0000/SSBTree_114.root
adding: dcap://cluster142.knu.ac.kr//pnfs/knu.ac.kr/data/cms/store/user/sha/Run2FULL/2016PreVFP/MC/WJetsToLNu_TuneCP5_13TeV-amcatnloFXFX-pythia8/crab_WJetsToLNu_TuneCP5_13TeV-amcatnloFXFX-pythia8/240205_165114//0000/SSBTree_115.root
adding: dcap://cluster142.knu.ac.kr//pnfs/knu.ac.kr/data/cms/store/user/sha/Run2FULL/2016PreVFP/MC/WJetsToLNu_TuneCP5_13TeV-amcatnloFXFX-pythia8/crab_WJetsToLNu_TuneCP5_13TeV-amcatnloFXFX-pythia8/240205_165114//0000/SSBTree_116.root
adding: dcap://cluster142.knu.ac.kr//pnfs/knu.ac.kr/data/cms/store/user/sha/Run2FULL/2016PreVFP/MC/WJetsToLNu_TuneCP5_13TeV-amcatnloFXFX-pythia8/crab_WJetsToLNu_TuneCP5_13TeV-amcatnloFXFX-pythia8/240205_165114//0000/SSBTree_117.root
adding: dcap://cluster142.knu.ac.kr//pnfs/knu.ac.kr/data/cms/store/user/sha/Run2FULL/2016PreVFP/MC/WJetsToLNu_TuneCP5_13TeV-amcatnloFXFX-pythia8/crab_WJetsToLNu_TuneCP5_13TeV-amcatnloFXFX-pythia8/240205_165114//0000/SSBTree_118.root
Total number of events after merging root files: 245076
Event 0
Event 10000
Event 20000
Event 30000
Event 40000
Event 50000
Event 60000
Event 70000
Event 80000
Event 90000
Event 100000
Event 110000
Event 120000
Event 130000
Event 140000
Event 150000
Event 160000
Event 170000
Event 180000
Event 190000
Event 200000
Event 210000
Event 220000
Event 230000
Event 240000
Total processed number of events: 245076
End processing...

The number of options is: 2
Option 0 = ./TopMass_analysis
Option 1 = WJetsToLNu/WJetsToLNu_14.list
Option 2 = WJetsToLNu/WJetsToLNu_14.txt
Input filelist = WJetsToLNu/WJetsToLNu_14.list
Output file name = WJetsToLNu/WJetsToLNu_14.txt


start merging file(s)
adding: dcap://cluster142.knu.ac.kr//pnfs/knu.ac.kr/data/cms/store/user/sha/Run2FULL/2016PreVFP/MC/WJetsToLNu_TuneCP5_13TeV-amcatnloFXFX-pythia8/crab_WJetsToLNu_TuneCP5_13TeV-amcatnloFXFX-pythia8/240205_165114//0000/SSBTree_218.root
adding: dcap://cluster142.knu.ac.kr//pnfs/knu.ac.kr/data/cms/store/user/sha/Run2FULL/2016PreVFP/MC/WJetsToLNu_TuneCP5_13TeV-amcatnloFXFX-pythia8/crab_WJetsToLNu_TuneCP5_13TeV-amcatnloFXFX-pythia8/240205_165114//0000/SSBTree_219.root
adding: dcap://cluster142.knu.ac.kr//pnfs/knu.ac.kr/data/cms/store/user/sha/Run2FULL/2016PreVFP/MC/WJetsToLNu_TuneCP5_13TeV-amcatnloFXFX-pythia8/crab_WJetsToLNu_TuneCP5_13TeV-amcatnloFXFX-pythia8/240205_165114//0000/SSBTree_21.root
adding: dcap://cluster142.knu.ac.kr//pnfs/knu.ac.kr/data/cms/store/user/sha/Run2FULL/2016PreVFP/MC/WJetsToLNu_TuneCP5_13TeV-amcatnloFXFX-pythia8/crab_WJetsToLNu_TuneCP5_13TeV-amcatnloFXFX-pythia8/240205_165114//0000/SSBTree_220.root
adding: dcap://cluster142.knu.ac.kr//pnfs/knu.ac.kr/data/cms/store/user/sha/Run2FULL/2016PreVFP/MC/WJetsToLNu_TuneCP5_13TeV-amcatnloFXFX-pythia8/crab_WJetsToLNu_TuneCP5_13TeV-amcatnloFXFX-pythia8/240205_165114//0000/SSBTree_221.root
adding: dcap://cluster142.knu.ac.kr//pnfs/knu.ac.kr/data/cms/store/user/sha/Run2FULL/2016PreVFP/MC/WJetsToLNu_TuneCP5_13TeV-amcatnloFXFX-pythia8/crab_WJetsToLNu_TuneCP5_13TeV-amcatnloFXFX-pythia8/240205_165114//0000/SSBTree_222.root
adding: dcap://cluster142.knu.ac.kr//pnfs/knu.ac.kr/data/cms/store/user/sha/Run2FULL/2016PreVFP/MC/WJetsToLNu_TuneCP5_13TeV-amcatnloFXFX-pythia8/crab_WJetsToLNu_TuneCP5_13TeV-amcatnloFXFX-pythia8/240205_165114//0000/SSBTree_223.root
adding: dcap://cluster142.knu.ac.kr//pnfs/knu.ac.kr/data/cms/store/user/sha/Run2FULL/2016PreVFP/MC/WJetsToLNu_TuneCP5_13TeV-amcatnloFXFX-pythia8/crab_WJetsToLNu_TuneCP5_13TeV-amcatnloFXFX-pythia8/240205_165114//0000/SSBTree_224.root
adding: dcap://cluster142.knu.ac.kr//pnfs/knu.ac.kr/data/cms/store/user/sha/Run2FULL/2016PreVFP/MC/WJetsToLNu_TuneCP5_13TeV-amcatnloFXFX-pythia8/crab_WJetsToLNu_TuneCP5_13TeV-amcatnloFXFX-pythia8/240205_165114//0000/SSBTree_225.root
adding: dcap://cluster142.knu.ac.kr//pnfs/knu.ac.kr/data/cms/store/user/sha/Run2FULL/2016PreVFP/MC/WJetsToLNu_TuneCP5_13TeV-amcatnloFXFX-pythia8/crab_WJetsToLNu_TuneCP5_13TeV-amcatnloFXFX-pythia8/240205_165114//0000/SSBTree_226.root
Total number of events after merging root files: 245477
Event 0
Event 10000
Event 20000
Event 30000
Event 40000
Event 50000
Event 60000
Event 70000
Event 80000
Event 90000
Event 100000
Event 110000
Event 120000
Event 130000
Event 140000
Event 150000
Event 160000
Event 170000
Event 180000
Event 190000
Event 200000
Event 210000
Event 220000
Event 230000
Event 240000
Total processed number of events: 245477
End processing...

The number of options is: 2
Option 0 = ./TopMass_analysis
Option 1 = WJetsToLNu/WJetsToLNu_26.list
Option 2 = WJetsToLNu/WJetsToLNu_26.txt
Input filelist = WJetsToLNu/WJetsToLNu_26.list
Output file name = WJetsToLNu/WJetsToLNu_26.txt


start merging file(s)
adding: dcap://cluster142.knu.ac.kr//pnfs/knu.ac.kr/data/cms/store/user/sha/Run2FULL/2016PreVFP/MC/WJetsToLNu_TuneCP5_13TeV-amcatnloFXFX-pythia8/crab_WJetsToLNu_TuneCP5_13TeV-amcatnloFXFX-pythia8/240205_165114//0000/SSBTree_326.root
adding: dcap://cluster142.knu.ac.kr//pnfs/knu.ac.kr/data/cms/store/user/sha/Run2FULL/2016PreVFP/MC/WJetsToLNu_TuneCP5_13TeV-amcatnloFXFX-pythia8/crab_WJetsToLNu_TuneCP5_13TeV-amcatnloFXFX-pythia8/240205_165114//0000/SSBTree_327.root
adding: dcap://cluster142.knu.ac.kr//pnfs/knu.ac.kr/data/cms/store/user/sha/Run2FULL/2016PreVFP/MC/WJetsToLNu_TuneCP5_13TeV-amcatnloFXFX-pythia8/crab_WJetsToLNu_TuneCP5_13TeV-amcatnloFXFX-pythia8/240205_165114//0000/SSBTree_328.root
adding: dcap://cluster142.knu.ac.kr//pnfs/knu.ac.kr/data/cms/store/user/sha/Run2FULL/2016PreVFP/MC/WJetsToLNu_TuneCP5_13TeV-amcatnloFXFX-pythia8/crab_WJetsToLNu_TuneCP5_13TeV-amcatnloFXFX-pythia8/240205_165114//0000/SSBTree_329.root
adding: dcap://cluster142.knu.ac.kr//pnfs/knu.ac.kr/data/cms/store/user/sha/Run2FULL/2016PreVFP/MC/WJetsToLNu_TuneCP5_13TeV-amcatnloFXFX-pythia8/crab_WJetsToLNu_TuneCP5_13TeV-amcatnloFXFX-pythia8/240205_165114//0000/SSBTree_32.root
adding: dcap://cluster142.knu.ac.kr//pnfs/knu.ac.kr/data/cms/store/user/sha/Run2FULL/2016PreVFP/MC/WJetsToLNu_TuneCP5_13TeV-amcatnloFXFX-pythia8/crab_WJetsToLNu_TuneCP5_13TeV-amcatnloFXFX-pythia8/240205_165114//0000/SSBTree_330.root
adding: dcap://cluster142.knu.ac.kr//pnfs/knu.ac.kr/data/cms/store/user/sha/Run2FULL/2016PreVFP/MC/WJetsToLNu_TuneCP5_13TeV-amcatnloFXFX-pythia8/crab_WJetsToLNu_TuneCP5_13TeV-amcatnloFXFX-pythia8/240205_165114//0000/SSBTree_331.root
adding: dcap://cluster142.knu.ac.kr//pnfs/knu.ac.kr/data/cms/store/user/sha/Run2FULL/2016PreVFP/MC/WJetsToLNu_TuneCP5_13TeV-amcatnloFXFX-pythia8/crab_WJetsToLNu_TuneCP5_13TeV-amcatnloFXFX-pythia8/240205_165114//0000/SSBTree_332.root
adding: dcap://cluster142.knu.ac.kr//pnfs/knu.ac.kr/data/cms/store/user/sha/Run2FULL/2016PreVFP/MC/WJetsToLNu_TuneCP5_13TeV-amcatnloFXFX-pythia8/crab_WJetsToLNu_TuneCP5_13TeV-amcatnloFXFX-pythia8/240205_165114//0000/SSBTree_333.root
adding: dcap://cluster142.knu.ac.kr//pnfs/knu.ac.kr/data/cms/store/user/sha/Run2FULL/2016PreVFP/MC/WJetsToLNu_TuneCP5_13TeV-amcatnloFXFX-pythia8/crab_WJetsToLNu_TuneCP5_13TeV-amcatnloFXFX-pythia8/240205_165114//0000/SSBTree_334.root
Total number of events after merging root files: 245223
Event 0
Event 10000
Event 20000
Event 30000
Event 40000
Event 50000
Event 60000
Event 70000
Event 80000
Event 90000
Event 100000
Event 110000
Event 120000
Event 130000
Event 140000
Event 150000
Event 160000
Event 170000
Event 180000
Event 190000
Event 200000
Event 210000
Event 220000
Event 230000
Event 240000
Total processed number of events: 245223
End processing...

The number of options is: 2
Option 0 = ./TopMass_analysis
Option 1 = WJetsToLNu/WJetsToLNu_38.list
Option 2 = WJetsToLNu/WJetsToLNu_38.txt
Input filelist = WJetsToLNu/WJetsToLNu_38.list
Output file name = WJetsToLNu/WJetsToLNu_38.txt


start merging file(s)
adding: dcap://cluster142.knu.ac.kr//pnfs/knu.ac.kr/data/cms/store/user/sha/Run2FULL/2016PreVFP/MC/WJetsToLNu_TuneCP5_13TeV-amcatnloFXFX-pythia8/crab_WJetsToLNu_TuneCP5_13TeV-amcatnloFXFX-pythia8/240205_165114//0000/SSBTree_434.root
adding: dcap://cluster142.knu.ac.kr//pnfs/knu.ac.kr/data/cms/store/user/sha/Run2FULL/2016PreVFP/MC/WJetsToLNu_TuneCP5_13TeV-amcatnloFXFX-pythia8/crab_WJetsToLNu_TuneCP5_13TeV-amcatnloFXFX-pythia8/240205_165114//0000/SSBTree_435.root
adding: dcap://cluster142.knu.ac.kr//pnfs/knu.ac.kr/data/cms/store/user/sha/Run2FULL/2016PreVFP/MC/WJetsToLNu_TuneCP5_13TeV-amcatnloFXFX-pythia8/crab_WJetsToLNu_TuneCP5_13TeV-amcatnloFXFX-pythia8/240205_165114//0000/SSBTree_436.root
adding: dcap://cluster142.knu.ac.kr//pnfs/knu.ac.kr/data/cms/store/user/sha/Run2FULL/2016PreVFP/MC/WJetsToLNu_TuneCP5_13TeV-amcatnloFXFX-pythia8/crab_WJetsToLNu_TuneCP5_13TeV-amcatnloFXFX-pythia8/240205_165114//0000/SSBTree_437.root
adding: dcap://cluster142.knu.ac.kr//pnfs/knu.ac.kr/data/cms/store/user/sha/Run2FULL/2016PreVFP/MC/WJetsToLNu_TuneCP5_13TeV-amcatnloFXFX-pythia8/crab_WJetsToLNu_TuneCP5_13TeV-amcatnloFXFX-pythia8/240205_165114//0000/SSBTree_438.root
adding: dcap://cluster142.knu.ac.kr//pnfs/knu.ac.kr/data/cms/store/user/sha/Run2FULL/2016PreVFP/MC/WJetsToLNu_TuneCP5_13TeV-amcatnloFXFX-pythia8/crab_WJetsToLNu_TuneCP5_13TeV-amcatnloFXFX-pythia8/240205_165114//0000/SSBTree_439.root
adding: dcap://cluster142.knu.ac.kr//pnfs/knu.ac.kr/data/cms/store/user/sha/Run2FULL/2016PreVFP/MC/WJetsToLNu_TuneCP5_13TeV-amcatnloFXFX-pythia8/crab_WJetsToLNu_TuneCP5_13TeV-amcatnloFXFX-pythia8/240205_165114//0000/SSBTree_43.root
adding: dcap://cluster142.knu.ac.kr//pnfs/knu.ac.kr/data/cms/store/user/sha/Run2FULL/2016PreVFP/MC/WJetsToLNu_TuneCP5_13TeV-amcatnloFXFX-pythia8/crab_WJetsToLNu_TuneCP5_13TeV-amcatnloFXFX-pythia8/240205_165114//0000/SSBTree_440.root
adding: dcap://cluster142.knu.ac.kr//pnfs/knu.ac.kr/data/cms/store/user/sha/Run2FULL/2016PreVFP/MC/WJetsToLNu_TuneCP5_13TeV-amcatnloFXFX-pythia8/crab_WJetsToLNu_TuneCP5_13TeV-amcatnloFXFX-pythia8/240205_165114//0000/SSBTree_441.root
adding: dcap://cluster142.knu.ac.kr//pnfs/knu.ac.kr/data/cms/store/user/sha/Run2FULL/2016PreVFP/MC/WJetsToLNu_TuneCP5_13TeV-amcatnloFXFX-pythia8/crab_WJetsToLNu_TuneCP5_13TeV-amcatnloFXFX-pythia8/240205_165114//0000/SSBTree_442.root
Total number of events after merging root files: 245150
Event 0
Event 10000
Event 20000
Event 30000
Event 40000
Event 50000
Event 60000
Event 70000
Event 80000
Event 90000
Event 100000
Event 110000
Event 120000
Event 130000
Event 140000
Event 150000
Event 160000
Event 170000
Event 180000
Event 190000
Event 200000
Event 210000
Event 220000
Event 230000
Event 240000
Total processed number of events: 245150
End processing...

The number of options is: 2
Option 0 = ./TopMass_analysis
Option 1 = WJetsToLNu/WJetsToLNu_50.list
Option 2 = WJetsToLNu/WJetsToLNu_50.txt
Input filelist = WJetsToLNu/WJetsToLNu_50.list
Output file name = WJetsToLNu/WJetsToLNu_50.txt


start merging file(s)
adding: dcap://cluster142.knu.ac.kr//pnfs/knu.ac.kr/data/cms/store/user/sha/Run2FULL/2016PreVFP/MC/WJetsToLNu_TuneCP5_13TeV-amcatnloFXFX-pythia8/crab_WJetsToLNu_TuneCP5_13TeV-amcatnloFXFX-pythia8/240205_165114//0000/SSBTree_542.root
adding: dcap://cluster142.knu.ac.kr//pnfs/knu.ac.kr/data/cms/store/user/sha/Run2FULL/2016PreVFP/MC/WJetsToLNu_TuneCP5_13TeV-amcatnloFXFX-pythia8/crab_WJetsToLNu_TuneCP5_13TeV-amcatnloFXFX-pythia8/240205_165114//0000/SSBTree_543.root
adding: dcap://cluster142.knu.ac.kr//pnfs/knu.ac.kr/data/cms/store/user/sha/Run2FULL/2016PreVFP/MC/WJetsToLNu_TuneCP5_13TeV-amcatnloFXFX-pythia8/crab_WJetsToLNu_TuneCP5_13TeV-amcatnloFXFX-pythia8/240205_165114//0000/SSBTree_544.root
adding: dcap://cluster142.knu.ac.kr//pnfs/knu.ac.kr/data/cms/store/user/sha/Run2FULL/2016PreVFP/MC/WJetsToLNu_TuneCP5_13TeV-amcatnloFXFX-pythia8/crab_WJetsToLNu_TuneCP5_13TeV-amcatnloFXFX-pythia8/240205_165114//0000/SSBTree_545.root
adding: dcap://cluster142.knu.ac.kr//pnfs/knu.ac.kr/data/cms/store/user/sha/Run2FULL/2016PreVFP/MC/WJetsToLNu_TuneCP5_13TeV-amcatnloFXFX-pythia8/crab_WJetsToLNu_TuneCP5_13TeV-amcatnloFXFX-pythia8/240205_165114//0000/SSBTree_546.root
adding: dcap://cluster142.knu.ac.kr//pnfs/knu.ac.kr/data/cms/store/user/sha/Run2FULL/2016PreVFP/MC/WJetsToLNu_TuneCP5_13TeV-amcatnloFXFX-pythia8/crab_WJetsToLNu_TuneCP5_13TeV-amcatnloFXFX-pythia8/240205_165114//0000/SSBTree_547.root
adding: dcap://cluster142.knu.ac.kr//pnfs/knu.ac.kr/data/cms/store/user/sha/Run2FULL/2016PreVFP/MC/WJetsToLNu_TuneCP5_13TeV-amcatnloFXFX-pythia8/crab_WJetsToLNu_TuneCP5_13TeV-amcatnloFXFX-pythia8/240205_165114//0000/SSBTree_548.root
adding: dcap://cluster142.knu.ac.kr//pnfs/knu.ac.kr/data/cms/store/user/sha/Run2FULL/2016PreVFP/MC/WJetsToLNu_TuneCP5_13TeV-amcatnloFXFX-pythia8/crab_WJetsToLNu_TuneCP5_13TeV-amcatnloFXFX-pythia8/240205_165114//0000/SSBTree_549.root
adding: dcap://cluster142.knu.ac.kr//pnfs/knu.ac.kr/data/cms/store/user/sha/Run2FULL/2016PreVFP/MC/WJetsToLNu_TuneCP5_13TeV-amcatnloFXFX-pythia8/crab_WJetsToLNu_TuneCP5_13TeV-amcatnloFXFX-pythia8/240205_165114//0000/SSBTree_54.root
adding: dcap://cluster142.knu.ac.kr//pnfs/knu.ac.kr/data/cms/store/user/sha/Run2FULL/2016PreVFP/MC/WJetsToLNu_TuneCP5_13TeV-amcatnloFXFX-pythia8/crab_WJetsToLNu_TuneCP5_13TeV-amcatnloFXFX-pythia8/240205_165114//0000/SSBTree_550.root
Total number of events after merging root files: 245671
Event 0
Event 10000
Event 20000
Event 30000
Event 40000
Event 50000
Event 60000
Event 70000
Event 80000
Event 90000
Event 100000
Event 110000
Event 120000
Event 130000
Event 140000
Event 150000
Event 160000
Event 170000
Event 180000
Event 190000
Event 200000
Event 210000
Event 220000
Event 230000
Event 240000
Total processed number of events: 245671
End processing...

The number of options is: 2
Option 0 = ./TopMass_analysis
Option 1 = WJetsToLNu/WJetsToLNu_62.list
Option 2 = WJetsToLNu/WJetsToLNu_62.txt
Input filelist = WJetsToLNu/WJetsToLNu_62.list
Output file name = WJetsToLNu/WJetsToLNu_62.txt


start merging file(s)
adding: dcap://cluster142.knu.ac.kr//pnfs/knu.ac.kr/data/cms/store/user/sha/Run2FULL/2016PreVFP/MC/WJetsToLNu_TuneCP5_13TeV-amcatnloFXFX-pythia8/crab_WJetsToLNu_TuneCP5_13TeV-amcatnloFXFX-pythia8/240205_165114//0000/SSBTree_650.root
adding: dcap://cluster142.knu.ac.kr//pnfs/knu.ac.kr/data/cms/store/user/sha/Run2FULL/2016PreVFP/MC/WJetsToLNu_TuneCP5_13TeV-amcatnloFXFX-pythia8/crab_WJetsToLNu_TuneCP5_13TeV-amcatnloFXFX-pythia8/240205_165114//0000/SSBTree_651.root
adding: dcap://cluster142.knu.ac.kr//pnfs/knu.ac.kr/data/cms/store/user/sha/Run2FULL/2016PreVFP/MC/WJetsToLNu_TuneCP5_13TeV-amcatnloFXFX-pythia8/crab_WJetsToLNu_TuneCP5_13TeV-amcatnloFXFX-pythia8/240205_165114//0000/SSBTree_652.root
adding: dcap://cluster142.knu.ac.kr//pnfs/knu.ac.kr/data/cms/store/user/sha/Run2FULL/2016PreVFP/MC/WJetsToLNu_TuneCP5_13TeV-amcatnloFXFX-pythia8/crab_WJetsToLNu_TuneCP5_13TeV-amcatnloFXFX-pythia8/240205_165114//0000/SSBTree_653.root
adding: dcap://cluster142.knu.ac.kr//pnfs/knu.ac.kr/data/cms/store/user/sha/Run2FULL/2016PreVFP/MC/WJetsToLNu_TuneCP5_13TeV-amcatnloFXFX-pythia8/crab_WJetsToLNu_TuneCP5_13TeV-amcatnloFXFX-pythia8/240205_165114//0000/SSBTree_654.root
adding: dcap://cluster142.knu.ac.kr//pnfs/knu.ac.kr/data/cms/store/user/sha/Run2FULL/2016PreVFP/MC/WJetsToLNu_TuneCP5_13TeV-amcatnloFXFX-pythia8/crab_WJetsToLNu_TuneCP5_13TeV-amcatnloFXFX-pythia8/240205_165114//0000/SSBTree_655.root
adding: dcap://cluster142.knu.ac.kr//pnfs/knu.ac.kr/data/cms/store/user/sha/Run2FULL/2016PreVFP/MC/WJetsToLNu_TuneCP5_13TeV-amcatnloFXFX-pythia8/crab_WJetsToLNu_TuneCP5_13TeV-amcatnloFXFX-pythia8/240205_165114//0000/SSBTree_656.root
adding: dcap://cluster142.knu.ac.kr//pnfs/knu.ac.kr/data/cms/store/user/sha/Run2FULL/2016PreVFP/MC/WJetsToLNu_TuneCP5_13TeV-amcatnloFXFX-pythia8/crab_WJetsToLNu_TuneCP5_13TeV-amcatnloFXFX-pythia8/240205_165114//0000/SSBTree_657.root
adding: dcap://cluster142.knu.ac.kr//pnfs/knu.ac.kr/data/cms/store/user/sha/Run2FULL/2016PreVFP/MC/WJetsToLNu_TuneCP5_13TeV-amcatnloFXFX-pythia8/crab_WJetsToLNu_TuneCP5_13TeV-amcatnloFXFX-pythia8/240205_165114//0000/SSBTree_658.root
adding: dcap://cluster142.knu.ac.kr//pnfs/knu.ac.kr/data/cms/store/user/sha/Run2FULL/2016PreVFP/MC/WJetsToLNu_TuneCP5_13TeV-amcatnloFXFX-pythia8/crab_WJetsToLNu_TuneCP5_13TeV-amcatnloFXFX-pythia8/240205_165114//0000/SSBTree_659.root
Total number of events after merging root files: 245558
Event 0
Event 10000
Event 20000
Event 30000
Event 40000
Event 50000
Event 60000
Event 70000
Event 80000
Event 90000
Event 100000
Event 110000
Event 120000
Event 130000
Event 140000
Event 150000
Event 160000
Event 170000
Event 180000
Event 190000
Event 200000
Event 210000
Event 220000
Event 230000
Event 240000
Total processed number of events: 245558
End processing...

The number of options is: 2
Option 0 = ./TopMass_analysis
Option 1 = WJetsToLNu/WJetsToLNu_74.list
Option 2 = WJetsToLNu/WJetsToLNu_74.txt
Input filelist = WJetsToLNu/WJetsToLNu_74.list
Output file name = WJetsToLNu/WJetsToLNu_74.txt


start merging file(s)
adding: dcap://cluster142.knu.ac.kr//pnfs/knu.ac.kr/data/cms/store/user/sha/Run2FULL/2016PreVFP/MC/WJetsToLNu_TuneCP5_13TeV-amcatnloFXFX-pythia8/crab_WJetsToLNu_TuneCP5_13TeV-amcatnloFXFX-pythia8/240205_165114//0000/SSBTree_759.root
adding: dcap://cluster142.knu.ac.kr//pnfs/knu.ac.kr/data/cms/store/user/sha/Run2FULL/2016PreVFP/MC/WJetsToLNu_TuneCP5_13TeV-amcatnloFXFX-pythia8/crab_WJetsToLNu_TuneCP5_13TeV-amcatnloFXFX-pythia8/240205_165114//0000/SSBTree_75.root
adding: dcap://cluster142.knu.ac.kr//pnfs/knu.ac.kr/data/cms/store/user/sha/Run2FULL/2016PreVFP/MC/WJetsToLNu_TuneCP5_13TeV-amcatnloFXFX-pythia8/crab_WJetsToLNu_TuneCP5_13TeV-amcatnloFXFX-pythia8/240205_165114//0000/SSBTree_760.root
adding: dcap://cluster142.knu.ac.kr//pnfs/knu.ac.kr/data/cms/store/user/sha/Run2FULL/2016PreVFP/MC/WJetsToLNu_TuneCP5_13TeV-amcatnloFXFX-pythia8/crab_WJetsToLNu_TuneCP5_13TeV-amcatnloFXFX-pythia8/240205_165114//0000/SSBTree_761.root
adding: dcap://cluster142.knu.ac.kr//pnfs/knu.ac.kr/data/cms/store/user/sha/Run2FULL/2016PreVFP/MC/WJetsToLNu_TuneCP5_13TeV-amcatnloFXFX-pythia8/crab_WJetsToLNu_TuneCP5_13TeV-amcatnloFXFX-pythia8/240205_165114//0000/SSBTree_762.root
adding: dcap://cluster142.knu.ac.kr//pnfs/knu.ac.kr/data/cms/store/user/sha/Run2FULL/2016PreVFP/MC/WJetsToLNu_TuneCP5_13TeV-amcatnloFXFX-pythia8/crab_WJetsToLNu_TuneCP5_13TeV-amcatnloFXFX-pythia8/240205_165114//0000/SSBTree_763.root
adding: dcap://cluster142.knu.ac.kr//pnfs/knu.ac.kr/data/cms/store/user/sha/Run2FULL/2016PreVFP/MC/WJetsToLNu_TuneCP5_13TeV-amcatnloFXFX-pythia8/crab_WJetsToLNu_TuneCP5_13TeV-amcatnloFXFX-pythia8/240205_165114//0000/SSBTree_764.root
adding: dcap://cluster142.knu.ac.kr//pnfs/knu.ac.kr/data/cms/store/user/sha/Run2FULL/2016PreVFP/MC/WJetsToLNu_TuneCP5_13TeV-amcatnloFXFX-pythia8/crab_WJetsToLNu_TuneCP5_13TeV-amcatnloFXFX-pythia8/240205_165114//0000/SSBTree_765.root
adding: dcap://cluster142.knu.ac.kr//pnfs/knu.ac.kr/data/cms/store/user/sha/Run2FULL/2016PreVFP/MC/WJetsToLNu_TuneCP5_13TeV-amcatnloFXFX-pythia8/crab_WJetsToLNu_TuneCP5_13TeV-amcatnloFXFX-pythia8/240205_165114//0000/SSBTree_766.root
adding: dcap://cluster142.knu.ac.kr//pnfs/knu.ac.kr/data/cms/store/user/sha/Run2FULL/2016PreVFP/MC/WJetsToLNu_TuneCP5_13TeV-amcatnloFXFX-pythia8/crab_WJetsToLNu_TuneCP5_13TeV-amcatnloFXFX-pythia8/240205_165114//0000/SSBTree_767.root
Total number of events after merging root files: 245388
Event 0
Event 10000
Event 20000
Event 30000
Event 40000
Event 50000
Event 60000
Event 70000
Event 80000
Event 90000
Event 100000
Event 110000
Event 120000
Event 130000
Event 140000
Event 150000
Event 160000
Event 170000
Event 180000
Event 190000
Event 200000
Event 210000
Event 220000
Event 230000
Event 240000
Total processed number of events: 245388
End processing...

The number of options is: 2
Option 0 = ./TopMass_analysis
Option 1 = WJetsToLNu/WJetsToLNu_86.list
Option 2 = WJetsToLNu/WJetsToLNu_86.txt
Input filelist = WJetsToLNu/WJetsToLNu_86.list
Output file name = WJetsToLNu/WJetsToLNu_86.txt


start merging file(s)
adding: dcap://cluster142.knu.ac.kr//pnfs/knu.ac.kr/data/cms/store/user/sha/Run2FULL/2016PreVFP/MC/WJetsToLNu_TuneCP5_13TeV-amcatnloFXFX-pythia8/crab_WJetsToLNu_TuneCP5_13TeV-amcatnloFXFX-pythia8/240205_165114//0000/SSBTree_867.root
adding: dcap://cluster142.knu.ac.kr//pnfs/knu.ac.kr/data/cms/store/user/sha/Run2FULL/2016PreVFP/MC/WJetsToLNu_TuneCP5_13TeV-amcatnloFXFX-pythia8/crab_WJetsToLNu_TuneCP5_13TeV-amcatnloFXFX-pythia8/240205_165114//0000/SSBTree_868.root
adding: dcap://cluster142.knu.ac.kr//pnfs/knu.ac.kr/data/cms/store/user/sha/Run2FULL/2016PreVFP/MC/WJetsToLNu_TuneCP5_13TeV-amcatnloFXFX-pythia8/crab_WJetsToLNu_TuneCP5_13TeV-amcatnloFXFX-pythia8/240205_165114//0000/SSBTree_869.root
adding: dcap://cluster142.knu.ac.kr//pnfs/knu.ac.kr/data/cms/store/user/sha/Run2FULL/2016PreVFP/MC/WJetsToLNu_TuneCP5_13TeV-amcatnloFXFX-pythia8/crab_WJetsToLNu_TuneCP5_13TeV-amcatnloFXFX-pythia8/240205_165114//0000/SSBTree_86.root
adding: dcap://cluster142.knu.ac.kr//pnfs/knu.ac.kr/data/cms/store/user/sha/Run2FULL/2016PreVFP/MC/WJetsToLNu_TuneCP5_13TeV-amcatnloFXFX-pythia8/crab_WJetsToLNu_TuneCP5_13TeV-amcatnloFXFX-pythia8/240205_165114//0000/SSBTree_870.root
adding: dcap://cluster142.knu.ac.kr//pnfs/knu.ac.kr/data/cms/store/user/sha/Run2FULL/2016PreVFP/MC/WJetsToLNu_TuneCP5_13TeV-amcatnloFXFX-pythia8/crab_WJetsToLNu_TuneCP5_13TeV-amcatnloFXFX-pythia8/240205_165114//0000/SSBTree_871.root
adding: dcap://cluster142.knu.ac.kr//pnfs/knu.ac.kr/data/cms/store/user/sha/Run2FULL/2016PreVFP/MC/WJetsToLNu_TuneCP5_13TeV-amcatnloFXFX-pythia8/crab_WJetsToLNu_TuneCP5_13TeV-amcatnloFXFX-pythia8/240205_165114//0000/SSBTree_872.root
adding: dcap://cluster142.knu.ac.kr//pnfs/knu.ac.kr/data/cms/store/user/sha/Run2FULL/2016PreVFP/MC/WJetsToLNu_TuneCP5_13TeV-amcatnloFXFX-pythia8/crab_WJetsToLNu_TuneCP5_13TeV-amcatnloFXFX-pythia8/240205_165114//0000/SSBTree_873.root
adding: dcap://cluster142.knu.ac.kr//pnfs/knu.ac.kr/data/cms/store/user/sha/Run2FULL/2016PreVFP/MC/WJetsToLNu_TuneCP5_13TeV-amcatnloFXFX-pythia8/crab_WJetsToLNu_TuneCP5_13TeV-amcatnloFXFX-pythia8/240205_165114//0000/SSBTree_874.root
adding: dcap://cluster142.knu.ac.kr//pnfs/knu.ac.kr/data/cms/store/user/sha/Run2FULL/2016PreVFP/MC/WJetsToLNu_TuneCP5_13TeV-amcatnloFXFX-pythia8/crab_WJetsToLNu_TuneCP5_13TeV-amcatnloFXFX-pythia8/240205_165114//0000/SSBTree_875.root
Total number of events after merging root files: 245439
Event 0
Event 10000
Event 20000
Event 30000
Event 40000
Event 50000
Event 60000
Event 70000
Event 80000
Event 90000
Event 100000
Event 110000
Event 120000
Event 130000
Event 140000
Event 150000
Event 160000
Event 170000
Event 180000
Event 190000
Event 200000
Event 210000
Event 220000
Event 230000
Event 240000
Total processed number of events: 245439
End processing...

The number of options is: 2
Option 0 = ./TopMass_analysis
Option 1 = WJetsToLNu/WJetsToLNu_98.list
Option 2 = WJetsToLNu/WJetsToLNu_98.txt
Input filelist = WJetsToLNu/WJetsToLNu_98.list
Output file name = WJetsToLNu/WJetsToLNu_98.txt


start merging file(s)
adding: dcap://cluster142.knu.ac.kr//pnfs/knu.ac.kr/data/cms/store/user/sha/Run2FULL/2016PreVFP/MC/WJetsToLNu_TuneCP5_13TeV-amcatnloFXFX-pythia8/crab_WJetsToLNu_TuneCP5_13TeV-amcatnloFXFX-pythia8/240205_165114//0000/SSBTree_975.root
adding: dcap://cluster142.knu.ac.kr//pnfs/knu.ac.kr/data/cms/store/user/sha/Run2FULL/2016PreVFP/MC/WJetsToLNu_TuneCP5_13TeV-amcatnloFXFX-pythia8/crab_WJetsToLNu_TuneCP5_13TeV-amcatnloFXFX-pythia8/240205_165114//0000/SSBTree_976.root
adding: dcap://cluster142.knu.ac.kr//pnfs/knu.ac.kr/data/cms/store/user/sha/Run2FULL/2016PreVFP/MC/WJetsToLNu_TuneCP5_13TeV-amcatnloFXFX-pythia8/crab_WJetsToLNu_TuneCP5_13TeV-amcatnloFXFX-pythia8/240205_165114//0000/SSBTree_977.root
adding: dcap://cluster142.knu.ac.kr//pnfs/knu.ac.kr/data/cms/store/user/sha/Run2FULL/2016PreVFP/MC/WJetsToLNu_TuneCP5_13TeV-amcatnloFXFX-pythia8/crab_WJetsToLNu_TuneCP5_13TeV-amcatnloFXFX-pythia8/240205_165114//0000/SSBTree_978.root
adding: dcap://cluster142.knu.ac.kr//pnfs/knu.ac.kr/data/cms/store/user/sha/Run2FULL/2016PreVFP/MC/WJetsToLNu_TuneCP5_13TeV-amcatnloFXFX-pythia8/crab_WJetsToLNu_TuneCP5_13TeV-amcatnloFXFX-pythia8/240205_165114//0000/SSBTree_979.root
adding: dcap://cluster142.knu.ac.kr//pnfs/knu.ac.kr/data/cms/store/user/sha/Run2FULL/2016PreVFP/MC/WJetsToLNu_TuneCP5_13TeV-amcatnloFXFX-pythia8/crab_WJetsToLNu_TuneCP5_13TeV-amcatnloFXFX-pythia8/240205_165114//0000/SSBTree_97.root
adding: dcap://cluster142.knu.ac.kr//pnfs/knu.ac.kr/data/cms/store/user/sha/Run2FULL/2016PreVFP/MC/WJetsToLNu_TuneCP5_13TeV-amcatnloFXFX-pythia8/crab_WJetsToLNu_TuneCP5_13TeV-amcatnloFXFX-pythia8/240205_165114//0000/SSBTree_980.root
adding: dcap://cluster142.knu.ac.kr//pnfs/knu.ac.kr/data/cms/store/user/sha/Run2FULL/2016PreVFP/MC/WJetsToLNu_TuneCP5_13TeV-amcatnloFXFX-pythia8/crab_WJetsToLNu_TuneCP5_13TeV-amcatnloFXFX-pythia8/240205_165114//0000/SSBTree_981.root
adding: dcap://cluster142.knu.ac.kr//pnfs/knu.ac.kr/data/cms/store/user/sha/Run2FULL/2016PreVFP/MC/WJetsToLNu_TuneCP5_13TeV-amcatnloFXFX-pythia8/crab_WJetsToLNu_TuneCP5_13TeV-amcatnloFXFX-pythia8/240205_165114//0000/SSBTree_982.root
adding: dcap://cluster142.knu.ac.kr//pnfs/knu.ac.kr/data/cms/store/user/sha/Run2FULL/2016PreVFP/MC/WJetsToLNu_TuneCP5_13TeV-amcatnloFXFX-pythia8/crab_WJetsToLNu_TuneCP5_13TeV-amcatnloFXFX-pythia8/240205_165114//0000/SSBTree_983.root
Total number of events after merging root files: 245231
Event 0
Event 10000
Event 20000
Event 30000
Event 40000
Event 50000
Event 60000
Event 70000
Event 80000
Event 90000
Event 100000
Event 110000
Event 120000
Event 130000
Event 140000
Event 150000
Event 160000
Event 170000
Event 180000
Event 190000
Event 200000
Event 210000
Event 220000
Event 230000
Event 240000
Total processed number of events: 245231
End processing...

The number of options is: 2
Option 0 = ./TopMass_analysis
Option 1 = WJetsToLNu/WJetsToLNu_110.list
Option 2 = WJetsToLNu/WJetsToLNu_110.txt
Input filelist = WJetsToLNu/WJetsToLNu_110.list
Output file name = WJetsToLNu/WJetsToLNu_110.txt


start merging file(s)
adding: dcap://cluster142.knu.ac.kr//pnfs/knu.ac.kr/data/cms/store/user/sha/Run2FULL/2016PreVFP/MC/WJetsToLNu_TuneCP5_13TeV-amcatnloFXFX-pythia8/crab_WJetsToLNu_TuneCP5_13TeV-amcatnloFXFX-pythia8/240205_165114//0001/SSBTree_1091.root
adding: dcap://cluster142.knu.ac.kr//pnfs/knu.ac.kr/data/cms/store/user/sha/Run2FULL/2016PreVFP/MC/WJetsToLNu_TuneCP5_13TeV-amcatnloFXFX-pythia8/crab_WJetsToLNu_TuneCP5_13TeV-amcatnloFXFX-pythia8/240205_165114//0001/SSBTree_1092.root
adding: dcap://cluster142.knu.ac.kr//pnfs/knu.ac.kr/data/cms/store/user/sha/Run2FULL/2016PreVFP/MC/WJetsToLNu_TuneCP5_13TeV-amcatnloFXFX-pythia8/crab_WJetsToLNu_TuneCP5_13TeV-amcatnloFXFX-pythia8/240205_165114//0001/SSBTree_1093.root
adding: dcap://cluster142.knu.ac.kr//pnfs/knu.ac.kr/data/cms/store/user/sha/Run2FULL/2016PreVFP/MC/WJetsToLNu_TuneCP5_13TeV-amcatnloFXFX-pythia8/crab_WJetsToLNu_TuneCP5_13TeV-amcatnloFXFX-pythia8/240205_165114//0001/SSBTree_1094.root
adding: dcap://cluster142.knu.ac.kr//pnfs/knu.ac.kr/data/cms/store/user/sha/Run2FULL/2016PreVFP/MC/WJetsToLNu_TuneCP5_13TeV-amcatnloFXFX-pythia8/crab_WJetsToLNu_TuneCP5_13TeV-amcatnloFXFX-pythia8/240205_165114//0001/SSBTree_1095.root
adding: dcap://cluster142.knu.ac.kr//pnfs/knu.ac.kr/data/cms/store/user/sha/Run2FULL/2016PreVFP/MC/WJetsToLNu_TuneCP5_13TeV-amcatnloFXFX-pythia8/crab_WJetsToLNu_TuneCP5_13TeV-amcatnloFXFX-pythia8/240205_165114//0001/SSBTree_1096.root
adding: dcap://cluster142.knu.ac.kr//pnfs/knu.ac.kr/data/cms/store/user/sha/Run2FULL/2016PreVFP/MC/WJetsToLNu_TuneCP5_13TeV-amcatnloFXFX-pythia8/crab_WJetsToLNu_TuneCP5_13TeV-amcatnloFXFX-pythia8/240205_165114//0001/SSBTree_1097.root
adding: dcap://cluster142.knu.ac.kr//pnfs/knu.ac.kr/data/cms/store/user/sha/Run2FULL/2016PreVFP/MC/WJetsToLNu_TuneCP5_13TeV-amcatnloFXFX-pythia8/crab_WJetsToLNu_TuneCP5_13TeV-amcatnloFXFX-pythia8/240205_165114//0001/SSBTree_1098.root
adding: dcap://cluster142.knu.ac.kr//pnfs/knu.ac.kr/data/cms/store/user/sha/Run2FULL/2016PreVFP/MC/WJetsToLNu_TuneCP5_13TeV-amcatnloFXFX-pythia8/crab_WJetsToLNu_TuneCP5_13TeV-amcatnloFXFX-pythia8/240205_165114//0001/SSBTree_1099.root
adding: dcap://cluster142.knu.ac.kr//pnfs/knu.ac.kr/data/cms/store/user/sha/Run2FULL/2016PreVFP/MC/WJetsToLNu_TuneCP5_13TeV-amcatnloFXFX-pythia8/crab_WJetsToLNu_TuneCP5_13TeV-amcatnloFXFX-pythia8/240205_165114//0001/SSBTree_1100.root
Total number of events after merging root files: 245202
Event 0
Event 10000
Event 20000
Event 30000
Event 40000
Event 50000
Event 60000
Event 70000
Event 80000
Event 90000
Event 100000
Event 110000
Event 120000
Event 130000
Event 140000
Event 150000
Event 160000
Event 170000
Event 180000
Event 190000
Event 200000
Event 210000
Event 220000
Event 230000
Event 240000
Total processed number of events: 245202
End processing...

