The number of options is: 2
Option 0 = ./TopMass_analysis
Option 1 = WJetsToLNu/WJetsToLNu_11.list
Option 2 = WJetsToLNu/WJetsToLNu_11.txt
Input filelist = WJetsToLNu/WJetsToLNu_11.list
Output file name = WJetsToLNu/WJetsToLNu_11.txt


start merging file(s)
adding: dcap://cluster142.knu.ac.kr//pnfs/knu.ac.kr/data/cms/store/user/sha/Run2FULL/2016PreVFP/MC/WJetsToLNu_TuneCP5_13TeV-amcatnloFXFX-pythia8/crab_WJetsToLNu_TuneCP5_13TeV-amcatnloFXFX-pythia8/240205_165114//0000/SSBTree_191.root
adding: dcap://cluster142.knu.ac.kr//pnfs/knu.ac.kr/data/cms/store/user/sha/Run2FULL/2016PreVFP/MC/WJetsToLNu_TuneCP5_13TeV-amcatnloFXFX-pythia8/crab_WJetsToLNu_TuneCP5_13TeV-amcatnloFXFX-pythia8/240205_165114//0000/SSBTree_192.root
adding: dcap://cluster142.knu.ac.kr//pnfs/knu.ac.kr/data/cms/store/user/sha/Run2FULL/2016PreVFP/MC/WJetsToLNu_TuneCP5_13TeV-amcatnloFXFX-pythia8/crab_WJetsToLNu_TuneCP5_13TeV-amcatnloFXFX-pythia8/240205_165114//0000/SSBTree_193.root
adding: dcap://cluster142.knu.ac.kr//pnfs/knu.ac.kr/data/cms/store/user/sha/Run2FULL/2016PreVFP/MC/WJetsToLNu_TuneCP5_13TeV-amcatnloFXFX-pythia8/crab_WJetsToLNu_TuneCP5_13TeV-amcatnloFXFX-pythia8/240205_165114//0000/SSBTree_194.root
adding: dcap://cluster142.knu.ac.kr//pnfs/knu.ac.kr/data/cms/store/user/sha/Run2FULL/2016PreVFP/MC/WJetsToLNu_TuneCP5_13TeV-amcatnloFXFX-pythia8/crab_WJetsToLNu_TuneCP5_13TeV-amcatnloFXFX-pythia8/240205_165114//0000/SSBTree_195.root
adding: dcap://cluster142.knu.ac.kr//pnfs/knu.ac.kr/data/cms/store/user/sha/Run2FULL/2016PreVFP/MC/WJetsToLNu_TuneCP5_13TeV-amcatnloFXFX-pythia8/crab_WJetsToLNu_TuneCP5_13TeV-amcatnloFXFX-pythia8/240205_165114//0000/SSBTree_196.root
adding: dcap://cluster142.knu.ac.kr//pnfs/knu.ac.kr/data/cms/store/user/sha/Run2FULL/2016PreVFP/MC/WJetsToLNu_TuneCP5_13TeV-amcatnloFXFX-pythia8/crab_WJetsToLNu_TuneCP5_13TeV-amcatnloFXFX-pythia8/240205_165114//0000/SSBTree_197.root
adding: dcap://cluster142.knu.ac.kr//pnfs/knu.ac.kr/data/cms/store/user/sha/Run2FULL/2016PreVFP/MC/WJetsToLNu_TuneCP5_13TeV-amcatnloFXFX-pythia8/crab_WJetsToLNu_TuneCP5_13TeV-amcatnloFXFX-pythia8/240205_165114//0000/SSBTree_198.root
adding: dcap://cluster142.knu.ac.kr//pnfs/knu.ac.kr/data/cms/store/user/sha/Run2FULL/2016PreVFP/MC/WJetsToLNu_TuneCP5_13TeV-amcatnloFXFX-pythia8/crab_WJetsToLNu_TuneCP5_13TeV-amcatnloFXFX-pythia8/240205_165114//0000/SSBTree_199.root
adding: dcap://cluster142.knu.ac.kr//pnfs/knu.ac.kr/data/cms/store/user/sha/Run2FULL/2016PreVFP/MC/WJetsToLNu_TuneCP5_13TeV-amcatnloFXFX-pythia8/crab_WJetsToLNu_TuneCP5_13TeV-amcatnloFXFX-pythia8/240205_165114//0000/SSBTree_19.root
Total number of events after merging root files: 244652
Event 0
Event 10000
Event 20000
Event 30000
Event 40000
Event 50000
Event 60000
Event 70000
Event 80000
Event 90000
Event 100000
Event 110000
Event 120000
Event 130000
Event 140000
Event 150000
Event 160000
Event 170000
Event 180000
Event 190000
Event 200000
Event 210000
Event 220000
Event 230000
Event 240000
Total processed number of events: 244652
End processing...

The number of options is: 2
Option 0 = ./TopMass_analysis
Option 1 = WJetsToLNu/WJetsToLNu_23.list
Option 2 = WJetsToLNu/WJetsToLNu_23.txt
Input filelist = WJetsToLNu/WJetsToLNu_23.list
Output file name = WJetsToLNu/WJetsToLNu_23.txt


start merging file(s)
adding: dcap://cluster142.knu.ac.kr//pnfs/knu.ac.kr/data/cms/store/user/sha/Run2FULL/2016PreVFP/MC/WJetsToLNu_TuneCP5_13TeV-amcatnloFXFX-pythia8/crab_WJetsToLNu_TuneCP5_13TeV-amcatnloFXFX-pythia8/240205_165114//0000/SSBTree_29.root
adding: dcap://cluster142.knu.ac.kr//pnfs/knu.ac.kr/data/cms/store/user/sha/Run2FULL/2016PreVFP/MC/WJetsToLNu_TuneCP5_13TeV-amcatnloFXFX-pythia8/crab_WJetsToLNu_TuneCP5_13TeV-amcatnloFXFX-pythia8/240205_165114//0000/SSBTree_2.root
adding: dcap://cluster142.knu.ac.kr//pnfs/knu.ac.kr/data/cms/store/user/sha/Run2FULL/2016PreVFP/MC/WJetsToLNu_TuneCP5_13TeV-amcatnloFXFX-pythia8/crab_WJetsToLNu_TuneCP5_13TeV-amcatnloFXFX-pythia8/240205_165114//0000/SSBTree_300.root
adding: dcap://cluster142.knu.ac.kr//pnfs/knu.ac.kr/data/cms/store/user/sha/Run2FULL/2016PreVFP/MC/WJetsToLNu_TuneCP5_13TeV-amcatnloFXFX-pythia8/crab_WJetsToLNu_TuneCP5_13TeV-amcatnloFXFX-pythia8/240205_165114//0000/SSBTree_301.root
adding: dcap://cluster142.knu.ac.kr//pnfs/knu.ac.kr/data/cms/store/user/sha/Run2FULL/2016PreVFP/MC/WJetsToLNu_TuneCP5_13TeV-amcatnloFXFX-pythia8/crab_WJetsToLNu_TuneCP5_13TeV-amcatnloFXFX-pythia8/240205_165114//0000/SSBTree_302.root
adding: dcap://cluster142.knu.ac.kr//pnfs/knu.ac.kr/data/cms/store/user/sha/Run2FULL/2016PreVFP/MC/WJetsToLNu_TuneCP5_13TeV-amcatnloFXFX-pythia8/crab_WJetsToLNu_TuneCP5_13TeV-amcatnloFXFX-pythia8/240205_165114//0000/SSBTree_303.root
adding: dcap://cluster142.knu.ac.kr//pnfs/knu.ac.kr/data/cms/store/user/sha/Run2FULL/2016PreVFP/MC/WJetsToLNu_TuneCP5_13TeV-amcatnloFXFX-pythia8/crab_WJetsToLNu_TuneCP5_13TeV-amcatnloFXFX-pythia8/240205_165114//0000/SSBTree_304.root
adding: dcap://cluster142.knu.ac.kr//pnfs/knu.ac.kr/data/cms/store/user/sha/Run2FULL/2016PreVFP/MC/WJetsToLNu_TuneCP5_13TeV-amcatnloFXFX-pythia8/crab_WJetsToLNu_TuneCP5_13TeV-amcatnloFXFX-pythia8/240205_165114//0000/SSBTree_305.root
adding: dcap://cluster142.knu.ac.kr//pnfs/knu.ac.kr/data/cms/store/user/sha/Run2FULL/2016PreVFP/MC/WJetsToLNu_TuneCP5_13TeV-amcatnloFXFX-pythia8/crab_WJetsToLNu_TuneCP5_13TeV-amcatnloFXFX-pythia8/240205_165114//0000/SSBTree_306.root
adding: dcap://cluster142.knu.ac.kr//pnfs/knu.ac.kr/data/cms/store/user/sha/Run2FULL/2016PreVFP/MC/WJetsToLNu_TuneCP5_13TeV-amcatnloFXFX-pythia8/crab_WJetsToLNu_TuneCP5_13TeV-amcatnloFXFX-pythia8/240205_165114//0000/SSBTree_307.root
Total number of events after merging root files: 245278
Event 0
Event 10000
Event 20000
Event 30000
Event 40000
Event 50000
Event 60000
Event 70000
Event 80000
Event 90000
Event 100000
Event 110000
Event 120000
Event 130000
Event 140000
Event 150000
Event 160000
Event 170000
Event 180000
Event 190000
Event 200000
Event 210000
Event 220000
Event 230000
Event 240000
Total processed number of events: 245278
End processing...

The number of options is: 2
Option 0 = ./TopMass_analysis
Option 1 = WJetsToLNu/WJetsToLNu_35.list
Option 2 = WJetsToLNu/WJetsToLNu_35.txt
Input filelist = WJetsToLNu/WJetsToLNu_35.list
Output file name = WJetsToLNu/WJetsToLNu_35.txt


start merging file(s)
adding: dcap://cluster142.knu.ac.kr//pnfs/knu.ac.kr/data/cms/store/user/sha/Run2FULL/2016PreVFP/MC/WJetsToLNu_TuneCP5_13TeV-amcatnloFXFX-pythia8/crab_WJetsToLNu_TuneCP5_13TeV-amcatnloFXFX-pythia8/240205_165114//0000/SSBTree_407.root
adding: dcap://cluster142.knu.ac.kr//pnfs/knu.ac.kr/data/cms/store/user/sha/Run2FULL/2016PreVFP/MC/WJetsToLNu_TuneCP5_13TeV-amcatnloFXFX-pythia8/crab_WJetsToLNu_TuneCP5_13TeV-amcatnloFXFX-pythia8/240205_165114//0000/SSBTree_408.root
adding: dcap://cluster142.knu.ac.kr//pnfs/knu.ac.kr/data/cms/store/user/sha/Run2FULL/2016PreVFP/MC/WJetsToLNu_TuneCP5_13TeV-amcatnloFXFX-pythia8/crab_WJetsToLNu_TuneCP5_13TeV-amcatnloFXFX-pythia8/240205_165114//0000/SSBTree_409.root
adding: dcap://cluster142.knu.ac.kr//pnfs/knu.ac.kr/data/cms/store/user/sha/Run2FULL/2016PreVFP/MC/WJetsToLNu_TuneCP5_13TeV-amcatnloFXFX-pythia8/crab_WJetsToLNu_TuneCP5_13TeV-amcatnloFXFX-pythia8/240205_165114//0000/SSBTree_40.root
adding: dcap://cluster142.knu.ac.kr//pnfs/knu.ac.kr/data/cms/store/user/sha/Run2FULL/2016PreVFP/MC/WJetsToLNu_TuneCP5_13TeV-amcatnloFXFX-pythia8/crab_WJetsToLNu_TuneCP5_13TeV-amcatnloFXFX-pythia8/240205_165114//0000/SSBTree_410.root
adding: dcap://cluster142.knu.ac.kr//pnfs/knu.ac.kr/data/cms/store/user/sha/Run2FULL/2016PreVFP/MC/WJetsToLNu_TuneCP5_13TeV-amcatnloFXFX-pythia8/crab_WJetsToLNu_TuneCP5_13TeV-amcatnloFXFX-pythia8/240205_165114//0000/SSBTree_411.root
adding: dcap://cluster142.knu.ac.kr//pnfs/knu.ac.kr/data/cms/store/user/sha/Run2FULL/2016PreVFP/MC/WJetsToLNu_TuneCP5_13TeV-amcatnloFXFX-pythia8/crab_WJetsToLNu_TuneCP5_13TeV-amcatnloFXFX-pythia8/240205_165114//0000/SSBTree_412.root
adding: dcap://cluster142.knu.ac.kr//pnfs/knu.ac.kr/data/cms/store/user/sha/Run2FULL/2016PreVFP/MC/WJetsToLNu_TuneCP5_13TeV-amcatnloFXFX-pythia8/crab_WJetsToLNu_TuneCP5_13TeV-amcatnloFXFX-pythia8/240205_165114//0000/SSBTree_413.root
adding: dcap://cluster142.knu.ac.kr//pnfs/knu.ac.kr/data/cms/store/user/sha/Run2FULL/2016PreVFP/MC/WJetsToLNu_TuneCP5_13TeV-amcatnloFXFX-pythia8/crab_WJetsToLNu_TuneCP5_13TeV-amcatnloFXFX-pythia8/240205_165114//0000/SSBTree_414.root
adding: dcap://cluster142.knu.ac.kr//pnfs/knu.ac.kr/data/cms/store/user/sha/Run2FULL/2016PreVFP/MC/WJetsToLNu_TuneCP5_13TeV-amcatnloFXFX-pythia8/crab_WJetsToLNu_TuneCP5_13TeV-amcatnloFXFX-pythia8/240205_165114//0000/SSBTree_415.root
Total number of events after merging root files: 245639
Event 0
Event 10000
Event 20000
Event 30000
Event 40000
Event 50000
Event 60000
Event 70000
Event 80000
Event 90000
Event 100000
Event 110000
Event 120000
Event 130000
Event 140000
Event 150000
Event 160000
Event 170000
Event 180000
Event 190000
Event 200000
Event 210000
Event 220000
Event 230000
Event 240000
Total processed number of events: 245639
End processing...

The number of options is: 2
Option 0 = ./TopMass_analysis
Option 1 = WJetsToLNu/WJetsToLNu_47.list
Option 2 = WJetsToLNu/WJetsToLNu_47.txt
Input filelist = WJetsToLNu/WJetsToLNu_47.list
Output file name = WJetsToLNu/WJetsToLNu_47.txt


start merging file(s)
adding: dcap://cluster142.knu.ac.kr//pnfs/knu.ac.kr/data/cms/store/user/sha/Run2FULL/2016PreVFP/MC/WJetsToLNu_TuneCP5_13TeV-amcatnloFXFX-pythia8/crab_WJetsToLNu_TuneCP5_13TeV-amcatnloFXFX-pythia8/240205_165114//0000/SSBTree_515.root
adding: dcap://cluster142.knu.ac.kr//pnfs/knu.ac.kr/data/cms/store/user/sha/Run2FULL/2016PreVFP/MC/WJetsToLNu_TuneCP5_13TeV-amcatnloFXFX-pythia8/crab_WJetsToLNu_TuneCP5_13TeV-amcatnloFXFX-pythia8/240205_165114//0000/SSBTree_516.root
adding: dcap://cluster142.knu.ac.kr//pnfs/knu.ac.kr/data/cms/store/user/sha/Run2FULL/2016PreVFP/MC/WJetsToLNu_TuneCP5_13TeV-amcatnloFXFX-pythia8/crab_WJetsToLNu_TuneCP5_13TeV-amcatnloFXFX-pythia8/240205_165114//0000/SSBTree_517.root
adding: dcap://cluster142.knu.ac.kr//pnfs/knu.ac.kr/data/cms/store/user/sha/Run2FULL/2016PreVFP/MC/WJetsToLNu_TuneCP5_13TeV-amcatnloFXFX-pythia8/crab_WJetsToLNu_TuneCP5_13TeV-amcatnloFXFX-pythia8/240205_165114//0000/SSBTree_518.root
adding: dcap://cluster142.knu.ac.kr//pnfs/knu.ac.kr/data/cms/store/user/sha/Run2FULL/2016PreVFP/MC/WJetsToLNu_TuneCP5_13TeV-amcatnloFXFX-pythia8/crab_WJetsToLNu_TuneCP5_13TeV-amcatnloFXFX-pythia8/240205_165114//0000/SSBTree_519.root
adding: dcap://cluster142.knu.ac.kr//pnfs/knu.ac.kr/data/cms/store/user/sha/Run2FULL/2016PreVFP/MC/WJetsToLNu_TuneCP5_13TeV-amcatnloFXFX-pythia8/crab_WJetsToLNu_TuneCP5_13TeV-amcatnloFXFX-pythia8/240205_165114//0000/SSBTree_51.root
adding: dcap://cluster142.knu.ac.kr//pnfs/knu.ac.kr/data/cms/store/user/sha/Run2FULL/2016PreVFP/MC/WJetsToLNu_TuneCP5_13TeV-amcatnloFXFX-pythia8/crab_WJetsToLNu_TuneCP5_13TeV-amcatnloFXFX-pythia8/240205_165114//0000/SSBTree_520.root
adding: dcap://cluster142.knu.ac.kr//pnfs/knu.ac.kr/data/cms/store/user/sha/Run2FULL/2016PreVFP/MC/WJetsToLNu_TuneCP5_13TeV-amcatnloFXFX-pythia8/crab_WJetsToLNu_TuneCP5_13TeV-amcatnloFXFX-pythia8/240205_165114//0000/SSBTree_521.root
adding: dcap://cluster142.knu.ac.kr//pnfs/knu.ac.kr/data/cms/store/user/sha/Run2FULL/2016PreVFP/MC/WJetsToLNu_TuneCP5_13TeV-amcatnloFXFX-pythia8/crab_WJetsToLNu_TuneCP5_13TeV-amcatnloFXFX-pythia8/240205_165114//0000/SSBTree_522.root
adding: dcap://cluster142.knu.ac.kr//pnfs/knu.ac.kr/data/cms/store/user/sha/Run2FULL/2016PreVFP/MC/WJetsToLNu_TuneCP5_13TeV-amcatnloFXFX-pythia8/crab_WJetsToLNu_TuneCP5_13TeV-amcatnloFXFX-pythia8/240205_165114//0000/SSBTree_523.root
Total number of events after merging root files: 245614
Event 0
Event 10000
Event 20000
Event 30000
Event 40000
Event 50000
Event 60000
Event 70000
Event 80000
Event 90000
Event 100000
Event 110000
Event 120000
Event 130000
Event 140000
Event 150000
Event 160000
Event 170000
Event 180000
Event 190000
Event 200000
Event 210000
Event 220000
Event 230000
Event 240000
Total processed number of events: 245614
End processing...

The number of options is: 2
Option 0 = ./TopMass_analysis
Option 1 = WJetsToLNu/WJetsToLNu_59.list
Option 2 = WJetsToLNu/WJetsToLNu_59.txt
Input filelist = WJetsToLNu/WJetsToLNu_59.list
Output file name = WJetsToLNu/WJetsToLNu_59.txt


start merging file(s)
adding: dcap://cluster142.knu.ac.kr//pnfs/knu.ac.kr/data/cms/store/user/sha/Run2FULL/2016PreVFP/MC/WJetsToLNu_TuneCP5_13TeV-amcatnloFXFX-pythia8/crab_WJetsToLNu_TuneCP5_13TeV-amcatnloFXFX-pythia8/240205_165114//0000/SSBTree_623.root
adding: dcap://cluster142.knu.ac.kr//pnfs/knu.ac.kr/data/cms/store/user/sha/Run2FULL/2016PreVFP/MC/WJetsToLNu_TuneCP5_13TeV-amcatnloFXFX-pythia8/crab_WJetsToLNu_TuneCP5_13TeV-amcatnloFXFX-pythia8/240205_165114//0000/SSBTree_624.root
adding: dcap://cluster142.knu.ac.kr//pnfs/knu.ac.kr/data/cms/store/user/sha/Run2FULL/2016PreVFP/MC/WJetsToLNu_TuneCP5_13TeV-amcatnloFXFX-pythia8/crab_WJetsToLNu_TuneCP5_13TeV-amcatnloFXFX-pythia8/240205_165114//0000/SSBTree_625.root
adding: dcap://cluster142.knu.ac.kr//pnfs/knu.ac.kr/data/cms/store/user/sha/Run2FULL/2016PreVFP/MC/WJetsToLNu_TuneCP5_13TeV-amcatnloFXFX-pythia8/crab_WJetsToLNu_TuneCP5_13TeV-amcatnloFXFX-pythia8/240205_165114//0000/SSBTree_626.root
adding: dcap://cluster142.knu.ac.kr//pnfs/knu.ac.kr/data/cms/store/user/sha/Run2FULL/2016PreVFP/MC/WJetsToLNu_TuneCP5_13TeV-amcatnloFXFX-pythia8/crab_WJetsToLNu_TuneCP5_13TeV-amcatnloFXFX-pythia8/240205_165114//0000/SSBTree_627.root
adding: dcap://cluster142.knu.ac.kr//pnfs/knu.ac.kr/data/cms/store/user/sha/Run2FULL/2016PreVFP/MC/WJetsToLNu_TuneCP5_13TeV-amcatnloFXFX-pythia8/crab_WJetsToLNu_TuneCP5_13TeV-amcatnloFXFX-pythia8/240205_165114//0000/SSBTree_628.root
adding: dcap://cluster142.knu.ac.kr//pnfs/knu.ac.kr/data/cms/store/user/sha/Run2FULL/2016PreVFP/MC/WJetsToLNu_TuneCP5_13TeV-amcatnloFXFX-pythia8/crab_WJetsToLNu_TuneCP5_13TeV-amcatnloFXFX-pythia8/240205_165114//0000/SSBTree_629.root
adding: dcap://cluster142.knu.ac.kr//pnfs/knu.ac.kr/data/cms/store/user/sha/Run2FULL/2016PreVFP/MC/WJetsToLNu_TuneCP5_13TeV-amcatnloFXFX-pythia8/crab_WJetsToLNu_TuneCP5_13TeV-amcatnloFXFX-pythia8/240205_165114//0000/SSBTree_62.root
adding: dcap://cluster142.knu.ac.kr//pnfs/knu.ac.kr/data/cms/store/user/sha/Run2FULL/2016PreVFP/MC/WJetsToLNu_TuneCP5_13TeV-amcatnloFXFX-pythia8/crab_WJetsToLNu_TuneCP5_13TeV-amcatnloFXFX-pythia8/240205_165114//0000/SSBTree_630.root
adding: dcap://cluster142.knu.ac.kr//pnfs/knu.ac.kr/data/cms/store/user/sha/Run2FULL/2016PreVFP/MC/WJetsToLNu_TuneCP5_13TeV-amcatnloFXFX-pythia8/crab_WJetsToLNu_TuneCP5_13TeV-amcatnloFXFX-pythia8/240205_165114//0000/SSBTree_631.root
Total number of events after merging root files: 245311
Event 0
Event 10000
Event 20000
Event 30000
Event 40000
Event 50000
Event 60000
Event 70000
Event 80000
Event 90000
Event 100000
Event 110000
Event 120000
Event 130000
Event 140000
Event 150000
Event 160000
Event 170000
Event 180000
Event 190000
Event 200000
Event 210000
Event 220000
Event 230000
Event 240000
Total processed number of events: 245311
End processing...

The number of options is: 2
Option 0 = ./TopMass_analysis
Option 1 = WJetsToLNu/WJetsToLNu_71.list
Option 2 = WJetsToLNu/WJetsToLNu_71.txt
Input filelist = WJetsToLNu/WJetsToLNu_71.list
Output file name = WJetsToLNu/WJetsToLNu_71.txt


start merging file(s)
adding: dcap://cluster142.knu.ac.kr//pnfs/knu.ac.kr/data/cms/store/user/sha/Run2FULL/2016PreVFP/MC/WJetsToLNu_TuneCP5_13TeV-amcatnloFXFX-pythia8/crab_WJetsToLNu_TuneCP5_13TeV-amcatnloFXFX-pythia8/240205_165114//0000/SSBTree_731.root
adding: dcap://cluster142.knu.ac.kr//pnfs/knu.ac.kr/data/cms/store/user/sha/Run2FULL/2016PreVFP/MC/WJetsToLNu_TuneCP5_13TeV-amcatnloFXFX-pythia8/crab_WJetsToLNu_TuneCP5_13TeV-amcatnloFXFX-pythia8/240205_165114//0000/SSBTree_732.root
adding: dcap://cluster142.knu.ac.kr//pnfs/knu.ac.kr/data/cms/store/user/sha/Run2FULL/2016PreVFP/MC/WJetsToLNu_TuneCP5_13TeV-amcatnloFXFX-pythia8/crab_WJetsToLNu_TuneCP5_13TeV-amcatnloFXFX-pythia8/240205_165114//0000/SSBTree_733.root
adding: dcap://cluster142.knu.ac.kr//pnfs/knu.ac.kr/data/cms/store/user/sha/Run2FULL/2016PreVFP/MC/WJetsToLNu_TuneCP5_13TeV-amcatnloFXFX-pythia8/crab_WJetsToLNu_TuneCP5_13TeV-amcatnloFXFX-pythia8/240205_165114//0000/SSBTree_734.root
adding: dcap://cluster142.knu.ac.kr//pnfs/knu.ac.kr/data/cms/store/user/sha/Run2FULL/2016PreVFP/MC/WJetsToLNu_TuneCP5_13TeV-amcatnloFXFX-pythia8/crab_WJetsToLNu_TuneCP5_13TeV-amcatnloFXFX-pythia8/240205_165114//0000/SSBTree_735.root
adding: dcap://cluster142.knu.ac.kr//pnfs/knu.ac.kr/data/cms/store/user/sha/Run2FULL/2016PreVFP/MC/WJetsToLNu_TuneCP5_13TeV-amcatnloFXFX-pythia8/crab_WJetsToLNu_TuneCP5_13TeV-amcatnloFXFX-pythia8/240205_165114//0000/SSBTree_736.root
adding: dcap://cluster142.knu.ac.kr//pnfs/knu.ac.kr/data/cms/store/user/sha/Run2FULL/2016PreVFP/MC/WJetsToLNu_TuneCP5_13TeV-amcatnloFXFX-pythia8/crab_WJetsToLNu_TuneCP5_13TeV-amcatnloFXFX-pythia8/240205_165114//0000/SSBTree_737.root
adding: dcap://cluster142.knu.ac.kr//pnfs/knu.ac.kr/data/cms/store/user/sha/Run2FULL/2016PreVFP/MC/WJetsToLNu_TuneCP5_13TeV-amcatnloFXFX-pythia8/crab_WJetsToLNu_TuneCP5_13TeV-amcatnloFXFX-pythia8/240205_165114//0000/SSBTree_738.root
adding: dcap://cluster142.knu.ac.kr//pnfs/knu.ac.kr/data/cms/store/user/sha/Run2FULL/2016PreVFP/MC/WJetsToLNu_TuneCP5_13TeV-amcatnloFXFX-pythia8/crab_WJetsToLNu_TuneCP5_13TeV-amcatnloFXFX-pythia8/240205_165114//0000/SSBTree_739.root
adding: dcap://cluster142.knu.ac.kr//pnfs/knu.ac.kr/data/cms/store/user/sha/Run2FULL/2016PreVFP/MC/WJetsToLNu_TuneCP5_13TeV-amcatnloFXFX-pythia8/crab_WJetsToLNu_TuneCP5_13TeV-amcatnloFXFX-pythia8/240205_165114//0000/SSBTree_73.root
Total number of events after merging root files: 245610
Event 0
Event 10000
Event 20000
Event 30000
Event 40000
Event 50000
Event 60000
Event 70000
Event 80000
Event 90000
Event 100000
Event 110000
Event 120000
Event 130000
Event 140000
Event 150000
Event 160000
Event 170000
Event 180000
Event 190000
Event 200000
Event 210000
Event 220000
Event 230000
Event 240000
Total processed number of events: 245610
End processing...

The number of options is: 2
Option 0 = ./TopMass_analysis
Option 1 = WJetsToLNu/WJetsToLNu_83.list
Option 2 = WJetsToLNu/WJetsToLNu_83.txt
Input filelist = WJetsToLNu/WJetsToLNu_83.list
Output file name = WJetsToLNu/WJetsToLNu_83.txt


start merging file(s)
adding: dcap://cluster142.knu.ac.kr//pnfs/knu.ac.kr/data/cms/store/user/sha/Run2FULL/2016PreVFP/MC/WJetsToLNu_TuneCP5_13TeV-amcatnloFXFX-pythia8/crab_WJetsToLNu_TuneCP5_13TeV-amcatnloFXFX-pythia8/240205_165114//0000/SSBTree_83.root
adding: dcap://cluster142.knu.ac.kr//pnfs/knu.ac.kr/data/cms/store/user/sha/Run2FULL/2016PreVFP/MC/WJetsToLNu_TuneCP5_13TeV-amcatnloFXFX-pythia8/crab_WJetsToLNu_TuneCP5_13TeV-amcatnloFXFX-pythia8/240205_165114//0000/SSBTree_840.root
adding: dcap://cluster142.knu.ac.kr//pnfs/knu.ac.kr/data/cms/store/user/sha/Run2FULL/2016PreVFP/MC/WJetsToLNu_TuneCP5_13TeV-amcatnloFXFX-pythia8/crab_WJetsToLNu_TuneCP5_13TeV-amcatnloFXFX-pythia8/240205_165114//0000/SSBTree_841.root
adding: dcap://cluster142.knu.ac.kr//pnfs/knu.ac.kr/data/cms/store/user/sha/Run2FULL/2016PreVFP/MC/WJetsToLNu_TuneCP5_13TeV-amcatnloFXFX-pythia8/crab_WJetsToLNu_TuneCP5_13TeV-amcatnloFXFX-pythia8/240205_165114//0000/SSBTree_842.root
adding: dcap://cluster142.knu.ac.kr//pnfs/knu.ac.kr/data/cms/store/user/sha/Run2FULL/2016PreVFP/MC/WJetsToLNu_TuneCP5_13TeV-amcatnloFXFX-pythia8/crab_WJetsToLNu_TuneCP5_13TeV-amcatnloFXFX-pythia8/240205_165114//0000/SSBTree_843.root
adding: dcap://cluster142.knu.ac.kr//pnfs/knu.ac.kr/data/cms/store/user/sha/Run2FULL/2016PreVFP/MC/WJetsToLNu_TuneCP5_13TeV-amcatnloFXFX-pythia8/crab_WJetsToLNu_TuneCP5_13TeV-amcatnloFXFX-pythia8/240205_165114//0000/SSBTree_844.root
adding: dcap://cluster142.knu.ac.kr//pnfs/knu.ac.kr/data/cms/store/user/sha/Run2FULL/2016PreVFP/MC/WJetsToLNu_TuneCP5_13TeV-amcatnloFXFX-pythia8/crab_WJetsToLNu_TuneCP5_13TeV-amcatnloFXFX-pythia8/240205_165114//0000/SSBTree_845.root
adding: dcap://cluster142.knu.ac.kr//pnfs/knu.ac.kr/data/cms/store/user/sha/Run2FULL/2016PreVFP/MC/WJetsToLNu_TuneCP5_13TeV-amcatnloFXFX-pythia8/crab_WJetsToLNu_TuneCP5_13TeV-amcatnloFXFX-pythia8/240205_165114//0000/SSBTree_846.root
adding: dcap://cluster142.knu.ac.kr//pnfs/knu.ac.kr/data/cms/store/user/sha/Run2FULL/2016PreVFP/MC/WJetsToLNu_TuneCP5_13TeV-amcatnloFXFX-pythia8/crab_WJetsToLNu_TuneCP5_13TeV-amcatnloFXFX-pythia8/240205_165114//0000/SSBTree_847.root
adding: dcap://cluster142.knu.ac.kr//pnfs/knu.ac.kr/data/cms/store/user/sha/Run2FULL/2016PreVFP/MC/WJetsToLNu_TuneCP5_13TeV-amcatnloFXFX-pythia8/crab_WJetsToLNu_TuneCP5_13TeV-amcatnloFXFX-pythia8/240205_165114//0000/SSBTree_848.root
Total number of events after merging root files: 245553
Event 0
Event 10000
Event 20000
Event 30000
Event 40000
Event 50000
Event 60000
Event 70000
Event 80000
Event 90000
Event 100000
Event 110000
Event 120000
Event 130000
Event 140000
Event 150000
Event 160000
Event 170000
Event 180000
Event 190000
Event 200000
Event 210000
Event 220000
Event 230000
Event 240000
Total processed number of events: 245553
End processing...

The number of options is: 2
Option 0 = ./TopMass_analysis
Option 1 = WJetsToLNu/WJetsToLNu_95.list
Option 2 = WJetsToLNu/WJetsToLNu_95.txt
Input filelist = WJetsToLNu/WJetsToLNu_95.list
Output file name = WJetsToLNu/WJetsToLNu_95.txt


start merging file(s)
adding: dcap://cluster142.knu.ac.kr//pnfs/knu.ac.kr/data/cms/store/user/sha/Run2FULL/2016PreVFP/MC/WJetsToLNu_TuneCP5_13TeV-amcatnloFXFX-pythia8/crab_WJetsToLNu_TuneCP5_13TeV-amcatnloFXFX-pythia8/240205_165114//0000/SSBTree_948.root
adding: dcap://cluster142.knu.ac.kr//pnfs/knu.ac.kr/data/cms/store/user/sha/Run2FULL/2016PreVFP/MC/WJetsToLNu_TuneCP5_13TeV-amcatnloFXFX-pythia8/crab_WJetsToLNu_TuneCP5_13TeV-amcatnloFXFX-pythia8/240205_165114//0000/SSBTree_949.root
adding: dcap://cluster142.knu.ac.kr//pnfs/knu.ac.kr/data/cms/store/user/sha/Run2FULL/2016PreVFP/MC/WJetsToLNu_TuneCP5_13TeV-amcatnloFXFX-pythia8/crab_WJetsToLNu_TuneCP5_13TeV-amcatnloFXFX-pythia8/240205_165114//0000/SSBTree_94.root
adding: dcap://cluster142.knu.ac.kr//pnfs/knu.ac.kr/data/cms/store/user/sha/Run2FULL/2016PreVFP/MC/WJetsToLNu_TuneCP5_13TeV-amcatnloFXFX-pythia8/crab_WJetsToLNu_TuneCP5_13TeV-amcatnloFXFX-pythia8/240205_165114//0000/SSBTree_950.root
adding: dcap://cluster142.knu.ac.kr//pnfs/knu.ac.kr/data/cms/store/user/sha/Run2FULL/2016PreVFP/MC/WJetsToLNu_TuneCP5_13TeV-amcatnloFXFX-pythia8/crab_WJetsToLNu_TuneCP5_13TeV-amcatnloFXFX-pythia8/240205_165114//0000/SSBTree_951.root
adding: dcap://cluster142.knu.ac.kr//pnfs/knu.ac.kr/data/cms/store/user/sha/Run2FULL/2016PreVFP/MC/WJetsToLNu_TuneCP5_13TeV-amcatnloFXFX-pythia8/crab_WJetsToLNu_TuneCP5_13TeV-amcatnloFXFX-pythia8/240205_165114//0000/SSBTree_952.root
adding: dcap://cluster142.knu.ac.kr//pnfs/knu.ac.kr/data/cms/store/user/sha/Run2FULL/2016PreVFP/MC/WJetsToLNu_TuneCP5_13TeV-amcatnloFXFX-pythia8/crab_WJetsToLNu_TuneCP5_13TeV-amcatnloFXFX-pythia8/240205_165114//0000/SSBTree_953.root
adding: dcap://cluster142.knu.ac.kr//pnfs/knu.ac.kr/data/cms/store/user/sha/Run2FULL/2016PreVFP/MC/WJetsToLNu_TuneCP5_13TeV-amcatnloFXFX-pythia8/crab_WJetsToLNu_TuneCP5_13TeV-amcatnloFXFX-pythia8/240205_165114//0000/SSBTree_954.root
adding: dcap://cluster142.knu.ac.kr//pnfs/knu.ac.kr/data/cms/store/user/sha/Run2FULL/2016PreVFP/MC/WJetsToLNu_TuneCP5_13TeV-amcatnloFXFX-pythia8/crab_WJetsToLNu_TuneCP5_13TeV-amcatnloFXFX-pythia8/240205_165114//0000/SSBTree_955.root
adding: dcap://cluster142.knu.ac.kr//pnfs/knu.ac.kr/data/cms/store/user/sha/Run2FULL/2016PreVFP/MC/WJetsToLNu_TuneCP5_13TeV-amcatnloFXFX-pythia8/crab_WJetsToLNu_TuneCP5_13TeV-amcatnloFXFX-pythia8/240205_165114//0000/SSBTree_956.root
Total number of events after merging root files: 244891
Event 0
Event 10000
Event 20000
Event 30000
Event 40000
Event 50000
Event 60000
Event 70000
Event 80000
Event 90000
Event 100000
Event 110000
Event 120000
Event 130000
Event 140000
Event 150000
Event 160000
Event 170000
Event 180000
Event 190000
Event 200000
Event 210000
Event 220000
Event 230000
Event 240000
Total processed number of events: 244891
End processing...

The number of options is: 2
Option 0 = ./TopMass_analysis
Option 1 = WJetsToLNu/WJetsToLNu_107.list
Option 2 = WJetsToLNu/WJetsToLNu_107.txt
Input filelist = WJetsToLNu/WJetsToLNu_107.list
Output file name = WJetsToLNu/WJetsToLNu_107.txt


start merging file(s)
adding: dcap://cluster142.knu.ac.kr//pnfs/knu.ac.kr/data/cms/store/user/sha/Run2FULL/2016PreVFP/MC/WJetsToLNu_TuneCP5_13TeV-amcatnloFXFX-pythia8/crab_WJetsToLNu_TuneCP5_13TeV-amcatnloFXFX-pythia8/240205_165114//0001/SSBTree_1061.root
adding: dcap://cluster142.knu.ac.kr//pnfs/knu.ac.kr/data/cms/store/user/sha/Run2FULL/2016PreVFP/MC/WJetsToLNu_TuneCP5_13TeV-amcatnloFXFX-pythia8/crab_WJetsToLNu_TuneCP5_13TeV-amcatnloFXFX-pythia8/240205_165114//0001/SSBTree_1062.root
adding: dcap://cluster142.knu.ac.kr//pnfs/knu.ac.kr/data/cms/store/user/sha/Run2FULL/2016PreVFP/MC/WJetsToLNu_TuneCP5_13TeV-amcatnloFXFX-pythia8/crab_WJetsToLNu_TuneCP5_13TeV-amcatnloFXFX-pythia8/240205_165114//0001/SSBTree_1063.root
adding: dcap://cluster142.knu.ac.kr//pnfs/knu.ac.kr/data/cms/store/user/sha/Run2FULL/2016PreVFP/MC/WJetsToLNu_TuneCP5_13TeV-amcatnloFXFX-pythia8/crab_WJetsToLNu_TuneCP5_13TeV-amcatnloFXFX-pythia8/240205_165114//0001/SSBTree_1064.root
adding: dcap://cluster142.knu.ac.kr//pnfs/knu.ac.kr/data/cms/store/user/sha/Run2FULL/2016PreVFP/MC/WJetsToLNu_TuneCP5_13TeV-amcatnloFXFX-pythia8/crab_WJetsToLNu_TuneCP5_13TeV-amcatnloFXFX-pythia8/240205_165114//0001/SSBTree_1065.root
adding: dcap://cluster142.knu.ac.kr//pnfs/knu.ac.kr/data/cms/store/user/sha/Run2FULL/2016PreVFP/MC/WJetsToLNu_TuneCP5_13TeV-amcatnloFXFX-pythia8/crab_WJetsToLNu_TuneCP5_13TeV-amcatnloFXFX-pythia8/240205_165114//0001/SSBTree_1066.root
adding: dcap://cluster142.knu.ac.kr//pnfs/knu.ac.kr/data/cms/store/user/sha/Run2FULL/2016PreVFP/MC/WJetsToLNu_TuneCP5_13TeV-amcatnloFXFX-pythia8/crab_WJetsToLNu_TuneCP5_13TeV-amcatnloFXFX-pythia8/240205_165114//0001/SSBTree_1067.root
adding: dcap://cluster142.knu.ac.kr//pnfs/knu.ac.kr/data/cms/store/user/sha/Run2FULL/2016PreVFP/MC/WJetsToLNu_TuneCP5_13TeV-amcatnloFXFX-pythia8/crab_WJetsToLNu_TuneCP5_13TeV-amcatnloFXFX-pythia8/240205_165114//0001/SSBTree_1068.root
adding: dcap://cluster142.knu.ac.kr//pnfs/knu.ac.kr/data/cms/store/user/sha/Run2FULL/2016PreVFP/MC/WJetsToLNu_TuneCP5_13TeV-amcatnloFXFX-pythia8/crab_WJetsToLNu_TuneCP5_13TeV-amcatnloFXFX-pythia8/240205_165114//0001/SSBTree_1069.root
adding: dcap://cluster142.knu.ac.kr//pnfs/knu.ac.kr/data/cms/store/user/sha/Run2FULL/2016PreVFP/MC/WJetsToLNu_TuneCP5_13TeV-amcatnloFXFX-pythia8/crab_WJetsToLNu_TuneCP5_13TeV-amcatnloFXFX-pythia8/240205_165114//0001/SSBTree_1070.root
Total number of events after merging root files: 245729
Event 0
Event 10000
Event 20000
Event 30000
Event 40000
Event 50000
Event 60000
Event 70000
Event 80000
Event 90000
Event 100000
Event 110000
Event 120000
Event 130000
Event 140000
Event 150000
Event 160000
Event 170000
Event 180000
Event 190000
Event 200000
Event 210000
Event 220000
Event 230000
Event 240000
Total processed number of events: 245729
End processing...

The number of options is: 2
Option 0 = ./TopMass_analysis
Option 1 = WJetsToLNu/WJetsToLNu_119.list
Option 2 = WJetsToLNu/WJetsToLNu_119.txt
Input filelist = WJetsToLNu/WJetsToLNu_119.list
Output file name = WJetsToLNu/WJetsToLNu_119.txt


start merging file(s)
adding: dcap://cluster142.knu.ac.kr//pnfs/knu.ac.kr/data/cms/store/user/sha/Run2FULL/2016PreVFP/MC/WJetsToLNu_TuneCP5_13TeV-amcatnloFXFX-pythia8/crab_WJetsToLNu_TuneCP5_13TeV-amcatnloFXFX-pythia8/240205_165114//0001/SSBTree_1181.root
Total number of events after merging root files: 22526
Event 0
Event 10000
Event 20000
Total processed number of events: 22526
End processing...

