The number of options is: 2
Option 0 = ./TopMass_analysis
Option 1 = WJetsToLNu/WJetsToLNu_3.list
Option 2 = WJetsToLNu/WJetsToLNu_3.txt
Input filelist = WJetsToLNu/WJetsToLNu_3.list
Output file name = WJetsToLNu/WJetsToLNu_3.txt


start merging file(s)
adding: dcap://cluster142.knu.ac.kr//pnfs/knu.ac.kr/data/cms/store/user/sha/Run2FULL/2016PreVFP/MC/WJetsToLNu_TuneCP5_13TeV-amcatnloFXFX-pythia8/crab_WJetsToLNu_TuneCP5_13TeV-amcatnloFXFX-pythia8/240205_165114//0000/SSBTree_119.root
adding: dcap://cluster142.knu.ac.kr//pnfs/knu.ac.kr/data/cms/store/user/sha/Run2FULL/2016PreVFP/MC/WJetsToLNu_TuneCP5_13TeV-amcatnloFXFX-pythia8/crab_WJetsToLNu_TuneCP5_13TeV-amcatnloFXFX-pythia8/240205_165114//0000/SSBTree_11.root
adding: dcap://cluster142.knu.ac.kr//pnfs/knu.ac.kr/data/cms/store/user/sha/Run2FULL/2016PreVFP/MC/WJetsToLNu_TuneCP5_13TeV-amcatnloFXFX-pythia8/crab_WJetsToLNu_TuneCP5_13TeV-amcatnloFXFX-pythia8/240205_165114//0000/SSBTree_120.root
adding: dcap://cluster142.knu.ac.kr//pnfs/knu.ac.kr/data/cms/store/user/sha/Run2FULL/2016PreVFP/MC/WJetsToLNu_TuneCP5_13TeV-amcatnloFXFX-pythia8/crab_WJetsToLNu_TuneCP5_13TeV-amcatnloFXFX-pythia8/240205_165114//0000/SSBTree_121.root
adding: dcap://cluster142.knu.ac.kr//pnfs/knu.ac.kr/data/cms/store/user/sha/Run2FULL/2016PreVFP/MC/WJetsToLNu_TuneCP5_13TeV-amcatnloFXFX-pythia8/crab_WJetsToLNu_TuneCP5_13TeV-amcatnloFXFX-pythia8/240205_165114//0000/SSBTree_122.root
adding: dcap://cluster142.knu.ac.kr//pnfs/knu.ac.kr/data/cms/store/user/sha/Run2FULL/2016PreVFP/MC/WJetsToLNu_TuneCP5_13TeV-amcatnloFXFX-pythia8/crab_WJetsToLNu_TuneCP5_13TeV-amcatnloFXFX-pythia8/240205_165114//0000/SSBTree_123.root
adding: dcap://cluster142.knu.ac.kr//pnfs/knu.ac.kr/data/cms/store/user/sha/Run2FULL/2016PreVFP/MC/WJetsToLNu_TuneCP5_13TeV-amcatnloFXFX-pythia8/crab_WJetsToLNu_TuneCP5_13TeV-amcatnloFXFX-pythia8/240205_165114//0000/SSBTree_124.root
adding: dcap://cluster142.knu.ac.kr//pnfs/knu.ac.kr/data/cms/store/user/sha/Run2FULL/2016PreVFP/MC/WJetsToLNu_TuneCP5_13TeV-amcatnloFXFX-pythia8/crab_WJetsToLNu_TuneCP5_13TeV-amcatnloFXFX-pythia8/240205_165114//0000/SSBTree_125.root
adding: dcap://cluster142.knu.ac.kr//pnfs/knu.ac.kr/data/cms/store/user/sha/Run2FULL/2016PreVFP/MC/WJetsToLNu_TuneCP5_13TeV-amcatnloFXFX-pythia8/crab_WJetsToLNu_TuneCP5_13TeV-amcatnloFXFX-pythia8/240205_165114//0000/SSBTree_126.root
adding: dcap://cluster142.knu.ac.kr//pnfs/knu.ac.kr/data/cms/store/user/sha/Run2FULL/2016PreVFP/MC/WJetsToLNu_TuneCP5_13TeV-amcatnloFXFX-pythia8/crab_WJetsToLNu_TuneCP5_13TeV-amcatnloFXFX-pythia8/240205_165114//0000/SSBTree_127.root
Total number of events after merging root files: 245356
Event 0
Event 10000
Event 20000
Event 30000
Event 40000
Event 50000
Event 60000
Event 70000
Event 80000
Event 90000
Event 100000
Event 110000
Event 120000
Event 130000
Event 140000
Event 150000
Event 160000
Event 170000
Event 180000
Event 190000
Event 200000
Event 210000
Event 220000
Event 230000
Event 240000
Total processed number of events: 245356
End processing...

The number of options is: 2
Option 0 = ./TopMass_analysis
Option 1 = WJetsToLNu/WJetsToLNu_15.list
Option 2 = WJetsToLNu/WJetsToLNu_15.txt
Input filelist = WJetsToLNu/WJetsToLNu_15.list
Output file name = WJetsToLNu/WJetsToLNu_15.txt


start merging file(s)
adding: dcap://cluster142.knu.ac.kr//pnfs/knu.ac.kr/data/cms/store/user/sha/Run2FULL/2016PreVFP/MC/WJetsToLNu_TuneCP5_13TeV-amcatnloFXFX-pythia8/crab_WJetsToLNu_TuneCP5_13TeV-amcatnloFXFX-pythia8/240205_165114//0000/SSBTree_227.root
adding: dcap://cluster142.knu.ac.kr//pnfs/knu.ac.kr/data/cms/store/user/sha/Run2FULL/2016PreVFP/MC/WJetsToLNu_TuneCP5_13TeV-amcatnloFXFX-pythia8/crab_WJetsToLNu_TuneCP5_13TeV-amcatnloFXFX-pythia8/240205_165114//0000/SSBTree_228.root
adding: dcap://cluster142.knu.ac.kr//pnfs/knu.ac.kr/data/cms/store/user/sha/Run2FULL/2016PreVFP/MC/WJetsToLNu_TuneCP5_13TeV-amcatnloFXFX-pythia8/crab_WJetsToLNu_TuneCP5_13TeV-amcatnloFXFX-pythia8/240205_165114//0000/SSBTree_229.root
adding: dcap://cluster142.knu.ac.kr//pnfs/knu.ac.kr/data/cms/store/user/sha/Run2FULL/2016PreVFP/MC/WJetsToLNu_TuneCP5_13TeV-amcatnloFXFX-pythia8/crab_WJetsToLNu_TuneCP5_13TeV-amcatnloFXFX-pythia8/240205_165114//0000/SSBTree_22.root
adding: dcap://cluster142.knu.ac.kr//pnfs/knu.ac.kr/data/cms/store/user/sha/Run2FULL/2016PreVFP/MC/WJetsToLNu_TuneCP5_13TeV-amcatnloFXFX-pythia8/crab_WJetsToLNu_TuneCP5_13TeV-amcatnloFXFX-pythia8/240205_165114//0000/SSBTree_230.root
adding: dcap://cluster142.knu.ac.kr//pnfs/knu.ac.kr/data/cms/store/user/sha/Run2FULL/2016PreVFP/MC/WJetsToLNu_TuneCP5_13TeV-amcatnloFXFX-pythia8/crab_WJetsToLNu_TuneCP5_13TeV-amcatnloFXFX-pythia8/240205_165114//0000/SSBTree_231.root
adding: dcap://cluster142.knu.ac.kr//pnfs/knu.ac.kr/data/cms/store/user/sha/Run2FULL/2016PreVFP/MC/WJetsToLNu_TuneCP5_13TeV-amcatnloFXFX-pythia8/crab_WJetsToLNu_TuneCP5_13TeV-amcatnloFXFX-pythia8/240205_165114//0000/SSBTree_232.root
adding: dcap://cluster142.knu.ac.kr//pnfs/knu.ac.kr/data/cms/store/user/sha/Run2FULL/2016PreVFP/MC/WJetsToLNu_TuneCP5_13TeV-amcatnloFXFX-pythia8/crab_WJetsToLNu_TuneCP5_13TeV-amcatnloFXFX-pythia8/240205_165114//0000/SSBTree_233.root
adding: dcap://cluster142.knu.ac.kr//pnfs/knu.ac.kr/data/cms/store/user/sha/Run2FULL/2016PreVFP/MC/WJetsToLNu_TuneCP5_13TeV-amcatnloFXFX-pythia8/crab_WJetsToLNu_TuneCP5_13TeV-amcatnloFXFX-pythia8/240205_165114//0000/SSBTree_234.root
adding: dcap://cluster142.knu.ac.kr//pnfs/knu.ac.kr/data/cms/store/user/sha/Run2FULL/2016PreVFP/MC/WJetsToLNu_TuneCP5_13TeV-amcatnloFXFX-pythia8/crab_WJetsToLNu_TuneCP5_13TeV-amcatnloFXFX-pythia8/240205_165114//0000/SSBTree_235.root
Total number of events after merging root files: 245290
Event 0
Event 10000
Event 20000
Event 30000
Event 40000
Event 50000
Event 60000
Event 70000
Event 80000
Event 90000
Event 100000
Event 110000
Event 120000
Event 130000
Event 140000
Event 150000
Event 160000
Event 170000
Event 180000
Event 190000
Event 200000
Event 210000
Event 220000
Event 230000
Event 240000
Total processed number of events: 245290
End processing...

The number of options is: 2
Option 0 = ./TopMass_analysis
Option 1 = WJetsToLNu/WJetsToLNu_27.list
Option 2 = WJetsToLNu/WJetsToLNu_27.txt
Input filelist = WJetsToLNu/WJetsToLNu_27.list
Output file name = WJetsToLNu/WJetsToLNu_27.txt


start merging file(s)
adding: dcap://cluster142.knu.ac.kr//pnfs/knu.ac.kr/data/cms/store/user/sha/Run2FULL/2016PreVFP/MC/WJetsToLNu_TuneCP5_13TeV-amcatnloFXFX-pythia8/crab_WJetsToLNu_TuneCP5_13TeV-amcatnloFXFX-pythia8/240205_165114//0000/SSBTree_335.root
adding: dcap://cluster142.knu.ac.kr//pnfs/knu.ac.kr/data/cms/store/user/sha/Run2FULL/2016PreVFP/MC/WJetsToLNu_TuneCP5_13TeV-amcatnloFXFX-pythia8/crab_WJetsToLNu_TuneCP5_13TeV-amcatnloFXFX-pythia8/240205_165114//0000/SSBTree_336.root
adding: dcap://cluster142.knu.ac.kr//pnfs/knu.ac.kr/data/cms/store/user/sha/Run2FULL/2016PreVFP/MC/WJetsToLNu_TuneCP5_13TeV-amcatnloFXFX-pythia8/crab_WJetsToLNu_TuneCP5_13TeV-amcatnloFXFX-pythia8/240205_165114//0000/SSBTree_337.root
adding: dcap://cluster142.knu.ac.kr//pnfs/knu.ac.kr/data/cms/store/user/sha/Run2FULL/2016PreVFP/MC/WJetsToLNu_TuneCP5_13TeV-amcatnloFXFX-pythia8/crab_WJetsToLNu_TuneCP5_13TeV-amcatnloFXFX-pythia8/240205_165114//0000/SSBTree_338.root
adding: dcap://cluster142.knu.ac.kr//pnfs/knu.ac.kr/data/cms/store/user/sha/Run2FULL/2016PreVFP/MC/WJetsToLNu_TuneCP5_13TeV-amcatnloFXFX-pythia8/crab_WJetsToLNu_TuneCP5_13TeV-amcatnloFXFX-pythia8/240205_165114//0000/SSBTree_339.root
adding: dcap://cluster142.knu.ac.kr//pnfs/knu.ac.kr/data/cms/store/user/sha/Run2FULL/2016PreVFP/MC/WJetsToLNu_TuneCP5_13TeV-amcatnloFXFX-pythia8/crab_WJetsToLNu_TuneCP5_13TeV-amcatnloFXFX-pythia8/240205_165114//0000/SSBTree_33.root
adding: dcap://cluster142.knu.ac.kr//pnfs/knu.ac.kr/data/cms/store/user/sha/Run2FULL/2016PreVFP/MC/WJetsToLNu_TuneCP5_13TeV-amcatnloFXFX-pythia8/crab_WJetsToLNu_TuneCP5_13TeV-amcatnloFXFX-pythia8/240205_165114//0000/SSBTree_340.root
adding: dcap://cluster142.knu.ac.kr//pnfs/knu.ac.kr/data/cms/store/user/sha/Run2FULL/2016PreVFP/MC/WJetsToLNu_TuneCP5_13TeV-amcatnloFXFX-pythia8/crab_WJetsToLNu_TuneCP5_13TeV-amcatnloFXFX-pythia8/240205_165114//0000/SSBTree_341.root
adding: dcap://cluster142.knu.ac.kr//pnfs/knu.ac.kr/data/cms/store/user/sha/Run2FULL/2016PreVFP/MC/WJetsToLNu_TuneCP5_13TeV-amcatnloFXFX-pythia8/crab_WJetsToLNu_TuneCP5_13TeV-amcatnloFXFX-pythia8/240205_165114//0000/SSBTree_342.root
adding: dcap://cluster142.knu.ac.kr//pnfs/knu.ac.kr/data/cms/store/user/sha/Run2FULL/2016PreVFP/MC/WJetsToLNu_TuneCP5_13TeV-amcatnloFXFX-pythia8/crab_WJetsToLNu_TuneCP5_13TeV-amcatnloFXFX-pythia8/240205_165114//0000/SSBTree_343.root
Total number of events after merging root files: 245448
Event 0
Event 10000
Event 20000
Event 30000
Event 40000
Event 50000
Event 60000
Event 70000
Event 80000
Event 90000
Event 100000
Event 110000
Event 120000
Event 130000
Event 140000
Event 150000
Event 160000
Event 170000
Event 180000
Event 190000
Event 200000
Event 210000
Event 220000
Event 230000
Event 240000
Total processed number of events: 245448
End processing...

The number of options is: 2
Option 0 = ./TopMass_analysis
Option 1 = WJetsToLNu/WJetsToLNu_39.list
Option 2 = WJetsToLNu/WJetsToLNu_39.txt
Input filelist = WJetsToLNu/WJetsToLNu_39.list
Output file name = WJetsToLNu/WJetsToLNu_39.txt


start merging file(s)
adding: dcap://cluster142.knu.ac.kr//pnfs/knu.ac.kr/data/cms/store/user/sha/Run2FULL/2016PreVFP/MC/WJetsToLNu_TuneCP5_13TeV-amcatnloFXFX-pythia8/crab_WJetsToLNu_TuneCP5_13TeV-amcatnloFXFX-pythia8/240205_165114//0000/SSBTree_443.root
adding: dcap://cluster142.knu.ac.kr//pnfs/knu.ac.kr/data/cms/store/user/sha/Run2FULL/2016PreVFP/MC/WJetsToLNu_TuneCP5_13TeV-amcatnloFXFX-pythia8/crab_WJetsToLNu_TuneCP5_13TeV-amcatnloFXFX-pythia8/240205_165114//0000/SSBTree_444.root
adding: dcap://cluster142.knu.ac.kr//pnfs/knu.ac.kr/data/cms/store/user/sha/Run2FULL/2016PreVFP/MC/WJetsToLNu_TuneCP5_13TeV-amcatnloFXFX-pythia8/crab_WJetsToLNu_TuneCP5_13TeV-amcatnloFXFX-pythia8/240205_165114//0000/SSBTree_445.root
adding: dcap://cluster142.knu.ac.kr//pnfs/knu.ac.kr/data/cms/store/user/sha/Run2FULL/2016PreVFP/MC/WJetsToLNu_TuneCP5_13TeV-amcatnloFXFX-pythia8/crab_WJetsToLNu_TuneCP5_13TeV-amcatnloFXFX-pythia8/240205_165114//0000/SSBTree_446.root
adding: dcap://cluster142.knu.ac.kr//pnfs/knu.ac.kr/data/cms/store/user/sha/Run2FULL/2016PreVFP/MC/WJetsToLNu_TuneCP5_13TeV-amcatnloFXFX-pythia8/crab_WJetsToLNu_TuneCP5_13TeV-amcatnloFXFX-pythia8/240205_165114//0000/SSBTree_447.root
adding: dcap://cluster142.knu.ac.kr//pnfs/knu.ac.kr/data/cms/store/user/sha/Run2FULL/2016PreVFP/MC/WJetsToLNu_TuneCP5_13TeV-amcatnloFXFX-pythia8/crab_WJetsToLNu_TuneCP5_13TeV-amcatnloFXFX-pythia8/240205_165114//0000/SSBTree_448.root
adding: dcap://cluster142.knu.ac.kr//pnfs/knu.ac.kr/data/cms/store/user/sha/Run2FULL/2016PreVFP/MC/WJetsToLNu_TuneCP5_13TeV-amcatnloFXFX-pythia8/crab_WJetsToLNu_TuneCP5_13TeV-amcatnloFXFX-pythia8/240205_165114//0000/SSBTree_449.root
adding: dcap://cluster142.knu.ac.kr//pnfs/knu.ac.kr/data/cms/store/user/sha/Run2FULL/2016PreVFP/MC/WJetsToLNu_TuneCP5_13TeV-amcatnloFXFX-pythia8/crab_WJetsToLNu_TuneCP5_13TeV-amcatnloFXFX-pythia8/240205_165114//0000/SSBTree_44.root
adding: dcap://cluster142.knu.ac.kr//pnfs/knu.ac.kr/data/cms/store/user/sha/Run2FULL/2016PreVFP/MC/WJetsToLNu_TuneCP5_13TeV-amcatnloFXFX-pythia8/crab_WJetsToLNu_TuneCP5_13TeV-amcatnloFXFX-pythia8/240205_165114//0000/SSBTree_450.root
adding: dcap://cluster142.knu.ac.kr//pnfs/knu.ac.kr/data/cms/store/user/sha/Run2FULL/2016PreVFP/MC/WJetsToLNu_TuneCP5_13TeV-amcatnloFXFX-pythia8/crab_WJetsToLNu_TuneCP5_13TeV-amcatnloFXFX-pythia8/240205_165114//0000/SSBTree_451.root
Total number of events after merging root files: 239276
Event 0
Event 10000
Event 20000
Event 30000
Event 40000
Event 50000
Event 60000
Event 70000
Event 80000
Event 90000
Event 100000
Event 110000
Event 120000
Event 130000
Event 140000
Event 150000
Event 160000
Event 170000
Event 180000
Event 190000
Event 200000
Event 210000
Event 220000
Event 230000
Total processed number of events: 239276
End processing...

The number of options is: 2
Option 0 = ./TopMass_analysis
Option 1 = WJetsToLNu/WJetsToLNu_51.list
Option 2 = WJetsToLNu/WJetsToLNu_51.txt
Input filelist = WJetsToLNu/WJetsToLNu_51.list
Output file name = WJetsToLNu/WJetsToLNu_51.txt


start merging file(s)
adding: dcap://cluster142.knu.ac.kr//pnfs/knu.ac.kr/data/cms/store/user/sha/Run2FULL/2016PreVFP/MC/WJetsToLNu_TuneCP5_13TeV-amcatnloFXFX-pythia8/crab_WJetsToLNu_TuneCP5_13TeV-amcatnloFXFX-pythia8/240205_165114//0000/SSBTree_551.root
adding: dcap://cluster142.knu.ac.kr//pnfs/knu.ac.kr/data/cms/store/user/sha/Run2FULL/2016PreVFP/MC/WJetsToLNu_TuneCP5_13TeV-amcatnloFXFX-pythia8/crab_WJetsToLNu_TuneCP5_13TeV-amcatnloFXFX-pythia8/240205_165114//0000/SSBTree_552.root
adding: dcap://cluster142.knu.ac.kr//pnfs/knu.ac.kr/data/cms/store/user/sha/Run2FULL/2016PreVFP/MC/WJetsToLNu_TuneCP5_13TeV-amcatnloFXFX-pythia8/crab_WJetsToLNu_TuneCP5_13TeV-amcatnloFXFX-pythia8/240205_165114//0000/SSBTree_553.root
adding: dcap://cluster142.knu.ac.kr//pnfs/knu.ac.kr/data/cms/store/user/sha/Run2FULL/2016PreVFP/MC/WJetsToLNu_TuneCP5_13TeV-amcatnloFXFX-pythia8/crab_WJetsToLNu_TuneCP5_13TeV-amcatnloFXFX-pythia8/240205_165114//0000/SSBTree_554.root
adding: dcap://cluster142.knu.ac.kr//pnfs/knu.ac.kr/data/cms/store/user/sha/Run2FULL/2016PreVFP/MC/WJetsToLNu_TuneCP5_13TeV-amcatnloFXFX-pythia8/crab_WJetsToLNu_TuneCP5_13TeV-amcatnloFXFX-pythia8/240205_165114//0000/SSBTree_555.root
adding: dcap://cluster142.knu.ac.kr//pnfs/knu.ac.kr/data/cms/store/user/sha/Run2FULL/2016PreVFP/MC/WJetsToLNu_TuneCP5_13TeV-amcatnloFXFX-pythia8/crab_WJetsToLNu_TuneCP5_13TeV-amcatnloFXFX-pythia8/240205_165114//0000/SSBTree_556.root
adding: dcap://cluster142.knu.ac.kr//pnfs/knu.ac.kr/data/cms/store/user/sha/Run2FULL/2016PreVFP/MC/WJetsToLNu_TuneCP5_13TeV-amcatnloFXFX-pythia8/crab_WJetsToLNu_TuneCP5_13TeV-amcatnloFXFX-pythia8/240205_165114//0000/SSBTree_557.root
adding: dcap://cluster142.knu.ac.kr//pnfs/knu.ac.kr/data/cms/store/user/sha/Run2FULL/2016PreVFP/MC/WJetsToLNu_TuneCP5_13TeV-amcatnloFXFX-pythia8/crab_WJetsToLNu_TuneCP5_13TeV-amcatnloFXFX-pythia8/240205_165114//0000/SSBTree_558.root
adding: dcap://cluster142.knu.ac.kr//pnfs/knu.ac.kr/data/cms/store/user/sha/Run2FULL/2016PreVFP/MC/WJetsToLNu_TuneCP5_13TeV-amcatnloFXFX-pythia8/crab_WJetsToLNu_TuneCP5_13TeV-amcatnloFXFX-pythia8/240205_165114//0000/SSBTree_559.root
adding: dcap://cluster142.knu.ac.kr//pnfs/knu.ac.kr/data/cms/store/user/sha/Run2FULL/2016PreVFP/MC/WJetsToLNu_TuneCP5_13TeV-amcatnloFXFX-pythia8/crab_WJetsToLNu_TuneCP5_13TeV-amcatnloFXFX-pythia8/240205_165114//0000/SSBTree_55.root
Total number of events after merging root files: 244880
Event 0
Event 10000
Event 20000
Event 30000
Event 40000
Event 50000
Event 60000
Event 70000
Event 80000
Event 90000
Event 100000
Event 110000
Event 120000
Event 130000
Event 140000
Event 150000
Event 160000
Event 170000
Event 180000
Event 190000
Event 200000
Event 210000
Event 220000
Event 230000
Event 240000
Total processed number of events: 244880
End processing...

The number of options is: 2
Option 0 = ./TopMass_analysis
Option 1 = WJetsToLNu/WJetsToLNu_63.list
Option 2 = WJetsToLNu/WJetsToLNu_63.txt
Input filelist = WJetsToLNu/WJetsToLNu_63.list
Output file name = WJetsToLNu/WJetsToLNu_63.txt


start merging file(s)
adding: dcap://cluster142.knu.ac.kr//pnfs/knu.ac.kr/data/cms/store/user/sha/Run2FULL/2016PreVFP/MC/WJetsToLNu_TuneCP5_13TeV-amcatnloFXFX-pythia8/crab_WJetsToLNu_TuneCP5_13TeV-amcatnloFXFX-pythia8/240205_165114//0000/SSBTree_65.root
adding: dcap://cluster142.knu.ac.kr//pnfs/knu.ac.kr/data/cms/store/user/sha/Run2FULL/2016PreVFP/MC/WJetsToLNu_TuneCP5_13TeV-amcatnloFXFX-pythia8/crab_WJetsToLNu_TuneCP5_13TeV-amcatnloFXFX-pythia8/240205_165114//0000/SSBTree_660.root
adding: dcap://cluster142.knu.ac.kr//pnfs/knu.ac.kr/data/cms/store/user/sha/Run2FULL/2016PreVFP/MC/WJetsToLNu_TuneCP5_13TeV-amcatnloFXFX-pythia8/crab_WJetsToLNu_TuneCP5_13TeV-amcatnloFXFX-pythia8/240205_165114//0000/SSBTree_661.root
adding: dcap://cluster142.knu.ac.kr//pnfs/knu.ac.kr/data/cms/store/user/sha/Run2FULL/2016PreVFP/MC/WJetsToLNu_TuneCP5_13TeV-amcatnloFXFX-pythia8/crab_WJetsToLNu_TuneCP5_13TeV-amcatnloFXFX-pythia8/240205_165114//0000/SSBTree_662.root
adding: dcap://cluster142.knu.ac.kr//pnfs/knu.ac.kr/data/cms/store/user/sha/Run2FULL/2016PreVFP/MC/WJetsToLNu_TuneCP5_13TeV-amcatnloFXFX-pythia8/crab_WJetsToLNu_TuneCP5_13TeV-amcatnloFXFX-pythia8/240205_165114//0000/SSBTree_663.root
adding: dcap://cluster142.knu.ac.kr//pnfs/knu.ac.kr/data/cms/store/user/sha/Run2FULL/2016PreVFP/MC/WJetsToLNu_TuneCP5_13TeV-amcatnloFXFX-pythia8/crab_WJetsToLNu_TuneCP5_13TeV-amcatnloFXFX-pythia8/240205_165114//0000/SSBTree_664.root
adding: dcap://cluster142.knu.ac.kr//pnfs/knu.ac.kr/data/cms/store/user/sha/Run2FULL/2016PreVFP/MC/WJetsToLNu_TuneCP5_13TeV-amcatnloFXFX-pythia8/crab_WJetsToLNu_TuneCP5_13TeV-amcatnloFXFX-pythia8/240205_165114//0000/SSBTree_665.root
adding: dcap://cluster142.knu.ac.kr//pnfs/knu.ac.kr/data/cms/store/user/sha/Run2FULL/2016PreVFP/MC/WJetsToLNu_TuneCP5_13TeV-amcatnloFXFX-pythia8/crab_WJetsToLNu_TuneCP5_13TeV-amcatnloFXFX-pythia8/240205_165114//0000/SSBTree_666.root
adding: dcap://cluster142.knu.ac.kr//pnfs/knu.ac.kr/data/cms/store/user/sha/Run2FULL/2016PreVFP/MC/WJetsToLNu_TuneCP5_13TeV-amcatnloFXFX-pythia8/crab_WJetsToLNu_TuneCP5_13TeV-amcatnloFXFX-pythia8/240205_165114//0000/SSBTree_667.root
adding: dcap://cluster142.knu.ac.kr//pnfs/knu.ac.kr/data/cms/store/user/sha/Run2FULL/2016PreVFP/MC/WJetsToLNu_TuneCP5_13TeV-amcatnloFXFX-pythia8/crab_WJetsToLNu_TuneCP5_13TeV-amcatnloFXFX-pythia8/240205_165114//0000/SSBTree_668.root
Total number of events after merging root files: 244733
Event 0
Event 10000
Event 20000
Event 30000
Event 40000
Event 50000
Event 60000
Event 70000
Event 80000
Event 90000
Event 100000
Event 110000
Event 120000
Event 130000
Event 140000
Event 150000
Event 160000
Event 170000
Event 180000
Event 190000
Event 200000
Event 210000
Event 220000
Event 230000
Event 240000
Total processed number of events: 244733
End processing...

The number of options is: 2
Option 0 = ./TopMass_analysis
Option 1 = WJetsToLNu/WJetsToLNu_75.list
Option 2 = WJetsToLNu/WJetsToLNu_75.txt
Input filelist = WJetsToLNu/WJetsToLNu_75.list
Output file name = WJetsToLNu/WJetsToLNu_75.txt


start merging file(s)
adding: dcap://cluster142.knu.ac.kr//pnfs/knu.ac.kr/data/cms/store/user/sha/Run2FULL/2016PreVFP/MC/WJetsToLNu_TuneCP5_13TeV-amcatnloFXFX-pythia8/crab_WJetsToLNu_TuneCP5_13TeV-amcatnloFXFX-pythia8/240205_165114//0000/SSBTree_768.root
adding: dcap://cluster142.knu.ac.kr//pnfs/knu.ac.kr/data/cms/store/user/sha/Run2FULL/2016PreVFP/MC/WJetsToLNu_TuneCP5_13TeV-amcatnloFXFX-pythia8/crab_WJetsToLNu_TuneCP5_13TeV-amcatnloFXFX-pythia8/240205_165114//0000/SSBTree_769.root
adding: dcap://cluster142.knu.ac.kr//pnfs/knu.ac.kr/data/cms/store/user/sha/Run2FULL/2016PreVFP/MC/WJetsToLNu_TuneCP5_13TeV-amcatnloFXFX-pythia8/crab_WJetsToLNu_TuneCP5_13TeV-amcatnloFXFX-pythia8/240205_165114//0000/SSBTree_76.root
adding: dcap://cluster142.knu.ac.kr//pnfs/knu.ac.kr/data/cms/store/user/sha/Run2FULL/2016PreVFP/MC/WJetsToLNu_TuneCP5_13TeV-amcatnloFXFX-pythia8/crab_WJetsToLNu_TuneCP5_13TeV-amcatnloFXFX-pythia8/240205_165114//0000/SSBTree_770.root
adding: dcap://cluster142.knu.ac.kr//pnfs/knu.ac.kr/data/cms/store/user/sha/Run2FULL/2016PreVFP/MC/WJetsToLNu_TuneCP5_13TeV-amcatnloFXFX-pythia8/crab_WJetsToLNu_TuneCP5_13TeV-amcatnloFXFX-pythia8/240205_165114//0000/SSBTree_771.root
adding: dcap://cluster142.knu.ac.kr//pnfs/knu.ac.kr/data/cms/store/user/sha/Run2FULL/2016PreVFP/MC/WJetsToLNu_TuneCP5_13TeV-amcatnloFXFX-pythia8/crab_WJetsToLNu_TuneCP5_13TeV-amcatnloFXFX-pythia8/240205_165114//0000/SSBTree_772.root
adding: dcap://cluster142.knu.ac.kr//pnfs/knu.ac.kr/data/cms/store/user/sha/Run2FULL/2016PreVFP/MC/WJetsToLNu_TuneCP5_13TeV-amcatnloFXFX-pythia8/crab_WJetsToLNu_TuneCP5_13TeV-amcatnloFXFX-pythia8/240205_165114//0000/SSBTree_773.root
adding: dcap://cluster142.knu.ac.kr//pnfs/knu.ac.kr/data/cms/store/user/sha/Run2FULL/2016PreVFP/MC/WJetsToLNu_TuneCP5_13TeV-amcatnloFXFX-pythia8/crab_WJetsToLNu_TuneCP5_13TeV-amcatnloFXFX-pythia8/240205_165114//0000/SSBTree_774.root
adding: dcap://cluster142.knu.ac.kr//pnfs/knu.ac.kr/data/cms/store/user/sha/Run2FULL/2016PreVFP/MC/WJetsToLNu_TuneCP5_13TeV-amcatnloFXFX-pythia8/crab_WJetsToLNu_TuneCP5_13TeV-amcatnloFXFX-pythia8/240205_165114//0000/SSBTree_775.root
adding: dcap://cluster142.knu.ac.kr//pnfs/knu.ac.kr/data/cms/store/user/sha/Run2FULL/2016PreVFP/MC/WJetsToLNu_TuneCP5_13TeV-amcatnloFXFX-pythia8/crab_WJetsToLNu_TuneCP5_13TeV-amcatnloFXFX-pythia8/240205_165114//0000/SSBTree_776.root
Total number of events after merging root files: 245544
Event 0
Event 10000
Event 20000
Event 30000
Event 40000
Event 50000
Event 60000
Event 70000
Event 80000
Event 90000
Event 100000
Event 110000
Event 120000
Event 130000
Event 140000
Event 150000
Event 160000
Event 170000
Event 180000
Event 190000
Event 200000
Event 210000
Event 220000
Event 230000
Event 240000
Total processed number of events: 245544
End processing...

The number of options is: 2
Option 0 = ./TopMass_analysis
Option 1 = WJetsToLNu/WJetsToLNu_87.list
Option 2 = WJetsToLNu/WJetsToLNu_87.txt
Input filelist = WJetsToLNu/WJetsToLNu_87.list
Output file name = WJetsToLNu/WJetsToLNu_87.txt


start merging file(s)
adding: dcap://cluster142.knu.ac.kr//pnfs/knu.ac.kr/data/cms/store/user/sha/Run2FULL/2016PreVFP/MC/WJetsToLNu_TuneCP5_13TeV-amcatnloFXFX-pythia8/crab_WJetsToLNu_TuneCP5_13TeV-amcatnloFXFX-pythia8/240205_165114//0000/SSBTree_876.root
adding: dcap://cluster142.knu.ac.kr//pnfs/knu.ac.kr/data/cms/store/user/sha/Run2FULL/2016PreVFP/MC/WJetsToLNu_TuneCP5_13TeV-amcatnloFXFX-pythia8/crab_WJetsToLNu_TuneCP5_13TeV-amcatnloFXFX-pythia8/240205_165114//0000/SSBTree_877.root
adding: dcap://cluster142.knu.ac.kr//pnfs/knu.ac.kr/data/cms/store/user/sha/Run2FULL/2016PreVFP/MC/WJetsToLNu_TuneCP5_13TeV-amcatnloFXFX-pythia8/crab_WJetsToLNu_TuneCP5_13TeV-amcatnloFXFX-pythia8/240205_165114//0000/SSBTree_878.root
adding: dcap://cluster142.knu.ac.kr//pnfs/knu.ac.kr/data/cms/store/user/sha/Run2FULL/2016PreVFP/MC/WJetsToLNu_TuneCP5_13TeV-amcatnloFXFX-pythia8/crab_WJetsToLNu_TuneCP5_13TeV-amcatnloFXFX-pythia8/240205_165114//0000/SSBTree_879.root
adding: dcap://cluster142.knu.ac.kr//pnfs/knu.ac.kr/data/cms/store/user/sha/Run2FULL/2016PreVFP/MC/WJetsToLNu_TuneCP5_13TeV-amcatnloFXFX-pythia8/crab_WJetsToLNu_TuneCP5_13TeV-amcatnloFXFX-pythia8/240205_165114//0000/SSBTree_87.root
adding: dcap://cluster142.knu.ac.kr//pnfs/knu.ac.kr/data/cms/store/user/sha/Run2FULL/2016PreVFP/MC/WJetsToLNu_TuneCP5_13TeV-amcatnloFXFX-pythia8/crab_WJetsToLNu_TuneCP5_13TeV-amcatnloFXFX-pythia8/240205_165114//0000/SSBTree_880.root
adding: dcap://cluster142.knu.ac.kr//pnfs/knu.ac.kr/data/cms/store/user/sha/Run2FULL/2016PreVFP/MC/WJetsToLNu_TuneCP5_13TeV-amcatnloFXFX-pythia8/crab_WJetsToLNu_TuneCP5_13TeV-amcatnloFXFX-pythia8/240205_165114//0000/SSBTree_881.root
adding: dcap://cluster142.knu.ac.kr//pnfs/knu.ac.kr/data/cms/store/user/sha/Run2FULL/2016PreVFP/MC/WJetsToLNu_TuneCP5_13TeV-amcatnloFXFX-pythia8/crab_WJetsToLNu_TuneCP5_13TeV-amcatnloFXFX-pythia8/240205_165114//0000/SSBTree_882.root
adding: dcap://cluster142.knu.ac.kr//pnfs/knu.ac.kr/data/cms/store/user/sha/Run2FULL/2016PreVFP/MC/WJetsToLNu_TuneCP5_13TeV-amcatnloFXFX-pythia8/crab_WJetsToLNu_TuneCP5_13TeV-amcatnloFXFX-pythia8/240205_165114//0000/SSBTree_883.root
adding: dcap://cluster142.knu.ac.kr//pnfs/knu.ac.kr/data/cms/store/user/sha/Run2FULL/2016PreVFP/MC/WJetsToLNu_TuneCP5_13TeV-amcatnloFXFX-pythia8/crab_WJetsToLNu_TuneCP5_13TeV-amcatnloFXFX-pythia8/240205_165114//0000/SSBTree_884.root
Total number of events after merging root files: 245308
Event 0
Event 10000
Event 20000
Event 30000
Event 40000
Event 50000
Event 60000
Event 70000
Event 80000
Event 90000
Event 100000
Event 110000
Event 120000
Event 130000
Event 140000
Event 150000
Event 160000
Event 170000
Event 180000
Event 190000
Event 200000
Event 210000
Event 220000
Event 230000
Event 240000
Total processed number of events: 245308
End processing...

The number of options is: 2
Option 0 = ./TopMass_analysis
Option 1 = WJetsToLNu/WJetsToLNu_99.list
Option 2 = WJetsToLNu/WJetsToLNu_99.txt
Input filelist = WJetsToLNu/WJetsToLNu_99.list
Output file name = WJetsToLNu/WJetsToLNu_99.txt


start merging file(s)
adding: dcap://cluster142.knu.ac.kr//pnfs/knu.ac.kr/data/cms/store/user/sha/Run2FULL/2016PreVFP/MC/WJetsToLNu_TuneCP5_13TeV-amcatnloFXFX-pythia8/crab_WJetsToLNu_TuneCP5_13TeV-amcatnloFXFX-pythia8/240205_165114//0000/SSBTree_984.root
adding: dcap://cluster142.knu.ac.kr//pnfs/knu.ac.kr/data/cms/store/user/sha/Run2FULL/2016PreVFP/MC/WJetsToLNu_TuneCP5_13TeV-amcatnloFXFX-pythia8/crab_WJetsToLNu_TuneCP5_13TeV-amcatnloFXFX-pythia8/240205_165114//0000/SSBTree_985.root
adding: dcap://cluster142.knu.ac.kr//pnfs/knu.ac.kr/data/cms/store/user/sha/Run2FULL/2016PreVFP/MC/WJetsToLNu_TuneCP5_13TeV-amcatnloFXFX-pythia8/crab_WJetsToLNu_TuneCP5_13TeV-amcatnloFXFX-pythia8/240205_165114//0000/SSBTree_986.root
adding: dcap://cluster142.knu.ac.kr//pnfs/knu.ac.kr/data/cms/store/user/sha/Run2FULL/2016PreVFP/MC/WJetsToLNu_TuneCP5_13TeV-amcatnloFXFX-pythia8/crab_WJetsToLNu_TuneCP5_13TeV-amcatnloFXFX-pythia8/240205_165114//0000/SSBTree_987.root
adding: dcap://cluster142.knu.ac.kr//pnfs/knu.ac.kr/data/cms/store/user/sha/Run2FULL/2016PreVFP/MC/WJetsToLNu_TuneCP5_13TeV-amcatnloFXFX-pythia8/crab_WJetsToLNu_TuneCP5_13TeV-amcatnloFXFX-pythia8/240205_165114//0000/SSBTree_988.root
adding: dcap://cluster142.knu.ac.kr//pnfs/knu.ac.kr/data/cms/store/user/sha/Run2FULL/2016PreVFP/MC/WJetsToLNu_TuneCP5_13TeV-amcatnloFXFX-pythia8/crab_WJetsToLNu_TuneCP5_13TeV-amcatnloFXFX-pythia8/240205_165114//0000/SSBTree_989.root
adding: dcap://cluster142.knu.ac.kr//pnfs/knu.ac.kr/data/cms/store/user/sha/Run2FULL/2016PreVFP/MC/WJetsToLNu_TuneCP5_13TeV-amcatnloFXFX-pythia8/crab_WJetsToLNu_TuneCP5_13TeV-amcatnloFXFX-pythia8/240205_165114//0000/SSBTree_98.root
adding: dcap://cluster142.knu.ac.kr//pnfs/knu.ac.kr/data/cms/store/user/sha/Run2FULL/2016PreVFP/MC/WJetsToLNu_TuneCP5_13TeV-amcatnloFXFX-pythia8/crab_WJetsToLNu_TuneCP5_13TeV-amcatnloFXFX-pythia8/240205_165114//0000/SSBTree_990.root
adding: dcap://cluster142.knu.ac.kr//pnfs/knu.ac.kr/data/cms/store/user/sha/Run2FULL/2016PreVFP/MC/WJetsToLNu_TuneCP5_13TeV-amcatnloFXFX-pythia8/crab_WJetsToLNu_TuneCP5_13TeV-amcatnloFXFX-pythia8/240205_165114//0000/SSBTree_991.root
adding: dcap://cluster142.knu.ac.kr//pnfs/knu.ac.kr/data/cms/store/user/sha/Run2FULL/2016PreVFP/MC/WJetsToLNu_TuneCP5_13TeV-amcatnloFXFX-pythia8/crab_WJetsToLNu_TuneCP5_13TeV-amcatnloFXFX-pythia8/240205_165114//0000/SSBTree_992.root
Total number of events after merging root files: 245431
Event 0
Event 10000
Event 20000
Event 30000
Event 40000
Event 50000
Event 60000
Event 70000
Event 80000
Event 90000
Event 100000
Event 110000
Event 120000
Event 130000
Event 140000
Event 150000
Event 160000
Event 170000
Event 180000
Event 190000
Event 200000
Event 210000
Event 220000
Event 230000
Event 240000
Total processed number of events: 245431
End processing...

The number of options is: 2
Option 0 = ./TopMass_analysis
Option 1 = WJetsToLNu/WJetsToLNu_111.list
Option 2 = WJetsToLNu/WJetsToLNu_111.txt
Input filelist = WJetsToLNu/WJetsToLNu_111.list
Output file name = WJetsToLNu/WJetsToLNu_111.txt


start merging file(s)
adding: dcap://cluster142.knu.ac.kr//pnfs/knu.ac.kr/data/cms/store/user/sha/Run2FULL/2016PreVFP/MC/WJetsToLNu_TuneCP5_13TeV-amcatnloFXFX-pythia8/crab_WJetsToLNu_TuneCP5_13TeV-amcatnloFXFX-pythia8/240205_165114//0001/SSBTree_1101.root
adding: dcap://cluster142.knu.ac.kr//pnfs/knu.ac.kr/data/cms/store/user/sha/Run2FULL/2016PreVFP/MC/WJetsToLNu_TuneCP5_13TeV-amcatnloFXFX-pythia8/crab_WJetsToLNu_TuneCP5_13TeV-amcatnloFXFX-pythia8/240205_165114//0001/SSBTree_1102.root
adding: dcap://cluster142.knu.ac.kr//pnfs/knu.ac.kr/data/cms/store/user/sha/Run2FULL/2016PreVFP/MC/WJetsToLNu_TuneCP5_13TeV-amcatnloFXFX-pythia8/crab_WJetsToLNu_TuneCP5_13TeV-amcatnloFXFX-pythia8/240205_165114//0001/SSBTree_1103.root
adding: dcap://cluster142.knu.ac.kr//pnfs/knu.ac.kr/data/cms/store/user/sha/Run2FULL/2016PreVFP/MC/WJetsToLNu_TuneCP5_13TeV-amcatnloFXFX-pythia8/crab_WJetsToLNu_TuneCP5_13TeV-amcatnloFXFX-pythia8/240205_165114//0001/SSBTree_1104.root
adding: dcap://cluster142.knu.ac.kr//pnfs/knu.ac.kr/data/cms/store/user/sha/Run2FULL/2016PreVFP/MC/WJetsToLNu_TuneCP5_13TeV-amcatnloFXFX-pythia8/crab_WJetsToLNu_TuneCP5_13TeV-amcatnloFXFX-pythia8/240205_165114//0001/SSBTree_1105.root
adding: dcap://cluster142.knu.ac.kr//pnfs/knu.ac.kr/data/cms/store/user/sha/Run2FULL/2016PreVFP/MC/WJetsToLNu_TuneCP5_13TeV-amcatnloFXFX-pythia8/crab_WJetsToLNu_TuneCP5_13TeV-amcatnloFXFX-pythia8/240205_165114//0001/SSBTree_1106.root
adding: dcap://cluster142.knu.ac.kr//pnfs/knu.ac.kr/data/cms/store/user/sha/Run2FULL/2016PreVFP/MC/WJetsToLNu_TuneCP5_13TeV-amcatnloFXFX-pythia8/crab_WJetsToLNu_TuneCP5_13TeV-amcatnloFXFX-pythia8/240205_165114//0001/SSBTree_1107.root
adding: dcap://cluster142.knu.ac.kr//pnfs/knu.ac.kr/data/cms/store/user/sha/Run2FULL/2016PreVFP/MC/WJetsToLNu_TuneCP5_13TeV-amcatnloFXFX-pythia8/crab_WJetsToLNu_TuneCP5_13TeV-amcatnloFXFX-pythia8/240205_165114//0001/SSBTree_1108.root
adding: dcap://cluster142.knu.ac.kr//pnfs/knu.ac.kr/data/cms/store/user/sha/Run2FULL/2016PreVFP/MC/WJetsToLNu_TuneCP5_13TeV-amcatnloFXFX-pythia8/crab_WJetsToLNu_TuneCP5_13TeV-amcatnloFXFX-pythia8/240205_165114//0001/SSBTree_1109.root
adding: dcap://cluster142.knu.ac.kr//pnfs/knu.ac.kr/data/cms/store/user/sha/Run2FULL/2016PreVFP/MC/WJetsToLNu_TuneCP5_13TeV-amcatnloFXFX-pythia8/crab_WJetsToLNu_TuneCP5_13TeV-amcatnloFXFX-pythia8/240205_165114//0001/SSBTree_1110.root
Total number of events after merging root files: 245226
Event 0
Event 10000
Event 20000
Event 30000
Event 40000
Event 50000
Event 60000
Event 70000
Event 80000
Event 90000
Event 100000
Event 110000
Event 120000
Event 130000
Event 140000
Event 150000
Event 160000
Event 170000
Event 180000
Event 190000
Event 200000
Event 210000
Event 220000
Event 230000
Event 240000
Total processed number of events: 245226
End processing...

