The number of options is: 2
Option 0 = ./TopMass_analysis
Option 1 = WJetsToLNu/WJetsToLNu_4.list
Option 2 = WJetsToLNu/WJetsToLNu_4.txt
Input filelist = WJetsToLNu/WJetsToLNu_4.list
Output file name = WJetsToLNu/WJetsToLNu_4.txt


start merging file(s)
adding: dcap://cluster142.knu.ac.kr//pnfs/knu.ac.kr/data/cms/store/user/sha/Run2FULL/2016PreVFP/MC/WJetsToLNu_TuneCP5_13TeV-amcatnloFXFX-pythia8/crab_WJetsToLNu_TuneCP5_13TeV-amcatnloFXFX-pythia8/240205_165114//0000/SSBTree_128.root
adding: dcap://cluster142.knu.ac.kr//pnfs/knu.ac.kr/data/cms/store/user/sha/Run2FULL/2016PreVFP/MC/WJetsToLNu_TuneCP5_13TeV-amcatnloFXFX-pythia8/crab_WJetsToLNu_TuneCP5_13TeV-amcatnloFXFX-pythia8/240205_165114//0000/SSBTree_129.root
adding: dcap://cluster142.knu.ac.kr//pnfs/knu.ac.kr/data/cms/store/user/sha/Run2FULL/2016PreVFP/MC/WJetsToLNu_TuneCP5_13TeV-amcatnloFXFX-pythia8/crab_WJetsToLNu_TuneCP5_13TeV-amcatnloFXFX-pythia8/240205_165114//0000/SSBTree_12.root
adding: dcap://cluster142.knu.ac.kr//pnfs/knu.ac.kr/data/cms/store/user/sha/Run2FULL/2016PreVFP/MC/WJetsToLNu_TuneCP5_13TeV-amcatnloFXFX-pythia8/crab_WJetsToLNu_TuneCP5_13TeV-amcatnloFXFX-pythia8/240205_165114//0000/SSBTree_130.root
adding: dcap://cluster142.knu.ac.kr//pnfs/knu.ac.kr/data/cms/store/user/sha/Run2FULL/2016PreVFP/MC/WJetsToLNu_TuneCP5_13TeV-amcatnloFXFX-pythia8/crab_WJetsToLNu_TuneCP5_13TeV-amcatnloFXFX-pythia8/240205_165114//0000/SSBTree_131.root
adding: dcap://cluster142.knu.ac.kr//pnfs/knu.ac.kr/data/cms/store/user/sha/Run2FULL/2016PreVFP/MC/WJetsToLNu_TuneCP5_13TeV-amcatnloFXFX-pythia8/crab_WJetsToLNu_TuneCP5_13TeV-amcatnloFXFX-pythia8/240205_165114//0000/SSBTree_132.root
adding: dcap://cluster142.knu.ac.kr//pnfs/knu.ac.kr/data/cms/store/user/sha/Run2FULL/2016PreVFP/MC/WJetsToLNu_TuneCP5_13TeV-amcatnloFXFX-pythia8/crab_WJetsToLNu_TuneCP5_13TeV-amcatnloFXFX-pythia8/240205_165114//0000/SSBTree_133.root
adding: dcap://cluster142.knu.ac.kr//pnfs/knu.ac.kr/data/cms/store/user/sha/Run2FULL/2016PreVFP/MC/WJetsToLNu_TuneCP5_13TeV-amcatnloFXFX-pythia8/crab_WJetsToLNu_TuneCP5_13TeV-amcatnloFXFX-pythia8/240205_165114//0000/SSBTree_134.root
adding: dcap://cluster142.knu.ac.kr//pnfs/knu.ac.kr/data/cms/store/user/sha/Run2FULL/2016PreVFP/MC/WJetsToLNu_TuneCP5_13TeV-amcatnloFXFX-pythia8/crab_WJetsToLNu_TuneCP5_13TeV-amcatnloFXFX-pythia8/240205_165114//0000/SSBTree_135.root
adding: dcap://cluster142.knu.ac.kr//pnfs/knu.ac.kr/data/cms/store/user/sha/Run2FULL/2016PreVFP/MC/WJetsToLNu_TuneCP5_13TeV-amcatnloFXFX-pythia8/crab_WJetsToLNu_TuneCP5_13TeV-amcatnloFXFX-pythia8/240205_165114//0000/SSBTree_136.root
Total number of events after merging root files: 244889
Event 0
Event 10000
Event 20000
Event 30000
Event 40000
Event 50000
Event 60000
Event 70000
Event 80000
Event 90000
Event 100000
Event 110000
Event 120000
Event 130000
Event 140000
Event 150000
Event 160000
Event 170000
Event 180000
Event 190000
Event 200000
Event 210000
Event 220000
Event 230000
Event 240000
Total processed number of events: 244889
End processing...

The number of options is: 2
Option 0 = ./TopMass_analysis
Option 1 = WJetsToLNu/WJetsToLNu_16.list
Option 2 = WJetsToLNu/WJetsToLNu_16.txt
Input filelist = WJetsToLNu/WJetsToLNu_16.list
Output file name = WJetsToLNu/WJetsToLNu_16.txt


start merging file(s)
adding: dcap://cluster142.knu.ac.kr//pnfs/knu.ac.kr/data/cms/store/user/sha/Run2FULL/2016PreVFP/MC/WJetsToLNu_TuneCP5_13TeV-amcatnloFXFX-pythia8/crab_WJetsToLNu_TuneCP5_13TeV-amcatnloFXFX-pythia8/240205_165114//0000/SSBTree_236.root
adding: dcap://cluster142.knu.ac.kr//pnfs/knu.ac.kr/data/cms/store/user/sha/Run2FULL/2016PreVFP/MC/WJetsToLNu_TuneCP5_13TeV-amcatnloFXFX-pythia8/crab_WJetsToLNu_TuneCP5_13TeV-amcatnloFXFX-pythia8/240205_165114//0000/SSBTree_237.root
adding: dcap://cluster142.knu.ac.kr//pnfs/knu.ac.kr/data/cms/store/user/sha/Run2FULL/2016PreVFP/MC/WJetsToLNu_TuneCP5_13TeV-amcatnloFXFX-pythia8/crab_WJetsToLNu_TuneCP5_13TeV-amcatnloFXFX-pythia8/240205_165114//0000/SSBTree_238.root
adding: dcap://cluster142.knu.ac.kr//pnfs/knu.ac.kr/data/cms/store/user/sha/Run2FULL/2016PreVFP/MC/WJetsToLNu_TuneCP5_13TeV-amcatnloFXFX-pythia8/crab_WJetsToLNu_TuneCP5_13TeV-amcatnloFXFX-pythia8/240205_165114//0000/SSBTree_239.root
adding: dcap://cluster142.knu.ac.kr//pnfs/knu.ac.kr/data/cms/store/user/sha/Run2FULL/2016PreVFP/MC/WJetsToLNu_TuneCP5_13TeV-amcatnloFXFX-pythia8/crab_WJetsToLNu_TuneCP5_13TeV-amcatnloFXFX-pythia8/240205_165114//0000/SSBTree_23.root
adding: dcap://cluster142.knu.ac.kr//pnfs/knu.ac.kr/data/cms/store/user/sha/Run2FULL/2016PreVFP/MC/WJetsToLNu_TuneCP5_13TeV-amcatnloFXFX-pythia8/crab_WJetsToLNu_TuneCP5_13TeV-amcatnloFXFX-pythia8/240205_165114//0000/SSBTree_240.root
adding: dcap://cluster142.knu.ac.kr//pnfs/knu.ac.kr/data/cms/store/user/sha/Run2FULL/2016PreVFP/MC/WJetsToLNu_TuneCP5_13TeV-amcatnloFXFX-pythia8/crab_WJetsToLNu_TuneCP5_13TeV-amcatnloFXFX-pythia8/240205_165114//0000/SSBTree_241.root
adding: dcap://cluster142.knu.ac.kr//pnfs/knu.ac.kr/data/cms/store/user/sha/Run2FULL/2016PreVFP/MC/WJetsToLNu_TuneCP5_13TeV-amcatnloFXFX-pythia8/crab_WJetsToLNu_TuneCP5_13TeV-amcatnloFXFX-pythia8/240205_165114//0000/SSBTree_242.root
adding: dcap://cluster142.knu.ac.kr//pnfs/knu.ac.kr/data/cms/store/user/sha/Run2FULL/2016PreVFP/MC/WJetsToLNu_TuneCP5_13TeV-amcatnloFXFX-pythia8/crab_WJetsToLNu_TuneCP5_13TeV-amcatnloFXFX-pythia8/240205_165114//0000/SSBTree_243.root
adding: dcap://cluster142.knu.ac.kr//pnfs/knu.ac.kr/data/cms/store/user/sha/Run2FULL/2016PreVFP/MC/WJetsToLNu_TuneCP5_13TeV-amcatnloFXFX-pythia8/crab_WJetsToLNu_TuneCP5_13TeV-amcatnloFXFX-pythia8/240205_165114//0000/SSBTree_244.root
Total number of events after merging root files: 245695
Event 0
Event 10000
Event 20000
Event 30000
Event 40000
Event 50000
Event 60000
Event 70000
Event 80000
Event 90000
Event 100000
Event 110000
Event 120000
Event 130000
Event 140000
Event 150000
Event 160000
Event 170000
Event 180000
Event 190000
Event 200000
Event 210000
Event 220000
Event 230000
Event 240000
Total processed number of events: 245695
End processing...

The number of options is: 2
Option 0 = ./TopMass_analysis
Option 1 = WJetsToLNu/WJetsToLNu_28.list
Option 2 = WJetsToLNu/WJetsToLNu_28.txt
Input filelist = WJetsToLNu/WJetsToLNu_28.list
Output file name = WJetsToLNu/WJetsToLNu_28.txt


start merging file(s)
adding: dcap://cluster142.knu.ac.kr//pnfs/knu.ac.kr/data/cms/store/user/sha/Run2FULL/2016PreVFP/MC/WJetsToLNu_TuneCP5_13TeV-amcatnloFXFX-pythia8/crab_WJetsToLNu_TuneCP5_13TeV-amcatnloFXFX-pythia8/240205_165114//0000/SSBTree_344.root
adding: dcap://cluster142.knu.ac.kr//pnfs/knu.ac.kr/data/cms/store/user/sha/Run2FULL/2016PreVFP/MC/WJetsToLNu_TuneCP5_13TeV-amcatnloFXFX-pythia8/crab_WJetsToLNu_TuneCP5_13TeV-amcatnloFXFX-pythia8/240205_165114//0000/SSBTree_345.root
adding: dcap://cluster142.knu.ac.kr//pnfs/knu.ac.kr/data/cms/store/user/sha/Run2FULL/2016PreVFP/MC/WJetsToLNu_TuneCP5_13TeV-amcatnloFXFX-pythia8/crab_WJetsToLNu_TuneCP5_13TeV-amcatnloFXFX-pythia8/240205_165114//0000/SSBTree_346.root
adding: dcap://cluster142.knu.ac.kr//pnfs/knu.ac.kr/data/cms/store/user/sha/Run2FULL/2016PreVFP/MC/WJetsToLNu_TuneCP5_13TeV-amcatnloFXFX-pythia8/crab_WJetsToLNu_TuneCP5_13TeV-amcatnloFXFX-pythia8/240205_165114//0000/SSBTree_347.root
adding: dcap://cluster142.knu.ac.kr//pnfs/knu.ac.kr/data/cms/store/user/sha/Run2FULL/2016PreVFP/MC/WJetsToLNu_TuneCP5_13TeV-amcatnloFXFX-pythia8/crab_WJetsToLNu_TuneCP5_13TeV-amcatnloFXFX-pythia8/240205_165114//0000/SSBTree_348.root
adding: dcap://cluster142.knu.ac.kr//pnfs/knu.ac.kr/data/cms/store/user/sha/Run2FULL/2016PreVFP/MC/WJetsToLNu_TuneCP5_13TeV-amcatnloFXFX-pythia8/crab_WJetsToLNu_TuneCP5_13TeV-amcatnloFXFX-pythia8/240205_165114//0000/SSBTree_349.root
adding: dcap://cluster142.knu.ac.kr//pnfs/knu.ac.kr/data/cms/store/user/sha/Run2FULL/2016PreVFP/MC/WJetsToLNu_TuneCP5_13TeV-amcatnloFXFX-pythia8/crab_WJetsToLNu_TuneCP5_13TeV-amcatnloFXFX-pythia8/240205_165114//0000/SSBTree_34.root
adding: dcap://cluster142.knu.ac.kr//pnfs/knu.ac.kr/data/cms/store/user/sha/Run2FULL/2016PreVFP/MC/WJetsToLNu_TuneCP5_13TeV-amcatnloFXFX-pythia8/crab_WJetsToLNu_TuneCP5_13TeV-amcatnloFXFX-pythia8/240205_165114//0000/SSBTree_350.root
adding: dcap://cluster142.knu.ac.kr//pnfs/knu.ac.kr/data/cms/store/user/sha/Run2FULL/2016PreVFP/MC/WJetsToLNu_TuneCP5_13TeV-amcatnloFXFX-pythia8/crab_WJetsToLNu_TuneCP5_13TeV-amcatnloFXFX-pythia8/240205_165114//0000/SSBTree_351.root
adding: dcap://cluster142.knu.ac.kr//pnfs/knu.ac.kr/data/cms/store/user/sha/Run2FULL/2016PreVFP/MC/WJetsToLNu_TuneCP5_13TeV-amcatnloFXFX-pythia8/crab_WJetsToLNu_TuneCP5_13TeV-amcatnloFXFX-pythia8/240205_165114//0000/SSBTree_352.root
Total number of events after merging root files: 245020
Event 0
Event 10000
Event 20000
Event 30000
Event 40000
Event 50000
Event 60000
Event 70000
Event 80000
Event 90000
Event 100000
Event 110000
Event 120000
Event 130000
Event 140000
Event 150000
Event 160000
Event 170000
Event 180000
Event 190000
Event 200000
Event 210000
Event 220000
Event 230000
Event 240000
Total processed number of events: 245020
End processing...

The number of options is: 2
Option 0 = ./TopMass_analysis
Option 1 = WJetsToLNu/WJetsToLNu_40.list
Option 2 = WJetsToLNu/WJetsToLNu_40.txt
Input filelist = WJetsToLNu/WJetsToLNu_40.list
Output file name = WJetsToLNu/WJetsToLNu_40.txt


start merging file(s)
adding: dcap://cluster142.knu.ac.kr//pnfs/knu.ac.kr/data/cms/store/user/sha/Run2FULL/2016PreVFP/MC/WJetsToLNu_TuneCP5_13TeV-amcatnloFXFX-pythia8/crab_WJetsToLNu_TuneCP5_13TeV-amcatnloFXFX-pythia8/240205_165114//0000/SSBTree_452.root
adding: dcap://cluster142.knu.ac.kr//pnfs/knu.ac.kr/data/cms/store/user/sha/Run2FULL/2016PreVFP/MC/WJetsToLNu_TuneCP5_13TeV-amcatnloFXFX-pythia8/crab_WJetsToLNu_TuneCP5_13TeV-amcatnloFXFX-pythia8/240205_165114//0000/SSBTree_453.root
adding: dcap://cluster142.knu.ac.kr//pnfs/knu.ac.kr/data/cms/store/user/sha/Run2FULL/2016PreVFP/MC/WJetsToLNu_TuneCP5_13TeV-amcatnloFXFX-pythia8/crab_WJetsToLNu_TuneCP5_13TeV-amcatnloFXFX-pythia8/240205_165114//0000/SSBTree_454.root
adding: dcap://cluster142.knu.ac.kr//pnfs/knu.ac.kr/data/cms/store/user/sha/Run2FULL/2016PreVFP/MC/WJetsToLNu_TuneCP5_13TeV-amcatnloFXFX-pythia8/crab_WJetsToLNu_TuneCP5_13TeV-amcatnloFXFX-pythia8/240205_165114//0000/SSBTree_455.root
adding: dcap://cluster142.knu.ac.kr//pnfs/knu.ac.kr/data/cms/store/user/sha/Run2FULL/2016PreVFP/MC/WJetsToLNu_TuneCP5_13TeV-amcatnloFXFX-pythia8/crab_WJetsToLNu_TuneCP5_13TeV-amcatnloFXFX-pythia8/240205_165114//0000/SSBTree_456.root
adding: dcap://cluster142.knu.ac.kr//pnfs/knu.ac.kr/data/cms/store/user/sha/Run2FULL/2016PreVFP/MC/WJetsToLNu_TuneCP5_13TeV-amcatnloFXFX-pythia8/crab_WJetsToLNu_TuneCP5_13TeV-amcatnloFXFX-pythia8/240205_165114//0000/SSBTree_457.root
adding: dcap://cluster142.knu.ac.kr//pnfs/knu.ac.kr/data/cms/store/user/sha/Run2FULL/2016PreVFP/MC/WJetsToLNu_TuneCP5_13TeV-amcatnloFXFX-pythia8/crab_WJetsToLNu_TuneCP5_13TeV-amcatnloFXFX-pythia8/240205_165114//0000/SSBTree_458.root
adding: dcap://cluster142.knu.ac.kr//pnfs/knu.ac.kr/data/cms/store/user/sha/Run2FULL/2016PreVFP/MC/WJetsToLNu_TuneCP5_13TeV-amcatnloFXFX-pythia8/crab_WJetsToLNu_TuneCP5_13TeV-amcatnloFXFX-pythia8/240205_165114//0000/SSBTree_459.root
adding: dcap://cluster142.knu.ac.kr//pnfs/knu.ac.kr/data/cms/store/user/sha/Run2FULL/2016PreVFP/MC/WJetsToLNu_TuneCP5_13TeV-amcatnloFXFX-pythia8/crab_WJetsToLNu_TuneCP5_13TeV-amcatnloFXFX-pythia8/240205_165114//0000/SSBTree_45.root
adding: dcap://cluster142.knu.ac.kr//pnfs/knu.ac.kr/data/cms/store/user/sha/Run2FULL/2016PreVFP/MC/WJetsToLNu_TuneCP5_13TeV-amcatnloFXFX-pythia8/crab_WJetsToLNu_TuneCP5_13TeV-amcatnloFXFX-pythia8/240205_165114//0000/SSBTree_460.root
Total number of events after merging root files: 245702
Event 0
Event 10000
Event 20000
Event 30000
Event 40000
Event 50000
Event 60000
Event 70000
Event 80000
Event 90000
Event 100000
Event 110000
Event 120000
Event 130000
Event 140000
Event 150000
Event 160000
Event 170000
Event 180000
Event 190000
Event 200000
Event 210000
Event 220000
Event 230000
Event 240000
Total processed number of events: 245702
End processing...

The number of options is: 2
Option 0 = ./TopMass_analysis
Option 1 = WJetsToLNu/WJetsToLNu_52.list
Option 2 = WJetsToLNu/WJetsToLNu_52.txt
Input filelist = WJetsToLNu/WJetsToLNu_52.list
Output file name = WJetsToLNu/WJetsToLNu_52.txt


start merging file(s)
adding: dcap://cluster142.knu.ac.kr//pnfs/knu.ac.kr/data/cms/store/user/sha/Run2FULL/2016PreVFP/MC/WJetsToLNu_TuneCP5_13TeV-amcatnloFXFX-pythia8/crab_WJetsToLNu_TuneCP5_13TeV-amcatnloFXFX-pythia8/240205_165114//0000/SSBTree_560.root
adding: dcap://cluster142.knu.ac.kr//pnfs/knu.ac.kr/data/cms/store/user/sha/Run2FULL/2016PreVFP/MC/WJetsToLNu_TuneCP5_13TeV-amcatnloFXFX-pythia8/crab_WJetsToLNu_TuneCP5_13TeV-amcatnloFXFX-pythia8/240205_165114//0000/SSBTree_561.root
adding: dcap://cluster142.knu.ac.kr//pnfs/knu.ac.kr/data/cms/store/user/sha/Run2FULL/2016PreVFP/MC/WJetsToLNu_TuneCP5_13TeV-amcatnloFXFX-pythia8/crab_WJetsToLNu_TuneCP5_13TeV-amcatnloFXFX-pythia8/240205_165114//0000/SSBTree_562.root
adding: dcap://cluster142.knu.ac.kr//pnfs/knu.ac.kr/data/cms/store/user/sha/Run2FULL/2016PreVFP/MC/WJetsToLNu_TuneCP5_13TeV-amcatnloFXFX-pythia8/crab_WJetsToLNu_TuneCP5_13TeV-amcatnloFXFX-pythia8/240205_165114//0000/SSBTree_563.root
adding: dcap://cluster142.knu.ac.kr//pnfs/knu.ac.kr/data/cms/store/user/sha/Run2FULL/2016PreVFP/MC/WJetsToLNu_TuneCP5_13TeV-amcatnloFXFX-pythia8/crab_WJetsToLNu_TuneCP5_13TeV-amcatnloFXFX-pythia8/240205_165114//0000/SSBTree_564.root
adding: dcap://cluster142.knu.ac.kr//pnfs/knu.ac.kr/data/cms/store/user/sha/Run2FULL/2016PreVFP/MC/WJetsToLNu_TuneCP5_13TeV-amcatnloFXFX-pythia8/crab_WJetsToLNu_TuneCP5_13TeV-amcatnloFXFX-pythia8/240205_165114//0000/SSBTree_565.root
adding: dcap://cluster142.knu.ac.kr//pnfs/knu.ac.kr/data/cms/store/user/sha/Run2FULL/2016PreVFP/MC/WJetsToLNu_TuneCP5_13TeV-amcatnloFXFX-pythia8/crab_WJetsToLNu_TuneCP5_13TeV-amcatnloFXFX-pythia8/240205_165114//0000/SSBTree_566.root
adding: dcap://cluster142.knu.ac.kr//pnfs/knu.ac.kr/data/cms/store/user/sha/Run2FULL/2016PreVFP/MC/WJetsToLNu_TuneCP5_13TeV-amcatnloFXFX-pythia8/crab_WJetsToLNu_TuneCP5_13TeV-amcatnloFXFX-pythia8/240205_165114//0000/SSBTree_567.root
adding: dcap://cluster142.knu.ac.kr//pnfs/knu.ac.kr/data/cms/store/user/sha/Run2FULL/2016PreVFP/MC/WJetsToLNu_TuneCP5_13TeV-amcatnloFXFX-pythia8/crab_WJetsToLNu_TuneCP5_13TeV-amcatnloFXFX-pythia8/240205_165114//0000/SSBTree_568.root
adding: dcap://cluster142.knu.ac.kr//pnfs/knu.ac.kr/data/cms/store/user/sha/Run2FULL/2016PreVFP/MC/WJetsToLNu_TuneCP5_13TeV-amcatnloFXFX-pythia8/crab_WJetsToLNu_TuneCP5_13TeV-amcatnloFXFX-pythia8/240205_165114//0000/SSBTree_569.root
Total number of events after merging root files: 245017
Event 0
Event 10000
Event 20000
Event 30000
Event 40000
Event 50000
Event 60000
Event 70000
Event 80000
Event 90000
Event 100000
Event 110000
Event 120000
Event 130000
Event 140000
Event 150000
Event 160000
Event 170000
Event 180000
Event 190000
Event 200000
Event 210000
Event 220000
Event 230000
Event 240000
Total processed number of events: 245017
End processing...

The number of options is: 2
Option 0 = ./TopMass_analysis
Option 1 = WJetsToLNu/WJetsToLNu_64.list
Option 2 = WJetsToLNu/WJetsToLNu_64.txt
Input filelist = WJetsToLNu/WJetsToLNu_64.list
Output file name = WJetsToLNu/WJetsToLNu_64.txt


start merging file(s)
adding: dcap://cluster142.knu.ac.kr//pnfs/knu.ac.kr/data/cms/store/user/sha/Run2FULL/2016PreVFP/MC/WJetsToLNu_TuneCP5_13TeV-amcatnloFXFX-pythia8/crab_WJetsToLNu_TuneCP5_13TeV-amcatnloFXFX-pythia8/240205_165114//0000/SSBTree_669.root
adding: dcap://cluster142.knu.ac.kr//pnfs/knu.ac.kr/data/cms/store/user/sha/Run2FULL/2016PreVFP/MC/WJetsToLNu_TuneCP5_13TeV-amcatnloFXFX-pythia8/crab_WJetsToLNu_TuneCP5_13TeV-amcatnloFXFX-pythia8/240205_165114//0000/SSBTree_66.root
adding: dcap://cluster142.knu.ac.kr//pnfs/knu.ac.kr/data/cms/store/user/sha/Run2FULL/2016PreVFP/MC/WJetsToLNu_TuneCP5_13TeV-amcatnloFXFX-pythia8/crab_WJetsToLNu_TuneCP5_13TeV-amcatnloFXFX-pythia8/240205_165114//0000/SSBTree_670.root
adding: dcap://cluster142.knu.ac.kr//pnfs/knu.ac.kr/data/cms/store/user/sha/Run2FULL/2016PreVFP/MC/WJetsToLNu_TuneCP5_13TeV-amcatnloFXFX-pythia8/crab_WJetsToLNu_TuneCP5_13TeV-amcatnloFXFX-pythia8/240205_165114//0000/SSBTree_671.root
adding: dcap://cluster142.knu.ac.kr//pnfs/knu.ac.kr/data/cms/store/user/sha/Run2FULL/2016PreVFP/MC/WJetsToLNu_TuneCP5_13TeV-amcatnloFXFX-pythia8/crab_WJetsToLNu_TuneCP5_13TeV-amcatnloFXFX-pythia8/240205_165114//0000/SSBTree_672.root
adding: dcap://cluster142.knu.ac.kr//pnfs/knu.ac.kr/data/cms/store/user/sha/Run2FULL/2016PreVFP/MC/WJetsToLNu_TuneCP5_13TeV-amcatnloFXFX-pythia8/crab_WJetsToLNu_TuneCP5_13TeV-amcatnloFXFX-pythia8/240205_165114//0000/SSBTree_673.root
adding: dcap://cluster142.knu.ac.kr//pnfs/knu.ac.kr/data/cms/store/user/sha/Run2FULL/2016PreVFP/MC/WJetsToLNu_TuneCP5_13TeV-amcatnloFXFX-pythia8/crab_WJetsToLNu_TuneCP5_13TeV-amcatnloFXFX-pythia8/240205_165114//0000/SSBTree_674.root
adding: dcap://cluster142.knu.ac.kr//pnfs/knu.ac.kr/data/cms/store/user/sha/Run2FULL/2016PreVFP/MC/WJetsToLNu_TuneCP5_13TeV-amcatnloFXFX-pythia8/crab_WJetsToLNu_TuneCP5_13TeV-amcatnloFXFX-pythia8/240205_165114//0000/SSBTree_675.root
adding: dcap://cluster142.knu.ac.kr//pnfs/knu.ac.kr/data/cms/store/user/sha/Run2FULL/2016PreVFP/MC/WJetsToLNu_TuneCP5_13TeV-amcatnloFXFX-pythia8/crab_WJetsToLNu_TuneCP5_13TeV-amcatnloFXFX-pythia8/240205_165114//0000/SSBTree_676.root
adding: dcap://cluster142.knu.ac.kr//pnfs/knu.ac.kr/data/cms/store/user/sha/Run2FULL/2016PreVFP/MC/WJetsToLNu_TuneCP5_13TeV-amcatnloFXFX-pythia8/crab_WJetsToLNu_TuneCP5_13TeV-amcatnloFXFX-pythia8/240205_165114//0000/SSBTree_677.root
Total number of events after merging root files: 245341
Event 0
Event 10000
Event 20000
Event 30000
Event 40000
Event 50000
Event 60000
Event 70000
Event 80000
Event 90000
Event 100000
Event 110000
Event 120000
Event 130000
Event 140000
Event 150000
Event 160000
Event 170000
Event 180000
Event 190000
Event 200000
Event 210000
Event 220000
Event 230000
Event 240000
Total processed number of events: 245341
End processing...

The number of options is: 2
Option 0 = ./TopMass_analysis
Option 1 = WJetsToLNu/WJetsToLNu_76.list
Option 2 = WJetsToLNu/WJetsToLNu_76.txt
Input filelist = WJetsToLNu/WJetsToLNu_76.list
Output file name = WJetsToLNu/WJetsToLNu_76.txt


start merging file(s)
adding: dcap://cluster142.knu.ac.kr//pnfs/knu.ac.kr/data/cms/store/user/sha/Run2FULL/2016PreVFP/MC/WJetsToLNu_TuneCP5_13TeV-amcatnloFXFX-pythia8/crab_WJetsToLNu_TuneCP5_13TeV-amcatnloFXFX-pythia8/240205_165114//0000/SSBTree_777.root
adding: dcap://cluster142.knu.ac.kr//pnfs/knu.ac.kr/data/cms/store/user/sha/Run2FULL/2016PreVFP/MC/WJetsToLNu_TuneCP5_13TeV-amcatnloFXFX-pythia8/crab_WJetsToLNu_TuneCP5_13TeV-amcatnloFXFX-pythia8/240205_165114//0000/SSBTree_778.root
adding: dcap://cluster142.knu.ac.kr//pnfs/knu.ac.kr/data/cms/store/user/sha/Run2FULL/2016PreVFP/MC/WJetsToLNu_TuneCP5_13TeV-amcatnloFXFX-pythia8/crab_WJetsToLNu_TuneCP5_13TeV-amcatnloFXFX-pythia8/240205_165114//0000/SSBTree_779.root
adding: dcap://cluster142.knu.ac.kr//pnfs/knu.ac.kr/data/cms/store/user/sha/Run2FULL/2016PreVFP/MC/WJetsToLNu_TuneCP5_13TeV-amcatnloFXFX-pythia8/crab_WJetsToLNu_TuneCP5_13TeV-amcatnloFXFX-pythia8/240205_165114//0000/SSBTree_77.root
adding: dcap://cluster142.knu.ac.kr//pnfs/knu.ac.kr/data/cms/store/user/sha/Run2FULL/2016PreVFP/MC/WJetsToLNu_TuneCP5_13TeV-amcatnloFXFX-pythia8/crab_WJetsToLNu_TuneCP5_13TeV-amcatnloFXFX-pythia8/240205_165114//0000/SSBTree_780.root
adding: dcap://cluster142.knu.ac.kr//pnfs/knu.ac.kr/data/cms/store/user/sha/Run2FULL/2016PreVFP/MC/WJetsToLNu_TuneCP5_13TeV-amcatnloFXFX-pythia8/crab_WJetsToLNu_TuneCP5_13TeV-amcatnloFXFX-pythia8/240205_165114//0000/SSBTree_781.root
adding: dcap://cluster142.knu.ac.kr//pnfs/knu.ac.kr/data/cms/store/user/sha/Run2FULL/2016PreVFP/MC/WJetsToLNu_TuneCP5_13TeV-amcatnloFXFX-pythia8/crab_WJetsToLNu_TuneCP5_13TeV-amcatnloFXFX-pythia8/240205_165114//0000/SSBTree_782.root
adding: dcap://cluster142.knu.ac.kr//pnfs/knu.ac.kr/data/cms/store/user/sha/Run2FULL/2016PreVFP/MC/WJetsToLNu_TuneCP5_13TeV-amcatnloFXFX-pythia8/crab_WJetsToLNu_TuneCP5_13TeV-amcatnloFXFX-pythia8/240205_165114//0000/SSBTree_783.root
adding: dcap://cluster142.knu.ac.kr//pnfs/knu.ac.kr/data/cms/store/user/sha/Run2FULL/2016PreVFP/MC/WJetsToLNu_TuneCP5_13TeV-amcatnloFXFX-pythia8/crab_WJetsToLNu_TuneCP5_13TeV-amcatnloFXFX-pythia8/240205_165114//0000/SSBTree_784.root
adding: dcap://cluster142.knu.ac.kr//pnfs/knu.ac.kr/data/cms/store/user/sha/Run2FULL/2016PreVFP/MC/WJetsToLNu_TuneCP5_13TeV-amcatnloFXFX-pythia8/crab_WJetsToLNu_TuneCP5_13TeV-amcatnloFXFX-pythia8/240205_165114//0000/SSBTree_785.root
Total number of events after merging root files: 245927
Event 0
Event 10000
Event 20000
Event 30000
Event 40000
Event 50000
Event 60000
Event 70000
Event 80000
Event 90000
Event 100000
Event 110000
Event 120000
Event 130000
Event 140000
Event 150000
Event 160000
Event 170000
Event 180000
Event 190000
Event 200000
Event 210000
Event 220000
Event 230000
Event 240000
Total processed number of events: 245927
End processing...

The number of options is: 2
Option 0 = ./TopMass_analysis
Option 1 = WJetsToLNu/WJetsToLNu_88.list
Option 2 = WJetsToLNu/WJetsToLNu_88.txt
Input filelist = WJetsToLNu/WJetsToLNu_88.list
Output file name = WJetsToLNu/WJetsToLNu_88.txt


start merging file(s)
adding: dcap://cluster142.knu.ac.kr//pnfs/knu.ac.kr/data/cms/store/user/sha/Run2FULL/2016PreVFP/MC/WJetsToLNu_TuneCP5_13TeV-amcatnloFXFX-pythia8/crab_WJetsToLNu_TuneCP5_13TeV-amcatnloFXFX-pythia8/240205_165114//0000/SSBTree_885.root
adding: dcap://cluster142.knu.ac.kr//pnfs/knu.ac.kr/data/cms/store/user/sha/Run2FULL/2016PreVFP/MC/WJetsToLNu_TuneCP5_13TeV-amcatnloFXFX-pythia8/crab_WJetsToLNu_TuneCP5_13TeV-amcatnloFXFX-pythia8/240205_165114//0000/SSBTree_886.root
adding: dcap://cluster142.knu.ac.kr//pnfs/knu.ac.kr/data/cms/store/user/sha/Run2FULL/2016PreVFP/MC/WJetsToLNu_TuneCP5_13TeV-amcatnloFXFX-pythia8/crab_WJetsToLNu_TuneCP5_13TeV-amcatnloFXFX-pythia8/240205_165114//0000/SSBTree_887.root
adding: dcap://cluster142.knu.ac.kr//pnfs/knu.ac.kr/data/cms/store/user/sha/Run2FULL/2016PreVFP/MC/WJetsToLNu_TuneCP5_13TeV-amcatnloFXFX-pythia8/crab_WJetsToLNu_TuneCP5_13TeV-amcatnloFXFX-pythia8/240205_165114//0000/SSBTree_888.root
adding: dcap://cluster142.knu.ac.kr//pnfs/knu.ac.kr/data/cms/store/user/sha/Run2FULL/2016PreVFP/MC/WJetsToLNu_TuneCP5_13TeV-amcatnloFXFX-pythia8/crab_WJetsToLNu_TuneCP5_13TeV-amcatnloFXFX-pythia8/240205_165114//0000/SSBTree_889.root
adding: dcap://cluster142.knu.ac.kr//pnfs/knu.ac.kr/data/cms/store/user/sha/Run2FULL/2016PreVFP/MC/WJetsToLNu_TuneCP5_13TeV-amcatnloFXFX-pythia8/crab_WJetsToLNu_TuneCP5_13TeV-amcatnloFXFX-pythia8/240205_165114//0000/SSBTree_88.root
adding: dcap://cluster142.knu.ac.kr//pnfs/knu.ac.kr/data/cms/store/user/sha/Run2FULL/2016PreVFP/MC/WJetsToLNu_TuneCP5_13TeV-amcatnloFXFX-pythia8/crab_WJetsToLNu_TuneCP5_13TeV-amcatnloFXFX-pythia8/240205_165114//0000/SSBTree_890.root
adding: dcap://cluster142.knu.ac.kr//pnfs/knu.ac.kr/data/cms/store/user/sha/Run2FULL/2016PreVFP/MC/WJetsToLNu_TuneCP5_13TeV-amcatnloFXFX-pythia8/crab_WJetsToLNu_TuneCP5_13TeV-amcatnloFXFX-pythia8/240205_165114//0000/SSBTree_891.root
adding: dcap://cluster142.knu.ac.kr//pnfs/knu.ac.kr/data/cms/store/user/sha/Run2FULL/2016PreVFP/MC/WJetsToLNu_TuneCP5_13TeV-amcatnloFXFX-pythia8/crab_WJetsToLNu_TuneCP5_13TeV-amcatnloFXFX-pythia8/240205_165114//0000/SSBTree_892.root
adding: dcap://cluster142.knu.ac.kr//pnfs/knu.ac.kr/data/cms/store/user/sha/Run2FULL/2016PreVFP/MC/WJetsToLNu_TuneCP5_13TeV-amcatnloFXFX-pythia8/crab_WJetsToLNu_TuneCP5_13TeV-amcatnloFXFX-pythia8/240205_165114//0000/SSBTree_893.root
Total number of events after merging root files: 245561
Event 0
Event 10000
Event 20000
Event 30000
Event 40000
Event 50000
Event 60000
Event 70000
Event 80000
Event 90000
Event 100000
Event 110000
Event 120000
Event 130000
Event 140000
Event 150000
Event 160000
Event 170000
Event 180000
Event 190000
Event 200000
Event 210000
Event 220000
Event 230000
Event 240000
Total processed number of events: 245561
End processing...

The number of options is: 2
Option 0 = ./TopMass_analysis
Option 1 = WJetsToLNu/WJetsToLNu_100.list
Option 2 = WJetsToLNu/WJetsToLNu_100.txt
Input filelist = WJetsToLNu/WJetsToLNu_100.list
Output file name = WJetsToLNu/WJetsToLNu_100.txt


start merging file(s)
adding: dcap://cluster142.knu.ac.kr//pnfs/knu.ac.kr/data/cms/store/user/sha/Run2FULL/2016PreVFP/MC/WJetsToLNu_TuneCP5_13TeV-amcatnloFXFX-pythia8/crab_WJetsToLNu_TuneCP5_13TeV-amcatnloFXFX-pythia8/240205_165114//0000/SSBTree_993.root
adding: dcap://cluster142.knu.ac.kr//pnfs/knu.ac.kr/data/cms/store/user/sha/Run2FULL/2016PreVFP/MC/WJetsToLNu_TuneCP5_13TeV-amcatnloFXFX-pythia8/crab_WJetsToLNu_TuneCP5_13TeV-amcatnloFXFX-pythia8/240205_165114//0000/SSBTree_994.root
adding: dcap://cluster142.knu.ac.kr//pnfs/knu.ac.kr/data/cms/store/user/sha/Run2FULL/2016PreVFP/MC/WJetsToLNu_TuneCP5_13TeV-amcatnloFXFX-pythia8/crab_WJetsToLNu_TuneCP5_13TeV-amcatnloFXFX-pythia8/240205_165114//0000/SSBTree_995.root
adding: dcap://cluster142.knu.ac.kr//pnfs/knu.ac.kr/data/cms/store/user/sha/Run2FULL/2016PreVFP/MC/WJetsToLNu_TuneCP5_13TeV-amcatnloFXFX-pythia8/crab_WJetsToLNu_TuneCP5_13TeV-amcatnloFXFX-pythia8/240205_165114//0000/SSBTree_996.root
adding: dcap://cluster142.knu.ac.kr//pnfs/knu.ac.kr/data/cms/store/user/sha/Run2FULL/2016PreVFP/MC/WJetsToLNu_TuneCP5_13TeV-amcatnloFXFX-pythia8/crab_WJetsToLNu_TuneCP5_13TeV-amcatnloFXFX-pythia8/240205_165114//0000/SSBTree_997.root
adding: dcap://cluster142.knu.ac.kr//pnfs/knu.ac.kr/data/cms/store/user/sha/Run2FULL/2016PreVFP/MC/WJetsToLNu_TuneCP5_13TeV-amcatnloFXFX-pythia8/crab_WJetsToLNu_TuneCP5_13TeV-amcatnloFXFX-pythia8/240205_165114//0000/SSBTree_998.root
adding: dcap://cluster142.knu.ac.kr//pnfs/knu.ac.kr/data/cms/store/user/sha/Run2FULL/2016PreVFP/MC/WJetsToLNu_TuneCP5_13TeV-amcatnloFXFX-pythia8/crab_WJetsToLNu_TuneCP5_13TeV-amcatnloFXFX-pythia8/240205_165114//0000/SSBTree_999.root
adding: dcap://cluster142.knu.ac.kr//pnfs/knu.ac.kr/data/cms/store/user/sha/Run2FULL/2016PreVFP/MC/WJetsToLNu_TuneCP5_13TeV-amcatnloFXFX-pythia8/crab_WJetsToLNu_TuneCP5_13TeV-amcatnloFXFX-pythia8/240205_165114//0000/SSBTree_99.root
adding: dcap://cluster142.knu.ac.kr//pnfs/knu.ac.kr/data/cms/store/user/sha/Run2FULL/2016PreVFP/MC/WJetsToLNu_TuneCP5_13TeV-amcatnloFXFX-pythia8/crab_WJetsToLNu_TuneCP5_13TeV-amcatnloFXFX-pythia8/240205_165114//0000/SSBTree_9.root
adding: dcap://cluster142.knu.ac.kr//pnfs/knu.ac.kr/data/cms/store/user/sha/Run2FULL/2016PreVFP/MC/WJetsToLNu_TuneCP5_13TeV-amcatnloFXFX-pythia8/crab_WJetsToLNu_TuneCP5_13TeV-amcatnloFXFX-pythia8/240205_165114//0001/SSBTree_1000.root
Total number of events after merging root files: 244851
Event 0
Event 10000
Event 20000
Event 30000
Event 40000
Event 50000
Event 60000
Event 70000
Event 80000
Event 90000
Event 100000
Event 110000
Event 120000
Event 130000
Event 140000
Event 150000
Event 160000
Event 170000
Event 180000
Event 190000
Event 200000
Event 210000
Event 220000
Event 230000
Event 240000
Total processed number of events: 244851
End processing...

The number of options is: 2
Option 0 = ./TopMass_analysis
Option 1 = WJetsToLNu/WJetsToLNu_112.list
Option 2 = WJetsToLNu/WJetsToLNu_112.txt
Input filelist = WJetsToLNu/WJetsToLNu_112.list
Output file name = WJetsToLNu/WJetsToLNu_112.txt


start merging file(s)
adding: dcap://cluster142.knu.ac.kr//pnfs/knu.ac.kr/data/cms/store/user/sha/Run2FULL/2016PreVFP/MC/WJetsToLNu_TuneCP5_13TeV-amcatnloFXFX-pythia8/crab_WJetsToLNu_TuneCP5_13TeV-amcatnloFXFX-pythia8/240205_165114//0001/SSBTree_1111.root
adding: dcap://cluster142.knu.ac.kr//pnfs/knu.ac.kr/data/cms/store/user/sha/Run2FULL/2016PreVFP/MC/WJetsToLNu_TuneCP5_13TeV-amcatnloFXFX-pythia8/crab_WJetsToLNu_TuneCP5_13TeV-amcatnloFXFX-pythia8/240205_165114//0001/SSBTree_1112.root
adding: dcap://cluster142.knu.ac.kr//pnfs/knu.ac.kr/data/cms/store/user/sha/Run2FULL/2016PreVFP/MC/WJetsToLNu_TuneCP5_13TeV-amcatnloFXFX-pythia8/crab_WJetsToLNu_TuneCP5_13TeV-amcatnloFXFX-pythia8/240205_165114//0001/SSBTree_1113.root
adding: dcap://cluster142.knu.ac.kr//pnfs/knu.ac.kr/data/cms/store/user/sha/Run2FULL/2016PreVFP/MC/WJetsToLNu_TuneCP5_13TeV-amcatnloFXFX-pythia8/crab_WJetsToLNu_TuneCP5_13TeV-amcatnloFXFX-pythia8/240205_165114//0001/SSBTree_1114.root
adding: dcap://cluster142.knu.ac.kr//pnfs/knu.ac.kr/data/cms/store/user/sha/Run2FULL/2016PreVFP/MC/WJetsToLNu_TuneCP5_13TeV-amcatnloFXFX-pythia8/crab_WJetsToLNu_TuneCP5_13TeV-amcatnloFXFX-pythia8/240205_165114//0001/SSBTree_1115.root
adding: dcap://cluster142.knu.ac.kr//pnfs/knu.ac.kr/data/cms/store/user/sha/Run2FULL/2016PreVFP/MC/WJetsToLNu_TuneCP5_13TeV-amcatnloFXFX-pythia8/crab_WJetsToLNu_TuneCP5_13TeV-amcatnloFXFX-pythia8/240205_165114//0001/SSBTree_1116.root
adding: dcap://cluster142.knu.ac.kr//pnfs/knu.ac.kr/data/cms/store/user/sha/Run2FULL/2016PreVFP/MC/WJetsToLNu_TuneCP5_13TeV-amcatnloFXFX-pythia8/crab_WJetsToLNu_TuneCP5_13TeV-amcatnloFXFX-pythia8/240205_165114//0001/SSBTree_1117.root
adding: dcap://cluster142.knu.ac.kr//pnfs/knu.ac.kr/data/cms/store/user/sha/Run2FULL/2016PreVFP/MC/WJetsToLNu_TuneCP5_13TeV-amcatnloFXFX-pythia8/crab_WJetsToLNu_TuneCP5_13TeV-amcatnloFXFX-pythia8/240205_165114//0001/SSBTree_1118.root
adding: dcap://cluster142.knu.ac.kr//pnfs/knu.ac.kr/data/cms/store/user/sha/Run2FULL/2016PreVFP/MC/WJetsToLNu_TuneCP5_13TeV-amcatnloFXFX-pythia8/crab_WJetsToLNu_TuneCP5_13TeV-amcatnloFXFX-pythia8/240205_165114//0001/SSBTree_1119.root
adding: dcap://cluster142.knu.ac.kr//pnfs/knu.ac.kr/data/cms/store/user/sha/Run2FULL/2016PreVFP/MC/WJetsToLNu_TuneCP5_13TeV-amcatnloFXFX-pythia8/crab_WJetsToLNu_TuneCP5_13TeV-amcatnloFXFX-pythia8/240205_165114//0001/SSBTree_1120.root
Total number of events after merging root files: 244747
Event 0
Event 10000
Event 20000
Event 30000
Event 40000
Event 50000
Event 60000
Event 70000
Event 80000
Event 90000
Event 100000
Event 110000
Event 120000
Event 130000
Event 140000
Event 150000
Event 160000
Event 170000
Event 180000
Event 190000
Event 200000
Event 210000
Event 220000
Event 230000
Event 240000
Total processed number of events: 244747
End processing...

