The number of options is: 2
Option 0 = ./TopMass_analysis
Option 1 = WJetsToLNu/WJetsToLNu_6.list
Option 2 = WJetsToLNu/WJetsToLNu_6.txt
Input filelist = WJetsToLNu/WJetsToLNu_6.list
Output file name = WJetsToLNu/WJetsToLNu_6.txt


start merging file(s)
adding: dcap://cluster142.knu.ac.kr//pnfs/knu.ac.kr/data/cms/store/user/sha/Run2FULL/2016PreVFP/MC/WJetsToLNu_TuneCP5_13TeV-amcatnloFXFX-pythia8/crab_WJetsToLNu_TuneCP5_13TeV-amcatnloFXFX-pythia8/240205_165114//0000/SSBTree_146.root
adding: dcap://cluster142.knu.ac.kr//pnfs/knu.ac.kr/data/cms/store/user/sha/Run2FULL/2016PreVFP/MC/WJetsToLNu_TuneCP5_13TeV-amcatnloFXFX-pythia8/crab_WJetsToLNu_TuneCP5_13TeV-amcatnloFXFX-pythia8/240205_165114//0000/SSBTree_147.root
adding: dcap://cluster142.knu.ac.kr//pnfs/knu.ac.kr/data/cms/store/user/sha/Run2FULL/2016PreVFP/MC/WJetsToLNu_TuneCP5_13TeV-amcatnloFXFX-pythia8/crab_WJetsToLNu_TuneCP5_13TeV-amcatnloFXFX-pythia8/240205_165114//0000/SSBTree_148.root
adding: dcap://cluster142.knu.ac.kr//pnfs/knu.ac.kr/data/cms/store/user/sha/Run2FULL/2016PreVFP/MC/WJetsToLNu_TuneCP5_13TeV-amcatnloFXFX-pythia8/crab_WJetsToLNu_TuneCP5_13TeV-amcatnloFXFX-pythia8/240205_165114//0000/SSBTree_149.root
adding: dcap://cluster142.knu.ac.kr//pnfs/knu.ac.kr/data/cms/store/user/sha/Run2FULL/2016PreVFP/MC/WJetsToLNu_TuneCP5_13TeV-amcatnloFXFX-pythia8/crab_WJetsToLNu_TuneCP5_13TeV-amcatnloFXFX-pythia8/240205_165114//0000/SSBTree_14.root
adding: dcap://cluster142.knu.ac.kr//pnfs/knu.ac.kr/data/cms/store/user/sha/Run2FULL/2016PreVFP/MC/WJetsToLNu_TuneCP5_13TeV-amcatnloFXFX-pythia8/crab_WJetsToLNu_TuneCP5_13TeV-amcatnloFXFX-pythia8/240205_165114//0000/SSBTree_150.root
adding: dcap://cluster142.knu.ac.kr//pnfs/knu.ac.kr/data/cms/store/user/sha/Run2FULL/2016PreVFP/MC/WJetsToLNu_TuneCP5_13TeV-amcatnloFXFX-pythia8/crab_WJetsToLNu_TuneCP5_13TeV-amcatnloFXFX-pythia8/240205_165114//0000/SSBTree_151.root
adding: dcap://cluster142.knu.ac.kr//pnfs/knu.ac.kr/data/cms/store/user/sha/Run2FULL/2016PreVFP/MC/WJetsToLNu_TuneCP5_13TeV-amcatnloFXFX-pythia8/crab_WJetsToLNu_TuneCP5_13TeV-amcatnloFXFX-pythia8/240205_165114//0000/SSBTree_152.root
adding: dcap://cluster142.knu.ac.kr//pnfs/knu.ac.kr/data/cms/store/user/sha/Run2FULL/2016PreVFP/MC/WJetsToLNu_TuneCP5_13TeV-amcatnloFXFX-pythia8/crab_WJetsToLNu_TuneCP5_13TeV-amcatnloFXFX-pythia8/240205_165114//0000/SSBTree_153.root
adding: dcap://cluster142.knu.ac.kr//pnfs/knu.ac.kr/data/cms/store/user/sha/Run2FULL/2016PreVFP/MC/WJetsToLNu_TuneCP5_13TeV-amcatnloFXFX-pythia8/crab_WJetsToLNu_TuneCP5_13TeV-amcatnloFXFX-pythia8/240205_165114//0000/SSBTree_154.root
Total number of events after merging root files: 245259
Event 0
Event 10000
Event 20000
Event 30000
Event 40000
Event 50000
Event 60000
Event 70000
Event 80000
Event 90000
Event 100000
Event 110000
Event 120000
Event 130000
Event 140000
Event 150000
Event 160000
Event 170000
Event 180000
Event 190000
Event 200000
Event 210000
Event 220000
Event 230000
Event 240000
Total processed number of events: 245259
End processing...

The number of options is: 2
Option 0 = ./TopMass_analysis
Option 1 = WJetsToLNu/WJetsToLNu_18.list
Option 2 = WJetsToLNu/WJetsToLNu_18.txt
Input filelist = WJetsToLNu/WJetsToLNu_18.list
Output file name = WJetsToLNu/WJetsToLNu_18.txt


start merging file(s)
adding: dcap://cluster142.knu.ac.kr//pnfs/knu.ac.kr/data/cms/store/user/sha/Run2FULL/2016PreVFP/MC/WJetsToLNu_TuneCP5_13TeV-amcatnloFXFX-pythia8/crab_WJetsToLNu_TuneCP5_13TeV-amcatnloFXFX-pythia8/240205_165114//0000/SSBTree_254.root
adding: dcap://cluster142.knu.ac.kr//pnfs/knu.ac.kr/data/cms/store/user/sha/Run2FULL/2016PreVFP/MC/WJetsToLNu_TuneCP5_13TeV-amcatnloFXFX-pythia8/crab_WJetsToLNu_TuneCP5_13TeV-amcatnloFXFX-pythia8/240205_165114//0000/SSBTree_255.root
adding: dcap://cluster142.knu.ac.kr//pnfs/knu.ac.kr/data/cms/store/user/sha/Run2FULL/2016PreVFP/MC/WJetsToLNu_TuneCP5_13TeV-amcatnloFXFX-pythia8/crab_WJetsToLNu_TuneCP5_13TeV-amcatnloFXFX-pythia8/240205_165114//0000/SSBTree_256.root
adding: dcap://cluster142.knu.ac.kr//pnfs/knu.ac.kr/data/cms/store/user/sha/Run2FULL/2016PreVFP/MC/WJetsToLNu_TuneCP5_13TeV-amcatnloFXFX-pythia8/crab_WJetsToLNu_TuneCP5_13TeV-amcatnloFXFX-pythia8/240205_165114//0000/SSBTree_257.root
adding: dcap://cluster142.knu.ac.kr//pnfs/knu.ac.kr/data/cms/store/user/sha/Run2FULL/2016PreVFP/MC/WJetsToLNu_TuneCP5_13TeV-amcatnloFXFX-pythia8/crab_WJetsToLNu_TuneCP5_13TeV-amcatnloFXFX-pythia8/240205_165114//0000/SSBTree_258.root
adding: dcap://cluster142.knu.ac.kr//pnfs/knu.ac.kr/data/cms/store/user/sha/Run2FULL/2016PreVFP/MC/WJetsToLNu_TuneCP5_13TeV-amcatnloFXFX-pythia8/crab_WJetsToLNu_TuneCP5_13TeV-amcatnloFXFX-pythia8/240205_165114//0000/SSBTree_259.root
adding: dcap://cluster142.knu.ac.kr//pnfs/knu.ac.kr/data/cms/store/user/sha/Run2FULL/2016PreVFP/MC/WJetsToLNu_TuneCP5_13TeV-amcatnloFXFX-pythia8/crab_WJetsToLNu_TuneCP5_13TeV-amcatnloFXFX-pythia8/240205_165114//0000/SSBTree_25.root
adding: dcap://cluster142.knu.ac.kr//pnfs/knu.ac.kr/data/cms/store/user/sha/Run2FULL/2016PreVFP/MC/WJetsToLNu_TuneCP5_13TeV-amcatnloFXFX-pythia8/crab_WJetsToLNu_TuneCP5_13TeV-amcatnloFXFX-pythia8/240205_165114//0000/SSBTree_260.root
adding: dcap://cluster142.knu.ac.kr//pnfs/knu.ac.kr/data/cms/store/user/sha/Run2FULL/2016PreVFP/MC/WJetsToLNu_TuneCP5_13TeV-amcatnloFXFX-pythia8/crab_WJetsToLNu_TuneCP5_13TeV-amcatnloFXFX-pythia8/240205_165114//0000/SSBTree_261.root
adding: dcap://cluster142.knu.ac.kr//pnfs/knu.ac.kr/data/cms/store/user/sha/Run2FULL/2016PreVFP/MC/WJetsToLNu_TuneCP5_13TeV-amcatnloFXFX-pythia8/crab_WJetsToLNu_TuneCP5_13TeV-amcatnloFXFX-pythia8/240205_165114//0000/SSBTree_262.root
Total number of events after merging root files: 245947
Event 0
Event 10000
Event 20000
Event 30000
Event 40000
Event 50000
Event 60000
Event 70000
Event 80000
Event 90000
Event 100000
Event 110000
Event 120000
Event 130000
Event 140000
Event 150000
Event 160000
Event 170000
Event 180000
Event 190000
Event 200000
Event 210000
Event 220000
Event 230000
Event 240000
Total processed number of events: 245947
End processing...

The number of options is: 2
Option 0 = ./TopMass_analysis
Option 1 = WJetsToLNu/WJetsToLNu_30.list
Option 2 = WJetsToLNu/WJetsToLNu_30.txt
Input filelist = WJetsToLNu/WJetsToLNu_30.list
Output file name = WJetsToLNu/WJetsToLNu_30.txt


start merging file(s)
adding: dcap://cluster142.knu.ac.kr//pnfs/knu.ac.kr/data/cms/store/user/sha/Run2FULL/2016PreVFP/MC/WJetsToLNu_TuneCP5_13TeV-amcatnloFXFX-pythia8/crab_WJetsToLNu_TuneCP5_13TeV-amcatnloFXFX-pythia8/240205_165114//0000/SSBTree_362.root
adding: dcap://cluster142.knu.ac.kr//pnfs/knu.ac.kr/data/cms/store/user/sha/Run2FULL/2016PreVFP/MC/WJetsToLNu_TuneCP5_13TeV-amcatnloFXFX-pythia8/crab_WJetsToLNu_TuneCP5_13TeV-amcatnloFXFX-pythia8/240205_165114//0000/SSBTree_363.root
adding: dcap://cluster142.knu.ac.kr//pnfs/knu.ac.kr/data/cms/store/user/sha/Run2FULL/2016PreVFP/MC/WJetsToLNu_TuneCP5_13TeV-amcatnloFXFX-pythia8/crab_WJetsToLNu_TuneCP5_13TeV-amcatnloFXFX-pythia8/240205_165114//0000/SSBTree_364.root
adding: dcap://cluster142.knu.ac.kr//pnfs/knu.ac.kr/data/cms/store/user/sha/Run2FULL/2016PreVFP/MC/WJetsToLNu_TuneCP5_13TeV-amcatnloFXFX-pythia8/crab_WJetsToLNu_TuneCP5_13TeV-amcatnloFXFX-pythia8/240205_165114//0000/SSBTree_365.root
adding: dcap://cluster142.knu.ac.kr//pnfs/knu.ac.kr/data/cms/store/user/sha/Run2FULL/2016PreVFP/MC/WJetsToLNu_TuneCP5_13TeV-amcatnloFXFX-pythia8/crab_WJetsToLNu_TuneCP5_13TeV-amcatnloFXFX-pythia8/240205_165114//0000/SSBTree_366.root
adding: dcap://cluster142.knu.ac.kr//pnfs/knu.ac.kr/data/cms/store/user/sha/Run2FULL/2016PreVFP/MC/WJetsToLNu_TuneCP5_13TeV-amcatnloFXFX-pythia8/crab_WJetsToLNu_TuneCP5_13TeV-amcatnloFXFX-pythia8/240205_165114//0000/SSBTree_367.root
adding: dcap://cluster142.knu.ac.kr//pnfs/knu.ac.kr/data/cms/store/user/sha/Run2FULL/2016PreVFP/MC/WJetsToLNu_TuneCP5_13TeV-amcatnloFXFX-pythia8/crab_WJetsToLNu_TuneCP5_13TeV-amcatnloFXFX-pythia8/240205_165114//0000/SSBTree_368.root
adding: dcap://cluster142.knu.ac.kr//pnfs/knu.ac.kr/data/cms/store/user/sha/Run2FULL/2016PreVFP/MC/WJetsToLNu_TuneCP5_13TeV-amcatnloFXFX-pythia8/crab_WJetsToLNu_TuneCP5_13TeV-amcatnloFXFX-pythia8/240205_165114//0000/SSBTree_369.root
adding: dcap://cluster142.knu.ac.kr//pnfs/knu.ac.kr/data/cms/store/user/sha/Run2FULL/2016PreVFP/MC/WJetsToLNu_TuneCP5_13TeV-amcatnloFXFX-pythia8/crab_WJetsToLNu_TuneCP5_13TeV-amcatnloFXFX-pythia8/240205_165114//0000/SSBTree_36.root
adding: dcap://cluster142.knu.ac.kr//pnfs/knu.ac.kr/data/cms/store/user/sha/Run2FULL/2016PreVFP/MC/WJetsToLNu_TuneCP5_13TeV-amcatnloFXFX-pythia8/crab_WJetsToLNu_TuneCP5_13TeV-amcatnloFXFX-pythia8/240205_165114//0000/SSBTree_370.root
Total number of events after merging root files: 245192
Event 0
Event 10000
Event 20000
Event 30000
Event 40000
Event 50000
Event 60000
Event 70000
Event 80000
Event 90000
Event 100000
Event 110000
Event 120000
Event 130000
Event 140000
Event 150000
Event 160000
Event 170000
Event 180000
Event 190000
Event 200000
Event 210000
Event 220000
Event 230000
Event 240000
Total processed number of events: 245192
End processing...

The number of options is: 2
Option 0 = ./TopMass_analysis
Option 1 = WJetsToLNu/WJetsToLNu_42.list
Option 2 = WJetsToLNu/WJetsToLNu_42.txt
Input filelist = WJetsToLNu/WJetsToLNu_42.list
Output file name = WJetsToLNu/WJetsToLNu_42.txt


start merging file(s)
adding: dcap://cluster142.knu.ac.kr//pnfs/knu.ac.kr/data/cms/store/user/sha/Run2FULL/2016PreVFP/MC/WJetsToLNu_TuneCP5_13TeV-amcatnloFXFX-pythia8/crab_WJetsToLNu_TuneCP5_13TeV-amcatnloFXFX-pythia8/240205_165114//0000/SSBTree_470.root
adding: dcap://cluster142.knu.ac.kr//pnfs/knu.ac.kr/data/cms/store/user/sha/Run2FULL/2016PreVFP/MC/WJetsToLNu_TuneCP5_13TeV-amcatnloFXFX-pythia8/crab_WJetsToLNu_TuneCP5_13TeV-amcatnloFXFX-pythia8/240205_165114//0000/SSBTree_471.root
adding: dcap://cluster142.knu.ac.kr//pnfs/knu.ac.kr/data/cms/store/user/sha/Run2FULL/2016PreVFP/MC/WJetsToLNu_TuneCP5_13TeV-amcatnloFXFX-pythia8/crab_WJetsToLNu_TuneCP5_13TeV-amcatnloFXFX-pythia8/240205_165114//0000/SSBTree_472.root
adding: dcap://cluster142.knu.ac.kr//pnfs/knu.ac.kr/data/cms/store/user/sha/Run2FULL/2016PreVFP/MC/WJetsToLNu_TuneCP5_13TeV-amcatnloFXFX-pythia8/crab_WJetsToLNu_TuneCP5_13TeV-amcatnloFXFX-pythia8/240205_165114//0000/SSBTree_473.root
adding: dcap://cluster142.knu.ac.kr//pnfs/knu.ac.kr/data/cms/store/user/sha/Run2FULL/2016PreVFP/MC/WJetsToLNu_TuneCP5_13TeV-amcatnloFXFX-pythia8/crab_WJetsToLNu_TuneCP5_13TeV-amcatnloFXFX-pythia8/240205_165114//0000/SSBTree_474.root
adding: dcap://cluster142.knu.ac.kr//pnfs/knu.ac.kr/data/cms/store/user/sha/Run2FULL/2016PreVFP/MC/WJetsToLNu_TuneCP5_13TeV-amcatnloFXFX-pythia8/crab_WJetsToLNu_TuneCP5_13TeV-amcatnloFXFX-pythia8/240205_165114//0000/SSBTree_475.root
adding: dcap://cluster142.knu.ac.kr//pnfs/knu.ac.kr/data/cms/store/user/sha/Run2FULL/2016PreVFP/MC/WJetsToLNu_TuneCP5_13TeV-amcatnloFXFX-pythia8/crab_WJetsToLNu_TuneCP5_13TeV-amcatnloFXFX-pythia8/240205_165114//0000/SSBTree_476.root
adding: dcap://cluster142.knu.ac.kr//pnfs/knu.ac.kr/data/cms/store/user/sha/Run2FULL/2016PreVFP/MC/WJetsToLNu_TuneCP5_13TeV-amcatnloFXFX-pythia8/crab_WJetsToLNu_TuneCP5_13TeV-amcatnloFXFX-pythia8/240205_165114//0000/SSBTree_477.root
adding: dcap://cluster142.knu.ac.kr//pnfs/knu.ac.kr/data/cms/store/user/sha/Run2FULL/2016PreVFP/MC/WJetsToLNu_TuneCP5_13TeV-amcatnloFXFX-pythia8/crab_WJetsToLNu_TuneCP5_13TeV-amcatnloFXFX-pythia8/240205_165114//0000/SSBTree_478.root
adding: dcap://cluster142.knu.ac.kr//pnfs/knu.ac.kr/data/cms/store/user/sha/Run2FULL/2016PreVFP/MC/WJetsToLNu_TuneCP5_13TeV-amcatnloFXFX-pythia8/crab_WJetsToLNu_TuneCP5_13TeV-amcatnloFXFX-pythia8/240205_165114//0000/SSBTree_479.root
Total number of events after merging root files: 245594
Event 0
Event 10000
Event 20000
Event 30000
Event 40000
Event 50000
Event 60000
Event 70000
Event 80000
Event 90000
Event 100000
Event 110000
Event 120000
Event 130000
Event 140000
Event 150000
Event 160000
Event 170000
Event 180000
Event 190000
Event 200000
Event 210000
Event 220000
Event 230000
Event 240000
Total processed number of events: 245594
End processing...

The number of options is: 2
Option 0 = ./TopMass_analysis
Option 1 = WJetsToLNu/WJetsToLNu_54.list
Option 2 = WJetsToLNu/WJetsToLNu_54.txt
Input filelist = WJetsToLNu/WJetsToLNu_54.list
Output file name = WJetsToLNu/WJetsToLNu_54.txt


start merging file(s)
adding: dcap://cluster142.knu.ac.kr//pnfs/knu.ac.kr/data/cms/store/user/sha/Run2FULL/2016PreVFP/MC/WJetsToLNu_TuneCP5_13TeV-amcatnloFXFX-pythia8/crab_WJetsToLNu_TuneCP5_13TeV-amcatnloFXFX-pythia8/240205_165114//0000/SSBTree_579.root
adding: dcap://cluster142.knu.ac.kr//pnfs/knu.ac.kr/data/cms/store/user/sha/Run2FULL/2016PreVFP/MC/WJetsToLNu_TuneCP5_13TeV-amcatnloFXFX-pythia8/crab_WJetsToLNu_TuneCP5_13TeV-amcatnloFXFX-pythia8/240205_165114//0000/SSBTree_57.root
adding: dcap://cluster142.knu.ac.kr//pnfs/knu.ac.kr/data/cms/store/user/sha/Run2FULL/2016PreVFP/MC/WJetsToLNu_TuneCP5_13TeV-amcatnloFXFX-pythia8/crab_WJetsToLNu_TuneCP5_13TeV-amcatnloFXFX-pythia8/240205_165114//0000/SSBTree_580.root
adding: dcap://cluster142.knu.ac.kr//pnfs/knu.ac.kr/data/cms/store/user/sha/Run2FULL/2016PreVFP/MC/WJetsToLNu_TuneCP5_13TeV-amcatnloFXFX-pythia8/crab_WJetsToLNu_TuneCP5_13TeV-amcatnloFXFX-pythia8/240205_165114//0000/SSBTree_581.root
adding: dcap://cluster142.knu.ac.kr//pnfs/knu.ac.kr/data/cms/store/user/sha/Run2FULL/2016PreVFP/MC/WJetsToLNu_TuneCP5_13TeV-amcatnloFXFX-pythia8/crab_WJetsToLNu_TuneCP5_13TeV-amcatnloFXFX-pythia8/240205_165114//0000/SSBTree_582.root
adding: dcap://cluster142.knu.ac.kr//pnfs/knu.ac.kr/data/cms/store/user/sha/Run2FULL/2016PreVFP/MC/WJetsToLNu_TuneCP5_13TeV-amcatnloFXFX-pythia8/crab_WJetsToLNu_TuneCP5_13TeV-amcatnloFXFX-pythia8/240205_165114//0000/SSBTree_583.root
adding: dcap://cluster142.knu.ac.kr//pnfs/knu.ac.kr/data/cms/store/user/sha/Run2FULL/2016PreVFP/MC/WJetsToLNu_TuneCP5_13TeV-amcatnloFXFX-pythia8/crab_WJetsToLNu_TuneCP5_13TeV-amcatnloFXFX-pythia8/240205_165114//0000/SSBTree_584.root
adding: dcap://cluster142.knu.ac.kr//pnfs/knu.ac.kr/data/cms/store/user/sha/Run2FULL/2016PreVFP/MC/WJetsToLNu_TuneCP5_13TeV-amcatnloFXFX-pythia8/crab_WJetsToLNu_TuneCP5_13TeV-amcatnloFXFX-pythia8/240205_165114//0000/SSBTree_585.root
adding: dcap://cluster142.knu.ac.kr//pnfs/knu.ac.kr/data/cms/store/user/sha/Run2FULL/2016PreVFP/MC/WJetsToLNu_TuneCP5_13TeV-amcatnloFXFX-pythia8/crab_WJetsToLNu_TuneCP5_13TeV-amcatnloFXFX-pythia8/240205_165114//0000/SSBTree_586.root
adding: dcap://cluster142.knu.ac.kr//pnfs/knu.ac.kr/data/cms/store/user/sha/Run2FULL/2016PreVFP/MC/WJetsToLNu_TuneCP5_13TeV-amcatnloFXFX-pythia8/crab_WJetsToLNu_TuneCP5_13TeV-amcatnloFXFX-pythia8/240205_165114//0000/SSBTree_587.root
Total number of events after merging root files: 244845
Event 0
Event 10000
Event 20000
Event 30000
Event 40000
Event 50000
Event 60000
Event 70000
Event 80000
Event 90000
Event 100000
Event 110000
Event 120000
Event 130000
Event 140000
Event 150000
Event 160000
Event 170000
Event 180000
Event 190000
Event 200000
Event 210000
Event 220000
Event 230000
Event 240000
Total processed number of events: 244845
End processing...

The number of options is: 2
Option 0 = ./TopMass_analysis
Option 1 = WJetsToLNu/WJetsToLNu_66.list
Option 2 = WJetsToLNu/WJetsToLNu_66.txt
Input filelist = WJetsToLNu/WJetsToLNu_66.list
Output file name = WJetsToLNu/WJetsToLNu_66.txt


start merging file(s)
adding: dcap://cluster142.knu.ac.kr//pnfs/knu.ac.kr/data/cms/store/user/sha/Run2FULL/2016PreVFP/MC/WJetsToLNu_TuneCP5_13TeV-amcatnloFXFX-pythia8/crab_WJetsToLNu_TuneCP5_13TeV-amcatnloFXFX-pythia8/240205_165114//0000/SSBTree_687.root
adding: dcap://cluster142.knu.ac.kr//pnfs/knu.ac.kr/data/cms/store/user/sha/Run2FULL/2016PreVFP/MC/WJetsToLNu_TuneCP5_13TeV-amcatnloFXFX-pythia8/crab_WJetsToLNu_TuneCP5_13TeV-amcatnloFXFX-pythia8/240205_165114//0000/SSBTree_688.root
adding: dcap://cluster142.knu.ac.kr//pnfs/knu.ac.kr/data/cms/store/user/sha/Run2FULL/2016PreVFP/MC/WJetsToLNu_TuneCP5_13TeV-amcatnloFXFX-pythia8/crab_WJetsToLNu_TuneCP5_13TeV-amcatnloFXFX-pythia8/240205_165114//0000/SSBTree_689.root
adding: dcap://cluster142.knu.ac.kr//pnfs/knu.ac.kr/data/cms/store/user/sha/Run2FULL/2016PreVFP/MC/WJetsToLNu_TuneCP5_13TeV-amcatnloFXFX-pythia8/crab_WJetsToLNu_TuneCP5_13TeV-amcatnloFXFX-pythia8/240205_165114//0000/SSBTree_68.root
adding: dcap://cluster142.knu.ac.kr//pnfs/knu.ac.kr/data/cms/store/user/sha/Run2FULL/2016PreVFP/MC/WJetsToLNu_TuneCP5_13TeV-amcatnloFXFX-pythia8/crab_WJetsToLNu_TuneCP5_13TeV-amcatnloFXFX-pythia8/240205_165114//0000/SSBTree_690.root
adding: dcap://cluster142.knu.ac.kr//pnfs/knu.ac.kr/data/cms/store/user/sha/Run2FULL/2016PreVFP/MC/WJetsToLNu_TuneCP5_13TeV-amcatnloFXFX-pythia8/crab_WJetsToLNu_TuneCP5_13TeV-amcatnloFXFX-pythia8/240205_165114//0000/SSBTree_691.root
adding: dcap://cluster142.knu.ac.kr//pnfs/knu.ac.kr/data/cms/store/user/sha/Run2FULL/2016PreVFP/MC/WJetsToLNu_TuneCP5_13TeV-amcatnloFXFX-pythia8/crab_WJetsToLNu_TuneCP5_13TeV-amcatnloFXFX-pythia8/240205_165114//0000/SSBTree_692.root
adding: dcap://cluster142.knu.ac.kr//pnfs/knu.ac.kr/data/cms/store/user/sha/Run2FULL/2016PreVFP/MC/WJetsToLNu_TuneCP5_13TeV-amcatnloFXFX-pythia8/crab_WJetsToLNu_TuneCP5_13TeV-amcatnloFXFX-pythia8/240205_165114//0000/SSBTree_693.root
adding: dcap://cluster142.knu.ac.kr//pnfs/knu.ac.kr/data/cms/store/user/sha/Run2FULL/2016PreVFP/MC/WJetsToLNu_TuneCP5_13TeV-amcatnloFXFX-pythia8/crab_WJetsToLNu_TuneCP5_13TeV-amcatnloFXFX-pythia8/240205_165114//0000/SSBTree_694.root
adding: dcap://cluster142.knu.ac.kr//pnfs/knu.ac.kr/data/cms/store/user/sha/Run2FULL/2016PreVFP/MC/WJetsToLNu_TuneCP5_13TeV-amcatnloFXFX-pythia8/crab_WJetsToLNu_TuneCP5_13TeV-amcatnloFXFX-pythia8/240205_165114//0000/SSBTree_695.root
Total number of events after merging root files: 232211
Event 0
Event 10000
Event 20000
Event 30000
Event 40000
Event 50000
Event 60000
Event 70000
Event 80000
Event 90000
Event 100000
Event 110000
Event 120000
Event 130000
Event 140000
Event 150000
Event 160000
Event 170000
Event 180000
Event 190000
Event 200000
Event 210000
Event 220000
Event 230000
Total processed number of events: 232211
End processing...

The number of options is: 2
Option 0 = ./TopMass_analysis
Option 1 = WJetsToLNu/WJetsToLNu_78.list
Option 2 = WJetsToLNu/WJetsToLNu_78.txt
Input filelist = WJetsToLNu/WJetsToLNu_78.list
Output file name = WJetsToLNu/WJetsToLNu_78.txt


start merging file(s)
adding: dcap://cluster142.knu.ac.kr//pnfs/knu.ac.kr/data/cms/store/user/sha/Run2FULL/2016PreVFP/MC/WJetsToLNu_TuneCP5_13TeV-amcatnloFXFX-pythia8/crab_WJetsToLNu_TuneCP5_13TeV-amcatnloFXFX-pythia8/240205_165114//0000/SSBTree_795.root
adding: dcap://cluster142.knu.ac.kr//pnfs/knu.ac.kr/data/cms/store/user/sha/Run2FULL/2016PreVFP/MC/WJetsToLNu_TuneCP5_13TeV-amcatnloFXFX-pythia8/crab_WJetsToLNu_TuneCP5_13TeV-amcatnloFXFX-pythia8/240205_165114//0000/SSBTree_796.root
adding: dcap://cluster142.knu.ac.kr//pnfs/knu.ac.kr/data/cms/store/user/sha/Run2FULL/2016PreVFP/MC/WJetsToLNu_TuneCP5_13TeV-amcatnloFXFX-pythia8/crab_WJetsToLNu_TuneCP5_13TeV-amcatnloFXFX-pythia8/240205_165114//0000/SSBTree_797.root
adding: dcap://cluster142.knu.ac.kr//pnfs/knu.ac.kr/data/cms/store/user/sha/Run2FULL/2016PreVFP/MC/WJetsToLNu_TuneCP5_13TeV-amcatnloFXFX-pythia8/crab_WJetsToLNu_TuneCP5_13TeV-amcatnloFXFX-pythia8/240205_165114//0000/SSBTree_798.root
adding: dcap://cluster142.knu.ac.kr//pnfs/knu.ac.kr/data/cms/store/user/sha/Run2FULL/2016PreVFP/MC/WJetsToLNu_TuneCP5_13TeV-amcatnloFXFX-pythia8/crab_WJetsToLNu_TuneCP5_13TeV-amcatnloFXFX-pythia8/240205_165114//0000/SSBTree_799.root
adding: dcap://cluster142.knu.ac.kr//pnfs/knu.ac.kr/data/cms/store/user/sha/Run2FULL/2016PreVFP/MC/WJetsToLNu_TuneCP5_13TeV-amcatnloFXFX-pythia8/crab_WJetsToLNu_TuneCP5_13TeV-amcatnloFXFX-pythia8/240205_165114//0000/SSBTree_79.root
adding: dcap://cluster142.knu.ac.kr//pnfs/knu.ac.kr/data/cms/store/user/sha/Run2FULL/2016PreVFP/MC/WJetsToLNu_TuneCP5_13TeV-amcatnloFXFX-pythia8/crab_WJetsToLNu_TuneCP5_13TeV-amcatnloFXFX-pythia8/240205_165114//0000/SSBTree_7.root
adding: dcap://cluster142.knu.ac.kr//pnfs/knu.ac.kr/data/cms/store/user/sha/Run2FULL/2016PreVFP/MC/WJetsToLNu_TuneCP5_13TeV-amcatnloFXFX-pythia8/crab_WJetsToLNu_TuneCP5_13TeV-amcatnloFXFX-pythia8/240205_165114//0000/SSBTree_800.root
adding: dcap://cluster142.knu.ac.kr//pnfs/knu.ac.kr/data/cms/store/user/sha/Run2FULL/2016PreVFP/MC/WJetsToLNu_TuneCP5_13TeV-amcatnloFXFX-pythia8/crab_WJetsToLNu_TuneCP5_13TeV-amcatnloFXFX-pythia8/240205_165114//0000/SSBTree_801.root
adding: dcap://cluster142.knu.ac.kr//pnfs/knu.ac.kr/data/cms/store/user/sha/Run2FULL/2016PreVFP/MC/WJetsToLNu_TuneCP5_13TeV-amcatnloFXFX-pythia8/crab_WJetsToLNu_TuneCP5_13TeV-amcatnloFXFX-pythia8/240205_165114//0000/SSBTree_802.root
Total number of events after merging root files: 245572
Event 0
Event 10000
Event 20000
Event 30000
Event 40000
Event 50000
Event 60000
Event 70000
Event 80000
Event 90000
Event 100000
Event 110000
Event 120000
Event 130000
Event 140000
Event 150000
Event 160000
Event 170000
Event 180000
Event 190000
Event 200000
Event 210000
Event 220000
Event 230000
Event 240000
Total processed number of events: 245572
End processing...

The number of options is: 2
Option 0 = ./TopMass_analysis
Option 1 = WJetsToLNu/WJetsToLNu_90.list
Option 2 = WJetsToLNu/WJetsToLNu_90.txt
Input filelist = WJetsToLNu/WJetsToLNu_90.list
Output file name = WJetsToLNu/WJetsToLNu_90.txt


start merging file(s)
adding: dcap://cluster142.knu.ac.kr//pnfs/knu.ac.kr/data/cms/store/user/sha/Run2FULL/2016PreVFP/MC/WJetsToLNu_TuneCP5_13TeV-amcatnloFXFX-pythia8/crab_WJetsToLNu_TuneCP5_13TeV-amcatnloFXFX-pythia8/240205_165114//0000/SSBTree_902.root
adding: dcap://cluster142.knu.ac.kr//pnfs/knu.ac.kr/data/cms/store/user/sha/Run2FULL/2016PreVFP/MC/WJetsToLNu_TuneCP5_13TeV-amcatnloFXFX-pythia8/crab_WJetsToLNu_TuneCP5_13TeV-amcatnloFXFX-pythia8/240205_165114//0000/SSBTree_903.root
adding: dcap://cluster142.knu.ac.kr//pnfs/knu.ac.kr/data/cms/store/user/sha/Run2FULL/2016PreVFP/MC/WJetsToLNu_TuneCP5_13TeV-amcatnloFXFX-pythia8/crab_WJetsToLNu_TuneCP5_13TeV-amcatnloFXFX-pythia8/240205_165114//0000/SSBTree_904.root
adding: dcap://cluster142.knu.ac.kr//pnfs/knu.ac.kr/data/cms/store/user/sha/Run2FULL/2016PreVFP/MC/WJetsToLNu_TuneCP5_13TeV-amcatnloFXFX-pythia8/crab_WJetsToLNu_TuneCP5_13TeV-amcatnloFXFX-pythia8/240205_165114//0000/SSBTree_905.root
adding: dcap://cluster142.knu.ac.kr//pnfs/knu.ac.kr/data/cms/store/user/sha/Run2FULL/2016PreVFP/MC/WJetsToLNu_TuneCP5_13TeV-amcatnloFXFX-pythia8/crab_WJetsToLNu_TuneCP5_13TeV-amcatnloFXFX-pythia8/240205_165114//0000/SSBTree_906.root
adding: dcap://cluster142.knu.ac.kr//pnfs/knu.ac.kr/data/cms/store/user/sha/Run2FULL/2016PreVFP/MC/WJetsToLNu_TuneCP5_13TeV-amcatnloFXFX-pythia8/crab_WJetsToLNu_TuneCP5_13TeV-amcatnloFXFX-pythia8/240205_165114//0000/SSBTree_907.root
adding: dcap://cluster142.knu.ac.kr//pnfs/knu.ac.kr/data/cms/store/user/sha/Run2FULL/2016PreVFP/MC/WJetsToLNu_TuneCP5_13TeV-amcatnloFXFX-pythia8/crab_WJetsToLNu_TuneCP5_13TeV-amcatnloFXFX-pythia8/240205_165114//0000/SSBTree_908.root
adding: dcap://cluster142.knu.ac.kr//pnfs/knu.ac.kr/data/cms/store/user/sha/Run2FULL/2016PreVFP/MC/WJetsToLNu_TuneCP5_13TeV-amcatnloFXFX-pythia8/crab_WJetsToLNu_TuneCP5_13TeV-amcatnloFXFX-pythia8/240205_165114//0000/SSBTree_909.root
adding: dcap://cluster142.knu.ac.kr//pnfs/knu.ac.kr/data/cms/store/user/sha/Run2FULL/2016PreVFP/MC/WJetsToLNu_TuneCP5_13TeV-amcatnloFXFX-pythia8/crab_WJetsToLNu_TuneCP5_13TeV-amcatnloFXFX-pythia8/240205_165114//0000/SSBTree_90.root
adding: dcap://cluster142.knu.ac.kr//pnfs/knu.ac.kr/data/cms/store/user/sha/Run2FULL/2016PreVFP/MC/WJetsToLNu_TuneCP5_13TeV-amcatnloFXFX-pythia8/crab_WJetsToLNu_TuneCP5_13TeV-amcatnloFXFX-pythia8/240205_165114//0000/SSBTree_910.root
Total number of events after merging root files: 245221
Event 0
Event 10000
Event 20000
Event 30000
Event 40000
Event 50000
Event 60000
Event 70000
Event 80000
Event 90000
Event 100000
Event 110000
Event 120000
Event 130000
Event 140000
Event 150000
Event 160000
Event 170000
Event 180000
Event 190000
Event 200000
Event 210000
Event 220000
Event 230000
Event 240000
Total processed number of events: 245221
End processing...

The number of options is: 2
Option 0 = ./TopMass_analysis
Option 1 = WJetsToLNu/WJetsToLNu_102.list
Option 2 = WJetsToLNu/WJetsToLNu_102.txt
Input filelist = WJetsToLNu/WJetsToLNu_102.list
Output file name = WJetsToLNu/WJetsToLNu_102.txt


start merging file(s)
adding: dcap://cluster142.knu.ac.kr//pnfs/knu.ac.kr/data/cms/store/user/sha/Run2FULL/2016PreVFP/MC/WJetsToLNu_TuneCP5_13TeV-amcatnloFXFX-pythia8/crab_WJetsToLNu_TuneCP5_13TeV-amcatnloFXFX-pythia8/240205_165114//0001/SSBTree_1011.root
adding: dcap://cluster142.knu.ac.kr//pnfs/knu.ac.kr/data/cms/store/user/sha/Run2FULL/2016PreVFP/MC/WJetsToLNu_TuneCP5_13TeV-amcatnloFXFX-pythia8/crab_WJetsToLNu_TuneCP5_13TeV-amcatnloFXFX-pythia8/240205_165114//0001/SSBTree_1012.root
adding: dcap://cluster142.knu.ac.kr//pnfs/knu.ac.kr/data/cms/store/user/sha/Run2FULL/2016PreVFP/MC/WJetsToLNu_TuneCP5_13TeV-amcatnloFXFX-pythia8/crab_WJetsToLNu_TuneCP5_13TeV-amcatnloFXFX-pythia8/240205_165114//0001/SSBTree_1013.root
adding: dcap://cluster142.knu.ac.kr//pnfs/knu.ac.kr/data/cms/store/user/sha/Run2FULL/2016PreVFP/MC/WJetsToLNu_TuneCP5_13TeV-amcatnloFXFX-pythia8/crab_WJetsToLNu_TuneCP5_13TeV-amcatnloFXFX-pythia8/240205_165114//0001/SSBTree_1014.root
adding: dcap://cluster142.knu.ac.kr//pnfs/knu.ac.kr/data/cms/store/user/sha/Run2FULL/2016PreVFP/MC/WJetsToLNu_TuneCP5_13TeV-amcatnloFXFX-pythia8/crab_WJetsToLNu_TuneCP5_13TeV-amcatnloFXFX-pythia8/240205_165114//0001/SSBTree_1015.root
adding: dcap://cluster142.knu.ac.kr//pnfs/knu.ac.kr/data/cms/store/user/sha/Run2FULL/2016PreVFP/MC/WJetsToLNu_TuneCP5_13TeV-amcatnloFXFX-pythia8/crab_WJetsToLNu_TuneCP5_13TeV-amcatnloFXFX-pythia8/240205_165114//0001/SSBTree_1016.root
adding: dcap://cluster142.knu.ac.kr//pnfs/knu.ac.kr/data/cms/store/user/sha/Run2FULL/2016PreVFP/MC/WJetsToLNu_TuneCP5_13TeV-amcatnloFXFX-pythia8/crab_WJetsToLNu_TuneCP5_13TeV-amcatnloFXFX-pythia8/240205_165114//0001/SSBTree_1017.root
adding: dcap://cluster142.knu.ac.kr//pnfs/knu.ac.kr/data/cms/store/user/sha/Run2FULL/2016PreVFP/MC/WJetsToLNu_TuneCP5_13TeV-amcatnloFXFX-pythia8/crab_WJetsToLNu_TuneCP5_13TeV-amcatnloFXFX-pythia8/240205_165114//0001/SSBTree_1018.root
adding: dcap://cluster142.knu.ac.kr//pnfs/knu.ac.kr/data/cms/store/user/sha/Run2FULL/2016PreVFP/MC/WJetsToLNu_TuneCP5_13TeV-amcatnloFXFX-pythia8/crab_WJetsToLNu_TuneCP5_13TeV-amcatnloFXFX-pythia8/240205_165114//0001/SSBTree_1019.root
adding: dcap://cluster142.knu.ac.kr//pnfs/knu.ac.kr/data/cms/store/user/sha/Run2FULL/2016PreVFP/MC/WJetsToLNu_TuneCP5_13TeV-amcatnloFXFX-pythia8/crab_WJetsToLNu_TuneCP5_13TeV-amcatnloFXFX-pythia8/240205_165114//0001/SSBTree_1020.root
Total number of events after merging root files: 245868
Event 0
Event 10000
Event 20000
Event 30000
Event 40000
Event 50000
Event 60000
Event 70000
Event 80000
Event 90000
Event 100000
Event 110000
Event 120000
Event 130000
Event 140000
Event 150000
Event 160000
Event 170000
Event 180000
Event 190000
Event 200000
Event 210000
Event 220000
Event 230000
Event 240000
Total processed number of events: 245868
End processing...

The number of options is: 2
Option 0 = ./TopMass_analysis
Option 1 = WJetsToLNu/WJetsToLNu_114.list
Option 2 = WJetsToLNu/WJetsToLNu_114.txt
Input filelist = WJetsToLNu/WJetsToLNu_114.list
Output file name = WJetsToLNu/WJetsToLNu_114.txt


start merging file(s)
adding: dcap://cluster142.knu.ac.kr//pnfs/knu.ac.kr/data/cms/store/user/sha/Run2FULL/2016PreVFP/MC/WJetsToLNu_TuneCP5_13TeV-amcatnloFXFX-pythia8/crab_WJetsToLNu_TuneCP5_13TeV-amcatnloFXFX-pythia8/240205_165114//0001/SSBTree_1131.root
adding: dcap://cluster142.knu.ac.kr//pnfs/knu.ac.kr/data/cms/store/user/sha/Run2FULL/2016PreVFP/MC/WJetsToLNu_TuneCP5_13TeV-amcatnloFXFX-pythia8/crab_WJetsToLNu_TuneCP5_13TeV-amcatnloFXFX-pythia8/240205_165114//0001/SSBTree_1132.root
adding: dcap://cluster142.knu.ac.kr//pnfs/knu.ac.kr/data/cms/store/user/sha/Run2FULL/2016PreVFP/MC/WJetsToLNu_TuneCP5_13TeV-amcatnloFXFX-pythia8/crab_WJetsToLNu_TuneCP5_13TeV-amcatnloFXFX-pythia8/240205_165114//0001/SSBTree_1133.root
adding: dcap://cluster142.knu.ac.kr//pnfs/knu.ac.kr/data/cms/store/user/sha/Run2FULL/2016PreVFP/MC/WJetsToLNu_TuneCP5_13TeV-amcatnloFXFX-pythia8/crab_WJetsToLNu_TuneCP5_13TeV-amcatnloFXFX-pythia8/240205_165114//0001/SSBTree_1134.root
adding: dcap://cluster142.knu.ac.kr//pnfs/knu.ac.kr/data/cms/store/user/sha/Run2FULL/2016PreVFP/MC/WJetsToLNu_TuneCP5_13TeV-amcatnloFXFX-pythia8/crab_WJetsToLNu_TuneCP5_13TeV-amcatnloFXFX-pythia8/240205_165114//0001/SSBTree_1135.root
adding: dcap://cluster142.knu.ac.kr//pnfs/knu.ac.kr/data/cms/store/user/sha/Run2FULL/2016PreVFP/MC/WJetsToLNu_TuneCP5_13TeV-amcatnloFXFX-pythia8/crab_WJetsToLNu_TuneCP5_13TeV-amcatnloFXFX-pythia8/240205_165114//0001/SSBTree_1136.root
adding: dcap://cluster142.knu.ac.kr//pnfs/knu.ac.kr/data/cms/store/user/sha/Run2FULL/2016PreVFP/MC/WJetsToLNu_TuneCP5_13TeV-amcatnloFXFX-pythia8/crab_WJetsToLNu_TuneCP5_13TeV-amcatnloFXFX-pythia8/240205_165114//0001/SSBTree_1137.root
adding: dcap://cluster142.knu.ac.kr//pnfs/knu.ac.kr/data/cms/store/user/sha/Run2FULL/2016PreVFP/MC/WJetsToLNu_TuneCP5_13TeV-amcatnloFXFX-pythia8/crab_WJetsToLNu_TuneCP5_13TeV-amcatnloFXFX-pythia8/240205_165114//0001/SSBTree_1138.root
adding: dcap://cluster142.knu.ac.kr//pnfs/knu.ac.kr/data/cms/store/user/sha/Run2FULL/2016PreVFP/MC/WJetsToLNu_TuneCP5_13TeV-amcatnloFXFX-pythia8/crab_WJetsToLNu_TuneCP5_13TeV-amcatnloFXFX-pythia8/240205_165114//0001/SSBTree_1139.root
adding: dcap://cluster142.knu.ac.kr//pnfs/knu.ac.kr/data/cms/store/user/sha/Run2FULL/2016PreVFP/MC/WJetsToLNu_TuneCP5_13TeV-amcatnloFXFX-pythia8/crab_WJetsToLNu_TuneCP5_13TeV-amcatnloFXFX-pythia8/240205_165114//0001/SSBTree_1140.root
Total number of events after merging root files: 245426
Event 0
Event 10000
Event 20000
Event 30000
Event 40000
Event 50000
Event 60000
Event 70000
Event 80000
Event 90000
Event 100000
Event 110000
Event 120000
Event 130000
Event 140000
Event 150000
Event 160000
Event 170000
Event 180000
Event 190000
Event 200000
Event 210000
Event 220000
Event 230000
Event 240000
Total processed number of events: 245426
End processing...

