The number of options is: 2
Option 0 = ./TopMass_analysis
Option 1 = SingleMuon_Run2016Bv2/SingleMuon_Run2016Bv2_5.list
Option 2 = SingleMuon_Run2016Bv2/SingleMuon_Run2016Bv2_5.txt
Input filelist = SingleMuon_Run2016Bv2/SingleMuon_Run2016Bv2_5.list
Output file name = SingleMuon_Run2016Bv2/SingleMuon_Run2016Bv2_5.txt


start merging file(s)
adding: dcap://cluster142.knu.ac.kr//pnfs/knu.ac.kr/data/cms/store/user/sha/Run2FULL/2016PreVFP/DATA/SingleMuon/crab_SingleMuon_Run2016B-ver2/240205_181216//0000/SSBTree_137.root
adding: dcap://cluster142.knu.ac.kr//pnfs/knu.ac.kr/data/cms/store/user/sha/Run2FULL/2016PreVFP/DATA/SingleMuon/crab_SingleMuon_Run2016B-ver2/240205_181216//0000/SSBTree_138.root
adding: dcap://cluster142.knu.ac.kr//pnfs/knu.ac.kr/data/cms/store/user/sha/Run2FULL/2016PreVFP/DATA/SingleMuon/crab_SingleMuon_Run2016B-ver2/240205_181216//0000/SSBTree_139.root
adding: dcap://cluster142.knu.ac.kr//pnfs/knu.ac.kr/data/cms/store/user/sha/Run2FULL/2016PreVFP/DATA/SingleMuon/crab_SingleMuon_Run2016B-ver2/240205_181216//0000/SSBTree_13.root
adding: dcap://cluster142.knu.ac.kr//pnfs/knu.ac.kr/data/cms/store/user/sha/Run2FULL/2016PreVFP/DATA/SingleMuon/crab_SingleMuon_Run2016B-ver2/240205_181216//0000/SSBTree_140.root
adding: dcap://cluster142.knu.ac.kr//pnfs/knu.ac.kr/data/cms/store/user/sha/Run2FULL/2016PreVFP/DATA/SingleMuon/crab_SingleMuon_Run2016B-ver2/240205_181216//0000/SSBTree_141.root
adding: dcap://cluster142.knu.ac.kr//pnfs/knu.ac.kr/data/cms/store/user/sha/Run2FULL/2016PreVFP/DATA/SingleMuon/crab_SingleMuon_Run2016B-ver2/240205_181216//0000/SSBTree_142.root
adding: dcap://cluster142.knu.ac.kr//pnfs/knu.ac.kr/data/cms/store/user/sha/Run2FULL/2016PreVFP/DATA/SingleMuon/crab_SingleMuon_Run2016B-ver2/240205_181216//0000/SSBTree_143.root
adding: dcap://cluster142.knu.ac.kr//pnfs/knu.ac.kr/data/cms/store/user/sha/Run2FULL/2016PreVFP/DATA/SingleMuon/crab_SingleMuon_Run2016B-ver2/240205_181216//0000/SSBTree_144.root
adding: dcap://cluster142.knu.ac.kr//pnfs/knu.ac.kr/data/cms/store/user/sha/Run2FULL/2016PreVFP/DATA/SingleMuon/crab_SingleMuon_Run2016B-ver2/240205_181216//0000/SSBTree_145.root
Total number of events after merging root files: 703052
Event 0
Event 10000
Event 20000
Event 30000
Event 40000
Event 50000
Event 60000
Event 70000
Event 80000
Event 90000
Event 100000
Event 110000
Event 120000
Event 130000
Event 140000
Event 150000
Event 160000
Event 170000
Event 180000
Event 190000
Event 200000
Event 210000
Event 220000
Event 230000
Event 240000
Event 250000
Event 260000
Event 270000
Event 280000
Event 290000
Event 300000
Event 310000
Event 320000
Event 330000
Event 340000
Event 350000
Event 360000
Event 370000
Event 380000
Event 390000
Event 400000
Event 410000
Event 420000
Event 430000
Event 440000
Event 450000
Event 460000
Event 470000
Event 480000
Event 490000
Event 500000
Event 510000
Event 520000
Event 530000
Event 540000
Event 550000
Event 560000
Event 570000
Event 580000
Event 590000
Event 600000
Event 610000
Event 620000
Event 630000
Event 640000
Event 650000
Event 660000
Event 670000
Event 680000
Event 690000
Event 700000
Total processed number of events: 703052
End processing...

The number of options is: 2
Option 0 = ./TopMass_analysis
Option 1 = SingleMuon_Run2016Bv2/SingleMuon_Run2016Bv2_32.list
Option 2 = SingleMuon_Run2016Bv2/SingleMuon_Run2016Bv2_32.txt
Input filelist = SingleMuon_Run2016Bv2/SingleMuon_Run2016Bv2_32.list
Output file name = SingleMuon_Run2016Bv2/SingleMuon_Run2016Bv2_32.txt


start merging file(s)
adding: dcap://cluster142.knu.ac.kr//pnfs/knu.ac.kr/data/cms/store/user/sha/Run2FULL/2016PreVFP/DATA/SingleMuon/crab_SingleMuon_Run2016B-ver2/240205_181216//0000/SSBTree_380.root
adding: dcap://cluster142.knu.ac.kr//pnfs/knu.ac.kr/data/cms/store/user/sha/Run2FULL/2016PreVFP/DATA/SingleMuon/crab_SingleMuon_Run2016B-ver2/240205_181216//0000/SSBTree_381.root
adding: dcap://cluster142.knu.ac.kr//pnfs/knu.ac.kr/data/cms/store/user/sha/Run2FULL/2016PreVFP/DATA/SingleMuon/crab_SingleMuon_Run2016B-ver2/240205_181216//0000/SSBTree_382.root
adding: dcap://cluster142.knu.ac.kr//pnfs/knu.ac.kr/data/cms/store/user/sha/Run2FULL/2016PreVFP/DATA/SingleMuon/crab_SingleMuon_Run2016B-ver2/240205_181216//0000/SSBTree_383.root
adding: dcap://cluster142.knu.ac.kr//pnfs/knu.ac.kr/data/cms/store/user/sha/Run2FULL/2016PreVFP/DATA/SingleMuon/crab_SingleMuon_Run2016B-ver2/240205_181216//0000/SSBTree_384.root
adding: dcap://cluster142.knu.ac.kr//pnfs/knu.ac.kr/data/cms/store/user/sha/Run2FULL/2016PreVFP/DATA/SingleMuon/crab_SingleMuon_Run2016B-ver2/240205_181216//0000/SSBTree_385.root
adding: dcap://cluster142.knu.ac.kr//pnfs/knu.ac.kr/data/cms/store/user/sha/Run2FULL/2016PreVFP/DATA/SingleMuon/crab_SingleMuon_Run2016B-ver2/240205_181216//0000/SSBTree_386.root
adding: dcap://cluster142.knu.ac.kr//pnfs/knu.ac.kr/data/cms/store/user/sha/Run2FULL/2016PreVFP/DATA/SingleMuon/crab_SingleMuon_Run2016B-ver2/240205_181216//0000/SSBTree_387.root
adding: dcap://cluster142.knu.ac.kr//pnfs/knu.ac.kr/data/cms/store/user/sha/Run2FULL/2016PreVFP/DATA/SingleMuon/crab_SingleMuon_Run2016B-ver2/240205_181216//0000/SSBTree_388.root
adding: dcap://cluster142.knu.ac.kr//pnfs/knu.ac.kr/data/cms/store/user/sha/Run2FULL/2016PreVFP/DATA/SingleMuon/crab_SingleMuon_Run2016B-ver2/240205_181216//0000/SSBTree_389.root
Total number of events after merging root files: 508731
Event 0
Event 10000
Event 20000
Event 30000
Event 40000
Event 50000
Event 60000
Event 70000
Event 80000
Event 90000
Event 100000
Event 110000
Event 120000
Event 130000
Event 140000
Event 150000
Event 160000
Event 170000
Event 180000
Event 190000
Event 200000
Event 210000
Event 220000
Event 230000
Event 240000
Event 250000
Event 260000
Event 270000
Event 280000
Event 290000
Event 300000
Event 310000
Event 320000
Event 330000
Event 340000
Event 350000
Event 360000
Event 370000
Event 380000
Event 390000
Event 400000
Event 410000
Event 420000
Event 430000
Event 440000
Event 450000
Event 460000
Event 470000
Event 480000
Event 490000
Event 500000
Total processed number of events: 508731
End processing...

The number of options is: 2
Option 0 = ./TopMass_analysis
Option 1 = SingleMuon_Run2016Bv2/SingleMuon_Run2016Bv2_59.list
Option 2 = SingleMuon_Run2016Bv2/SingleMuon_Run2016Bv2_59.txt
Input filelist = SingleMuon_Run2016Bv2/SingleMuon_Run2016Bv2_59.list
Output file name = SingleMuon_Run2016Bv2/SingleMuon_Run2016Bv2_59.txt


start merging file(s)
adding: dcap://cluster142.knu.ac.kr//pnfs/knu.ac.kr/data/cms/store/user/sha/Run2FULL/2016PreVFP/DATA/SingleMuon/crab_SingleMuon_Run2016B-ver2/240205_181216//0000/SSBTree_623.root
adding: dcap://cluster142.knu.ac.kr//pnfs/knu.ac.kr/data/cms/store/user/sha/Run2FULL/2016PreVFP/DATA/SingleMuon/crab_SingleMuon_Run2016B-ver2/240205_181216//0000/SSBTree_624.root
adding: dcap://cluster142.knu.ac.kr//pnfs/knu.ac.kr/data/cms/store/user/sha/Run2FULL/2016PreVFP/DATA/SingleMuon/crab_SingleMuon_Run2016B-ver2/240205_181216//0000/SSBTree_625.root
adding: dcap://cluster142.knu.ac.kr//pnfs/knu.ac.kr/data/cms/store/user/sha/Run2FULL/2016PreVFP/DATA/SingleMuon/crab_SingleMuon_Run2016B-ver2/240205_181216//0000/SSBTree_626.root
adding: dcap://cluster142.knu.ac.kr//pnfs/knu.ac.kr/data/cms/store/user/sha/Run2FULL/2016PreVFP/DATA/SingleMuon/crab_SingleMuon_Run2016B-ver2/240205_181216//0000/SSBTree_627.root
adding: dcap://cluster142.knu.ac.kr//pnfs/knu.ac.kr/data/cms/store/user/sha/Run2FULL/2016PreVFP/DATA/SingleMuon/crab_SingleMuon_Run2016B-ver2/240205_181216//0000/SSBTree_628.root
adding: dcap://cluster142.knu.ac.kr//pnfs/knu.ac.kr/data/cms/store/user/sha/Run2FULL/2016PreVFP/DATA/SingleMuon/crab_SingleMuon_Run2016B-ver2/240205_181216//0000/SSBTree_629.root
adding: dcap://cluster142.knu.ac.kr//pnfs/knu.ac.kr/data/cms/store/user/sha/Run2FULL/2016PreVFP/DATA/SingleMuon/crab_SingleMuon_Run2016B-ver2/240205_181216//0000/SSBTree_62.root
adding: dcap://cluster142.knu.ac.kr//pnfs/knu.ac.kr/data/cms/store/user/sha/Run2FULL/2016PreVFP/DATA/SingleMuon/crab_SingleMuon_Run2016B-ver2/240205_181216//0000/SSBTree_630.root
adding: dcap://cluster142.knu.ac.kr//pnfs/knu.ac.kr/data/cms/store/user/sha/Run2FULL/2016PreVFP/DATA/SingleMuon/crab_SingleMuon_Run2016B-ver2/240205_181216//0000/SSBTree_631.root
Total number of events after merging root files: 289743
Event 0
Event 10000
Event 20000
Event 30000
Event 40000
Event 50000
Event 60000
Event 70000
Event 80000
Event 90000
Event 100000
Event 110000
Event 120000
Event 130000
Event 140000
Event 150000
Event 160000
Event 170000
Event 180000
Event 190000
Event 200000
Event 210000
Event 220000
Event 230000
Event 240000
Event 250000
Event 260000
Event 270000
Event 280000
Total processed number of events: 289743
End processing...

The number of options is: 2
Option 0 = ./TopMass_analysis
Option 1 = SingleMuon_Run2016Bv2/SingleMuon_Run2016Bv2_86.list
Option 2 = SingleMuon_Run2016Bv2/SingleMuon_Run2016Bv2_86.txt
Input filelist = SingleMuon_Run2016Bv2/SingleMuon_Run2016Bv2_86.list
Output file name = SingleMuon_Run2016Bv2/SingleMuon_Run2016Bv2_86.txt


start merging file(s)
adding: dcap://cluster142.knu.ac.kr//pnfs/knu.ac.kr/data/cms/store/user/sha/Run2FULL/2016PreVFP/DATA/SingleMuon/crab_SingleMuon_Run2016B-ver2/240205_181216//0000/SSBTree_867.root
adding: dcap://cluster142.knu.ac.kr//pnfs/knu.ac.kr/data/cms/store/user/sha/Run2FULL/2016PreVFP/DATA/SingleMuon/crab_SingleMuon_Run2016B-ver2/240205_181216//0000/SSBTree_868.root
adding: dcap://cluster142.knu.ac.kr//pnfs/knu.ac.kr/data/cms/store/user/sha/Run2FULL/2016PreVFP/DATA/SingleMuon/crab_SingleMuon_Run2016B-ver2/240205_181216//0000/SSBTree_869.root
adding: dcap://cluster142.knu.ac.kr//pnfs/knu.ac.kr/data/cms/store/user/sha/Run2FULL/2016PreVFP/DATA/SingleMuon/crab_SingleMuon_Run2016B-ver2/240205_181216//0000/SSBTree_86.root
adding: dcap://cluster142.knu.ac.kr//pnfs/knu.ac.kr/data/cms/store/user/sha/Run2FULL/2016PreVFP/DATA/SingleMuon/crab_SingleMuon_Run2016B-ver2/240205_181216//0000/SSBTree_870.root
adding: dcap://cluster142.knu.ac.kr//pnfs/knu.ac.kr/data/cms/store/user/sha/Run2FULL/2016PreVFP/DATA/SingleMuon/crab_SingleMuon_Run2016B-ver2/240205_181216//0000/SSBTree_871.root
adding: dcap://cluster142.knu.ac.kr//pnfs/knu.ac.kr/data/cms/store/user/sha/Run2FULL/2016PreVFP/DATA/SingleMuon/crab_SingleMuon_Run2016B-ver2/240205_181216//0000/SSBTree_872.root
adding: dcap://cluster142.knu.ac.kr//pnfs/knu.ac.kr/data/cms/store/user/sha/Run2FULL/2016PreVFP/DATA/SingleMuon/crab_SingleMuon_Run2016B-ver2/240205_181216//0000/SSBTree_873.root
adding: dcap://cluster142.knu.ac.kr//pnfs/knu.ac.kr/data/cms/store/user/sha/Run2FULL/2016PreVFP/DATA/SingleMuon/crab_SingleMuon_Run2016B-ver2/240205_181216//0000/SSBTree_874.root
adding: dcap://cluster142.knu.ac.kr//pnfs/knu.ac.kr/data/cms/store/user/sha/Run2FULL/2016PreVFP/DATA/SingleMuon/crab_SingleMuon_Run2016B-ver2/240205_181216//0000/SSBTree_875.root
Total number of events after merging root files: 706693
Event 0
Event 10000
Event 20000
Event 30000
Event 40000
Event 50000
Event 60000
Event 70000
Event 80000
Event 90000
Event 100000
Event 110000
Event 120000
Event 130000
Event 140000
Event 150000
Event 160000
Event 170000
Event 180000
Event 190000
Event 200000
Event 210000
Event 220000
Event 230000
Event 240000
Event 250000
Event 260000
Event 270000
Event 280000
Event 290000
Event 300000
Event 310000
Event 320000
Event 330000
Event 340000
Event 350000
Event 360000
Event 370000
Event 380000
Event 390000
Event 400000
Event 410000
Event 420000
Event 430000
Event 440000
Event 450000
Event 460000
Event 470000
Event 480000
Event 490000
Event 500000
Event 510000
Event 520000
Event 530000
Event 540000
Event 550000
Event 560000
Event 570000
Event 580000
Event 590000
Event 600000
Event 610000
Event 620000
Event 630000
Event 640000
Event 650000
Event 660000
Event 670000
Event 680000
Event 690000
Event 700000
Total processed number of events: 706693
End processing...

The number of options is: 2
Option 0 = ./TopMass_analysis
Option 1 = SingleMuon_Run2016Bv2/SingleMuon_Run2016Bv2_113.list
Option 2 = SingleMuon_Run2016Bv2/SingleMuon_Run2016Bv2_113.txt
Input filelist = SingleMuon_Run2016Bv2/SingleMuon_Run2016Bv2_113.list
Output file name = SingleMuon_Run2016Bv2/SingleMuon_Run2016Bv2_113.txt


start merging file(s)
adding: dcap://cluster142.knu.ac.kr//pnfs/knu.ac.kr/data/cms/store/user/sha/Run2FULL/2016PreVFP/DATA/SingleMuon/crab_SingleMuon_Run2016B-ver2/240205_181216//0001/SSBTree_1121.root
adding: dcap://cluster142.knu.ac.kr//pnfs/knu.ac.kr/data/cms/store/user/sha/Run2FULL/2016PreVFP/DATA/SingleMuon/crab_SingleMuon_Run2016B-ver2/240205_181216//0001/SSBTree_1122.root
adding: dcap://cluster142.knu.ac.kr//pnfs/knu.ac.kr/data/cms/store/user/sha/Run2FULL/2016PreVFP/DATA/SingleMuon/crab_SingleMuon_Run2016B-ver2/240205_181216//0001/SSBTree_1123.root
adding: dcap://cluster142.knu.ac.kr//pnfs/knu.ac.kr/data/cms/store/user/sha/Run2FULL/2016PreVFP/DATA/SingleMuon/crab_SingleMuon_Run2016B-ver2/240205_181216//0001/SSBTree_1124.root
adding: dcap://cluster142.knu.ac.kr//pnfs/knu.ac.kr/data/cms/store/user/sha/Run2FULL/2016PreVFP/DATA/SingleMuon/crab_SingleMuon_Run2016B-ver2/240205_181216//0001/SSBTree_1125.root
adding: dcap://cluster142.knu.ac.kr//pnfs/knu.ac.kr/data/cms/store/user/sha/Run2FULL/2016PreVFP/DATA/SingleMuon/crab_SingleMuon_Run2016B-ver2/240205_181216//0001/SSBTree_1126.root
adding: dcap://cluster142.knu.ac.kr//pnfs/knu.ac.kr/data/cms/store/user/sha/Run2FULL/2016PreVFP/DATA/SingleMuon/crab_SingleMuon_Run2016B-ver2/240205_181216//0001/SSBTree_1127.root
adding: dcap://cluster142.knu.ac.kr//pnfs/knu.ac.kr/data/cms/store/user/sha/Run2FULL/2016PreVFP/DATA/SingleMuon/crab_SingleMuon_Run2016B-ver2/240205_181216//0001/SSBTree_1128.root
adding: dcap://cluster142.knu.ac.kr//pnfs/knu.ac.kr/data/cms/store/user/sha/Run2FULL/2016PreVFP/DATA/SingleMuon/crab_SingleMuon_Run2016B-ver2/240205_181216//0001/SSBTree_1129.root
adding: dcap://cluster142.knu.ac.kr//pnfs/knu.ac.kr/data/cms/store/user/sha/Run2FULL/2016PreVFP/DATA/SingleMuon/crab_SingleMuon_Run2016B-ver2/240205_181216//0001/SSBTree_1130.root
Total number of events after merging root files: 239845
Event 0
Event 10000
Event 20000
Event 30000
Event 40000
Event 50000
Event 60000
Event 70000
Event 80000
Event 90000
Event 100000
Event 110000
Event 120000
Event 130000
Event 140000
Event 150000
Event 160000
Event 170000
Event 180000
Event 190000
Event 200000
Event 210000
Event 220000
Event 230000
Total processed number of events: 239845
End processing...

The number of options is: 2
Option 0 = ./TopMass_analysis
Option 1 = SingleMuon_Run2016Bv2/SingleMuon_Run2016Bv2_140.list
Option 2 = SingleMuon_Run2016Bv2/SingleMuon_Run2016Bv2_140.txt
Input filelist = SingleMuon_Run2016Bv2/SingleMuon_Run2016Bv2_140.list
Output file name = SingleMuon_Run2016Bv2/SingleMuon_Run2016Bv2_140.txt


start merging file(s)
adding: dcap://cluster142.knu.ac.kr//pnfs/knu.ac.kr/data/cms/store/user/sha/Run2FULL/2016PreVFP/DATA/SingleMuon/crab_SingleMuon_Run2016B-ver2/240205_181216//0001/SSBTree_1391.root
adding: dcap://cluster142.knu.ac.kr//pnfs/knu.ac.kr/data/cms/store/user/sha/Run2FULL/2016PreVFP/DATA/SingleMuon/crab_SingleMuon_Run2016B-ver2/240205_181216//0001/SSBTree_1392.root
adding: dcap://cluster142.knu.ac.kr//pnfs/knu.ac.kr/data/cms/store/user/sha/Run2FULL/2016PreVFP/DATA/SingleMuon/crab_SingleMuon_Run2016B-ver2/240205_181216//0001/SSBTree_1393.root
adding: dcap://cluster142.knu.ac.kr//pnfs/knu.ac.kr/data/cms/store/user/sha/Run2FULL/2016PreVFP/DATA/SingleMuon/crab_SingleMuon_Run2016B-ver2/240205_181216//0001/SSBTree_1394.root
adding: dcap://cluster142.knu.ac.kr//pnfs/knu.ac.kr/data/cms/store/user/sha/Run2FULL/2016PreVFP/DATA/SingleMuon/crab_SingleMuon_Run2016B-ver2/240205_181216//0001/SSBTree_1395.root
adding: dcap://cluster142.knu.ac.kr//pnfs/knu.ac.kr/data/cms/store/user/sha/Run2FULL/2016PreVFP/DATA/SingleMuon/crab_SingleMuon_Run2016B-ver2/240205_181216//0001/SSBTree_1396.root
adding: dcap://cluster142.knu.ac.kr//pnfs/knu.ac.kr/data/cms/store/user/sha/Run2FULL/2016PreVFP/DATA/SingleMuon/crab_SingleMuon_Run2016B-ver2/240205_181216//0001/SSBTree_1397.root
adding: dcap://cluster142.knu.ac.kr//pnfs/knu.ac.kr/data/cms/store/user/sha/Run2FULL/2016PreVFP/DATA/SingleMuon/crab_SingleMuon_Run2016B-ver2/240205_181216//0001/SSBTree_1398.root
adding: dcap://cluster142.knu.ac.kr//pnfs/knu.ac.kr/data/cms/store/user/sha/Run2FULL/2016PreVFP/DATA/SingleMuon/crab_SingleMuon_Run2016B-ver2/240205_181216//0001/SSBTree_1399.root
adding: dcap://cluster142.knu.ac.kr//pnfs/knu.ac.kr/data/cms/store/user/sha/Run2FULL/2016PreVFP/DATA/SingleMuon/crab_SingleMuon_Run2016B-ver2/240205_181216//0001/SSBTree_1400.root
Total number of events after merging root files: 467027
Event 0
Event 10000
Event 20000
Event 30000
Event 40000
Event 50000
Event 60000
Event 70000
Event 80000
Event 90000
Event 100000
Event 110000
Event 120000
Event 130000
Event 140000
Event 150000
Event 160000
Event 170000
Event 180000
Event 190000
Event 200000
Event 210000
Event 220000
Event 230000
Event 240000
Event 250000
Event 260000
Event 270000
Event 280000
Event 290000
Event 300000
Event 310000
Event 320000
Event 330000
Event 340000
Event 350000
Event 360000
Event 370000
Event 380000
Event 390000
Event 400000
Event 410000
Event 420000
Event 430000
Event 440000
Event 450000
Event 460000
Total processed number of events: 467027
End processing...

The number of options is: 2
Option 0 = ./TopMass_analysis
Option 1 = SingleMuon_Run2016Bv2/SingleMuon_Run2016Bv2_167.list
Option 2 = SingleMuon_Run2016Bv2/SingleMuon_Run2016Bv2_167.txt
Input filelist = SingleMuon_Run2016Bv2/SingleMuon_Run2016Bv2_167.list
Output file name = SingleMuon_Run2016Bv2/SingleMuon_Run2016Bv2_167.txt


start merging file(s)
adding: dcap://cluster142.knu.ac.kr//pnfs/knu.ac.kr/data/cms/store/user/sha/Run2FULL/2016PreVFP/DATA/SingleMuon/crab_SingleMuon_Run2016B-ver2/240205_181216//0001/SSBTree_1661.root
adding: dcap://cluster142.knu.ac.kr//pnfs/knu.ac.kr/data/cms/store/user/sha/Run2FULL/2016PreVFP/DATA/SingleMuon/crab_SingleMuon_Run2016B-ver2/240205_181216//0001/SSBTree_1662.root
adding: dcap://cluster142.knu.ac.kr//pnfs/knu.ac.kr/data/cms/store/user/sha/Run2FULL/2016PreVFP/DATA/SingleMuon/crab_SingleMuon_Run2016B-ver2/240205_181216//0001/SSBTree_1663.root
adding: dcap://cluster142.knu.ac.kr//pnfs/knu.ac.kr/data/cms/store/user/sha/Run2FULL/2016PreVFP/DATA/SingleMuon/crab_SingleMuon_Run2016B-ver2/240205_181216//0001/SSBTree_1664.root
adding: dcap://cluster142.knu.ac.kr//pnfs/knu.ac.kr/data/cms/store/user/sha/Run2FULL/2016PreVFP/DATA/SingleMuon/crab_SingleMuon_Run2016B-ver2/240205_181216//0001/SSBTree_1665.root
adding: dcap://cluster142.knu.ac.kr//pnfs/knu.ac.kr/data/cms/store/user/sha/Run2FULL/2016PreVFP/DATA/SingleMuon/crab_SingleMuon_Run2016B-ver2/240205_181216//0001/SSBTree_1666.root
adding: dcap://cluster142.knu.ac.kr//pnfs/knu.ac.kr/data/cms/store/user/sha/Run2FULL/2016PreVFP/DATA/SingleMuon/crab_SingleMuon_Run2016B-ver2/240205_181216//0001/SSBTree_1667.root
adding: dcap://cluster142.knu.ac.kr//pnfs/knu.ac.kr/data/cms/store/user/sha/Run2FULL/2016PreVFP/DATA/SingleMuon/crab_SingleMuon_Run2016B-ver2/240205_181216//0001/SSBTree_1668.root
adding: dcap://cluster142.knu.ac.kr//pnfs/knu.ac.kr/data/cms/store/user/sha/Run2FULL/2016PreVFP/DATA/SingleMuon/crab_SingleMuon_Run2016B-ver2/240205_181216//0001/SSBTree_1669.root
adding: dcap://cluster142.knu.ac.kr//pnfs/knu.ac.kr/data/cms/store/user/sha/Run2FULL/2016PreVFP/DATA/SingleMuon/crab_SingleMuon_Run2016B-ver2/240205_181216//0001/SSBTree_1670.root
Total number of events after merging root files: 616621
Event 0
Event 10000
Event 20000
Event 30000
Event 40000
Event 50000
Event 60000
Event 70000
Event 80000
Event 90000
Event 100000
Event 110000
Event 120000
Event 130000
Event 140000
Event 150000
Event 160000
Event 170000
Event 180000
Event 190000
Event 200000
Event 210000
Event 220000
Event 230000
Event 240000
Event 250000
Event 260000
Event 270000
Event 280000
Event 290000
Event 300000
Event 310000
Event 320000
Event 330000
Event 340000
Event 350000
Event 360000
Event 370000
Event 380000
Event 390000
Event 400000
Event 410000
Event 420000
Event 430000
Event 440000
Event 450000
Event 460000
Event 470000
Event 480000
Event 490000
Event 500000
Event 510000
Event 520000
Event 530000
Event 540000
Event 550000
Event 560000
Event 570000
Event 580000
Event 590000
Event 600000
Event 610000
Total processed number of events: 616621
End processing...

The number of options is: 2
Option 0 = ./TopMass_analysis
Option 1 = SingleMuon_Run2016Bv2/SingleMuon_Run2016Bv2_194.list
Option 2 = SingleMuon_Run2016Bv2/SingleMuon_Run2016Bv2_194.txt
Input filelist = SingleMuon_Run2016Bv2/SingleMuon_Run2016Bv2_194.list
Output file name = SingleMuon_Run2016Bv2/SingleMuon_Run2016Bv2_194.txt


start merging file(s)
adding: dcap://cluster142.knu.ac.kr//pnfs/knu.ac.kr/data/cms/store/user/sha/Run2FULL/2016PreVFP/DATA/SingleMuon/crab_SingleMuon_Run2016B-ver2/240205_181216//0001/SSBTree_1931.root
adding: dcap://cluster142.knu.ac.kr//pnfs/knu.ac.kr/data/cms/store/user/sha/Run2FULL/2016PreVFP/DATA/SingleMuon/crab_SingleMuon_Run2016B-ver2/240205_181216//0001/SSBTree_1932.root
adding: dcap://cluster142.knu.ac.kr//pnfs/knu.ac.kr/data/cms/store/user/sha/Run2FULL/2016PreVFP/DATA/SingleMuon/crab_SingleMuon_Run2016B-ver2/240205_181216//0001/SSBTree_1933.root
adding: dcap://cluster142.knu.ac.kr//pnfs/knu.ac.kr/data/cms/store/user/sha/Run2FULL/2016PreVFP/DATA/SingleMuon/crab_SingleMuon_Run2016B-ver2/240205_181216//0001/SSBTree_1934.root
adding: dcap://cluster142.knu.ac.kr//pnfs/knu.ac.kr/data/cms/store/user/sha/Run2FULL/2016PreVFP/DATA/SingleMuon/crab_SingleMuon_Run2016B-ver2/240205_181216//0001/SSBTree_1935.root
adding: dcap://cluster142.knu.ac.kr//pnfs/knu.ac.kr/data/cms/store/user/sha/Run2FULL/2016PreVFP/DATA/SingleMuon/crab_SingleMuon_Run2016B-ver2/240205_181216//0001/SSBTree_1936.root
adding: dcap://cluster142.knu.ac.kr//pnfs/knu.ac.kr/data/cms/store/user/sha/Run2FULL/2016PreVFP/DATA/SingleMuon/crab_SingleMuon_Run2016B-ver2/240205_181216//0001/SSBTree_1937.root
adding: dcap://cluster142.knu.ac.kr//pnfs/knu.ac.kr/data/cms/store/user/sha/Run2FULL/2016PreVFP/DATA/SingleMuon/crab_SingleMuon_Run2016B-ver2/240205_181216//0001/SSBTree_1938.root
adding: dcap://cluster142.knu.ac.kr//pnfs/knu.ac.kr/data/cms/store/user/sha/Run2FULL/2016PreVFP/DATA/SingleMuon/crab_SingleMuon_Run2016B-ver2/240205_181216//0001/SSBTree_1939.root
adding: dcap://cluster142.knu.ac.kr//pnfs/knu.ac.kr/data/cms/store/user/sha/Run2FULL/2016PreVFP/DATA/SingleMuon/crab_SingleMuon_Run2016B-ver2/240205_181216//0001/SSBTree_1940.root
Total number of events after merging root files: 750596
Event 0
Event 10000
Event 20000
Event 30000
Event 40000
Event 50000
Event 60000
Event 70000
Event 80000
Event 90000
Event 100000
Event 110000
Event 120000
Event 130000
Event 140000
Event 150000
Event 160000
Event 170000
Event 180000
Event 190000
Event 200000
Event 210000
Event 220000
Event 230000
Event 240000
Event 250000
Event 260000
Event 270000
Event 280000
Event 290000
Event 300000
Event 310000
Event 320000
Event 330000
Event 340000
Event 350000
Event 360000
Event 370000
Event 380000
Event 390000
Event 400000
Event 410000
Event 420000
Event 430000
Event 440000
Event 450000
Event 460000
Event 470000
Event 480000
Event 490000
Event 500000
Event 510000
Event 520000
Event 530000
Event 540000
Event 550000
Event 560000
Event 570000
Event 580000
Event 590000
Event 600000
Event 610000
Event 620000
Event 630000
Event 640000
Event 650000
Event 660000
Event 670000
Event 680000
Event 690000
Event 700000
Event 710000
Event 720000
Event 730000
Event 740000
Event 750000
Total processed number of events: 750596
End processing...

The number of options is: 2
Option 0 = ./TopMass_analysis
Option 1 = SingleMuon_Run2016Bv2/SingleMuon_Run2016Bv2_221.list
Option 2 = SingleMuon_Run2016Bv2/SingleMuon_Run2016Bv2_221.txt
Input filelist = SingleMuon_Run2016Bv2/SingleMuon_Run2016Bv2_221.list
Output file name = SingleMuon_Run2016Bv2/SingleMuon_Run2016Bv2_221.txt


start merging file(s)
adding: dcap://cluster142.knu.ac.kr//pnfs/knu.ac.kr/data/cms/store/user/sha/Run2FULL/2016PreVFP/DATA/SingleMuon/crab_SingleMuon_Run2016B-ver2/240205_181216//0002/SSBTree_2201.root
adding: dcap://cluster142.knu.ac.kr//pnfs/knu.ac.kr/data/cms/store/user/sha/Run2FULL/2016PreVFP/DATA/SingleMuon/crab_SingleMuon_Run2016B-ver2/240205_181216//0002/SSBTree_2202.root
adding: dcap://cluster142.knu.ac.kr//pnfs/knu.ac.kr/data/cms/store/user/sha/Run2FULL/2016PreVFP/DATA/SingleMuon/crab_SingleMuon_Run2016B-ver2/240205_181216//0002/SSBTree_2203.root
adding: dcap://cluster142.knu.ac.kr//pnfs/knu.ac.kr/data/cms/store/user/sha/Run2FULL/2016PreVFP/DATA/SingleMuon/crab_SingleMuon_Run2016B-ver2/240205_181216//0002/SSBTree_2204.root
adding: dcap://cluster142.knu.ac.kr//pnfs/knu.ac.kr/data/cms/store/user/sha/Run2FULL/2016PreVFP/DATA/SingleMuon/crab_SingleMuon_Run2016B-ver2/240205_181216//0002/SSBTree_2205.root
adding: dcap://cluster142.knu.ac.kr//pnfs/knu.ac.kr/data/cms/store/user/sha/Run2FULL/2016PreVFP/DATA/SingleMuon/crab_SingleMuon_Run2016B-ver2/240205_181216//0002/SSBTree_2206.root
adding: dcap://cluster142.knu.ac.kr//pnfs/knu.ac.kr/data/cms/store/user/sha/Run2FULL/2016PreVFP/DATA/SingleMuon/crab_SingleMuon_Run2016B-ver2/240205_181216//0002/SSBTree_2207.root
adding: dcap://cluster142.knu.ac.kr//pnfs/knu.ac.kr/data/cms/store/user/sha/Run2FULL/2016PreVFP/DATA/SingleMuon/crab_SingleMuon_Run2016B-ver2/240205_181216//0002/SSBTree_2208.root
adding: dcap://cluster142.knu.ac.kr//pnfs/knu.ac.kr/data/cms/store/user/sha/Run2FULL/2016PreVFP/DATA/SingleMuon/crab_SingleMuon_Run2016B-ver2/240205_181216//0002/SSBTree_2209.root
adding: dcap://cluster142.knu.ac.kr//pnfs/knu.ac.kr/data/cms/store/user/sha/Run2FULL/2016PreVFP/DATA/SingleMuon/crab_SingleMuon_Run2016B-ver2/240205_181216//0002/SSBTree_2210.root
Total number of events after merging root files: 629463
Event 0
Event 10000
Event 20000
Event 30000
Event 40000
Event 50000
Event 60000
Event 70000
Event 80000
Event 90000
Event 100000
Event 110000
Event 120000
Event 130000
Event 140000
Event 150000
Event 160000
Event 170000
Event 180000
Event 190000
Event 200000
Event 210000
Event 220000
Event 230000
Event 240000
Event 250000
Event 260000
Event 270000
Event 280000
Event 290000
Event 300000
Event 310000
Event 320000
Event 330000
Event 340000
Event 350000
Event 360000
Event 370000
Event 380000
Event 390000
Event 400000
Event 410000
Event 420000
Event 430000
Event 440000
Event 450000
Event 460000
Event 470000
Event 480000
Event 490000
Event 500000
Event 510000
Event 520000
Event 530000
Event 540000
Event 550000
Event 560000
Event 570000
Event 580000
Event 590000
Event 600000
Event 610000
Event 620000
Total processed number of events: 629463
End processing...

The number of options is: 2
Option 0 = ./TopMass_analysis
Option 1 = SingleMuon_Run2016Bv2/SingleMuon_Run2016Bv2_248.list
Option 2 = SingleMuon_Run2016Bv2/SingleMuon_Run2016Bv2_248.txt
Input filelist = SingleMuon_Run2016Bv2/SingleMuon_Run2016Bv2_248.list
Output file name = SingleMuon_Run2016Bv2/SingleMuon_Run2016Bv2_248.txt


start merging file(s)
adding: dcap://cluster142.knu.ac.kr//pnfs/knu.ac.kr/data/cms/store/user/sha/Run2FULL/2016PreVFP/DATA/SingleMuon/crab_SingleMuon_Run2016B-ver2/240205_181216//0002/SSBTree_2471.root
adding: dcap://cluster142.knu.ac.kr//pnfs/knu.ac.kr/data/cms/store/user/sha/Run2FULL/2016PreVFP/DATA/SingleMuon/crab_SingleMuon_Run2016B-ver2/240205_181216//0002/SSBTree_2472.root
adding: dcap://cluster142.knu.ac.kr//pnfs/knu.ac.kr/data/cms/store/user/sha/Run2FULL/2016PreVFP/DATA/SingleMuon/crab_SingleMuon_Run2016B-ver2/240205_181216//0002/SSBTree_2473.root
adding: dcap://cluster142.knu.ac.kr//pnfs/knu.ac.kr/data/cms/store/user/sha/Run2FULL/2016PreVFP/DATA/SingleMuon/crab_SingleMuon_Run2016B-ver2/240205_181216//0002/SSBTree_2474.root
adding: dcap://cluster142.knu.ac.kr//pnfs/knu.ac.kr/data/cms/store/user/sha/Run2FULL/2016PreVFP/DATA/SingleMuon/crab_SingleMuon_Run2016B-ver2/240205_181216//0002/SSBTree_2475.root
adding: dcap://cluster142.knu.ac.kr//pnfs/knu.ac.kr/data/cms/store/user/sha/Run2FULL/2016PreVFP/DATA/SingleMuon/crab_SingleMuon_Run2016B-ver2/240205_181216//0002/SSBTree_2476.root
adding: dcap://cluster142.knu.ac.kr//pnfs/knu.ac.kr/data/cms/store/user/sha/Run2FULL/2016PreVFP/DATA/SingleMuon/crab_SingleMuon_Run2016B-ver2/240205_181216//0002/SSBTree_2477.root
adding: dcap://cluster142.knu.ac.kr//pnfs/knu.ac.kr/data/cms/store/user/sha/Run2FULL/2016PreVFP/DATA/SingleMuon/crab_SingleMuon_Run2016B-ver2/240205_181216//0002/SSBTree_2478.root
adding: dcap://cluster142.knu.ac.kr//pnfs/knu.ac.kr/data/cms/store/user/sha/Run2FULL/2016PreVFP/DATA/SingleMuon/crab_SingleMuon_Run2016B-ver2/240205_181216//0002/SSBTree_2479.root
adding: dcap://cluster142.knu.ac.kr//pnfs/knu.ac.kr/data/cms/store/user/sha/Run2FULL/2016PreVFP/DATA/SingleMuon/crab_SingleMuon_Run2016B-ver2/240205_181216//0002/SSBTree_2480.root
Total number of events after merging root files: 592040
Event 0
Event 10000
Event 20000
Event 30000
Event 40000
Event 50000
Event 60000
Event 70000
Event 80000
Event 90000
Event 100000
Event 110000
Event 120000
Event 130000
Event 140000
Event 150000
Event 160000
Event 170000
Event 180000
Event 190000
Event 200000
Event 210000
Event 220000
Event 230000
Event 240000
Event 250000
Event 260000
Event 270000
Event 280000
Event 290000
Event 300000
Event 310000
Event 320000
Event 330000
Event 340000
Event 350000
Event 360000
Event 370000
Event 380000
Event 390000
Event 400000
Event 410000
Event 420000
Event 430000
Event 440000
Event 450000
Event 460000
Event 470000
Event 480000
Event 490000
Event 500000
Event 510000
Event 520000
Event 530000
Event 540000
Event 550000
Event 560000
Event 570000
Event 580000
Event 590000
Total processed number of events: 592040
End processing...

