The number of options is: 2
Option 0 = ./TopMass_analysis
Option 1 = DYJetsToLL_M_10To50_Mad/DYJetsToLL_M_10To50_Mad_10.list
Option 2 = DYJetsToLL_M_10To50_Mad/DYJetsToLL_M_10To50_Mad_10.txt
Input filelist = DYJetsToLL_M_10To50_Mad/DYJetsToLL_M_10To50_Mad_10.list
Output file name = DYJetsToLL_M_10To50_Mad/DYJetsToLL_M_10To50_Mad_10.txt


start merging file(s)
adding: dcap://cluster142.knu.ac.kr//pnfs/knu.ac.kr/data/cms/store/user/sha/Run2FULL/2016PreVFP/MC/DYJetsToLL_M-10to50_TuneCP5_13TeV-madgraphMLM-pythia8/crab_DYJetsToLL_M-10to50_TuneCP5_13TeV-madgraphMLM-pythia8/240205_162913///0000/SSBTree_182.root
adding: dcap://cluster142.knu.ac.kr//pnfs/knu.ac.kr/data/cms/store/user/sha/Run2FULL/2016PreVFP/MC/DYJetsToLL_M-10to50_TuneCP5_13TeV-madgraphMLM-pythia8/crab_DYJetsToLL_M-10to50_TuneCP5_13TeV-madgraphMLM-pythia8/240205_162913///0000/SSBTree_183.root
adding: dcap://cluster142.knu.ac.kr//pnfs/knu.ac.kr/data/cms/store/user/sha/Run2FULL/2016PreVFP/MC/DYJetsToLL_M-10to50_TuneCP5_13TeV-madgraphMLM-pythia8/crab_DYJetsToLL_M-10to50_TuneCP5_13TeV-madgraphMLM-pythia8/240205_162913///0000/SSBTree_184.root
adding: dcap://cluster142.knu.ac.kr//pnfs/knu.ac.kr/data/cms/store/user/sha/Run2FULL/2016PreVFP/MC/DYJetsToLL_M-10to50_TuneCP5_13TeV-madgraphMLM-pythia8/crab_DYJetsToLL_M-10to50_TuneCP5_13TeV-madgraphMLM-pythia8/240205_162913///0000/SSBTree_185.root
adding: dcap://cluster142.knu.ac.kr//pnfs/knu.ac.kr/data/cms/store/user/sha/Run2FULL/2016PreVFP/MC/DYJetsToLL_M-10to50_TuneCP5_13TeV-madgraphMLM-pythia8/crab_DYJetsToLL_M-10to50_TuneCP5_13TeV-madgraphMLM-pythia8/240205_162913///0000/SSBTree_186.root
adding: dcap://cluster142.knu.ac.kr//pnfs/knu.ac.kr/data/cms/store/user/sha/Run2FULL/2016PreVFP/MC/DYJetsToLL_M-10to50_TuneCP5_13TeV-madgraphMLM-pythia8/crab_DYJetsToLL_M-10to50_TuneCP5_13TeV-madgraphMLM-pythia8/240205_162913///0000/SSBTree_187.root
adding: dcap://cluster142.knu.ac.kr//pnfs/knu.ac.kr/data/cms/store/user/sha/Run2FULL/2016PreVFP/MC/DYJetsToLL_M-10to50_TuneCP5_13TeV-madgraphMLM-pythia8/crab_DYJetsToLL_M-10to50_TuneCP5_13TeV-madgraphMLM-pythia8/240205_162913///0000/SSBTree_188.root
adding: dcap://cluster142.knu.ac.kr//pnfs/knu.ac.kr/data/cms/store/user/sha/Run2FULL/2016PreVFP/MC/DYJetsToLL_M-10to50_TuneCP5_13TeV-madgraphMLM-pythia8/crab_DYJetsToLL_M-10to50_TuneCP5_13TeV-madgraphMLM-pythia8/240205_162913///0000/SSBTree_189.root
adding: dcap://cluster142.knu.ac.kr//pnfs/knu.ac.kr/data/cms/store/user/sha/Run2FULL/2016PreVFP/MC/DYJetsToLL_M-10to50_TuneCP5_13TeV-madgraphMLM-pythia8/crab_DYJetsToLL_M-10to50_TuneCP5_13TeV-madgraphMLM-pythia8/240205_162913///0000/SSBTree_18.root
adding: dcap://cluster142.knu.ac.kr//pnfs/knu.ac.kr/data/cms/store/user/sha/Run2FULL/2016PreVFP/MC/DYJetsToLL_M-10to50_TuneCP5_13TeV-madgraphMLM-pythia8/crab_DYJetsToLL_M-10to50_TuneCP5_13TeV-madgraphMLM-pythia8/240205_162913///0000/SSBTree_190.root
Total number of events after merging root files: 241909
Event 0
Event 10000
Event 20000
Event 30000
Event 40000
Event 50000
Event 60000
Event 70000
Event 80000
Event 90000
Event 100000
Event 110000
Event 120000
Event 130000
Event 140000
Event 150000
Event 160000
Event 170000
Event 180000
Event 190000
Event 200000
Event 210000
Event 220000
Event 230000
Event 240000
Total processed number of events: 241909
End processing...

The number of options is: 2
Option 0 = ./TopMass_analysis
Option 1 = DYJetsToLL_M_10To50_Mad/DYJetsToLL_M_10To50_Mad_21.list
Option 2 = DYJetsToLL_M_10To50_Mad/DYJetsToLL_M_10To50_Mad_21.txt
Input filelist = DYJetsToLL_M_10To50_Mad/DYJetsToLL_M_10To50_Mad_21.list
Output file name = DYJetsToLL_M_10To50_Mad/DYJetsToLL_M_10To50_Mad_21.txt


start merging file(s)
adding: dcap://cluster142.knu.ac.kr//pnfs/knu.ac.kr/data/cms/store/user/sha/Run2FULL/2016PreVFP/MC/DYJetsToLL_M-10to50_TuneCP5_13TeV-madgraphMLM-pythia8/crab_DYJetsToLL_M-10to50_TuneCP5_13TeV-madgraphMLM-pythia8/240205_162913///0000/SSBTree_281.root
adding: dcap://cluster142.knu.ac.kr//pnfs/knu.ac.kr/data/cms/store/user/sha/Run2FULL/2016PreVFP/MC/DYJetsToLL_M-10to50_TuneCP5_13TeV-madgraphMLM-pythia8/crab_DYJetsToLL_M-10to50_TuneCP5_13TeV-madgraphMLM-pythia8/240205_162913///0000/SSBTree_282.root
adding: dcap://cluster142.knu.ac.kr//pnfs/knu.ac.kr/data/cms/store/user/sha/Run2FULL/2016PreVFP/MC/DYJetsToLL_M-10to50_TuneCP5_13TeV-madgraphMLM-pythia8/crab_DYJetsToLL_M-10to50_TuneCP5_13TeV-madgraphMLM-pythia8/240205_162913///0000/SSBTree_283.root
adding: dcap://cluster142.knu.ac.kr//pnfs/knu.ac.kr/data/cms/store/user/sha/Run2FULL/2016PreVFP/MC/DYJetsToLL_M-10to50_TuneCP5_13TeV-madgraphMLM-pythia8/crab_DYJetsToLL_M-10to50_TuneCP5_13TeV-madgraphMLM-pythia8/240205_162913///0000/SSBTree_284.root
adding: dcap://cluster142.knu.ac.kr//pnfs/knu.ac.kr/data/cms/store/user/sha/Run2FULL/2016PreVFP/MC/DYJetsToLL_M-10to50_TuneCP5_13TeV-madgraphMLM-pythia8/crab_DYJetsToLL_M-10to50_TuneCP5_13TeV-madgraphMLM-pythia8/240205_162913///0000/SSBTree_285.root
adding: dcap://cluster142.knu.ac.kr//pnfs/knu.ac.kr/data/cms/store/user/sha/Run2FULL/2016PreVFP/MC/DYJetsToLL_M-10to50_TuneCP5_13TeV-madgraphMLM-pythia8/crab_DYJetsToLL_M-10to50_TuneCP5_13TeV-madgraphMLM-pythia8/240205_162913///0000/SSBTree_286.root
adding: dcap://cluster142.knu.ac.kr//pnfs/knu.ac.kr/data/cms/store/user/sha/Run2FULL/2016PreVFP/MC/DYJetsToLL_M-10to50_TuneCP5_13TeV-madgraphMLM-pythia8/crab_DYJetsToLL_M-10to50_TuneCP5_13TeV-madgraphMLM-pythia8/240205_162913///0000/SSBTree_287.root
adding: dcap://cluster142.knu.ac.kr//pnfs/knu.ac.kr/data/cms/store/user/sha/Run2FULL/2016PreVFP/MC/DYJetsToLL_M-10to50_TuneCP5_13TeV-madgraphMLM-pythia8/crab_DYJetsToLL_M-10to50_TuneCP5_13TeV-madgraphMLM-pythia8/240205_162913///0000/SSBTree_288.root
adding: dcap://cluster142.knu.ac.kr//pnfs/knu.ac.kr/data/cms/store/user/sha/Run2FULL/2016PreVFP/MC/DYJetsToLL_M-10to50_TuneCP5_13TeV-madgraphMLM-pythia8/crab_DYJetsToLL_M-10to50_TuneCP5_13TeV-madgraphMLM-pythia8/240205_162913///0000/SSBTree_289.root
adding: dcap://cluster142.knu.ac.kr//pnfs/knu.ac.kr/data/cms/store/user/sha/Run2FULL/2016PreVFP/MC/DYJetsToLL_M-10to50_TuneCP5_13TeV-madgraphMLM-pythia8/crab_DYJetsToLL_M-10to50_TuneCP5_13TeV-madgraphMLM-pythia8/240205_162913///0000/SSBTree_28.root
Total number of events after merging root files: 241742
Event 0
Event 10000
Event 20000
Event 30000
Event 40000
Event 50000
Event 60000
Event 70000
Event 80000
Event 90000
Event 100000
Event 110000
Event 120000
Event 130000
Event 140000
Event 150000
Event 160000
Event 170000
Event 180000
Event 190000
Event 200000
Event 210000
Event 220000
Event 230000
Event 240000
Total processed number of events: 241742
End processing...

The number of options is: 2
Option 0 = ./TopMass_analysis
Option 1 = DYJetsToLL_M_10To50_Mad/DYJetsToLL_M_10To50_Mad_32.list
Option 2 = DYJetsToLL_M_10To50_Mad/DYJetsToLL_M_10To50_Mad_32.txt
Input filelist = DYJetsToLL_M_10To50_Mad/DYJetsToLL_M_10To50_Mad_32.list
Output file name = DYJetsToLL_M_10To50_Mad/DYJetsToLL_M_10To50_Mad_32.txt


start merging file(s)
adding: dcap://cluster142.knu.ac.kr//pnfs/knu.ac.kr/data/cms/store/user/sha/Run2FULL/2016PreVFP/MC/DYJetsToLL_M-10to50_TuneCP5_13TeV-madgraphMLM-pythia8/crab_DYJetsToLL_M-10to50_TuneCP5_13TeV-madgraphMLM-pythia8/240205_162913///0000/SSBTree_380.root
adding: dcap://cluster142.knu.ac.kr//pnfs/knu.ac.kr/data/cms/store/user/sha/Run2FULL/2016PreVFP/MC/DYJetsToLL_M-10to50_TuneCP5_13TeV-madgraphMLM-pythia8/crab_DYJetsToLL_M-10to50_TuneCP5_13TeV-madgraphMLM-pythia8/240205_162913///0000/SSBTree_381.root
adding: dcap://cluster142.knu.ac.kr//pnfs/knu.ac.kr/data/cms/store/user/sha/Run2FULL/2016PreVFP/MC/DYJetsToLL_M-10to50_TuneCP5_13TeV-madgraphMLM-pythia8/crab_DYJetsToLL_M-10to50_TuneCP5_13TeV-madgraphMLM-pythia8/240205_162913///0000/SSBTree_382.root
adding: dcap://cluster142.knu.ac.kr//pnfs/knu.ac.kr/data/cms/store/user/sha/Run2FULL/2016PreVFP/MC/DYJetsToLL_M-10to50_TuneCP5_13TeV-madgraphMLM-pythia8/crab_DYJetsToLL_M-10to50_TuneCP5_13TeV-madgraphMLM-pythia8/240205_162913///0000/SSBTree_383.root
adding: dcap://cluster142.knu.ac.kr//pnfs/knu.ac.kr/data/cms/store/user/sha/Run2FULL/2016PreVFP/MC/DYJetsToLL_M-10to50_TuneCP5_13TeV-madgraphMLM-pythia8/crab_DYJetsToLL_M-10to50_TuneCP5_13TeV-madgraphMLM-pythia8/240205_162913///0000/SSBTree_384.root
adding: dcap://cluster142.knu.ac.kr//pnfs/knu.ac.kr/data/cms/store/user/sha/Run2FULL/2016PreVFP/MC/DYJetsToLL_M-10to50_TuneCP5_13TeV-madgraphMLM-pythia8/crab_DYJetsToLL_M-10to50_TuneCP5_13TeV-madgraphMLM-pythia8/240205_162913///0000/SSBTree_385.root
adding: dcap://cluster142.knu.ac.kr//pnfs/knu.ac.kr/data/cms/store/user/sha/Run2FULL/2016PreVFP/MC/DYJetsToLL_M-10to50_TuneCP5_13TeV-madgraphMLM-pythia8/crab_DYJetsToLL_M-10to50_TuneCP5_13TeV-madgraphMLM-pythia8/240205_162913///0000/SSBTree_386.root
adding: dcap://cluster142.knu.ac.kr//pnfs/knu.ac.kr/data/cms/store/user/sha/Run2FULL/2016PreVFP/MC/DYJetsToLL_M-10to50_TuneCP5_13TeV-madgraphMLM-pythia8/crab_DYJetsToLL_M-10to50_TuneCP5_13TeV-madgraphMLM-pythia8/240205_162913///0000/SSBTree_387.root
adding: dcap://cluster142.knu.ac.kr//pnfs/knu.ac.kr/data/cms/store/user/sha/Run2FULL/2016PreVFP/MC/DYJetsToLL_M-10to50_TuneCP5_13TeV-madgraphMLM-pythia8/crab_DYJetsToLL_M-10to50_TuneCP5_13TeV-madgraphMLM-pythia8/240205_162913///0000/SSBTree_388.root
adding: dcap://cluster142.knu.ac.kr//pnfs/knu.ac.kr/data/cms/store/user/sha/Run2FULL/2016PreVFP/MC/DYJetsToLL_M-10to50_TuneCP5_13TeV-madgraphMLM-pythia8/crab_DYJetsToLL_M-10to50_TuneCP5_13TeV-madgraphMLM-pythia8/240205_162913///0000/SSBTree_389.root
Total number of events after merging root files: 241455
Event 0
Event 10000
Event 20000
Event 30000
Event 40000
Event 50000
Event 60000
Event 70000
Event 80000
Event 90000
Event 100000
Event 110000
Event 120000
Event 130000
Event 140000
Event 150000
Event 160000
Event 170000
Event 180000
Event 190000
Event 200000
Event 210000
Event 220000
Event 230000
Event 240000
Total processed number of events: 241455
End processing...

The number of options is: 2
Option 0 = ./TopMass_analysis
Option 1 = DYJetsToLL_M_10To50_Mad/DYJetsToLL_M_10To50_Mad_43.list
Option 2 = DYJetsToLL_M_10To50_Mad/DYJetsToLL_M_10To50_Mad_43.txt
Input filelist = DYJetsToLL_M_10To50_Mad/DYJetsToLL_M_10To50_Mad_43.list
Output file name = DYJetsToLL_M_10To50_Mad/DYJetsToLL_M_10To50_Mad_43.txt


start merging file(s)
adding: dcap://cluster142.knu.ac.kr//pnfs/knu.ac.kr/data/cms/store/user/sha/Run2FULL/2016PreVFP/MC/DYJetsToLL_M-10to50_TuneCP5_13TeV-madgraphMLM-pythia8/crab_DYJetsToLL_M-10to50_TuneCP5_13TeV-madgraphMLM-pythia8/240205_162913///0000/SSBTree_47.root
adding: dcap://cluster142.knu.ac.kr//pnfs/knu.ac.kr/data/cms/store/user/sha/Run2FULL/2016PreVFP/MC/DYJetsToLL_M-10to50_TuneCP5_13TeV-madgraphMLM-pythia8/crab_DYJetsToLL_M-10to50_TuneCP5_13TeV-madgraphMLM-pythia8/240205_162913///0000/SSBTree_480.root
adding: dcap://cluster142.knu.ac.kr//pnfs/knu.ac.kr/data/cms/store/user/sha/Run2FULL/2016PreVFP/MC/DYJetsToLL_M-10to50_TuneCP5_13TeV-madgraphMLM-pythia8/crab_DYJetsToLL_M-10to50_TuneCP5_13TeV-madgraphMLM-pythia8/240205_162913///0000/SSBTree_481.root
adding: dcap://cluster142.knu.ac.kr//pnfs/knu.ac.kr/data/cms/store/user/sha/Run2FULL/2016PreVFP/MC/DYJetsToLL_M-10to50_TuneCP5_13TeV-madgraphMLM-pythia8/crab_DYJetsToLL_M-10to50_TuneCP5_13TeV-madgraphMLM-pythia8/240205_162913///0000/SSBTree_482.root
adding: dcap://cluster142.knu.ac.kr//pnfs/knu.ac.kr/data/cms/store/user/sha/Run2FULL/2016PreVFP/MC/DYJetsToLL_M-10to50_TuneCP5_13TeV-madgraphMLM-pythia8/crab_DYJetsToLL_M-10to50_TuneCP5_13TeV-madgraphMLM-pythia8/240205_162913///0000/SSBTree_483.root
adding: dcap://cluster142.knu.ac.kr//pnfs/knu.ac.kr/data/cms/store/user/sha/Run2FULL/2016PreVFP/MC/DYJetsToLL_M-10to50_TuneCP5_13TeV-madgraphMLM-pythia8/crab_DYJetsToLL_M-10to50_TuneCP5_13TeV-madgraphMLM-pythia8/240205_162913///0000/SSBTree_484.root
adding: dcap://cluster142.knu.ac.kr//pnfs/knu.ac.kr/data/cms/store/user/sha/Run2FULL/2016PreVFP/MC/DYJetsToLL_M-10to50_TuneCP5_13TeV-madgraphMLM-pythia8/crab_DYJetsToLL_M-10to50_TuneCP5_13TeV-madgraphMLM-pythia8/240205_162913///0000/SSBTree_485.root
adding: dcap://cluster142.knu.ac.kr//pnfs/knu.ac.kr/data/cms/store/user/sha/Run2FULL/2016PreVFP/MC/DYJetsToLL_M-10to50_TuneCP5_13TeV-madgraphMLM-pythia8/crab_DYJetsToLL_M-10to50_TuneCP5_13TeV-madgraphMLM-pythia8/240205_162913///0000/SSBTree_486.root
adding: dcap://cluster142.knu.ac.kr//pnfs/knu.ac.kr/data/cms/store/user/sha/Run2FULL/2016PreVFP/MC/DYJetsToLL_M-10to50_TuneCP5_13TeV-madgraphMLM-pythia8/crab_DYJetsToLL_M-10to50_TuneCP5_13TeV-madgraphMLM-pythia8/240205_162913///0000/SSBTree_487.root
adding: dcap://cluster142.knu.ac.kr//pnfs/knu.ac.kr/data/cms/store/user/sha/Run2FULL/2016PreVFP/MC/DYJetsToLL_M-10to50_TuneCP5_13TeV-madgraphMLM-pythia8/crab_DYJetsToLL_M-10to50_TuneCP5_13TeV-madgraphMLM-pythia8/240205_162913///0000/SSBTree_488.root
Total number of events after merging root files: 242537
Event 0
Event 10000
Event 20000
Event 30000
Event 40000
Event 50000
Event 60000
Event 70000
Event 80000
Event 90000
Event 100000
Event 110000
Event 120000
Event 130000
Event 140000
Event 150000
Event 160000
Event 170000
Event 180000
Event 190000
Event 200000
Event 210000
Event 220000
Event 230000
Event 240000
Total processed number of events: 242537
End processing...

The number of options is: 2
Option 0 = ./TopMass_analysis
Option 1 = DYJetsToLL_M_10To50_Mad/DYJetsToLL_M_10To50_Mad_54.list
Option 2 = DYJetsToLL_M_10To50_Mad/DYJetsToLL_M_10To50_Mad_54.txt
Input filelist = DYJetsToLL_M_10To50_Mad/DYJetsToLL_M_10To50_Mad_54.list
Output file name = DYJetsToLL_M_10To50_Mad/DYJetsToLL_M_10To50_Mad_54.txt


start merging file(s)
adding: dcap://cluster142.knu.ac.kr//pnfs/knu.ac.kr/data/cms/store/user/sha/Run2FULL/2016PreVFP/MC/DYJetsToLL_M-10to50_TuneCP5_13TeV-madgraphMLM-pythia8/crab_DYJetsToLL_M-10to50_TuneCP5_13TeV-madgraphMLM-pythia8/240205_162913///0000/SSBTree_579.root
adding: dcap://cluster142.knu.ac.kr//pnfs/knu.ac.kr/data/cms/store/user/sha/Run2FULL/2016PreVFP/MC/DYJetsToLL_M-10to50_TuneCP5_13TeV-madgraphMLM-pythia8/crab_DYJetsToLL_M-10to50_TuneCP5_13TeV-madgraphMLM-pythia8/240205_162913///0000/SSBTree_57.root
adding: dcap://cluster142.knu.ac.kr//pnfs/knu.ac.kr/data/cms/store/user/sha/Run2FULL/2016PreVFP/MC/DYJetsToLL_M-10to50_TuneCP5_13TeV-madgraphMLM-pythia8/crab_DYJetsToLL_M-10to50_TuneCP5_13TeV-madgraphMLM-pythia8/240205_162913///0000/SSBTree_580.root
adding: dcap://cluster142.knu.ac.kr//pnfs/knu.ac.kr/data/cms/store/user/sha/Run2FULL/2016PreVFP/MC/DYJetsToLL_M-10to50_TuneCP5_13TeV-madgraphMLM-pythia8/crab_DYJetsToLL_M-10to50_TuneCP5_13TeV-madgraphMLM-pythia8/240205_162913///0000/SSBTree_581.root
adding: dcap://cluster142.knu.ac.kr//pnfs/knu.ac.kr/data/cms/store/user/sha/Run2FULL/2016PreVFP/MC/DYJetsToLL_M-10to50_TuneCP5_13TeV-madgraphMLM-pythia8/crab_DYJetsToLL_M-10to50_TuneCP5_13TeV-madgraphMLM-pythia8/240205_162913///0000/SSBTree_582.root
adding: dcap://cluster142.knu.ac.kr//pnfs/knu.ac.kr/data/cms/store/user/sha/Run2FULL/2016PreVFP/MC/DYJetsToLL_M-10to50_TuneCP5_13TeV-madgraphMLM-pythia8/crab_DYJetsToLL_M-10to50_TuneCP5_13TeV-madgraphMLM-pythia8/240205_162913///0000/SSBTree_583.root
adding: dcap://cluster142.knu.ac.kr//pnfs/knu.ac.kr/data/cms/store/user/sha/Run2FULL/2016PreVFP/MC/DYJetsToLL_M-10to50_TuneCP5_13TeV-madgraphMLM-pythia8/crab_DYJetsToLL_M-10to50_TuneCP5_13TeV-madgraphMLM-pythia8/240205_162913///0000/SSBTree_584.root
adding: dcap://cluster142.knu.ac.kr//pnfs/knu.ac.kr/data/cms/store/user/sha/Run2FULL/2016PreVFP/MC/DYJetsToLL_M-10to50_TuneCP5_13TeV-madgraphMLM-pythia8/crab_DYJetsToLL_M-10to50_TuneCP5_13TeV-madgraphMLM-pythia8/240205_162913///0000/SSBTree_585.root
adding: dcap://cluster142.knu.ac.kr//pnfs/knu.ac.kr/data/cms/store/user/sha/Run2FULL/2016PreVFP/MC/DYJetsToLL_M-10to50_TuneCP5_13TeV-madgraphMLM-pythia8/crab_DYJetsToLL_M-10to50_TuneCP5_13TeV-madgraphMLM-pythia8/240205_162913///0000/SSBTree_586.root
adding: dcap://cluster142.knu.ac.kr//pnfs/knu.ac.kr/data/cms/store/user/sha/Run2FULL/2016PreVFP/MC/DYJetsToLL_M-10to50_TuneCP5_13TeV-madgraphMLM-pythia8/crab_DYJetsToLL_M-10to50_TuneCP5_13TeV-madgraphMLM-pythia8/240205_162913///0000/SSBTree_587.root
Total number of events after merging root files: 242291
Event 0
Event 10000
Event 20000
Event 30000
Event 40000
Event 50000
Event 60000
Event 70000
Event 80000
Event 90000
Event 100000
Event 110000
Event 120000
Event 130000
Event 140000
Event 150000
Event 160000
Event 170000
Event 180000
Event 190000
Event 200000
Event 210000
Event 220000
Event 230000
Event 240000
Total processed number of events: 242291
End processing...

The number of options is: 2
Option 0 = ./TopMass_analysis
Option 1 = DYJetsToLL_M_10To50_Mad/DYJetsToLL_M_10To50_Mad_65.list
Option 2 = DYJetsToLL_M_10To50_Mad/DYJetsToLL_M_10To50_Mad_65.txt
Input filelist = DYJetsToLL_M_10To50_Mad/DYJetsToLL_M_10To50_Mad_65.list
Output file name = DYJetsToLL_M_10To50_Mad/DYJetsToLL_M_10To50_Mad_65.txt


start merging file(s)
adding: dcap://cluster142.knu.ac.kr//pnfs/knu.ac.kr/data/cms/store/user/sha/Run2FULL/2016PreVFP/MC/DYJetsToLL_M-10to50_TuneCP5_13TeV-madgraphMLM-pythia8/crab_DYJetsToLL_M-10to50_TuneCP5_13TeV-madgraphMLM-pythia8/240205_162913///0000/SSBTree_678.root
adding: dcap://cluster142.knu.ac.kr//pnfs/knu.ac.kr/data/cms/store/user/sha/Run2FULL/2016PreVFP/MC/DYJetsToLL_M-10to50_TuneCP5_13TeV-madgraphMLM-pythia8/crab_DYJetsToLL_M-10to50_TuneCP5_13TeV-madgraphMLM-pythia8/240205_162913///0000/SSBTree_679.root
adding: dcap://cluster142.knu.ac.kr//pnfs/knu.ac.kr/data/cms/store/user/sha/Run2FULL/2016PreVFP/MC/DYJetsToLL_M-10to50_TuneCP5_13TeV-madgraphMLM-pythia8/crab_DYJetsToLL_M-10to50_TuneCP5_13TeV-madgraphMLM-pythia8/240205_162913///0000/SSBTree_67.root
adding: dcap://cluster142.knu.ac.kr//pnfs/knu.ac.kr/data/cms/store/user/sha/Run2FULL/2016PreVFP/MC/DYJetsToLL_M-10to50_TuneCP5_13TeV-madgraphMLM-pythia8/crab_DYJetsToLL_M-10to50_TuneCP5_13TeV-madgraphMLM-pythia8/240205_162913///0000/SSBTree_680.root
adding: dcap://cluster142.knu.ac.kr//pnfs/knu.ac.kr/data/cms/store/user/sha/Run2FULL/2016PreVFP/MC/DYJetsToLL_M-10to50_TuneCP5_13TeV-madgraphMLM-pythia8/crab_DYJetsToLL_M-10to50_TuneCP5_13TeV-madgraphMLM-pythia8/240205_162913///0000/SSBTree_681.root
adding: dcap://cluster142.knu.ac.kr//pnfs/knu.ac.kr/data/cms/store/user/sha/Run2FULL/2016PreVFP/MC/DYJetsToLL_M-10to50_TuneCP5_13TeV-madgraphMLM-pythia8/crab_DYJetsToLL_M-10to50_TuneCP5_13TeV-madgraphMLM-pythia8/240205_162913///0000/SSBTree_682.root
adding: dcap://cluster142.knu.ac.kr//pnfs/knu.ac.kr/data/cms/store/user/sha/Run2FULL/2016PreVFP/MC/DYJetsToLL_M-10to50_TuneCP5_13TeV-madgraphMLM-pythia8/crab_DYJetsToLL_M-10to50_TuneCP5_13TeV-madgraphMLM-pythia8/240205_162913///0000/SSBTree_683.root
adding: dcap://cluster142.knu.ac.kr//pnfs/knu.ac.kr/data/cms/store/user/sha/Run2FULL/2016PreVFP/MC/DYJetsToLL_M-10to50_TuneCP5_13TeV-madgraphMLM-pythia8/crab_DYJetsToLL_M-10to50_TuneCP5_13TeV-madgraphMLM-pythia8/240205_162913///0000/SSBTree_684.root
adding: dcap://cluster142.knu.ac.kr//pnfs/knu.ac.kr/data/cms/store/user/sha/Run2FULL/2016PreVFP/MC/DYJetsToLL_M-10to50_TuneCP5_13TeV-madgraphMLM-pythia8/crab_DYJetsToLL_M-10to50_TuneCP5_13TeV-madgraphMLM-pythia8/240205_162913///0000/SSBTree_685.root
adding: dcap://cluster142.knu.ac.kr//pnfs/knu.ac.kr/data/cms/store/user/sha/Run2FULL/2016PreVFP/MC/DYJetsToLL_M-10to50_TuneCP5_13TeV-madgraphMLM-pythia8/crab_DYJetsToLL_M-10to50_TuneCP5_13TeV-madgraphMLM-pythia8/240205_162913///0000/SSBTree_686.root
Total number of events after merging root files: 241646
Event 0
Event 10000
Event 20000
Event 30000
Event 40000
Event 50000
Event 60000
Event 70000
Event 80000
Event 90000
Event 100000
Event 110000
Event 120000
Event 130000
Event 140000
Event 150000
Event 160000
Event 170000
Event 180000
Event 190000
Event 200000
Event 210000
Event 220000
Event 230000
Event 240000
Total processed number of events: 241646
End processing...

The number of options is: 2
Option 0 = ./TopMass_analysis
Option 1 = DYJetsToLL_M_10To50_Mad/DYJetsToLL_M_10To50_Mad_76.list
Option 2 = DYJetsToLL_M_10To50_Mad/DYJetsToLL_M_10To50_Mad_76.txt
Input filelist = DYJetsToLL_M_10To50_Mad/DYJetsToLL_M_10To50_Mad_76.list
Output file name = DYJetsToLL_M_10To50_Mad/DYJetsToLL_M_10To50_Mad_76.txt


start merging file(s)
adding: dcap://cluster142.knu.ac.kr//pnfs/knu.ac.kr/data/cms/store/user/sha/Run2FULL/2016PreVFP/MC/DYJetsToLL_M-10to50_TuneCP5_13TeV-madgraphMLM-pythia8/crab_DYJetsToLL_M-10to50_TuneCP5_13TeV-madgraphMLM-pythia8/240205_162913///0000/SSBTree_777.root
adding: dcap://cluster142.knu.ac.kr//pnfs/knu.ac.kr/data/cms/store/user/sha/Run2FULL/2016PreVFP/MC/DYJetsToLL_M-10to50_TuneCP5_13TeV-madgraphMLM-pythia8/crab_DYJetsToLL_M-10to50_TuneCP5_13TeV-madgraphMLM-pythia8/240205_162913///0000/SSBTree_778.root
adding: dcap://cluster142.knu.ac.kr//pnfs/knu.ac.kr/data/cms/store/user/sha/Run2FULL/2016PreVFP/MC/DYJetsToLL_M-10to50_TuneCP5_13TeV-madgraphMLM-pythia8/crab_DYJetsToLL_M-10to50_TuneCP5_13TeV-madgraphMLM-pythia8/240205_162913///0000/SSBTree_779.root
adding: dcap://cluster142.knu.ac.kr//pnfs/knu.ac.kr/data/cms/store/user/sha/Run2FULL/2016PreVFP/MC/DYJetsToLL_M-10to50_TuneCP5_13TeV-madgraphMLM-pythia8/crab_DYJetsToLL_M-10to50_TuneCP5_13TeV-madgraphMLM-pythia8/240205_162913///0000/SSBTree_77.root
adding: dcap://cluster142.knu.ac.kr//pnfs/knu.ac.kr/data/cms/store/user/sha/Run2FULL/2016PreVFP/MC/DYJetsToLL_M-10to50_TuneCP5_13TeV-madgraphMLM-pythia8/crab_DYJetsToLL_M-10to50_TuneCP5_13TeV-madgraphMLM-pythia8/240205_162913///0000/SSBTree_780.root
adding: dcap://cluster142.knu.ac.kr//pnfs/knu.ac.kr/data/cms/store/user/sha/Run2FULL/2016PreVFP/MC/DYJetsToLL_M-10to50_TuneCP5_13TeV-madgraphMLM-pythia8/crab_DYJetsToLL_M-10to50_TuneCP5_13TeV-madgraphMLM-pythia8/240205_162913///0000/SSBTree_781.root
adding: dcap://cluster142.knu.ac.kr//pnfs/knu.ac.kr/data/cms/store/user/sha/Run2FULL/2016PreVFP/MC/DYJetsToLL_M-10to50_TuneCP5_13TeV-madgraphMLM-pythia8/crab_DYJetsToLL_M-10to50_TuneCP5_13TeV-madgraphMLM-pythia8/240205_162913///0000/SSBTree_782.root
adding: dcap://cluster142.knu.ac.kr//pnfs/knu.ac.kr/data/cms/store/user/sha/Run2FULL/2016PreVFP/MC/DYJetsToLL_M-10to50_TuneCP5_13TeV-madgraphMLM-pythia8/crab_DYJetsToLL_M-10to50_TuneCP5_13TeV-madgraphMLM-pythia8/240205_162913///0000/SSBTree_783.root
adding: dcap://cluster142.knu.ac.kr//pnfs/knu.ac.kr/data/cms/store/user/sha/Run2FULL/2016PreVFP/MC/DYJetsToLL_M-10to50_TuneCP5_13TeV-madgraphMLM-pythia8/crab_DYJetsToLL_M-10to50_TuneCP5_13TeV-madgraphMLM-pythia8/240205_162913///0000/SSBTree_784.root
adding: dcap://cluster142.knu.ac.kr//pnfs/knu.ac.kr/data/cms/store/user/sha/Run2FULL/2016PreVFP/MC/DYJetsToLL_M-10to50_TuneCP5_13TeV-madgraphMLM-pythia8/crab_DYJetsToLL_M-10to50_TuneCP5_13TeV-madgraphMLM-pythia8/240205_162913///0000/SSBTree_785.root
Total number of events after merging root files: 242248
Event 0
Event 10000
Event 20000
Event 30000
Event 40000
Event 50000
Event 60000
Event 70000
Event 80000
Event 90000
Event 100000
Event 110000
Event 120000
Event 130000
Event 140000
Event 150000
Event 160000
Event 170000
Event 180000
Event 190000
Event 200000
Event 210000
Event 220000
Event 230000
Event 240000
Total processed number of events: 242248
End processing...

The number of options is: 2
Option 0 = ./TopMass_analysis
Option 1 = DYJetsToLL_M_10To50_Mad/DYJetsToLL_M_10To50_Mad_87.list
Option 2 = DYJetsToLL_M_10To50_Mad/DYJetsToLL_M_10To50_Mad_87.txt
Input filelist = DYJetsToLL_M_10To50_Mad/DYJetsToLL_M_10To50_Mad_87.list
Output file name = DYJetsToLL_M_10To50_Mad/DYJetsToLL_M_10To50_Mad_87.txt


start merging file(s)
adding: dcap://cluster142.knu.ac.kr//pnfs/knu.ac.kr/data/cms/store/user/sha/Run2FULL/2016PreVFP/MC/DYJetsToLL_M-10to50_TuneCP5_13TeV-madgraphMLM-pythia8/crab_DYJetsToLL_M-10to50_TuneCP5_13TeV-madgraphMLM-pythia8/240205_162913///0000/SSBTree_876.root
adding: dcap://cluster142.knu.ac.kr//pnfs/knu.ac.kr/data/cms/store/user/sha/Run2FULL/2016PreVFP/MC/DYJetsToLL_M-10to50_TuneCP5_13TeV-madgraphMLM-pythia8/crab_DYJetsToLL_M-10to50_TuneCP5_13TeV-madgraphMLM-pythia8/240205_162913///0000/SSBTree_877.root
adding: dcap://cluster142.knu.ac.kr//pnfs/knu.ac.kr/data/cms/store/user/sha/Run2FULL/2016PreVFP/MC/DYJetsToLL_M-10to50_TuneCP5_13TeV-madgraphMLM-pythia8/crab_DYJetsToLL_M-10to50_TuneCP5_13TeV-madgraphMLM-pythia8/240205_162913///0000/SSBTree_878.root
adding: dcap://cluster142.knu.ac.kr//pnfs/knu.ac.kr/data/cms/store/user/sha/Run2FULL/2016PreVFP/MC/DYJetsToLL_M-10to50_TuneCP5_13TeV-madgraphMLM-pythia8/crab_DYJetsToLL_M-10to50_TuneCP5_13TeV-madgraphMLM-pythia8/240205_162913///0000/SSBTree_879.root
adding: dcap://cluster142.knu.ac.kr//pnfs/knu.ac.kr/data/cms/store/user/sha/Run2FULL/2016PreVFP/MC/DYJetsToLL_M-10to50_TuneCP5_13TeV-madgraphMLM-pythia8/crab_DYJetsToLL_M-10to50_TuneCP5_13TeV-madgraphMLM-pythia8/240205_162913///0000/SSBTree_87.root
adding: dcap://cluster142.knu.ac.kr//pnfs/knu.ac.kr/data/cms/store/user/sha/Run2FULL/2016PreVFP/MC/DYJetsToLL_M-10to50_TuneCP5_13TeV-madgraphMLM-pythia8/crab_DYJetsToLL_M-10to50_TuneCP5_13TeV-madgraphMLM-pythia8/240205_162913///0000/SSBTree_880.root
adding: dcap://cluster142.knu.ac.kr//pnfs/knu.ac.kr/data/cms/store/user/sha/Run2FULL/2016PreVFP/MC/DYJetsToLL_M-10to50_TuneCP5_13TeV-madgraphMLM-pythia8/crab_DYJetsToLL_M-10to50_TuneCP5_13TeV-madgraphMLM-pythia8/240205_162913///0000/SSBTree_881.root
adding: dcap://cluster142.knu.ac.kr//pnfs/knu.ac.kr/data/cms/store/user/sha/Run2FULL/2016PreVFP/MC/DYJetsToLL_M-10to50_TuneCP5_13TeV-madgraphMLM-pythia8/crab_DYJetsToLL_M-10to50_TuneCP5_13TeV-madgraphMLM-pythia8/240205_162913///0000/SSBTree_882.root
adding: dcap://cluster142.knu.ac.kr//pnfs/knu.ac.kr/data/cms/store/user/sha/Run2FULL/2016PreVFP/MC/DYJetsToLL_M-10to50_TuneCP5_13TeV-madgraphMLM-pythia8/crab_DYJetsToLL_M-10to50_TuneCP5_13TeV-madgraphMLM-pythia8/240205_162913///0000/SSBTree_883.root
adding: dcap://cluster142.knu.ac.kr//pnfs/knu.ac.kr/data/cms/store/user/sha/Run2FULL/2016PreVFP/MC/DYJetsToLL_M-10to50_TuneCP5_13TeV-madgraphMLM-pythia8/crab_DYJetsToLL_M-10to50_TuneCP5_13TeV-madgraphMLM-pythia8/240205_162913///0000/SSBTree_884.root
Total number of events after merging root files: 242253
Event 0
Event 10000
Event 20000
Event 30000
Event 40000
Event 50000
Event 60000
Event 70000
Event 80000
Event 90000
Event 100000
Event 110000
Event 120000
Event 130000
Event 140000
Event 150000
Event 160000
Event 170000
Event 180000
Event 190000
Event 200000
Event 210000
Event 220000
Event 230000
Event 240000
Total processed number of events: 242253
End processing...

The number of options is: 2
Option 0 = ./TopMass_analysis
Option 1 = DYJetsToLL_M_10To50_Mad/DYJetsToLL_M_10To50_Mad_98.list
Option 2 = DYJetsToLL_M_10To50_Mad/DYJetsToLL_M_10To50_Mad_98.txt
Input filelist = DYJetsToLL_M_10To50_Mad/DYJetsToLL_M_10To50_Mad_98.list
Output file name = DYJetsToLL_M_10To50_Mad/DYJetsToLL_M_10To50_Mad_98.txt


start merging file(s)
adding: dcap://cluster142.knu.ac.kr//pnfs/knu.ac.kr/data/cms/store/user/sha/Run2FULL/2016PreVFP/MC/DYJetsToLL_M-10to50_TuneCP5_13TeV-madgraphMLM-pythia8/crab_DYJetsToLL_M-10to50_TuneCP5_13TeV-madgraphMLM-pythia8/240205_162913///0000/SSBTree_975.root
adding: dcap://cluster142.knu.ac.kr//pnfs/knu.ac.kr/data/cms/store/user/sha/Run2FULL/2016PreVFP/MC/DYJetsToLL_M-10to50_TuneCP5_13TeV-madgraphMLM-pythia8/crab_DYJetsToLL_M-10to50_TuneCP5_13TeV-madgraphMLM-pythia8/240205_162913///0000/SSBTree_976.root
adding: dcap://cluster142.knu.ac.kr//pnfs/knu.ac.kr/data/cms/store/user/sha/Run2FULL/2016PreVFP/MC/DYJetsToLL_M-10to50_TuneCP5_13TeV-madgraphMLM-pythia8/crab_DYJetsToLL_M-10to50_TuneCP5_13TeV-madgraphMLM-pythia8/240205_162913///0000/SSBTree_977.root
adding: dcap://cluster142.knu.ac.kr//pnfs/knu.ac.kr/data/cms/store/user/sha/Run2FULL/2016PreVFP/MC/DYJetsToLL_M-10to50_TuneCP5_13TeV-madgraphMLM-pythia8/crab_DYJetsToLL_M-10to50_TuneCP5_13TeV-madgraphMLM-pythia8/240205_162913///0000/SSBTree_978.root
adding: dcap://cluster142.knu.ac.kr//pnfs/knu.ac.kr/data/cms/store/user/sha/Run2FULL/2016PreVFP/MC/DYJetsToLL_M-10to50_TuneCP5_13TeV-madgraphMLM-pythia8/crab_DYJetsToLL_M-10to50_TuneCP5_13TeV-madgraphMLM-pythia8/240205_162913///0000/SSBTree_979.root
adding: dcap://cluster142.knu.ac.kr//pnfs/knu.ac.kr/data/cms/store/user/sha/Run2FULL/2016PreVFP/MC/DYJetsToLL_M-10to50_TuneCP5_13TeV-madgraphMLM-pythia8/crab_DYJetsToLL_M-10to50_TuneCP5_13TeV-madgraphMLM-pythia8/240205_162913///0000/SSBTree_97.root
adding: dcap://cluster142.knu.ac.kr//pnfs/knu.ac.kr/data/cms/store/user/sha/Run2FULL/2016PreVFP/MC/DYJetsToLL_M-10to50_TuneCP5_13TeV-madgraphMLM-pythia8/crab_DYJetsToLL_M-10to50_TuneCP5_13TeV-madgraphMLM-pythia8/240205_162913///0000/SSBTree_980.root
adding: dcap://cluster142.knu.ac.kr//pnfs/knu.ac.kr/data/cms/store/user/sha/Run2FULL/2016PreVFP/MC/DYJetsToLL_M-10to50_TuneCP5_13TeV-madgraphMLM-pythia8/crab_DYJetsToLL_M-10to50_TuneCP5_13TeV-madgraphMLM-pythia8/240205_162913///0000/SSBTree_981.root
adding: dcap://cluster142.knu.ac.kr//pnfs/knu.ac.kr/data/cms/store/user/sha/Run2FULL/2016PreVFP/MC/DYJetsToLL_M-10to50_TuneCP5_13TeV-madgraphMLM-pythia8/crab_DYJetsToLL_M-10to50_TuneCP5_13TeV-madgraphMLM-pythia8/240205_162913///0000/SSBTree_982.root
adding: dcap://cluster142.knu.ac.kr//pnfs/knu.ac.kr/data/cms/store/user/sha/Run2FULL/2016PreVFP/MC/DYJetsToLL_M-10to50_TuneCP5_13TeV-madgraphMLM-pythia8/crab_DYJetsToLL_M-10to50_TuneCP5_13TeV-madgraphMLM-pythia8/240205_162913///0000/SSBTree_983.root
Total number of events after merging root files: 242110
Event 0
Event 10000
Event 20000
Event 30000
Event 40000
Event 50000
Event 60000
Event 70000
Event 80000
Event 90000
Event 100000
Event 110000
Event 120000
Event 130000
Event 140000
Event 150000
Event 160000
Event 170000
Event 180000
Event 190000
Event 200000
Event 210000
Event 220000
Event 230000
Event 240000
Total processed number of events: 242110
End processing...

