The number of options is: 2
Option 0 = ./TopMass_analysis
Option 1 = DYJetsToLL_M_10To50_Mad/DYJetsToLL_M_10To50_Mad_5.list
Option 2 = DYJetsToLL_M_10To50_Mad/DYJetsToLL_M_10To50_Mad_5.txt
Input filelist = DYJetsToLL_M_10To50_Mad/DYJetsToLL_M_10To50_Mad_5.list
Output file name = DYJetsToLL_M_10To50_Mad/DYJetsToLL_M_10To50_Mad_5.txt


start merging file(s)
adding: dcap://cluster142.knu.ac.kr//pnfs/knu.ac.kr/data/cms/store/user/sha/Run2FULL/2016PreVFP/MC/DYJetsToLL_M-10to50_TuneCP5_13TeV-madgraphMLM-pythia8/crab_DYJetsToLL_M-10to50_TuneCP5_13TeV-madgraphMLM-pythia8/240205_162913///0000/SSBTree_137.root
adding: dcap://cluster142.knu.ac.kr//pnfs/knu.ac.kr/data/cms/store/user/sha/Run2FULL/2016PreVFP/MC/DYJetsToLL_M-10to50_TuneCP5_13TeV-madgraphMLM-pythia8/crab_DYJetsToLL_M-10to50_TuneCP5_13TeV-madgraphMLM-pythia8/240205_162913///0000/SSBTree_138.root
adding: dcap://cluster142.knu.ac.kr//pnfs/knu.ac.kr/data/cms/store/user/sha/Run2FULL/2016PreVFP/MC/DYJetsToLL_M-10to50_TuneCP5_13TeV-madgraphMLM-pythia8/crab_DYJetsToLL_M-10to50_TuneCP5_13TeV-madgraphMLM-pythia8/240205_162913///0000/SSBTree_139.root
adding: dcap://cluster142.knu.ac.kr//pnfs/knu.ac.kr/data/cms/store/user/sha/Run2FULL/2016PreVFP/MC/DYJetsToLL_M-10to50_TuneCP5_13TeV-madgraphMLM-pythia8/crab_DYJetsToLL_M-10to50_TuneCP5_13TeV-madgraphMLM-pythia8/240205_162913///0000/SSBTree_13.root
adding: dcap://cluster142.knu.ac.kr//pnfs/knu.ac.kr/data/cms/store/user/sha/Run2FULL/2016PreVFP/MC/DYJetsToLL_M-10to50_TuneCP5_13TeV-madgraphMLM-pythia8/crab_DYJetsToLL_M-10to50_TuneCP5_13TeV-madgraphMLM-pythia8/240205_162913///0000/SSBTree_140.root
adding: dcap://cluster142.knu.ac.kr//pnfs/knu.ac.kr/data/cms/store/user/sha/Run2FULL/2016PreVFP/MC/DYJetsToLL_M-10to50_TuneCP5_13TeV-madgraphMLM-pythia8/crab_DYJetsToLL_M-10to50_TuneCP5_13TeV-madgraphMLM-pythia8/240205_162913///0000/SSBTree_141.root
adding: dcap://cluster142.knu.ac.kr//pnfs/knu.ac.kr/data/cms/store/user/sha/Run2FULL/2016PreVFP/MC/DYJetsToLL_M-10to50_TuneCP5_13TeV-madgraphMLM-pythia8/crab_DYJetsToLL_M-10to50_TuneCP5_13TeV-madgraphMLM-pythia8/240205_162913///0000/SSBTree_142.root
adding: dcap://cluster142.knu.ac.kr//pnfs/knu.ac.kr/data/cms/store/user/sha/Run2FULL/2016PreVFP/MC/DYJetsToLL_M-10to50_TuneCP5_13TeV-madgraphMLM-pythia8/crab_DYJetsToLL_M-10to50_TuneCP5_13TeV-madgraphMLM-pythia8/240205_162913///0000/SSBTree_143.root
adding: dcap://cluster142.knu.ac.kr//pnfs/knu.ac.kr/data/cms/store/user/sha/Run2FULL/2016PreVFP/MC/DYJetsToLL_M-10to50_TuneCP5_13TeV-madgraphMLM-pythia8/crab_DYJetsToLL_M-10to50_TuneCP5_13TeV-madgraphMLM-pythia8/240205_162913///0000/SSBTree_144.root
adding: dcap://cluster142.knu.ac.kr//pnfs/knu.ac.kr/data/cms/store/user/sha/Run2FULL/2016PreVFP/MC/DYJetsToLL_M-10to50_TuneCP5_13TeV-madgraphMLM-pythia8/crab_DYJetsToLL_M-10to50_TuneCP5_13TeV-madgraphMLM-pythia8/240205_162913///0000/SSBTree_145.root
Total number of events after merging root files: 242006
Event 0
Event 10000
Event 20000
Event 30000
Event 40000
Event 50000
Event 60000
Event 70000
Event 80000
Event 90000
Event 100000
Event 110000
Event 120000
Event 130000
Event 140000
Event 150000
Event 160000
Event 170000
Event 180000
Event 190000
Event 200000
Event 210000
Event 220000
Event 230000
Event 240000
Total processed number of events: 242006
End processing...

The number of options is: 2
Option 0 = ./TopMass_analysis
Option 1 = DYJetsToLL_M_10To50_Mad/DYJetsToLL_M_10To50_Mad_16.list
Option 2 = DYJetsToLL_M_10To50_Mad/DYJetsToLL_M_10To50_Mad_16.txt
Input filelist = DYJetsToLL_M_10To50_Mad/DYJetsToLL_M_10To50_Mad_16.list
Output file name = DYJetsToLL_M_10To50_Mad/DYJetsToLL_M_10To50_Mad_16.txt


start merging file(s)
adding: dcap://cluster142.knu.ac.kr//pnfs/knu.ac.kr/data/cms/store/user/sha/Run2FULL/2016PreVFP/MC/DYJetsToLL_M-10to50_TuneCP5_13TeV-madgraphMLM-pythia8/crab_DYJetsToLL_M-10to50_TuneCP5_13TeV-madgraphMLM-pythia8/240205_162913///0000/SSBTree_236.root
adding: dcap://cluster142.knu.ac.kr//pnfs/knu.ac.kr/data/cms/store/user/sha/Run2FULL/2016PreVFP/MC/DYJetsToLL_M-10to50_TuneCP5_13TeV-madgraphMLM-pythia8/crab_DYJetsToLL_M-10to50_TuneCP5_13TeV-madgraphMLM-pythia8/240205_162913///0000/SSBTree_237.root
adding: dcap://cluster142.knu.ac.kr//pnfs/knu.ac.kr/data/cms/store/user/sha/Run2FULL/2016PreVFP/MC/DYJetsToLL_M-10to50_TuneCP5_13TeV-madgraphMLM-pythia8/crab_DYJetsToLL_M-10to50_TuneCP5_13TeV-madgraphMLM-pythia8/240205_162913///0000/SSBTree_238.root
adding: dcap://cluster142.knu.ac.kr//pnfs/knu.ac.kr/data/cms/store/user/sha/Run2FULL/2016PreVFP/MC/DYJetsToLL_M-10to50_TuneCP5_13TeV-madgraphMLM-pythia8/crab_DYJetsToLL_M-10to50_TuneCP5_13TeV-madgraphMLM-pythia8/240205_162913///0000/SSBTree_239.root
adding: dcap://cluster142.knu.ac.kr//pnfs/knu.ac.kr/data/cms/store/user/sha/Run2FULL/2016PreVFP/MC/DYJetsToLL_M-10to50_TuneCP5_13TeV-madgraphMLM-pythia8/crab_DYJetsToLL_M-10to50_TuneCP5_13TeV-madgraphMLM-pythia8/240205_162913///0000/SSBTree_23.root
adding: dcap://cluster142.knu.ac.kr//pnfs/knu.ac.kr/data/cms/store/user/sha/Run2FULL/2016PreVFP/MC/DYJetsToLL_M-10to50_TuneCP5_13TeV-madgraphMLM-pythia8/crab_DYJetsToLL_M-10to50_TuneCP5_13TeV-madgraphMLM-pythia8/240205_162913///0000/SSBTree_240.root
adding: dcap://cluster142.knu.ac.kr//pnfs/knu.ac.kr/data/cms/store/user/sha/Run2FULL/2016PreVFP/MC/DYJetsToLL_M-10to50_TuneCP5_13TeV-madgraphMLM-pythia8/crab_DYJetsToLL_M-10to50_TuneCP5_13TeV-madgraphMLM-pythia8/240205_162913///0000/SSBTree_241.root
adding: dcap://cluster142.knu.ac.kr//pnfs/knu.ac.kr/data/cms/store/user/sha/Run2FULL/2016PreVFP/MC/DYJetsToLL_M-10to50_TuneCP5_13TeV-madgraphMLM-pythia8/crab_DYJetsToLL_M-10to50_TuneCP5_13TeV-madgraphMLM-pythia8/240205_162913///0000/SSBTree_242.root
adding: dcap://cluster142.knu.ac.kr//pnfs/knu.ac.kr/data/cms/store/user/sha/Run2FULL/2016PreVFP/MC/DYJetsToLL_M-10to50_TuneCP5_13TeV-madgraphMLM-pythia8/crab_DYJetsToLL_M-10to50_TuneCP5_13TeV-madgraphMLM-pythia8/240205_162913///0000/SSBTree_243.root
adding: dcap://cluster142.knu.ac.kr//pnfs/knu.ac.kr/data/cms/store/user/sha/Run2FULL/2016PreVFP/MC/DYJetsToLL_M-10to50_TuneCP5_13TeV-madgraphMLM-pythia8/crab_DYJetsToLL_M-10to50_TuneCP5_13TeV-madgraphMLM-pythia8/240205_162913///0000/SSBTree_244.root
Total number of events after merging root files: 242173
Event 0
Event 10000
Event 20000
Event 30000
Event 40000
Event 50000
Event 60000
Event 70000
Event 80000
Event 90000
Event 100000
Event 110000
Event 120000
Event 130000
Event 140000
Event 150000
Event 160000
Event 170000
Event 180000
Event 190000
Event 200000
Event 210000
Event 220000
Event 230000
Event 240000
Total processed number of events: 242173
End processing...

The number of options is: 2
Option 0 = ./TopMass_analysis
Option 1 = DYJetsToLL_M_10To50_Mad/DYJetsToLL_M_10To50_Mad_27.list
Option 2 = DYJetsToLL_M_10To50_Mad/DYJetsToLL_M_10To50_Mad_27.txt
Input filelist = DYJetsToLL_M_10To50_Mad/DYJetsToLL_M_10To50_Mad_27.list
Output file name = DYJetsToLL_M_10To50_Mad/DYJetsToLL_M_10To50_Mad_27.txt


start merging file(s)
adding: dcap://cluster142.knu.ac.kr//pnfs/knu.ac.kr/data/cms/store/user/sha/Run2FULL/2016PreVFP/MC/DYJetsToLL_M-10to50_TuneCP5_13TeV-madgraphMLM-pythia8/crab_DYJetsToLL_M-10to50_TuneCP5_13TeV-madgraphMLM-pythia8/240205_162913///0000/SSBTree_335.root
adding: dcap://cluster142.knu.ac.kr//pnfs/knu.ac.kr/data/cms/store/user/sha/Run2FULL/2016PreVFP/MC/DYJetsToLL_M-10to50_TuneCP5_13TeV-madgraphMLM-pythia8/crab_DYJetsToLL_M-10to50_TuneCP5_13TeV-madgraphMLM-pythia8/240205_162913///0000/SSBTree_336.root
adding: dcap://cluster142.knu.ac.kr//pnfs/knu.ac.kr/data/cms/store/user/sha/Run2FULL/2016PreVFP/MC/DYJetsToLL_M-10to50_TuneCP5_13TeV-madgraphMLM-pythia8/crab_DYJetsToLL_M-10to50_TuneCP5_13TeV-madgraphMLM-pythia8/240205_162913///0000/SSBTree_337.root
adding: dcap://cluster142.knu.ac.kr//pnfs/knu.ac.kr/data/cms/store/user/sha/Run2FULL/2016PreVFP/MC/DYJetsToLL_M-10to50_TuneCP5_13TeV-madgraphMLM-pythia8/crab_DYJetsToLL_M-10to50_TuneCP5_13TeV-madgraphMLM-pythia8/240205_162913///0000/SSBTree_338.root
adding: dcap://cluster142.knu.ac.kr//pnfs/knu.ac.kr/data/cms/store/user/sha/Run2FULL/2016PreVFP/MC/DYJetsToLL_M-10to50_TuneCP5_13TeV-madgraphMLM-pythia8/crab_DYJetsToLL_M-10to50_TuneCP5_13TeV-madgraphMLM-pythia8/240205_162913///0000/SSBTree_339.root
adding: dcap://cluster142.knu.ac.kr//pnfs/knu.ac.kr/data/cms/store/user/sha/Run2FULL/2016PreVFP/MC/DYJetsToLL_M-10to50_TuneCP5_13TeV-madgraphMLM-pythia8/crab_DYJetsToLL_M-10to50_TuneCP5_13TeV-madgraphMLM-pythia8/240205_162913///0000/SSBTree_33.root
adding: dcap://cluster142.knu.ac.kr//pnfs/knu.ac.kr/data/cms/store/user/sha/Run2FULL/2016PreVFP/MC/DYJetsToLL_M-10to50_TuneCP5_13TeV-madgraphMLM-pythia8/crab_DYJetsToLL_M-10to50_TuneCP5_13TeV-madgraphMLM-pythia8/240205_162913///0000/SSBTree_340.root
adding: dcap://cluster142.knu.ac.kr//pnfs/knu.ac.kr/data/cms/store/user/sha/Run2FULL/2016PreVFP/MC/DYJetsToLL_M-10to50_TuneCP5_13TeV-madgraphMLM-pythia8/crab_DYJetsToLL_M-10to50_TuneCP5_13TeV-madgraphMLM-pythia8/240205_162913///0000/SSBTree_341.root
adding: dcap://cluster142.knu.ac.kr//pnfs/knu.ac.kr/data/cms/store/user/sha/Run2FULL/2016PreVFP/MC/DYJetsToLL_M-10to50_TuneCP5_13TeV-madgraphMLM-pythia8/crab_DYJetsToLL_M-10to50_TuneCP5_13TeV-madgraphMLM-pythia8/240205_162913///0000/SSBTree_342.root
adding: dcap://cluster142.knu.ac.kr//pnfs/knu.ac.kr/data/cms/store/user/sha/Run2FULL/2016PreVFP/MC/DYJetsToLL_M-10to50_TuneCP5_13TeV-madgraphMLM-pythia8/crab_DYJetsToLL_M-10to50_TuneCP5_13TeV-madgraphMLM-pythia8/240205_162913///0000/SSBTree_343.root
Total number of events after merging root files: 241903
Event 0
Event 10000
Event 20000
Event 30000
Event 40000
Event 50000
Event 60000
Event 70000
Event 80000
Event 90000
Event 100000
Event 110000
Event 120000
Event 130000
Event 140000
Event 150000
Event 160000
Event 170000
Event 180000
Event 190000
Event 200000
Event 210000
Event 220000
Event 230000
Event 240000
Total processed number of events: 241903
End processing...

The number of options is: 2
Option 0 = ./TopMass_analysis
Option 1 = DYJetsToLL_M_10To50_Mad/DYJetsToLL_M_10To50_Mad_38.list
Option 2 = DYJetsToLL_M_10To50_Mad/DYJetsToLL_M_10To50_Mad_38.txt
Input filelist = DYJetsToLL_M_10To50_Mad/DYJetsToLL_M_10To50_Mad_38.list
Output file name = DYJetsToLL_M_10To50_Mad/DYJetsToLL_M_10To50_Mad_38.txt


start merging file(s)
adding: dcap://cluster142.knu.ac.kr//pnfs/knu.ac.kr/data/cms/store/user/sha/Run2FULL/2016PreVFP/MC/DYJetsToLL_M-10to50_TuneCP5_13TeV-madgraphMLM-pythia8/crab_DYJetsToLL_M-10to50_TuneCP5_13TeV-madgraphMLM-pythia8/240205_162913///0000/SSBTree_434.root
adding: dcap://cluster142.knu.ac.kr//pnfs/knu.ac.kr/data/cms/store/user/sha/Run2FULL/2016PreVFP/MC/DYJetsToLL_M-10to50_TuneCP5_13TeV-madgraphMLM-pythia8/crab_DYJetsToLL_M-10to50_TuneCP5_13TeV-madgraphMLM-pythia8/240205_162913///0000/SSBTree_435.root
adding: dcap://cluster142.knu.ac.kr//pnfs/knu.ac.kr/data/cms/store/user/sha/Run2FULL/2016PreVFP/MC/DYJetsToLL_M-10to50_TuneCP5_13TeV-madgraphMLM-pythia8/crab_DYJetsToLL_M-10to50_TuneCP5_13TeV-madgraphMLM-pythia8/240205_162913///0000/SSBTree_436.root
adding: dcap://cluster142.knu.ac.kr//pnfs/knu.ac.kr/data/cms/store/user/sha/Run2FULL/2016PreVFP/MC/DYJetsToLL_M-10to50_TuneCP5_13TeV-madgraphMLM-pythia8/crab_DYJetsToLL_M-10to50_TuneCP5_13TeV-madgraphMLM-pythia8/240205_162913///0000/SSBTree_437.root
adding: dcap://cluster142.knu.ac.kr//pnfs/knu.ac.kr/data/cms/store/user/sha/Run2FULL/2016PreVFP/MC/DYJetsToLL_M-10to50_TuneCP5_13TeV-madgraphMLM-pythia8/crab_DYJetsToLL_M-10to50_TuneCP5_13TeV-madgraphMLM-pythia8/240205_162913///0000/SSBTree_438.root
adding: dcap://cluster142.knu.ac.kr//pnfs/knu.ac.kr/data/cms/store/user/sha/Run2FULL/2016PreVFP/MC/DYJetsToLL_M-10to50_TuneCP5_13TeV-madgraphMLM-pythia8/crab_DYJetsToLL_M-10to50_TuneCP5_13TeV-madgraphMLM-pythia8/240205_162913///0000/SSBTree_439.root
adding: dcap://cluster142.knu.ac.kr//pnfs/knu.ac.kr/data/cms/store/user/sha/Run2FULL/2016PreVFP/MC/DYJetsToLL_M-10to50_TuneCP5_13TeV-madgraphMLM-pythia8/crab_DYJetsToLL_M-10to50_TuneCP5_13TeV-madgraphMLM-pythia8/240205_162913///0000/SSBTree_43.root
adding: dcap://cluster142.knu.ac.kr//pnfs/knu.ac.kr/data/cms/store/user/sha/Run2FULL/2016PreVFP/MC/DYJetsToLL_M-10to50_TuneCP5_13TeV-madgraphMLM-pythia8/crab_DYJetsToLL_M-10to50_TuneCP5_13TeV-madgraphMLM-pythia8/240205_162913///0000/SSBTree_440.root
adding: dcap://cluster142.knu.ac.kr//pnfs/knu.ac.kr/data/cms/store/user/sha/Run2FULL/2016PreVFP/MC/DYJetsToLL_M-10to50_TuneCP5_13TeV-madgraphMLM-pythia8/crab_DYJetsToLL_M-10to50_TuneCP5_13TeV-madgraphMLM-pythia8/240205_162913///0000/SSBTree_441.root
adding: dcap://cluster142.knu.ac.kr//pnfs/knu.ac.kr/data/cms/store/user/sha/Run2FULL/2016PreVFP/MC/DYJetsToLL_M-10to50_TuneCP5_13TeV-madgraphMLM-pythia8/crab_DYJetsToLL_M-10to50_TuneCP5_13TeV-madgraphMLM-pythia8/240205_162913///0000/SSBTree_442.root
Total number of events after merging root files: 241980
Event 0
Event 10000
Event 20000
Event 30000
Event 40000
Event 50000
Event 60000
Event 70000
Event 80000
Event 90000
Event 100000
Event 110000
Event 120000
Event 130000
Event 140000
Event 150000
Event 160000
Event 170000
Event 180000
Event 190000
Event 200000
Event 210000
Event 220000
Event 230000
Event 240000
Total processed number of events: 241980
End processing...

The number of options is: 2
Option 0 = ./TopMass_analysis
Option 1 = DYJetsToLL_M_10To50_Mad/DYJetsToLL_M_10To50_Mad_49.list
Option 2 = DYJetsToLL_M_10To50_Mad/DYJetsToLL_M_10To50_Mad_49.txt
Input filelist = DYJetsToLL_M_10To50_Mad/DYJetsToLL_M_10To50_Mad_49.list
Output file name = DYJetsToLL_M_10To50_Mad/DYJetsToLL_M_10To50_Mad_49.txt


start merging file(s)
adding: dcap://cluster142.knu.ac.kr//pnfs/knu.ac.kr/data/cms/store/user/sha/Run2FULL/2016PreVFP/MC/DYJetsToLL_M-10to50_TuneCP5_13TeV-madgraphMLM-pythia8/crab_DYJetsToLL_M-10to50_TuneCP5_13TeV-madgraphMLM-pythia8/240205_162913///0000/SSBTree_533.root
adding: dcap://cluster142.knu.ac.kr//pnfs/knu.ac.kr/data/cms/store/user/sha/Run2FULL/2016PreVFP/MC/DYJetsToLL_M-10to50_TuneCP5_13TeV-madgraphMLM-pythia8/crab_DYJetsToLL_M-10to50_TuneCP5_13TeV-madgraphMLM-pythia8/240205_162913///0000/SSBTree_534.root
adding: dcap://cluster142.knu.ac.kr//pnfs/knu.ac.kr/data/cms/store/user/sha/Run2FULL/2016PreVFP/MC/DYJetsToLL_M-10to50_TuneCP5_13TeV-madgraphMLM-pythia8/crab_DYJetsToLL_M-10to50_TuneCP5_13TeV-madgraphMLM-pythia8/240205_162913///0000/SSBTree_535.root
adding: dcap://cluster142.knu.ac.kr//pnfs/knu.ac.kr/data/cms/store/user/sha/Run2FULL/2016PreVFP/MC/DYJetsToLL_M-10to50_TuneCP5_13TeV-madgraphMLM-pythia8/crab_DYJetsToLL_M-10to50_TuneCP5_13TeV-madgraphMLM-pythia8/240205_162913///0000/SSBTree_536.root
adding: dcap://cluster142.knu.ac.kr//pnfs/knu.ac.kr/data/cms/store/user/sha/Run2FULL/2016PreVFP/MC/DYJetsToLL_M-10to50_TuneCP5_13TeV-madgraphMLM-pythia8/crab_DYJetsToLL_M-10to50_TuneCP5_13TeV-madgraphMLM-pythia8/240205_162913///0000/SSBTree_537.root
adding: dcap://cluster142.knu.ac.kr//pnfs/knu.ac.kr/data/cms/store/user/sha/Run2FULL/2016PreVFP/MC/DYJetsToLL_M-10to50_TuneCP5_13TeV-madgraphMLM-pythia8/crab_DYJetsToLL_M-10to50_TuneCP5_13TeV-madgraphMLM-pythia8/240205_162913///0000/SSBTree_538.root
adding: dcap://cluster142.knu.ac.kr//pnfs/knu.ac.kr/data/cms/store/user/sha/Run2FULL/2016PreVFP/MC/DYJetsToLL_M-10to50_TuneCP5_13TeV-madgraphMLM-pythia8/crab_DYJetsToLL_M-10to50_TuneCP5_13TeV-madgraphMLM-pythia8/240205_162913///0000/SSBTree_539.root
adding: dcap://cluster142.knu.ac.kr//pnfs/knu.ac.kr/data/cms/store/user/sha/Run2FULL/2016PreVFP/MC/DYJetsToLL_M-10to50_TuneCP5_13TeV-madgraphMLM-pythia8/crab_DYJetsToLL_M-10to50_TuneCP5_13TeV-madgraphMLM-pythia8/240205_162913///0000/SSBTree_53.root
adding: dcap://cluster142.knu.ac.kr//pnfs/knu.ac.kr/data/cms/store/user/sha/Run2FULL/2016PreVFP/MC/DYJetsToLL_M-10to50_TuneCP5_13TeV-madgraphMLM-pythia8/crab_DYJetsToLL_M-10to50_TuneCP5_13TeV-madgraphMLM-pythia8/240205_162913///0000/SSBTree_540.root
adding: dcap://cluster142.knu.ac.kr//pnfs/knu.ac.kr/data/cms/store/user/sha/Run2FULL/2016PreVFP/MC/DYJetsToLL_M-10to50_TuneCP5_13TeV-madgraphMLM-pythia8/crab_DYJetsToLL_M-10to50_TuneCP5_13TeV-madgraphMLM-pythia8/240205_162913///0000/SSBTree_541.root
Total number of events after merging root files: 242030
Event 0
Event 10000
Event 20000
Event 30000
Event 40000
Event 50000
Event 60000
Event 70000
Event 80000
Event 90000
Event 100000
Event 110000
Event 120000
Event 130000
Event 140000
Event 150000
Event 160000
Event 170000
Event 180000
Event 190000
Event 200000
Event 210000
Event 220000
Event 230000
Event 240000
Total processed number of events: 242030
End processing...

The number of options is: 2
Option 0 = ./TopMass_analysis
Option 1 = DYJetsToLL_M_10To50_Mad/DYJetsToLL_M_10To50_Mad_60.list
Option 2 = DYJetsToLL_M_10To50_Mad/DYJetsToLL_M_10To50_Mad_60.txt
Input filelist = DYJetsToLL_M_10To50_Mad/DYJetsToLL_M_10To50_Mad_60.list
Output file name = DYJetsToLL_M_10To50_Mad/DYJetsToLL_M_10To50_Mad_60.txt


start merging file(s)
adding: dcap://cluster142.knu.ac.kr//pnfs/knu.ac.kr/data/cms/store/user/sha/Run2FULL/2016PreVFP/MC/DYJetsToLL_M-10to50_TuneCP5_13TeV-madgraphMLM-pythia8/crab_DYJetsToLL_M-10to50_TuneCP5_13TeV-madgraphMLM-pythia8/240205_162913///0000/SSBTree_632.root
adding: dcap://cluster142.knu.ac.kr//pnfs/knu.ac.kr/data/cms/store/user/sha/Run2FULL/2016PreVFP/MC/DYJetsToLL_M-10to50_TuneCP5_13TeV-madgraphMLM-pythia8/crab_DYJetsToLL_M-10to50_TuneCP5_13TeV-madgraphMLM-pythia8/240205_162913///0000/SSBTree_633.root
adding: dcap://cluster142.knu.ac.kr//pnfs/knu.ac.kr/data/cms/store/user/sha/Run2FULL/2016PreVFP/MC/DYJetsToLL_M-10to50_TuneCP5_13TeV-madgraphMLM-pythia8/crab_DYJetsToLL_M-10to50_TuneCP5_13TeV-madgraphMLM-pythia8/240205_162913///0000/SSBTree_634.root
adding: dcap://cluster142.knu.ac.kr//pnfs/knu.ac.kr/data/cms/store/user/sha/Run2FULL/2016PreVFP/MC/DYJetsToLL_M-10to50_TuneCP5_13TeV-madgraphMLM-pythia8/crab_DYJetsToLL_M-10to50_TuneCP5_13TeV-madgraphMLM-pythia8/240205_162913///0000/SSBTree_635.root
adding: dcap://cluster142.knu.ac.kr//pnfs/knu.ac.kr/data/cms/store/user/sha/Run2FULL/2016PreVFP/MC/DYJetsToLL_M-10to50_TuneCP5_13TeV-madgraphMLM-pythia8/crab_DYJetsToLL_M-10to50_TuneCP5_13TeV-madgraphMLM-pythia8/240205_162913///0000/SSBTree_636.root
adding: dcap://cluster142.knu.ac.kr//pnfs/knu.ac.kr/data/cms/store/user/sha/Run2FULL/2016PreVFP/MC/DYJetsToLL_M-10to50_TuneCP5_13TeV-madgraphMLM-pythia8/crab_DYJetsToLL_M-10to50_TuneCP5_13TeV-madgraphMLM-pythia8/240205_162913///0000/SSBTree_637.root
adding: dcap://cluster142.knu.ac.kr//pnfs/knu.ac.kr/data/cms/store/user/sha/Run2FULL/2016PreVFP/MC/DYJetsToLL_M-10to50_TuneCP5_13TeV-madgraphMLM-pythia8/crab_DYJetsToLL_M-10to50_TuneCP5_13TeV-madgraphMLM-pythia8/240205_162913///0000/SSBTree_638.root
adding: dcap://cluster142.knu.ac.kr//pnfs/knu.ac.kr/data/cms/store/user/sha/Run2FULL/2016PreVFP/MC/DYJetsToLL_M-10to50_TuneCP5_13TeV-madgraphMLM-pythia8/crab_DYJetsToLL_M-10to50_TuneCP5_13TeV-madgraphMLM-pythia8/240205_162913///0000/SSBTree_639.root
adding: dcap://cluster142.knu.ac.kr//pnfs/knu.ac.kr/data/cms/store/user/sha/Run2FULL/2016PreVFP/MC/DYJetsToLL_M-10to50_TuneCP5_13TeV-madgraphMLM-pythia8/crab_DYJetsToLL_M-10to50_TuneCP5_13TeV-madgraphMLM-pythia8/240205_162913///0000/SSBTree_63.root
adding: dcap://cluster142.knu.ac.kr//pnfs/knu.ac.kr/data/cms/store/user/sha/Run2FULL/2016PreVFP/MC/DYJetsToLL_M-10to50_TuneCP5_13TeV-madgraphMLM-pythia8/crab_DYJetsToLL_M-10to50_TuneCP5_13TeV-madgraphMLM-pythia8/240205_162913///0000/SSBTree_640.root
Total number of events after merging root files: 241864
Event 0
Event 10000
Event 20000
Event 30000
Event 40000
Event 50000
Event 60000
Event 70000
Event 80000
Event 90000
Event 100000
Event 110000
Event 120000
Event 130000
Event 140000
Event 150000
Event 160000
Event 170000
Event 180000
Event 190000
Event 200000
Event 210000
Event 220000
Event 230000
Event 240000
Total processed number of events: 241864
End processing...

The number of options is: 2
Option 0 = ./TopMass_analysis
Option 1 = DYJetsToLL_M_10To50_Mad/DYJetsToLL_M_10To50_Mad_71.list
Option 2 = DYJetsToLL_M_10To50_Mad/DYJetsToLL_M_10To50_Mad_71.txt
Input filelist = DYJetsToLL_M_10To50_Mad/DYJetsToLL_M_10To50_Mad_71.list
Output file name = DYJetsToLL_M_10To50_Mad/DYJetsToLL_M_10To50_Mad_71.txt


start merging file(s)
adding: dcap://cluster142.knu.ac.kr//pnfs/knu.ac.kr/data/cms/store/user/sha/Run2FULL/2016PreVFP/MC/DYJetsToLL_M-10to50_TuneCP5_13TeV-madgraphMLM-pythia8/crab_DYJetsToLL_M-10to50_TuneCP5_13TeV-madgraphMLM-pythia8/240205_162913///0000/SSBTree_731.root
adding: dcap://cluster142.knu.ac.kr//pnfs/knu.ac.kr/data/cms/store/user/sha/Run2FULL/2016PreVFP/MC/DYJetsToLL_M-10to50_TuneCP5_13TeV-madgraphMLM-pythia8/crab_DYJetsToLL_M-10to50_TuneCP5_13TeV-madgraphMLM-pythia8/240205_162913///0000/SSBTree_732.root
adding: dcap://cluster142.knu.ac.kr//pnfs/knu.ac.kr/data/cms/store/user/sha/Run2FULL/2016PreVFP/MC/DYJetsToLL_M-10to50_TuneCP5_13TeV-madgraphMLM-pythia8/crab_DYJetsToLL_M-10to50_TuneCP5_13TeV-madgraphMLM-pythia8/240205_162913///0000/SSBTree_733.root
adding: dcap://cluster142.knu.ac.kr//pnfs/knu.ac.kr/data/cms/store/user/sha/Run2FULL/2016PreVFP/MC/DYJetsToLL_M-10to50_TuneCP5_13TeV-madgraphMLM-pythia8/crab_DYJetsToLL_M-10to50_TuneCP5_13TeV-madgraphMLM-pythia8/240205_162913///0000/SSBTree_734.root
adding: dcap://cluster142.knu.ac.kr//pnfs/knu.ac.kr/data/cms/store/user/sha/Run2FULL/2016PreVFP/MC/DYJetsToLL_M-10to50_TuneCP5_13TeV-madgraphMLM-pythia8/crab_DYJetsToLL_M-10to50_TuneCP5_13TeV-madgraphMLM-pythia8/240205_162913///0000/SSBTree_735.root
adding: dcap://cluster142.knu.ac.kr//pnfs/knu.ac.kr/data/cms/store/user/sha/Run2FULL/2016PreVFP/MC/DYJetsToLL_M-10to50_TuneCP5_13TeV-madgraphMLM-pythia8/crab_DYJetsToLL_M-10to50_TuneCP5_13TeV-madgraphMLM-pythia8/240205_162913///0000/SSBTree_736.root
adding: dcap://cluster142.knu.ac.kr//pnfs/knu.ac.kr/data/cms/store/user/sha/Run2FULL/2016PreVFP/MC/DYJetsToLL_M-10to50_TuneCP5_13TeV-madgraphMLM-pythia8/crab_DYJetsToLL_M-10to50_TuneCP5_13TeV-madgraphMLM-pythia8/240205_162913///0000/SSBTree_737.root
adding: dcap://cluster142.knu.ac.kr//pnfs/knu.ac.kr/data/cms/store/user/sha/Run2FULL/2016PreVFP/MC/DYJetsToLL_M-10to50_TuneCP5_13TeV-madgraphMLM-pythia8/crab_DYJetsToLL_M-10to50_TuneCP5_13TeV-madgraphMLM-pythia8/240205_162913///0000/SSBTree_738.root
adding: dcap://cluster142.knu.ac.kr//pnfs/knu.ac.kr/data/cms/store/user/sha/Run2FULL/2016PreVFP/MC/DYJetsToLL_M-10to50_TuneCP5_13TeV-madgraphMLM-pythia8/crab_DYJetsToLL_M-10to50_TuneCP5_13TeV-madgraphMLM-pythia8/240205_162913///0000/SSBTree_739.root
adding: dcap://cluster142.knu.ac.kr//pnfs/knu.ac.kr/data/cms/store/user/sha/Run2FULL/2016PreVFP/MC/DYJetsToLL_M-10to50_TuneCP5_13TeV-madgraphMLM-pythia8/crab_DYJetsToLL_M-10to50_TuneCP5_13TeV-madgraphMLM-pythia8/240205_162913///0000/SSBTree_73.root
Total number of events after merging root files: 241808
Event 0
Event 10000
Event 20000
Event 30000
Event 40000
Event 50000
Event 60000
Event 70000
Event 80000
Event 90000
Event 100000
Event 110000
Event 120000
Event 130000
Event 140000
Event 150000
Event 160000
Event 170000
Event 180000
Event 190000
Event 200000
Event 210000
Event 220000
Event 230000
Event 240000
Total processed number of events: 241808
End processing...

The number of options is: 2
Option 0 = ./TopMass_analysis
Option 1 = DYJetsToLL_M_10To50_Mad/DYJetsToLL_M_10To50_Mad_82.list
Option 2 = DYJetsToLL_M_10To50_Mad/DYJetsToLL_M_10To50_Mad_82.txt
Input filelist = DYJetsToLL_M_10To50_Mad/DYJetsToLL_M_10To50_Mad_82.list
Output file name = DYJetsToLL_M_10To50_Mad/DYJetsToLL_M_10To50_Mad_82.txt


start merging file(s)
adding: dcap://cluster142.knu.ac.kr//pnfs/knu.ac.kr/data/cms/store/user/sha/Run2FULL/2016PreVFP/MC/DYJetsToLL_M-10to50_TuneCP5_13TeV-madgraphMLM-pythia8/crab_DYJetsToLL_M-10to50_TuneCP5_13TeV-madgraphMLM-pythia8/240205_162913///0000/SSBTree_830.root
adding: dcap://cluster142.knu.ac.kr//pnfs/knu.ac.kr/data/cms/store/user/sha/Run2FULL/2016PreVFP/MC/DYJetsToLL_M-10to50_TuneCP5_13TeV-madgraphMLM-pythia8/crab_DYJetsToLL_M-10to50_TuneCP5_13TeV-madgraphMLM-pythia8/240205_162913///0000/SSBTree_831.root
adding: dcap://cluster142.knu.ac.kr//pnfs/knu.ac.kr/data/cms/store/user/sha/Run2FULL/2016PreVFP/MC/DYJetsToLL_M-10to50_TuneCP5_13TeV-madgraphMLM-pythia8/crab_DYJetsToLL_M-10to50_TuneCP5_13TeV-madgraphMLM-pythia8/240205_162913///0000/SSBTree_832.root
adding: dcap://cluster142.knu.ac.kr//pnfs/knu.ac.kr/data/cms/store/user/sha/Run2FULL/2016PreVFP/MC/DYJetsToLL_M-10to50_TuneCP5_13TeV-madgraphMLM-pythia8/crab_DYJetsToLL_M-10to50_TuneCP5_13TeV-madgraphMLM-pythia8/240205_162913///0000/SSBTree_833.root
adding: dcap://cluster142.knu.ac.kr//pnfs/knu.ac.kr/data/cms/store/user/sha/Run2FULL/2016PreVFP/MC/DYJetsToLL_M-10to50_TuneCP5_13TeV-madgraphMLM-pythia8/crab_DYJetsToLL_M-10to50_TuneCP5_13TeV-madgraphMLM-pythia8/240205_162913///0000/SSBTree_834.root
adding: dcap://cluster142.knu.ac.kr//pnfs/knu.ac.kr/data/cms/store/user/sha/Run2FULL/2016PreVFP/MC/DYJetsToLL_M-10to50_TuneCP5_13TeV-madgraphMLM-pythia8/crab_DYJetsToLL_M-10to50_TuneCP5_13TeV-madgraphMLM-pythia8/240205_162913///0000/SSBTree_835.root
adding: dcap://cluster142.knu.ac.kr//pnfs/knu.ac.kr/data/cms/store/user/sha/Run2FULL/2016PreVFP/MC/DYJetsToLL_M-10to50_TuneCP5_13TeV-madgraphMLM-pythia8/crab_DYJetsToLL_M-10to50_TuneCP5_13TeV-madgraphMLM-pythia8/240205_162913///0000/SSBTree_836.root
adding: dcap://cluster142.knu.ac.kr//pnfs/knu.ac.kr/data/cms/store/user/sha/Run2FULL/2016PreVFP/MC/DYJetsToLL_M-10to50_TuneCP5_13TeV-madgraphMLM-pythia8/crab_DYJetsToLL_M-10to50_TuneCP5_13TeV-madgraphMLM-pythia8/240205_162913///0000/SSBTree_837.root
adding: dcap://cluster142.knu.ac.kr//pnfs/knu.ac.kr/data/cms/store/user/sha/Run2FULL/2016PreVFP/MC/DYJetsToLL_M-10to50_TuneCP5_13TeV-madgraphMLM-pythia8/crab_DYJetsToLL_M-10to50_TuneCP5_13TeV-madgraphMLM-pythia8/240205_162913///0000/SSBTree_838.root
adding: dcap://cluster142.knu.ac.kr//pnfs/knu.ac.kr/data/cms/store/user/sha/Run2FULL/2016PreVFP/MC/DYJetsToLL_M-10to50_TuneCP5_13TeV-madgraphMLM-pythia8/crab_DYJetsToLL_M-10to50_TuneCP5_13TeV-madgraphMLM-pythia8/240205_162913///0000/SSBTree_839.root
Total number of events after merging root files: 242345
Event 0
Event 10000
Event 20000
Event 30000
Event 40000
Event 50000
Event 60000
Event 70000
Event 80000
Event 90000
Event 100000
Event 110000
Event 120000
Event 130000
Event 140000
Event 150000
Event 160000
Event 170000
Event 180000
Event 190000
Event 200000
Event 210000
Event 220000
Event 230000
Event 240000
Total processed number of events: 242345
End processing...

The number of options is: 2
Option 0 = ./TopMass_analysis
Option 1 = DYJetsToLL_M_10To50_Mad/DYJetsToLL_M_10To50_Mad_93.list
Option 2 = DYJetsToLL_M_10To50_Mad/DYJetsToLL_M_10To50_Mad_93.txt
Input filelist = DYJetsToLL_M_10To50_Mad/DYJetsToLL_M_10To50_Mad_93.list
Output file name = DYJetsToLL_M_10To50_Mad/DYJetsToLL_M_10To50_Mad_93.txt


start merging file(s)
adding: dcap://cluster142.knu.ac.kr//pnfs/knu.ac.kr/data/cms/store/user/sha/Run2FULL/2016PreVFP/MC/DYJetsToLL_M-10to50_TuneCP5_13TeV-madgraphMLM-pythia8/crab_DYJetsToLL_M-10to50_TuneCP5_13TeV-madgraphMLM-pythia8/240205_162913///0000/SSBTree_92.root
adding: dcap://cluster142.knu.ac.kr//pnfs/knu.ac.kr/data/cms/store/user/sha/Run2FULL/2016PreVFP/MC/DYJetsToLL_M-10to50_TuneCP5_13TeV-madgraphMLM-pythia8/crab_DYJetsToLL_M-10to50_TuneCP5_13TeV-madgraphMLM-pythia8/240205_162913///0000/SSBTree_930.root
adding: dcap://cluster142.knu.ac.kr//pnfs/knu.ac.kr/data/cms/store/user/sha/Run2FULL/2016PreVFP/MC/DYJetsToLL_M-10to50_TuneCP5_13TeV-madgraphMLM-pythia8/crab_DYJetsToLL_M-10to50_TuneCP5_13TeV-madgraphMLM-pythia8/240205_162913///0000/SSBTree_931.root
adding: dcap://cluster142.knu.ac.kr//pnfs/knu.ac.kr/data/cms/store/user/sha/Run2FULL/2016PreVFP/MC/DYJetsToLL_M-10to50_TuneCP5_13TeV-madgraphMLM-pythia8/crab_DYJetsToLL_M-10to50_TuneCP5_13TeV-madgraphMLM-pythia8/240205_162913///0000/SSBTree_932.root
adding: dcap://cluster142.knu.ac.kr//pnfs/knu.ac.kr/data/cms/store/user/sha/Run2FULL/2016PreVFP/MC/DYJetsToLL_M-10to50_TuneCP5_13TeV-madgraphMLM-pythia8/crab_DYJetsToLL_M-10to50_TuneCP5_13TeV-madgraphMLM-pythia8/240205_162913///0000/SSBTree_933.root
adding: dcap://cluster142.knu.ac.kr//pnfs/knu.ac.kr/data/cms/store/user/sha/Run2FULL/2016PreVFP/MC/DYJetsToLL_M-10to50_TuneCP5_13TeV-madgraphMLM-pythia8/crab_DYJetsToLL_M-10to50_TuneCP5_13TeV-madgraphMLM-pythia8/240205_162913///0000/SSBTree_934.root
adding: dcap://cluster142.knu.ac.kr//pnfs/knu.ac.kr/data/cms/store/user/sha/Run2FULL/2016PreVFP/MC/DYJetsToLL_M-10to50_TuneCP5_13TeV-madgraphMLM-pythia8/crab_DYJetsToLL_M-10to50_TuneCP5_13TeV-madgraphMLM-pythia8/240205_162913///0000/SSBTree_935.root
adding: dcap://cluster142.knu.ac.kr//pnfs/knu.ac.kr/data/cms/store/user/sha/Run2FULL/2016PreVFP/MC/DYJetsToLL_M-10to50_TuneCP5_13TeV-madgraphMLM-pythia8/crab_DYJetsToLL_M-10to50_TuneCP5_13TeV-madgraphMLM-pythia8/240205_162913///0000/SSBTree_936.root
adding: dcap://cluster142.knu.ac.kr//pnfs/knu.ac.kr/data/cms/store/user/sha/Run2FULL/2016PreVFP/MC/DYJetsToLL_M-10to50_TuneCP5_13TeV-madgraphMLM-pythia8/crab_DYJetsToLL_M-10to50_TuneCP5_13TeV-madgraphMLM-pythia8/240205_162913///0000/SSBTree_937.root
adding: dcap://cluster142.knu.ac.kr//pnfs/knu.ac.kr/data/cms/store/user/sha/Run2FULL/2016PreVFP/MC/DYJetsToLL_M-10to50_TuneCP5_13TeV-madgraphMLM-pythia8/crab_DYJetsToLL_M-10to50_TuneCP5_13TeV-madgraphMLM-pythia8/240205_162913///0000/SSBTree_938.root
Total number of events after merging root files: 242080
Event 0
Event 10000
Event 20000
Event 30000
Event 40000
Event 50000
Event 60000
Event 70000
Event 80000
Event 90000
Event 100000
Event 110000
Event 120000
Event 130000
Event 140000
Event 150000
Event 160000
Event 170000
Event 180000
Event 190000
Event 200000
Event 210000
Event 220000
Event 230000
Event 240000
Total processed number of events: 242080
End processing...

The number of options is: 2
Option 0 = ./TopMass_analysis
Option 1 = DYJetsToLL_M_10To50_Mad/DYJetsToLL_M_10To50_Mad_104.list
Option 2 = DYJetsToLL_M_10To50_Mad/DYJetsToLL_M_10To50_Mad_104.txt
Input filelist = DYJetsToLL_M_10To50_Mad/DYJetsToLL_M_10To50_Mad_104.list
Output file name = DYJetsToLL_M_10To50_Mad/DYJetsToLL_M_10To50_Mad_104.txt


start merging file(s)
adding: dcap://cluster142.knu.ac.kr//pnfs/knu.ac.kr/data/cms/store/user/sha/Run2FULL/2016PreVFP/MC/DYJetsToLL_M-10to50_TuneCP5_13TeV-madgraphMLM-pythia8/crab_DYJetsToLL_M-10to50_TuneCP5_13TeV-madgraphMLM-pythia8/240205_162913///0001/SSBTree_1031.root
adding: dcap://cluster142.knu.ac.kr//pnfs/knu.ac.kr/data/cms/store/user/sha/Run2FULL/2016PreVFP/MC/DYJetsToLL_M-10to50_TuneCP5_13TeV-madgraphMLM-pythia8/crab_DYJetsToLL_M-10to50_TuneCP5_13TeV-madgraphMLM-pythia8/240205_162913///0001/SSBTree_1032.root
adding: dcap://cluster142.knu.ac.kr//pnfs/knu.ac.kr/data/cms/store/user/sha/Run2FULL/2016PreVFP/MC/DYJetsToLL_M-10to50_TuneCP5_13TeV-madgraphMLM-pythia8/crab_DYJetsToLL_M-10to50_TuneCP5_13TeV-madgraphMLM-pythia8/240205_162913///0001/SSBTree_1033.root
adding: dcap://cluster142.knu.ac.kr//pnfs/knu.ac.kr/data/cms/store/user/sha/Run2FULL/2016PreVFP/MC/DYJetsToLL_M-10to50_TuneCP5_13TeV-madgraphMLM-pythia8/crab_DYJetsToLL_M-10to50_TuneCP5_13TeV-madgraphMLM-pythia8/240205_162913///0001/SSBTree_1034.root
adding: dcap://cluster142.knu.ac.kr//pnfs/knu.ac.kr/data/cms/store/user/sha/Run2FULL/2016PreVFP/MC/DYJetsToLL_M-10to50_TuneCP5_13TeV-madgraphMLM-pythia8/crab_DYJetsToLL_M-10to50_TuneCP5_13TeV-madgraphMLM-pythia8/240205_162913///0001/SSBTree_1035.root
adding: dcap://cluster142.knu.ac.kr//pnfs/knu.ac.kr/data/cms/store/user/sha/Run2FULL/2016PreVFP/MC/DYJetsToLL_M-10to50_TuneCP5_13TeV-madgraphMLM-pythia8/crab_DYJetsToLL_M-10to50_TuneCP5_13TeV-madgraphMLM-pythia8/240205_162913///0001/SSBTree_1036.root
adding: dcap://cluster142.knu.ac.kr//pnfs/knu.ac.kr/data/cms/store/user/sha/Run2FULL/2016PreVFP/MC/DYJetsToLL_M-10to50_TuneCP5_13TeV-madgraphMLM-pythia8/crab_DYJetsToLL_M-10to50_TuneCP5_13TeV-madgraphMLM-pythia8/240205_162913///0001/SSBTree_1037.root
adding: dcap://cluster142.knu.ac.kr//pnfs/knu.ac.kr/data/cms/store/user/sha/Run2FULL/2016PreVFP/MC/DYJetsToLL_M-10to50_TuneCP5_13TeV-madgraphMLM-pythia8/crab_DYJetsToLL_M-10to50_TuneCP5_13TeV-madgraphMLM-pythia8/240205_162913///0001/SSBTree_1038.root
adding: dcap://cluster142.knu.ac.kr//pnfs/knu.ac.kr/data/cms/store/user/sha/Run2FULL/2016PreVFP/MC/DYJetsToLL_M-10to50_TuneCP5_13TeV-madgraphMLM-pythia8/crab_DYJetsToLL_M-10to50_TuneCP5_13TeV-madgraphMLM-pythia8/240205_162913///0001/SSBTree_1039.root
adding: dcap://cluster142.knu.ac.kr//pnfs/knu.ac.kr/data/cms/store/user/sha/Run2FULL/2016PreVFP/MC/DYJetsToLL_M-10to50_TuneCP5_13TeV-madgraphMLM-pythia8/crab_DYJetsToLL_M-10to50_TuneCP5_13TeV-madgraphMLM-pythia8/240205_162913///0001/SSBTree_1040.root
Total number of events after merging root files: 242322
Event 0
Event 10000
Event 20000
Event 30000
Event 40000
Event 50000
Event 60000
Event 70000
Event 80000
Event 90000
Event 100000
Event 110000
Event 120000
Event 130000
Event 140000
Event 150000
Event 160000
Event 170000
Event 180000
Event 190000
Event 200000
Event 210000
Event 220000
Event 230000
Event 240000
Total processed number of events: 242322
End processing...

