The number of options is: 2
Option 0 = ./TopMass_analysis
Option 1 = DYJetsToLL_M_10To50_Mad/DYJetsToLL_M_10To50_Mad_8.list
Option 2 = DYJetsToLL_M_10To50_Mad/DYJetsToLL_M_10To50_Mad_8.txt
Input filelist = DYJetsToLL_M_10To50_Mad/DYJetsToLL_M_10To50_Mad_8.list
Output file name = DYJetsToLL_M_10To50_Mad/DYJetsToLL_M_10To50_Mad_8.txt


start merging file(s)
adding: dcap://cluster142.knu.ac.kr//pnfs/knu.ac.kr/data/cms/store/user/sha/Run2FULL/2016PreVFP/MC/DYJetsToLL_M-10to50_TuneCP5_13TeV-madgraphMLM-pythia8/crab_DYJetsToLL_M-10to50_TuneCP5_13TeV-madgraphMLM-pythia8/240205_162913///0000/SSBTree_164.root
adding: dcap://cluster142.knu.ac.kr//pnfs/knu.ac.kr/data/cms/store/user/sha/Run2FULL/2016PreVFP/MC/DYJetsToLL_M-10to50_TuneCP5_13TeV-madgraphMLM-pythia8/crab_DYJetsToLL_M-10to50_TuneCP5_13TeV-madgraphMLM-pythia8/240205_162913///0000/SSBTree_165.root
adding: dcap://cluster142.knu.ac.kr//pnfs/knu.ac.kr/data/cms/store/user/sha/Run2FULL/2016PreVFP/MC/DYJetsToLL_M-10to50_TuneCP5_13TeV-madgraphMLM-pythia8/crab_DYJetsToLL_M-10to50_TuneCP5_13TeV-madgraphMLM-pythia8/240205_162913///0000/SSBTree_166.root
adding: dcap://cluster142.knu.ac.kr//pnfs/knu.ac.kr/data/cms/store/user/sha/Run2FULL/2016PreVFP/MC/DYJetsToLL_M-10to50_TuneCP5_13TeV-madgraphMLM-pythia8/crab_DYJetsToLL_M-10to50_TuneCP5_13TeV-madgraphMLM-pythia8/240205_162913///0000/SSBTree_167.root
adding: dcap://cluster142.knu.ac.kr//pnfs/knu.ac.kr/data/cms/store/user/sha/Run2FULL/2016PreVFP/MC/DYJetsToLL_M-10to50_TuneCP5_13TeV-madgraphMLM-pythia8/crab_DYJetsToLL_M-10to50_TuneCP5_13TeV-madgraphMLM-pythia8/240205_162913///0000/SSBTree_168.root
adding: dcap://cluster142.knu.ac.kr//pnfs/knu.ac.kr/data/cms/store/user/sha/Run2FULL/2016PreVFP/MC/DYJetsToLL_M-10to50_TuneCP5_13TeV-madgraphMLM-pythia8/crab_DYJetsToLL_M-10to50_TuneCP5_13TeV-madgraphMLM-pythia8/240205_162913///0000/SSBTree_169.root
adding: dcap://cluster142.knu.ac.kr//pnfs/knu.ac.kr/data/cms/store/user/sha/Run2FULL/2016PreVFP/MC/DYJetsToLL_M-10to50_TuneCP5_13TeV-madgraphMLM-pythia8/crab_DYJetsToLL_M-10to50_TuneCP5_13TeV-madgraphMLM-pythia8/240205_162913///0000/SSBTree_16.root
adding: dcap://cluster142.knu.ac.kr//pnfs/knu.ac.kr/data/cms/store/user/sha/Run2FULL/2016PreVFP/MC/DYJetsToLL_M-10to50_TuneCP5_13TeV-madgraphMLM-pythia8/crab_DYJetsToLL_M-10to50_TuneCP5_13TeV-madgraphMLM-pythia8/240205_162913///0000/SSBTree_170.root
adding: dcap://cluster142.knu.ac.kr//pnfs/knu.ac.kr/data/cms/store/user/sha/Run2FULL/2016PreVFP/MC/DYJetsToLL_M-10to50_TuneCP5_13TeV-madgraphMLM-pythia8/crab_DYJetsToLL_M-10to50_TuneCP5_13TeV-madgraphMLM-pythia8/240205_162913///0000/SSBTree_171.root
adding: dcap://cluster142.knu.ac.kr//pnfs/knu.ac.kr/data/cms/store/user/sha/Run2FULL/2016PreVFP/MC/DYJetsToLL_M-10to50_TuneCP5_13TeV-madgraphMLM-pythia8/crab_DYJetsToLL_M-10to50_TuneCP5_13TeV-madgraphMLM-pythia8/240205_162913///0000/SSBTree_172.root
Total number of events after merging root files: 241515
Event 0
Event 10000
Event 20000
Event 30000
Event 40000
Event 50000
Event 60000
Event 70000
Event 80000
Event 90000
Event 100000
Event 110000
Event 120000
Event 130000
Event 140000
Event 150000
Event 160000
Event 170000
Event 180000
Event 190000
Event 200000
Event 210000
Event 220000
Event 230000
Event 240000
Total processed number of events: 241515
End processing...

The number of options is: 2
Option 0 = ./TopMass_analysis
Option 1 = DYJetsToLL_M_10To50_Mad/DYJetsToLL_M_10To50_Mad_19.list
Option 2 = DYJetsToLL_M_10To50_Mad/DYJetsToLL_M_10To50_Mad_19.txt
Input filelist = DYJetsToLL_M_10To50_Mad/DYJetsToLL_M_10To50_Mad_19.list
Output file name = DYJetsToLL_M_10To50_Mad/DYJetsToLL_M_10To50_Mad_19.txt


start merging file(s)
adding: dcap://cluster142.knu.ac.kr//pnfs/knu.ac.kr/data/cms/store/user/sha/Run2FULL/2016PreVFP/MC/DYJetsToLL_M-10to50_TuneCP5_13TeV-madgraphMLM-pythia8/crab_DYJetsToLL_M-10to50_TuneCP5_13TeV-madgraphMLM-pythia8/240205_162913///0000/SSBTree_263.root
adding: dcap://cluster142.knu.ac.kr//pnfs/knu.ac.kr/data/cms/store/user/sha/Run2FULL/2016PreVFP/MC/DYJetsToLL_M-10to50_TuneCP5_13TeV-madgraphMLM-pythia8/crab_DYJetsToLL_M-10to50_TuneCP5_13TeV-madgraphMLM-pythia8/240205_162913///0000/SSBTree_264.root
adding: dcap://cluster142.knu.ac.kr//pnfs/knu.ac.kr/data/cms/store/user/sha/Run2FULL/2016PreVFP/MC/DYJetsToLL_M-10to50_TuneCP5_13TeV-madgraphMLM-pythia8/crab_DYJetsToLL_M-10to50_TuneCP5_13TeV-madgraphMLM-pythia8/240205_162913///0000/SSBTree_265.root
adding: dcap://cluster142.knu.ac.kr//pnfs/knu.ac.kr/data/cms/store/user/sha/Run2FULL/2016PreVFP/MC/DYJetsToLL_M-10to50_TuneCP5_13TeV-madgraphMLM-pythia8/crab_DYJetsToLL_M-10to50_TuneCP5_13TeV-madgraphMLM-pythia8/240205_162913///0000/SSBTree_266.root
adding: dcap://cluster142.knu.ac.kr//pnfs/knu.ac.kr/data/cms/store/user/sha/Run2FULL/2016PreVFP/MC/DYJetsToLL_M-10to50_TuneCP5_13TeV-madgraphMLM-pythia8/crab_DYJetsToLL_M-10to50_TuneCP5_13TeV-madgraphMLM-pythia8/240205_162913///0000/SSBTree_267.root
adding: dcap://cluster142.knu.ac.kr//pnfs/knu.ac.kr/data/cms/store/user/sha/Run2FULL/2016PreVFP/MC/DYJetsToLL_M-10to50_TuneCP5_13TeV-madgraphMLM-pythia8/crab_DYJetsToLL_M-10to50_TuneCP5_13TeV-madgraphMLM-pythia8/240205_162913///0000/SSBTree_268.root
adding: dcap://cluster142.knu.ac.kr//pnfs/knu.ac.kr/data/cms/store/user/sha/Run2FULL/2016PreVFP/MC/DYJetsToLL_M-10to50_TuneCP5_13TeV-madgraphMLM-pythia8/crab_DYJetsToLL_M-10to50_TuneCP5_13TeV-madgraphMLM-pythia8/240205_162913///0000/SSBTree_269.root
adding: dcap://cluster142.knu.ac.kr//pnfs/knu.ac.kr/data/cms/store/user/sha/Run2FULL/2016PreVFP/MC/DYJetsToLL_M-10to50_TuneCP5_13TeV-madgraphMLM-pythia8/crab_DYJetsToLL_M-10to50_TuneCP5_13TeV-madgraphMLM-pythia8/240205_162913///0000/SSBTree_26.root
adding: dcap://cluster142.knu.ac.kr//pnfs/knu.ac.kr/data/cms/store/user/sha/Run2FULL/2016PreVFP/MC/DYJetsToLL_M-10to50_TuneCP5_13TeV-madgraphMLM-pythia8/crab_DYJetsToLL_M-10to50_TuneCP5_13TeV-madgraphMLM-pythia8/240205_162913///0000/SSBTree_270.root
adding: dcap://cluster142.knu.ac.kr//pnfs/knu.ac.kr/data/cms/store/user/sha/Run2FULL/2016PreVFP/MC/DYJetsToLL_M-10to50_TuneCP5_13TeV-madgraphMLM-pythia8/crab_DYJetsToLL_M-10to50_TuneCP5_13TeV-madgraphMLM-pythia8/240205_162913///0000/SSBTree_271.root
Total number of events after merging root files: 241751
Event 0
Event 10000
Event 20000
Event 30000
Event 40000
Event 50000
Event 60000
Event 70000
Event 80000
Event 90000
Event 100000
Event 110000
Event 120000
Event 130000
Event 140000
Event 150000
Event 160000
Event 170000
Event 180000
Event 190000
Event 200000
Event 210000
Event 220000
Event 230000
Event 240000
Total processed number of events: 241751
End processing...

The number of options is: 2
Option 0 = ./TopMass_analysis
Option 1 = DYJetsToLL_M_10To50_Mad/DYJetsToLL_M_10To50_Mad_30.list
Option 2 = DYJetsToLL_M_10To50_Mad/DYJetsToLL_M_10To50_Mad_30.txt
Input filelist = DYJetsToLL_M_10To50_Mad/DYJetsToLL_M_10To50_Mad_30.list
Output file name = DYJetsToLL_M_10To50_Mad/DYJetsToLL_M_10To50_Mad_30.txt


start merging file(s)
adding: dcap://cluster142.knu.ac.kr//pnfs/knu.ac.kr/data/cms/store/user/sha/Run2FULL/2016PreVFP/MC/DYJetsToLL_M-10to50_TuneCP5_13TeV-madgraphMLM-pythia8/crab_DYJetsToLL_M-10to50_TuneCP5_13TeV-madgraphMLM-pythia8/240205_162913///0000/SSBTree_362.root
adding: dcap://cluster142.knu.ac.kr//pnfs/knu.ac.kr/data/cms/store/user/sha/Run2FULL/2016PreVFP/MC/DYJetsToLL_M-10to50_TuneCP5_13TeV-madgraphMLM-pythia8/crab_DYJetsToLL_M-10to50_TuneCP5_13TeV-madgraphMLM-pythia8/240205_162913///0000/SSBTree_363.root
adding: dcap://cluster142.knu.ac.kr//pnfs/knu.ac.kr/data/cms/store/user/sha/Run2FULL/2016PreVFP/MC/DYJetsToLL_M-10to50_TuneCP5_13TeV-madgraphMLM-pythia8/crab_DYJetsToLL_M-10to50_TuneCP5_13TeV-madgraphMLM-pythia8/240205_162913///0000/SSBTree_364.root
adding: dcap://cluster142.knu.ac.kr//pnfs/knu.ac.kr/data/cms/store/user/sha/Run2FULL/2016PreVFP/MC/DYJetsToLL_M-10to50_TuneCP5_13TeV-madgraphMLM-pythia8/crab_DYJetsToLL_M-10to50_TuneCP5_13TeV-madgraphMLM-pythia8/240205_162913///0000/SSBTree_365.root
adding: dcap://cluster142.knu.ac.kr//pnfs/knu.ac.kr/data/cms/store/user/sha/Run2FULL/2016PreVFP/MC/DYJetsToLL_M-10to50_TuneCP5_13TeV-madgraphMLM-pythia8/crab_DYJetsToLL_M-10to50_TuneCP5_13TeV-madgraphMLM-pythia8/240205_162913///0000/SSBTree_366.root
adding: dcap://cluster142.knu.ac.kr//pnfs/knu.ac.kr/data/cms/store/user/sha/Run2FULL/2016PreVFP/MC/DYJetsToLL_M-10to50_TuneCP5_13TeV-madgraphMLM-pythia8/crab_DYJetsToLL_M-10to50_TuneCP5_13TeV-madgraphMLM-pythia8/240205_162913///0000/SSBTree_367.root
adding: dcap://cluster142.knu.ac.kr//pnfs/knu.ac.kr/data/cms/store/user/sha/Run2FULL/2016PreVFP/MC/DYJetsToLL_M-10to50_TuneCP5_13TeV-madgraphMLM-pythia8/crab_DYJetsToLL_M-10to50_TuneCP5_13TeV-madgraphMLM-pythia8/240205_162913///0000/SSBTree_368.root
adding: dcap://cluster142.knu.ac.kr//pnfs/knu.ac.kr/data/cms/store/user/sha/Run2FULL/2016PreVFP/MC/DYJetsToLL_M-10to50_TuneCP5_13TeV-madgraphMLM-pythia8/crab_DYJetsToLL_M-10to50_TuneCP5_13TeV-madgraphMLM-pythia8/240205_162913///0000/SSBTree_369.root
adding: dcap://cluster142.knu.ac.kr//pnfs/knu.ac.kr/data/cms/store/user/sha/Run2FULL/2016PreVFP/MC/DYJetsToLL_M-10to50_TuneCP5_13TeV-madgraphMLM-pythia8/crab_DYJetsToLL_M-10to50_TuneCP5_13TeV-madgraphMLM-pythia8/240205_162913///0000/SSBTree_36.root
adding: dcap://cluster142.knu.ac.kr//pnfs/knu.ac.kr/data/cms/store/user/sha/Run2FULL/2016PreVFP/MC/DYJetsToLL_M-10to50_TuneCP5_13TeV-madgraphMLM-pythia8/crab_DYJetsToLL_M-10to50_TuneCP5_13TeV-madgraphMLM-pythia8/240205_162913///0000/SSBTree_370.root
Total number of events after merging root files: 242343
Event 0
Event 10000
Event 20000
Event 30000
Event 40000
Event 50000
Event 60000
Event 70000
Event 80000
Event 90000
Event 100000
Event 110000
Event 120000
Event 130000
Event 140000
Event 150000
Event 160000
Event 170000
Event 180000
Event 190000
Event 200000
Event 210000
Event 220000
Event 230000
Event 240000
Total processed number of events: 242343
End processing...

The number of options is: 2
Option 0 = ./TopMass_analysis
Option 1 = DYJetsToLL_M_10To50_Mad/DYJetsToLL_M_10To50_Mad_41.list
Option 2 = DYJetsToLL_M_10To50_Mad/DYJetsToLL_M_10To50_Mad_41.txt
Input filelist = DYJetsToLL_M_10To50_Mad/DYJetsToLL_M_10To50_Mad_41.list
Output file name = DYJetsToLL_M_10To50_Mad/DYJetsToLL_M_10To50_Mad_41.txt


start merging file(s)
adding: dcap://cluster142.knu.ac.kr//pnfs/knu.ac.kr/data/cms/store/user/sha/Run2FULL/2016PreVFP/MC/DYJetsToLL_M-10to50_TuneCP5_13TeV-madgraphMLM-pythia8/crab_DYJetsToLL_M-10to50_TuneCP5_13TeV-madgraphMLM-pythia8/240205_162913///0000/SSBTree_461.root
adding: dcap://cluster142.knu.ac.kr//pnfs/knu.ac.kr/data/cms/store/user/sha/Run2FULL/2016PreVFP/MC/DYJetsToLL_M-10to50_TuneCP5_13TeV-madgraphMLM-pythia8/crab_DYJetsToLL_M-10to50_TuneCP5_13TeV-madgraphMLM-pythia8/240205_162913///0000/SSBTree_462.root
adding: dcap://cluster142.knu.ac.kr//pnfs/knu.ac.kr/data/cms/store/user/sha/Run2FULL/2016PreVFP/MC/DYJetsToLL_M-10to50_TuneCP5_13TeV-madgraphMLM-pythia8/crab_DYJetsToLL_M-10to50_TuneCP5_13TeV-madgraphMLM-pythia8/240205_162913///0000/SSBTree_463.root
adding: dcap://cluster142.knu.ac.kr//pnfs/knu.ac.kr/data/cms/store/user/sha/Run2FULL/2016PreVFP/MC/DYJetsToLL_M-10to50_TuneCP5_13TeV-madgraphMLM-pythia8/crab_DYJetsToLL_M-10to50_TuneCP5_13TeV-madgraphMLM-pythia8/240205_162913///0000/SSBTree_464.root
adding: dcap://cluster142.knu.ac.kr//pnfs/knu.ac.kr/data/cms/store/user/sha/Run2FULL/2016PreVFP/MC/DYJetsToLL_M-10to50_TuneCP5_13TeV-madgraphMLM-pythia8/crab_DYJetsToLL_M-10to50_TuneCP5_13TeV-madgraphMLM-pythia8/240205_162913///0000/SSBTree_465.root
adding: dcap://cluster142.knu.ac.kr//pnfs/knu.ac.kr/data/cms/store/user/sha/Run2FULL/2016PreVFP/MC/DYJetsToLL_M-10to50_TuneCP5_13TeV-madgraphMLM-pythia8/crab_DYJetsToLL_M-10to50_TuneCP5_13TeV-madgraphMLM-pythia8/240205_162913///0000/SSBTree_466.root
adding: dcap://cluster142.knu.ac.kr//pnfs/knu.ac.kr/data/cms/store/user/sha/Run2FULL/2016PreVFP/MC/DYJetsToLL_M-10to50_TuneCP5_13TeV-madgraphMLM-pythia8/crab_DYJetsToLL_M-10to50_TuneCP5_13TeV-madgraphMLM-pythia8/240205_162913///0000/SSBTree_467.root
adding: dcap://cluster142.knu.ac.kr//pnfs/knu.ac.kr/data/cms/store/user/sha/Run2FULL/2016PreVFP/MC/DYJetsToLL_M-10to50_TuneCP5_13TeV-madgraphMLM-pythia8/crab_DYJetsToLL_M-10to50_TuneCP5_13TeV-madgraphMLM-pythia8/240205_162913///0000/SSBTree_468.root
adding: dcap://cluster142.knu.ac.kr//pnfs/knu.ac.kr/data/cms/store/user/sha/Run2FULL/2016PreVFP/MC/DYJetsToLL_M-10to50_TuneCP5_13TeV-madgraphMLM-pythia8/crab_DYJetsToLL_M-10to50_TuneCP5_13TeV-madgraphMLM-pythia8/240205_162913///0000/SSBTree_469.root
adding: dcap://cluster142.knu.ac.kr//pnfs/knu.ac.kr/data/cms/store/user/sha/Run2FULL/2016PreVFP/MC/DYJetsToLL_M-10to50_TuneCP5_13TeV-madgraphMLM-pythia8/crab_DYJetsToLL_M-10to50_TuneCP5_13TeV-madgraphMLM-pythia8/240205_162913///0000/SSBTree_46.root
Total number of events after merging root files: 242169
Event 0
Event 10000
Event 20000
Event 30000
Event 40000
Event 50000
Event 60000
Event 70000
Event 80000
Event 90000
Event 100000
Event 110000
Event 120000
Event 130000
Event 140000
Event 150000
Event 160000
Event 170000
Event 180000
Event 190000
Event 200000
Event 210000
Event 220000
Event 230000
Event 240000
Total processed number of events: 242169
End processing...

The number of options is: 2
Option 0 = ./TopMass_analysis
Option 1 = DYJetsToLL_M_10To50_Mad/DYJetsToLL_M_10To50_Mad_52.list
Option 2 = DYJetsToLL_M_10To50_Mad/DYJetsToLL_M_10To50_Mad_52.txt
Input filelist = DYJetsToLL_M_10To50_Mad/DYJetsToLL_M_10To50_Mad_52.list
Output file name = DYJetsToLL_M_10To50_Mad/DYJetsToLL_M_10To50_Mad_52.txt


start merging file(s)
adding: dcap://cluster142.knu.ac.kr//pnfs/knu.ac.kr/data/cms/store/user/sha/Run2FULL/2016PreVFP/MC/DYJetsToLL_M-10to50_TuneCP5_13TeV-madgraphMLM-pythia8/crab_DYJetsToLL_M-10to50_TuneCP5_13TeV-madgraphMLM-pythia8/240205_162913///0000/SSBTree_560.root
adding: dcap://cluster142.knu.ac.kr//pnfs/knu.ac.kr/data/cms/store/user/sha/Run2FULL/2016PreVFP/MC/DYJetsToLL_M-10to50_TuneCP5_13TeV-madgraphMLM-pythia8/crab_DYJetsToLL_M-10to50_TuneCP5_13TeV-madgraphMLM-pythia8/240205_162913///0000/SSBTree_561.root
adding: dcap://cluster142.knu.ac.kr//pnfs/knu.ac.kr/data/cms/store/user/sha/Run2FULL/2016PreVFP/MC/DYJetsToLL_M-10to50_TuneCP5_13TeV-madgraphMLM-pythia8/crab_DYJetsToLL_M-10to50_TuneCP5_13TeV-madgraphMLM-pythia8/240205_162913///0000/SSBTree_562.root
adding: dcap://cluster142.knu.ac.kr//pnfs/knu.ac.kr/data/cms/store/user/sha/Run2FULL/2016PreVFP/MC/DYJetsToLL_M-10to50_TuneCP5_13TeV-madgraphMLM-pythia8/crab_DYJetsToLL_M-10to50_TuneCP5_13TeV-madgraphMLM-pythia8/240205_162913///0000/SSBTree_563.root
adding: dcap://cluster142.knu.ac.kr//pnfs/knu.ac.kr/data/cms/store/user/sha/Run2FULL/2016PreVFP/MC/DYJetsToLL_M-10to50_TuneCP5_13TeV-madgraphMLM-pythia8/crab_DYJetsToLL_M-10to50_TuneCP5_13TeV-madgraphMLM-pythia8/240205_162913///0000/SSBTree_564.root
adding: dcap://cluster142.knu.ac.kr//pnfs/knu.ac.kr/data/cms/store/user/sha/Run2FULL/2016PreVFP/MC/DYJetsToLL_M-10to50_TuneCP5_13TeV-madgraphMLM-pythia8/crab_DYJetsToLL_M-10to50_TuneCP5_13TeV-madgraphMLM-pythia8/240205_162913///0000/SSBTree_565.root
adding: dcap://cluster142.knu.ac.kr//pnfs/knu.ac.kr/data/cms/store/user/sha/Run2FULL/2016PreVFP/MC/DYJetsToLL_M-10to50_TuneCP5_13TeV-madgraphMLM-pythia8/crab_DYJetsToLL_M-10to50_TuneCP5_13TeV-madgraphMLM-pythia8/240205_162913///0000/SSBTree_566.root
adding: dcap://cluster142.knu.ac.kr//pnfs/knu.ac.kr/data/cms/store/user/sha/Run2FULL/2016PreVFP/MC/DYJetsToLL_M-10to50_TuneCP5_13TeV-madgraphMLM-pythia8/crab_DYJetsToLL_M-10to50_TuneCP5_13TeV-madgraphMLM-pythia8/240205_162913///0000/SSBTree_567.root
adding: dcap://cluster142.knu.ac.kr//pnfs/knu.ac.kr/data/cms/store/user/sha/Run2FULL/2016PreVFP/MC/DYJetsToLL_M-10to50_TuneCP5_13TeV-madgraphMLM-pythia8/crab_DYJetsToLL_M-10to50_TuneCP5_13TeV-madgraphMLM-pythia8/240205_162913///0000/SSBTree_568.root
adding: dcap://cluster142.knu.ac.kr//pnfs/knu.ac.kr/data/cms/store/user/sha/Run2FULL/2016PreVFP/MC/DYJetsToLL_M-10to50_TuneCP5_13TeV-madgraphMLM-pythia8/crab_DYJetsToLL_M-10to50_TuneCP5_13TeV-madgraphMLM-pythia8/240205_162913///0000/SSBTree_569.root
Total number of events after merging root files: 242020
Event 0
Event 10000
Event 20000
Event 30000
Event 40000
Event 50000
Event 60000
Event 70000
Event 80000
Event 90000
Event 100000
Event 110000
Event 120000
Event 130000
Event 140000
Event 150000
Event 160000
Event 170000
Event 180000
Event 190000
Event 200000
Event 210000
Event 220000
Event 230000
Event 240000
Total processed number of events: 242020
End processing...

The number of options is: 2
Option 0 = ./TopMass_analysis
Option 1 = DYJetsToLL_M_10To50_Mad/DYJetsToLL_M_10To50_Mad_63.list
Option 2 = DYJetsToLL_M_10To50_Mad/DYJetsToLL_M_10To50_Mad_63.txt
Input filelist = DYJetsToLL_M_10To50_Mad/DYJetsToLL_M_10To50_Mad_63.list
Output file name = DYJetsToLL_M_10To50_Mad/DYJetsToLL_M_10To50_Mad_63.txt


start merging file(s)
adding: dcap://cluster142.knu.ac.kr//pnfs/knu.ac.kr/data/cms/store/user/sha/Run2FULL/2016PreVFP/MC/DYJetsToLL_M-10to50_TuneCP5_13TeV-madgraphMLM-pythia8/crab_DYJetsToLL_M-10to50_TuneCP5_13TeV-madgraphMLM-pythia8/240205_162913///0000/SSBTree_65.root
adding: dcap://cluster142.knu.ac.kr//pnfs/knu.ac.kr/data/cms/store/user/sha/Run2FULL/2016PreVFP/MC/DYJetsToLL_M-10to50_TuneCP5_13TeV-madgraphMLM-pythia8/crab_DYJetsToLL_M-10to50_TuneCP5_13TeV-madgraphMLM-pythia8/240205_162913///0000/SSBTree_660.root
adding: dcap://cluster142.knu.ac.kr//pnfs/knu.ac.kr/data/cms/store/user/sha/Run2FULL/2016PreVFP/MC/DYJetsToLL_M-10to50_TuneCP5_13TeV-madgraphMLM-pythia8/crab_DYJetsToLL_M-10to50_TuneCP5_13TeV-madgraphMLM-pythia8/240205_162913///0000/SSBTree_661.root
adding: dcap://cluster142.knu.ac.kr//pnfs/knu.ac.kr/data/cms/store/user/sha/Run2FULL/2016PreVFP/MC/DYJetsToLL_M-10to50_TuneCP5_13TeV-madgraphMLM-pythia8/crab_DYJetsToLL_M-10to50_TuneCP5_13TeV-madgraphMLM-pythia8/240205_162913///0000/SSBTree_662.root
adding: dcap://cluster142.knu.ac.kr//pnfs/knu.ac.kr/data/cms/store/user/sha/Run2FULL/2016PreVFP/MC/DYJetsToLL_M-10to50_TuneCP5_13TeV-madgraphMLM-pythia8/crab_DYJetsToLL_M-10to50_TuneCP5_13TeV-madgraphMLM-pythia8/240205_162913///0000/SSBTree_663.root
adding: dcap://cluster142.knu.ac.kr//pnfs/knu.ac.kr/data/cms/store/user/sha/Run2FULL/2016PreVFP/MC/DYJetsToLL_M-10to50_TuneCP5_13TeV-madgraphMLM-pythia8/crab_DYJetsToLL_M-10to50_TuneCP5_13TeV-madgraphMLM-pythia8/240205_162913///0000/SSBTree_664.root
adding: dcap://cluster142.knu.ac.kr//pnfs/knu.ac.kr/data/cms/store/user/sha/Run2FULL/2016PreVFP/MC/DYJetsToLL_M-10to50_TuneCP5_13TeV-madgraphMLM-pythia8/crab_DYJetsToLL_M-10to50_TuneCP5_13TeV-madgraphMLM-pythia8/240205_162913///0000/SSBTree_665.root
adding: dcap://cluster142.knu.ac.kr//pnfs/knu.ac.kr/data/cms/store/user/sha/Run2FULL/2016PreVFP/MC/DYJetsToLL_M-10to50_TuneCP5_13TeV-madgraphMLM-pythia8/crab_DYJetsToLL_M-10to50_TuneCP5_13TeV-madgraphMLM-pythia8/240205_162913///0000/SSBTree_666.root
adding: dcap://cluster142.knu.ac.kr//pnfs/knu.ac.kr/data/cms/store/user/sha/Run2FULL/2016PreVFP/MC/DYJetsToLL_M-10to50_TuneCP5_13TeV-madgraphMLM-pythia8/crab_DYJetsToLL_M-10to50_TuneCP5_13TeV-madgraphMLM-pythia8/240205_162913///0000/SSBTree_667.root
adding: dcap://cluster142.knu.ac.kr//pnfs/knu.ac.kr/data/cms/store/user/sha/Run2FULL/2016PreVFP/MC/DYJetsToLL_M-10to50_TuneCP5_13TeV-madgraphMLM-pythia8/crab_DYJetsToLL_M-10to50_TuneCP5_13TeV-madgraphMLM-pythia8/240205_162913///0000/SSBTree_668.root
Total number of events after merging root files: 241915
Event 0
Event 10000
Event 20000
Event 30000
Event 40000
Event 50000
Event 60000
Event 70000
Event 80000
Event 90000
Event 100000
Event 110000
Event 120000
Event 130000
Event 140000
Event 150000
Event 160000
Event 170000
Event 180000
Event 190000
Event 200000
Event 210000
Event 220000
Event 230000
Event 240000
Total processed number of events: 241915
End processing...

The number of options is: 2
Option 0 = ./TopMass_analysis
Option 1 = DYJetsToLL_M_10To50_Mad/DYJetsToLL_M_10To50_Mad_74.list
Option 2 = DYJetsToLL_M_10To50_Mad/DYJetsToLL_M_10To50_Mad_74.txt
Input filelist = DYJetsToLL_M_10To50_Mad/DYJetsToLL_M_10To50_Mad_74.list
Output file name = DYJetsToLL_M_10To50_Mad/DYJetsToLL_M_10To50_Mad_74.txt


start merging file(s)
adding: dcap://cluster142.knu.ac.kr//pnfs/knu.ac.kr/data/cms/store/user/sha/Run2FULL/2016PreVFP/MC/DYJetsToLL_M-10to50_TuneCP5_13TeV-madgraphMLM-pythia8/crab_DYJetsToLL_M-10to50_TuneCP5_13TeV-madgraphMLM-pythia8/240205_162913///0000/SSBTree_759.root
adding: dcap://cluster142.knu.ac.kr//pnfs/knu.ac.kr/data/cms/store/user/sha/Run2FULL/2016PreVFP/MC/DYJetsToLL_M-10to50_TuneCP5_13TeV-madgraphMLM-pythia8/crab_DYJetsToLL_M-10to50_TuneCP5_13TeV-madgraphMLM-pythia8/240205_162913///0000/SSBTree_75.root
adding: dcap://cluster142.knu.ac.kr//pnfs/knu.ac.kr/data/cms/store/user/sha/Run2FULL/2016PreVFP/MC/DYJetsToLL_M-10to50_TuneCP5_13TeV-madgraphMLM-pythia8/crab_DYJetsToLL_M-10to50_TuneCP5_13TeV-madgraphMLM-pythia8/240205_162913///0000/SSBTree_760.root
adding: dcap://cluster142.knu.ac.kr//pnfs/knu.ac.kr/data/cms/store/user/sha/Run2FULL/2016PreVFP/MC/DYJetsToLL_M-10to50_TuneCP5_13TeV-madgraphMLM-pythia8/crab_DYJetsToLL_M-10to50_TuneCP5_13TeV-madgraphMLM-pythia8/240205_162913///0000/SSBTree_761.root
adding: dcap://cluster142.knu.ac.kr//pnfs/knu.ac.kr/data/cms/store/user/sha/Run2FULL/2016PreVFP/MC/DYJetsToLL_M-10to50_TuneCP5_13TeV-madgraphMLM-pythia8/crab_DYJetsToLL_M-10to50_TuneCP5_13TeV-madgraphMLM-pythia8/240205_162913///0000/SSBTree_762.root
adding: dcap://cluster142.knu.ac.kr//pnfs/knu.ac.kr/data/cms/store/user/sha/Run2FULL/2016PreVFP/MC/DYJetsToLL_M-10to50_TuneCP5_13TeV-madgraphMLM-pythia8/crab_DYJetsToLL_M-10to50_TuneCP5_13TeV-madgraphMLM-pythia8/240205_162913///0000/SSBTree_763.root
adding: dcap://cluster142.knu.ac.kr//pnfs/knu.ac.kr/data/cms/store/user/sha/Run2FULL/2016PreVFP/MC/DYJetsToLL_M-10to50_TuneCP5_13TeV-madgraphMLM-pythia8/crab_DYJetsToLL_M-10to50_TuneCP5_13TeV-madgraphMLM-pythia8/240205_162913///0000/SSBTree_764.root
adding: dcap://cluster142.knu.ac.kr//pnfs/knu.ac.kr/data/cms/store/user/sha/Run2FULL/2016PreVFP/MC/DYJetsToLL_M-10to50_TuneCP5_13TeV-madgraphMLM-pythia8/crab_DYJetsToLL_M-10to50_TuneCP5_13TeV-madgraphMLM-pythia8/240205_162913///0000/SSBTree_765.root
adding: dcap://cluster142.knu.ac.kr//pnfs/knu.ac.kr/data/cms/store/user/sha/Run2FULL/2016PreVFP/MC/DYJetsToLL_M-10to50_TuneCP5_13TeV-madgraphMLM-pythia8/crab_DYJetsToLL_M-10to50_TuneCP5_13TeV-madgraphMLM-pythia8/240205_162913///0000/SSBTree_766.root
adding: dcap://cluster142.knu.ac.kr//pnfs/knu.ac.kr/data/cms/store/user/sha/Run2FULL/2016PreVFP/MC/DYJetsToLL_M-10to50_TuneCP5_13TeV-madgraphMLM-pythia8/crab_DYJetsToLL_M-10to50_TuneCP5_13TeV-madgraphMLM-pythia8/240205_162913///0000/SSBTree_767.root
Total number of events after merging root files: 228141
Event 0
Event 10000
Event 20000
Event 30000
Event 40000
Event 50000
Event 60000
Event 70000
Event 80000
Event 90000
Event 100000
Event 110000
Event 120000
Event 130000
Event 140000
Event 150000
Event 160000
Event 170000
Event 180000
Event 190000
Event 200000
Event 210000
Event 220000
Total processed number of events: 228141
End processing...

The number of options is: 2
Option 0 = ./TopMass_analysis
Option 1 = DYJetsToLL_M_10To50_Mad/DYJetsToLL_M_10To50_Mad_85.list
Option 2 = DYJetsToLL_M_10To50_Mad/DYJetsToLL_M_10To50_Mad_85.txt
Input filelist = DYJetsToLL_M_10To50_Mad/DYJetsToLL_M_10To50_Mad_85.list
Output file name = DYJetsToLL_M_10To50_Mad/DYJetsToLL_M_10To50_Mad_85.txt


start merging file(s)
adding: dcap://cluster142.knu.ac.kr//pnfs/knu.ac.kr/data/cms/store/user/sha/Run2FULL/2016PreVFP/MC/DYJetsToLL_M-10to50_TuneCP5_13TeV-madgraphMLM-pythia8/crab_DYJetsToLL_M-10to50_TuneCP5_13TeV-madgraphMLM-pythia8/240205_162913///0000/SSBTree_858.root
adding: dcap://cluster142.knu.ac.kr//pnfs/knu.ac.kr/data/cms/store/user/sha/Run2FULL/2016PreVFP/MC/DYJetsToLL_M-10to50_TuneCP5_13TeV-madgraphMLM-pythia8/crab_DYJetsToLL_M-10to50_TuneCP5_13TeV-madgraphMLM-pythia8/240205_162913///0000/SSBTree_859.root
adding: dcap://cluster142.knu.ac.kr//pnfs/knu.ac.kr/data/cms/store/user/sha/Run2FULL/2016PreVFP/MC/DYJetsToLL_M-10to50_TuneCP5_13TeV-madgraphMLM-pythia8/crab_DYJetsToLL_M-10to50_TuneCP5_13TeV-madgraphMLM-pythia8/240205_162913///0000/SSBTree_85.root
adding: dcap://cluster142.knu.ac.kr//pnfs/knu.ac.kr/data/cms/store/user/sha/Run2FULL/2016PreVFP/MC/DYJetsToLL_M-10to50_TuneCP5_13TeV-madgraphMLM-pythia8/crab_DYJetsToLL_M-10to50_TuneCP5_13TeV-madgraphMLM-pythia8/240205_162913///0000/SSBTree_860.root
adding: dcap://cluster142.knu.ac.kr//pnfs/knu.ac.kr/data/cms/store/user/sha/Run2FULL/2016PreVFP/MC/DYJetsToLL_M-10to50_TuneCP5_13TeV-madgraphMLM-pythia8/crab_DYJetsToLL_M-10to50_TuneCP5_13TeV-madgraphMLM-pythia8/240205_162913///0000/SSBTree_861.root
adding: dcap://cluster142.knu.ac.kr//pnfs/knu.ac.kr/data/cms/store/user/sha/Run2FULL/2016PreVFP/MC/DYJetsToLL_M-10to50_TuneCP5_13TeV-madgraphMLM-pythia8/crab_DYJetsToLL_M-10to50_TuneCP5_13TeV-madgraphMLM-pythia8/240205_162913///0000/SSBTree_862.root
adding: dcap://cluster142.knu.ac.kr//pnfs/knu.ac.kr/data/cms/store/user/sha/Run2FULL/2016PreVFP/MC/DYJetsToLL_M-10to50_TuneCP5_13TeV-madgraphMLM-pythia8/crab_DYJetsToLL_M-10to50_TuneCP5_13TeV-madgraphMLM-pythia8/240205_162913///0000/SSBTree_863.root
adding: dcap://cluster142.knu.ac.kr//pnfs/knu.ac.kr/data/cms/store/user/sha/Run2FULL/2016PreVFP/MC/DYJetsToLL_M-10to50_TuneCP5_13TeV-madgraphMLM-pythia8/crab_DYJetsToLL_M-10to50_TuneCP5_13TeV-madgraphMLM-pythia8/240205_162913///0000/SSBTree_864.root
adding: dcap://cluster142.knu.ac.kr//pnfs/knu.ac.kr/data/cms/store/user/sha/Run2FULL/2016PreVFP/MC/DYJetsToLL_M-10to50_TuneCP5_13TeV-madgraphMLM-pythia8/crab_DYJetsToLL_M-10to50_TuneCP5_13TeV-madgraphMLM-pythia8/240205_162913///0000/SSBTree_865.root
adding: dcap://cluster142.knu.ac.kr//pnfs/knu.ac.kr/data/cms/store/user/sha/Run2FULL/2016PreVFP/MC/DYJetsToLL_M-10to50_TuneCP5_13TeV-madgraphMLM-pythia8/crab_DYJetsToLL_M-10to50_TuneCP5_13TeV-madgraphMLM-pythia8/240205_162913///0000/SSBTree_866.root
Total number of events after merging root files: 241681
Event 0
Event 10000
Event 20000
Event 30000
Event 40000
Event 50000
Event 60000
Event 70000
Event 80000
Event 90000
Event 100000
Event 110000
Event 120000
Event 130000
Event 140000
Event 150000
Event 160000
Event 170000
Event 180000
Event 190000
Event 200000
Event 210000
Event 220000
Event 230000
Event 240000
Total processed number of events: 241681
End processing...

The number of options is: 2
Option 0 = ./TopMass_analysis
Option 1 = DYJetsToLL_M_10To50_Mad/DYJetsToLL_M_10To50_Mad_96.list
Option 2 = DYJetsToLL_M_10To50_Mad/DYJetsToLL_M_10To50_Mad_96.txt
Input filelist = DYJetsToLL_M_10To50_Mad/DYJetsToLL_M_10To50_Mad_96.list
Output file name = DYJetsToLL_M_10To50_Mad/DYJetsToLL_M_10To50_Mad_96.txt


start merging file(s)
adding: dcap://cluster142.knu.ac.kr//pnfs/knu.ac.kr/data/cms/store/user/sha/Run2FULL/2016PreVFP/MC/DYJetsToLL_M-10to50_TuneCP5_13TeV-madgraphMLM-pythia8/crab_DYJetsToLL_M-10to50_TuneCP5_13TeV-madgraphMLM-pythia8/240205_162913///0000/SSBTree_957.root
adding: dcap://cluster142.knu.ac.kr//pnfs/knu.ac.kr/data/cms/store/user/sha/Run2FULL/2016PreVFP/MC/DYJetsToLL_M-10to50_TuneCP5_13TeV-madgraphMLM-pythia8/crab_DYJetsToLL_M-10to50_TuneCP5_13TeV-madgraphMLM-pythia8/240205_162913///0000/SSBTree_958.root
adding: dcap://cluster142.knu.ac.kr//pnfs/knu.ac.kr/data/cms/store/user/sha/Run2FULL/2016PreVFP/MC/DYJetsToLL_M-10to50_TuneCP5_13TeV-madgraphMLM-pythia8/crab_DYJetsToLL_M-10to50_TuneCP5_13TeV-madgraphMLM-pythia8/240205_162913///0000/SSBTree_959.root
adding: dcap://cluster142.knu.ac.kr//pnfs/knu.ac.kr/data/cms/store/user/sha/Run2FULL/2016PreVFP/MC/DYJetsToLL_M-10to50_TuneCP5_13TeV-madgraphMLM-pythia8/crab_DYJetsToLL_M-10to50_TuneCP5_13TeV-madgraphMLM-pythia8/240205_162913///0000/SSBTree_95.root
adding: dcap://cluster142.knu.ac.kr//pnfs/knu.ac.kr/data/cms/store/user/sha/Run2FULL/2016PreVFP/MC/DYJetsToLL_M-10to50_TuneCP5_13TeV-madgraphMLM-pythia8/crab_DYJetsToLL_M-10to50_TuneCP5_13TeV-madgraphMLM-pythia8/240205_162913///0000/SSBTree_960.root
adding: dcap://cluster142.knu.ac.kr//pnfs/knu.ac.kr/data/cms/store/user/sha/Run2FULL/2016PreVFP/MC/DYJetsToLL_M-10to50_TuneCP5_13TeV-madgraphMLM-pythia8/crab_DYJetsToLL_M-10to50_TuneCP5_13TeV-madgraphMLM-pythia8/240205_162913///0000/SSBTree_961.root
adding: dcap://cluster142.knu.ac.kr//pnfs/knu.ac.kr/data/cms/store/user/sha/Run2FULL/2016PreVFP/MC/DYJetsToLL_M-10to50_TuneCP5_13TeV-madgraphMLM-pythia8/crab_DYJetsToLL_M-10to50_TuneCP5_13TeV-madgraphMLM-pythia8/240205_162913///0000/SSBTree_962.root
adding: dcap://cluster142.knu.ac.kr//pnfs/knu.ac.kr/data/cms/store/user/sha/Run2FULL/2016PreVFP/MC/DYJetsToLL_M-10to50_TuneCP5_13TeV-madgraphMLM-pythia8/crab_DYJetsToLL_M-10to50_TuneCP5_13TeV-madgraphMLM-pythia8/240205_162913///0000/SSBTree_963.root
adding: dcap://cluster142.knu.ac.kr//pnfs/knu.ac.kr/data/cms/store/user/sha/Run2FULL/2016PreVFP/MC/DYJetsToLL_M-10to50_TuneCP5_13TeV-madgraphMLM-pythia8/crab_DYJetsToLL_M-10to50_TuneCP5_13TeV-madgraphMLM-pythia8/240205_162913///0000/SSBTree_964.root
adding: dcap://cluster142.knu.ac.kr//pnfs/knu.ac.kr/data/cms/store/user/sha/Run2FULL/2016PreVFP/MC/DYJetsToLL_M-10to50_TuneCP5_13TeV-madgraphMLM-pythia8/crab_DYJetsToLL_M-10to50_TuneCP5_13TeV-madgraphMLM-pythia8/240205_162913///0000/SSBTree_965.root
Total number of events after merging root files: 241839
Event 0
Event 10000
Event 20000
Event 30000
Event 40000
Event 50000
Event 60000
Event 70000
Event 80000
Event 90000
Event 100000
Event 110000
Event 120000
Event 130000
Event 140000
Event 150000
Event 160000
Event 170000
Event 180000
Event 190000
Event 200000
Event 210000
Event 220000
Event 230000
Event 240000
Total processed number of events: 241839
End processing...

The number of options is: 2
Option 0 = ./TopMass_analysis
Option 1 = DYJetsToLL_M_10To50_Mad/DYJetsToLL_M_10To50_Mad_107.list
Option 2 = DYJetsToLL_M_10To50_Mad/DYJetsToLL_M_10To50_Mad_107.txt
Input filelist = DYJetsToLL_M_10To50_Mad/DYJetsToLL_M_10To50_Mad_107.list
Output file name = DYJetsToLL_M_10To50_Mad/DYJetsToLL_M_10To50_Mad_107.txt


start merging file(s)
adding: dcap://cluster142.knu.ac.kr//pnfs/knu.ac.kr/data/cms/store/user/sha/Run2FULL/2016PreVFP/MC/DYJetsToLL_M-10to50_TuneCP5_13TeV-madgraphMLM-pythia8/crab_DYJetsToLL_M-10to50_TuneCP5_13TeV-madgraphMLM-pythia8/240205_162913///0001/SSBTree_1061.root
adding: dcap://cluster142.knu.ac.kr//pnfs/knu.ac.kr/data/cms/store/user/sha/Run2FULL/2016PreVFP/MC/DYJetsToLL_M-10to50_TuneCP5_13TeV-madgraphMLM-pythia8/crab_DYJetsToLL_M-10to50_TuneCP5_13TeV-madgraphMLM-pythia8/240205_162913///0001/SSBTree_1062.root
adding: dcap://cluster142.knu.ac.kr//pnfs/knu.ac.kr/data/cms/store/user/sha/Run2FULL/2016PreVFP/MC/DYJetsToLL_M-10to50_TuneCP5_13TeV-madgraphMLM-pythia8/crab_DYJetsToLL_M-10to50_TuneCP5_13TeV-madgraphMLM-pythia8/240205_162913///0001/SSBTree_1063.root
adding: dcap://cluster142.knu.ac.kr//pnfs/knu.ac.kr/data/cms/store/user/sha/Run2FULL/2016PreVFP/MC/DYJetsToLL_M-10to50_TuneCP5_13TeV-madgraphMLM-pythia8/crab_DYJetsToLL_M-10to50_TuneCP5_13TeV-madgraphMLM-pythia8/240205_162913///0001/SSBTree_1064.root
adding: dcap://cluster142.knu.ac.kr//pnfs/knu.ac.kr/data/cms/store/user/sha/Run2FULL/2016PreVFP/MC/DYJetsToLL_M-10to50_TuneCP5_13TeV-madgraphMLM-pythia8/crab_DYJetsToLL_M-10to50_TuneCP5_13TeV-madgraphMLM-pythia8/240205_162913///0001/SSBTree_1065.root
adding: dcap://cluster142.knu.ac.kr//pnfs/knu.ac.kr/data/cms/store/user/sha/Run2FULL/2016PreVFP/MC/DYJetsToLL_M-10to50_TuneCP5_13TeV-madgraphMLM-pythia8/crab_DYJetsToLL_M-10to50_TuneCP5_13TeV-madgraphMLM-pythia8/240205_162913///0001/SSBTree_1066.root
adding: dcap://cluster142.knu.ac.kr//pnfs/knu.ac.kr/data/cms/store/user/sha/Run2FULL/2016PreVFP/MC/DYJetsToLL_M-10to50_TuneCP5_13TeV-madgraphMLM-pythia8/crab_DYJetsToLL_M-10to50_TuneCP5_13TeV-madgraphMLM-pythia8/240205_162913///0001/SSBTree_1067.root
adding: dcap://cluster142.knu.ac.kr//pnfs/knu.ac.kr/data/cms/store/user/sha/Run2FULL/2016PreVFP/MC/DYJetsToLL_M-10to50_TuneCP5_13TeV-madgraphMLM-pythia8/crab_DYJetsToLL_M-10to50_TuneCP5_13TeV-madgraphMLM-pythia8/240205_162913///0001/SSBTree_1068.root
adding: dcap://cluster142.knu.ac.kr//pnfs/knu.ac.kr/data/cms/store/user/sha/Run2FULL/2016PreVFP/MC/DYJetsToLL_M-10to50_TuneCP5_13TeV-madgraphMLM-pythia8/crab_DYJetsToLL_M-10to50_TuneCP5_13TeV-madgraphMLM-pythia8/240205_162913///0001/SSBTree_1069.root
adding: dcap://cluster142.knu.ac.kr//pnfs/knu.ac.kr/data/cms/store/user/sha/Run2FULL/2016PreVFP/MC/DYJetsToLL_M-10to50_TuneCP5_13TeV-madgraphMLM-pythia8/crab_DYJetsToLL_M-10to50_TuneCP5_13TeV-madgraphMLM-pythia8/240205_162913///0001/SSBTree_1070.root
Total number of events after merging root files: 241480
Event 0
Event 10000
Event 20000
Event 30000
Event 40000
Event 50000
Event 60000
Event 70000
Event 80000
Event 90000
Event 100000
Event 110000
Event 120000
Event 130000
Event 140000
Event 150000
Event 160000
Event 170000
Event 180000
Event 190000
Event 200000
Event 210000
Event 220000
Event 230000
Event 240000
Total processed number of events: 241480
End processing...

