The number of options is: 2
Option 0 = ./TopMass_analysis
Option 1 = DYJetsToLL_M_10To50_Mad/DYJetsToLL_M_10To50_Mad_9.list
Option 2 = DYJetsToLL_M_10To50_Mad/DYJetsToLL_M_10To50_Mad_9.txt
Input filelist = DYJetsToLL_M_10To50_Mad/DYJetsToLL_M_10To50_Mad_9.list
Output file name = DYJetsToLL_M_10To50_Mad/DYJetsToLL_M_10To50_Mad_9.txt


start merging file(s)
adding: dcap://cluster142.knu.ac.kr//pnfs/knu.ac.kr/data/cms/store/user/sha/Run2FULL/2016PreVFP/MC/DYJetsToLL_M-10to50_TuneCP5_13TeV-madgraphMLM-pythia8/crab_DYJetsToLL_M-10to50_TuneCP5_13TeV-madgraphMLM-pythia8/240205_162913///0000/SSBTree_173.root
adding: dcap://cluster142.knu.ac.kr//pnfs/knu.ac.kr/data/cms/store/user/sha/Run2FULL/2016PreVFP/MC/DYJetsToLL_M-10to50_TuneCP5_13TeV-madgraphMLM-pythia8/crab_DYJetsToLL_M-10to50_TuneCP5_13TeV-madgraphMLM-pythia8/240205_162913///0000/SSBTree_174.root
adding: dcap://cluster142.knu.ac.kr//pnfs/knu.ac.kr/data/cms/store/user/sha/Run2FULL/2016PreVFP/MC/DYJetsToLL_M-10to50_TuneCP5_13TeV-madgraphMLM-pythia8/crab_DYJetsToLL_M-10to50_TuneCP5_13TeV-madgraphMLM-pythia8/240205_162913///0000/SSBTree_175.root
adding: dcap://cluster142.knu.ac.kr//pnfs/knu.ac.kr/data/cms/store/user/sha/Run2FULL/2016PreVFP/MC/DYJetsToLL_M-10to50_TuneCP5_13TeV-madgraphMLM-pythia8/crab_DYJetsToLL_M-10to50_TuneCP5_13TeV-madgraphMLM-pythia8/240205_162913///0000/SSBTree_176.root
adding: dcap://cluster142.knu.ac.kr//pnfs/knu.ac.kr/data/cms/store/user/sha/Run2FULL/2016PreVFP/MC/DYJetsToLL_M-10to50_TuneCP5_13TeV-madgraphMLM-pythia8/crab_DYJetsToLL_M-10to50_TuneCP5_13TeV-madgraphMLM-pythia8/240205_162913///0000/SSBTree_177.root
adding: dcap://cluster142.knu.ac.kr//pnfs/knu.ac.kr/data/cms/store/user/sha/Run2FULL/2016PreVFP/MC/DYJetsToLL_M-10to50_TuneCP5_13TeV-madgraphMLM-pythia8/crab_DYJetsToLL_M-10to50_TuneCP5_13TeV-madgraphMLM-pythia8/240205_162913///0000/SSBTree_178.root
adding: dcap://cluster142.knu.ac.kr//pnfs/knu.ac.kr/data/cms/store/user/sha/Run2FULL/2016PreVFP/MC/DYJetsToLL_M-10to50_TuneCP5_13TeV-madgraphMLM-pythia8/crab_DYJetsToLL_M-10to50_TuneCP5_13TeV-madgraphMLM-pythia8/240205_162913///0000/SSBTree_179.root
adding: dcap://cluster142.knu.ac.kr//pnfs/knu.ac.kr/data/cms/store/user/sha/Run2FULL/2016PreVFP/MC/DYJetsToLL_M-10to50_TuneCP5_13TeV-madgraphMLM-pythia8/crab_DYJetsToLL_M-10to50_TuneCP5_13TeV-madgraphMLM-pythia8/240205_162913///0000/SSBTree_17.root
adding: dcap://cluster142.knu.ac.kr//pnfs/knu.ac.kr/data/cms/store/user/sha/Run2FULL/2016PreVFP/MC/DYJetsToLL_M-10to50_TuneCP5_13TeV-madgraphMLM-pythia8/crab_DYJetsToLL_M-10to50_TuneCP5_13TeV-madgraphMLM-pythia8/240205_162913///0000/SSBTree_180.root
adding: dcap://cluster142.knu.ac.kr//pnfs/knu.ac.kr/data/cms/store/user/sha/Run2FULL/2016PreVFP/MC/DYJetsToLL_M-10to50_TuneCP5_13TeV-madgraphMLM-pythia8/crab_DYJetsToLL_M-10to50_TuneCP5_13TeV-madgraphMLM-pythia8/240205_162913///0000/SSBTree_181.root
Total number of events after merging root files: 241917
Event 0
Event 10000
Event 20000
Event 30000
Event 40000
Event 50000
Event 60000
Event 70000
Event 80000
Event 90000
Event 100000
Event 110000
Event 120000
Event 130000
Event 140000
Event 150000
Event 160000
Event 170000
Event 180000
Event 190000
Event 200000
Event 210000
Event 220000
Event 230000
Event 240000
Total processed number of events: 241917
End processing...

The number of options is: 2
Option 0 = ./TopMass_analysis
Option 1 = DYJetsToLL_M_10To50_Mad/DYJetsToLL_M_10To50_Mad_20.list
Option 2 = DYJetsToLL_M_10To50_Mad/DYJetsToLL_M_10To50_Mad_20.txt
Input filelist = DYJetsToLL_M_10To50_Mad/DYJetsToLL_M_10To50_Mad_20.list
Output file name = DYJetsToLL_M_10To50_Mad/DYJetsToLL_M_10To50_Mad_20.txt


start merging file(s)
adding: dcap://cluster142.knu.ac.kr//pnfs/knu.ac.kr/data/cms/store/user/sha/Run2FULL/2016PreVFP/MC/DYJetsToLL_M-10to50_TuneCP5_13TeV-madgraphMLM-pythia8/crab_DYJetsToLL_M-10to50_TuneCP5_13TeV-madgraphMLM-pythia8/240205_162913///0000/SSBTree_272.root
adding: dcap://cluster142.knu.ac.kr//pnfs/knu.ac.kr/data/cms/store/user/sha/Run2FULL/2016PreVFP/MC/DYJetsToLL_M-10to50_TuneCP5_13TeV-madgraphMLM-pythia8/crab_DYJetsToLL_M-10to50_TuneCP5_13TeV-madgraphMLM-pythia8/240205_162913///0000/SSBTree_273.root
adding: dcap://cluster142.knu.ac.kr//pnfs/knu.ac.kr/data/cms/store/user/sha/Run2FULL/2016PreVFP/MC/DYJetsToLL_M-10to50_TuneCP5_13TeV-madgraphMLM-pythia8/crab_DYJetsToLL_M-10to50_TuneCP5_13TeV-madgraphMLM-pythia8/240205_162913///0000/SSBTree_274.root
adding: dcap://cluster142.knu.ac.kr//pnfs/knu.ac.kr/data/cms/store/user/sha/Run2FULL/2016PreVFP/MC/DYJetsToLL_M-10to50_TuneCP5_13TeV-madgraphMLM-pythia8/crab_DYJetsToLL_M-10to50_TuneCP5_13TeV-madgraphMLM-pythia8/240205_162913///0000/SSBTree_275.root
adding: dcap://cluster142.knu.ac.kr//pnfs/knu.ac.kr/data/cms/store/user/sha/Run2FULL/2016PreVFP/MC/DYJetsToLL_M-10to50_TuneCP5_13TeV-madgraphMLM-pythia8/crab_DYJetsToLL_M-10to50_TuneCP5_13TeV-madgraphMLM-pythia8/240205_162913///0000/SSBTree_276.root
adding: dcap://cluster142.knu.ac.kr//pnfs/knu.ac.kr/data/cms/store/user/sha/Run2FULL/2016PreVFP/MC/DYJetsToLL_M-10to50_TuneCP5_13TeV-madgraphMLM-pythia8/crab_DYJetsToLL_M-10to50_TuneCP5_13TeV-madgraphMLM-pythia8/240205_162913///0000/SSBTree_277.root
adding: dcap://cluster142.knu.ac.kr//pnfs/knu.ac.kr/data/cms/store/user/sha/Run2FULL/2016PreVFP/MC/DYJetsToLL_M-10to50_TuneCP5_13TeV-madgraphMLM-pythia8/crab_DYJetsToLL_M-10to50_TuneCP5_13TeV-madgraphMLM-pythia8/240205_162913///0000/SSBTree_278.root
adding: dcap://cluster142.knu.ac.kr//pnfs/knu.ac.kr/data/cms/store/user/sha/Run2FULL/2016PreVFP/MC/DYJetsToLL_M-10to50_TuneCP5_13TeV-madgraphMLM-pythia8/crab_DYJetsToLL_M-10to50_TuneCP5_13TeV-madgraphMLM-pythia8/240205_162913///0000/SSBTree_279.root
adding: dcap://cluster142.knu.ac.kr//pnfs/knu.ac.kr/data/cms/store/user/sha/Run2FULL/2016PreVFP/MC/DYJetsToLL_M-10to50_TuneCP5_13TeV-madgraphMLM-pythia8/crab_DYJetsToLL_M-10to50_TuneCP5_13TeV-madgraphMLM-pythia8/240205_162913///0000/SSBTree_27.root
adding: dcap://cluster142.knu.ac.kr//pnfs/knu.ac.kr/data/cms/store/user/sha/Run2FULL/2016PreVFP/MC/DYJetsToLL_M-10to50_TuneCP5_13TeV-madgraphMLM-pythia8/crab_DYJetsToLL_M-10to50_TuneCP5_13TeV-madgraphMLM-pythia8/240205_162913///0000/SSBTree_280.root
Total number of events after merging root files: 242301
Event 0
Event 10000
Event 20000
Event 30000
Event 40000
Event 50000
Event 60000
Event 70000
Event 80000
Event 90000
Event 100000
Event 110000
Event 120000
Event 130000
Event 140000
Event 150000
Event 160000
Event 170000
Event 180000
Event 190000
Event 200000
Event 210000
Event 220000
Event 230000
Event 240000
Total processed number of events: 242301
End processing...

The number of options is: 2
Option 0 = ./TopMass_analysis
Option 1 = DYJetsToLL_M_10To50_Mad/DYJetsToLL_M_10To50_Mad_31.list
Option 2 = DYJetsToLL_M_10To50_Mad/DYJetsToLL_M_10To50_Mad_31.txt
Input filelist = DYJetsToLL_M_10To50_Mad/DYJetsToLL_M_10To50_Mad_31.list
Output file name = DYJetsToLL_M_10To50_Mad/DYJetsToLL_M_10To50_Mad_31.txt


start merging file(s)
adding: dcap://cluster142.knu.ac.kr//pnfs/knu.ac.kr/data/cms/store/user/sha/Run2FULL/2016PreVFP/MC/DYJetsToLL_M-10to50_TuneCP5_13TeV-madgraphMLM-pythia8/crab_DYJetsToLL_M-10to50_TuneCP5_13TeV-madgraphMLM-pythia8/240205_162913///0000/SSBTree_371.root
adding: dcap://cluster142.knu.ac.kr//pnfs/knu.ac.kr/data/cms/store/user/sha/Run2FULL/2016PreVFP/MC/DYJetsToLL_M-10to50_TuneCP5_13TeV-madgraphMLM-pythia8/crab_DYJetsToLL_M-10to50_TuneCP5_13TeV-madgraphMLM-pythia8/240205_162913///0000/SSBTree_372.root
adding: dcap://cluster142.knu.ac.kr//pnfs/knu.ac.kr/data/cms/store/user/sha/Run2FULL/2016PreVFP/MC/DYJetsToLL_M-10to50_TuneCP5_13TeV-madgraphMLM-pythia8/crab_DYJetsToLL_M-10to50_TuneCP5_13TeV-madgraphMLM-pythia8/240205_162913///0000/SSBTree_373.root
adding: dcap://cluster142.knu.ac.kr//pnfs/knu.ac.kr/data/cms/store/user/sha/Run2FULL/2016PreVFP/MC/DYJetsToLL_M-10to50_TuneCP5_13TeV-madgraphMLM-pythia8/crab_DYJetsToLL_M-10to50_TuneCP5_13TeV-madgraphMLM-pythia8/240205_162913///0000/SSBTree_374.root
adding: dcap://cluster142.knu.ac.kr//pnfs/knu.ac.kr/data/cms/store/user/sha/Run2FULL/2016PreVFP/MC/DYJetsToLL_M-10to50_TuneCP5_13TeV-madgraphMLM-pythia8/crab_DYJetsToLL_M-10to50_TuneCP5_13TeV-madgraphMLM-pythia8/240205_162913///0000/SSBTree_375.root
adding: dcap://cluster142.knu.ac.kr//pnfs/knu.ac.kr/data/cms/store/user/sha/Run2FULL/2016PreVFP/MC/DYJetsToLL_M-10to50_TuneCP5_13TeV-madgraphMLM-pythia8/crab_DYJetsToLL_M-10to50_TuneCP5_13TeV-madgraphMLM-pythia8/240205_162913///0000/SSBTree_376.root
adding: dcap://cluster142.knu.ac.kr//pnfs/knu.ac.kr/data/cms/store/user/sha/Run2FULL/2016PreVFP/MC/DYJetsToLL_M-10to50_TuneCP5_13TeV-madgraphMLM-pythia8/crab_DYJetsToLL_M-10to50_TuneCP5_13TeV-madgraphMLM-pythia8/240205_162913///0000/SSBTree_377.root
adding: dcap://cluster142.knu.ac.kr//pnfs/knu.ac.kr/data/cms/store/user/sha/Run2FULL/2016PreVFP/MC/DYJetsToLL_M-10to50_TuneCP5_13TeV-madgraphMLM-pythia8/crab_DYJetsToLL_M-10to50_TuneCP5_13TeV-madgraphMLM-pythia8/240205_162913///0000/SSBTree_378.root
adding: dcap://cluster142.knu.ac.kr//pnfs/knu.ac.kr/data/cms/store/user/sha/Run2FULL/2016PreVFP/MC/DYJetsToLL_M-10to50_TuneCP5_13TeV-madgraphMLM-pythia8/crab_DYJetsToLL_M-10to50_TuneCP5_13TeV-madgraphMLM-pythia8/240205_162913///0000/SSBTree_379.root
adding: dcap://cluster142.knu.ac.kr//pnfs/knu.ac.kr/data/cms/store/user/sha/Run2FULL/2016PreVFP/MC/DYJetsToLL_M-10to50_TuneCP5_13TeV-madgraphMLM-pythia8/crab_DYJetsToLL_M-10to50_TuneCP5_13TeV-madgraphMLM-pythia8/240205_162913///0000/SSBTree_37.root
Total number of events after merging root files: 242110
Event 0
Event 10000
Event 20000
Event 30000
Event 40000
Event 50000
Event 60000
Event 70000
Event 80000
Event 90000
Event 100000
Event 110000
Event 120000
Event 130000
Event 140000
Event 150000
Event 160000
Event 170000
Event 180000
Event 190000
Event 200000
Event 210000
Event 220000
Event 230000
Event 240000
Total processed number of events: 242110
End processing...

The number of options is: 2
Option 0 = ./TopMass_analysis
Option 1 = DYJetsToLL_M_10To50_Mad/DYJetsToLL_M_10To50_Mad_42.list
Option 2 = DYJetsToLL_M_10To50_Mad/DYJetsToLL_M_10To50_Mad_42.txt
Input filelist = DYJetsToLL_M_10To50_Mad/DYJetsToLL_M_10To50_Mad_42.list
Output file name = DYJetsToLL_M_10To50_Mad/DYJetsToLL_M_10To50_Mad_42.txt


start merging file(s)
adding: dcap://cluster142.knu.ac.kr//pnfs/knu.ac.kr/data/cms/store/user/sha/Run2FULL/2016PreVFP/MC/DYJetsToLL_M-10to50_TuneCP5_13TeV-madgraphMLM-pythia8/crab_DYJetsToLL_M-10to50_TuneCP5_13TeV-madgraphMLM-pythia8/240205_162913///0000/SSBTree_470.root
adding: dcap://cluster142.knu.ac.kr//pnfs/knu.ac.kr/data/cms/store/user/sha/Run2FULL/2016PreVFP/MC/DYJetsToLL_M-10to50_TuneCP5_13TeV-madgraphMLM-pythia8/crab_DYJetsToLL_M-10to50_TuneCP5_13TeV-madgraphMLM-pythia8/240205_162913///0000/SSBTree_471.root
adding: dcap://cluster142.knu.ac.kr//pnfs/knu.ac.kr/data/cms/store/user/sha/Run2FULL/2016PreVFP/MC/DYJetsToLL_M-10to50_TuneCP5_13TeV-madgraphMLM-pythia8/crab_DYJetsToLL_M-10to50_TuneCP5_13TeV-madgraphMLM-pythia8/240205_162913///0000/SSBTree_472.root
adding: dcap://cluster142.knu.ac.kr//pnfs/knu.ac.kr/data/cms/store/user/sha/Run2FULL/2016PreVFP/MC/DYJetsToLL_M-10to50_TuneCP5_13TeV-madgraphMLM-pythia8/crab_DYJetsToLL_M-10to50_TuneCP5_13TeV-madgraphMLM-pythia8/240205_162913///0000/SSBTree_473.root
adding: dcap://cluster142.knu.ac.kr//pnfs/knu.ac.kr/data/cms/store/user/sha/Run2FULL/2016PreVFP/MC/DYJetsToLL_M-10to50_TuneCP5_13TeV-madgraphMLM-pythia8/crab_DYJetsToLL_M-10to50_TuneCP5_13TeV-madgraphMLM-pythia8/240205_162913///0000/SSBTree_474.root
adding: dcap://cluster142.knu.ac.kr//pnfs/knu.ac.kr/data/cms/store/user/sha/Run2FULL/2016PreVFP/MC/DYJetsToLL_M-10to50_TuneCP5_13TeV-madgraphMLM-pythia8/crab_DYJetsToLL_M-10to50_TuneCP5_13TeV-madgraphMLM-pythia8/240205_162913///0000/SSBTree_475.root
adding: dcap://cluster142.knu.ac.kr//pnfs/knu.ac.kr/data/cms/store/user/sha/Run2FULL/2016PreVFP/MC/DYJetsToLL_M-10to50_TuneCP5_13TeV-madgraphMLM-pythia8/crab_DYJetsToLL_M-10to50_TuneCP5_13TeV-madgraphMLM-pythia8/240205_162913///0000/SSBTree_476.root
adding: dcap://cluster142.knu.ac.kr//pnfs/knu.ac.kr/data/cms/store/user/sha/Run2FULL/2016PreVFP/MC/DYJetsToLL_M-10to50_TuneCP5_13TeV-madgraphMLM-pythia8/crab_DYJetsToLL_M-10to50_TuneCP5_13TeV-madgraphMLM-pythia8/240205_162913///0000/SSBTree_477.root
adding: dcap://cluster142.knu.ac.kr//pnfs/knu.ac.kr/data/cms/store/user/sha/Run2FULL/2016PreVFP/MC/DYJetsToLL_M-10to50_TuneCP5_13TeV-madgraphMLM-pythia8/crab_DYJetsToLL_M-10to50_TuneCP5_13TeV-madgraphMLM-pythia8/240205_162913///0000/SSBTree_478.root
adding: dcap://cluster142.knu.ac.kr//pnfs/knu.ac.kr/data/cms/store/user/sha/Run2FULL/2016PreVFP/MC/DYJetsToLL_M-10to50_TuneCP5_13TeV-madgraphMLM-pythia8/crab_DYJetsToLL_M-10to50_TuneCP5_13TeV-madgraphMLM-pythia8/240205_162913///0000/SSBTree_479.root
Total number of events after merging root files: 235640
Event 0
Event 10000
Event 20000
Event 30000
Event 40000
Event 50000
Event 60000
Event 70000
Event 80000
Event 90000
Event 100000
Event 110000
Event 120000
Event 130000
Event 140000
Event 150000
Event 160000
Event 170000
Event 180000
Event 190000
Event 200000
Event 210000
Event 220000
Event 230000
Total processed number of events: 235640
End processing...

The number of options is: 2
Option 0 = ./TopMass_analysis
Option 1 = DYJetsToLL_M_10To50_Mad/DYJetsToLL_M_10To50_Mad_53.list
Option 2 = DYJetsToLL_M_10To50_Mad/DYJetsToLL_M_10To50_Mad_53.txt
Input filelist = DYJetsToLL_M_10To50_Mad/DYJetsToLL_M_10To50_Mad_53.list
Output file name = DYJetsToLL_M_10To50_Mad/DYJetsToLL_M_10To50_Mad_53.txt


start merging file(s)
adding: dcap://cluster142.knu.ac.kr//pnfs/knu.ac.kr/data/cms/store/user/sha/Run2FULL/2016PreVFP/MC/DYJetsToLL_M-10to50_TuneCP5_13TeV-madgraphMLM-pythia8/crab_DYJetsToLL_M-10to50_TuneCP5_13TeV-madgraphMLM-pythia8/240205_162913///0000/SSBTree_56.root
adding: dcap://cluster142.knu.ac.kr//pnfs/knu.ac.kr/data/cms/store/user/sha/Run2FULL/2016PreVFP/MC/DYJetsToLL_M-10to50_TuneCP5_13TeV-madgraphMLM-pythia8/crab_DYJetsToLL_M-10to50_TuneCP5_13TeV-madgraphMLM-pythia8/240205_162913///0000/SSBTree_570.root
adding: dcap://cluster142.knu.ac.kr//pnfs/knu.ac.kr/data/cms/store/user/sha/Run2FULL/2016PreVFP/MC/DYJetsToLL_M-10to50_TuneCP5_13TeV-madgraphMLM-pythia8/crab_DYJetsToLL_M-10to50_TuneCP5_13TeV-madgraphMLM-pythia8/240205_162913///0000/SSBTree_571.root
adding: dcap://cluster142.knu.ac.kr//pnfs/knu.ac.kr/data/cms/store/user/sha/Run2FULL/2016PreVFP/MC/DYJetsToLL_M-10to50_TuneCP5_13TeV-madgraphMLM-pythia8/crab_DYJetsToLL_M-10to50_TuneCP5_13TeV-madgraphMLM-pythia8/240205_162913///0000/SSBTree_572.root
adding: dcap://cluster142.knu.ac.kr//pnfs/knu.ac.kr/data/cms/store/user/sha/Run2FULL/2016PreVFP/MC/DYJetsToLL_M-10to50_TuneCP5_13TeV-madgraphMLM-pythia8/crab_DYJetsToLL_M-10to50_TuneCP5_13TeV-madgraphMLM-pythia8/240205_162913///0000/SSBTree_573.root
adding: dcap://cluster142.knu.ac.kr//pnfs/knu.ac.kr/data/cms/store/user/sha/Run2FULL/2016PreVFP/MC/DYJetsToLL_M-10to50_TuneCP5_13TeV-madgraphMLM-pythia8/crab_DYJetsToLL_M-10to50_TuneCP5_13TeV-madgraphMLM-pythia8/240205_162913///0000/SSBTree_574.root
adding: dcap://cluster142.knu.ac.kr//pnfs/knu.ac.kr/data/cms/store/user/sha/Run2FULL/2016PreVFP/MC/DYJetsToLL_M-10to50_TuneCP5_13TeV-madgraphMLM-pythia8/crab_DYJetsToLL_M-10to50_TuneCP5_13TeV-madgraphMLM-pythia8/240205_162913///0000/SSBTree_575.root
adding: dcap://cluster142.knu.ac.kr//pnfs/knu.ac.kr/data/cms/store/user/sha/Run2FULL/2016PreVFP/MC/DYJetsToLL_M-10to50_TuneCP5_13TeV-madgraphMLM-pythia8/crab_DYJetsToLL_M-10to50_TuneCP5_13TeV-madgraphMLM-pythia8/240205_162913///0000/SSBTree_576.root
adding: dcap://cluster142.knu.ac.kr//pnfs/knu.ac.kr/data/cms/store/user/sha/Run2FULL/2016PreVFP/MC/DYJetsToLL_M-10to50_TuneCP5_13TeV-madgraphMLM-pythia8/crab_DYJetsToLL_M-10to50_TuneCP5_13TeV-madgraphMLM-pythia8/240205_162913///0000/SSBTree_577.root
adding: dcap://cluster142.knu.ac.kr//pnfs/knu.ac.kr/data/cms/store/user/sha/Run2FULL/2016PreVFP/MC/DYJetsToLL_M-10to50_TuneCP5_13TeV-madgraphMLM-pythia8/crab_DYJetsToLL_M-10to50_TuneCP5_13TeV-madgraphMLM-pythia8/240205_162913///0000/SSBTree_578.root
Total number of events after merging root files: 243270
Event 0
Event 10000
Event 20000
Event 30000
Event 40000
Event 50000
Event 60000
Event 70000
Event 80000
Event 90000
Event 100000
Event 110000
Event 120000
Event 130000
Event 140000
Event 150000
Event 160000
Event 170000
Event 180000
Event 190000
Event 200000
Event 210000
Event 220000
Event 230000
Event 240000
Total processed number of events: 243270
End processing...

The number of options is: 2
Option 0 = ./TopMass_analysis
Option 1 = DYJetsToLL_M_10To50_Mad/DYJetsToLL_M_10To50_Mad_64.list
Option 2 = DYJetsToLL_M_10To50_Mad/DYJetsToLL_M_10To50_Mad_64.txt
Input filelist = DYJetsToLL_M_10To50_Mad/DYJetsToLL_M_10To50_Mad_64.list
Output file name = DYJetsToLL_M_10To50_Mad/DYJetsToLL_M_10To50_Mad_64.txt


start merging file(s)
adding: dcap://cluster142.knu.ac.kr//pnfs/knu.ac.kr/data/cms/store/user/sha/Run2FULL/2016PreVFP/MC/DYJetsToLL_M-10to50_TuneCP5_13TeV-madgraphMLM-pythia8/crab_DYJetsToLL_M-10to50_TuneCP5_13TeV-madgraphMLM-pythia8/240205_162913///0000/SSBTree_669.root
adding: dcap://cluster142.knu.ac.kr//pnfs/knu.ac.kr/data/cms/store/user/sha/Run2FULL/2016PreVFP/MC/DYJetsToLL_M-10to50_TuneCP5_13TeV-madgraphMLM-pythia8/crab_DYJetsToLL_M-10to50_TuneCP5_13TeV-madgraphMLM-pythia8/240205_162913///0000/SSBTree_66.root
adding: dcap://cluster142.knu.ac.kr//pnfs/knu.ac.kr/data/cms/store/user/sha/Run2FULL/2016PreVFP/MC/DYJetsToLL_M-10to50_TuneCP5_13TeV-madgraphMLM-pythia8/crab_DYJetsToLL_M-10to50_TuneCP5_13TeV-madgraphMLM-pythia8/240205_162913///0000/SSBTree_670.root
adding: dcap://cluster142.knu.ac.kr//pnfs/knu.ac.kr/data/cms/store/user/sha/Run2FULL/2016PreVFP/MC/DYJetsToLL_M-10to50_TuneCP5_13TeV-madgraphMLM-pythia8/crab_DYJetsToLL_M-10to50_TuneCP5_13TeV-madgraphMLM-pythia8/240205_162913///0000/SSBTree_671.root
adding: dcap://cluster142.knu.ac.kr//pnfs/knu.ac.kr/data/cms/store/user/sha/Run2FULL/2016PreVFP/MC/DYJetsToLL_M-10to50_TuneCP5_13TeV-madgraphMLM-pythia8/crab_DYJetsToLL_M-10to50_TuneCP5_13TeV-madgraphMLM-pythia8/240205_162913///0000/SSBTree_672.root
adding: dcap://cluster142.knu.ac.kr//pnfs/knu.ac.kr/data/cms/store/user/sha/Run2FULL/2016PreVFP/MC/DYJetsToLL_M-10to50_TuneCP5_13TeV-madgraphMLM-pythia8/crab_DYJetsToLL_M-10to50_TuneCP5_13TeV-madgraphMLM-pythia8/240205_162913///0000/SSBTree_673.root
adding: dcap://cluster142.knu.ac.kr//pnfs/knu.ac.kr/data/cms/store/user/sha/Run2FULL/2016PreVFP/MC/DYJetsToLL_M-10to50_TuneCP5_13TeV-madgraphMLM-pythia8/crab_DYJetsToLL_M-10to50_TuneCP5_13TeV-madgraphMLM-pythia8/240205_162913///0000/SSBTree_674.root
adding: dcap://cluster142.knu.ac.kr//pnfs/knu.ac.kr/data/cms/store/user/sha/Run2FULL/2016PreVFP/MC/DYJetsToLL_M-10to50_TuneCP5_13TeV-madgraphMLM-pythia8/crab_DYJetsToLL_M-10to50_TuneCP5_13TeV-madgraphMLM-pythia8/240205_162913///0000/SSBTree_675.root
adding: dcap://cluster142.knu.ac.kr//pnfs/knu.ac.kr/data/cms/store/user/sha/Run2FULL/2016PreVFP/MC/DYJetsToLL_M-10to50_TuneCP5_13TeV-madgraphMLM-pythia8/crab_DYJetsToLL_M-10to50_TuneCP5_13TeV-madgraphMLM-pythia8/240205_162913///0000/SSBTree_676.root
adding: dcap://cluster142.knu.ac.kr//pnfs/knu.ac.kr/data/cms/store/user/sha/Run2FULL/2016PreVFP/MC/DYJetsToLL_M-10to50_TuneCP5_13TeV-madgraphMLM-pythia8/crab_DYJetsToLL_M-10to50_TuneCP5_13TeV-madgraphMLM-pythia8/240205_162913///0000/SSBTree_677.root
Total number of events after merging root files: 242021
Event 0
Event 10000
Event 20000
Event 30000
Event 40000
Event 50000
Event 60000
Event 70000
Event 80000
Event 90000
Event 100000
Event 110000
Event 120000
Event 130000
Event 140000
Event 150000
Event 160000
Event 170000
Event 180000
Event 190000
Event 200000
Event 210000
Event 220000
Event 230000
Event 240000
Total processed number of events: 242021
End processing...

The number of options is: 2
Option 0 = ./TopMass_analysis
Option 1 = DYJetsToLL_M_10To50_Mad/DYJetsToLL_M_10To50_Mad_75.list
Option 2 = DYJetsToLL_M_10To50_Mad/DYJetsToLL_M_10To50_Mad_75.txt
Input filelist = DYJetsToLL_M_10To50_Mad/DYJetsToLL_M_10To50_Mad_75.list
Output file name = DYJetsToLL_M_10To50_Mad/DYJetsToLL_M_10To50_Mad_75.txt


start merging file(s)
adding: dcap://cluster142.knu.ac.kr//pnfs/knu.ac.kr/data/cms/store/user/sha/Run2FULL/2016PreVFP/MC/DYJetsToLL_M-10to50_TuneCP5_13TeV-madgraphMLM-pythia8/crab_DYJetsToLL_M-10to50_TuneCP5_13TeV-madgraphMLM-pythia8/240205_162913///0000/SSBTree_768.root
adding: dcap://cluster142.knu.ac.kr//pnfs/knu.ac.kr/data/cms/store/user/sha/Run2FULL/2016PreVFP/MC/DYJetsToLL_M-10to50_TuneCP5_13TeV-madgraphMLM-pythia8/crab_DYJetsToLL_M-10to50_TuneCP5_13TeV-madgraphMLM-pythia8/240205_162913///0000/SSBTree_769.root
adding: dcap://cluster142.knu.ac.kr//pnfs/knu.ac.kr/data/cms/store/user/sha/Run2FULL/2016PreVFP/MC/DYJetsToLL_M-10to50_TuneCP5_13TeV-madgraphMLM-pythia8/crab_DYJetsToLL_M-10to50_TuneCP5_13TeV-madgraphMLM-pythia8/240205_162913///0000/SSBTree_76.root
adding: dcap://cluster142.knu.ac.kr//pnfs/knu.ac.kr/data/cms/store/user/sha/Run2FULL/2016PreVFP/MC/DYJetsToLL_M-10to50_TuneCP5_13TeV-madgraphMLM-pythia8/crab_DYJetsToLL_M-10to50_TuneCP5_13TeV-madgraphMLM-pythia8/240205_162913///0000/SSBTree_770.root
adding: dcap://cluster142.knu.ac.kr//pnfs/knu.ac.kr/data/cms/store/user/sha/Run2FULL/2016PreVFP/MC/DYJetsToLL_M-10to50_TuneCP5_13TeV-madgraphMLM-pythia8/crab_DYJetsToLL_M-10to50_TuneCP5_13TeV-madgraphMLM-pythia8/240205_162913///0000/SSBTree_771.root
adding: dcap://cluster142.knu.ac.kr//pnfs/knu.ac.kr/data/cms/store/user/sha/Run2FULL/2016PreVFP/MC/DYJetsToLL_M-10to50_TuneCP5_13TeV-madgraphMLM-pythia8/crab_DYJetsToLL_M-10to50_TuneCP5_13TeV-madgraphMLM-pythia8/240205_162913///0000/SSBTree_772.root
adding: dcap://cluster142.knu.ac.kr//pnfs/knu.ac.kr/data/cms/store/user/sha/Run2FULL/2016PreVFP/MC/DYJetsToLL_M-10to50_TuneCP5_13TeV-madgraphMLM-pythia8/crab_DYJetsToLL_M-10to50_TuneCP5_13TeV-madgraphMLM-pythia8/240205_162913///0000/SSBTree_773.root
adding: dcap://cluster142.knu.ac.kr//pnfs/knu.ac.kr/data/cms/store/user/sha/Run2FULL/2016PreVFP/MC/DYJetsToLL_M-10to50_TuneCP5_13TeV-madgraphMLM-pythia8/crab_DYJetsToLL_M-10to50_TuneCP5_13TeV-madgraphMLM-pythia8/240205_162913///0000/SSBTree_774.root
adding: dcap://cluster142.knu.ac.kr//pnfs/knu.ac.kr/data/cms/store/user/sha/Run2FULL/2016PreVFP/MC/DYJetsToLL_M-10to50_TuneCP5_13TeV-madgraphMLM-pythia8/crab_DYJetsToLL_M-10to50_TuneCP5_13TeV-madgraphMLM-pythia8/240205_162913///0000/SSBTree_775.root
adding: dcap://cluster142.knu.ac.kr//pnfs/knu.ac.kr/data/cms/store/user/sha/Run2FULL/2016PreVFP/MC/DYJetsToLL_M-10to50_TuneCP5_13TeV-madgraphMLM-pythia8/crab_DYJetsToLL_M-10to50_TuneCP5_13TeV-madgraphMLM-pythia8/240205_162913///0000/SSBTree_776.root
Total number of events after merging root files: 242230
Event 0
Event 10000
Event 20000
Event 30000
Event 40000
Event 50000
Event 60000
Event 70000
Event 80000
Event 90000
Event 100000
Event 110000
Event 120000
Event 130000
Event 140000
Event 150000
Event 160000
Event 170000
Event 180000
Event 190000
Event 200000
Event 210000
Event 220000
Event 230000
Event 240000
Total processed number of events: 242230
End processing...

The number of options is: 2
Option 0 = ./TopMass_analysis
Option 1 = DYJetsToLL_M_10To50_Mad/DYJetsToLL_M_10To50_Mad_86.list
Option 2 = DYJetsToLL_M_10To50_Mad/DYJetsToLL_M_10To50_Mad_86.txt
Input filelist = DYJetsToLL_M_10To50_Mad/DYJetsToLL_M_10To50_Mad_86.list
Output file name = DYJetsToLL_M_10To50_Mad/DYJetsToLL_M_10To50_Mad_86.txt


start merging file(s)
adding: dcap://cluster142.knu.ac.kr//pnfs/knu.ac.kr/data/cms/store/user/sha/Run2FULL/2016PreVFP/MC/DYJetsToLL_M-10to50_TuneCP5_13TeV-madgraphMLM-pythia8/crab_DYJetsToLL_M-10to50_TuneCP5_13TeV-madgraphMLM-pythia8/240205_162913///0000/SSBTree_867.root
adding: dcap://cluster142.knu.ac.kr//pnfs/knu.ac.kr/data/cms/store/user/sha/Run2FULL/2016PreVFP/MC/DYJetsToLL_M-10to50_TuneCP5_13TeV-madgraphMLM-pythia8/crab_DYJetsToLL_M-10to50_TuneCP5_13TeV-madgraphMLM-pythia8/240205_162913///0000/SSBTree_868.root
adding: dcap://cluster142.knu.ac.kr//pnfs/knu.ac.kr/data/cms/store/user/sha/Run2FULL/2016PreVFP/MC/DYJetsToLL_M-10to50_TuneCP5_13TeV-madgraphMLM-pythia8/crab_DYJetsToLL_M-10to50_TuneCP5_13TeV-madgraphMLM-pythia8/240205_162913///0000/SSBTree_869.root
adding: dcap://cluster142.knu.ac.kr//pnfs/knu.ac.kr/data/cms/store/user/sha/Run2FULL/2016PreVFP/MC/DYJetsToLL_M-10to50_TuneCP5_13TeV-madgraphMLM-pythia8/crab_DYJetsToLL_M-10to50_TuneCP5_13TeV-madgraphMLM-pythia8/240205_162913///0000/SSBTree_86.root
adding: dcap://cluster142.knu.ac.kr//pnfs/knu.ac.kr/data/cms/store/user/sha/Run2FULL/2016PreVFP/MC/DYJetsToLL_M-10to50_TuneCP5_13TeV-madgraphMLM-pythia8/crab_DYJetsToLL_M-10to50_TuneCP5_13TeV-madgraphMLM-pythia8/240205_162913///0000/SSBTree_870.root
adding: dcap://cluster142.knu.ac.kr//pnfs/knu.ac.kr/data/cms/store/user/sha/Run2FULL/2016PreVFP/MC/DYJetsToLL_M-10to50_TuneCP5_13TeV-madgraphMLM-pythia8/crab_DYJetsToLL_M-10to50_TuneCP5_13TeV-madgraphMLM-pythia8/240205_162913///0000/SSBTree_871.root
adding: dcap://cluster142.knu.ac.kr//pnfs/knu.ac.kr/data/cms/store/user/sha/Run2FULL/2016PreVFP/MC/DYJetsToLL_M-10to50_TuneCP5_13TeV-madgraphMLM-pythia8/crab_DYJetsToLL_M-10to50_TuneCP5_13TeV-madgraphMLM-pythia8/240205_162913///0000/SSBTree_872.root
adding: dcap://cluster142.knu.ac.kr//pnfs/knu.ac.kr/data/cms/store/user/sha/Run2FULL/2016PreVFP/MC/DYJetsToLL_M-10to50_TuneCP5_13TeV-madgraphMLM-pythia8/crab_DYJetsToLL_M-10to50_TuneCP5_13TeV-madgraphMLM-pythia8/240205_162913///0000/SSBTree_873.root
adding: dcap://cluster142.knu.ac.kr//pnfs/knu.ac.kr/data/cms/store/user/sha/Run2FULL/2016PreVFP/MC/DYJetsToLL_M-10to50_TuneCP5_13TeV-madgraphMLM-pythia8/crab_DYJetsToLL_M-10to50_TuneCP5_13TeV-madgraphMLM-pythia8/240205_162913///0000/SSBTree_874.root
adding: dcap://cluster142.knu.ac.kr//pnfs/knu.ac.kr/data/cms/store/user/sha/Run2FULL/2016PreVFP/MC/DYJetsToLL_M-10to50_TuneCP5_13TeV-madgraphMLM-pythia8/crab_DYJetsToLL_M-10to50_TuneCP5_13TeV-madgraphMLM-pythia8/240205_162913///0000/SSBTree_875.root
Total number of events after merging root files: 241998
Event 0
Event 10000
Event 20000
Event 30000
Event 40000
Event 50000
Event 60000
Event 70000
Event 80000
Event 90000
Event 100000
Event 110000
Event 120000
Event 130000
Event 140000
Event 150000
Event 160000
Event 170000
Event 180000
Event 190000
Event 200000
Event 210000
Event 220000
Event 230000
Event 240000
Total processed number of events: 241998
End processing...

The number of options is: 2
Option 0 = ./TopMass_analysis
Option 1 = DYJetsToLL_M_10To50_Mad/DYJetsToLL_M_10To50_Mad_97.list
Option 2 = DYJetsToLL_M_10To50_Mad/DYJetsToLL_M_10To50_Mad_97.txt
Input filelist = DYJetsToLL_M_10To50_Mad/DYJetsToLL_M_10To50_Mad_97.list
Output file name = DYJetsToLL_M_10To50_Mad/DYJetsToLL_M_10To50_Mad_97.txt


start merging file(s)
adding: dcap://cluster142.knu.ac.kr//pnfs/knu.ac.kr/data/cms/store/user/sha/Run2FULL/2016PreVFP/MC/DYJetsToLL_M-10to50_TuneCP5_13TeV-madgraphMLM-pythia8/crab_DYJetsToLL_M-10to50_TuneCP5_13TeV-madgraphMLM-pythia8/240205_162913///0000/SSBTree_966.root
adding: dcap://cluster142.knu.ac.kr//pnfs/knu.ac.kr/data/cms/store/user/sha/Run2FULL/2016PreVFP/MC/DYJetsToLL_M-10to50_TuneCP5_13TeV-madgraphMLM-pythia8/crab_DYJetsToLL_M-10to50_TuneCP5_13TeV-madgraphMLM-pythia8/240205_162913///0000/SSBTree_967.root
adding: dcap://cluster142.knu.ac.kr//pnfs/knu.ac.kr/data/cms/store/user/sha/Run2FULL/2016PreVFP/MC/DYJetsToLL_M-10to50_TuneCP5_13TeV-madgraphMLM-pythia8/crab_DYJetsToLL_M-10to50_TuneCP5_13TeV-madgraphMLM-pythia8/240205_162913///0000/SSBTree_968.root
adding: dcap://cluster142.knu.ac.kr//pnfs/knu.ac.kr/data/cms/store/user/sha/Run2FULL/2016PreVFP/MC/DYJetsToLL_M-10to50_TuneCP5_13TeV-madgraphMLM-pythia8/crab_DYJetsToLL_M-10to50_TuneCP5_13TeV-madgraphMLM-pythia8/240205_162913///0000/SSBTree_969.root
adding: dcap://cluster142.knu.ac.kr//pnfs/knu.ac.kr/data/cms/store/user/sha/Run2FULL/2016PreVFP/MC/DYJetsToLL_M-10to50_TuneCP5_13TeV-madgraphMLM-pythia8/crab_DYJetsToLL_M-10to50_TuneCP5_13TeV-madgraphMLM-pythia8/240205_162913///0000/SSBTree_96.root
adding: dcap://cluster142.knu.ac.kr//pnfs/knu.ac.kr/data/cms/store/user/sha/Run2FULL/2016PreVFP/MC/DYJetsToLL_M-10to50_TuneCP5_13TeV-madgraphMLM-pythia8/crab_DYJetsToLL_M-10to50_TuneCP5_13TeV-madgraphMLM-pythia8/240205_162913///0000/SSBTree_970.root
adding: dcap://cluster142.knu.ac.kr//pnfs/knu.ac.kr/data/cms/store/user/sha/Run2FULL/2016PreVFP/MC/DYJetsToLL_M-10to50_TuneCP5_13TeV-madgraphMLM-pythia8/crab_DYJetsToLL_M-10to50_TuneCP5_13TeV-madgraphMLM-pythia8/240205_162913///0000/SSBTree_971.root
adding: dcap://cluster142.knu.ac.kr//pnfs/knu.ac.kr/data/cms/store/user/sha/Run2FULL/2016PreVFP/MC/DYJetsToLL_M-10to50_TuneCP5_13TeV-madgraphMLM-pythia8/crab_DYJetsToLL_M-10to50_TuneCP5_13TeV-madgraphMLM-pythia8/240205_162913///0000/SSBTree_972.root
adding: dcap://cluster142.knu.ac.kr//pnfs/knu.ac.kr/data/cms/store/user/sha/Run2FULL/2016PreVFP/MC/DYJetsToLL_M-10to50_TuneCP5_13TeV-madgraphMLM-pythia8/crab_DYJetsToLL_M-10to50_TuneCP5_13TeV-madgraphMLM-pythia8/240205_162913///0000/SSBTree_973.root
adding: dcap://cluster142.knu.ac.kr//pnfs/knu.ac.kr/data/cms/store/user/sha/Run2FULL/2016PreVFP/MC/DYJetsToLL_M-10to50_TuneCP5_13TeV-madgraphMLM-pythia8/crab_DYJetsToLL_M-10to50_TuneCP5_13TeV-madgraphMLM-pythia8/240205_162913///0000/SSBTree_974.root
Total number of events after merging root files: 242381
Event 0
Event 10000
Event 20000
Event 30000
Event 40000
Event 50000
Event 60000
Event 70000
Event 80000
Event 90000
Event 100000
Event 110000
Event 120000
Event 130000
Event 140000
Event 150000
Event 160000
Event 170000
Event 180000
Event 190000
Event 200000
Event 210000
Event 220000
Event 230000
Event 240000
Total processed number of events: 242381
End processing...

The number of options is: 2
Option 0 = ./TopMass_analysis
Option 1 = DYJetsToLL_M_10To50_Mad/DYJetsToLL_M_10To50_Mad_108.list
Option 2 = DYJetsToLL_M_10To50_Mad/DYJetsToLL_M_10To50_Mad_108.txt
Input filelist = DYJetsToLL_M_10To50_Mad/DYJetsToLL_M_10To50_Mad_108.list
Output file name = DYJetsToLL_M_10To50_Mad/DYJetsToLL_M_10To50_Mad_108.txt


start merging file(s)
adding: dcap://cluster142.knu.ac.kr//pnfs/knu.ac.kr/data/cms/store/user/sha/Run2FULL/2016PreVFP/MC/DYJetsToLL_M-10to50_TuneCP5_13TeV-madgraphMLM-pythia8/crab_DYJetsToLL_M-10to50_TuneCP5_13TeV-madgraphMLM-pythia8/240205_162913///0001/SSBTree_1071.root
adding: dcap://cluster142.knu.ac.kr//pnfs/knu.ac.kr/data/cms/store/user/sha/Run2FULL/2016PreVFP/MC/DYJetsToLL_M-10to50_TuneCP5_13TeV-madgraphMLM-pythia8/crab_DYJetsToLL_M-10to50_TuneCP5_13TeV-madgraphMLM-pythia8/240205_162913///0001/SSBTree_1072.root
adding: dcap://cluster142.knu.ac.kr//pnfs/knu.ac.kr/data/cms/store/user/sha/Run2FULL/2016PreVFP/MC/DYJetsToLL_M-10to50_TuneCP5_13TeV-madgraphMLM-pythia8/crab_DYJetsToLL_M-10to50_TuneCP5_13TeV-madgraphMLM-pythia8/240205_162913///0001/SSBTree_1073.root
Total number of events after merging root files: 52433
Event 0
Event 10000
Event 20000
Event 30000
Event 40000
Event 50000
Total processed number of events: 52433
End processing...

