The number of options is: 2
Option 0 = ./TopMass_analysis
Option 1 = TTbar_AllHadron/TTbar_AllHadron_1.list
Option 2 = TTbar_AllHadron/TTbar_AllHadron_1.txt
Input filelist = TTbar_AllHadron/TTbar_AllHadron_1.list
Output file name = TTbar_AllHadron/TTbar_AllHadron_1.txt


start merging file(s)
adding: dcap://cluster142.knu.ac.kr//pnfs/knu.ac.kr/data/cms/store/user/sha/Run2FULL/2016PreVFP/MC/TTToHadronic_TuneCP5_13TeV-powheg-pythia8/crab_TTToHadronic_TuneCP5_13TeV-powheg-pythia8/240205_145659//0000/SSBTree_100.root
adding: dcap://cluster142.knu.ac.kr//pnfs/knu.ac.kr/data/cms/store/user/sha/Run2FULL/2016PreVFP/MC/TTToHadronic_TuneCP5_13TeV-powheg-pythia8/crab_TTToHadronic_TuneCP5_13TeV-powheg-pythia8/240205_145659//0000/SSBTree_101.root
adding: dcap://cluster142.knu.ac.kr//pnfs/knu.ac.kr/data/cms/store/user/sha/Run2FULL/2016PreVFP/MC/TTToHadronic_TuneCP5_13TeV-powheg-pythia8/crab_TTToHadronic_TuneCP5_13TeV-powheg-pythia8/240205_145659//0000/SSBTree_102.root
adding: dcap://cluster142.knu.ac.kr//pnfs/knu.ac.kr/data/cms/store/user/sha/Run2FULL/2016PreVFP/MC/TTToHadronic_TuneCP5_13TeV-powheg-pythia8/crab_TTToHadronic_TuneCP5_13TeV-powheg-pythia8/240205_145659//0000/SSBTree_103.root
adding: dcap://cluster142.knu.ac.kr//pnfs/knu.ac.kr/data/cms/store/user/sha/Run2FULL/2016PreVFP/MC/TTToHadronic_TuneCP5_13TeV-powheg-pythia8/crab_TTToHadronic_TuneCP5_13TeV-powheg-pythia8/240205_145659//0000/SSBTree_104.root
adding: dcap://cluster142.knu.ac.kr//pnfs/knu.ac.kr/data/cms/store/user/sha/Run2FULL/2016PreVFP/MC/TTToHadronic_TuneCP5_13TeV-powheg-pythia8/crab_TTToHadronic_TuneCP5_13TeV-powheg-pythia8/240205_145659//0000/SSBTree_105.root
adding: dcap://cluster142.knu.ac.kr//pnfs/knu.ac.kr/data/cms/store/user/sha/Run2FULL/2016PreVFP/MC/TTToHadronic_TuneCP5_13TeV-powheg-pythia8/crab_TTToHadronic_TuneCP5_13TeV-powheg-pythia8/240205_145659//0000/SSBTree_106.root
adding: dcap://cluster142.knu.ac.kr//pnfs/knu.ac.kr/data/cms/store/user/sha/Run2FULL/2016PreVFP/MC/TTToHadronic_TuneCP5_13TeV-powheg-pythia8/crab_TTToHadronic_TuneCP5_13TeV-powheg-pythia8/240205_145659//0000/SSBTree_107.root
adding: dcap://cluster142.knu.ac.kr//pnfs/knu.ac.kr/data/cms/store/user/sha/Run2FULL/2016PreVFP/MC/TTToHadronic_TuneCP5_13TeV-powheg-pythia8/crab_TTToHadronic_TuneCP5_13TeV-powheg-pythia8/240205_145659//0000/SSBTree_108.root
adding: dcap://cluster142.knu.ac.kr//pnfs/knu.ac.kr/data/cms/store/user/sha/Run2FULL/2016PreVFP/MC/TTToHadronic_TuneCP5_13TeV-powheg-pythia8/crab_TTToHadronic_TuneCP5_13TeV-powheg-pythia8/240205_145659//0000/SSBTree_109.root
Total number of events after merging root files: 250000
Event 0
Event 10000
Event 20000
Event 30000
Event 40000
Event 50000
Event 60000
Event 70000
Event 80000
Event 90000
Event 100000
Event 110000
Event 120000
Event 130000
Event 140000
Event 150000
Event 160000
Event 170000
Event 180000
Event 190000
Event 200000
Event 210000
Event 220000
Event 230000
Event 240000
Total processed number of events: 250000
End processing...

The number of options is: 2
Option 0 = ./TopMass_analysis
Option 1 = TTbar_AllHadron/TTbar_AllHadron_40.list
Option 2 = TTbar_AllHadron/TTbar_AllHadron_40.txt
Input filelist = TTbar_AllHadron/TTbar_AllHadron_40.list
Output file name = TTbar_AllHadron/TTbar_AllHadron_40.txt


start merging file(s)
adding: dcap://cluster142.knu.ac.kr//pnfs/knu.ac.kr/data/cms/store/user/sha/Run2FULL/2016PreVFP/MC/TTToHadronic_TuneCP5_13TeV-powheg-pythia8/crab_TTToHadronic_TuneCP5_13TeV-powheg-pythia8/240205_145659//0000/SSBTree_452.root
adding: dcap://cluster142.knu.ac.kr//pnfs/knu.ac.kr/data/cms/store/user/sha/Run2FULL/2016PreVFP/MC/TTToHadronic_TuneCP5_13TeV-powheg-pythia8/crab_TTToHadronic_TuneCP5_13TeV-powheg-pythia8/240205_145659//0000/SSBTree_453.root
adding: dcap://cluster142.knu.ac.kr//pnfs/knu.ac.kr/data/cms/store/user/sha/Run2FULL/2016PreVFP/MC/TTToHadronic_TuneCP5_13TeV-powheg-pythia8/crab_TTToHadronic_TuneCP5_13TeV-powheg-pythia8/240205_145659//0000/SSBTree_454.root
adding: dcap://cluster142.knu.ac.kr//pnfs/knu.ac.kr/data/cms/store/user/sha/Run2FULL/2016PreVFP/MC/TTToHadronic_TuneCP5_13TeV-powheg-pythia8/crab_TTToHadronic_TuneCP5_13TeV-powheg-pythia8/240205_145659//0000/SSBTree_455.root
adding: dcap://cluster142.knu.ac.kr//pnfs/knu.ac.kr/data/cms/store/user/sha/Run2FULL/2016PreVFP/MC/TTToHadronic_TuneCP5_13TeV-powheg-pythia8/crab_TTToHadronic_TuneCP5_13TeV-powheg-pythia8/240205_145659//0000/SSBTree_456.root
adding: dcap://cluster142.knu.ac.kr//pnfs/knu.ac.kr/data/cms/store/user/sha/Run2FULL/2016PreVFP/MC/TTToHadronic_TuneCP5_13TeV-powheg-pythia8/crab_TTToHadronic_TuneCP5_13TeV-powheg-pythia8/240205_145659//0000/SSBTree_457.root
adding: dcap://cluster142.knu.ac.kr//pnfs/knu.ac.kr/data/cms/store/user/sha/Run2FULL/2016PreVFP/MC/TTToHadronic_TuneCP5_13TeV-powheg-pythia8/crab_TTToHadronic_TuneCP5_13TeV-powheg-pythia8/240205_145659//0000/SSBTree_458.root
adding: dcap://cluster142.knu.ac.kr//pnfs/knu.ac.kr/data/cms/store/user/sha/Run2FULL/2016PreVFP/MC/TTToHadronic_TuneCP5_13TeV-powheg-pythia8/crab_TTToHadronic_TuneCP5_13TeV-powheg-pythia8/240205_145659//0000/SSBTree_459.root
adding: dcap://cluster142.knu.ac.kr//pnfs/knu.ac.kr/data/cms/store/user/sha/Run2FULL/2016PreVFP/MC/TTToHadronic_TuneCP5_13TeV-powheg-pythia8/crab_TTToHadronic_TuneCP5_13TeV-powheg-pythia8/240205_145659//0000/SSBTree_45.root
adding: dcap://cluster142.knu.ac.kr//pnfs/knu.ac.kr/data/cms/store/user/sha/Run2FULL/2016PreVFP/MC/TTToHadronic_TuneCP5_13TeV-powheg-pythia8/crab_TTToHadronic_TuneCP5_13TeV-powheg-pythia8/240205_145659//0000/SSBTree_460.root
Total number of events after merging root files: 250000
Event 0
Event 10000
Event 20000
Event 30000
Event 40000
Event 50000
Event 60000
Event 70000
Event 80000
Event 90000
Event 100000
Event 110000
Event 120000
Event 130000
Event 140000
Event 150000
Event 160000
Event 170000
Event 180000
Event 190000
Event 200000
Event 210000
Event 220000
Event 230000
Event 240000
Total processed number of events: 250000
End processing...

The number of options is: 2
Option 0 = ./TopMass_analysis
Option 1 = TTbar_AllHadron/TTbar_AllHadron_79.list
Option 2 = TTbar_AllHadron/TTbar_AllHadron_79.txt
Input filelist = TTbar_AllHadron/TTbar_AllHadron_79.list
Output file name = TTbar_AllHadron/TTbar_AllHadron_79.txt


start merging file(s)
adding: dcap://cluster142.knu.ac.kr//pnfs/knu.ac.kr/data/cms/store/user/sha/Run2FULL/2016PreVFP/MC/TTToHadronic_TuneCP5_13TeV-powheg-pythia8/crab_TTToHadronic_TuneCP5_13TeV-powheg-pythia8/240205_145659//0000/SSBTree_803.root
adding: dcap://cluster142.knu.ac.kr//pnfs/knu.ac.kr/data/cms/store/user/sha/Run2FULL/2016PreVFP/MC/TTToHadronic_TuneCP5_13TeV-powheg-pythia8/crab_TTToHadronic_TuneCP5_13TeV-powheg-pythia8/240205_145659//0000/SSBTree_804.root
adding: dcap://cluster142.knu.ac.kr//pnfs/knu.ac.kr/data/cms/store/user/sha/Run2FULL/2016PreVFP/MC/TTToHadronic_TuneCP5_13TeV-powheg-pythia8/crab_TTToHadronic_TuneCP5_13TeV-powheg-pythia8/240205_145659//0000/SSBTree_805.root
adding: dcap://cluster142.knu.ac.kr//pnfs/knu.ac.kr/data/cms/store/user/sha/Run2FULL/2016PreVFP/MC/TTToHadronic_TuneCP5_13TeV-powheg-pythia8/crab_TTToHadronic_TuneCP5_13TeV-powheg-pythia8/240205_145659//0000/SSBTree_806.root
adding: dcap://cluster142.knu.ac.kr//pnfs/knu.ac.kr/data/cms/store/user/sha/Run2FULL/2016PreVFP/MC/TTToHadronic_TuneCP5_13TeV-powheg-pythia8/crab_TTToHadronic_TuneCP5_13TeV-powheg-pythia8/240205_145659//0000/SSBTree_807.root
adding: dcap://cluster142.knu.ac.kr//pnfs/knu.ac.kr/data/cms/store/user/sha/Run2FULL/2016PreVFP/MC/TTToHadronic_TuneCP5_13TeV-powheg-pythia8/crab_TTToHadronic_TuneCP5_13TeV-powheg-pythia8/240205_145659//0000/SSBTree_808.root
adding: dcap://cluster142.knu.ac.kr//pnfs/knu.ac.kr/data/cms/store/user/sha/Run2FULL/2016PreVFP/MC/TTToHadronic_TuneCP5_13TeV-powheg-pythia8/crab_TTToHadronic_TuneCP5_13TeV-powheg-pythia8/240205_145659//0000/SSBTree_809.root
adding: dcap://cluster142.knu.ac.kr//pnfs/knu.ac.kr/data/cms/store/user/sha/Run2FULL/2016PreVFP/MC/TTToHadronic_TuneCP5_13TeV-powheg-pythia8/crab_TTToHadronic_TuneCP5_13TeV-powheg-pythia8/240205_145659//0000/SSBTree_80.root
adding: dcap://cluster142.knu.ac.kr//pnfs/knu.ac.kr/data/cms/store/user/sha/Run2FULL/2016PreVFP/MC/TTToHadronic_TuneCP5_13TeV-powheg-pythia8/crab_TTToHadronic_TuneCP5_13TeV-powheg-pythia8/240205_145659//0000/SSBTree_810.root
adding: dcap://cluster142.knu.ac.kr//pnfs/knu.ac.kr/data/cms/store/user/sha/Run2FULL/2016PreVFP/MC/TTToHadronic_TuneCP5_13TeV-powheg-pythia8/crab_TTToHadronic_TuneCP5_13TeV-powheg-pythia8/240205_145659//0000/SSBTree_811.root
Total number of events after merging root files: 250000
Event 0
Event 10000
Event 20000
Event 30000
Event 40000
Event 50000
Event 60000
Event 70000
Event 80000
Event 90000
Event 100000
Event 110000
Event 120000
Event 130000
Event 140000
Event 150000
Event 160000
Event 170000
Event 180000
Event 190000
Event 200000
Event 210000
Event 220000
Event 230000
Event 240000
Total processed number of events: 250000
End processing...

The number of options is: 2
Option 0 = ./TopMass_analysis
Option 1 = TTbar_AllHadron/TTbar_AllHadron_118.list
Option 2 = TTbar_AllHadron/TTbar_AllHadron_118.txt
Input filelist = TTbar_AllHadron/TTbar_AllHadron_118.list
Output file name = TTbar_AllHadron/TTbar_AllHadron_118.txt


start merging file(s)
adding: dcap://cluster142.knu.ac.kr//pnfs/knu.ac.kr/data/cms/store/user/sha/Run2FULL/2016PreVFP/MC/TTToHadronic_TuneCP5_13TeV-powheg-pythia8/crab_TTToHadronic_TuneCP5_13TeV-powheg-pythia8/240205_145659//0001/SSBTree_1171.root
adding: dcap://cluster142.knu.ac.kr//pnfs/knu.ac.kr/data/cms/store/user/sha/Run2FULL/2016PreVFP/MC/TTToHadronic_TuneCP5_13TeV-powheg-pythia8/crab_TTToHadronic_TuneCP5_13TeV-powheg-pythia8/240205_145659//0001/SSBTree_1172.root
adding: dcap://cluster142.knu.ac.kr//pnfs/knu.ac.kr/data/cms/store/user/sha/Run2FULL/2016PreVFP/MC/TTToHadronic_TuneCP5_13TeV-powheg-pythia8/crab_TTToHadronic_TuneCP5_13TeV-powheg-pythia8/240205_145659//0001/SSBTree_1173.root
adding: dcap://cluster142.knu.ac.kr//pnfs/knu.ac.kr/data/cms/store/user/sha/Run2FULL/2016PreVFP/MC/TTToHadronic_TuneCP5_13TeV-powheg-pythia8/crab_TTToHadronic_TuneCP5_13TeV-powheg-pythia8/240205_145659//0001/SSBTree_1174.root
adding: dcap://cluster142.knu.ac.kr//pnfs/knu.ac.kr/data/cms/store/user/sha/Run2FULL/2016PreVFP/MC/TTToHadronic_TuneCP5_13TeV-powheg-pythia8/crab_TTToHadronic_TuneCP5_13TeV-powheg-pythia8/240205_145659//0001/SSBTree_1175.root
adding: dcap://cluster142.knu.ac.kr//pnfs/knu.ac.kr/data/cms/store/user/sha/Run2FULL/2016PreVFP/MC/TTToHadronic_TuneCP5_13TeV-powheg-pythia8/crab_TTToHadronic_TuneCP5_13TeV-powheg-pythia8/240205_145659//0001/SSBTree_1176.root
adding: dcap://cluster142.knu.ac.kr//pnfs/knu.ac.kr/data/cms/store/user/sha/Run2FULL/2016PreVFP/MC/TTToHadronic_TuneCP5_13TeV-powheg-pythia8/crab_TTToHadronic_TuneCP5_13TeV-powheg-pythia8/240205_145659//0001/SSBTree_1177.root
adding: dcap://cluster142.knu.ac.kr//pnfs/knu.ac.kr/data/cms/store/user/sha/Run2FULL/2016PreVFP/MC/TTToHadronic_TuneCP5_13TeV-powheg-pythia8/crab_TTToHadronic_TuneCP5_13TeV-powheg-pythia8/240205_145659//0001/SSBTree_1178.root
adding: dcap://cluster142.knu.ac.kr//pnfs/knu.ac.kr/data/cms/store/user/sha/Run2FULL/2016PreVFP/MC/TTToHadronic_TuneCP5_13TeV-powheg-pythia8/crab_TTToHadronic_TuneCP5_13TeV-powheg-pythia8/240205_145659//0001/SSBTree_1179.root
adding: dcap://cluster142.knu.ac.kr//pnfs/knu.ac.kr/data/cms/store/user/sha/Run2FULL/2016PreVFP/MC/TTToHadronic_TuneCP5_13TeV-powheg-pythia8/crab_TTToHadronic_TuneCP5_13TeV-powheg-pythia8/240205_145659//0001/SSBTree_1180.root
Total number of events after merging root files: 250000
Event 0
Event 10000
Event 20000
Event 30000
Event 40000
Event 50000
Event 60000
Event 70000
Event 80000
Event 90000
Event 100000
Event 110000
Event 120000
Event 130000
Event 140000
Event 150000
Event 160000
Event 170000
Event 180000
Event 190000
Event 200000
Event 210000
Event 220000
Event 230000
Event 240000
Total processed number of events: 250000
End processing...

The number of options is: 2
Option 0 = ./TopMass_analysis
Option 1 = TTbar_AllHadron/TTbar_AllHadron_157.list
Option 2 = TTbar_AllHadron/TTbar_AllHadron_157.txt
Input filelist = TTbar_AllHadron/TTbar_AllHadron_157.list
Output file name = TTbar_AllHadron/TTbar_AllHadron_157.txt


start merging file(s)
adding: dcap://cluster142.knu.ac.kr//pnfs/knu.ac.kr/data/cms/store/user/sha/Run2FULL/2016PreVFP/MC/TTToHadronic_TuneCP5_13TeV-powheg-pythia8/crab_TTToHadronic_TuneCP5_13TeV-powheg-pythia8/240205_145659//0001/SSBTree_1561.root
adding: dcap://cluster142.knu.ac.kr//pnfs/knu.ac.kr/data/cms/store/user/sha/Run2FULL/2016PreVFP/MC/TTToHadronic_TuneCP5_13TeV-powheg-pythia8/crab_TTToHadronic_TuneCP5_13TeV-powheg-pythia8/240205_145659//0001/SSBTree_1562.root
adding: dcap://cluster142.knu.ac.kr//pnfs/knu.ac.kr/data/cms/store/user/sha/Run2FULL/2016PreVFP/MC/TTToHadronic_TuneCP5_13TeV-powheg-pythia8/crab_TTToHadronic_TuneCP5_13TeV-powheg-pythia8/240205_145659//0001/SSBTree_1563.root
adding: dcap://cluster142.knu.ac.kr//pnfs/knu.ac.kr/data/cms/store/user/sha/Run2FULL/2016PreVFP/MC/TTToHadronic_TuneCP5_13TeV-powheg-pythia8/crab_TTToHadronic_TuneCP5_13TeV-powheg-pythia8/240205_145659//0001/SSBTree_1564.root
adding: dcap://cluster142.knu.ac.kr//pnfs/knu.ac.kr/data/cms/store/user/sha/Run2FULL/2016PreVFP/MC/TTToHadronic_TuneCP5_13TeV-powheg-pythia8/crab_TTToHadronic_TuneCP5_13TeV-powheg-pythia8/240205_145659//0001/SSBTree_1565.root
adding: dcap://cluster142.knu.ac.kr//pnfs/knu.ac.kr/data/cms/store/user/sha/Run2FULL/2016PreVFP/MC/TTToHadronic_TuneCP5_13TeV-powheg-pythia8/crab_TTToHadronic_TuneCP5_13TeV-powheg-pythia8/240205_145659//0001/SSBTree_1566.root
adding: dcap://cluster142.knu.ac.kr//pnfs/knu.ac.kr/data/cms/store/user/sha/Run2FULL/2016PreVFP/MC/TTToHadronic_TuneCP5_13TeV-powheg-pythia8/crab_TTToHadronic_TuneCP5_13TeV-powheg-pythia8/240205_145659//0001/SSBTree_1567.root
adding: dcap://cluster142.knu.ac.kr//pnfs/knu.ac.kr/data/cms/store/user/sha/Run2FULL/2016PreVFP/MC/TTToHadronic_TuneCP5_13TeV-powheg-pythia8/crab_TTToHadronic_TuneCP5_13TeV-powheg-pythia8/240205_145659//0001/SSBTree_1568.root
adding: dcap://cluster142.knu.ac.kr//pnfs/knu.ac.kr/data/cms/store/user/sha/Run2FULL/2016PreVFP/MC/TTToHadronic_TuneCP5_13TeV-powheg-pythia8/crab_TTToHadronic_TuneCP5_13TeV-powheg-pythia8/240205_145659//0001/SSBTree_1569.root
adding: dcap://cluster142.knu.ac.kr//pnfs/knu.ac.kr/data/cms/store/user/sha/Run2FULL/2016PreVFP/MC/TTToHadronic_TuneCP5_13TeV-powheg-pythia8/crab_TTToHadronic_TuneCP5_13TeV-powheg-pythia8/240205_145659//0001/SSBTree_1570.root
Total number of events after merging root files: 250000
Event 0
Event 10000
Event 20000
Event 30000
Event 40000
Event 50000
Event 60000
Event 70000
Event 80000
Event 90000
Event 100000
Event 110000
Event 120000
Event 130000
Event 140000
Event 150000
Event 160000
Event 170000
Event 180000
Event 190000
Event 200000
Event 210000
Event 220000
Event 230000
Event 240000
Total processed number of events: 250000
End processing...

The number of options is: 2
Option 0 = ./TopMass_analysis
Option 1 = TTbar_AllHadron/TTbar_AllHadron_196.list
Option 2 = TTbar_AllHadron/TTbar_AllHadron_196.txt
Input filelist = TTbar_AllHadron/TTbar_AllHadron_196.list
Output file name = TTbar_AllHadron/TTbar_AllHadron_196.txt


start merging file(s)
adding: dcap://cluster142.knu.ac.kr//pnfs/knu.ac.kr/data/cms/store/user/sha/Run2FULL/2016PreVFP/MC/TTToHadronic_TuneCP5_13TeV-powheg-pythia8/crab_TTToHadronic_TuneCP5_13TeV-powheg-pythia8/240205_145659//0001/SSBTree_1951.root
adding: dcap://cluster142.knu.ac.kr//pnfs/knu.ac.kr/data/cms/store/user/sha/Run2FULL/2016PreVFP/MC/TTToHadronic_TuneCP5_13TeV-powheg-pythia8/crab_TTToHadronic_TuneCP5_13TeV-powheg-pythia8/240205_145659//0001/SSBTree_1952.root
adding: dcap://cluster142.knu.ac.kr//pnfs/knu.ac.kr/data/cms/store/user/sha/Run2FULL/2016PreVFP/MC/TTToHadronic_TuneCP5_13TeV-powheg-pythia8/crab_TTToHadronic_TuneCP5_13TeV-powheg-pythia8/240205_145659//0001/SSBTree_1953.root
adding: dcap://cluster142.knu.ac.kr//pnfs/knu.ac.kr/data/cms/store/user/sha/Run2FULL/2016PreVFP/MC/TTToHadronic_TuneCP5_13TeV-powheg-pythia8/crab_TTToHadronic_TuneCP5_13TeV-powheg-pythia8/240205_145659//0001/SSBTree_1954.root
adding: dcap://cluster142.knu.ac.kr//pnfs/knu.ac.kr/data/cms/store/user/sha/Run2FULL/2016PreVFP/MC/TTToHadronic_TuneCP5_13TeV-powheg-pythia8/crab_TTToHadronic_TuneCP5_13TeV-powheg-pythia8/240205_145659//0001/SSBTree_1955.root
adding: dcap://cluster142.knu.ac.kr//pnfs/knu.ac.kr/data/cms/store/user/sha/Run2FULL/2016PreVFP/MC/TTToHadronic_TuneCP5_13TeV-powheg-pythia8/crab_TTToHadronic_TuneCP5_13TeV-powheg-pythia8/240205_145659//0001/SSBTree_1956.root
adding: dcap://cluster142.knu.ac.kr//pnfs/knu.ac.kr/data/cms/store/user/sha/Run2FULL/2016PreVFP/MC/TTToHadronic_TuneCP5_13TeV-powheg-pythia8/crab_TTToHadronic_TuneCP5_13TeV-powheg-pythia8/240205_145659//0001/SSBTree_1957.root
adding: dcap://cluster142.knu.ac.kr//pnfs/knu.ac.kr/data/cms/store/user/sha/Run2FULL/2016PreVFP/MC/TTToHadronic_TuneCP5_13TeV-powheg-pythia8/crab_TTToHadronic_TuneCP5_13TeV-powheg-pythia8/240205_145659//0001/SSBTree_1958.root
adding: dcap://cluster142.knu.ac.kr//pnfs/knu.ac.kr/data/cms/store/user/sha/Run2FULL/2016PreVFP/MC/TTToHadronic_TuneCP5_13TeV-powheg-pythia8/crab_TTToHadronic_TuneCP5_13TeV-powheg-pythia8/240205_145659//0001/SSBTree_1959.root
adding: dcap://cluster142.knu.ac.kr//pnfs/knu.ac.kr/data/cms/store/user/sha/Run2FULL/2016PreVFP/MC/TTToHadronic_TuneCP5_13TeV-powheg-pythia8/crab_TTToHadronic_TuneCP5_13TeV-powheg-pythia8/240205_145659//0001/SSBTree_1960.root
Total number of events after merging root files: 250000
Event 0
Event 10000
Event 20000
Event 30000
Event 40000
Event 50000
Event 60000
Event 70000
Event 80000
Event 90000
Event 100000
Event 110000
Event 120000
Event 130000
Event 140000
Event 150000
Event 160000
Event 170000
Event 180000
Event 190000
Event 200000
Event 210000
Event 220000
Event 230000
Event 240000
Total processed number of events: 250000
End processing...

The number of options is: 2
Option 0 = ./TopMass_analysis
Option 1 = TTbar_AllHadron/TTbar_AllHadron_235.list
Option 2 = TTbar_AllHadron/TTbar_AllHadron_235.txt
Input filelist = TTbar_AllHadron/TTbar_AllHadron_235.list
Output file name = TTbar_AllHadron/TTbar_AllHadron_235.txt


start merging file(s)
adding: dcap://cluster142.knu.ac.kr//pnfs/knu.ac.kr/data/cms/store/user/sha/Run2FULL/2016PreVFP/MC/TTToHadronic_TuneCP5_13TeV-powheg-pythia8/crab_TTToHadronic_TuneCP5_13TeV-powheg-pythia8/240205_145659//0002/SSBTree_2341.root
adding: dcap://cluster142.knu.ac.kr//pnfs/knu.ac.kr/data/cms/store/user/sha/Run2FULL/2016PreVFP/MC/TTToHadronic_TuneCP5_13TeV-powheg-pythia8/crab_TTToHadronic_TuneCP5_13TeV-powheg-pythia8/240205_145659//0002/SSBTree_2342.root
adding: dcap://cluster142.knu.ac.kr//pnfs/knu.ac.kr/data/cms/store/user/sha/Run2FULL/2016PreVFP/MC/TTToHadronic_TuneCP5_13TeV-powheg-pythia8/crab_TTToHadronic_TuneCP5_13TeV-powheg-pythia8/240205_145659//0002/SSBTree_2343.root
adding: dcap://cluster142.knu.ac.kr//pnfs/knu.ac.kr/data/cms/store/user/sha/Run2FULL/2016PreVFP/MC/TTToHadronic_TuneCP5_13TeV-powheg-pythia8/crab_TTToHadronic_TuneCP5_13TeV-powheg-pythia8/240205_145659//0002/SSBTree_2344.root
adding: dcap://cluster142.knu.ac.kr//pnfs/knu.ac.kr/data/cms/store/user/sha/Run2FULL/2016PreVFP/MC/TTToHadronic_TuneCP5_13TeV-powheg-pythia8/crab_TTToHadronic_TuneCP5_13TeV-powheg-pythia8/240205_145659//0002/SSBTree_2345.root
adding: dcap://cluster142.knu.ac.kr//pnfs/knu.ac.kr/data/cms/store/user/sha/Run2FULL/2016PreVFP/MC/TTToHadronic_TuneCP5_13TeV-powheg-pythia8/crab_TTToHadronic_TuneCP5_13TeV-powheg-pythia8/240205_145659//0002/SSBTree_2346.root
adding: dcap://cluster142.knu.ac.kr//pnfs/knu.ac.kr/data/cms/store/user/sha/Run2FULL/2016PreVFP/MC/TTToHadronic_TuneCP5_13TeV-powheg-pythia8/crab_TTToHadronic_TuneCP5_13TeV-powheg-pythia8/240205_145659//0002/SSBTree_2347.root
adding: dcap://cluster142.knu.ac.kr//pnfs/knu.ac.kr/data/cms/store/user/sha/Run2FULL/2016PreVFP/MC/TTToHadronic_TuneCP5_13TeV-powheg-pythia8/crab_TTToHadronic_TuneCP5_13TeV-powheg-pythia8/240205_145659//0002/SSBTree_2348.root
adding: dcap://cluster142.knu.ac.kr//pnfs/knu.ac.kr/data/cms/store/user/sha/Run2FULL/2016PreVFP/MC/TTToHadronic_TuneCP5_13TeV-powheg-pythia8/crab_TTToHadronic_TuneCP5_13TeV-powheg-pythia8/240205_145659//0002/SSBTree_2349.root
adding: dcap://cluster142.knu.ac.kr//pnfs/knu.ac.kr/data/cms/store/user/sha/Run2FULL/2016PreVFP/MC/TTToHadronic_TuneCP5_13TeV-powheg-pythia8/crab_TTToHadronic_TuneCP5_13TeV-powheg-pythia8/240205_145659//0002/SSBTree_2350.root
Total number of events after merging root files: 250000
Event 0
Event 10000
Event 20000
Event 30000
Event 40000
Event 50000
Event 60000
Event 70000
Event 80000
Event 90000
Event 100000
Event 110000
Event 120000
Event 130000
Event 140000
Event 150000
Event 160000
Event 170000
Event 180000
Event 190000
Event 200000
Event 210000
Event 220000
Event 230000
Event 240000
Total processed number of events: 250000
End processing...

The number of options is: 2
Option 0 = ./TopMass_analysis
Option 1 = TTbar_AllHadron/TTbar_AllHadron_274.list
Option 2 = TTbar_AllHadron/TTbar_AllHadron_274.txt
Input filelist = TTbar_AllHadron/TTbar_AllHadron_274.list
Output file name = TTbar_AllHadron/TTbar_AllHadron_274.txt


start merging file(s)
adding: dcap://cluster142.knu.ac.kr//pnfs/knu.ac.kr/data/cms/store/user/sha/Run2FULL/2016PreVFP/MC/TTToHadronic_TuneCP5_13TeV-powheg-pythia8/crab_TTToHadronic_TuneCP5_13TeV-powheg-pythia8/240205_145659//0002/SSBTree_2731.root
adding: dcap://cluster142.knu.ac.kr//pnfs/knu.ac.kr/data/cms/store/user/sha/Run2FULL/2016PreVFP/MC/TTToHadronic_TuneCP5_13TeV-powheg-pythia8/crab_TTToHadronic_TuneCP5_13TeV-powheg-pythia8/240205_145659//0002/SSBTree_2732.root
adding: dcap://cluster142.knu.ac.kr//pnfs/knu.ac.kr/data/cms/store/user/sha/Run2FULL/2016PreVFP/MC/TTToHadronic_TuneCP5_13TeV-powheg-pythia8/crab_TTToHadronic_TuneCP5_13TeV-powheg-pythia8/240205_145659//0002/SSBTree_2733.root
adding: dcap://cluster142.knu.ac.kr//pnfs/knu.ac.kr/data/cms/store/user/sha/Run2FULL/2016PreVFP/MC/TTToHadronic_TuneCP5_13TeV-powheg-pythia8/crab_TTToHadronic_TuneCP5_13TeV-powheg-pythia8/240205_145659//0002/SSBTree_2734.root
adding: dcap://cluster142.knu.ac.kr//pnfs/knu.ac.kr/data/cms/store/user/sha/Run2FULL/2016PreVFP/MC/TTToHadronic_TuneCP5_13TeV-powheg-pythia8/crab_TTToHadronic_TuneCP5_13TeV-powheg-pythia8/240205_145659//0002/SSBTree_2735.root
adding: dcap://cluster142.knu.ac.kr//pnfs/knu.ac.kr/data/cms/store/user/sha/Run2FULL/2016PreVFP/MC/TTToHadronic_TuneCP5_13TeV-powheg-pythia8/crab_TTToHadronic_TuneCP5_13TeV-powheg-pythia8/240205_145659//0002/SSBTree_2736.root
adding: dcap://cluster142.knu.ac.kr//pnfs/knu.ac.kr/data/cms/store/user/sha/Run2FULL/2016PreVFP/MC/TTToHadronic_TuneCP5_13TeV-powheg-pythia8/crab_TTToHadronic_TuneCP5_13TeV-powheg-pythia8/240205_145659//0002/SSBTree_2737.root
adding: dcap://cluster142.knu.ac.kr//pnfs/knu.ac.kr/data/cms/store/user/sha/Run2FULL/2016PreVFP/MC/TTToHadronic_TuneCP5_13TeV-powheg-pythia8/crab_TTToHadronic_TuneCP5_13TeV-powheg-pythia8/240205_145659//0002/SSBTree_2738.root
adding: dcap://cluster142.knu.ac.kr//pnfs/knu.ac.kr/data/cms/store/user/sha/Run2FULL/2016PreVFP/MC/TTToHadronic_TuneCP5_13TeV-powheg-pythia8/crab_TTToHadronic_TuneCP5_13TeV-powheg-pythia8/240205_145659//0002/SSBTree_2739.root
adding: dcap://cluster142.knu.ac.kr//pnfs/knu.ac.kr/data/cms/store/user/sha/Run2FULL/2016PreVFP/MC/TTToHadronic_TuneCP5_13TeV-powheg-pythia8/crab_TTToHadronic_TuneCP5_13TeV-powheg-pythia8/240205_145659//0002/SSBTree_2740.root
Total number of events after merging root files: 250000
Event 0
Event 10000
Event 20000
Event 30000
Event 40000
Event 50000
Event 60000
Event 70000
Event 80000
Event 90000
Event 100000
Event 110000
Event 120000
Event 130000
Event 140000
Event 150000
Event 160000
Event 170000
Event 180000
Event 190000
Event 200000
Event 210000
Event 220000
Event 230000
Event 240000
Total processed number of events: 250000
End processing...

The number of options is: 2
Option 0 = ./TopMass_analysis
Option 1 = TTbar_AllHadron/TTbar_AllHadron_313.list
Option 2 = TTbar_AllHadron/TTbar_AllHadron_313.txt
Input filelist = TTbar_AllHadron/TTbar_AllHadron_313.list
Output file name = TTbar_AllHadron/TTbar_AllHadron_313.txt


start merging file(s)
adding: dcap://cluster142.knu.ac.kr//pnfs/knu.ac.kr/data/cms/store/user/sha/Run2FULL/2016PreVFP/MC/TTToHadronic_TuneCP5_13TeV-powheg-pythia8/crab_TTToHadronic_TuneCP5_13TeV-powheg-pythia8/240205_145659//0003/SSBTree_3121.root
adding: dcap://cluster142.knu.ac.kr//pnfs/knu.ac.kr/data/cms/store/user/sha/Run2FULL/2016PreVFP/MC/TTToHadronic_TuneCP5_13TeV-powheg-pythia8/crab_TTToHadronic_TuneCP5_13TeV-powheg-pythia8/240205_145659//0003/SSBTree_3122.root
adding: dcap://cluster142.knu.ac.kr//pnfs/knu.ac.kr/data/cms/store/user/sha/Run2FULL/2016PreVFP/MC/TTToHadronic_TuneCP5_13TeV-powheg-pythia8/crab_TTToHadronic_TuneCP5_13TeV-powheg-pythia8/240205_145659//0003/SSBTree_3123.root
adding: dcap://cluster142.knu.ac.kr//pnfs/knu.ac.kr/data/cms/store/user/sha/Run2FULL/2016PreVFP/MC/TTToHadronic_TuneCP5_13TeV-powheg-pythia8/crab_TTToHadronic_TuneCP5_13TeV-powheg-pythia8/240205_145659//0003/SSBTree_3124.root
adding: dcap://cluster142.knu.ac.kr//pnfs/knu.ac.kr/data/cms/store/user/sha/Run2FULL/2016PreVFP/MC/TTToHadronic_TuneCP5_13TeV-powheg-pythia8/crab_TTToHadronic_TuneCP5_13TeV-powheg-pythia8/240205_145659//0003/SSBTree_3125.root
adding: dcap://cluster142.knu.ac.kr//pnfs/knu.ac.kr/data/cms/store/user/sha/Run2FULL/2016PreVFP/MC/TTToHadronic_TuneCP5_13TeV-powheg-pythia8/crab_TTToHadronic_TuneCP5_13TeV-powheg-pythia8/240205_145659//0003/SSBTree_3126.root
adding: dcap://cluster142.knu.ac.kr//pnfs/knu.ac.kr/data/cms/store/user/sha/Run2FULL/2016PreVFP/MC/TTToHadronic_TuneCP5_13TeV-powheg-pythia8/crab_TTToHadronic_TuneCP5_13TeV-powheg-pythia8/240205_145659//0003/SSBTree_3127.root
adding: dcap://cluster142.knu.ac.kr//pnfs/knu.ac.kr/data/cms/store/user/sha/Run2FULL/2016PreVFP/MC/TTToHadronic_TuneCP5_13TeV-powheg-pythia8/crab_TTToHadronic_TuneCP5_13TeV-powheg-pythia8/240205_145659//0003/SSBTree_3128.root
adding: dcap://cluster142.knu.ac.kr//pnfs/knu.ac.kr/data/cms/store/user/sha/Run2FULL/2016PreVFP/MC/TTToHadronic_TuneCP5_13TeV-powheg-pythia8/crab_TTToHadronic_TuneCP5_13TeV-powheg-pythia8/240205_145659//0003/SSBTree_3129.root
adding: dcap://cluster142.knu.ac.kr//pnfs/knu.ac.kr/data/cms/store/user/sha/Run2FULL/2016PreVFP/MC/TTToHadronic_TuneCP5_13TeV-powheg-pythia8/crab_TTToHadronic_TuneCP5_13TeV-powheg-pythia8/240205_145659//0003/SSBTree_3130.root
Total number of events after merging root files: 250000
Event 0
Event 10000
Event 20000
Event 30000
Event 40000
Event 50000
Event 60000
Event 70000
Event 80000
Event 90000
Event 100000
Event 110000
Event 120000
Event 130000
Event 140000
Event 150000
Event 160000
Event 170000
Event 180000
Event 190000
Event 200000
Event 210000
Event 220000
Event 230000
Event 240000
Total processed number of events: 250000
End processing...

The number of options is: 2
Option 0 = ./TopMass_analysis
Option 1 = TTbar_AllHadron/TTbar_AllHadron_352.list
Option 2 = TTbar_AllHadron/TTbar_AllHadron_352.txt
Input filelist = TTbar_AllHadron/TTbar_AllHadron_352.list
Output file name = TTbar_AllHadron/TTbar_AllHadron_352.txt


start merging file(s)
adding: dcap://cluster142.knu.ac.kr//pnfs/knu.ac.kr/data/cms/store/user/sha/Run2FULL/2016PreVFP/MC/TTToHadronic_TuneCP5_13TeV-powheg-pythia8/crab_TTToHadronic_TuneCP5_13TeV-powheg-pythia8/240205_145659//0003/SSBTree_3511.root
adding: dcap://cluster142.knu.ac.kr//pnfs/knu.ac.kr/data/cms/store/user/sha/Run2FULL/2016PreVFP/MC/TTToHadronic_TuneCP5_13TeV-powheg-pythia8/crab_TTToHadronic_TuneCP5_13TeV-powheg-pythia8/240205_145659//0003/SSBTree_3512.root
adding: dcap://cluster142.knu.ac.kr//pnfs/knu.ac.kr/data/cms/store/user/sha/Run2FULL/2016PreVFP/MC/TTToHadronic_TuneCP5_13TeV-powheg-pythia8/crab_TTToHadronic_TuneCP5_13TeV-powheg-pythia8/240205_145659//0003/SSBTree_3513.root
adding: dcap://cluster142.knu.ac.kr//pnfs/knu.ac.kr/data/cms/store/user/sha/Run2FULL/2016PreVFP/MC/TTToHadronic_TuneCP5_13TeV-powheg-pythia8/crab_TTToHadronic_TuneCP5_13TeV-powheg-pythia8/240205_145659//0003/SSBTree_3514.root
adding: dcap://cluster142.knu.ac.kr//pnfs/knu.ac.kr/data/cms/store/user/sha/Run2FULL/2016PreVFP/MC/TTToHadronic_TuneCP5_13TeV-powheg-pythia8/crab_TTToHadronic_TuneCP5_13TeV-powheg-pythia8/240205_145659//0003/SSBTree_3515.root
adding: dcap://cluster142.knu.ac.kr//pnfs/knu.ac.kr/data/cms/store/user/sha/Run2FULL/2016PreVFP/MC/TTToHadronic_TuneCP5_13TeV-powheg-pythia8/crab_TTToHadronic_TuneCP5_13TeV-powheg-pythia8/240205_145659//0003/SSBTree_3516.root
adding: dcap://cluster142.knu.ac.kr//pnfs/knu.ac.kr/data/cms/store/user/sha/Run2FULL/2016PreVFP/MC/TTToHadronic_TuneCP5_13TeV-powheg-pythia8/crab_TTToHadronic_TuneCP5_13TeV-powheg-pythia8/240205_145659//0003/SSBTree_3517.root
adding: dcap://cluster142.knu.ac.kr//pnfs/knu.ac.kr/data/cms/store/user/sha/Run2FULL/2016PreVFP/MC/TTToHadronic_TuneCP5_13TeV-powheg-pythia8/crab_TTToHadronic_TuneCP5_13TeV-powheg-pythia8/240205_145659//0003/SSBTree_3518.root
adding: dcap://cluster142.knu.ac.kr//pnfs/knu.ac.kr/data/cms/store/user/sha/Run2FULL/2016PreVFP/MC/TTToHadronic_TuneCP5_13TeV-powheg-pythia8/crab_TTToHadronic_TuneCP5_13TeV-powheg-pythia8/240205_145659//0003/SSBTree_3519.root
adding: dcap://cluster142.knu.ac.kr//pnfs/knu.ac.kr/data/cms/store/user/sha/Run2FULL/2016PreVFP/MC/TTToHadronic_TuneCP5_13TeV-powheg-pythia8/crab_TTToHadronic_TuneCP5_13TeV-powheg-pythia8/240205_145659//0003/SSBTree_3520.root
Total number of events after merging root files: 250000
Event 0
Event 10000
Event 20000
Event 30000
Event 40000
Event 50000
Event 60000
Event 70000
Event 80000
Event 90000
Event 100000
Event 110000
Event 120000
Event 130000
Event 140000
Event 150000
Event 160000
Event 170000
Event 180000
Event 190000
Event 200000
Event 210000
Event 220000
Event 230000
Event 240000
Total processed number of events: 250000
End processing...

The number of options is: 2
Option 0 = ./TopMass_analysis
Option 1 = TTbar_AllHadron/TTbar_AllHadron_391.list
Option 2 = TTbar_AllHadron/TTbar_AllHadron_391.txt
Input filelist = TTbar_AllHadron/TTbar_AllHadron_391.list
Output file name = TTbar_AllHadron/TTbar_AllHadron_391.txt


start merging file(s)
adding: dcap://cluster142.knu.ac.kr//pnfs/knu.ac.kr/data/cms/store/user/sha/Run2FULL/2016PreVFP/MC/TTToHadronic_TuneCP5_13TeV-powheg-pythia8/crab_TTToHadronic_TuneCP5_13TeV-powheg-pythia8/240205_145659//0003/SSBTree_3901.root
adding: dcap://cluster142.knu.ac.kr//pnfs/knu.ac.kr/data/cms/store/user/sha/Run2FULL/2016PreVFP/MC/TTToHadronic_TuneCP5_13TeV-powheg-pythia8/crab_TTToHadronic_TuneCP5_13TeV-powheg-pythia8/240205_145659//0003/SSBTree_3902.root
adding: dcap://cluster142.knu.ac.kr//pnfs/knu.ac.kr/data/cms/store/user/sha/Run2FULL/2016PreVFP/MC/TTToHadronic_TuneCP5_13TeV-powheg-pythia8/crab_TTToHadronic_TuneCP5_13TeV-powheg-pythia8/240205_145659//0003/SSBTree_3903.root
adding: dcap://cluster142.knu.ac.kr//pnfs/knu.ac.kr/data/cms/store/user/sha/Run2FULL/2016PreVFP/MC/TTToHadronic_TuneCP5_13TeV-powheg-pythia8/crab_TTToHadronic_TuneCP5_13TeV-powheg-pythia8/240205_145659//0003/SSBTree_3904.root
adding: dcap://cluster142.knu.ac.kr//pnfs/knu.ac.kr/data/cms/store/user/sha/Run2FULL/2016PreVFP/MC/TTToHadronic_TuneCP5_13TeV-powheg-pythia8/crab_TTToHadronic_TuneCP5_13TeV-powheg-pythia8/240205_145659//0003/SSBTree_3905.root
adding: dcap://cluster142.knu.ac.kr//pnfs/knu.ac.kr/data/cms/store/user/sha/Run2FULL/2016PreVFP/MC/TTToHadronic_TuneCP5_13TeV-powheg-pythia8/crab_TTToHadronic_TuneCP5_13TeV-powheg-pythia8/240205_145659//0003/SSBTree_3906.root
adding: dcap://cluster142.knu.ac.kr//pnfs/knu.ac.kr/data/cms/store/user/sha/Run2FULL/2016PreVFP/MC/TTToHadronic_TuneCP5_13TeV-powheg-pythia8/crab_TTToHadronic_TuneCP5_13TeV-powheg-pythia8/240205_145659//0003/SSBTree_3907.root
adding: dcap://cluster142.knu.ac.kr//pnfs/knu.ac.kr/data/cms/store/user/sha/Run2FULL/2016PreVFP/MC/TTToHadronic_TuneCP5_13TeV-powheg-pythia8/crab_TTToHadronic_TuneCP5_13TeV-powheg-pythia8/240205_145659//0003/SSBTree_3908.root
Total number of events after merging root files: 187000
Event 0
Event 10000
Event 20000
Event 30000
Event 40000
Event 50000
Event 60000
Event 70000
Event 80000
Event 90000
Event 100000
Event 110000
Event 120000
Event 130000
Event 140000
Event 150000
Event 160000
Event 170000
Event 180000
Total processed number of events: 187000
End processing...

