The number of options is: 2
Option 0 = ./TopMass_analysis
Option 1 = SingleElectron_Run2016D/SingleElectron_Run2016D_15.list
Option 2 = SingleElectron_Run2016D/SingleElectron_Run2016D_15.txt
Input filelist = SingleElectron_Run2016D/SingleElectron_Run2016D_15.list
Output file name = SingleElectron_Run2016D/SingleElectron_Run2016D_15.txt


start merging file(s)
adding: dcap://cluster142.knu.ac.kr//pnfs/knu.ac.kr/data/cms/store/user/sha/Run2FULL/2016PreVFP/DATA/SingleElectron/crab_SingleElectron_Run2016D/240205_234031//0000/SSBTree_227.root
adding: dcap://cluster142.knu.ac.kr//pnfs/knu.ac.kr/data/cms/store/user/sha/Run2FULL/2016PreVFP/DATA/SingleElectron/crab_SingleElectron_Run2016D/240205_234031//0000/SSBTree_228.root
adding: dcap://cluster142.knu.ac.kr//pnfs/knu.ac.kr/data/cms/store/user/sha/Run2FULL/2016PreVFP/DATA/SingleElectron/crab_SingleElectron_Run2016D/240205_234031//0000/SSBTree_229.root
adding: dcap://cluster142.knu.ac.kr//pnfs/knu.ac.kr/data/cms/store/user/sha/Run2FULL/2016PreVFP/DATA/SingleElectron/crab_SingleElectron_Run2016D/240205_234031//0000/SSBTree_22.root
adding: dcap://cluster142.knu.ac.kr//pnfs/knu.ac.kr/data/cms/store/user/sha/Run2FULL/2016PreVFP/DATA/SingleElectron/crab_SingleElectron_Run2016D/240205_234031//0000/SSBTree_230.root
adding: dcap://cluster142.knu.ac.kr//pnfs/knu.ac.kr/data/cms/store/user/sha/Run2FULL/2016PreVFP/DATA/SingleElectron/crab_SingleElectron_Run2016D/240205_234031//0000/SSBTree_231.root
adding: dcap://cluster142.knu.ac.kr//pnfs/knu.ac.kr/data/cms/store/user/sha/Run2FULL/2016PreVFP/DATA/SingleElectron/crab_SingleElectron_Run2016D/240205_234031//0000/SSBTree_232.root
adding: dcap://cluster142.knu.ac.kr//pnfs/knu.ac.kr/data/cms/store/user/sha/Run2FULL/2016PreVFP/DATA/SingleElectron/crab_SingleElectron_Run2016D/240205_234031//0000/SSBTree_233.root
adding: dcap://cluster142.knu.ac.kr//pnfs/knu.ac.kr/data/cms/store/user/sha/Run2FULL/2016PreVFP/DATA/SingleElectron/crab_SingleElectron_Run2016D/240205_234031//0000/SSBTree_234.root
adding: dcap://cluster142.knu.ac.kr//pnfs/knu.ac.kr/data/cms/store/user/sha/Run2FULL/2016PreVFP/DATA/SingleElectron/crab_SingleElectron_Run2016D/240205_234031//0000/SSBTree_235.root
Total number of events after merging root files: 922300
Event 0
Event 10000
Event 20000
Event 30000
Event 40000
Event 50000
Event 60000
Event 70000
Event 80000
Event 90000
Event 100000
Event 110000
Event 120000
Event 130000
Event 140000
Event 150000
Event 160000
Event 170000
Event 180000
Event 190000
Event 200000
Event 210000
Event 220000
Event 230000
Event 240000
Event 250000
Event 260000
Event 270000
Event 280000
Event 290000
Event 300000
Event 310000
Event 320000
Event 330000
Event 340000
Event 350000
Event 360000
Event 370000
Event 380000
Event 390000
Event 400000
Event 410000
Event 420000
Event 430000
Event 440000
Event 450000
Event 460000
Event 470000
Event 480000
Event 490000
Event 500000
Event 510000
Event 520000
Event 530000
Event 540000
Event 550000
Event 560000
Event 570000
Event 580000
Event 590000
Event 600000
Event 610000
Event 620000
Event 630000
Event 640000
Event 650000
Event 660000
Event 670000
Event 680000
Event 690000
Event 700000
Event 710000
Event 720000
Event 730000
Event 740000
Event 750000
Event 760000
Event 770000
Event 780000
Event 790000
Event 800000
Event 810000
Event 820000
Event 830000
Event 840000
Event 850000
Event 860000
Event 870000
Event 880000
Event 890000
Event 900000
Event 910000
Event 920000
Total processed number of events: 922300
End processing...

The number of options is: 2
Option 0 = ./TopMass_analysis
Option 1 = SingleElectron_Run2016D/SingleElectron_Run2016D_30.list
Option 2 = SingleElectron_Run2016D/SingleElectron_Run2016D_30.txt
Input filelist = SingleElectron_Run2016D/SingleElectron_Run2016D_30.list
Output file name = SingleElectron_Run2016D/SingleElectron_Run2016D_30.txt


start merging file(s)
adding: dcap://cluster142.knu.ac.kr//pnfs/knu.ac.kr/data/cms/store/user/sha/Run2FULL/2016PreVFP/DATA/SingleElectron/crab_SingleElectron_Run2016D/240205_234031//0000/SSBTree_362.root
adding: dcap://cluster142.knu.ac.kr//pnfs/knu.ac.kr/data/cms/store/user/sha/Run2FULL/2016PreVFP/DATA/SingleElectron/crab_SingleElectron_Run2016D/240205_234031//0000/SSBTree_363.root
adding: dcap://cluster142.knu.ac.kr//pnfs/knu.ac.kr/data/cms/store/user/sha/Run2FULL/2016PreVFP/DATA/SingleElectron/crab_SingleElectron_Run2016D/240205_234031//0000/SSBTree_364.root
adding: dcap://cluster142.knu.ac.kr//pnfs/knu.ac.kr/data/cms/store/user/sha/Run2FULL/2016PreVFP/DATA/SingleElectron/crab_SingleElectron_Run2016D/240205_234031//0000/SSBTree_365.root
adding: dcap://cluster142.knu.ac.kr//pnfs/knu.ac.kr/data/cms/store/user/sha/Run2FULL/2016PreVFP/DATA/SingleElectron/crab_SingleElectron_Run2016D/240205_234031//0000/SSBTree_366.root
adding: dcap://cluster142.knu.ac.kr//pnfs/knu.ac.kr/data/cms/store/user/sha/Run2FULL/2016PreVFP/DATA/SingleElectron/crab_SingleElectron_Run2016D/240205_234031//0000/SSBTree_367.root
adding: dcap://cluster142.knu.ac.kr//pnfs/knu.ac.kr/data/cms/store/user/sha/Run2FULL/2016PreVFP/DATA/SingleElectron/crab_SingleElectron_Run2016D/240205_234031//0000/SSBTree_368.root
adding: dcap://cluster142.knu.ac.kr//pnfs/knu.ac.kr/data/cms/store/user/sha/Run2FULL/2016PreVFP/DATA/SingleElectron/crab_SingleElectron_Run2016D/240205_234031//0000/SSBTree_369.root
adding: dcap://cluster142.knu.ac.kr//pnfs/knu.ac.kr/data/cms/store/user/sha/Run2FULL/2016PreVFP/DATA/SingleElectron/crab_SingleElectron_Run2016D/240205_234031//0000/SSBTree_36.root
adding: dcap://cluster142.knu.ac.kr//pnfs/knu.ac.kr/data/cms/store/user/sha/Run2FULL/2016PreVFP/DATA/SingleElectron/crab_SingleElectron_Run2016D/240205_234031//0000/SSBTree_370.root
Total number of events after merging root files: 1175200
Event 0
Event 10000
Event 20000
Event 30000
Event 40000
Event 50000
Event 60000
Event 70000
Event 80000
Event 90000
Event 100000
Event 110000
Event 120000
Event 130000
Event 140000
Event 150000
Event 160000
Event 170000
Event 180000
Event 190000
Event 200000
Event 210000
Event 220000
Event 230000
Event 240000
Event 250000
Event 260000
Event 270000
Event 280000
Event 290000
Event 300000
Event 310000
Event 320000
Event 330000
Event 340000
Event 350000
Event 360000
Event 370000
Event 380000
Event 390000
Event 400000
Event 410000
Event 420000
Event 430000
Event 440000
Event 450000
Event 460000
Event 470000
Event 480000
Event 490000
Event 500000
Event 510000
Event 520000
Event 530000
Event 540000
Event 550000
Event 560000
Event 570000
Event 580000
Event 590000
Event 600000
Event 610000
Event 620000
Event 630000
Event 640000
Event 650000
Event 660000
Event 670000
Event 680000
Event 690000
Event 700000
Event 710000
Event 720000
Event 730000
Event 740000
Event 750000
Event 760000
Event 770000
Event 780000
Event 790000
Event 800000
Event 810000
Event 820000
Event 830000
Event 840000
Event 850000
Event 860000
Event 870000
Event 880000
Event 890000
Event 900000
Event 910000
Event 920000
Event 930000
Event 940000
Event 950000
Event 960000
Event 970000
Event 980000
Event 990000
Event 1000000
Event 1010000
Event 1020000
Event 1030000
Event 1040000
Event 1050000
Event 1060000
Event 1070000
Event 1080000
Event 1090000
Event 1100000
Event 1110000
Event 1120000
Event 1130000
Event 1140000
Event 1150000
Event 1160000
Event 1170000
Total processed number of events: 1175200
End processing...

The number of options is: 2
Option 0 = ./TopMass_analysis
Option 1 = SingleElectron_Run2016D/SingleElectron_Run2016D_45.list
Option 2 = SingleElectron_Run2016D/SingleElectron_Run2016D_45.txt
Input filelist = SingleElectron_Run2016D/SingleElectron_Run2016D_45.list
Output file name = SingleElectron_Run2016D/SingleElectron_Run2016D_45.txt


start merging file(s)
adding: dcap://cluster142.knu.ac.kr//pnfs/knu.ac.kr/data/cms/store/user/sha/Run2FULL/2016PreVFP/DATA/SingleElectron/crab_SingleElectron_Run2016D/240205_234031//0000/SSBTree_498.root
adding: dcap://cluster142.knu.ac.kr//pnfs/knu.ac.kr/data/cms/store/user/sha/Run2FULL/2016PreVFP/DATA/SingleElectron/crab_SingleElectron_Run2016D/240205_234031//0000/SSBTree_499.root
adding: dcap://cluster142.knu.ac.kr//pnfs/knu.ac.kr/data/cms/store/user/sha/Run2FULL/2016PreVFP/DATA/SingleElectron/crab_SingleElectron_Run2016D/240205_234031//0000/SSBTree_49.root
adding: dcap://cluster142.knu.ac.kr//pnfs/knu.ac.kr/data/cms/store/user/sha/Run2FULL/2016PreVFP/DATA/SingleElectron/crab_SingleElectron_Run2016D/240205_234031//0000/SSBTree_4.root
adding: dcap://cluster142.knu.ac.kr//pnfs/knu.ac.kr/data/cms/store/user/sha/Run2FULL/2016PreVFP/DATA/SingleElectron/crab_SingleElectron_Run2016D/240205_234031//0000/SSBTree_500.root
adding: dcap://cluster142.knu.ac.kr//pnfs/knu.ac.kr/data/cms/store/user/sha/Run2FULL/2016PreVFP/DATA/SingleElectron/crab_SingleElectron_Run2016D/240205_234031//0000/SSBTree_501.root
adding: dcap://cluster142.knu.ac.kr//pnfs/knu.ac.kr/data/cms/store/user/sha/Run2FULL/2016PreVFP/DATA/SingleElectron/crab_SingleElectron_Run2016D/240205_234031//0000/SSBTree_502.root
adding: dcap://cluster142.knu.ac.kr//pnfs/knu.ac.kr/data/cms/store/user/sha/Run2FULL/2016PreVFP/DATA/SingleElectron/crab_SingleElectron_Run2016D/240205_234031//0000/SSBTree_503.root
adding: dcap://cluster142.knu.ac.kr//pnfs/knu.ac.kr/data/cms/store/user/sha/Run2FULL/2016PreVFP/DATA/SingleElectron/crab_SingleElectron_Run2016D/240205_234031//0000/SSBTree_504.root
adding: dcap://cluster142.knu.ac.kr//pnfs/knu.ac.kr/data/cms/store/user/sha/Run2FULL/2016PreVFP/DATA/SingleElectron/crab_SingleElectron_Run2016D/240205_234031//0000/SSBTree_505.root
Total number of events after merging root files: 1142004
Event 0
Event 10000
Event 20000
Event 30000
Event 40000
Event 50000
Event 60000
Event 70000
Event 80000
Event 90000
Event 100000
Event 110000
Event 120000
Event 130000
Event 140000
Event 150000
Event 160000
Event 170000
Event 180000
Event 190000
Event 200000
Event 210000
Event 220000
Event 230000
Event 240000
Event 250000
Event 260000
Event 270000
Event 280000
Event 290000
Event 300000
Event 310000
Event 320000
Event 330000
Event 340000
Event 350000
Event 360000
Event 370000
Event 380000
Event 390000
Event 400000
Event 410000
Event 420000
Event 430000
Event 440000
Event 450000
Event 460000
Event 470000
Event 480000
Event 490000
Event 500000
Event 510000
Event 520000
Event 530000
Event 540000
Event 550000
Event 560000
Event 570000
Event 580000
Event 590000
Event 600000
Event 610000
Event 620000
Event 630000
Event 640000
Event 650000
Event 660000
Event 670000
Event 680000
Event 690000
Event 700000
Event 710000
Event 720000
Event 730000
Event 740000
Event 750000
Event 760000
Event 770000
Event 780000
Event 790000
Event 800000
Event 810000
Event 820000
Event 830000
Event 840000
Event 850000
Event 860000
Event 870000
Event 880000
Event 890000
Event 900000
Event 910000
Event 920000
Event 930000
Event 940000
Event 950000
Event 960000
Event 970000
Event 980000
Event 990000
Event 1000000
Event 1010000
Event 1020000
Event 1030000
Event 1040000
Event 1050000
Event 1060000
Event 1070000
Event 1080000
Event 1090000
Event 1100000
Event 1110000
Event 1120000
Event 1130000
Event 1140000
Total processed number of events: 1142004
End processing...

The number of options is: 2
Option 0 = ./TopMass_analysis
Option 1 = SingleElectron_Run2016D/SingleElectron_Run2016D_60.list
Option 2 = SingleElectron_Run2016D/SingleElectron_Run2016D_60.txt
Input filelist = SingleElectron_Run2016D/SingleElectron_Run2016D_60.list
Output file name = SingleElectron_Run2016D/SingleElectron_Run2016D_60.txt


start merging file(s)
adding: dcap://cluster142.knu.ac.kr//pnfs/knu.ac.kr/data/cms/store/user/sha/Run2FULL/2016PreVFP/DATA/SingleElectron/crab_SingleElectron_Run2016D/240205_234031//0000/SSBTree_632.root
adding: dcap://cluster142.knu.ac.kr//pnfs/knu.ac.kr/data/cms/store/user/sha/Run2FULL/2016PreVFP/DATA/SingleElectron/crab_SingleElectron_Run2016D/240205_234031//0000/SSBTree_633.root
adding: dcap://cluster142.knu.ac.kr//pnfs/knu.ac.kr/data/cms/store/user/sha/Run2FULL/2016PreVFP/DATA/SingleElectron/crab_SingleElectron_Run2016D/240205_234031//0000/SSBTree_634.root
adding: dcap://cluster142.knu.ac.kr//pnfs/knu.ac.kr/data/cms/store/user/sha/Run2FULL/2016PreVFP/DATA/SingleElectron/crab_SingleElectron_Run2016D/240205_234031//0000/SSBTree_635.root
adding: dcap://cluster142.knu.ac.kr//pnfs/knu.ac.kr/data/cms/store/user/sha/Run2FULL/2016PreVFP/DATA/SingleElectron/crab_SingleElectron_Run2016D/240205_234031//0000/SSBTree_636.root
adding: dcap://cluster142.knu.ac.kr//pnfs/knu.ac.kr/data/cms/store/user/sha/Run2FULL/2016PreVFP/DATA/SingleElectron/crab_SingleElectron_Run2016D/240205_234031//0000/SSBTree_637.root
adding: dcap://cluster142.knu.ac.kr//pnfs/knu.ac.kr/data/cms/store/user/sha/Run2FULL/2016PreVFP/DATA/SingleElectron/crab_SingleElectron_Run2016D/240205_234031//0000/SSBTree_638.root
adding: dcap://cluster142.knu.ac.kr//pnfs/knu.ac.kr/data/cms/store/user/sha/Run2FULL/2016PreVFP/DATA/SingleElectron/crab_SingleElectron_Run2016D/240205_234031//0000/SSBTree_639.root
adding: dcap://cluster142.knu.ac.kr//pnfs/knu.ac.kr/data/cms/store/user/sha/Run2FULL/2016PreVFP/DATA/SingleElectron/crab_SingleElectron_Run2016D/240205_234031//0000/SSBTree_63.root
adding: dcap://cluster142.knu.ac.kr//pnfs/knu.ac.kr/data/cms/store/user/sha/Run2FULL/2016PreVFP/DATA/SingleElectron/crab_SingleElectron_Run2016D/240205_234031//0000/SSBTree_640.root
Total number of events after merging root files: 1125038
Event 0
Event 10000
Event 20000
Event 30000
Event 40000
Event 50000
Event 60000
Event 70000
Event 80000
Event 90000
Event 100000
Event 110000
Event 120000
Event 130000
Event 140000
Event 150000
Event 160000
Event 170000
Event 180000
Event 190000
Event 200000
Event 210000
Event 220000
Event 230000
Event 240000
Event 250000
Event 260000
Event 270000
Event 280000
Event 290000
Event 300000
Event 310000
Event 320000
Event 330000
Event 340000
Event 350000
Event 360000
Event 370000
Event 380000
Event 390000
Event 400000
Event 410000
Event 420000
Event 430000
Event 440000
Event 450000
Event 460000
Event 470000
Event 480000
Event 490000
Event 500000
Event 510000
Event 520000
Event 530000
Event 540000
Event 550000
Event 560000
Event 570000
Event 580000
Event 590000
Event 600000
Event 610000
Event 620000
Event 630000
Event 640000
Event 650000
Event 660000
Event 670000
Event 680000
Event 690000
Event 700000
Event 710000
Event 720000
Event 730000
Event 740000
Event 750000
Event 760000
Event 770000
Event 780000
Event 790000
Event 800000
Event 810000
Event 820000
Event 830000
Event 840000
Event 850000
Event 860000
Event 870000
Event 880000
Event 890000
Event 900000
Event 910000
Event 920000
Event 930000
Event 940000
Event 950000
Event 960000
Event 970000
Event 980000
Event 990000
Event 1000000
Event 1010000
Event 1020000
Event 1030000
Event 1040000
Event 1050000
Event 1060000
Event 1070000
Event 1080000
Event 1090000
Event 1100000
Event 1110000
Event 1120000
Total processed number of events: 1125038
End processing...

The number of options is: 2
Option 0 = ./TopMass_analysis
Option 1 = SingleElectron_Run2016D/SingleElectron_Run2016D_75.list
Option 2 = SingleElectron_Run2016D/SingleElectron_Run2016D_75.txt
Input filelist = SingleElectron_Run2016D/SingleElectron_Run2016D_75.list
Output file name = SingleElectron_Run2016D/SingleElectron_Run2016D_75.txt


start merging file(s)
adding: dcap://cluster142.knu.ac.kr//pnfs/knu.ac.kr/data/cms/store/user/sha/Run2FULL/2016PreVFP/DATA/SingleElectron/crab_SingleElectron_Run2016D/240205_234031//0000/SSBTree_768.root
adding: dcap://cluster142.knu.ac.kr//pnfs/knu.ac.kr/data/cms/store/user/sha/Run2FULL/2016PreVFP/DATA/SingleElectron/crab_SingleElectron_Run2016D/240205_234031//0000/SSBTree_769.root
adding: dcap://cluster142.knu.ac.kr//pnfs/knu.ac.kr/data/cms/store/user/sha/Run2FULL/2016PreVFP/DATA/SingleElectron/crab_SingleElectron_Run2016D/240205_234031//0000/SSBTree_76.root
adding: dcap://cluster142.knu.ac.kr//pnfs/knu.ac.kr/data/cms/store/user/sha/Run2FULL/2016PreVFP/DATA/SingleElectron/crab_SingleElectron_Run2016D/240205_234031//0000/SSBTree_770.root
adding: dcap://cluster142.knu.ac.kr//pnfs/knu.ac.kr/data/cms/store/user/sha/Run2FULL/2016PreVFP/DATA/SingleElectron/crab_SingleElectron_Run2016D/240205_234031//0000/SSBTree_771.root
adding: dcap://cluster142.knu.ac.kr//pnfs/knu.ac.kr/data/cms/store/user/sha/Run2FULL/2016PreVFP/DATA/SingleElectron/crab_SingleElectron_Run2016D/240205_234031//0000/SSBTree_772.root
adding: dcap://cluster142.knu.ac.kr//pnfs/knu.ac.kr/data/cms/store/user/sha/Run2FULL/2016PreVFP/DATA/SingleElectron/crab_SingleElectron_Run2016D/240205_234031//0000/SSBTree_773.root
adding: dcap://cluster142.knu.ac.kr//pnfs/knu.ac.kr/data/cms/store/user/sha/Run2FULL/2016PreVFP/DATA/SingleElectron/crab_SingleElectron_Run2016D/240205_234031//0000/SSBTree_774.root
adding: dcap://cluster142.knu.ac.kr//pnfs/knu.ac.kr/data/cms/store/user/sha/Run2FULL/2016PreVFP/DATA/SingleElectron/crab_SingleElectron_Run2016D/240205_234031//0000/SSBTree_775.root
adding: dcap://cluster142.knu.ac.kr//pnfs/knu.ac.kr/data/cms/store/user/sha/Run2FULL/2016PreVFP/DATA/SingleElectron/crab_SingleElectron_Run2016D/240205_234031//0000/SSBTree_776.root
Total number of events after merging root files: 1047534
Event 0
Event 10000
Event 20000
Event 30000
Event 40000
Event 50000
Event 60000
Event 70000
Event 80000
Event 90000
Event 100000
Event 110000
Event 120000
Event 130000
Event 140000
Event 150000
Event 160000
Event 170000
Event 180000
Event 190000
Event 200000
Event 210000
Event 220000
Event 230000
Event 240000
Event 250000
Event 260000
Event 270000
Event 280000
Event 290000
Event 300000
Event 310000
Event 320000
Event 330000
Event 340000
Event 350000
Event 360000
Event 370000
Event 380000
Event 390000
Event 400000
Event 410000
Event 420000
Event 430000
Event 440000
Event 450000
Event 460000
Event 470000
Event 480000
Event 490000
Event 500000
Event 510000
Event 520000
Event 530000
Event 540000
Event 550000
Event 560000
Event 570000
Event 580000
Event 590000
Event 600000
Event 610000
Event 620000
Event 630000
Event 640000
Event 650000
Event 660000
Event 670000
Event 680000
Event 690000
Event 700000
Event 710000
Event 720000
Event 730000
Event 740000
Event 750000
Event 760000
Event 770000
Event 780000
Event 790000
Event 800000
Event 810000
Event 820000
Event 830000
Event 840000
Event 850000
Event 860000
Event 870000
Event 880000
Event 890000
Event 900000
Event 910000
Event 920000
Event 930000
Event 940000
Event 950000
Event 960000
Event 970000
Event 980000
Event 990000
Event 1000000
Event 1010000
Event 1020000
Event 1030000
Event 1040000
Total processed number of events: 1047534
End processing...

The number of options is: 2
Option 0 = ./TopMass_analysis
Option 1 = SingleElectron_Run2016D/SingleElectron_Run2016D_90.list
Option 2 = SingleElectron_Run2016D/SingleElectron_Run2016D_90.txt
Input filelist = SingleElectron_Run2016D/SingleElectron_Run2016D_90.list
Output file name = SingleElectron_Run2016D/SingleElectron_Run2016D_90.txt


start merging file(s)
adding: dcap://cluster142.knu.ac.kr//pnfs/knu.ac.kr/data/cms/store/user/sha/Run2FULL/2016PreVFP/DATA/SingleElectron/crab_SingleElectron_Run2016D/240205_234031//0000/SSBTree_902.root
adding: dcap://cluster142.knu.ac.kr//pnfs/knu.ac.kr/data/cms/store/user/sha/Run2FULL/2016PreVFP/DATA/SingleElectron/crab_SingleElectron_Run2016D/240205_234031//0000/SSBTree_903.root
adding: dcap://cluster142.knu.ac.kr//pnfs/knu.ac.kr/data/cms/store/user/sha/Run2FULL/2016PreVFP/DATA/SingleElectron/crab_SingleElectron_Run2016D/240205_234031//0000/SSBTree_904.root
adding: dcap://cluster142.knu.ac.kr//pnfs/knu.ac.kr/data/cms/store/user/sha/Run2FULL/2016PreVFP/DATA/SingleElectron/crab_SingleElectron_Run2016D/240205_234031//0000/SSBTree_905.root
adding: dcap://cluster142.knu.ac.kr//pnfs/knu.ac.kr/data/cms/store/user/sha/Run2FULL/2016PreVFP/DATA/SingleElectron/crab_SingleElectron_Run2016D/240205_234031//0000/SSBTree_906.root
adding: dcap://cluster142.knu.ac.kr//pnfs/knu.ac.kr/data/cms/store/user/sha/Run2FULL/2016PreVFP/DATA/SingleElectron/crab_SingleElectron_Run2016D/240205_234031//0000/SSBTree_907.root
adding: dcap://cluster142.knu.ac.kr//pnfs/knu.ac.kr/data/cms/store/user/sha/Run2FULL/2016PreVFP/DATA/SingleElectron/crab_SingleElectron_Run2016D/240205_234031//0000/SSBTree_908.root
adding: dcap://cluster142.knu.ac.kr//pnfs/knu.ac.kr/data/cms/store/user/sha/Run2FULL/2016PreVFP/DATA/SingleElectron/crab_SingleElectron_Run2016D/240205_234031//0000/SSBTree_909.root
adding: dcap://cluster142.knu.ac.kr//pnfs/knu.ac.kr/data/cms/store/user/sha/Run2FULL/2016PreVFP/DATA/SingleElectron/crab_SingleElectron_Run2016D/240205_234031//0000/SSBTree_90.root
adding: dcap://cluster142.knu.ac.kr//pnfs/knu.ac.kr/data/cms/store/user/sha/Run2FULL/2016PreVFP/DATA/SingleElectron/crab_SingleElectron_Run2016D/240205_234031//0000/SSBTree_910.root
Total number of events after merging root files: 1107200
Event 0
Event 10000
Event 20000
Event 30000
Event 40000
Event 50000
Event 60000
Event 70000
Event 80000
Event 90000
Event 100000
Event 110000
Event 120000
Event 130000
Event 140000
Event 150000
Event 160000
Event 170000
Event 180000
Event 190000
Event 200000
Event 210000
Event 220000
Event 230000
Event 240000
Event 250000
Event 260000
Event 270000
Event 280000
Event 290000
Event 300000
Event 310000
Event 320000
Event 330000
Event 340000
Event 350000
Event 360000
Event 370000
Event 380000
Event 390000
Event 400000
Event 410000
Event 420000
Event 430000
Event 440000
Event 450000
Event 460000
Event 470000
Event 480000
Event 490000
Event 500000
Event 510000
Event 520000
Event 530000
Event 540000
Event 550000
Event 560000
Event 570000
Event 580000
Event 590000
Event 600000
Event 610000
Event 620000
Event 630000
Event 640000
Event 650000
Event 660000
Event 670000
Event 680000
Event 690000
Event 700000
Event 710000
Event 720000
Event 730000
Event 740000
Event 750000
Event 760000
Event 770000
Event 780000
Event 790000
Event 800000
Event 810000
Event 820000
Event 830000
Event 840000
Event 850000
Event 860000
Event 870000
Event 880000
Event 890000
Event 900000
Event 910000
Event 920000
Event 930000
Event 940000
Event 950000
Event 960000
Event 970000
Event 980000
Event 990000
Event 1000000
Event 1010000
Event 1020000
Event 1030000
Event 1040000
Event 1050000
Event 1060000
Event 1070000
Event 1080000
Event 1090000
Event 1100000
Total processed number of events: 1107200
End processing...

The number of options is: 2
Option 0 = ./TopMass_analysis
Option 1 = SingleElectron_Run2016D/SingleElectron_Run2016D_105.list
Option 2 = SingleElectron_Run2016D/SingleElectron_Run2016D_105.txt
Input filelist = SingleElectron_Run2016D/SingleElectron_Run2016D_105.list
Output file name = SingleElectron_Run2016D/SingleElectron_Run2016D_105.txt


start merging file(s)
adding: dcap://cluster142.knu.ac.kr//pnfs/knu.ac.kr/data/cms/store/user/sha/Run2FULL/2016PreVFP/DATA/SingleElectron/crab_SingleElectron_Run2016D/240205_234031//0001/SSBTree_1041.root
adding: dcap://cluster142.knu.ac.kr//pnfs/knu.ac.kr/data/cms/store/user/sha/Run2FULL/2016PreVFP/DATA/SingleElectron/crab_SingleElectron_Run2016D/240205_234031//0001/SSBTree_1042.root
adding: dcap://cluster142.knu.ac.kr//pnfs/knu.ac.kr/data/cms/store/user/sha/Run2FULL/2016PreVFP/DATA/SingleElectron/crab_SingleElectron_Run2016D/240205_234031//0001/SSBTree_1043.root
adding: dcap://cluster142.knu.ac.kr//pnfs/knu.ac.kr/data/cms/store/user/sha/Run2FULL/2016PreVFP/DATA/SingleElectron/crab_SingleElectron_Run2016D/240205_234031//0001/SSBTree_1044.root
adding: dcap://cluster142.knu.ac.kr//pnfs/knu.ac.kr/data/cms/store/user/sha/Run2FULL/2016PreVFP/DATA/SingleElectron/crab_SingleElectron_Run2016D/240205_234031//0001/SSBTree_1045.root
adding: dcap://cluster142.knu.ac.kr//pnfs/knu.ac.kr/data/cms/store/user/sha/Run2FULL/2016PreVFP/DATA/SingleElectron/crab_SingleElectron_Run2016D/240205_234031//0001/SSBTree_1046.root
adding: dcap://cluster142.knu.ac.kr//pnfs/knu.ac.kr/data/cms/store/user/sha/Run2FULL/2016PreVFP/DATA/SingleElectron/crab_SingleElectron_Run2016D/240205_234031//0001/SSBTree_1047.root
adding: dcap://cluster142.knu.ac.kr//pnfs/knu.ac.kr/data/cms/store/user/sha/Run2FULL/2016PreVFP/DATA/SingleElectron/crab_SingleElectron_Run2016D/240205_234031//0001/SSBTree_1048.root
adding: dcap://cluster142.knu.ac.kr//pnfs/knu.ac.kr/data/cms/store/user/sha/Run2FULL/2016PreVFP/DATA/SingleElectron/crab_SingleElectron_Run2016D/240205_234031//0001/SSBTree_1049.root
adding: dcap://cluster142.knu.ac.kr//pnfs/knu.ac.kr/data/cms/store/user/sha/Run2FULL/2016PreVFP/DATA/SingleElectron/crab_SingleElectron_Run2016D/240205_234031//0001/SSBTree_1050.root
Total number of events after merging root files: 1006434
Event 0
Event 10000
Event 20000
Event 30000
Event 40000
Event 50000
Event 60000
Event 70000
Event 80000
Event 90000
Event 100000
Event 110000
Event 120000
Event 130000
Event 140000
Event 150000
Event 160000
Event 170000
Event 180000
Event 190000
Event 200000
Event 210000
Event 220000
Event 230000
Event 240000
Event 250000
Event 260000
Event 270000
Event 280000
Event 290000
Event 300000
Event 310000
Event 320000
Event 330000
Event 340000
Event 350000
Event 360000
Event 370000
Event 380000
Event 390000
Event 400000
Event 410000
Event 420000
Event 430000
Event 440000
Event 450000
Event 460000
Event 470000
Event 480000
Event 490000
Event 500000
Event 510000
Event 520000
Event 530000
Event 540000
Event 550000
Event 560000
Event 570000
Event 580000
Event 590000
Event 600000
Event 610000
Event 620000
Event 630000
Event 640000
Event 650000
Event 660000
Event 670000
Event 680000
Event 690000
Event 700000
Event 710000
Event 720000
Event 730000
Event 740000
Event 750000
Event 760000
Event 770000
Event 780000
Event 790000
Event 800000
Event 810000
Event 820000
Event 830000
Event 840000
Event 850000
Event 860000
Event 870000
Event 880000
Event 890000
Event 900000
Event 910000
Event 920000
Event 930000
Event 940000
Event 950000
Event 960000
Event 970000
Event 980000
Event 990000
Event 1000000
Total processed number of events: 1006434
End processing...

The number of options is: 2
Option 0 = ./TopMass_analysis
Option 1 = SingleElectron_Run2016D/SingleElectron_Run2016D_120.list
Option 2 = SingleElectron_Run2016D/SingleElectron_Run2016D_120.txt
Input filelist = SingleElectron_Run2016D/SingleElectron_Run2016D_120.list
Output file name = SingleElectron_Run2016D/SingleElectron_Run2016D_120.txt


start merging file(s)
adding: dcap://cluster142.knu.ac.kr//pnfs/knu.ac.kr/data/cms/store/user/sha/Run2FULL/2016PreVFP/DATA/SingleElectron/crab_SingleElectron_Run2016D/240205_234031//0001/SSBTree_1191.root
adding: dcap://cluster142.knu.ac.kr//pnfs/knu.ac.kr/data/cms/store/user/sha/Run2FULL/2016PreVFP/DATA/SingleElectron/crab_SingleElectron_Run2016D/240205_234031//0001/SSBTree_1192.root
adding: dcap://cluster142.knu.ac.kr//pnfs/knu.ac.kr/data/cms/store/user/sha/Run2FULL/2016PreVFP/DATA/SingleElectron/crab_SingleElectron_Run2016D/240205_234031//0001/SSBTree_1193.root
adding: dcap://cluster142.knu.ac.kr//pnfs/knu.ac.kr/data/cms/store/user/sha/Run2FULL/2016PreVFP/DATA/SingleElectron/crab_SingleElectron_Run2016D/240205_234031//0001/SSBTree_1194.root
adding: dcap://cluster142.knu.ac.kr//pnfs/knu.ac.kr/data/cms/store/user/sha/Run2FULL/2016PreVFP/DATA/SingleElectron/crab_SingleElectron_Run2016D/240205_234031//0001/SSBTree_1195.root
adding: dcap://cluster142.knu.ac.kr//pnfs/knu.ac.kr/data/cms/store/user/sha/Run2FULL/2016PreVFP/DATA/SingleElectron/crab_SingleElectron_Run2016D/240205_234031//0001/SSBTree_1196.root
adding: dcap://cluster142.knu.ac.kr//pnfs/knu.ac.kr/data/cms/store/user/sha/Run2FULL/2016PreVFP/DATA/SingleElectron/crab_SingleElectron_Run2016D/240205_234031//0001/SSBTree_1197.root
adding: dcap://cluster142.knu.ac.kr//pnfs/knu.ac.kr/data/cms/store/user/sha/Run2FULL/2016PreVFP/DATA/SingleElectron/crab_SingleElectron_Run2016D/240205_234031//0001/SSBTree_1198.root
adding: dcap://cluster142.knu.ac.kr//pnfs/knu.ac.kr/data/cms/store/user/sha/Run2FULL/2016PreVFP/DATA/SingleElectron/crab_SingleElectron_Run2016D/240205_234031//0001/SSBTree_1199.root
adding: dcap://cluster142.knu.ac.kr//pnfs/knu.ac.kr/data/cms/store/user/sha/Run2FULL/2016PreVFP/DATA/SingleElectron/crab_SingleElectron_Run2016D/240205_234031//0001/SSBTree_1200.root
Total number of events after merging root files: 1069040
Event 0
Event 10000
Event 20000
Event 30000
Event 40000
Event 50000
Event 60000
Event 70000
Event 80000
Event 90000
Event 100000
Event 110000
Event 120000
Event 130000
Event 140000
Event 150000
Event 160000
Event 170000
Event 180000
Event 190000
Event 200000
Event 210000
Event 220000
Event 230000
Event 240000
Event 250000
Event 260000
Event 270000
Event 280000
Event 290000
Event 300000
Event 310000
Event 320000
Event 330000
Event 340000
Event 350000
Event 360000
Event 370000
Event 380000
Event 390000
Event 400000
Event 410000
Event 420000
Event 430000
Event 440000
Event 450000
Event 460000
Event 470000
Event 480000
Event 490000
Event 500000
Event 510000
Event 520000
Event 530000
Event 540000
Event 550000
Event 560000
Event 570000
Event 580000
Event 590000
Event 600000
Event 610000
Event 620000
Event 630000
Event 640000
Event 650000
Event 660000
Event 670000
Event 680000
Event 690000
Event 700000
Event 710000
Event 720000
Event 730000
Event 740000
Event 750000
Event 760000
Event 770000
Event 780000
Event 790000
Event 800000
Event 810000
Event 820000
Event 830000
Event 840000
Event 850000
Event 860000
Event 870000
Event 880000
Event 890000
Event 900000
Event 910000
Event 920000
Event 930000
Event 940000
Event 950000
Event 960000
Event 970000
Event 980000
Event 990000
Event 1000000
Event 1010000
Event 1020000
Event 1030000
Event 1040000
Event 1050000
Event 1060000
Total processed number of events: 1069040
End processing...

The number of options is: 2
Option 0 = ./TopMass_analysis
Option 1 = SingleElectron_Run2016D/SingleElectron_Run2016D_135.list
Option 2 = SingleElectron_Run2016D/SingleElectron_Run2016D_135.txt
Input filelist = SingleElectron_Run2016D/SingleElectron_Run2016D_135.list
Output file name = SingleElectron_Run2016D/SingleElectron_Run2016D_135.txt


start merging file(s)
adding: dcap://cluster142.knu.ac.kr//pnfs/knu.ac.kr/data/cms/store/user/sha/Run2FULL/2016PreVFP/DATA/SingleElectron/crab_SingleElectron_Run2016D/240205_234031//0001/SSBTree_1341.root
adding: dcap://cluster142.knu.ac.kr//pnfs/knu.ac.kr/data/cms/store/user/sha/Run2FULL/2016PreVFP/DATA/SingleElectron/crab_SingleElectron_Run2016D/240205_234031//0001/SSBTree_1342.root
adding: dcap://cluster142.knu.ac.kr//pnfs/knu.ac.kr/data/cms/store/user/sha/Run2FULL/2016PreVFP/DATA/SingleElectron/crab_SingleElectron_Run2016D/240205_234031//0001/SSBTree_1343.root
adding: dcap://cluster142.knu.ac.kr//pnfs/knu.ac.kr/data/cms/store/user/sha/Run2FULL/2016PreVFP/DATA/SingleElectron/crab_SingleElectron_Run2016D/240205_234031//0001/SSBTree_1344.root
adding: dcap://cluster142.knu.ac.kr//pnfs/knu.ac.kr/data/cms/store/user/sha/Run2FULL/2016PreVFP/DATA/SingleElectron/crab_SingleElectron_Run2016D/240205_234031//0001/SSBTree_1345.root
adding: dcap://cluster142.knu.ac.kr//pnfs/knu.ac.kr/data/cms/store/user/sha/Run2FULL/2016PreVFP/DATA/SingleElectron/crab_SingleElectron_Run2016D/240205_234031//0001/SSBTree_1346.root
adding: dcap://cluster142.knu.ac.kr//pnfs/knu.ac.kr/data/cms/store/user/sha/Run2FULL/2016PreVFP/DATA/SingleElectron/crab_SingleElectron_Run2016D/240205_234031//0001/SSBTree_1347.root
adding: dcap://cluster142.knu.ac.kr//pnfs/knu.ac.kr/data/cms/store/user/sha/Run2FULL/2016PreVFP/DATA/SingleElectron/crab_SingleElectron_Run2016D/240205_234031//0001/SSBTree_1348.root
adding: dcap://cluster142.knu.ac.kr//pnfs/knu.ac.kr/data/cms/store/user/sha/Run2FULL/2016PreVFP/DATA/SingleElectron/crab_SingleElectron_Run2016D/240205_234031//0001/SSBTree_1349.root
adding: dcap://cluster142.knu.ac.kr//pnfs/knu.ac.kr/data/cms/store/user/sha/Run2FULL/2016PreVFP/DATA/SingleElectron/crab_SingleElectron_Run2016D/240205_234031//0001/SSBTree_1350.root
Total number of events after merging root files: 1176611
Event 0
Event 10000
Event 20000
Event 30000
Event 40000
Event 50000
Event 60000
Event 70000
Event 80000
Event 90000
Event 100000
Event 110000
Event 120000
Event 130000
Event 140000
Event 150000
Event 160000
Event 170000
Event 180000
Event 190000
Event 200000
Event 210000
Event 220000
Event 230000
Event 240000
Event 250000
Event 260000
Event 270000
Event 280000
Event 290000
Event 300000
Event 310000
Event 320000
Event 330000
Event 340000
Event 350000
Event 360000
Event 370000
Event 380000
Event 390000
Event 400000
Event 410000
Event 420000
Event 430000
Event 440000
Event 450000
Event 460000
Event 470000
Event 480000
Event 490000
Event 500000
Event 510000
Event 520000
Event 530000
Event 540000
Event 550000
Event 560000
Event 570000
Event 580000
Event 590000
Event 600000
Event 610000
Event 620000
Event 630000
Event 640000
Event 650000
Event 660000
Event 670000
Event 680000
Event 690000
Event 700000
Event 710000
Event 720000
Event 730000
Event 740000
Event 750000
Event 760000
Event 770000
Event 780000
Event 790000
Event 800000
Event 810000
Event 820000
Event 830000
Event 840000
Event 850000
Event 860000
Event 870000
Event 880000
Event 890000
Event 900000
Event 910000
Event 920000
Event 930000
Event 940000
Event 950000
Event 960000
Event 970000
Event 980000
Event 990000
Event 1000000
Event 1010000
Event 1020000
Event 1030000
Event 1040000
Event 1050000
Event 1060000
Event 1070000
Event 1080000
Event 1090000
Event 1100000
Event 1110000
Event 1120000
Event 1130000
Event 1140000
Event 1150000
Event 1160000
Event 1170000
Total processed number of events: 1176611
End processing...

