The number of options is: 2
Option 0 = ./TopMass_analysis
Option 1 = SingleElectron_Run2016D/SingleElectron_Run2016D_2.list
Option 2 = SingleElectron_Run2016D/SingleElectron_Run2016D_2.txt
Input filelist = SingleElectron_Run2016D/SingleElectron_Run2016D_2.list
Output file name = SingleElectron_Run2016D/SingleElectron_Run2016D_2.txt


start merging file(s)
adding: dcap://cluster142.knu.ac.kr//pnfs/knu.ac.kr/data/cms/store/user/sha/Run2FULL/2016PreVFP/DATA/SingleElectron/crab_SingleElectron_Run2016D/240205_234031//0000/SSBTree_10.root
adding: dcap://cluster142.knu.ac.kr//pnfs/knu.ac.kr/data/cms/store/user/sha/Run2FULL/2016PreVFP/DATA/SingleElectron/crab_SingleElectron_Run2016D/240205_234031//0000/SSBTree_110.root
adding: dcap://cluster142.knu.ac.kr//pnfs/knu.ac.kr/data/cms/store/user/sha/Run2FULL/2016PreVFP/DATA/SingleElectron/crab_SingleElectron_Run2016D/240205_234031//0000/SSBTree_111.root
adding: dcap://cluster142.knu.ac.kr//pnfs/knu.ac.kr/data/cms/store/user/sha/Run2FULL/2016PreVFP/DATA/SingleElectron/crab_SingleElectron_Run2016D/240205_234031//0000/SSBTree_112.root
adding: dcap://cluster142.knu.ac.kr//pnfs/knu.ac.kr/data/cms/store/user/sha/Run2FULL/2016PreVFP/DATA/SingleElectron/crab_SingleElectron_Run2016D/240205_234031//0000/SSBTree_113.root
adding: dcap://cluster142.knu.ac.kr//pnfs/knu.ac.kr/data/cms/store/user/sha/Run2FULL/2016PreVFP/DATA/SingleElectron/crab_SingleElectron_Run2016D/240205_234031//0000/SSBTree_114.root
adding: dcap://cluster142.knu.ac.kr//pnfs/knu.ac.kr/data/cms/store/user/sha/Run2FULL/2016PreVFP/DATA/SingleElectron/crab_SingleElectron_Run2016D/240205_234031//0000/SSBTree_115.root
adding: dcap://cluster142.knu.ac.kr//pnfs/knu.ac.kr/data/cms/store/user/sha/Run2FULL/2016PreVFP/DATA/SingleElectron/crab_SingleElectron_Run2016D/240205_234031//0000/SSBTree_116.root
adding: dcap://cluster142.knu.ac.kr//pnfs/knu.ac.kr/data/cms/store/user/sha/Run2FULL/2016PreVFP/DATA/SingleElectron/crab_SingleElectron_Run2016D/240205_234031//0000/SSBTree_117.root
adding: dcap://cluster142.knu.ac.kr//pnfs/knu.ac.kr/data/cms/store/user/sha/Run2FULL/2016PreVFP/DATA/SingleElectron/crab_SingleElectron_Run2016D/240205_234031//0000/SSBTree_118.root
Total number of events after merging root files: 957001
Event 0
Event 10000
Event 20000
Event 30000
Event 40000
Event 50000
Event 60000
Event 70000
Event 80000
Event 90000
Event 100000
Event 110000
Event 120000
Event 130000
Event 140000
Event 150000
Event 160000
Event 170000
Event 180000
Event 190000
Event 200000
Event 210000
Event 220000
Event 230000
Event 240000
Event 250000
Event 260000
Event 270000
Event 280000
Event 290000
Event 300000
Event 310000
Event 320000
Event 330000
Event 340000
Event 350000
Event 360000
Event 370000
Event 380000
Event 390000
Event 400000
Event 410000
Event 420000
Event 430000
Event 440000
Event 450000
Event 460000
Event 470000
Event 480000
Event 490000
Event 500000
Event 510000
Event 520000
Event 530000
Event 540000
Event 550000
Event 560000
Event 570000
Event 580000
Event 590000
Event 600000
Event 610000
Event 620000
Event 630000
Event 640000
Event 650000
Event 660000
Event 670000
Event 680000
Event 690000
Event 700000
Event 710000
Event 720000
Event 730000
Event 740000
Event 750000
Event 760000
Event 770000
Event 780000
Event 790000
Event 800000
Event 810000
Event 820000
Event 830000
Event 840000
Event 850000
Event 860000
Event 870000
Event 880000
Event 890000
Event 900000
Event 910000
Event 920000
Event 930000
Event 940000
Event 950000
Total processed number of events: 957001
End processing...

The number of options is: 2
Option 0 = ./TopMass_analysis
Option 1 = SingleElectron_Run2016D/SingleElectron_Run2016D_17.list
Option 2 = SingleElectron_Run2016D/SingleElectron_Run2016D_17.txt
Input filelist = SingleElectron_Run2016D/SingleElectron_Run2016D_17.list
Output file name = SingleElectron_Run2016D/SingleElectron_Run2016D_17.txt


start merging file(s)
adding: dcap://cluster142.knu.ac.kr//pnfs/knu.ac.kr/data/cms/store/user/sha/Run2FULL/2016PreVFP/DATA/SingleElectron/crab_SingleElectron_Run2016D/240205_234031//0000/SSBTree_245.root
adding: dcap://cluster142.knu.ac.kr//pnfs/knu.ac.kr/data/cms/store/user/sha/Run2FULL/2016PreVFP/DATA/SingleElectron/crab_SingleElectron_Run2016D/240205_234031//0000/SSBTree_246.root
adding: dcap://cluster142.knu.ac.kr//pnfs/knu.ac.kr/data/cms/store/user/sha/Run2FULL/2016PreVFP/DATA/SingleElectron/crab_SingleElectron_Run2016D/240205_234031//0000/SSBTree_247.root
adding: dcap://cluster142.knu.ac.kr//pnfs/knu.ac.kr/data/cms/store/user/sha/Run2FULL/2016PreVFP/DATA/SingleElectron/crab_SingleElectron_Run2016D/240205_234031//0000/SSBTree_248.root
adding: dcap://cluster142.knu.ac.kr//pnfs/knu.ac.kr/data/cms/store/user/sha/Run2FULL/2016PreVFP/DATA/SingleElectron/crab_SingleElectron_Run2016D/240205_234031//0000/SSBTree_249.root
adding: dcap://cluster142.knu.ac.kr//pnfs/knu.ac.kr/data/cms/store/user/sha/Run2FULL/2016PreVFP/DATA/SingleElectron/crab_SingleElectron_Run2016D/240205_234031//0000/SSBTree_24.root
adding: dcap://cluster142.knu.ac.kr//pnfs/knu.ac.kr/data/cms/store/user/sha/Run2FULL/2016PreVFP/DATA/SingleElectron/crab_SingleElectron_Run2016D/240205_234031//0000/SSBTree_250.root
adding: dcap://cluster142.knu.ac.kr//pnfs/knu.ac.kr/data/cms/store/user/sha/Run2FULL/2016PreVFP/DATA/SingleElectron/crab_SingleElectron_Run2016D/240205_234031//0000/SSBTree_251.root
adding: dcap://cluster142.knu.ac.kr//pnfs/knu.ac.kr/data/cms/store/user/sha/Run2FULL/2016PreVFP/DATA/SingleElectron/crab_SingleElectron_Run2016D/240205_234031//0000/SSBTree_252.root
adding: dcap://cluster142.knu.ac.kr//pnfs/knu.ac.kr/data/cms/store/user/sha/Run2FULL/2016PreVFP/DATA/SingleElectron/crab_SingleElectron_Run2016D/240205_234031//0000/SSBTree_253.root
Total number of events after merging root files: 1145416
Event 0
Event 10000
Event 20000
Event 30000
Event 40000
Event 50000
Event 60000
Event 70000
Event 80000
Event 90000
Event 100000
Event 110000
Event 120000
Event 130000
Event 140000
Event 150000
Event 160000
Event 170000
Event 180000
Event 190000
Event 200000
Event 210000
Event 220000
Event 230000
Event 240000
Event 250000
Event 260000
Event 270000
Event 280000
Event 290000
Event 300000
Event 310000
Event 320000
Event 330000
Event 340000
Event 350000
Event 360000
Event 370000
Event 380000
Event 390000
Event 400000
Event 410000
Event 420000
Event 430000
Event 440000
Event 450000
Event 460000
Event 470000
Event 480000
Event 490000
Event 500000
Event 510000
Event 520000
Event 530000
Event 540000
Event 550000
Event 560000
Event 570000
Event 580000
Event 590000
Event 600000
Event 610000
Event 620000
Event 630000
Event 640000
Event 650000
Event 660000
Event 670000
Event 680000
Event 690000
Event 700000
Event 710000
Event 720000
Event 730000
Event 740000
Event 750000
Event 760000
Event 770000
Event 780000
Event 790000
Event 800000
Event 810000
Event 820000
Event 830000
Event 840000
Event 850000
Event 860000
Event 870000
Event 880000
Event 890000
Event 900000
Event 910000
Event 920000
Event 930000
Event 940000
Event 950000
Event 960000
Event 970000
Event 980000
Event 990000
Event 1000000
Event 1010000
Event 1020000
Event 1030000
Event 1040000
Event 1050000
Event 1060000
Event 1070000
Event 1080000
Event 1090000
Event 1100000
Event 1110000
Event 1120000
Event 1130000
Event 1140000
Total processed number of events: 1145416
End processing...

The number of options is: 2
Option 0 = ./TopMass_analysis
Option 1 = SingleElectron_Run2016D/SingleElectron_Run2016D_32.list
Option 2 = SingleElectron_Run2016D/SingleElectron_Run2016D_32.txt
Input filelist = SingleElectron_Run2016D/SingleElectron_Run2016D_32.list
Output file name = SingleElectron_Run2016D/SingleElectron_Run2016D_32.txt


start merging file(s)
adding: dcap://cluster142.knu.ac.kr//pnfs/knu.ac.kr/data/cms/store/user/sha/Run2FULL/2016PreVFP/DATA/SingleElectron/crab_SingleElectron_Run2016D/240205_234031//0000/SSBTree_380.root
adding: dcap://cluster142.knu.ac.kr//pnfs/knu.ac.kr/data/cms/store/user/sha/Run2FULL/2016PreVFP/DATA/SingleElectron/crab_SingleElectron_Run2016D/240205_234031//0000/SSBTree_381.root
adding: dcap://cluster142.knu.ac.kr//pnfs/knu.ac.kr/data/cms/store/user/sha/Run2FULL/2016PreVFP/DATA/SingleElectron/crab_SingleElectron_Run2016D/240205_234031//0000/SSBTree_382.root
adding: dcap://cluster142.knu.ac.kr//pnfs/knu.ac.kr/data/cms/store/user/sha/Run2FULL/2016PreVFP/DATA/SingleElectron/crab_SingleElectron_Run2016D/240205_234031//0000/SSBTree_383.root
adding: dcap://cluster142.knu.ac.kr//pnfs/knu.ac.kr/data/cms/store/user/sha/Run2FULL/2016PreVFP/DATA/SingleElectron/crab_SingleElectron_Run2016D/240205_234031//0000/SSBTree_384.root
adding: dcap://cluster142.knu.ac.kr//pnfs/knu.ac.kr/data/cms/store/user/sha/Run2FULL/2016PreVFP/DATA/SingleElectron/crab_SingleElectron_Run2016D/240205_234031//0000/SSBTree_385.root
adding: dcap://cluster142.knu.ac.kr//pnfs/knu.ac.kr/data/cms/store/user/sha/Run2FULL/2016PreVFP/DATA/SingleElectron/crab_SingleElectron_Run2016D/240205_234031//0000/SSBTree_386.root
adding: dcap://cluster142.knu.ac.kr//pnfs/knu.ac.kr/data/cms/store/user/sha/Run2FULL/2016PreVFP/DATA/SingleElectron/crab_SingleElectron_Run2016D/240205_234031//0000/SSBTree_387.root
adding: dcap://cluster142.knu.ac.kr//pnfs/knu.ac.kr/data/cms/store/user/sha/Run2FULL/2016PreVFP/DATA/SingleElectron/crab_SingleElectron_Run2016D/240205_234031//0000/SSBTree_388.root
adding: dcap://cluster142.knu.ac.kr//pnfs/knu.ac.kr/data/cms/store/user/sha/Run2FULL/2016PreVFP/DATA/SingleElectron/crab_SingleElectron_Run2016D/240205_234031//0000/SSBTree_389.root
Total number of events after merging root files: 907516
Event 0
Event 10000
Event 20000
Event 30000
Event 40000
Event 50000
Event 60000
Event 70000
Event 80000
Event 90000
Event 100000
Event 110000
Event 120000
Event 130000
Event 140000
Event 150000
Event 160000
Event 170000
Event 180000
Event 190000
Event 200000
Event 210000
Event 220000
Event 230000
Event 240000
Event 250000
Event 260000
Event 270000
Event 280000
Event 290000
Event 300000
Event 310000
Event 320000
Event 330000
Event 340000
Event 350000
Event 360000
Event 370000
Event 380000
Event 390000
Event 400000
Event 410000
Event 420000
Event 430000
Event 440000
Event 450000
Event 460000
Event 470000
Event 480000
Event 490000
Event 500000
Event 510000
Event 520000
Event 530000
Event 540000
Event 550000
Event 560000
Event 570000
Event 580000
Event 590000
Event 600000
Event 610000
Event 620000
Event 630000
Event 640000
Event 650000
Event 660000
Event 670000
Event 680000
Event 690000
Event 700000
Event 710000
Event 720000
Event 730000
Event 740000
Event 750000
Event 760000
Event 770000
Event 780000
Event 790000
Event 800000
Event 810000
Event 820000
Event 830000
Event 840000
Event 850000
Event 860000
Event 870000
Event 880000
Event 890000
Event 900000
Total processed number of events: 907516
End processing...

The number of options is: 2
Option 0 = ./TopMass_analysis
Option 1 = SingleElectron_Run2016D/SingleElectron_Run2016D_47.list
Option 2 = SingleElectron_Run2016D/SingleElectron_Run2016D_47.txt
Input filelist = SingleElectron_Run2016D/SingleElectron_Run2016D_47.list
Output file name = SingleElectron_Run2016D/SingleElectron_Run2016D_47.txt


start merging file(s)
adding: dcap://cluster142.knu.ac.kr//pnfs/knu.ac.kr/data/cms/store/user/sha/Run2FULL/2016PreVFP/DATA/SingleElectron/crab_SingleElectron_Run2016D/240205_234031//0000/SSBTree_515.root
adding: dcap://cluster142.knu.ac.kr//pnfs/knu.ac.kr/data/cms/store/user/sha/Run2FULL/2016PreVFP/DATA/SingleElectron/crab_SingleElectron_Run2016D/240205_234031//0000/SSBTree_516.root
adding: dcap://cluster142.knu.ac.kr//pnfs/knu.ac.kr/data/cms/store/user/sha/Run2FULL/2016PreVFP/DATA/SingleElectron/crab_SingleElectron_Run2016D/240205_234031//0000/SSBTree_517.root
adding: dcap://cluster142.knu.ac.kr//pnfs/knu.ac.kr/data/cms/store/user/sha/Run2FULL/2016PreVFP/DATA/SingleElectron/crab_SingleElectron_Run2016D/240205_234031//0000/SSBTree_518.root
adding: dcap://cluster142.knu.ac.kr//pnfs/knu.ac.kr/data/cms/store/user/sha/Run2FULL/2016PreVFP/DATA/SingleElectron/crab_SingleElectron_Run2016D/240205_234031//0000/SSBTree_519.root
adding: dcap://cluster142.knu.ac.kr//pnfs/knu.ac.kr/data/cms/store/user/sha/Run2FULL/2016PreVFP/DATA/SingleElectron/crab_SingleElectron_Run2016D/240205_234031//0000/SSBTree_51.root
adding: dcap://cluster142.knu.ac.kr//pnfs/knu.ac.kr/data/cms/store/user/sha/Run2FULL/2016PreVFP/DATA/SingleElectron/crab_SingleElectron_Run2016D/240205_234031//0000/SSBTree_520.root
adding: dcap://cluster142.knu.ac.kr//pnfs/knu.ac.kr/data/cms/store/user/sha/Run2FULL/2016PreVFP/DATA/SingleElectron/crab_SingleElectron_Run2016D/240205_234031//0000/SSBTree_521.root
adding: dcap://cluster142.knu.ac.kr//pnfs/knu.ac.kr/data/cms/store/user/sha/Run2FULL/2016PreVFP/DATA/SingleElectron/crab_SingleElectron_Run2016D/240205_234031//0000/SSBTree_522.root
adding: dcap://cluster142.knu.ac.kr//pnfs/knu.ac.kr/data/cms/store/user/sha/Run2FULL/2016PreVFP/DATA/SingleElectron/crab_SingleElectron_Run2016D/240205_234031//0000/SSBTree_523.root
Total number of events after merging root files: 978926
Event 0
Event 10000
Event 20000
Event 30000
Event 40000
Event 50000
Event 60000
Event 70000
Event 80000
Event 90000
Event 100000
Event 110000
Event 120000
Event 130000
Event 140000
Event 150000
Event 160000
Event 170000
Event 180000
Event 190000
Event 200000
Event 210000
Event 220000
Event 230000
Event 240000
Event 250000
Event 260000
Event 270000
Event 280000
Event 290000
Event 300000
Event 310000
Event 320000
Event 330000
Event 340000
Event 350000
Event 360000
Event 370000
Event 380000
Event 390000
Event 400000
Event 410000
Event 420000
Event 430000
Event 440000
Event 450000
Event 460000
Event 470000
Event 480000
Event 490000
Event 500000
Event 510000
Event 520000
Event 530000
Event 540000
Event 550000
Event 560000
Event 570000
Event 580000
Event 590000
Event 600000
Event 610000
Event 620000
Event 630000
Event 640000
Event 650000
Event 660000
Event 670000
Event 680000
Event 690000
Event 700000
Event 710000
Event 720000
Event 730000
Event 740000
Event 750000
Event 760000
Event 770000
Event 780000
Event 790000
Event 800000
Event 810000
Event 820000
Event 830000
Event 840000
Event 850000
Event 860000
Event 870000
Event 880000
Event 890000
Event 900000
Event 910000
Event 920000
Event 930000
Event 940000
Event 950000
Event 960000
Event 970000
Total processed number of events: 978926
End processing...

The number of options is: 2
Option 0 = ./TopMass_analysis
Option 1 = SingleElectron_Run2016D/SingleElectron_Run2016D_62.list
Option 2 = SingleElectron_Run2016D/SingleElectron_Run2016D_62.txt
Input filelist = SingleElectron_Run2016D/SingleElectron_Run2016D_62.list
Output file name = SingleElectron_Run2016D/SingleElectron_Run2016D_62.txt


start merging file(s)
adding: dcap://cluster142.knu.ac.kr//pnfs/knu.ac.kr/data/cms/store/user/sha/Run2FULL/2016PreVFP/DATA/SingleElectron/crab_SingleElectron_Run2016D/240205_234031//0000/SSBTree_650.root
adding: dcap://cluster142.knu.ac.kr//pnfs/knu.ac.kr/data/cms/store/user/sha/Run2FULL/2016PreVFP/DATA/SingleElectron/crab_SingleElectron_Run2016D/240205_234031//0000/SSBTree_651.root
adding: dcap://cluster142.knu.ac.kr//pnfs/knu.ac.kr/data/cms/store/user/sha/Run2FULL/2016PreVFP/DATA/SingleElectron/crab_SingleElectron_Run2016D/240205_234031//0000/SSBTree_652.root
adding: dcap://cluster142.knu.ac.kr//pnfs/knu.ac.kr/data/cms/store/user/sha/Run2FULL/2016PreVFP/DATA/SingleElectron/crab_SingleElectron_Run2016D/240205_234031//0000/SSBTree_653.root
adding: dcap://cluster142.knu.ac.kr//pnfs/knu.ac.kr/data/cms/store/user/sha/Run2FULL/2016PreVFP/DATA/SingleElectron/crab_SingleElectron_Run2016D/240205_234031//0000/SSBTree_654.root
adding: dcap://cluster142.knu.ac.kr//pnfs/knu.ac.kr/data/cms/store/user/sha/Run2FULL/2016PreVFP/DATA/SingleElectron/crab_SingleElectron_Run2016D/240205_234031//0000/SSBTree_655.root
adding: dcap://cluster142.knu.ac.kr//pnfs/knu.ac.kr/data/cms/store/user/sha/Run2FULL/2016PreVFP/DATA/SingleElectron/crab_SingleElectron_Run2016D/240205_234031//0000/SSBTree_656.root
adding: dcap://cluster142.knu.ac.kr//pnfs/knu.ac.kr/data/cms/store/user/sha/Run2FULL/2016PreVFP/DATA/SingleElectron/crab_SingleElectron_Run2016D/240205_234031//0000/SSBTree_657.root
adding: dcap://cluster142.knu.ac.kr//pnfs/knu.ac.kr/data/cms/store/user/sha/Run2FULL/2016PreVFP/DATA/SingleElectron/crab_SingleElectron_Run2016D/240205_234031//0000/SSBTree_658.root
adding: dcap://cluster142.knu.ac.kr//pnfs/knu.ac.kr/data/cms/store/user/sha/Run2FULL/2016PreVFP/DATA/SingleElectron/crab_SingleElectron_Run2016D/240205_234031//0000/SSBTree_659.root
Total number of events after merging root files: 1096623
Event 0
Event 10000
Event 20000
Event 30000
Event 40000
Event 50000
Event 60000
Event 70000
Event 80000
Event 90000
Event 100000
Event 110000
Event 120000
Event 130000
Event 140000
Event 150000
Event 160000
Event 170000
Event 180000
Event 190000
Event 200000
Event 210000
Event 220000
Event 230000
Event 240000
Event 250000
Event 260000
Event 270000
Event 280000
Event 290000
Event 300000
Event 310000
Event 320000
Event 330000
Event 340000
Event 350000
Event 360000
Event 370000
Event 380000
Event 390000
Event 400000
Event 410000
Event 420000
Event 430000
Event 440000
Event 450000
Event 460000
Event 470000
Event 480000
Event 490000
Event 500000
Event 510000
Event 520000
Event 530000
Event 540000
Event 550000
Event 560000
Event 570000
Event 580000
Event 590000
Event 600000
Event 610000
Event 620000
Event 630000
Event 640000
Event 650000
Event 660000
Event 670000
Event 680000
Event 690000
Event 700000
Event 710000
Event 720000
Event 730000
Event 740000
Event 750000
Event 760000
Event 770000
Event 780000
Event 790000
Event 800000
Event 810000
Event 820000
Event 830000
Event 840000
Event 850000
Event 860000
Event 870000
Event 880000
Event 890000
Event 900000
Event 910000
Event 920000
Event 930000
Event 940000
Event 950000
Event 960000
Event 970000
Event 980000
Event 990000
Event 1000000
Event 1010000
Event 1020000
Event 1030000
Event 1040000
Event 1050000
Event 1060000
Event 1070000
Event 1080000
Event 1090000
Total processed number of events: 1096623
End processing...

The number of options is: 2
Option 0 = ./TopMass_analysis
Option 1 = SingleElectron_Run2016D/SingleElectron_Run2016D_77.list
Option 2 = SingleElectron_Run2016D/SingleElectron_Run2016D_77.txt
Input filelist = SingleElectron_Run2016D/SingleElectron_Run2016D_77.list
Output file name = SingleElectron_Run2016D/SingleElectron_Run2016D_77.txt


start merging file(s)
adding: dcap://cluster142.knu.ac.kr//pnfs/knu.ac.kr/data/cms/store/user/sha/Run2FULL/2016PreVFP/DATA/SingleElectron/crab_SingleElectron_Run2016D/240205_234031//0000/SSBTree_786.root
adding: dcap://cluster142.knu.ac.kr//pnfs/knu.ac.kr/data/cms/store/user/sha/Run2FULL/2016PreVFP/DATA/SingleElectron/crab_SingleElectron_Run2016D/240205_234031//0000/SSBTree_787.root
adding: dcap://cluster142.knu.ac.kr//pnfs/knu.ac.kr/data/cms/store/user/sha/Run2FULL/2016PreVFP/DATA/SingleElectron/crab_SingleElectron_Run2016D/240205_234031//0000/SSBTree_788.root
adding: dcap://cluster142.knu.ac.kr//pnfs/knu.ac.kr/data/cms/store/user/sha/Run2FULL/2016PreVFP/DATA/SingleElectron/crab_SingleElectron_Run2016D/240205_234031//0000/SSBTree_789.root
adding: dcap://cluster142.knu.ac.kr//pnfs/knu.ac.kr/data/cms/store/user/sha/Run2FULL/2016PreVFP/DATA/SingleElectron/crab_SingleElectron_Run2016D/240205_234031//0000/SSBTree_78.root
adding: dcap://cluster142.knu.ac.kr//pnfs/knu.ac.kr/data/cms/store/user/sha/Run2FULL/2016PreVFP/DATA/SingleElectron/crab_SingleElectron_Run2016D/240205_234031//0000/SSBTree_790.root
adding: dcap://cluster142.knu.ac.kr//pnfs/knu.ac.kr/data/cms/store/user/sha/Run2FULL/2016PreVFP/DATA/SingleElectron/crab_SingleElectron_Run2016D/240205_234031//0000/SSBTree_791.root
adding: dcap://cluster142.knu.ac.kr//pnfs/knu.ac.kr/data/cms/store/user/sha/Run2FULL/2016PreVFP/DATA/SingleElectron/crab_SingleElectron_Run2016D/240205_234031//0000/SSBTree_792.root
adding: dcap://cluster142.knu.ac.kr//pnfs/knu.ac.kr/data/cms/store/user/sha/Run2FULL/2016PreVFP/DATA/SingleElectron/crab_SingleElectron_Run2016D/240205_234031//0000/SSBTree_793.root
adding: dcap://cluster142.knu.ac.kr//pnfs/knu.ac.kr/data/cms/store/user/sha/Run2FULL/2016PreVFP/DATA/SingleElectron/crab_SingleElectron_Run2016D/240205_234031//0000/SSBTree_794.root
Total number of events after merging root files: 1029819
Event 0
Event 10000
Event 20000
Event 30000
Event 40000
Event 50000
Event 60000
Event 70000
Event 80000
Event 90000
Event 100000
Event 110000
Event 120000
Event 130000
Event 140000
Event 150000
Event 160000
Event 170000
Event 180000
Event 190000
Event 200000
Event 210000
Event 220000
Event 230000
Event 240000
Event 250000
Event 260000
Event 270000
Event 280000
Event 290000
Event 300000
Event 310000
Event 320000
Event 330000
Event 340000
Event 350000
Event 360000
Event 370000
Event 380000
Event 390000
Event 400000
Event 410000
Event 420000
Event 430000
Event 440000
Event 450000
Event 460000
Event 470000
Event 480000
Event 490000
Event 500000
Event 510000
Event 520000
Event 530000
Event 540000
Event 550000
Event 560000
Event 570000
Event 580000
Event 590000
Event 600000
Event 610000
Event 620000
Event 630000
Event 640000
Event 650000
Event 660000
Event 670000
Event 680000
Event 690000
Event 700000
Event 710000
Event 720000
Event 730000
Event 740000
Event 750000
Event 760000
Event 770000
Event 780000
Event 790000
Event 800000
Event 810000
Event 820000
Event 830000
Event 840000
Event 850000
Event 860000
Event 870000
Event 880000
Event 890000
Event 900000
Event 910000
Event 920000
Event 930000
Event 940000
Event 950000
Event 960000
Event 970000
Event 980000
Event 990000
Event 1000000
Event 1010000
Event 1020000
Total processed number of events: 1029819
End processing...

The number of options is: 2
Option 0 = ./TopMass_analysis
Option 1 = SingleElectron_Run2016D/SingleElectron_Run2016D_92.list
Option 2 = SingleElectron_Run2016D/SingleElectron_Run2016D_92.txt
Input filelist = SingleElectron_Run2016D/SingleElectron_Run2016D_92.list
Output file name = SingleElectron_Run2016D/SingleElectron_Run2016D_92.txt


start merging file(s)
adding: dcap://cluster142.knu.ac.kr//pnfs/knu.ac.kr/data/cms/store/user/sha/Run2FULL/2016PreVFP/DATA/SingleElectron/crab_SingleElectron_Run2016D/240205_234031//0000/SSBTree_920.root
adding: dcap://cluster142.knu.ac.kr//pnfs/knu.ac.kr/data/cms/store/user/sha/Run2FULL/2016PreVFP/DATA/SingleElectron/crab_SingleElectron_Run2016D/240205_234031//0000/SSBTree_921.root
adding: dcap://cluster142.knu.ac.kr//pnfs/knu.ac.kr/data/cms/store/user/sha/Run2FULL/2016PreVFP/DATA/SingleElectron/crab_SingleElectron_Run2016D/240205_234031//0000/SSBTree_922.root
adding: dcap://cluster142.knu.ac.kr//pnfs/knu.ac.kr/data/cms/store/user/sha/Run2FULL/2016PreVFP/DATA/SingleElectron/crab_SingleElectron_Run2016D/240205_234031//0000/SSBTree_923.root
adding: dcap://cluster142.knu.ac.kr//pnfs/knu.ac.kr/data/cms/store/user/sha/Run2FULL/2016PreVFP/DATA/SingleElectron/crab_SingleElectron_Run2016D/240205_234031//0000/SSBTree_924.root
adding: dcap://cluster142.knu.ac.kr//pnfs/knu.ac.kr/data/cms/store/user/sha/Run2FULL/2016PreVFP/DATA/SingleElectron/crab_SingleElectron_Run2016D/240205_234031//0000/SSBTree_925.root
adding: dcap://cluster142.knu.ac.kr//pnfs/knu.ac.kr/data/cms/store/user/sha/Run2FULL/2016PreVFP/DATA/SingleElectron/crab_SingleElectron_Run2016D/240205_234031//0000/SSBTree_926.root
adding: dcap://cluster142.knu.ac.kr//pnfs/knu.ac.kr/data/cms/store/user/sha/Run2FULL/2016PreVFP/DATA/SingleElectron/crab_SingleElectron_Run2016D/240205_234031//0000/SSBTree_927.root
adding: dcap://cluster142.knu.ac.kr//pnfs/knu.ac.kr/data/cms/store/user/sha/Run2FULL/2016PreVFP/DATA/SingleElectron/crab_SingleElectron_Run2016D/240205_234031//0000/SSBTree_928.root
adding: dcap://cluster142.knu.ac.kr//pnfs/knu.ac.kr/data/cms/store/user/sha/Run2FULL/2016PreVFP/DATA/SingleElectron/crab_SingleElectron_Run2016D/240205_234031//0000/SSBTree_929.root
Total number of events after merging root files: 1057639
Event 0
Event 10000
Event 20000
Event 30000
Event 40000
Event 50000
Event 60000
Event 70000
Event 80000
Event 90000
Event 100000
Event 110000
Event 120000
Event 130000
Event 140000
Event 150000
Event 160000
Event 170000
Event 180000
Event 190000
Event 200000
Event 210000
Event 220000
Event 230000
Event 240000
Event 250000
Event 260000
Event 270000
Event 280000
Event 290000
Event 300000
Event 310000
Event 320000
Event 330000
Event 340000
Event 350000
Event 360000
Event 370000
Event 380000
Event 390000
Event 400000
Event 410000
Event 420000
Event 430000
Event 440000
Event 450000
Event 460000
Event 470000
Event 480000
Event 490000
Event 500000
Event 510000
Event 520000
Event 530000
Event 540000
Event 550000
Event 560000
Event 570000
Event 580000
Event 590000
Event 600000
Event 610000
Event 620000
Event 630000
Event 640000
Event 650000
Event 660000
Event 670000
Event 680000
Event 690000
Event 700000
Event 710000
Event 720000
Event 730000
Event 740000
Event 750000
Event 760000
Event 770000
Event 780000
Event 790000
Event 800000
Event 810000
Event 820000
Event 830000
Event 840000
Event 850000
Event 860000
Event 870000
Event 880000
Event 890000
Event 900000
Event 910000
Event 920000
Event 930000
Event 940000
Event 950000
Event 960000
Event 970000
Event 980000
Event 990000
Event 1000000
Event 1010000
Event 1020000
Event 1030000
Event 1040000
Event 1050000
Total processed number of events: 1057639
End processing...

The number of options is: 2
Option 0 = ./TopMass_analysis
Option 1 = SingleElectron_Run2016D/SingleElectron_Run2016D_107.list
Option 2 = SingleElectron_Run2016D/SingleElectron_Run2016D_107.txt
Input filelist = SingleElectron_Run2016D/SingleElectron_Run2016D_107.list
Output file name = SingleElectron_Run2016D/SingleElectron_Run2016D_107.txt


start merging file(s)
adding: dcap://cluster142.knu.ac.kr//pnfs/knu.ac.kr/data/cms/store/user/sha/Run2FULL/2016PreVFP/DATA/SingleElectron/crab_SingleElectron_Run2016D/240205_234031//0001/SSBTree_1061.root
adding: dcap://cluster142.knu.ac.kr//pnfs/knu.ac.kr/data/cms/store/user/sha/Run2FULL/2016PreVFP/DATA/SingleElectron/crab_SingleElectron_Run2016D/240205_234031//0001/SSBTree_1062.root
adding: dcap://cluster142.knu.ac.kr//pnfs/knu.ac.kr/data/cms/store/user/sha/Run2FULL/2016PreVFP/DATA/SingleElectron/crab_SingleElectron_Run2016D/240205_234031//0001/SSBTree_1063.root
adding: dcap://cluster142.knu.ac.kr//pnfs/knu.ac.kr/data/cms/store/user/sha/Run2FULL/2016PreVFP/DATA/SingleElectron/crab_SingleElectron_Run2016D/240205_234031//0001/SSBTree_1064.root
adding: dcap://cluster142.knu.ac.kr//pnfs/knu.ac.kr/data/cms/store/user/sha/Run2FULL/2016PreVFP/DATA/SingleElectron/crab_SingleElectron_Run2016D/240205_234031//0001/SSBTree_1065.root
adding: dcap://cluster142.knu.ac.kr//pnfs/knu.ac.kr/data/cms/store/user/sha/Run2FULL/2016PreVFP/DATA/SingleElectron/crab_SingleElectron_Run2016D/240205_234031//0001/SSBTree_1066.root
adding: dcap://cluster142.knu.ac.kr//pnfs/knu.ac.kr/data/cms/store/user/sha/Run2FULL/2016PreVFP/DATA/SingleElectron/crab_SingleElectron_Run2016D/240205_234031//0001/SSBTree_1067.root
adding: dcap://cluster142.knu.ac.kr//pnfs/knu.ac.kr/data/cms/store/user/sha/Run2FULL/2016PreVFP/DATA/SingleElectron/crab_SingleElectron_Run2016D/240205_234031//0001/SSBTree_1068.root
adding: dcap://cluster142.knu.ac.kr//pnfs/knu.ac.kr/data/cms/store/user/sha/Run2FULL/2016PreVFP/DATA/SingleElectron/crab_SingleElectron_Run2016D/240205_234031//0001/SSBTree_1069.root
adding: dcap://cluster142.knu.ac.kr//pnfs/knu.ac.kr/data/cms/store/user/sha/Run2FULL/2016PreVFP/DATA/SingleElectron/crab_SingleElectron_Run2016D/240205_234031//0001/SSBTree_1070.root
Total number of events after merging root files: 1157945
Event 0
Event 10000
Event 20000
Event 30000
Event 40000
Event 50000
Event 60000
Event 70000
Event 80000
Event 90000
Event 100000
Event 110000
Event 120000
Event 130000
Event 140000
Event 150000
Event 160000
Event 170000
Event 180000
Event 190000
Event 200000
Event 210000
Event 220000
Event 230000
Event 240000
Event 250000
Event 260000
Event 270000
Event 280000
Event 290000
Event 300000
Event 310000
Event 320000
Event 330000
Event 340000
Event 350000
Event 360000
Event 370000
Event 380000
Event 390000
Event 400000
Event 410000
Event 420000
Event 430000
Event 440000
Event 450000
Event 460000
Event 470000
Event 480000
Event 490000
Event 500000
Event 510000
Event 520000
Event 530000
Event 540000
Event 550000
Event 560000
Event 570000
Event 580000
Event 590000
Event 600000
Event 610000
Event 620000
Event 630000
Event 640000
Event 650000
Event 660000
Event 670000
Event 680000
Event 690000
Event 700000
Event 710000
Event 720000
Event 730000
Event 740000
Event 750000
Event 760000
Event 770000
Event 780000
Event 790000
Event 800000
Event 810000
Event 820000
Event 830000
Event 840000
Event 850000
Event 860000
Event 870000
Event 880000
Event 890000
Event 900000
Event 910000
Event 920000
Event 930000
Event 940000
Event 950000
Event 960000
Event 970000
Event 980000
Event 990000
Event 1000000
Event 1010000
Event 1020000
Event 1030000
Event 1040000
Event 1050000
Event 1060000
Event 1070000
Event 1080000
Event 1090000
Event 1100000
Event 1110000
Event 1120000
Event 1130000
Event 1140000
Event 1150000
Total processed number of events: 1157945
End processing...

The number of options is: 2
Option 0 = ./TopMass_analysis
Option 1 = SingleElectron_Run2016D/SingleElectron_Run2016D_122.list
Option 2 = SingleElectron_Run2016D/SingleElectron_Run2016D_122.txt
Input filelist = SingleElectron_Run2016D/SingleElectron_Run2016D_122.list
Output file name = SingleElectron_Run2016D/SingleElectron_Run2016D_122.txt


start merging file(s)
adding: dcap://cluster142.knu.ac.kr//pnfs/knu.ac.kr/data/cms/store/user/sha/Run2FULL/2016PreVFP/DATA/SingleElectron/crab_SingleElectron_Run2016D/240205_234031//0001/SSBTree_1211.root
adding: dcap://cluster142.knu.ac.kr//pnfs/knu.ac.kr/data/cms/store/user/sha/Run2FULL/2016PreVFP/DATA/SingleElectron/crab_SingleElectron_Run2016D/240205_234031//0001/SSBTree_1212.root
adding: dcap://cluster142.knu.ac.kr//pnfs/knu.ac.kr/data/cms/store/user/sha/Run2FULL/2016PreVFP/DATA/SingleElectron/crab_SingleElectron_Run2016D/240205_234031//0001/SSBTree_1213.root
adding: dcap://cluster142.knu.ac.kr//pnfs/knu.ac.kr/data/cms/store/user/sha/Run2FULL/2016PreVFP/DATA/SingleElectron/crab_SingleElectron_Run2016D/240205_234031//0001/SSBTree_1214.root
adding: dcap://cluster142.knu.ac.kr//pnfs/knu.ac.kr/data/cms/store/user/sha/Run2FULL/2016PreVFP/DATA/SingleElectron/crab_SingleElectron_Run2016D/240205_234031//0001/SSBTree_1215.root
adding: dcap://cluster142.knu.ac.kr//pnfs/knu.ac.kr/data/cms/store/user/sha/Run2FULL/2016PreVFP/DATA/SingleElectron/crab_SingleElectron_Run2016D/240205_234031//0001/SSBTree_1216.root
adding: dcap://cluster142.knu.ac.kr//pnfs/knu.ac.kr/data/cms/store/user/sha/Run2FULL/2016PreVFP/DATA/SingleElectron/crab_SingleElectron_Run2016D/240205_234031//0001/SSBTree_1217.root
adding: dcap://cluster142.knu.ac.kr//pnfs/knu.ac.kr/data/cms/store/user/sha/Run2FULL/2016PreVFP/DATA/SingleElectron/crab_SingleElectron_Run2016D/240205_234031//0001/SSBTree_1218.root
adding: dcap://cluster142.knu.ac.kr//pnfs/knu.ac.kr/data/cms/store/user/sha/Run2FULL/2016PreVFP/DATA/SingleElectron/crab_SingleElectron_Run2016D/240205_234031//0001/SSBTree_1219.root
adding: dcap://cluster142.knu.ac.kr//pnfs/knu.ac.kr/data/cms/store/user/sha/Run2FULL/2016PreVFP/DATA/SingleElectron/crab_SingleElectron_Run2016D/240205_234031//0001/SSBTree_1220.root
Total number of events after merging root files: 898108
Event 0
Event 10000
Event 20000
Event 30000
Event 40000
Event 50000
Event 60000
Event 70000
Event 80000
Event 90000
Event 100000
Event 110000
Event 120000
Event 130000
Event 140000
Event 150000
Event 160000
Event 170000
Event 180000
Event 190000
Event 200000
Event 210000
Event 220000
Event 230000
Event 240000
Event 250000
Event 260000
Event 270000
Event 280000
Event 290000
Event 300000
Event 310000
Event 320000
Event 330000
Event 340000
Event 350000
Event 360000
Event 370000
Event 380000
Event 390000
Event 400000
Event 410000
Event 420000
Event 430000
Event 440000
Event 450000
Event 460000
Event 470000
Event 480000
Event 490000
Event 500000
Event 510000
Event 520000
Event 530000
Event 540000
Event 550000
Event 560000
Event 570000
Event 580000
Event 590000
Event 600000
Event 610000
Event 620000
Event 630000
Event 640000
Event 650000
Event 660000
Event 670000
Event 680000
Event 690000
Event 700000
Event 710000
Event 720000
Event 730000
Event 740000
Event 750000
Event 760000
Event 770000
Event 780000
Event 790000
Event 800000
Event 810000
Event 820000
Event 830000
Event 840000
Event 850000
Event 860000
Event 870000
Event 880000
Event 890000
Total processed number of events: 898108
End processing...

The number of options is: 2
Option 0 = ./TopMass_analysis
Option 1 = SingleElectron_Run2016D/SingleElectron_Run2016D_137.list
Option 2 = SingleElectron_Run2016D/SingleElectron_Run2016D_137.txt
Input filelist = SingleElectron_Run2016D/SingleElectron_Run2016D_137.list
Output file name = SingleElectron_Run2016D/SingleElectron_Run2016D_137.txt


start merging file(s)
adding: dcap://cluster142.knu.ac.kr//pnfs/knu.ac.kr/data/cms/store/user/sha/Run2FULL/2016PreVFP/DATA/SingleElectron/crab_SingleElectron_Run2016D/240205_234031//0001/SSBTree_1361.root
adding: dcap://cluster142.knu.ac.kr//pnfs/knu.ac.kr/data/cms/store/user/sha/Run2FULL/2016PreVFP/DATA/SingleElectron/crab_SingleElectron_Run2016D/240205_234031//0001/SSBTree_1362.root
adding: dcap://cluster142.knu.ac.kr//pnfs/knu.ac.kr/data/cms/store/user/sha/Run2FULL/2016PreVFP/DATA/SingleElectron/crab_SingleElectron_Run2016D/240205_234031//0001/SSBTree_1363.root
adding: dcap://cluster142.knu.ac.kr//pnfs/knu.ac.kr/data/cms/store/user/sha/Run2FULL/2016PreVFP/DATA/SingleElectron/crab_SingleElectron_Run2016D/240205_234031//0001/SSBTree_1364.root
adding: dcap://cluster142.knu.ac.kr//pnfs/knu.ac.kr/data/cms/store/user/sha/Run2FULL/2016PreVFP/DATA/SingleElectron/crab_SingleElectron_Run2016D/240205_234031//0001/SSBTree_1365.root
adding: dcap://cluster142.knu.ac.kr//pnfs/knu.ac.kr/data/cms/store/user/sha/Run2FULL/2016PreVFP/DATA/SingleElectron/crab_SingleElectron_Run2016D/240205_234031//0001/SSBTree_1366.root
adding: dcap://cluster142.knu.ac.kr//pnfs/knu.ac.kr/data/cms/store/user/sha/Run2FULL/2016PreVFP/DATA/SingleElectron/crab_SingleElectron_Run2016D/240205_234031//0001/SSBTree_1367.root
adding: dcap://cluster142.knu.ac.kr//pnfs/knu.ac.kr/data/cms/store/user/sha/Run2FULL/2016PreVFP/DATA/SingleElectron/crab_SingleElectron_Run2016D/240205_234031//0001/SSBTree_1368.root
adding: dcap://cluster142.knu.ac.kr//pnfs/knu.ac.kr/data/cms/store/user/sha/Run2FULL/2016PreVFP/DATA/SingleElectron/crab_SingleElectron_Run2016D/240205_234031//0001/SSBTree_1369.root
adding: dcap://cluster142.knu.ac.kr//pnfs/knu.ac.kr/data/cms/store/user/sha/Run2FULL/2016PreVFP/DATA/SingleElectron/crab_SingleElectron_Run2016D/240205_234031//0001/SSBTree_1370.root
Total number of events after merging root files: 1025038
Event 0
Event 10000
Event 20000
Event 30000
Event 40000
Event 50000
Event 60000
Event 70000
Event 80000
Event 90000
Event 100000
Event 110000
Event 120000
Event 130000
Event 140000
Event 150000
Event 160000
Event 170000
Event 180000
Event 190000
Event 200000
Event 210000
Event 220000
Event 230000
Event 240000
Event 250000
Event 260000
Event 270000
Event 280000
Event 290000
Event 300000
Event 310000
Event 320000
Event 330000
Event 340000
Event 350000
Event 360000
Event 370000
Event 380000
Event 390000
Event 400000
Event 410000
Event 420000
Event 430000
Event 440000
Event 450000
Event 460000
Event 470000
Event 480000
Event 490000
Event 500000
Event 510000
Event 520000
Event 530000
Event 540000
Event 550000
Event 560000
Event 570000
Event 580000
Event 590000
Event 600000
Event 610000
Event 620000
Event 630000
Event 640000
Event 650000
Event 660000
Event 670000
Event 680000
Event 690000
Event 700000
Event 710000
Event 720000
Event 730000
Event 740000
Event 750000
Event 760000
Event 770000
Event 780000
Event 790000
Event 800000
Event 810000
Event 820000
Event 830000
Event 840000
Event 850000
Event 860000
Event 870000
Event 880000
Event 890000
Event 900000
Event 910000
Event 920000
Event 930000
Event 940000
Event 950000
Event 960000
Event 970000
Event 980000
Event 990000
Event 1000000
Event 1010000
Event 1020000
Total processed number of events: 1025038
End processing...

