The number of options is: 2
Option 0 = ./TopMass_analysis
Option 1 = TTJets_Inclusive/TTJets_Inclusive_29.list
Option 2 = TTJets_Inclusive/TTJets_Inclusive_29.txt
Input filelist = TTJets_Inclusive/TTJets_Inclusive_29.list
Output file name = TTJets_Inclusive/TTJets_Inclusive_29.txt


start merging file(s)
adding: dcap://cluster142.knu.ac.kr//pnfs/knu.ac.kr/data/cms/store/user/sha/Run2FULL/2016PreVFP/MC/TTJets_TuneCP5_13TeV-amcatnloFXFX-pythia8/crab_TTJets_TuneCP5_13TeV-amcatnloFXFX-pythia8/240205_152245//0000/SSBTree_353.root
adding: dcap://cluster142.knu.ac.kr//pnfs/knu.ac.kr/data/cms/store/user/sha/Run2FULL/2016PreVFP/MC/TTJets_TuneCP5_13TeV-amcatnloFXFX-pythia8/crab_TTJets_TuneCP5_13TeV-amcatnloFXFX-pythia8/240205_152245//0000/SSBTree_354.root
adding: dcap://cluster142.knu.ac.kr//pnfs/knu.ac.kr/data/cms/store/user/sha/Run2FULL/2016PreVFP/MC/TTJets_TuneCP5_13TeV-amcatnloFXFX-pythia8/crab_TTJets_TuneCP5_13TeV-amcatnloFXFX-pythia8/240205_152245//0000/SSBTree_355.root
adding: dcap://cluster142.knu.ac.kr//pnfs/knu.ac.kr/data/cms/store/user/sha/Run2FULL/2016PreVFP/MC/TTJets_TuneCP5_13TeV-amcatnloFXFX-pythia8/crab_TTJets_TuneCP5_13TeV-amcatnloFXFX-pythia8/240205_152245//0000/SSBTree_356.root
adding: dcap://cluster142.knu.ac.kr//pnfs/knu.ac.kr/data/cms/store/user/sha/Run2FULL/2016PreVFP/MC/TTJets_TuneCP5_13TeV-amcatnloFXFX-pythia8/crab_TTJets_TuneCP5_13TeV-amcatnloFXFX-pythia8/240205_152245//0000/SSBTree_357.root
adding: dcap://cluster142.knu.ac.kr//pnfs/knu.ac.kr/data/cms/store/user/sha/Run2FULL/2016PreVFP/MC/TTJets_TuneCP5_13TeV-amcatnloFXFX-pythia8/crab_TTJets_TuneCP5_13TeV-amcatnloFXFX-pythia8/240205_152245//0000/SSBTree_358.root
adding: dcap://cluster142.knu.ac.kr//pnfs/knu.ac.kr/data/cms/store/user/sha/Run2FULL/2016PreVFP/MC/TTJets_TuneCP5_13TeV-amcatnloFXFX-pythia8/crab_TTJets_TuneCP5_13TeV-amcatnloFXFX-pythia8/240205_152245//0000/SSBTree_359.root
adding: dcap://cluster142.knu.ac.kr//pnfs/knu.ac.kr/data/cms/store/user/sha/Run2FULL/2016PreVFP/MC/TTJets_TuneCP5_13TeV-amcatnloFXFX-pythia8/crab_TTJets_TuneCP5_13TeV-amcatnloFXFX-pythia8/240205_152245//0000/SSBTree_35.root
adding: dcap://cluster142.knu.ac.kr//pnfs/knu.ac.kr/data/cms/store/user/sha/Run2FULL/2016PreVFP/MC/TTJets_TuneCP5_13TeV-amcatnloFXFX-pythia8/crab_TTJets_TuneCP5_13TeV-amcatnloFXFX-pythia8/240205_152245//0000/SSBTree_360.root
adding: dcap://cluster142.knu.ac.kr//pnfs/knu.ac.kr/data/cms/store/user/sha/Run2FULL/2016PreVFP/MC/TTJets_TuneCP5_13TeV-amcatnloFXFX-pythia8/crab_TTJets_TuneCP5_13TeV-amcatnloFXFX-pythia8/240205_152245//0000/SSBTree_361.root
Total number of events after merging root files: 246977
Event 0
Event 10000
Event 20000
Event 30000
Event 40000
Event 50000
Event 60000
Event 70000
Event 80000
Event 90000
Event 100000
Event 110000
Event 120000
Event 130000
Event 140000
Event 150000
Event 160000
Event 170000
Event 180000
Event 190000
Event 200000
Event 210000
Event 220000
Event 230000
Event 240000
Total processed number of events: 246977
End processing...

The number of options is: 2
Option 0 = ./TopMass_analysis
Option 1 = TTJets_Inclusive/TTJets_Inclusive_67.list
Option 2 = TTJets_Inclusive/TTJets_Inclusive_67.txt
Input filelist = TTJets_Inclusive/TTJets_Inclusive_67.list
Output file name = TTJets_Inclusive/TTJets_Inclusive_67.txt


start merging file(s)
adding: dcap://cluster142.knu.ac.kr//pnfs/knu.ac.kr/data/cms/store/user/sha/Run2FULL/2016PreVFP/MC/TTJets_TuneCP5_13TeV-amcatnloFXFX-pythia8/crab_TTJets_TuneCP5_13TeV-amcatnloFXFX-pythia8/240205_152245//0000/SSBTree_696.root
adding: dcap://cluster142.knu.ac.kr//pnfs/knu.ac.kr/data/cms/store/user/sha/Run2FULL/2016PreVFP/MC/TTJets_TuneCP5_13TeV-amcatnloFXFX-pythia8/crab_TTJets_TuneCP5_13TeV-amcatnloFXFX-pythia8/240205_152245//0000/SSBTree_697.root
adding: dcap://cluster142.knu.ac.kr//pnfs/knu.ac.kr/data/cms/store/user/sha/Run2FULL/2016PreVFP/MC/TTJets_TuneCP5_13TeV-amcatnloFXFX-pythia8/crab_TTJets_TuneCP5_13TeV-amcatnloFXFX-pythia8/240205_152245//0000/SSBTree_698.root
adding: dcap://cluster142.knu.ac.kr//pnfs/knu.ac.kr/data/cms/store/user/sha/Run2FULL/2016PreVFP/MC/TTJets_TuneCP5_13TeV-amcatnloFXFX-pythia8/crab_TTJets_TuneCP5_13TeV-amcatnloFXFX-pythia8/240205_152245//0000/SSBTree_699.root
adding: dcap://cluster142.knu.ac.kr//pnfs/knu.ac.kr/data/cms/store/user/sha/Run2FULL/2016PreVFP/MC/TTJets_TuneCP5_13TeV-amcatnloFXFX-pythia8/crab_TTJets_TuneCP5_13TeV-amcatnloFXFX-pythia8/240205_152245//0000/SSBTree_69.root
adding: dcap://cluster142.knu.ac.kr//pnfs/knu.ac.kr/data/cms/store/user/sha/Run2FULL/2016PreVFP/MC/TTJets_TuneCP5_13TeV-amcatnloFXFX-pythia8/crab_TTJets_TuneCP5_13TeV-amcatnloFXFX-pythia8/240205_152245//0000/SSBTree_6.root
adding: dcap://cluster142.knu.ac.kr//pnfs/knu.ac.kr/data/cms/store/user/sha/Run2FULL/2016PreVFP/MC/TTJets_TuneCP5_13TeV-amcatnloFXFX-pythia8/crab_TTJets_TuneCP5_13TeV-amcatnloFXFX-pythia8/240205_152245//0000/SSBTree_700.root
adding: dcap://cluster142.knu.ac.kr//pnfs/knu.ac.kr/data/cms/store/user/sha/Run2FULL/2016PreVFP/MC/TTJets_TuneCP5_13TeV-amcatnloFXFX-pythia8/crab_TTJets_TuneCP5_13TeV-amcatnloFXFX-pythia8/240205_152245//0000/SSBTree_701.root
adding: dcap://cluster142.knu.ac.kr//pnfs/knu.ac.kr/data/cms/store/user/sha/Run2FULL/2016PreVFP/MC/TTJets_TuneCP5_13TeV-amcatnloFXFX-pythia8/crab_TTJets_TuneCP5_13TeV-amcatnloFXFX-pythia8/240205_152245//0000/SSBTree_702.root
adding: dcap://cluster142.knu.ac.kr//pnfs/knu.ac.kr/data/cms/store/user/sha/Run2FULL/2016PreVFP/MC/TTJets_TuneCP5_13TeV-amcatnloFXFX-pythia8/crab_TTJets_TuneCP5_13TeV-amcatnloFXFX-pythia8/240205_152245//0000/SSBTree_703.root
Total number of events after merging root files: 245240
Event 0
Event 10000
Event 20000
Event 30000
Event 40000
Event 50000
Event 60000
Event 70000
Event 80000
Event 90000
Event 100000
Event 110000
Event 120000
Event 130000
Event 140000
Event 150000
Event 160000
Event 170000
Event 180000
Event 190000
Event 200000
Event 210000
Event 220000
Event 230000
Event 240000
Total processed number of events: 245240
End processing...

The number of options is: 2
Option 0 = ./TopMass_analysis
Option 1 = TTJets_Inclusive/TTJets_Inclusive_105.list
Option 2 = TTJets_Inclusive/TTJets_Inclusive_105.txt
Input filelist = TTJets_Inclusive/TTJets_Inclusive_105.list
Output file name = TTJets_Inclusive/TTJets_Inclusive_105.txt


start merging file(s)
adding: dcap://cluster142.knu.ac.kr//pnfs/knu.ac.kr/data/cms/store/user/sha/Run2FULL/2016PreVFP/MC/TTJets_TuneCP5_13TeV-amcatnloFXFX-pythia8/crab_TTJets_TuneCP5_13TeV-amcatnloFXFX-pythia8/240205_152245//0001/SSBTree_1041.root
adding: dcap://cluster142.knu.ac.kr//pnfs/knu.ac.kr/data/cms/store/user/sha/Run2FULL/2016PreVFP/MC/TTJets_TuneCP5_13TeV-amcatnloFXFX-pythia8/crab_TTJets_TuneCP5_13TeV-amcatnloFXFX-pythia8/240205_152245//0001/SSBTree_1042.root
adding: dcap://cluster142.knu.ac.kr//pnfs/knu.ac.kr/data/cms/store/user/sha/Run2FULL/2016PreVFP/MC/TTJets_TuneCP5_13TeV-amcatnloFXFX-pythia8/crab_TTJets_TuneCP5_13TeV-amcatnloFXFX-pythia8/240205_152245//0001/SSBTree_1043.root
adding: dcap://cluster142.knu.ac.kr//pnfs/knu.ac.kr/data/cms/store/user/sha/Run2FULL/2016PreVFP/MC/TTJets_TuneCP5_13TeV-amcatnloFXFX-pythia8/crab_TTJets_TuneCP5_13TeV-amcatnloFXFX-pythia8/240205_152245//0001/SSBTree_1044.root
adding: dcap://cluster142.knu.ac.kr//pnfs/knu.ac.kr/data/cms/store/user/sha/Run2FULL/2016PreVFP/MC/TTJets_TuneCP5_13TeV-amcatnloFXFX-pythia8/crab_TTJets_TuneCP5_13TeV-amcatnloFXFX-pythia8/240205_152245//0001/SSBTree_1045.root
adding: dcap://cluster142.knu.ac.kr//pnfs/knu.ac.kr/data/cms/store/user/sha/Run2FULL/2016PreVFP/MC/TTJets_TuneCP5_13TeV-amcatnloFXFX-pythia8/crab_TTJets_TuneCP5_13TeV-amcatnloFXFX-pythia8/240205_152245//0001/SSBTree_1046.root
adding: dcap://cluster142.knu.ac.kr//pnfs/knu.ac.kr/data/cms/store/user/sha/Run2FULL/2016PreVFP/MC/TTJets_TuneCP5_13TeV-amcatnloFXFX-pythia8/crab_TTJets_TuneCP5_13TeV-amcatnloFXFX-pythia8/240205_152245//0001/SSBTree_1047.root
adding: dcap://cluster142.knu.ac.kr//pnfs/knu.ac.kr/data/cms/store/user/sha/Run2FULL/2016PreVFP/MC/TTJets_TuneCP5_13TeV-amcatnloFXFX-pythia8/crab_TTJets_TuneCP5_13TeV-amcatnloFXFX-pythia8/240205_152245//0001/SSBTree_1048.root
adding: dcap://cluster142.knu.ac.kr//pnfs/knu.ac.kr/data/cms/store/user/sha/Run2FULL/2016PreVFP/MC/TTJets_TuneCP5_13TeV-amcatnloFXFX-pythia8/crab_TTJets_TuneCP5_13TeV-amcatnloFXFX-pythia8/240205_152245//0001/SSBTree_1049.root
adding: dcap://cluster142.knu.ac.kr//pnfs/knu.ac.kr/data/cms/store/user/sha/Run2FULL/2016PreVFP/MC/TTJets_TuneCP5_13TeV-amcatnloFXFX-pythia8/crab_TTJets_TuneCP5_13TeV-amcatnloFXFX-pythia8/240205_152245//0001/SSBTree_1050.root
Total number of events after merging root files: 246468
Event 0
Event 10000
Event 20000
Event 30000
Event 40000
Event 50000
Event 60000
Event 70000
Event 80000
Event 90000
Event 100000
Event 110000
Event 120000
Event 130000
Event 140000
Event 150000
Event 160000
Event 170000
Event 180000
Event 190000
Event 200000
Event 210000
Event 220000
Event 230000
Event 240000
Total processed number of events: 246468
End processing...

The number of options is: 2
Option 0 = ./TopMass_analysis
Option 1 = TTJets_Inclusive/TTJets_Inclusive_143.list
Option 2 = TTJets_Inclusive/TTJets_Inclusive_143.txt
Input filelist = TTJets_Inclusive/TTJets_Inclusive_143.list
Output file name = TTJets_Inclusive/TTJets_Inclusive_143.txt


start merging file(s)
adding: dcap://cluster142.knu.ac.kr//pnfs/knu.ac.kr/data/cms/store/user/sha/Run2FULL/2016PreVFP/MC/TTJets_TuneCP5_13TeV-amcatnloFXFX-pythia8/crab_TTJets_TuneCP5_13TeV-amcatnloFXFX-pythia8/240205_152245//0001/SSBTree_1421.root
adding: dcap://cluster142.knu.ac.kr//pnfs/knu.ac.kr/data/cms/store/user/sha/Run2FULL/2016PreVFP/MC/TTJets_TuneCP5_13TeV-amcatnloFXFX-pythia8/crab_TTJets_TuneCP5_13TeV-amcatnloFXFX-pythia8/240205_152245//0001/SSBTree_1422.root
adding: dcap://cluster142.knu.ac.kr//pnfs/knu.ac.kr/data/cms/store/user/sha/Run2FULL/2016PreVFP/MC/TTJets_TuneCP5_13TeV-amcatnloFXFX-pythia8/crab_TTJets_TuneCP5_13TeV-amcatnloFXFX-pythia8/240205_152245//0001/SSBTree_1423.root
adding: dcap://cluster142.knu.ac.kr//pnfs/knu.ac.kr/data/cms/store/user/sha/Run2FULL/2016PreVFP/MC/TTJets_TuneCP5_13TeV-amcatnloFXFX-pythia8/crab_TTJets_TuneCP5_13TeV-amcatnloFXFX-pythia8/240205_152245//0001/SSBTree_1424.root
adding: dcap://cluster142.knu.ac.kr//pnfs/knu.ac.kr/data/cms/store/user/sha/Run2FULL/2016PreVFP/MC/TTJets_TuneCP5_13TeV-amcatnloFXFX-pythia8/crab_TTJets_TuneCP5_13TeV-amcatnloFXFX-pythia8/240205_152245//0001/SSBTree_1425.root
adding: dcap://cluster142.knu.ac.kr//pnfs/knu.ac.kr/data/cms/store/user/sha/Run2FULL/2016PreVFP/MC/TTJets_TuneCP5_13TeV-amcatnloFXFX-pythia8/crab_TTJets_TuneCP5_13TeV-amcatnloFXFX-pythia8/240205_152245//0001/SSBTree_1426.root
adding: dcap://cluster142.knu.ac.kr//pnfs/knu.ac.kr/data/cms/store/user/sha/Run2FULL/2016PreVFP/MC/TTJets_TuneCP5_13TeV-amcatnloFXFX-pythia8/crab_TTJets_TuneCP5_13TeV-amcatnloFXFX-pythia8/240205_152245//0001/SSBTree_1427.root
adding: dcap://cluster142.knu.ac.kr//pnfs/knu.ac.kr/data/cms/store/user/sha/Run2FULL/2016PreVFP/MC/TTJets_TuneCP5_13TeV-amcatnloFXFX-pythia8/crab_TTJets_TuneCP5_13TeV-amcatnloFXFX-pythia8/240205_152245//0001/SSBTree_1428.root
adding: dcap://cluster142.knu.ac.kr//pnfs/knu.ac.kr/data/cms/store/user/sha/Run2FULL/2016PreVFP/MC/TTJets_TuneCP5_13TeV-amcatnloFXFX-pythia8/crab_TTJets_TuneCP5_13TeV-amcatnloFXFX-pythia8/240205_152245//0001/SSBTree_1429.root
adding: dcap://cluster142.knu.ac.kr//pnfs/knu.ac.kr/data/cms/store/user/sha/Run2FULL/2016PreVFP/MC/TTJets_TuneCP5_13TeV-amcatnloFXFX-pythia8/crab_TTJets_TuneCP5_13TeV-amcatnloFXFX-pythia8/240205_152245//0001/SSBTree_1430.root
Total number of events after merging root files: 246560
Event 0
Event 10000
Event 20000
Event 30000
Event 40000
Event 50000
Event 60000
Event 70000
Event 80000
Event 90000
Event 100000
Event 110000
Event 120000
Event 130000
Event 140000
Event 150000
Event 160000
Event 170000
Event 180000
Event 190000
Event 200000
Event 210000
Event 220000
Event 230000
Event 240000
Total processed number of events: 246560
End processing...

The number of options is: 2
Option 0 = ./TopMass_analysis
Option 1 = TTJets_Inclusive/TTJets_Inclusive_181.list
Option 2 = TTJets_Inclusive/TTJets_Inclusive_181.txt
Input filelist = TTJets_Inclusive/TTJets_Inclusive_181.list
Output file name = TTJets_Inclusive/TTJets_Inclusive_181.txt


start merging file(s)
adding: dcap://cluster142.knu.ac.kr//pnfs/knu.ac.kr/data/cms/store/user/sha/Run2FULL/2016PreVFP/MC/TTJets_TuneCP5_13TeV-amcatnloFXFX-pythia8/crab_TTJets_TuneCP5_13TeV-amcatnloFXFX-pythia8/240205_152245//0001/SSBTree_1801.root
adding: dcap://cluster142.knu.ac.kr//pnfs/knu.ac.kr/data/cms/store/user/sha/Run2FULL/2016PreVFP/MC/TTJets_TuneCP5_13TeV-amcatnloFXFX-pythia8/crab_TTJets_TuneCP5_13TeV-amcatnloFXFX-pythia8/240205_152245//0001/SSBTree_1802.root
adding: dcap://cluster142.knu.ac.kr//pnfs/knu.ac.kr/data/cms/store/user/sha/Run2FULL/2016PreVFP/MC/TTJets_TuneCP5_13TeV-amcatnloFXFX-pythia8/crab_TTJets_TuneCP5_13TeV-amcatnloFXFX-pythia8/240205_152245//0001/SSBTree_1803.root
adding: dcap://cluster142.knu.ac.kr//pnfs/knu.ac.kr/data/cms/store/user/sha/Run2FULL/2016PreVFP/MC/TTJets_TuneCP5_13TeV-amcatnloFXFX-pythia8/crab_TTJets_TuneCP5_13TeV-amcatnloFXFX-pythia8/240205_152245//0001/SSBTree_1804.root
adding: dcap://cluster142.knu.ac.kr//pnfs/knu.ac.kr/data/cms/store/user/sha/Run2FULL/2016PreVFP/MC/TTJets_TuneCP5_13TeV-amcatnloFXFX-pythia8/crab_TTJets_TuneCP5_13TeV-amcatnloFXFX-pythia8/240205_152245//0001/SSBTree_1805.root
adding: dcap://cluster142.knu.ac.kr//pnfs/knu.ac.kr/data/cms/store/user/sha/Run2FULL/2016PreVFP/MC/TTJets_TuneCP5_13TeV-amcatnloFXFX-pythia8/crab_TTJets_TuneCP5_13TeV-amcatnloFXFX-pythia8/240205_152245//0001/SSBTree_1806.root
adding: dcap://cluster142.knu.ac.kr//pnfs/knu.ac.kr/data/cms/store/user/sha/Run2FULL/2016PreVFP/MC/TTJets_TuneCP5_13TeV-amcatnloFXFX-pythia8/crab_TTJets_TuneCP5_13TeV-amcatnloFXFX-pythia8/240205_152245//0001/SSBTree_1807.root
adding: dcap://cluster142.knu.ac.kr//pnfs/knu.ac.kr/data/cms/store/user/sha/Run2FULL/2016PreVFP/MC/TTJets_TuneCP5_13TeV-amcatnloFXFX-pythia8/crab_TTJets_TuneCP5_13TeV-amcatnloFXFX-pythia8/240205_152245//0001/SSBTree_1808.root
adding: dcap://cluster142.knu.ac.kr//pnfs/knu.ac.kr/data/cms/store/user/sha/Run2FULL/2016PreVFP/MC/TTJets_TuneCP5_13TeV-amcatnloFXFX-pythia8/crab_TTJets_TuneCP5_13TeV-amcatnloFXFX-pythia8/240205_152245//0001/SSBTree_1809.root
adding: dcap://cluster142.knu.ac.kr//pnfs/knu.ac.kr/data/cms/store/user/sha/Run2FULL/2016PreVFP/MC/TTJets_TuneCP5_13TeV-amcatnloFXFX-pythia8/crab_TTJets_TuneCP5_13TeV-amcatnloFXFX-pythia8/240205_152245//0001/SSBTree_1810.root
Total number of events after merging root files: 249626
Event 0
Event 10000
Event 20000
Event 30000
Event 40000
Event 50000
Event 60000
Event 70000
Event 80000
Event 90000
Event 100000
Event 110000
Event 120000
Event 130000
Event 140000
Event 150000
Event 160000
Event 170000
Event 180000
Event 190000
Event 200000
Event 210000
Event 220000
Event 230000
Event 240000
Total processed number of events: 249626
End processing...

The number of options is: 2
Option 0 = ./TopMass_analysis
Option 1 = TTJets_Inclusive/TTJets_Inclusive_219.list
Option 2 = TTJets_Inclusive/TTJets_Inclusive_219.txt
Input filelist = TTJets_Inclusive/TTJets_Inclusive_219.list
Output file name = TTJets_Inclusive/TTJets_Inclusive_219.txt


start merging file(s)
adding: dcap://cluster142.knu.ac.kr//pnfs/knu.ac.kr/data/cms/store/user/sha/Run2FULL/2016PreVFP/MC/TTJets_TuneCP5_13TeV-amcatnloFXFX-pythia8/crab_TTJets_TuneCP5_13TeV-amcatnloFXFX-pythia8/240205_152245//0002/SSBTree_2181.root
adding: dcap://cluster142.knu.ac.kr//pnfs/knu.ac.kr/data/cms/store/user/sha/Run2FULL/2016PreVFP/MC/TTJets_TuneCP5_13TeV-amcatnloFXFX-pythia8/crab_TTJets_TuneCP5_13TeV-amcatnloFXFX-pythia8/240205_152245//0002/SSBTree_2182.root
adding: dcap://cluster142.knu.ac.kr//pnfs/knu.ac.kr/data/cms/store/user/sha/Run2FULL/2016PreVFP/MC/TTJets_TuneCP5_13TeV-amcatnloFXFX-pythia8/crab_TTJets_TuneCP5_13TeV-amcatnloFXFX-pythia8/240205_152245//0002/SSBTree_2183.root
adding: dcap://cluster142.knu.ac.kr//pnfs/knu.ac.kr/data/cms/store/user/sha/Run2FULL/2016PreVFP/MC/TTJets_TuneCP5_13TeV-amcatnloFXFX-pythia8/crab_TTJets_TuneCP5_13TeV-amcatnloFXFX-pythia8/240205_152245//0002/SSBTree_2184.root
adding: dcap://cluster142.knu.ac.kr//pnfs/knu.ac.kr/data/cms/store/user/sha/Run2FULL/2016PreVFP/MC/TTJets_TuneCP5_13TeV-amcatnloFXFX-pythia8/crab_TTJets_TuneCP5_13TeV-amcatnloFXFX-pythia8/240205_152245//0002/SSBTree_2185.root
adding: dcap://cluster142.knu.ac.kr//pnfs/knu.ac.kr/data/cms/store/user/sha/Run2FULL/2016PreVFP/MC/TTJets_TuneCP5_13TeV-amcatnloFXFX-pythia8/crab_TTJets_TuneCP5_13TeV-amcatnloFXFX-pythia8/240205_152245//0002/SSBTree_2186.root
adding: dcap://cluster142.knu.ac.kr//pnfs/knu.ac.kr/data/cms/store/user/sha/Run2FULL/2016PreVFP/MC/TTJets_TuneCP5_13TeV-amcatnloFXFX-pythia8/crab_TTJets_TuneCP5_13TeV-amcatnloFXFX-pythia8/240205_152245//0002/SSBTree_2187.root
adding: dcap://cluster142.knu.ac.kr//pnfs/knu.ac.kr/data/cms/store/user/sha/Run2FULL/2016PreVFP/MC/TTJets_TuneCP5_13TeV-amcatnloFXFX-pythia8/crab_TTJets_TuneCP5_13TeV-amcatnloFXFX-pythia8/240205_152245//0002/SSBTree_2188.root
adding: dcap://cluster142.knu.ac.kr//pnfs/knu.ac.kr/data/cms/store/user/sha/Run2FULL/2016PreVFP/MC/TTJets_TuneCP5_13TeV-amcatnloFXFX-pythia8/crab_TTJets_TuneCP5_13TeV-amcatnloFXFX-pythia8/240205_152245//0002/SSBTree_2189.root
adding: dcap://cluster142.knu.ac.kr//pnfs/knu.ac.kr/data/cms/store/user/sha/Run2FULL/2016PreVFP/MC/TTJets_TuneCP5_13TeV-amcatnloFXFX-pythia8/crab_TTJets_TuneCP5_13TeV-amcatnloFXFX-pythia8/240205_152245//0002/SSBTree_2190.root
Total number of events after merging root files: 246434
Event 0
Event 10000
Event 20000
Event 30000
Event 40000
Event 50000
Event 60000
Event 70000
Event 80000
Event 90000
Event 100000
Event 110000
Event 120000
Event 130000
Event 140000
Event 150000
Event 160000
Event 170000
Event 180000
Event 190000
Event 200000
Event 210000
Event 220000
Event 230000
Event 240000
Total processed number of events: 246434
End processing...

The number of options is: 2
Option 0 = ./TopMass_analysis
Option 1 = TTJets_Inclusive/TTJets_Inclusive_257.list
Option 2 = TTJets_Inclusive/TTJets_Inclusive_257.txt
Input filelist = TTJets_Inclusive/TTJets_Inclusive_257.list
Output file name = TTJets_Inclusive/TTJets_Inclusive_257.txt


start merging file(s)
adding: dcap://cluster142.knu.ac.kr//pnfs/knu.ac.kr/data/cms/store/user/sha/Run2FULL/2016PreVFP/MC/TTJets_TuneCP5_13TeV-amcatnloFXFX-pythia8/crab_TTJets_TuneCP5_13TeV-amcatnloFXFX-pythia8/240205_152245//0002/SSBTree_2561.root
adding: dcap://cluster142.knu.ac.kr//pnfs/knu.ac.kr/data/cms/store/user/sha/Run2FULL/2016PreVFP/MC/TTJets_TuneCP5_13TeV-amcatnloFXFX-pythia8/crab_TTJets_TuneCP5_13TeV-amcatnloFXFX-pythia8/240205_152245//0002/SSBTree_2562.root
adding: dcap://cluster142.knu.ac.kr//pnfs/knu.ac.kr/data/cms/store/user/sha/Run2FULL/2016PreVFP/MC/TTJets_TuneCP5_13TeV-amcatnloFXFX-pythia8/crab_TTJets_TuneCP5_13TeV-amcatnloFXFX-pythia8/240205_152245//0002/SSBTree_2563.root
adding: dcap://cluster142.knu.ac.kr//pnfs/knu.ac.kr/data/cms/store/user/sha/Run2FULL/2016PreVFP/MC/TTJets_TuneCP5_13TeV-amcatnloFXFX-pythia8/crab_TTJets_TuneCP5_13TeV-amcatnloFXFX-pythia8/240205_152245//0002/SSBTree_2564.root
adding: dcap://cluster142.knu.ac.kr//pnfs/knu.ac.kr/data/cms/store/user/sha/Run2FULL/2016PreVFP/MC/TTJets_TuneCP5_13TeV-amcatnloFXFX-pythia8/crab_TTJets_TuneCP5_13TeV-amcatnloFXFX-pythia8/240205_152245//0002/SSBTree_2565.root
adding: dcap://cluster142.knu.ac.kr//pnfs/knu.ac.kr/data/cms/store/user/sha/Run2FULL/2016PreVFP/MC/TTJets_TuneCP5_13TeV-amcatnloFXFX-pythia8/crab_TTJets_TuneCP5_13TeV-amcatnloFXFX-pythia8/240205_152245//0002/SSBTree_2566.root
adding: dcap://cluster142.knu.ac.kr//pnfs/knu.ac.kr/data/cms/store/user/sha/Run2FULL/2016PreVFP/MC/TTJets_TuneCP5_13TeV-amcatnloFXFX-pythia8/crab_TTJets_TuneCP5_13TeV-amcatnloFXFX-pythia8/240205_152245//0002/SSBTree_2567.root
adding: dcap://cluster142.knu.ac.kr//pnfs/knu.ac.kr/data/cms/store/user/sha/Run2FULL/2016PreVFP/MC/TTJets_TuneCP5_13TeV-amcatnloFXFX-pythia8/crab_TTJets_TuneCP5_13TeV-amcatnloFXFX-pythia8/240205_152245//0002/SSBTree_2568.root
adding: dcap://cluster142.knu.ac.kr//pnfs/knu.ac.kr/data/cms/store/user/sha/Run2FULL/2016PreVFP/MC/TTJets_TuneCP5_13TeV-amcatnloFXFX-pythia8/crab_TTJets_TuneCP5_13TeV-amcatnloFXFX-pythia8/240205_152245//0002/SSBTree_2569.root
adding: dcap://cluster142.knu.ac.kr//pnfs/knu.ac.kr/data/cms/store/user/sha/Run2FULL/2016PreVFP/MC/TTJets_TuneCP5_13TeV-amcatnloFXFX-pythia8/crab_TTJets_TuneCP5_13TeV-amcatnloFXFX-pythia8/240205_152245//0002/SSBTree_2570.root
Total number of events after merging root files: 249309
Event 0
Event 10000
Event 20000
Event 30000
Event 40000
Event 50000
Event 60000
Event 70000
Event 80000
Event 90000
Event 100000
Event 110000
Event 120000
Event 130000
Event 140000
Event 150000
Event 160000
Event 170000
Event 180000
Event 190000
Event 200000
Event 210000
Event 220000
Event 230000
Event 240000
Total processed number of events: 249309
End processing...

The number of options is: 2
Option 0 = ./TopMass_analysis
Option 1 = TTJets_Inclusive/TTJets_Inclusive_295.list
Option 2 = TTJets_Inclusive/TTJets_Inclusive_295.txt
Input filelist = TTJets_Inclusive/TTJets_Inclusive_295.list
Output file name = TTJets_Inclusive/TTJets_Inclusive_295.txt


start merging file(s)
adding: dcap://cluster142.knu.ac.kr//pnfs/knu.ac.kr/data/cms/store/user/sha/Run2FULL/2016PreVFP/MC/TTJets_TuneCP5_13TeV-amcatnloFXFX-pythia8/crab_TTJets_TuneCP5_13TeV-amcatnloFXFX-pythia8/240205_152245//0002/SSBTree_2941.root
adding: dcap://cluster142.knu.ac.kr//pnfs/knu.ac.kr/data/cms/store/user/sha/Run2FULL/2016PreVFP/MC/TTJets_TuneCP5_13TeV-amcatnloFXFX-pythia8/crab_TTJets_TuneCP5_13TeV-amcatnloFXFX-pythia8/240205_152245//0002/SSBTree_2942.root
adding: dcap://cluster142.knu.ac.kr//pnfs/knu.ac.kr/data/cms/store/user/sha/Run2FULL/2016PreVFP/MC/TTJets_TuneCP5_13TeV-amcatnloFXFX-pythia8/crab_TTJets_TuneCP5_13TeV-amcatnloFXFX-pythia8/240205_152245//0002/SSBTree_2943.root
adding: dcap://cluster142.knu.ac.kr//pnfs/knu.ac.kr/data/cms/store/user/sha/Run2FULL/2016PreVFP/MC/TTJets_TuneCP5_13TeV-amcatnloFXFX-pythia8/crab_TTJets_TuneCP5_13TeV-amcatnloFXFX-pythia8/240205_152245//0002/SSBTree_2944.root
adding: dcap://cluster142.knu.ac.kr//pnfs/knu.ac.kr/data/cms/store/user/sha/Run2FULL/2016PreVFP/MC/TTJets_TuneCP5_13TeV-amcatnloFXFX-pythia8/crab_TTJets_TuneCP5_13TeV-amcatnloFXFX-pythia8/240205_152245//0002/SSBTree_2945.root
adding: dcap://cluster142.knu.ac.kr//pnfs/knu.ac.kr/data/cms/store/user/sha/Run2FULL/2016PreVFP/MC/TTJets_TuneCP5_13TeV-amcatnloFXFX-pythia8/crab_TTJets_TuneCP5_13TeV-amcatnloFXFX-pythia8/240205_152245//0002/SSBTree_2946.root
adding: dcap://cluster142.knu.ac.kr//pnfs/knu.ac.kr/data/cms/store/user/sha/Run2FULL/2016PreVFP/MC/TTJets_TuneCP5_13TeV-amcatnloFXFX-pythia8/crab_TTJets_TuneCP5_13TeV-amcatnloFXFX-pythia8/240205_152245//0002/SSBTree_2947.root
adding: dcap://cluster142.knu.ac.kr//pnfs/knu.ac.kr/data/cms/store/user/sha/Run2FULL/2016PreVFP/MC/TTJets_TuneCP5_13TeV-amcatnloFXFX-pythia8/crab_TTJets_TuneCP5_13TeV-amcatnloFXFX-pythia8/240205_152245//0002/SSBTree_2948.root
adding: dcap://cluster142.knu.ac.kr//pnfs/knu.ac.kr/data/cms/store/user/sha/Run2FULL/2016PreVFP/MC/TTJets_TuneCP5_13TeV-amcatnloFXFX-pythia8/crab_TTJets_TuneCP5_13TeV-amcatnloFXFX-pythia8/240205_152245//0002/SSBTree_2949.root
adding: dcap://cluster142.knu.ac.kr//pnfs/knu.ac.kr/data/cms/store/user/sha/Run2FULL/2016PreVFP/MC/TTJets_TuneCP5_13TeV-amcatnloFXFX-pythia8/crab_TTJets_TuneCP5_13TeV-amcatnloFXFX-pythia8/240205_152245//0002/SSBTree_2950.root
Total number of events after merging root files: 247309
Event 0
Event 10000
Event 20000
Event 30000
Event 40000
Event 50000
Event 60000
Event 70000
Event 80000
Event 90000
Event 100000
Event 110000
Event 120000
Event 130000
Event 140000
Event 150000
Event 160000
Event 170000
Event 180000
Event 190000
Event 200000
Event 210000
Event 220000
Event 230000
Event 240000
Total processed number of events: 247309
End processing...

The number of options is: 2
Option 0 = ./TopMass_analysis
Option 1 = TTJets_Inclusive/TTJets_Inclusive_333.list
Option 2 = TTJets_Inclusive/TTJets_Inclusive_333.txt
Input filelist = TTJets_Inclusive/TTJets_Inclusive_333.list
Output file name = TTJets_Inclusive/TTJets_Inclusive_333.txt


start merging file(s)
adding: dcap://cluster142.knu.ac.kr//pnfs/knu.ac.kr/data/cms/store/user/sha/Run2FULL/2016PreVFP/MC/TTJets_TuneCP5_13TeV-amcatnloFXFX-pythia8/crab_TTJets_TuneCP5_13TeV-amcatnloFXFX-pythia8/240205_152245//0003/SSBTree_3321.root
adding: dcap://cluster142.knu.ac.kr//pnfs/knu.ac.kr/data/cms/store/user/sha/Run2FULL/2016PreVFP/MC/TTJets_TuneCP5_13TeV-amcatnloFXFX-pythia8/crab_TTJets_TuneCP5_13TeV-amcatnloFXFX-pythia8/240205_152245//0003/SSBTree_3322.root
adding: dcap://cluster142.knu.ac.kr//pnfs/knu.ac.kr/data/cms/store/user/sha/Run2FULL/2016PreVFP/MC/TTJets_TuneCP5_13TeV-amcatnloFXFX-pythia8/crab_TTJets_TuneCP5_13TeV-amcatnloFXFX-pythia8/240205_152245//0003/SSBTree_3323.root
adding: dcap://cluster142.knu.ac.kr//pnfs/knu.ac.kr/data/cms/store/user/sha/Run2FULL/2016PreVFP/MC/TTJets_TuneCP5_13TeV-amcatnloFXFX-pythia8/crab_TTJets_TuneCP5_13TeV-amcatnloFXFX-pythia8/240205_152245//0003/SSBTree_3324.root
adding: dcap://cluster142.knu.ac.kr//pnfs/knu.ac.kr/data/cms/store/user/sha/Run2FULL/2016PreVFP/MC/TTJets_TuneCP5_13TeV-amcatnloFXFX-pythia8/crab_TTJets_TuneCP5_13TeV-amcatnloFXFX-pythia8/240205_152245//0003/SSBTree_3325.root
adding: dcap://cluster142.knu.ac.kr//pnfs/knu.ac.kr/data/cms/store/user/sha/Run2FULL/2016PreVFP/MC/TTJets_TuneCP5_13TeV-amcatnloFXFX-pythia8/crab_TTJets_TuneCP5_13TeV-amcatnloFXFX-pythia8/240205_152245//0003/SSBTree_3326.root
adding: dcap://cluster142.knu.ac.kr//pnfs/knu.ac.kr/data/cms/store/user/sha/Run2FULL/2016PreVFP/MC/TTJets_TuneCP5_13TeV-amcatnloFXFX-pythia8/crab_TTJets_TuneCP5_13TeV-amcatnloFXFX-pythia8/240205_152245//0003/SSBTree_3327.root
adding: dcap://cluster142.knu.ac.kr//pnfs/knu.ac.kr/data/cms/store/user/sha/Run2FULL/2016PreVFP/MC/TTJets_TuneCP5_13TeV-amcatnloFXFX-pythia8/crab_TTJets_TuneCP5_13TeV-amcatnloFXFX-pythia8/240205_152245//0003/SSBTree_3328.root
adding: dcap://cluster142.knu.ac.kr//pnfs/knu.ac.kr/data/cms/store/user/sha/Run2FULL/2016PreVFP/MC/TTJets_TuneCP5_13TeV-amcatnloFXFX-pythia8/crab_TTJets_TuneCP5_13TeV-amcatnloFXFX-pythia8/240205_152245//0003/SSBTree_3329.root
adding: dcap://cluster142.knu.ac.kr//pnfs/knu.ac.kr/data/cms/store/user/sha/Run2FULL/2016PreVFP/MC/TTJets_TuneCP5_13TeV-amcatnloFXFX-pythia8/crab_TTJets_TuneCP5_13TeV-amcatnloFXFX-pythia8/240205_152245//0003/SSBTree_3330.root
Total number of events after merging root files: 246568
Event 0
Event 10000
Event 20000
Event 30000
Event 40000
Event 50000
Event 60000
Event 70000
Event 80000
Event 90000
Event 100000
Event 110000
Event 120000
Event 130000
Event 140000
Event 150000
Event 160000
Event 170000
Event 180000
Event 190000
Event 200000
Event 210000
Event 220000
Event 230000
Event 240000
Total processed number of events: 246568
End processing...

The number of options is: 2
Option 0 = ./TopMass_analysis
Option 1 = TTJets_Inclusive/TTJets_Inclusive_371.list
Option 2 = TTJets_Inclusive/TTJets_Inclusive_371.txt
Input filelist = TTJets_Inclusive/TTJets_Inclusive_371.list
Output file name = TTJets_Inclusive/TTJets_Inclusive_371.txt


start merging file(s)
adding: dcap://cluster142.knu.ac.kr//pnfs/knu.ac.kr/data/cms/store/user/sha/Run2FULL/2016PreVFP/MC/TTJets_TuneCP5_13TeV-amcatnloFXFX-pythia8/crab_TTJets_TuneCP5_13TeV-amcatnloFXFX-pythia8/240205_152245//0003/SSBTree_3701.root
adding: dcap://cluster142.knu.ac.kr//pnfs/knu.ac.kr/data/cms/store/user/sha/Run2FULL/2016PreVFP/MC/TTJets_TuneCP5_13TeV-amcatnloFXFX-pythia8/crab_TTJets_TuneCP5_13TeV-amcatnloFXFX-pythia8/240205_152245//0003/SSBTree_3702.root
adding: dcap://cluster142.knu.ac.kr//pnfs/knu.ac.kr/data/cms/store/user/sha/Run2FULL/2016PreVFP/MC/TTJets_TuneCP5_13TeV-amcatnloFXFX-pythia8/crab_TTJets_TuneCP5_13TeV-amcatnloFXFX-pythia8/240205_152245//0003/SSBTree_3703.root
adding: dcap://cluster142.knu.ac.kr//pnfs/knu.ac.kr/data/cms/store/user/sha/Run2FULL/2016PreVFP/MC/TTJets_TuneCP5_13TeV-amcatnloFXFX-pythia8/crab_TTJets_TuneCP5_13TeV-amcatnloFXFX-pythia8/240205_152245//0003/SSBTree_3704.root
adding: dcap://cluster142.knu.ac.kr//pnfs/knu.ac.kr/data/cms/store/user/sha/Run2FULL/2016PreVFP/MC/TTJets_TuneCP5_13TeV-amcatnloFXFX-pythia8/crab_TTJets_TuneCP5_13TeV-amcatnloFXFX-pythia8/240205_152245//0003/SSBTree_3705.root
adding: dcap://cluster142.knu.ac.kr//pnfs/knu.ac.kr/data/cms/store/user/sha/Run2FULL/2016PreVFP/MC/TTJets_TuneCP5_13TeV-amcatnloFXFX-pythia8/crab_TTJets_TuneCP5_13TeV-amcatnloFXFX-pythia8/240205_152245//0003/SSBTree_3706.root
adding: dcap://cluster142.knu.ac.kr//pnfs/knu.ac.kr/data/cms/store/user/sha/Run2FULL/2016PreVFP/MC/TTJets_TuneCP5_13TeV-amcatnloFXFX-pythia8/crab_TTJets_TuneCP5_13TeV-amcatnloFXFX-pythia8/240205_152245//0003/SSBTree_3707.root
adding: dcap://cluster142.knu.ac.kr//pnfs/knu.ac.kr/data/cms/store/user/sha/Run2FULL/2016PreVFP/MC/TTJets_TuneCP5_13TeV-amcatnloFXFX-pythia8/crab_TTJets_TuneCP5_13TeV-amcatnloFXFX-pythia8/240205_152245//0003/SSBTree_3708.root
adding: dcap://cluster142.knu.ac.kr//pnfs/knu.ac.kr/data/cms/store/user/sha/Run2FULL/2016PreVFP/MC/TTJets_TuneCP5_13TeV-amcatnloFXFX-pythia8/crab_TTJets_TuneCP5_13TeV-amcatnloFXFX-pythia8/240205_152245//0003/SSBTree_3709.root
adding: dcap://cluster142.knu.ac.kr//pnfs/knu.ac.kr/data/cms/store/user/sha/Run2FULL/2016PreVFP/MC/TTJets_TuneCP5_13TeV-amcatnloFXFX-pythia8/crab_TTJets_TuneCP5_13TeV-amcatnloFXFX-pythia8/240205_152245//0003/SSBTree_3710.root
Total number of events after merging root files: 245899
Event 0
Event 10000
Event 20000
Event 30000
Event 40000
Event 50000
Event 60000
Event 70000
Event 80000
Event 90000
Event 100000
Event 110000
Event 120000
Event 130000
Event 140000
Event 150000
Event 160000
Event 170000
Event 180000
Event 190000
Event 200000
Event 210000
Event 220000
Event 230000
Event 240000
Total processed number of events: 245899
End processing...

