The number of options is: 2
Option 0 = ./TopMass_analysis
Option 1 = TTJets_Inclusive/TTJets_Inclusive_5.list
Option 2 = TTJets_Inclusive/TTJets_Inclusive_5.txt
Input filelist = TTJets_Inclusive/TTJets_Inclusive_5.list
Output file name = TTJets_Inclusive/TTJets_Inclusive_5.txt


start merging file(s)
adding: dcap://cluster142.knu.ac.kr//pnfs/knu.ac.kr/data/cms/store/user/sha/Run2FULL/2016PreVFP/MC/TTJets_TuneCP5_13TeV-amcatnloFXFX-pythia8/crab_TTJets_TuneCP5_13TeV-amcatnloFXFX-pythia8/240205_152245//0000/SSBTree_137.root
adding: dcap://cluster142.knu.ac.kr//pnfs/knu.ac.kr/data/cms/store/user/sha/Run2FULL/2016PreVFP/MC/TTJets_TuneCP5_13TeV-amcatnloFXFX-pythia8/crab_TTJets_TuneCP5_13TeV-amcatnloFXFX-pythia8/240205_152245//0000/SSBTree_138.root
adding: dcap://cluster142.knu.ac.kr//pnfs/knu.ac.kr/data/cms/store/user/sha/Run2FULL/2016PreVFP/MC/TTJets_TuneCP5_13TeV-amcatnloFXFX-pythia8/crab_TTJets_TuneCP5_13TeV-amcatnloFXFX-pythia8/240205_152245//0000/SSBTree_139.root
adding: dcap://cluster142.knu.ac.kr//pnfs/knu.ac.kr/data/cms/store/user/sha/Run2FULL/2016PreVFP/MC/TTJets_TuneCP5_13TeV-amcatnloFXFX-pythia8/crab_TTJets_TuneCP5_13TeV-amcatnloFXFX-pythia8/240205_152245//0000/SSBTree_13.root
adding: dcap://cluster142.knu.ac.kr//pnfs/knu.ac.kr/data/cms/store/user/sha/Run2FULL/2016PreVFP/MC/TTJets_TuneCP5_13TeV-amcatnloFXFX-pythia8/crab_TTJets_TuneCP5_13TeV-amcatnloFXFX-pythia8/240205_152245//0000/SSBTree_140.root
adding: dcap://cluster142.knu.ac.kr//pnfs/knu.ac.kr/data/cms/store/user/sha/Run2FULL/2016PreVFP/MC/TTJets_TuneCP5_13TeV-amcatnloFXFX-pythia8/crab_TTJets_TuneCP5_13TeV-amcatnloFXFX-pythia8/240205_152245//0000/SSBTree_141.root
adding: dcap://cluster142.knu.ac.kr//pnfs/knu.ac.kr/data/cms/store/user/sha/Run2FULL/2016PreVFP/MC/TTJets_TuneCP5_13TeV-amcatnloFXFX-pythia8/crab_TTJets_TuneCP5_13TeV-amcatnloFXFX-pythia8/240205_152245//0000/SSBTree_142.root
adding: dcap://cluster142.knu.ac.kr//pnfs/knu.ac.kr/data/cms/store/user/sha/Run2FULL/2016PreVFP/MC/TTJets_TuneCP5_13TeV-amcatnloFXFX-pythia8/crab_TTJets_TuneCP5_13TeV-amcatnloFXFX-pythia8/240205_152245//0000/SSBTree_143.root
adding: dcap://cluster142.knu.ac.kr//pnfs/knu.ac.kr/data/cms/store/user/sha/Run2FULL/2016PreVFP/MC/TTJets_TuneCP5_13TeV-amcatnloFXFX-pythia8/crab_TTJets_TuneCP5_13TeV-amcatnloFXFX-pythia8/240205_152245//0000/SSBTree_144.root
adding: dcap://cluster142.knu.ac.kr//pnfs/knu.ac.kr/data/cms/store/user/sha/Run2FULL/2016PreVFP/MC/TTJets_TuneCP5_13TeV-amcatnloFXFX-pythia8/crab_TTJets_TuneCP5_13TeV-amcatnloFXFX-pythia8/240205_152245//0000/SSBTree_145.root
Total number of events after merging root files: 247449
Event 0
Event 10000
Event 20000
Event 30000
Event 40000
Event 50000
Event 60000
Event 70000
Event 80000
Event 90000
Event 100000
Event 110000
Event 120000
Event 130000
Event 140000
Event 150000
Event 160000
Event 170000
Event 180000
Event 190000
Event 200000
Event 210000
Event 220000
Event 230000
Event 240000
Total processed number of events: 247449
End processing...

The number of options is: 2
Option 0 = ./TopMass_analysis
Option 1 = TTJets_Inclusive/TTJets_Inclusive_43.list
Option 2 = TTJets_Inclusive/TTJets_Inclusive_43.txt
Input filelist = TTJets_Inclusive/TTJets_Inclusive_43.list
Output file name = TTJets_Inclusive/TTJets_Inclusive_43.txt


start merging file(s)
adding: dcap://cluster142.knu.ac.kr//pnfs/knu.ac.kr/data/cms/store/user/sha/Run2FULL/2016PreVFP/MC/TTJets_TuneCP5_13TeV-amcatnloFXFX-pythia8/crab_TTJets_TuneCP5_13TeV-amcatnloFXFX-pythia8/240205_152245//0000/SSBTree_47.root
adding: dcap://cluster142.knu.ac.kr//pnfs/knu.ac.kr/data/cms/store/user/sha/Run2FULL/2016PreVFP/MC/TTJets_TuneCP5_13TeV-amcatnloFXFX-pythia8/crab_TTJets_TuneCP5_13TeV-amcatnloFXFX-pythia8/240205_152245//0000/SSBTree_480.root
adding: dcap://cluster142.knu.ac.kr//pnfs/knu.ac.kr/data/cms/store/user/sha/Run2FULL/2016PreVFP/MC/TTJets_TuneCP5_13TeV-amcatnloFXFX-pythia8/crab_TTJets_TuneCP5_13TeV-amcatnloFXFX-pythia8/240205_152245//0000/SSBTree_481.root
adding: dcap://cluster142.knu.ac.kr//pnfs/knu.ac.kr/data/cms/store/user/sha/Run2FULL/2016PreVFP/MC/TTJets_TuneCP5_13TeV-amcatnloFXFX-pythia8/crab_TTJets_TuneCP5_13TeV-amcatnloFXFX-pythia8/240205_152245//0000/SSBTree_482.root
adding: dcap://cluster142.knu.ac.kr//pnfs/knu.ac.kr/data/cms/store/user/sha/Run2FULL/2016PreVFP/MC/TTJets_TuneCP5_13TeV-amcatnloFXFX-pythia8/crab_TTJets_TuneCP5_13TeV-amcatnloFXFX-pythia8/240205_152245//0000/SSBTree_483.root
adding: dcap://cluster142.knu.ac.kr//pnfs/knu.ac.kr/data/cms/store/user/sha/Run2FULL/2016PreVFP/MC/TTJets_TuneCP5_13TeV-amcatnloFXFX-pythia8/crab_TTJets_TuneCP5_13TeV-amcatnloFXFX-pythia8/240205_152245//0000/SSBTree_484.root
adding: dcap://cluster142.knu.ac.kr//pnfs/knu.ac.kr/data/cms/store/user/sha/Run2FULL/2016PreVFP/MC/TTJets_TuneCP5_13TeV-amcatnloFXFX-pythia8/crab_TTJets_TuneCP5_13TeV-amcatnloFXFX-pythia8/240205_152245//0000/SSBTree_485.root
adding: dcap://cluster142.knu.ac.kr//pnfs/knu.ac.kr/data/cms/store/user/sha/Run2FULL/2016PreVFP/MC/TTJets_TuneCP5_13TeV-amcatnloFXFX-pythia8/crab_TTJets_TuneCP5_13TeV-amcatnloFXFX-pythia8/240205_152245//0000/SSBTree_486.root
adding: dcap://cluster142.knu.ac.kr//pnfs/knu.ac.kr/data/cms/store/user/sha/Run2FULL/2016PreVFP/MC/TTJets_TuneCP5_13TeV-amcatnloFXFX-pythia8/crab_TTJets_TuneCP5_13TeV-amcatnloFXFX-pythia8/240205_152245//0000/SSBTree_487.root
adding: dcap://cluster142.knu.ac.kr//pnfs/knu.ac.kr/data/cms/store/user/sha/Run2FULL/2016PreVFP/MC/TTJets_TuneCP5_13TeV-amcatnloFXFX-pythia8/crab_TTJets_TuneCP5_13TeV-amcatnloFXFX-pythia8/240205_152245//0000/SSBTree_488.root
Total number of events after merging root files: 246742
Event 0
Event 10000
Event 20000
Event 30000
Event 40000
Event 50000
Event 60000
Event 70000
Event 80000
Event 90000
Event 100000
Event 110000
Event 120000
Event 130000
Event 140000
Event 150000
Event 160000
Event 170000
Event 180000
Event 190000
Event 200000
Event 210000
Event 220000
Event 230000
Event 240000
Total processed number of events: 246742
End processing...

The number of options is: 2
Option 0 = ./TopMass_analysis
Option 1 = TTJets_Inclusive/TTJets_Inclusive_81.list
Option 2 = TTJets_Inclusive/TTJets_Inclusive_81.txt
Input filelist = TTJets_Inclusive/TTJets_Inclusive_81.list
Output file name = TTJets_Inclusive/TTJets_Inclusive_81.txt


start merging file(s)
adding: dcap://cluster142.knu.ac.kr//pnfs/knu.ac.kr/data/cms/store/user/sha/Run2FULL/2016PreVFP/MC/TTJets_TuneCP5_13TeV-amcatnloFXFX-pythia8/crab_TTJets_TuneCP5_13TeV-amcatnloFXFX-pythia8/240205_152245//0000/SSBTree_821.root
adding: dcap://cluster142.knu.ac.kr//pnfs/knu.ac.kr/data/cms/store/user/sha/Run2FULL/2016PreVFP/MC/TTJets_TuneCP5_13TeV-amcatnloFXFX-pythia8/crab_TTJets_TuneCP5_13TeV-amcatnloFXFX-pythia8/240205_152245//0000/SSBTree_822.root
adding: dcap://cluster142.knu.ac.kr//pnfs/knu.ac.kr/data/cms/store/user/sha/Run2FULL/2016PreVFP/MC/TTJets_TuneCP5_13TeV-amcatnloFXFX-pythia8/crab_TTJets_TuneCP5_13TeV-amcatnloFXFX-pythia8/240205_152245//0000/SSBTree_823.root
adding: dcap://cluster142.knu.ac.kr//pnfs/knu.ac.kr/data/cms/store/user/sha/Run2FULL/2016PreVFP/MC/TTJets_TuneCP5_13TeV-amcatnloFXFX-pythia8/crab_TTJets_TuneCP5_13TeV-amcatnloFXFX-pythia8/240205_152245//0000/SSBTree_824.root
adding: dcap://cluster142.knu.ac.kr//pnfs/knu.ac.kr/data/cms/store/user/sha/Run2FULL/2016PreVFP/MC/TTJets_TuneCP5_13TeV-amcatnloFXFX-pythia8/crab_TTJets_TuneCP5_13TeV-amcatnloFXFX-pythia8/240205_152245//0000/SSBTree_825.root
adding: dcap://cluster142.knu.ac.kr//pnfs/knu.ac.kr/data/cms/store/user/sha/Run2FULL/2016PreVFP/MC/TTJets_TuneCP5_13TeV-amcatnloFXFX-pythia8/crab_TTJets_TuneCP5_13TeV-amcatnloFXFX-pythia8/240205_152245//0000/SSBTree_826.root
adding: dcap://cluster142.knu.ac.kr//pnfs/knu.ac.kr/data/cms/store/user/sha/Run2FULL/2016PreVFP/MC/TTJets_TuneCP5_13TeV-amcatnloFXFX-pythia8/crab_TTJets_TuneCP5_13TeV-amcatnloFXFX-pythia8/240205_152245//0000/SSBTree_827.root
adding: dcap://cluster142.knu.ac.kr//pnfs/knu.ac.kr/data/cms/store/user/sha/Run2FULL/2016PreVFP/MC/TTJets_TuneCP5_13TeV-amcatnloFXFX-pythia8/crab_TTJets_TuneCP5_13TeV-amcatnloFXFX-pythia8/240205_152245//0000/SSBTree_828.root
adding: dcap://cluster142.knu.ac.kr//pnfs/knu.ac.kr/data/cms/store/user/sha/Run2FULL/2016PreVFP/MC/TTJets_TuneCP5_13TeV-amcatnloFXFX-pythia8/crab_TTJets_TuneCP5_13TeV-amcatnloFXFX-pythia8/240205_152245//0000/SSBTree_829.root
adding: dcap://cluster142.knu.ac.kr//pnfs/knu.ac.kr/data/cms/store/user/sha/Run2FULL/2016PreVFP/MC/TTJets_TuneCP5_13TeV-amcatnloFXFX-pythia8/crab_TTJets_TuneCP5_13TeV-amcatnloFXFX-pythia8/240205_152245//0000/SSBTree_82.root
Total number of events after merging root files: 249496
Event 0
Event 10000
Event 20000
Event 30000
Event 40000
Event 50000
Event 60000
Event 70000
Event 80000
Event 90000
Event 100000
Event 110000
Event 120000
Event 130000
Event 140000
Event 150000
Event 160000
Event 170000
Event 180000
Event 190000
Event 200000
Event 210000
Event 220000
Event 230000
Event 240000
Total processed number of events: 249496
End processing...

The number of options is: 2
Option 0 = ./TopMass_analysis
Option 1 = TTJets_Inclusive/TTJets_Inclusive_119.list
Option 2 = TTJets_Inclusive/TTJets_Inclusive_119.txt
Input filelist = TTJets_Inclusive/TTJets_Inclusive_119.list
Output file name = TTJets_Inclusive/TTJets_Inclusive_119.txt


start merging file(s)
adding: dcap://cluster142.knu.ac.kr//pnfs/knu.ac.kr/data/cms/store/user/sha/Run2FULL/2016PreVFP/MC/TTJets_TuneCP5_13TeV-amcatnloFXFX-pythia8/crab_TTJets_TuneCP5_13TeV-amcatnloFXFX-pythia8/240205_152245//0001/SSBTree_1181.root
adding: dcap://cluster142.knu.ac.kr//pnfs/knu.ac.kr/data/cms/store/user/sha/Run2FULL/2016PreVFP/MC/TTJets_TuneCP5_13TeV-amcatnloFXFX-pythia8/crab_TTJets_TuneCP5_13TeV-amcatnloFXFX-pythia8/240205_152245//0001/SSBTree_1182.root
adding: dcap://cluster142.knu.ac.kr//pnfs/knu.ac.kr/data/cms/store/user/sha/Run2FULL/2016PreVFP/MC/TTJets_TuneCP5_13TeV-amcatnloFXFX-pythia8/crab_TTJets_TuneCP5_13TeV-amcatnloFXFX-pythia8/240205_152245//0001/SSBTree_1183.root
adding: dcap://cluster142.knu.ac.kr//pnfs/knu.ac.kr/data/cms/store/user/sha/Run2FULL/2016PreVFP/MC/TTJets_TuneCP5_13TeV-amcatnloFXFX-pythia8/crab_TTJets_TuneCP5_13TeV-amcatnloFXFX-pythia8/240205_152245//0001/SSBTree_1184.root
adding: dcap://cluster142.knu.ac.kr//pnfs/knu.ac.kr/data/cms/store/user/sha/Run2FULL/2016PreVFP/MC/TTJets_TuneCP5_13TeV-amcatnloFXFX-pythia8/crab_TTJets_TuneCP5_13TeV-amcatnloFXFX-pythia8/240205_152245//0001/SSBTree_1185.root
adding: dcap://cluster142.knu.ac.kr//pnfs/knu.ac.kr/data/cms/store/user/sha/Run2FULL/2016PreVFP/MC/TTJets_TuneCP5_13TeV-amcatnloFXFX-pythia8/crab_TTJets_TuneCP5_13TeV-amcatnloFXFX-pythia8/240205_152245//0001/SSBTree_1186.root
adding: dcap://cluster142.knu.ac.kr//pnfs/knu.ac.kr/data/cms/store/user/sha/Run2FULL/2016PreVFP/MC/TTJets_TuneCP5_13TeV-amcatnloFXFX-pythia8/crab_TTJets_TuneCP5_13TeV-amcatnloFXFX-pythia8/240205_152245//0001/SSBTree_1187.root
adding: dcap://cluster142.knu.ac.kr//pnfs/knu.ac.kr/data/cms/store/user/sha/Run2FULL/2016PreVFP/MC/TTJets_TuneCP5_13TeV-amcatnloFXFX-pythia8/crab_TTJets_TuneCP5_13TeV-amcatnloFXFX-pythia8/240205_152245//0001/SSBTree_1188.root
adding: dcap://cluster142.knu.ac.kr//pnfs/knu.ac.kr/data/cms/store/user/sha/Run2FULL/2016PreVFP/MC/TTJets_TuneCP5_13TeV-amcatnloFXFX-pythia8/crab_TTJets_TuneCP5_13TeV-amcatnloFXFX-pythia8/240205_152245//0001/SSBTree_1189.root
adding: dcap://cluster142.knu.ac.kr//pnfs/knu.ac.kr/data/cms/store/user/sha/Run2FULL/2016PreVFP/MC/TTJets_TuneCP5_13TeV-amcatnloFXFX-pythia8/crab_TTJets_TuneCP5_13TeV-amcatnloFXFX-pythia8/240205_152245//0001/SSBTree_1190.root
Total number of events after merging root files: 246054
Event 0
Event 10000
Event 20000
Event 30000
Event 40000
Event 50000
Event 60000
Event 70000
Event 80000
Event 90000
Event 100000
Event 110000
Event 120000
Event 130000
Event 140000
Event 150000
Event 160000
Event 170000
Event 180000
Event 190000
Event 200000
Event 210000
Event 220000
Event 230000
Event 240000
Total processed number of events: 246054
End processing...

The number of options is: 2
Option 0 = ./TopMass_analysis
Option 1 = TTJets_Inclusive/TTJets_Inclusive_157.list
Option 2 = TTJets_Inclusive/TTJets_Inclusive_157.txt
Input filelist = TTJets_Inclusive/TTJets_Inclusive_157.list
Output file name = TTJets_Inclusive/TTJets_Inclusive_157.txt


start merging file(s)
adding: dcap://cluster142.knu.ac.kr//pnfs/knu.ac.kr/data/cms/store/user/sha/Run2FULL/2016PreVFP/MC/TTJets_TuneCP5_13TeV-amcatnloFXFX-pythia8/crab_TTJets_TuneCP5_13TeV-amcatnloFXFX-pythia8/240205_152245//0001/SSBTree_1561.root
adding: dcap://cluster142.knu.ac.kr//pnfs/knu.ac.kr/data/cms/store/user/sha/Run2FULL/2016PreVFP/MC/TTJets_TuneCP5_13TeV-amcatnloFXFX-pythia8/crab_TTJets_TuneCP5_13TeV-amcatnloFXFX-pythia8/240205_152245//0001/SSBTree_1562.root
adding: dcap://cluster142.knu.ac.kr//pnfs/knu.ac.kr/data/cms/store/user/sha/Run2FULL/2016PreVFP/MC/TTJets_TuneCP5_13TeV-amcatnloFXFX-pythia8/crab_TTJets_TuneCP5_13TeV-amcatnloFXFX-pythia8/240205_152245//0001/SSBTree_1563.root
adding: dcap://cluster142.knu.ac.kr//pnfs/knu.ac.kr/data/cms/store/user/sha/Run2FULL/2016PreVFP/MC/TTJets_TuneCP5_13TeV-amcatnloFXFX-pythia8/crab_TTJets_TuneCP5_13TeV-amcatnloFXFX-pythia8/240205_152245//0001/SSBTree_1564.root
adding: dcap://cluster142.knu.ac.kr//pnfs/knu.ac.kr/data/cms/store/user/sha/Run2FULL/2016PreVFP/MC/TTJets_TuneCP5_13TeV-amcatnloFXFX-pythia8/crab_TTJets_TuneCP5_13TeV-amcatnloFXFX-pythia8/240205_152245//0001/SSBTree_1565.root
adding: dcap://cluster142.knu.ac.kr//pnfs/knu.ac.kr/data/cms/store/user/sha/Run2FULL/2016PreVFP/MC/TTJets_TuneCP5_13TeV-amcatnloFXFX-pythia8/crab_TTJets_TuneCP5_13TeV-amcatnloFXFX-pythia8/240205_152245//0001/SSBTree_1566.root
adding: dcap://cluster142.knu.ac.kr//pnfs/knu.ac.kr/data/cms/store/user/sha/Run2FULL/2016PreVFP/MC/TTJets_TuneCP5_13TeV-amcatnloFXFX-pythia8/crab_TTJets_TuneCP5_13TeV-amcatnloFXFX-pythia8/240205_152245//0001/SSBTree_1567.root
adding: dcap://cluster142.knu.ac.kr//pnfs/knu.ac.kr/data/cms/store/user/sha/Run2FULL/2016PreVFP/MC/TTJets_TuneCP5_13TeV-amcatnloFXFX-pythia8/crab_TTJets_TuneCP5_13TeV-amcatnloFXFX-pythia8/240205_152245//0001/SSBTree_1568.root
adding: dcap://cluster142.knu.ac.kr//pnfs/knu.ac.kr/data/cms/store/user/sha/Run2FULL/2016PreVFP/MC/TTJets_TuneCP5_13TeV-amcatnloFXFX-pythia8/crab_TTJets_TuneCP5_13TeV-amcatnloFXFX-pythia8/240205_152245//0001/SSBTree_1569.root
adding: dcap://cluster142.knu.ac.kr//pnfs/knu.ac.kr/data/cms/store/user/sha/Run2FULL/2016PreVFP/MC/TTJets_TuneCP5_13TeV-amcatnloFXFX-pythia8/crab_TTJets_TuneCP5_13TeV-amcatnloFXFX-pythia8/240205_152245//0001/SSBTree_1570.root
Total number of events after merging root files: 249369
Event 0
Event 10000
Event 20000
Event 30000
Event 40000
Event 50000
Event 60000
Event 70000
Event 80000
Event 90000
Event 100000
Event 110000
Event 120000
Event 130000
Event 140000
Event 150000
Event 160000
Event 170000
Event 180000
Event 190000
Event 200000
Event 210000
Event 220000
Event 230000
Event 240000
Total processed number of events: 249369
End processing...

The number of options is: 2
Option 0 = ./TopMass_analysis
Option 1 = TTJets_Inclusive/TTJets_Inclusive_195.list
Option 2 = TTJets_Inclusive/TTJets_Inclusive_195.txt
Input filelist = TTJets_Inclusive/TTJets_Inclusive_195.list
Output file name = TTJets_Inclusive/TTJets_Inclusive_195.txt


start merging file(s)
adding: dcap://cluster142.knu.ac.kr//pnfs/knu.ac.kr/data/cms/store/user/sha/Run2FULL/2016PreVFP/MC/TTJets_TuneCP5_13TeV-amcatnloFXFX-pythia8/crab_TTJets_TuneCP5_13TeV-amcatnloFXFX-pythia8/240205_152245//0001/SSBTree_1941.root
adding: dcap://cluster142.knu.ac.kr//pnfs/knu.ac.kr/data/cms/store/user/sha/Run2FULL/2016PreVFP/MC/TTJets_TuneCP5_13TeV-amcatnloFXFX-pythia8/crab_TTJets_TuneCP5_13TeV-amcatnloFXFX-pythia8/240205_152245//0001/SSBTree_1942.root
adding: dcap://cluster142.knu.ac.kr//pnfs/knu.ac.kr/data/cms/store/user/sha/Run2FULL/2016PreVFP/MC/TTJets_TuneCP5_13TeV-amcatnloFXFX-pythia8/crab_TTJets_TuneCP5_13TeV-amcatnloFXFX-pythia8/240205_152245//0001/SSBTree_1943.root
adding: dcap://cluster142.knu.ac.kr//pnfs/knu.ac.kr/data/cms/store/user/sha/Run2FULL/2016PreVFP/MC/TTJets_TuneCP5_13TeV-amcatnloFXFX-pythia8/crab_TTJets_TuneCP5_13TeV-amcatnloFXFX-pythia8/240205_152245//0001/SSBTree_1944.root
adding: dcap://cluster142.knu.ac.kr//pnfs/knu.ac.kr/data/cms/store/user/sha/Run2FULL/2016PreVFP/MC/TTJets_TuneCP5_13TeV-amcatnloFXFX-pythia8/crab_TTJets_TuneCP5_13TeV-amcatnloFXFX-pythia8/240205_152245//0001/SSBTree_1945.root
adding: dcap://cluster142.knu.ac.kr//pnfs/knu.ac.kr/data/cms/store/user/sha/Run2FULL/2016PreVFP/MC/TTJets_TuneCP5_13TeV-amcatnloFXFX-pythia8/crab_TTJets_TuneCP5_13TeV-amcatnloFXFX-pythia8/240205_152245//0001/SSBTree_1946.root
adding: dcap://cluster142.knu.ac.kr//pnfs/knu.ac.kr/data/cms/store/user/sha/Run2FULL/2016PreVFP/MC/TTJets_TuneCP5_13TeV-amcatnloFXFX-pythia8/crab_TTJets_TuneCP5_13TeV-amcatnloFXFX-pythia8/240205_152245//0001/SSBTree_1947.root
adding: dcap://cluster142.knu.ac.kr//pnfs/knu.ac.kr/data/cms/store/user/sha/Run2FULL/2016PreVFP/MC/TTJets_TuneCP5_13TeV-amcatnloFXFX-pythia8/crab_TTJets_TuneCP5_13TeV-amcatnloFXFX-pythia8/240205_152245//0001/SSBTree_1948.root
adding: dcap://cluster142.knu.ac.kr//pnfs/knu.ac.kr/data/cms/store/user/sha/Run2FULL/2016PreVFP/MC/TTJets_TuneCP5_13TeV-amcatnloFXFX-pythia8/crab_TTJets_TuneCP5_13TeV-amcatnloFXFX-pythia8/240205_152245//0001/SSBTree_1949.root
adding: dcap://cluster142.knu.ac.kr//pnfs/knu.ac.kr/data/cms/store/user/sha/Run2FULL/2016PreVFP/MC/TTJets_TuneCP5_13TeV-amcatnloFXFX-pythia8/crab_TTJets_TuneCP5_13TeV-amcatnloFXFX-pythia8/240205_152245//0001/SSBTree_1950.root
Total number of events after merging root files: 249597
Event 0
Event 10000
Event 20000
Event 30000
Event 40000
Event 50000
Event 60000
Event 70000
Event 80000
Event 90000
Event 100000
Event 110000
Event 120000
Event 130000
Event 140000
Event 150000
Event 160000
Event 170000
Event 180000
Event 190000
Event 200000
Event 210000
Event 220000
Event 230000
Event 240000
Total processed number of events: 249597
End processing...

The number of options is: 2
Option 0 = ./TopMass_analysis
Option 1 = TTJets_Inclusive/TTJets_Inclusive_233.list
Option 2 = TTJets_Inclusive/TTJets_Inclusive_233.txt
Input filelist = TTJets_Inclusive/TTJets_Inclusive_233.list
Output file name = TTJets_Inclusive/TTJets_Inclusive_233.txt


start merging file(s)
adding: dcap://cluster142.knu.ac.kr//pnfs/knu.ac.kr/data/cms/store/user/sha/Run2FULL/2016PreVFP/MC/TTJets_TuneCP5_13TeV-amcatnloFXFX-pythia8/crab_TTJets_TuneCP5_13TeV-amcatnloFXFX-pythia8/240205_152245//0002/SSBTree_2321.root
adding: dcap://cluster142.knu.ac.kr//pnfs/knu.ac.kr/data/cms/store/user/sha/Run2FULL/2016PreVFP/MC/TTJets_TuneCP5_13TeV-amcatnloFXFX-pythia8/crab_TTJets_TuneCP5_13TeV-amcatnloFXFX-pythia8/240205_152245//0002/SSBTree_2322.root
adding: dcap://cluster142.knu.ac.kr//pnfs/knu.ac.kr/data/cms/store/user/sha/Run2FULL/2016PreVFP/MC/TTJets_TuneCP5_13TeV-amcatnloFXFX-pythia8/crab_TTJets_TuneCP5_13TeV-amcatnloFXFX-pythia8/240205_152245//0002/SSBTree_2323.root
adding: dcap://cluster142.knu.ac.kr//pnfs/knu.ac.kr/data/cms/store/user/sha/Run2FULL/2016PreVFP/MC/TTJets_TuneCP5_13TeV-amcatnloFXFX-pythia8/crab_TTJets_TuneCP5_13TeV-amcatnloFXFX-pythia8/240205_152245//0002/SSBTree_2324.root
adding: dcap://cluster142.knu.ac.kr//pnfs/knu.ac.kr/data/cms/store/user/sha/Run2FULL/2016PreVFP/MC/TTJets_TuneCP5_13TeV-amcatnloFXFX-pythia8/crab_TTJets_TuneCP5_13TeV-amcatnloFXFX-pythia8/240205_152245//0002/SSBTree_2325.root
adding: dcap://cluster142.knu.ac.kr//pnfs/knu.ac.kr/data/cms/store/user/sha/Run2FULL/2016PreVFP/MC/TTJets_TuneCP5_13TeV-amcatnloFXFX-pythia8/crab_TTJets_TuneCP5_13TeV-amcatnloFXFX-pythia8/240205_152245//0002/SSBTree_2326.root
adding: dcap://cluster142.knu.ac.kr//pnfs/knu.ac.kr/data/cms/store/user/sha/Run2FULL/2016PreVFP/MC/TTJets_TuneCP5_13TeV-amcatnloFXFX-pythia8/crab_TTJets_TuneCP5_13TeV-amcatnloFXFX-pythia8/240205_152245//0002/SSBTree_2327.root
adding: dcap://cluster142.knu.ac.kr//pnfs/knu.ac.kr/data/cms/store/user/sha/Run2FULL/2016PreVFP/MC/TTJets_TuneCP5_13TeV-amcatnloFXFX-pythia8/crab_TTJets_TuneCP5_13TeV-amcatnloFXFX-pythia8/240205_152245//0002/SSBTree_2328.root
adding: dcap://cluster142.knu.ac.kr//pnfs/knu.ac.kr/data/cms/store/user/sha/Run2FULL/2016PreVFP/MC/TTJets_TuneCP5_13TeV-amcatnloFXFX-pythia8/crab_TTJets_TuneCP5_13TeV-amcatnloFXFX-pythia8/240205_152245//0002/SSBTree_2329.root
adding: dcap://cluster142.knu.ac.kr//pnfs/knu.ac.kr/data/cms/store/user/sha/Run2FULL/2016PreVFP/MC/TTJets_TuneCP5_13TeV-amcatnloFXFX-pythia8/crab_TTJets_TuneCP5_13TeV-amcatnloFXFX-pythia8/240205_152245//0002/SSBTree_2330.root
Total number of events after merging root files: 249333
Event 0
Event 10000
Event 20000
Event 30000
Event 40000
Event 50000
Event 60000
Event 70000
Event 80000
Event 90000
Event 100000
Event 110000
Event 120000
Event 130000
Event 140000
Event 150000
Event 160000
Event 170000
Event 180000
Event 190000
Event 200000
Event 210000
Event 220000
Event 230000
Event 240000
Total processed number of events: 249333
End processing...

The number of options is: 2
Option 0 = ./TopMass_analysis
Option 1 = TTJets_Inclusive/TTJets_Inclusive_271.list
Option 2 = TTJets_Inclusive/TTJets_Inclusive_271.txt
Input filelist = TTJets_Inclusive/TTJets_Inclusive_271.list
Output file name = TTJets_Inclusive/TTJets_Inclusive_271.txt


start merging file(s)
adding: dcap://cluster142.knu.ac.kr//pnfs/knu.ac.kr/data/cms/store/user/sha/Run2FULL/2016PreVFP/MC/TTJets_TuneCP5_13TeV-amcatnloFXFX-pythia8/crab_TTJets_TuneCP5_13TeV-amcatnloFXFX-pythia8/240205_152245//0002/SSBTree_2701.root
adding: dcap://cluster142.knu.ac.kr//pnfs/knu.ac.kr/data/cms/store/user/sha/Run2FULL/2016PreVFP/MC/TTJets_TuneCP5_13TeV-amcatnloFXFX-pythia8/crab_TTJets_TuneCP5_13TeV-amcatnloFXFX-pythia8/240205_152245//0002/SSBTree_2702.root
adding: dcap://cluster142.knu.ac.kr//pnfs/knu.ac.kr/data/cms/store/user/sha/Run2FULL/2016PreVFP/MC/TTJets_TuneCP5_13TeV-amcatnloFXFX-pythia8/crab_TTJets_TuneCP5_13TeV-amcatnloFXFX-pythia8/240205_152245//0002/SSBTree_2703.root
adding: dcap://cluster142.knu.ac.kr//pnfs/knu.ac.kr/data/cms/store/user/sha/Run2FULL/2016PreVFP/MC/TTJets_TuneCP5_13TeV-amcatnloFXFX-pythia8/crab_TTJets_TuneCP5_13TeV-amcatnloFXFX-pythia8/240205_152245//0002/SSBTree_2704.root
adding: dcap://cluster142.knu.ac.kr//pnfs/knu.ac.kr/data/cms/store/user/sha/Run2FULL/2016PreVFP/MC/TTJets_TuneCP5_13TeV-amcatnloFXFX-pythia8/crab_TTJets_TuneCP5_13TeV-amcatnloFXFX-pythia8/240205_152245//0002/SSBTree_2705.root
adding: dcap://cluster142.knu.ac.kr//pnfs/knu.ac.kr/data/cms/store/user/sha/Run2FULL/2016PreVFP/MC/TTJets_TuneCP5_13TeV-amcatnloFXFX-pythia8/crab_TTJets_TuneCP5_13TeV-amcatnloFXFX-pythia8/240205_152245//0002/SSBTree_2706.root
adding: dcap://cluster142.knu.ac.kr//pnfs/knu.ac.kr/data/cms/store/user/sha/Run2FULL/2016PreVFP/MC/TTJets_TuneCP5_13TeV-amcatnloFXFX-pythia8/crab_TTJets_TuneCP5_13TeV-amcatnloFXFX-pythia8/240205_152245//0002/SSBTree_2707.root
adding: dcap://cluster142.knu.ac.kr//pnfs/knu.ac.kr/data/cms/store/user/sha/Run2FULL/2016PreVFP/MC/TTJets_TuneCP5_13TeV-amcatnloFXFX-pythia8/crab_TTJets_TuneCP5_13TeV-amcatnloFXFX-pythia8/240205_152245//0002/SSBTree_2708.root
adding: dcap://cluster142.knu.ac.kr//pnfs/knu.ac.kr/data/cms/store/user/sha/Run2FULL/2016PreVFP/MC/TTJets_TuneCP5_13TeV-amcatnloFXFX-pythia8/crab_TTJets_TuneCP5_13TeV-amcatnloFXFX-pythia8/240205_152245//0002/SSBTree_2709.root
adding: dcap://cluster142.knu.ac.kr//pnfs/knu.ac.kr/data/cms/store/user/sha/Run2FULL/2016PreVFP/MC/TTJets_TuneCP5_13TeV-amcatnloFXFX-pythia8/crab_TTJets_TuneCP5_13TeV-amcatnloFXFX-pythia8/240205_152245//0002/SSBTree_2710.root
Total number of events after merging root files: 246887
Event 0
Event 10000
Event 20000
Event 30000
Event 40000
Event 50000
Event 60000
Event 70000
Event 80000
Event 90000
Event 100000
Event 110000
Event 120000
Event 130000
Event 140000
Event 150000
Event 160000
Event 170000
Event 180000
Event 190000
Event 200000
Event 210000
Event 220000
Event 230000
Event 240000
Total processed number of events: 246887
End processing...

The number of options is: 2
Option 0 = ./TopMass_analysis
Option 1 = TTJets_Inclusive/TTJets_Inclusive_309.list
Option 2 = TTJets_Inclusive/TTJets_Inclusive_309.txt
Input filelist = TTJets_Inclusive/TTJets_Inclusive_309.list
Output file name = TTJets_Inclusive/TTJets_Inclusive_309.txt


start merging file(s)
adding: dcap://cluster142.knu.ac.kr//pnfs/knu.ac.kr/data/cms/store/user/sha/Run2FULL/2016PreVFP/MC/TTJets_TuneCP5_13TeV-amcatnloFXFX-pythia8/crab_TTJets_TuneCP5_13TeV-amcatnloFXFX-pythia8/240205_152245//0003/SSBTree_3081.root
adding: dcap://cluster142.knu.ac.kr//pnfs/knu.ac.kr/data/cms/store/user/sha/Run2FULL/2016PreVFP/MC/TTJets_TuneCP5_13TeV-amcatnloFXFX-pythia8/crab_TTJets_TuneCP5_13TeV-amcatnloFXFX-pythia8/240205_152245//0003/SSBTree_3082.root
adding: dcap://cluster142.knu.ac.kr//pnfs/knu.ac.kr/data/cms/store/user/sha/Run2FULL/2016PreVFP/MC/TTJets_TuneCP5_13TeV-amcatnloFXFX-pythia8/crab_TTJets_TuneCP5_13TeV-amcatnloFXFX-pythia8/240205_152245//0003/SSBTree_3083.root
adding: dcap://cluster142.knu.ac.kr//pnfs/knu.ac.kr/data/cms/store/user/sha/Run2FULL/2016PreVFP/MC/TTJets_TuneCP5_13TeV-amcatnloFXFX-pythia8/crab_TTJets_TuneCP5_13TeV-amcatnloFXFX-pythia8/240205_152245//0003/SSBTree_3084.root
adding: dcap://cluster142.knu.ac.kr//pnfs/knu.ac.kr/data/cms/store/user/sha/Run2FULL/2016PreVFP/MC/TTJets_TuneCP5_13TeV-amcatnloFXFX-pythia8/crab_TTJets_TuneCP5_13TeV-amcatnloFXFX-pythia8/240205_152245//0003/SSBTree_3085.root
adding: dcap://cluster142.knu.ac.kr//pnfs/knu.ac.kr/data/cms/store/user/sha/Run2FULL/2016PreVFP/MC/TTJets_TuneCP5_13TeV-amcatnloFXFX-pythia8/crab_TTJets_TuneCP5_13TeV-amcatnloFXFX-pythia8/240205_152245//0003/SSBTree_3086.root
adding: dcap://cluster142.knu.ac.kr//pnfs/knu.ac.kr/data/cms/store/user/sha/Run2FULL/2016PreVFP/MC/TTJets_TuneCP5_13TeV-amcatnloFXFX-pythia8/crab_TTJets_TuneCP5_13TeV-amcatnloFXFX-pythia8/240205_152245//0003/SSBTree_3087.root
adding: dcap://cluster142.knu.ac.kr//pnfs/knu.ac.kr/data/cms/store/user/sha/Run2FULL/2016PreVFP/MC/TTJets_TuneCP5_13TeV-amcatnloFXFX-pythia8/crab_TTJets_TuneCP5_13TeV-amcatnloFXFX-pythia8/240205_152245//0003/SSBTree_3088.root
adding: dcap://cluster142.knu.ac.kr//pnfs/knu.ac.kr/data/cms/store/user/sha/Run2FULL/2016PreVFP/MC/TTJets_TuneCP5_13TeV-amcatnloFXFX-pythia8/crab_TTJets_TuneCP5_13TeV-amcatnloFXFX-pythia8/240205_152245//0003/SSBTree_3089.root
adding: dcap://cluster142.knu.ac.kr//pnfs/knu.ac.kr/data/cms/store/user/sha/Run2FULL/2016PreVFP/MC/TTJets_TuneCP5_13TeV-amcatnloFXFX-pythia8/crab_TTJets_TuneCP5_13TeV-amcatnloFXFX-pythia8/240205_152245//0003/SSBTree_3090.root
Total number of events after merging root files: 249479
Event 0
Event 10000
Event 20000
Event 30000
Event 40000
Event 50000
Event 60000
Event 70000
Event 80000
Event 90000
Event 100000
Event 110000
Event 120000
Event 130000
Event 140000
Event 150000
Event 160000
Event 170000
Event 180000
Event 190000
Event 200000
Event 210000
Event 220000
Event 230000
Event 240000
Total processed number of events: 249479
End processing...

The number of options is: 2
Option 0 = ./TopMass_analysis
Option 1 = TTJets_Inclusive/TTJets_Inclusive_347.list
Option 2 = TTJets_Inclusive/TTJets_Inclusive_347.txt
Input filelist = TTJets_Inclusive/TTJets_Inclusive_347.list
Output file name = TTJets_Inclusive/TTJets_Inclusive_347.txt


start merging file(s)
adding: dcap://cluster142.knu.ac.kr//pnfs/knu.ac.kr/data/cms/store/user/sha/Run2FULL/2016PreVFP/MC/TTJets_TuneCP5_13TeV-amcatnloFXFX-pythia8/crab_TTJets_TuneCP5_13TeV-amcatnloFXFX-pythia8/240205_152245//0003/SSBTree_3461.root
adding: dcap://cluster142.knu.ac.kr//pnfs/knu.ac.kr/data/cms/store/user/sha/Run2FULL/2016PreVFP/MC/TTJets_TuneCP5_13TeV-amcatnloFXFX-pythia8/crab_TTJets_TuneCP5_13TeV-amcatnloFXFX-pythia8/240205_152245//0003/SSBTree_3462.root
adding: dcap://cluster142.knu.ac.kr//pnfs/knu.ac.kr/data/cms/store/user/sha/Run2FULL/2016PreVFP/MC/TTJets_TuneCP5_13TeV-amcatnloFXFX-pythia8/crab_TTJets_TuneCP5_13TeV-amcatnloFXFX-pythia8/240205_152245//0003/SSBTree_3463.root
adding: dcap://cluster142.knu.ac.kr//pnfs/knu.ac.kr/data/cms/store/user/sha/Run2FULL/2016PreVFP/MC/TTJets_TuneCP5_13TeV-amcatnloFXFX-pythia8/crab_TTJets_TuneCP5_13TeV-amcatnloFXFX-pythia8/240205_152245//0003/SSBTree_3464.root
adding: dcap://cluster142.knu.ac.kr//pnfs/knu.ac.kr/data/cms/store/user/sha/Run2FULL/2016PreVFP/MC/TTJets_TuneCP5_13TeV-amcatnloFXFX-pythia8/crab_TTJets_TuneCP5_13TeV-amcatnloFXFX-pythia8/240205_152245//0003/SSBTree_3465.root
adding: dcap://cluster142.knu.ac.kr//pnfs/knu.ac.kr/data/cms/store/user/sha/Run2FULL/2016PreVFP/MC/TTJets_TuneCP5_13TeV-amcatnloFXFX-pythia8/crab_TTJets_TuneCP5_13TeV-amcatnloFXFX-pythia8/240205_152245//0003/SSBTree_3466.root
adding: dcap://cluster142.knu.ac.kr//pnfs/knu.ac.kr/data/cms/store/user/sha/Run2FULL/2016PreVFP/MC/TTJets_TuneCP5_13TeV-amcatnloFXFX-pythia8/crab_TTJets_TuneCP5_13TeV-amcatnloFXFX-pythia8/240205_152245//0003/SSBTree_3467.root
adding: dcap://cluster142.knu.ac.kr//pnfs/knu.ac.kr/data/cms/store/user/sha/Run2FULL/2016PreVFP/MC/TTJets_TuneCP5_13TeV-amcatnloFXFX-pythia8/crab_TTJets_TuneCP5_13TeV-amcatnloFXFX-pythia8/240205_152245//0003/SSBTree_3468.root
adding: dcap://cluster142.knu.ac.kr//pnfs/knu.ac.kr/data/cms/store/user/sha/Run2FULL/2016PreVFP/MC/TTJets_TuneCP5_13TeV-amcatnloFXFX-pythia8/crab_TTJets_TuneCP5_13TeV-amcatnloFXFX-pythia8/240205_152245//0003/SSBTree_3469.root
adding: dcap://cluster142.knu.ac.kr//pnfs/knu.ac.kr/data/cms/store/user/sha/Run2FULL/2016PreVFP/MC/TTJets_TuneCP5_13TeV-amcatnloFXFX-pythia8/crab_TTJets_TuneCP5_13TeV-amcatnloFXFX-pythia8/240205_152245//0003/SSBTree_3470.root
Total number of events after merging root files: 249225
Event 0
Event 10000
Event 20000
Event 30000
Event 40000
Event 50000
Event 60000
Event 70000
Event 80000
Event 90000
Event 100000
Event 110000
Event 120000
Event 130000
Event 140000
Event 150000
Event 160000
Event 170000
Event 180000
Event 190000
Event 200000
Event 210000
Event 220000
Event 230000
Event 240000
Total processed number of events: 249225
End processing...

