The number of options is: 2
Option 0 = ./TopMass_analysis
Option 1 = TTJets_Inclusive/TTJets_Inclusive_8.list
Option 2 = TTJets_Inclusive/TTJets_Inclusive_8.txt
Input filelist = TTJets_Inclusive/TTJets_Inclusive_8.list
Output file name = TTJets_Inclusive/TTJets_Inclusive_8.txt


start merging file(s)
adding: dcap://cluster142.knu.ac.kr//pnfs/knu.ac.kr/data/cms/store/user/sha/Run2FULL/2016PreVFP/MC/TTJets_TuneCP5_13TeV-amcatnloFXFX-pythia8/crab_TTJets_TuneCP5_13TeV-amcatnloFXFX-pythia8/240205_152245//0000/SSBTree_164.root
adding: dcap://cluster142.knu.ac.kr//pnfs/knu.ac.kr/data/cms/store/user/sha/Run2FULL/2016PreVFP/MC/TTJets_TuneCP5_13TeV-amcatnloFXFX-pythia8/crab_TTJets_TuneCP5_13TeV-amcatnloFXFX-pythia8/240205_152245//0000/SSBTree_165.root
adding: dcap://cluster142.knu.ac.kr//pnfs/knu.ac.kr/data/cms/store/user/sha/Run2FULL/2016PreVFP/MC/TTJets_TuneCP5_13TeV-amcatnloFXFX-pythia8/crab_TTJets_TuneCP5_13TeV-amcatnloFXFX-pythia8/240205_152245//0000/SSBTree_166.root
adding: dcap://cluster142.knu.ac.kr//pnfs/knu.ac.kr/data/cms/store/user/sha/Run2FULL/2016PreVFP/MC/TTJets_TuneCP5_13TeV-amcatnloFXFX-pythia8/crab_TTJets_TuneCP5_13TeV-amcatnloFXFX-pythia8/240205_152245//0000/SSBTree_167.root
adding: dcap://cluster142.knu.ac.kr//pnfs/knu.ac.kr/data/cms/store/user/sha/Run2FULL/2016PreVFP/MC/TTJets_TuneCP5_13TeV-amcatnloFXFX-pythia8/crab_TTJets_TuneCP5_13TeV-amcatnloFXFX-pythia8/240205_152245//0000/SSBTree_168.root
adding: dcap://cluster142.knu.ac.kr//pnfs/knu.ac.kr/data/cms/store/user/sha/Run2FULL/2016PreVFP/MC/TTJets_TuneCP5_13TeV-amcatnloFXFX-pythia8/crab_TTJets_TuneCP5_13TeV-amcatnloFXFX-pythia8/240205_152245//0000/SSBTree_169.root
adding: dcap://cluster142.knu.ac.kr//pnfs/knu.ac.kr/data/cms/store/user/sha/Run2FULL/2016PreVFP/MC/TTJets_TuneCP5_13TeV-amcatnloFXFX-pythia8/crab_TTJets_TuneCP5_13TeV-amcatnloFXFX-pythia8/240205_152245//0000/SSBTree_16.root
adding: dcap://cluster142.knu.ac.kr//pnfs/knu.ac.kr/data/cms/store/user/sha/Run2FULL/2016PreVFP/MC/TTJets_TuneCP5_13TeV-amcatnloFXFX-pythia8/crab_TTJets_TuneCP5_13TeV-amcatnloFXFX-pythia8/240205_152245//0000/SSBTree_170.root
adding: dcap://cluster142.knu.ac.kr//pnfs/knu.ac.kr/data/cms/store/user/sha/Run2FULL/2016PreVFP/MC/TTJets_TuneCP5_13TeV-amcatnloFXFX-pythia8/crab_TTJets_TuneCP5_13TeV-amcatnloFXFX-pythia8/240205_152245//0000/SSBTree_171.root
adding: dcap://cluster142.knu.ac.kr//pnfs/knu.ac.kr/data/cms/store/user/sha/Run2FULL/2016PreVFP/MC/TTJets_TuneCP5_13TeV-amcatnloFXFX-pythia8/crab_TTJets_TuneCP5_13TeV-amcatnloFXFX-pythia8/240205_152245//0000/SSBTree_172.root
Total number of events after merging root files: 248903
Event 0
Event 10000
Event 20000
Event 30000
Event 40000
Event 50000
Event 60000
Event 70000
Event 80000
Event 90000
Event 100000
Event 110000
Event 120000
Event 130000
Event 140000
Event 150000
Event 160000
Event 170000
Event 180000
Event 190000
Event 200000
Event 210000
Event 220000
Event 230000
Event 240000
Total processed number of events: 248903
End processing...

The number of options is: 2
Option 0 = ./TopMass_analysis
Option 1 = TTJets_Inclusive/TTJets_Inclusive_46.list
Option 2 = TTJets_Inclusive/TTJets_Inclusive_46.txt
Input filelist = TTJets_Inclusive/TTJets_Inclusive_46.list
Output file name = TTJets_Inclusive/TTJets_Inclusive_46.txt


start merging file(s)
adding: dcap://cluster142.knu.ac.kr//pnfs/knu.ac.kr/data/cms/store/user/sha/Run2FULL/2016PreVFP/MC/TTJets_TuneCP5_13TeV-amcatnloFXFX-pythia8/crab_TTJets_TuneCP5_13TeV-amcatnloFXFX-pythia8/240205_152245//0000/SSBTree_506.root
adding: dcap://cluster142.knu.ac.kr//pnfs/knu.ac.kr/data/cms/store/user/sha/Run2FULL/2016PreVFP/MC/TTJets_TuneCP5_13TeV-amcatnloFXFX-pythia8/crab_TTJets_TuneCP5_13TeV-amcatnloFXFX-pythia8/240205_152245//0000/SSBTree_507.root
adding: dcap://cluster142.knu.ac.kr//pnfs/knu.ac.kr/data/cms/store/user/sha/Run2FULL/2016PreVFP/MC/TTJets_TuneCP5_13TeV-amcatnloFXFX-pythia8/crab_TTJets_TuneCP5_13TeV-amcatnloFXFX-pythia8/240205_152245//0000/SSBTree_508.root
adding: dcap://cluster142.knu.ac.kr//pnfs/knu.ac.kr/data/cms/store/user/sha/Run2FULL/2016PreVFP/MC/TTJets_TuneCP5_13TeV-amcatnloFXFX-pythia8/crab_TTJets_TuneCP5_13TeV-amcatnloFXFX-pythia8/240205_152245//0000/SSBTree_509.root
adding: dcap://cluster142.knu.ac.kr//pnfs/knu.ac.kr/data/cms/store/user/sha/Run2FULL/2016PreVFP/MC/TTJets_TuneCP5_13TeV-amcatnloFXFX-pythia8/crab_TTJets_TuneCP5_13TeV-amcatnloFXFX-pythia8/240205_152245//0000/SSBTree_50.root
adding: dcap://cluster142.knu.ac.kr//pnfs/knu.ac.kr/data/cms/store/user/sha/Run2FULL/2016PreVFP/MC/TTJets_TuneCP5_13TeV-amcatnloFXFX-pythia8/crab_TTJets_TuneCP5_13TeV-amcatnloFXFX-pythia8/240205_152245//0000/SSBTree_510.root
adding: dcap://cluster142.knu.ac.kr//pnfs/knu.ac.kr/data/cms/store/user/sha/Run2FULL/2016PreVFP/MC/TTJets_TuneCP5_13TeV-amcatnloFXFX-pythia8/crab_TTJets_TuneCP5_13TeV-amcatnloFXFX-pythia8/240205_152245//0000/SSBTree_511.root
adding: dcap://cluster142.knu.ac.kr//pnfs/knu.ac.kr/data/cms/store/user/sha/Run2FULL/2016PreVFP/MC/TTJets_TuneCP5_13TeV-amcatnloFXFX-pythia8/crab_TTJets_TuneCP5_13TeV-amcatnloFXFX-pythia8/240205_152245//0000/SSBTree_512.root
adding: dcap://cluster142.knu.ac.kr//pnfs/knu.ac.kr/data/cms/store/user/sha/Run2FULL/2016PreVFP/MC/TTJets_TuneCP5_13TeV-amcatnloFXFX-pythia8/crab_TTJets_TuneCP5_13TeV-amcatnloFXFX-pythia8/240205_152245//0000/SSBTree_513.root
adding: dcap://cluster142.knu.ac.kr//pnfs/knu.ac.kr/data/cms/store/user/sha/Run2FULL/2016PreVFP/MC/TTJets_TuneCP5_13TeV-amcatnloFXFX-pythia8/crab_TTJets_TuneCP5_13TeV-amcatnloFXFX-pythia8/240205_152245//0000/SSBTree_514.root
Total number of events after merging root files: 249101
Event 0
Event 10000
Event 20000
Event 30000
Event 40000
Event 50000
Event 60000
Event 70000
Event 80000
Event 90000
Event 100000
Event 110000
Event 120000
Event 130000
Event 140000
Event 150000
Event 160000
Event 170000
Event 180000
Event 190000
Event 200000
Event 210000
Event 220000
Event 230000
Event 240000
Total processed number of events: 249101
End processing...

The number of options is: 2
Option 0 = ./TopMass_analysis
Option 1 = TTJets_Inclusive/TTJets_Inclusive_84.list
Option 2 = TTJets_Inclusive/TTJets_Inclusive_84.txt
Input filelist = TTJets_Inclusive/TTJets_Inclusive_84.list
Output file name = TTJets_Inclusive/TTJets_Inclusive_84.txt


start merging file(s)
adding: dcap://cluster142.knu.ac.kr//pnfs/knu.ac.kr/data/cms/store/user/sha/Run2FULL/2016PreVFP/MC/TTJets_TuneCP5_13TeV-amcatnloFXFX-pythia8/crab_TTJets_TuneCP5_13TeV-amcatnloFXFX-pythia8/240205_152245//0000/SSBTree_849.root
adding: dcap://cluster142.knu.ac.kr//pnfs/knu.ac.kr/data/cms/store/user/sha/Run2FULL/2016PreVFP/MC/TTJets_TuneCP5_13TeV-amcatnloFXFX-pythia8/crab_TTJets_TuneCP5_13TeV-amcatnloFXFX-pythia8/240205_152245//0000/SSBTree_84.root
adding: dcap://cluster142.knu.ac.kr//pnfs/knu.ac.kr/data/cms/store/user/sha/Run2FULL/2016PreVFP/MC/TTJets_TuneCP5_13TeV-amcatnloFXFX-pythia8/crab_TTJets_TuneCP5_13TeV-amcatnloFXFX-pythia8/240205_152245//0000/SSBTree_850.root
adding: dcap://cluster142.knu.ac.kr//pnfs/knu.ac.kr/data/cms/store/user/sha/Run2FULL/2016PreVFP/MC/TTJets_TuneCP5_13TeV-amcatnloFXFX-pythia8/crab_TTJets_TuneCP5_13TeV-amcatnloFXFX-pythia8/240205_152245//0000/SSBTree_851.root
adding: dcap://cluster142.knu.ac.kr//pnfs/knu.ac.kr/data/cms/store/user/sha/Run2FULL/2016PreVFP/MC/TTJets_TuneCP5_13TeV-amcatnloFXFX-pythia8/crab_TTJets_TuneCP5_13TeV-amcatnloFXFX-pythia8/240205_152245//0000/SSBTree_852.root
adding: dcap://cluster142.knu.ac.kr//pnfs/knu.ac.kr/data/cms/store/user/sha/Run2FULL/2016PreVFP/MC/TTJets_TuneCP5_13TeV-amcatnloFXFX-pythia8/crab_TTJets_TuneCP5_13TeV-amcatnloFXFX-pythia8/240205_152245//0000/SSBTree_853.root
adding: dcap://cluster142.knu.ac.kr//pnfs/knu.ac.kr/data/cms/store/user/sha/Run2FULL/2016PreVFP/MC/TTJets_TuneCP5_13TeV-amcatnloFXFX-pythia8/crab_TTJets_TuneCP5_13TeV-amcatnloFXFX-pythia8/240205_152245//0000/SSBTree_854.root
adding: dcap://cluster142.knu.ac.kr//pnfs/knu.ac.kr/data/cms/store/user/sha/Run2FULL/2016PreVFP/MC/TTJets_TuneCP5_13TeV-amcatnloFXFX-pythia8/crab_TTJets_TuneCP5_13TeV-amcatnloFXFX-pythia8/240205_152245//0000/SSBTree_855.root
adding: dcap://cluster142.knu.ac.kr//pnfs/knu.ac.kr/data/cms/store/user/sha/Run2FULL/2016PreVFP/MC/TTJets_TuneCP5_13TeV-amcatnloFXFX-pythia8/crab_TTJets_TuneCP5_13TeV-amcatnloFXFX-pythia8/240205_152245//0000/SSBTree_856.root
adding: dcap://cluster142.knu.ac.kr//pnfs/knu.ac.kr/data/cms/store/user/sha/Run2FULL/2016PreVFP/MC/TTJets_TuneCP5_13TeV-amcatnloFXFX-pythia8/crab_TTJets_TuneCP5_13TeV-amcatnloFXFX-pythia8/240205_152245//0000/SSBTree_857.root
Total number of events after merging root files: 249373
Event 0
Event 10000
Event 20000
Event 30000
Event 40000
Event 50000
Event 60000
Event 70000
Event 80000
Event 90000
Event 100000
Event 110000
Event 120000
Event 130000
Event 140000
Event 150000
Event 160000
Event 170000
Event 180000
Event 190000
Event 200000
Event 210000
Event 220000
Event 230000
Event 240000
Total processed number of events: 249373
End processing...

The number of options is: 2
Option 0 = ./TopMass_analysis
Option 1 = TTJets_Inclusive/TTJets_Inclusive_122.list
Option 2 = TTJets_Inclusive/TTJets_Inclusive_122.txt
Input filelist = TTJets_Inclusive/TTJets_Inclusive_122.list
Output file name = TTJets_Inclusive/TTJets_Inclusive_122.txt


start merging file(s)
adding: dcap://cluster142.knu.ac.kr//pnfs/knu.ac.kr/data/cms/store/user/sha/Run2FULL/2016PreVFP/MC/TTJets_TuneCP5_13TeV-amcatnloFXFX-pythia8/crab_TTJets_TuneCP5_13TeV-amcatnloFXFX-pythia8/240205_152245//0001/SSBTree_1211.root
adding: dcap://cluster142.knu.ac.kr//pnfs/knu.ac.kr/data/cms/store/user/sha/Run2FULL/2016PreVFP/MC/TTJets_TuneCP5_13TeV-amcatnloFXFX-pythia8/crab_TTJets_TuneCP5_13TeV-amcatnloFXFX-pythia8/240205_152245//0001/SSBTree_1212.root
adding: dcap://cluster142.knu.ac.kr//pnfs/knu.ac.kr/data/cms/store/user/sha/Run2FULL/2016PreVFP/MC/TTJets_TuneCP5_13TeV-amcatnloFXFX-pythia8/crab_TTJets_TuneCP5_13TeV-amcatnloFXFX-pythia8/240205_152245//0001/SSBTree_1213.root
adding: dcap://cluster142.knu.ac.kr//pnfs/knu.ac.kr/data/cms/store/user/sha/Run2FULL/2016PreVFP/MC/TTJets_TuneCP5_13TeV-amcatnloFXFX-pythia8/crab_TTJets_TuneCP5_13TeV-amcatnloFXFX-pythia8/240205_152245//0001/SSBTree_1214.root
adding: dcap://cluster142.knu.ac.kr//pnfs/knu.ac.kr/data/cms/store/user/sha/Run2FULL/2016PreVFP/MC/TTJets_TuneCP5_13TeV-amcatnloFXFX-pythia8/crab_TTJets_TuneCP5_13TeV-amcatnloFXFX-pythia8/240205_152245//0001/SSBTree_1215.root
adding: dcap://cluster142.knu.ac.kr//pnfs/knu.ac.kr/data/cms/store/user/sha/Run2FULL/2016PreVFP/MC/TTJets_TuneCP5_13TeV-amcatnloFXFX-pythia8/crab_TTJets_TuneCP5_13TeV-amcatnloFXFX-pythia8/240205_152245//0001/SSBTree_1216.root
adding: dcap://cluster142.knu.ac.kr//pnfs/knu.ac.kr/data/cms/store/user/sha/Run2FULL/2016PreVFP/MC/TTJets_TuneCP5_13TeV-amcatnloFXFX-pythia8/crab_TTJets_TuneCP5_13TeV-amcatnloFXFX-pythia8/240205_152245//0001/SSBTree_1217.root
adding: dcap://cluster142.knu.ac.kr//pnfs/knu.ac.kr/data/cms/store/user/sha/Run2FULL/2016PreVFP/MC/TTJets_TuneCP5_13TeV-amcatnloFXFX-pythia8/crab_TTJets_TuneCP5_13TeV-amcatnloFXFX-pythia8/240205_152245//0001/SSBTree_1218.root
adding: dcap://cluster142.knu.ac.kr//pnfs/knu.ac.kr/data/cms/store/user/sha/Run2FULL/2016PreVFP/MC/TTJets_TuneCP5_13TeV-amcatnloFXFX-pythia8/crab_TTJets_TuneCP5_13TeV-amcatnloFXFX-pythia8/240205_152245//0001/SSBTree_1219.root
adding: dcap://cluster142.knu.ac.kr//pnfs/knu.ac.kr/data/cms/store/user/sha/Run2FULL/2016PreVFP/MC/TTJets_TuneCP5_13TeV-amcatnloFXFX-pythia8/crab_TTJets_TuneCP5_13TeV-amcatnloFXFX-pythia8/240205_152245//0001/SSBTree_1220.root
Total number of events after merging root files: 247655
Event 0
Event 10000
Event 20000
Event 30000
Event 40000
Event 50000
Event 60000
Event 70000
Event 80000
Event 90000
Event 100000
Event 110000
Event 120000
Event 130000
Event 140000
Event 150000
Event 160000
Event 170000
Event 180000
Event 190000
Event 200000
Event 210000
Event 220000
Event 230000
Event 240000
Total processed number of events: 247655
End processing...

The number of options is: 2
Option 0 = ./TopMass_analysis
Option 1 = TTJets_Inclusive/TTJets_Inclusive_160.list
Option 2 = TTJets_Inclusive/TTJets_Inclusive_160.txt
Input filelist = TTJets_Inclusive/TTJets_Inclusive_160.list
Output file name = TTJets_Inclusive/TTJets_Inclusive_160.txt


start merging file(s)
adding: dcap://cluster142.knu.ac.kr//pnfs/knu.ac.kr/data/cms/store/user/sha/Run2FULL/2016PreVFP/MC/TTJets_TuneCP5_13TeV-amcatnloFXFX-pythia8/crab_TTJets_TuneCP5_13TeV-amcatnloFXFX-pythia8/240205_152245//0001/SSBTree_1591.root
adding: dcap://cluster142.knu.ac.kr//pnfs/knu.ac.kr/data/cms/store/user/sha/Run2FULL/2016PreVFP/MC/TTJets_TuneCP5_13TeV-amcatnloFXFX-pythia8/crab_TTJets_TuneCP5_13TeV-amcatnloFXFX-pythia8/240205_152245//0001/SSBTree_1592.root
adding: dcap://cluster142.knu.ac.kr//pnfs/knu.ac.kr/data/cms/store/user/sha/Run2FULL/2016PreVFP/MC/TTJets_TuneCP5_13TeV-amcatnloFXFX-pythia8/crab_TTJets_TuneCP5_13TeV-amcatnloFXFX-pythia8/240205_152245//0001/SSBTree_1593.root
adding: dcap://cluster142.knu.ac.kr//pnfs/knu.ac.kr/data/cms/store/user/sha/Run2FULL/2016PreVFP/MC/TTJets_TuneCP5_13TeV-amcatnloFXFX-pythia8/crab_TTJets_TuneCP5_13TeV-amcatnloFXFX-pythia8/240205_152245//0001/SSBTree_1594.root
adding: dcap://cluster142.knu.ac.kr//pnfs/knu.ac.kr/data/cms/store/user/sha/Run2FULL/2016PreVFP/MC/TTJets_TuneCP5_13TeV-amcatnloFXFX-pythia8/crab_TTJets_TuneCP5_13TeV-amcatnloFXFX-pythia8/240205_152245//0001/SSBTree_1595.root
adding: dcap://cluster142.knu.ac.kr//pnfs/knu.ac.kr/data/cms/store/user/sha/Run2FULL/2016PreVFP/MC/TTJets_TuneCP5_13TeV-amcatnloFXFX-pythia8/crab_TTJets_TuneCP5_13TeV-amcatnloFXFX-pythia8/240205_152245//0001/SSBTree_1596.root
adding: dcap://cluster142.knu.ac.kr//pnfs/knu.ac.kr/data/cms/store/user/sha/Run2FULL/2016PreVFP/MC/TTJets_TuneCP5_13TeV-amcatnloFXFX-pythia8/crab_TTJets_TuneCP5_13TeV-amcatnloFXFX-pythia8/240205_152245//0001/SSBTree_1597.root
adding: dcap://cluster142.knu.ac.kr//pnfs/knu.ac.kr/data/cms/store/user/sha/Run2FULL/2016PreVFP/MC/TTJets_TuneCP5_13TeV-amcatnloFXFX-pythia8/crab_TTJets_TuneCP5_13TeV-amcatnloFXFX-pythia8/240205_152245//0001/SSBTree_1598.root
adding: dcap://cluster142.knu.ac.kr//pnfs/knu.ac.kr/data/cms/store/user/sha/Run2FULL/2016PreVFP/MC/TTJets_TuneCP5_13TeV-amcatnloFXFX-pythia8/crab_TTJets_TuneCP5_13TeV-amcatnloFXFX-pythia8/240205_152245//0001/SSBTree_1599.root
adding: dcap://cluster142.knu.ac.kr//pnfs/knu.ac.kr/data/cms/store/user/sha/Run2FULL/2016PreVFP/MC/TTJets_TuneCP5_13TeV-amcatnloFXFX-pythia8/crab_TTJets_TuneCP5_13TeV-amcatnloFXFX-pythia8/240205_152245//0001/SSBTree_1600.root
Total number of events after merging root files: 248883
Event 0
Event 10000
Event 20000
Event 30000
Event 40000
Event 50000
Event 60000
Event 70000
Event 80000
Event 90000
Event 100000
Event 110000
Event 120000
Event 130000
Event 140000
Event 150000
Event 160000
Event 170000
Event 180000
Event 190000
Event 200000
Event 210000
Event 220000
Event 230000
Event 240000
Total processed number of events: 248883
End processing...

The number of options is: 2
Option 0 = ./TopMass_analysis
Option 1 = TTJets_Inclusive/TTJets_Inclusive_198.list
Option 2 = TTJets_Inclusive/TTJets_Inclusive_198.txt
Input filelist = TTJets_Inclusive/TTJets_Inclusive_198.list
Output file name = TTJets_Inclusive/TTJets_Inclusive_198.txt


start merging file(s)
adding: dcap://cluster142.knu.ac.kr//pnfs/knu.ac.kr/data/cms/store/user/sha/Run2FULL/2016PreVFP/MC/TTJets_TuneCP5_13TeV-amcatnloFXFX-pythia8/crab_TTJets_TuneCP5_13TeV-amcatnloFXFX-pythia8/240205_152245//0001/SSBTree_1971.root
adding: dcap://cluster142.knu.ac.kr//pnfs/knu.ac.kr/data/cms/store/user/sha/Run2FULL/2016PreVFP/MC/TTJets_TuneCP5_13TeV-amcatnloFXFX-pythia8/crab_TTJets_TuneCP5_13TeV-amcatnloFXFX-pythia8/240205_152245//0001/SSBTree_1972.root
adding: dcap://cluster142.knu.ac.kr//pnfs/knu.ac.kr/data/cms/store/user/sha/Run2FULL/2016PreVFP/MC/TTJets_TuneCP5_13TeV-amcatnloFXFX-pythia8/crab_TTJets_TuneCP5_13TeV-amcatnloFXFX-pythia8/240205_152245//0001/SSBTree_1973.root
adding: dcap://cluster142.knu.ac.kr//pnfs/knu.ac.kr/data/cms/store/user/sha/Run2FULL/2016PreVFP/MC/TTJets_TuneCP5_13TeV-amcatnloFXFX-pythia8/crab_TTJets_TuneCP5_13TeV-amcatnloFXFX-pythia8/240205_152245//0001/SSBTree_1974.root
adding: dcap://cluster142.knu.ac.kr//pnfs/knu.ac.kr/data/cms/store/user/sha/Run2FULL/2016PreVFP/MC/TTJets_TuneCP5_13TeV-amcatnloFXFX-pythia8/crab_TTJets_TuneCP5_13TeV-amcatnloFXFX-pythia8/240205_152245//0001/SSBTree_1975.root
adding: dcap://cluster142.knu.ac.kr//pnfs/knu.ac.kr/data/cms/store/user/sha/Run2FULL/2016PreVFP/MC/TTJets_TuneCP5_13TeV-amcatnloFXFX-pythia8/crab_TTJets_TuneCP5_13TeV-amcatnloFXFX-pythia8/240205_152245//0001/SSBTree_1976.root
adding: dcap://cluster142.knu.ac.kr//pnfs/knu.ac.kr/data/cms/store/user/sha/Run2FULL/2016PreVFP/MC/TTJets_TuneCP5_13TeV-amcatnloFXFX-pythia8/crab_TTJets_TuneCP5_13TeV-amcatnloFXFX-pythia8/240205_152245//0001/SSBTree_1977.root
adding: dcap://cluster142.knu.ac.kr//pnfs/knu.ac.kr/data/cms/store/user/sha/Run2FULL/2016PreVFP/MC/TTJets_TuneCP5_13TeV-amcatnloFXFX-pythia8/crab_TTJets_TuneCP5_13TeV-amcatnloFXFX-pythia8/240205_152245//0001/SSBTree_1978.root
adding: dcap://cluster142.knu.ac.kr//pnfs/knu.ac.kr/data/cms/store/user/sha/Run2FULL/2016PreVFP/MC/TTJets_TuneCP5_13TeV-amcatnloFXFX-pythia8/crab_TTJets_TuneCP5_13TeV-amcatnloFXFX-pythia8/240205_152245//0001/SSBTree_1979.root
adding: dcap://cluster142.knu.ac.kr//pnfs/knu.ac.kr/data/cms/store/user/sha/Run2FULL/2016PreVFP/MC/TTJets_TuneCP5_13TeV-amcatnloFXFX-pythia8/crab_TTJets_TuneCP5_13TeV-amcatnloFXFX-pythia8/240205_152245//0001/SSBTree_1980.root
Total number of events after merging root files: 245892
Event 0
Event 10000
Event 20000
Event 30000
Event 40000
Event 50000
Event 60000
Event 70000
Event 80000
Event 90000
Event 100000
Event 110000
Event 120000
Event 130000
Event 140000
Event 150000
Event 160000
Event 170000
Event 180000
Event 190000
Event 200000
Event 210000
Event 220000
Event 230000
Event 240000
Total processed number of events: 245892
End processing...

The number of options is: 2
Option 0 = ./TopMass_analysis
Option 1 = TTJets_Inclusive/TTJets_Inclusive_236.list
Option 2 = TTJets_Inclusive/TTJets_Inclusive_236.txt
Input filelist = TTJets_Inclusive/TTJets_Inclusive_236.list
Output file name = TTJets_Inclusive/TTJets_Inclusive_236.txt


start merging file(s)
adding: dcap://cluster142.knu.ac.kr//pnfs/knu.ac.kr/data/cms/store/user/sha/Run2FULL/2016PreVFP/MC/TTJets_TuneCP5_13TeV-amcatnloFXFX-pythia8/crab_TTJets_TuneCP5_13TeV-amcatnloFXFX-pythia8/240205_152245//0002/SSBTree_2351.root
adding: dcap://cluster142.knu.ac.kr//pnfs/knu.ac.kr/data/cms/store/user/sha/Run2FULL/2016PreVFP/MC/TTJets_TuneCP5_13TeV-amcatnloFXFX-pythia8/crab_TTJets_TuneCP5_13TeV-amcatnloFXFX-pythia8/240205_152245//0002/SSBTree_2352.root
adding: dcap://cluster142.knu.ac.kr//pnfs/knu.ac.kr/data/cms/store/user/sha/Run2FULL/2016PreVFP/MC/TTJets_TuneCP5_13TeV-amcatnloFXFX-pythia8/crab_TTJets_TuneCP5_13TeV-amcatnloFXFX-pythia8/240205_152245//0002/SSBTree_2353.root
adding: dcap://cluster142.knu.ac.kr//pnfs/knu.ac.kr/data/cms/store/user/sha/Run2FULL/2016PreVFP/MC/TTJets_TuneCP5_13TeV-amcatnloFXFX-pythia8/crab_TTJets_TuneCP5_13TeV-amcatnloFXFX-pythia8/240205_152245//0002/SSBTree_2354.root
adding: dcap://cluster142.knu.ac.kr//pnfs/knu.ac.kr/data/cms/store/user/sha/Run2FULL/2016PreVFP/MC/TTJets_TuneCP5_13TeV-amcatnloFXFX-pythia8/crab_TTJets_TuneCP5_13TeV-amcatnloFXFX-pythia8/240205_152245//0002/SSBTree_2355.root
adding: dcap://cluster142.knu.ac.kr//pnfs/knu.ac.kr/data/cms/store/user/sha/Run2FULL/2016PreVFP/MC/TTJets_TuneCP5_13TeV-amcatnloFXFX-pythia8/crab_TTJets_TuneCP5_13TeV-amcatnloFXFX-pythia8/240205_152245//0002/SSBTree_2356.root
adding: dcap://cluster142.knu.ac.kr//pnfs/knu.ac.kr/data/cms/store/user/sha/Run2FULL/2016PreVFP/MC/TTJets_TuneCP5_13TeV-amcatnloFXFX-pythia8/crab_TTJets_TuneCP5_13TeV-amcatnloFXFX-pythia8/240205_152245//0002/SSBTree_2357.root
adding: dcap://cluster142.knu.ac.kr//pnfs/knu.ac.kr/data/cms/store/user/sha/Run2FULL/2016PreVFP/MC/TTJets_TuneCP5_13TeV-amcatnloFXFX-pythia8/crab_TTJets_TuneCP5_13TeV-amcatnloFXFX-pythia8/240205_152245//0002/SSBTree_2358.root
adding: dcap://cluster142.knu.ac.kr//pnfs/knu.ac.kr/data/cms/store/user/sha/Run2FULL/2016PreVFP/MC/TTJets_TuneCP5_13TeV-amcatnloFXFX-pythia8/crab_TTJets_TuneCP5_13TeV-amcatnloFXFX-pythia8/240205_152245//0002/SSBTree_2359.root
adding: dcap://cluster142.knu.ac.kr//pnfs/knu.ac.kr/data/cms/store/user/sha/Run2FULL/2016PreVFP/MC/TTJets_TuneCP5_13TeV-amcatnloFXFX-pythia8/crab_TTJets_TuneCP5_13TeV-amcatnloFXFX-pythia8/240205_152245//0002/SSBTree_2360.root
Total number of events after merging root files: 249081
Event 0
Event 10000
Event 20000
Event 30000
Event 40000
Event 50000
Event 60000
Event 70000
Event 80000
Event 90000
Event 100000
Event 110000
Event 120000
Event 130000
Event 140000
Event 150000
Event 160000
Event 170000
Event 180000
Event 190000
Event 200000
Event 210000
Event 220000
Event 230000
Event 240000
Total processed number of events: 249081
End processing...

The number of options is: 2
Option 0 = ./TopMass_analysis
Option 1 = TTJets_Inclusive/TTJets_Inclusive_274.list
Option 2 = TTJets_Inclusive/TTJets_Inclusive_274.txt
Input filelist = TTJets_Inclusive/TTJets_Inclusive_274.list
Output file name = TTJets_Inclusive/TTJets_Inclusive_274.txt


start merging file(s)
adding: dcap://cluster142.knu.ac.kr//pnfs/knu.ac.kr/data/cms/store/user/sha/Run2FULL/2016PreVFP/MC/TTJets_TuneCP5_13TeV-amcatnloFXFX-pythia8/crab_TTJets_TuneCP5_13TeV-amcatnloFXFX-pythia8/240205_152245//0002/SSBTree_2731.root
adding: dcap://cluster142.knu.ac.kr//pnfs/knu.ac.kr/data/cms/store/user/sha/Run2FULL/2016PreVFP/MC/TTJets_TuneCP5_13TeV-amcatnloFXFX-pythia8/crab_TTJets_TuneCP5_13TeV-amcatnloFXFX-pythia8/240205_152245//0002/SSBTree_2732.root
adding: dcap://cluster142.knu.ac.kr//pnfs/knu.ac.kr/data/cms/store/user/sha/Run2FULL/2016PreVFP/MC/TTJets_TuneCP5_13TeV-amcatnloFXFX-pythia8/crab_TTJets_TuneCP5_13TeV-amcatnloFXFX-pythia8/240205_152245//0002/SSBTree_2733.root
adding: dcap://cluster142.knu.ac.kr//pnfs/knu.ac.kr/data/cms/store/user/sha/Run2FULL/2016PreVFP/MC/TTJets_TuneCP5_13TeV-amcatnloFXFX-pythia8/crab_TTJets_TuneCP5_13TeV-amcatnloFXFX-pythia8/240205_152245//0002/SSBTree_2734.root
adding: dcap://cluster142.knu.ac.kr//pnfs/knu.ac.kr/data/cms/store/user/sha/Run2FULL/2016PreVFP/MC/TTJets_TuneCP5_13TeV-amcatnloFXFX-pythia8/crab_TTJets_TuneCP5_13TeV-amcatnloFXFX-pythia8/240205_152245//0002/SSBTree_2735.root
adding: dcap://cluster142.knu.ac.kr//pnfs/knu.ac.kr/data/cms/store/user/sha/Run2FULL/2016PreVFP/MC/TTJets_TuneCP5_13TeV-amcatnloFXFX-pythia8/crab_TTJets_TuneCP5_13TeV-amcatnloFXFX-pythia8/240205_152245//0002/SSBTree_2736.root
adding: dcap://cluster142.knu.ac.kr//pnfs/knu.ac.kr/data/cms/store/user/sha/Run2FULL/2016PreVFP/MC/TTJets_TuneCP5_13TeV-amcatnloFXFX-pythia8/crab_TTJets_TuneCP5_13TeV-amcatnloFXFX-pythia8/240205_152245//0002/SSBTree_2737.root
adding: dcap://cluster142.knu.ac.kr//pnfs/knu.ac.kr/data/cms/store/user/sha/Run2FULL/2016PreVFP/MC/TTJets_TuneCP5_13TeV-amcatnloFXFX-pythia8/crab_TTJets_TuneCP5_13TeV-amcatnloFXFX-pythia8/240205_152245//0002/SSBTree_2738.root
adding: dcap://cluster142.knu.ac.kr//pnfs/knu.ac.kr/data/cms/store/user/sha/Run2FULL/2016PreVFP/MC/TTJets_TuneCP5_13TeV-amcatnloFXFX-pythia8/crab_TTJets_TuneCP5_13TeV-amcatnloFXFX-pythia8/240205_152245//0002/SSBTree_2739.root
adding: dcap://cluster142.knu.ac.kr//pnfs/knu.ac.kr/data/cms/store/user/sha/Run2FULL/2016PreVFP/MC/TTJets_TuneCP5_13TeV-amcatnloFXFX-pythia8/crab_TTJets_TuneCP5_13TeV-amcatnloFXFX-pythia8/240205_152245//0002/SSBTree_2740.root
Total number of events after merging root files: 246717
Event 0
Event 10000
Event 20000
Event 30000
Event 40000
Event 50000
Event 60000
Event 70000
Event 80000
Event 90000
Event 100000
Event 110000
Event 120000
Event 130000
Event 140000
Event 150000
Event 160000
Event 170000
Event 180000
Event 190000
Event 200000
Event 210000
Event 220000
Event 230000
Event 240000
Total processed number of events: 246717
End processing...

The number of options is: 2
Option 0 = ./TopMass_analysis
Option 1 = TTJets_Inclusive/TTJets_Inclusive_312.list
Option 2 = TTJets_Inclusive/TTJets_Inclusive_312.txt
Input filelist = TTJets_Inclusive/TTJets_Inclusive_312.list
Output file name = TTJets_Inclusive/TTJets_Inclusive_312.txt


start merging file(s)
adding: dcap://cluster142.knu.ac.kr//pnfs/knu.ac.kr/data/cms/store/user/sha/Run2FULL/2016PreVFP/MC/TTJets_TuneCP5_13TeV-amcatnloFXFX-pythia8/crab_TTJets_TuneCP5_13TeV-amcatnloFXFX-pythia8/240205_152245//0003/SSBTree_3111.root
adding: dcap://cluster142.knu.ac.kr//pnfs/knu.ac.kr/data/cms/store/user/sha/Run2FULL/2016PreVFP/MC/TTJets_TuneCP5_13TeV-amcatnloFXFX-pythia8/crab_TTJets_TuneCP5_13TeV-amcatnloFXFX-pythia8/240205_152245//0003/SSBTree_3112.root
adding: dcap://cluster142.knu.ac.kr//pnfs/knu.ac.kr/data/cms/store/user/sha/Run2FULL/2016PreVFP/MC/TTJets_TuneCP5_13TeV-amcatnloFXFX-pythia8/crab_TTJets_TuneCP5_13TeV-amcatnloFXFX-pythia8/240205_152245//0003/SSBTree_3113.root
adding: dcap://cluster142.knu.ac.kr//pnfs/knu.ac.kr/data/cms/store/user/sha/Run2FULL/2016PreVFP/MC/TTJets_TuneCP5_13TeV-amcatnloFXFX-pythia8/crab_TTJets_TuneCP5_13TeV-amcatnloFXFX-pythia8/240205_152245//0003/SSBTree_3114.root
adding: dcap://cluster142.knu.ac.kr//pnfs/knu.ac.kr/data/cms/store/user/sha/Run2FULL/2016PreVFP/MC/TTJets_TuneCP5_13TeV-amcatnloFXFX-pythia8/crab_TTJets_TuneCP5_13TeV-amcatnloFXFX-pythia8/240205_152245//0003/SSBTree_3115.root
adding: dcap://cluster142.knu.ac.kr//pnfs/knu.ac.kr/data/cms/store/user/sha/Run2FULL/2016PreVFP/MC/TTJets_TuneCP5_13TeV-amcatnloFXFX-pythia8/crab_TTJets_TuneCP5_13TeV-amcatnloFXFX-pythia8/240205_152245//0003/SSBTree_3116.root
adding: dcap://cluster142.knu.ac.kr//pnfs/knu.ac.kr/data/cms/store/user/sha/Run2FULL/2016PreVFP/MC/TTJets_TuneCP5_13TeV-amcatnloFXFX-pythia8/crab_TTJets_TuneCP5_13TeV-amcatnloFXFX-pythia8/240205_152245//0003/SSBTree_3117.root
adding: dcap://cluster142.knu.ac.kr//pnfs/knu.ac.kr/data/cms/store/user/sha/Run2FULL/2016PreVFP/MC/TTJets_TuneCP5_13TeV-amcatnloFXFX-pythia8/crab_TTJets_TuneCP5_13TeV-amcatnloFXFX-pythia8/240205_152245//0003/SSBTree_3118.root
adding: dcap://cluster142.knu.ac.kr//pnfs/knu.ac.kr/data/cms/store/user/sha/Run2FULL/2016PreVFP/MC/TTJets_TuneCP5_13TeV-amcatnloFXFX-pythia8/crab_TTJets_TuneCP5_13TeV-amcatnloFXFX-pythia8/240205_152245//0003/SSBTree_3119.root
adding: dcap://cluster142.knu.ac.kr//pnfs/knu.ac.kr/data/cms/store/user/sha/Run2FULL/2016PreVFP/MC/TTJets_TuneCP5_13TeV-amcatnloFXFX-pythia8/crab_TTJets_TuneCP5_13TeV-amcatnloFXFX-pythia8/240205_152245//0003/SSBTree_3120.root
Total number of events after merging root files: 244997
Event 0
Event 10000
Event 20000
Event 30000
Event 40000
Event 50000
Event 60000
Event 70000
Event 80000
Event 90000
Event 100000
Event 110000
Event 120000
Event 130000
Event 140000
Event 150000
Event 160000
Event 170000
Event 180000
Event 190000
Event 200000
Event 210000
Event 220000
Event 230000
Event 240000
Total processed number of events: 244997
End processing...

The number of options is: 2
Option 0 = ./TopMass_analysis
Option 1 = TTJets_Inclusive/TTJets_Inclusive_350.list
Option 2 = TTJets_Inclusive/TTJets_Inclusive_350.txt
Input filelist = TTJets_Inclusive/TTJets_Inclusive_350.list
Output file name = TTJets_Inclusive/TTJets_Inclusive_350.txt


start merging file(s)
adding: dcap://cluster142.knu.ac.kr//pnfs/knu.ac.kr/data/cms/store/user/sha/Run2FULL/2016PreVFP/MC/TTJets_TuneCP5_13TeV-amcatnloFXFX-pythia8/crab_TTJets_TuneCP5_13TeV-amcatnloFXFX-pythia8/240205_152245//0003/SSBTree_3491.root
adding: dcap://cluster142.knu.ac.kr//pnfs/knu.ac.kr/data/cms/store/user/sha/Run2FULL/2016PreVFP/MC/TTJets_TuneCP5_13TeV-amcatnloFXFX-pythia8/crab_TTJets_TuneCP5_13TeV-amcatnloFXFX-pythia8/240205_152245//0003/SSBTree_3492.root
adding: dcap://cluster142.knu.ac.kr//pnfs/knu.ac.kr/data/cms/store/user/sha/Run2FULL/2016PreVFP/MC/TTJets_TuneCP5_13TeV-amcatnloFXFX-pythia8/crab_TTJets_TuneCP5_13TeV-amcatnloFXFX-pythia8/240205_152245//0003/SSBTree_3493.root
adding: dcap://cluster142.knu.ac.kr//pnfs/knu.ac.kr/data/cms/store/user/sha/Run2FULL/2016PreVFP/MC/TTJets_TuneCP5_13TeV-amcatnloFXFX-pythia8/crab_TTJets_TuneCP5_13TeV-amcatnloFXFX-pythia8/240205_152245//0003/SSBTree_3494.root
adding: dcap://cluster142.knu.ac.kr//pnfs/knu.ac.kr/data/cms/store/user/sha/Run2FULL/2016PreVFP/MC/TTJets_TuneCP5_13TeV-amcatnloFXFX-pythia8/crab_TTJets_TuneCP5_13TeV-amcatnloFXFX-pythia8/240205_152245//0003/SSBTree_3495.root
adding: dcap://cluster142.knu.ac.kr//pnfs/knu.ac.kr/data/cms/store/user/sha/Run2FULL/2016PreVFP/MC/TTJets_TuneCP5_13TeV-amcatnloFXFX-pythia8/crab_TTJets_TuneCP5_13TeV-amcatnloFXFX-pythia8/240205_152245//0003/SSBTree_3496.root
adding: dcap://cluster142.knu.ac.kr//pnfs/knu.ac.kr/data/cms/store/user/sha/Run2FULL/2016PreVFP/MC/TTJets_TuneCP5_13TeV-amcatnloFXFX-pythia8/crab_TTJets_TuneCP5_13TeV-amcatnloFXFX-pythia8/240205_152245//0003/SSBTree_3497.root
adding: dcap://cluster142.knu.ac.kr//pnfs/knu.ac.kr/data/cms/store/user/sha/Run2FULL/2016PreVFP/MC/TTJets_TuneCP5_13TeV-amcatnloFXFX-pythia8/crab_TTJets_TuneCP5_13TeV-amcatnloFXFX-pythia8/240205_152245//0003/SSBTree_3498.root
adding: dcap://cluster142.knu.ac.kr//pnfs/knu.ac.kr/data/cms/store/user/sha/Run2FULL/2016PreVFP/MC/TTJets_TuneCP5_13TeV-amcatnloFXFX-pythia8/crab_TTJets_TuneCP5_13TeV-amcatnloFXFX-pythia8/240205_152245//0003/SSBTree_3499.root
adding: dcap://cluster142.knu.ac.kr//pnfs/knu.ac.kr/data/cms/store/user/sha/Run2FULL/2016PreVFP/MC/TTJets_TuneCP5_13TeV-amcatnloFXFX-pythia8/crab_TTJets_TuneCP5_13TeV-amcatnloFXFX-pythia8/240205_152245//0003/SSBTree_3500.root
Total number of events after merging root files: 249236
Event 0
Event 10000
Event 20000
Event 30000
Event 40000
Event 50000
Event 60000
Event 70000
Event 80000
Event 90000
Event 100000
Event 110000
Event 120000
Event 130000
Event 140000
Event 150000
Event 160000
Event 170000
Event 180000
Event 190000
Event 200000
Event 210000
Event 220000
Event 230000
Event 240000
Total processed number of events: 249236
End processing...

