The number of options is: 2
Option 0 = ./TopMass_analysis
Option 1 = TTJets_Inclusive/TTJets_Inclusive_26.list
Option 2 = TTJets_Inclusive/TTJets_Inclusive_26.txt
Input filelist = TTJets_Inclusive/TTJets_Inclusive_26.list
Output file name = TTJets_Inclusive/TTJets_Inclusive_26.txt


start merging file(s)
adding: dcap://cluster142.knu.ac.kr//pnfs/knu.ac.kr/data/cms/store/user/sha/Run2FULL/2016PreVFP/MC/TTJets_TuneCP5_13TeV-amcatnloFXFX-pythia8/crab_TTJets_TuneCP5_13TeV-amcatnloFXFX-pythia8/240205_152245//0000/SSBTree_326.root
adding: dcap://cluster142.knu.ac.kr//pnfs/knu.ac.kr/data/cms/store/user/sha/Run2FULL/2016PreVFP/MC/TTJets_TuneCP5_13TeV-amcatnloFXFX-pythia8/crab_TTJets_TuneCP5_13TeV-amcatnloFXFX-pythia8/240205_152245//0000/SSBTree_327.root
adding: dcap://cluster142.knu.ac.kr//pnfs/knu.ac.kr/data/cms/store/user/sha/Run2FULL/2016PreVFP/MC/TTJets_TuneCP5_13TeV-amcatnloFXFX-pythia8/crab_TTJets_TuneCP5_13TeV-amcatnloFXFX-pythia8/240205_152245//0000/SSBTree_328.root
adding: dcap://cluster142.knu.ac.kr//pnfs/knu.ac.kr/data/cms/store/user/sha/Run2FULL/2016PreVFP/MC/TTJets_TuneCP5_13TeV-amcatnloFXFX-pythia8/crab_TTJets_TuneCP5_13TeV-amcatnloFXFX-pythia8/240205_152245//0000/SSBTree_329.root
adding: dcap://cluster142.knu.ac.kr//pnfs/knu.ac.kr/data/cms/store/user/sha/Run2FULL/2016PreVFP/MC/TTJets_TuneCP5_13TeV-amcatnloFXFX-pythia8/crab_TTJets_TuneCP5_13TeV-amcatnloFXFX-pythia8/240205_152245//0000/SSBTree_32.root
adding: dcap://cluster142.knu.ac.kr//pnfs/knu.ac.kr/data/cms/store/user/sha/Run2FULL/2016PreVFP/MC/TTJets_TuneCP5_13TeV-amcatnloFXFX-pythia8/crab_TTJets_TuneCP5_13TeV-amcatnloFXFX-pythia8/240205_152245//0000/SSBTree_330.root
adding: dcap://cluster142.knu.ac.kr//pnfs/knu.ac.kr/data/cms/store/user/sha/Run2FULL/2016PreVFP/MC/TTJets_TuneCP5_13TeV-amcatnloFXFX-pythia8/crab_TTJets_TuneCP5_13TeV-amcatnloFXFX-pythia8/240205_152245//0000/SSBTree_331.root
adding: dcap://cluster142.knu.ac.kr//pnfs/knu.ac.kr/data/cms/store/user/sha/Run2FULL/2016PreVFP/MC/TTJets_TuneCP5_13TeV-amcatnloFXFX-pythia8/crab_TTJets_TuneCP5_13TeV-amcatnloFXFX-pythia8/240205_152245//0000/SSBTree_332.root
adding: dcap://cluster142.knu.ac.kr//pnfs/knu.ac.kr/data/cms/store/user/sha/Run2FULL/2016PreVFP/MC/TTJets_TuneCP5_13TeV-amcatnloFXFX-pythia8/crab_TTJets_TuneCP5_13TeV-amcatnloFXFX-pythia8/240205_152245//0000/SSBTree_333.root
adding: dcap://cluster142.knu.ac.kr//pnfs/knu.ac.kr/data/cms/store/user/sha/Run2FULL/2016PreVFP/MC/TTJets_TuneCP5_13TeV-amcatnloFXFX-pythia8/crab_TTJets_TuneCP5_13TeV-amcatnloFXFX-pythia8/240205_152245//0000/SSBTree_334.root
Total number of events after merging root files: 244166
Event 0
Event 10000
Event 20000
Event 30000
Event 40000
Event 50000
Event 60000
Event 70000
Event 80000
Event 90000
Event 100000
Event 110000
Event 120000
Event 130000
Event 140000
Event 150000
Event 160000
Event 170000
Event 180000
Event 190000
Event 200000
Event 210000
Event 220000
Event 230000
Event 240000
Total processed number of events: 244166
End processing...

The number of options is: 2
Option 0 = ./TopMass_analysis
Option 1 = TTJets_Inclusive/TTJets_Inclusive_64.list
Option 2 = TTJets_Inclusive/TTJets_Inclusive_64.txt
Input filelist = TTJets_Inclusive/TTJets_Inclusive_64.list
Output file name = TTJets_Inclusive/TTJets_Inclusive_64.txt


start merging file(s)
adding: dcap://cluster142.knu.ac.kr//pnfs/knu.ac.kr/data/cms/store/user/sha/Run2FULL/2016PreVFP/MC/TTJets_TuneCP5_13TeV-amcatnloFXFX-pythia8/crab_TTJets_TuneCP5_13TeV-amcatnloFXFX-pythia8/240205_152245//0000/SSBTree_669.root
adding: dcap://cluster142.knu.ac.kr//pnfs/knu.ac.kr/data/cms/store/user/sha/Run2FULL/2016PreVFP/MC/TTJets_TuneCP5_13TeV-amcatnloFXFX-pythia8/crab_TTJets_TuneCP5_13TeV-amcatnloFXFX-pythia8/240205_152245//0000/SSBTree_66.root
adding: dcap://cluster142.knu.ac.kr//pnfs/knu.ac.kr/data/cms/store/user/sha/Run2FULL/2016PreVFP/MC/TTJets_TuneCP5_13TeV-amcatnloFXFX-pythia8/crab_TTJets_TuneCP5_13TeV-amcatnloFXFX-pythia8/240205_152245//0000/SSBTree_670.root
adding: dcap://cluster142.knu.ac.kr//pnfs/knu.ac.kr/data/cms/store/user/sha/Run2FULL/2016PreVFP/MC/TTJets_TuneCP5_13TeV-amcatnloFXFX-pythia8/crab_TTJets_TuneCP5_13TeV-amcatnloFXFX-pythia8/240205_152245//0000/SSBTree_671.root
adding: dcap://cluster142.knu.ac.kr//pnfs/knu.ac.kr/data/cms/store/user/sha/Run2FULL/2016PreVFP/MC/TTJets_TuneCP5_13TeV-amcatnloFXFX-pythia8/crab_TTJets_TuneCP5_13TeV-amcatnloFXFX-pythia8/240205_152245//0000/SSBTree_672.root
adding: dcap://cluster142.knu.ac.kr//pnfs/knu.ac.kr/data/cms/store/user/sha/Run2FULL/2016PreVFP/MC/TTJets_TuneCP5_13TeV-amcatnloFXFX-pythia8/crab_TTJets_TuneCP5_13TeV-amcatnloFXFX-pythia8/240205_152245//0000/SSBTree_673.root
adding: dcap://cluster142.knu.ac.kr//pnfs/knu.ac.kr/data/cms/store/user/sha/Run2FULL/2016PreVFP/MC/TTJets_TuneCP5_13TeV-amcatnloFXFX-pythia8/crab_TTJets_TuneCP5_13TeV-amcatnloFXFX-pythia8/240205_152245//0000/SSBTree_674.root
adding: dcap://cluster142.knu.ac.kr//pnfs/knu.ac.kr/data/cms/store/user/sha/Run2FULL/2016PreVFP/MC/TTJets_TuneCP5_13TeV-amcatnloFXFX-pythia8/crab_TTJets_TuneCP5_13TeV-amcatnloFXFX-pythia8/240205_152245//0000/SSBTree_675.root
adding: dcap://cluster142.knu.ac.kr//pnfs/knu.ac.kr/data/cms/store/user/sha/Run2FULL/2016PreVFP/MC/TTJets_TuneCP5_13TeV-amcatnloFXFX-pythia8/crab_TTJets_TuneCP5_13TeV-amcatnloFXFX-pythia8/240205_152245//0000/SSBTree_676.root
adding: dcap://cluster142.knu.ac.kr//pnfs/knu.ac.kr/data/cms/store/user/sha/Run2FULL/2016PreVFP/MC/TTJets_TuneCP5_13TeV-amcatnloFXFX-pythia8/crab_TTJets_TuneCP5_13TeV-amcatnloFXFX-pythia8/240205_152245//0000/SSBTree_677.root
Total number of events after merging root files: 248089
Event 0
Event 10000
Event 20000
Event 30000
Event 40000
Event 50000
Event 60000
Event 70000
Event 80000
Event 90000
Event 100000
Event 110000
Event 120000
Event 130000
Event 140000
Event 150000
Event 160000
Event 170000
Event 180000
Event 190000
Event 200000
Event 210000
Event 220000
Event 230000
Event 240000
Total processed number of events: 248089
End processing...

The number of options is: 2
Option 0 = ./TopMass_analysis
Option 1 = TTJets_Inclusive/TTJets_Inclusive_102.list
Option 2 = TTJets_Inclusive/TTJets_Inclusive_102.txt
Input filelist = TTJets_Inclusive/TTJets_Inclusive_102.list
Output file name = TTJets_Inclusive/TTJets_Inclusive_102.txt


start merging file(s)
adding: dcap://cluster142.knu.ac.kr//pnfs/knu.ac.kr/data/cms/store/user/sha/Run2FULL/2016PreVFP/MC/TTJets_TuneCP5_13TeV-amcatnloFXFX-pythia8/crab_TTJets_TuneCP5_13TeV-amcatnloFXFX-pythia8/240205_152245//0001/SSBTree_1011.root
adding: dcap://cluster142.knu.ac.kr//pnfs/knu.ac.kr/data/cms/store/user/sha/Run2FULL/2016PreVFP/MC/TTJets_TuneCP5_13TeV-amcatnloFXFX-pythia8/crab_TTJets_TuneCP5_13TeV-amcatnloFXFX-pythia8/240205_152245//0001/SSBTree_1012.root
adding: dcap://cluster142.knu.ac.kr//pnfs/knu.ac.kr/data/cms/store/user/sha/Run2FULL/2016PreVFP/MC/TTJets_TuneCP5_13TeV-amcatnloFXFX-pythia8/crab_TTJets_TuneCP5_13TeV-amcatnloFXFX-pythia8/240205_152245//0001/SSBTree_1013.root
adding: dcap://cluster142.knu.ac.kr//pnfs/knu.ac.kr/data/cms/store/user/sha/Run2FULL/2016PreVFP/MC/TTJets_TuneCP5_13TeV-amcatnloFXFX-pythia8/crab_TTJets_TuneCP5_13TeV-amcatnloFXFX-pythia8/240205_152245//0001/SSBTree_1014.root
adding: dcap://cluster142.knu.ac.kr//pnfs/knu.ac.kr/data/cms/store/user/sha/Run2FULL/2016PreVFP/MC/TTJets_TuneCP5_13TeV-amcatnloFXFX-pythia8/crab_TTJets_TuneCP5_13TeV-amcatnloFXFX-pythia8/240205_152245//0001/SSBTree_1015.root
adding: dcap://cluster142.knu.ac.kr//pnfs/knu.ac.kr/data/cms/store/user/sha/Run2FULL/2016PreVFP/MC/TTJets_TuneCP5_13TeV-amcatnloFXFX-pythia8/crab_TTJets_TuneCP5_13TeV-amcatnloFXFX-pythia8/240205_152245//0001/SSBTree_1016.root
adding: dcap://cluster142.knu.ac.kr//pnfs/knu.ac.kr/data/cms/store/user/sha/Run2FULL/2016PreVFP/MC/TTJets_TuneCP5_13TeV-amcatnloFXFX-pythia8/crab_TTJets_TuneCP5_13TeV-amcatnloFXFX-pythia8/240205_152245//0001/SSBTree_1017.root
adding: dcap://cluster142.knu.ac.kr//pnfs/knu.ac.kr/data/cms/store/user/sha/Run2FULL/2016PreVFP/MC/TTJets_TuneCP5_13TeV-amcatnloFXFX-pythia8/crab_TTJets_TuneCP5_13TeV-amcatnloFXFX-pythia8/240205_152245//0001/SSBTree_1018.root
adding: dcap://cluster142.knu.ac.kr//pnfs/knu.ac.kr/data/cms/store/user/sha/Run2FULL/2016PreVFP/MC/TTJets_TuneCP5_13TeV-amcatnloFXFX-pythia8/crab_TTJets_TuneCP5_13TeV-amcatnloFXFX-pythia8/240205_152245//0001/SSBTree_1019.root
adding: dcap://cluster142.knu.ac.kr//pnfs/knu.ac.kr/data/cms/store/user/sha/Run2FULL/2016PreVFP/MC/TTJets_TuneCP5_13TeV-amcatnloFXFX-pythia8/crab_TTJets_TuneCP5_13TeV-amcatnloFXFX-pythia8/240205_152245//0001/SSBTree_1020.root
Total number of events after merging root files: 249421
Event 0
Event 10000
Event 20000
Event 30000
Event 40000
Event 50000
Event 60000
Event 70000
Event 80000
Event 90000
Event 100000
Event 110000
Event 120000
Event 130000
Event 140000
Event 150000
Event 160000
Event 170000
Event 180000
Event 190000
Event 200000
Event 210000
Event 220000
Event 230000
Event 240000
Total processed number of events: 249421
End processing...

The number of options is: 2
Option 0 = ./TopMass_analysis
Option 1 = TTJets_Inclusive/TTJets_Inclusive_140.list
Option 2 = TTJets_Inclusive/TTJets_Inclusive_140.txt
Input filelist = TTJets_Inclusive/TTJets_Inclusive_140.list
Output file name = TTJets_Inclusive/TTJets_Inclusive_140.txt


start merging file(s)
adding: dcap://cluster142.knu.ac.kr//pnfs/knu.ac.kr/data/cms/store/user/sha/Run2FULL/2016PreVFP/MC/TTJets_TuneCP5_13TeV-amcatnloFXFX-pythia8/crab_TTJets_TuneCP5_13TeV-amcatnloFXFX-pythia8/240205_152245//0001/SSBTree_1391.root
adding: dcap://cluster142.knu.ac.kr//pnfs/knu.ac.kr/data/cms/store/user/sha/Run2FULL/2016PreVFP/MC/TTJets_TuneCP5_13TeV-amcatnloFXFX-pythia8/crab_TTJets_TuneCP5_13TeV-amcatnloFXFX-pythia8/240205_152245//0001/SSBTree_1392.root
adding: dcap://cluster142.knu.ac.kr//pnfs/knu.ac.kr/data/cms/store/user/sha/Run2FULL/2016PreVFP/MC/TTJets_TuneCP5_13TeV-amcatnloFXFX-pythia8/crab_TTJets_TuneCP5_13TeV-amcatnloFXFX-pythia8/240205_152245//0001/SSBTree_1393.root
adding: dcap://cluster142.knu.ac.kr//pnfs/knu.ac.kr/data/cms/store/user/sha/Run2FULL/2016PreVFP/MC/TTJets_TuneCP5_13TeV-amcatnloFXFX-pythia8/crab_TTJets_TuneCP5_13TeV-amcatnloFXFX-pythia8/240205_152245//0001/SSBTree_1394.root
adding: dcap://cluster142.knu.ac.kr//pnfs/knu.ac.kr/data/cms/store/user/sha/Run2FULL/2016PreVFP/MC/TTJets_TuneCP5_13TeV-amcatnloFXFX-pythia8/crab_TTJets_TuneCP5_13TeV-amcatnloFXFX-pythia8/240205_152245//0001/SSBTree_1395.root
adding: dcap://cluster142.knu.ac.kr//pnfs/knu.ac.kr/data/cms/store/user/sha/Run2FULL/2016PreVFP/MC/TTJets_TuneCP5_13TeV-amcatnloFXFX-pythia8/crab_TTJets_TuneCP5_13TeV-amcatnloFXFX-pythia8/240205_152245//0001/SSBTree_1396.root
adding: dcap://cluster142.knu.ac.kr//pnfs/knu.ac.kr/data/cms/store/user/sha/Run2FULL/2016PreVFP/MC/TTJets_TuneCP5_13TeV-amcatnloFXFX-pythia8/crab_TTJets_TuneCP5_13TeV-amcatnloFXFX-pythia8/240205_152245//0001/SSBTree_1397.root
adding: dcap://cluster142.knu.ac.kr//pnfs/knu.ac.kr/data/cms/store/user/sha/Run2FULL/2016PreVFP/MC/TTJets_TuneCP5_13TeV-amcatnloFXFX-pythia8/crab_TTJets_TuneCP5_13TeV-amcatnloFXFX-pythia8/240205_152245//0001/SSBTree_1398.root
adding: dcap://cluster142.knu.ac.kr//pnfs/knu.ac.kr/data/cms/store/user/sha/Run2FULL/2016PreVFP/MC/TTJets_TuneCP5_13TeV-amcatnloFXFX-pythia8/crab_TTJets_TuneCP5_13TeV-amcatnloFXFX-pythia8/240205_152245//0001/SSBTree_1399.root
adding: dcap://cluster142.knu.ac.kr//pnfs/knu.ac.kr/data/cms/store/user/sha/Run2FULL/2016PreVFP/MC/TTJets_TuneCP5_13TeV-amcatnloFXFX-pythia8/crab_TTJets_TuneCP5_13TeV-amcatnloFXFX-pythia8/240205_152245//0001/SSBTree_1400.root
Total number of events after merging root files: 249779
Event 0
Event 10000
Event 20000
Event 30000
Event 40000
Event 50000
Event 60000
Event 70000
Event 80000
Event 90000
Event 100000
Event 110000
Event 120000
Event 130000
Event 140000
Event 150000
Event 160000
Event 170000
Event 180000
Event 190000
Event 200000
Event 210000
Event 220000
Event 230000
Event 240000
Total processed number of events: 249779
End processing...

The number of options is: 2
Option 0 = ./TopMass_analysis
Option 1 = TTJets_Inclusive/TTJets_Inclusive_178.list
Option 2 = TTJets_Inclusive/TTJets_Inclusive_178.txt
Input filelist = TTJets_Inclusive/TTJets_Inclusive_178.list
Output file name = TTJets_Inclusive/TTJets_Inclusive_178.txt


start merging file(s)
adding: dcap://cluster142.knu.ac.kr//pnfs/knu.ac.kr/data/cms/store/user/sha/Run2FULL/2016PreVFP/MC/TTJets_TuneCP5_13TeV-amcatnloFXFX-pythia8/crab_TTJets_TuneCP5_13TeV-amcatnloFXFX-pythia8/240205_152245//0001/SSBTree_1771.root
adding: dcap://cluster142.knu.ac.kr//pnfs/knu.ac.kr/data/cms/store/user/sha/Run2FULL/2016PreVFP/MC/TTJets_TuneCP5_13TeV-amcatnloFXFX-pythia8/crab_TTJets_TuneCP5_13TeV-amcatnloFXFX-pythia8/240205_152245//0001/SSBTree_1772.root
adding: dcap://cluster142.knu.ac.kr//pnfs/knu.ac.kr/data/cms/store/user/sha/Run2FULL/2016PreVFP/MC/TTJets_TuneCP5_13TeV-amcatnloFXFX-pythia8/crab_TTJets_TuneCP5_13TeV-amcatnloFXFX-pythia8/240205_152245//0001/SSBTree_1773.root
adding: dcap://cluster142.knu.ac.kr//pnfs/knu.ac.kr/data/cms/store/user/sha/Run2FULL/2016PreVFP/MC/TTJets_TuneCP5_13TeV-amcatnloFXFX-pythia8/crab_TTJets_TuneCP5_13TeV-amcatnloFXFX-pythia8/240205_152245//0001/SSBTree_1774.root
adding: dcap://cluster142.knu.ac.kr//pnfs/knu.ac.kr/data/cms/store/user/sha/Run2FULL/2016PreVFP/MC/TTJets_TuneCP5_13TeV-amcatnloFXFX-pythia8/crab_TTJets_TuneCP5_13TeV-amcatnloFXFX-pythia8/240205_152245//0001/SSBTree_1775.root
adding: dcap://cluster142.knu.ac.kr//pnfs/knu.ac.kr/data/cms/store/user/sha/Run2FULL/2016PreVFP/MC/TTJets_TuneCP5_13TeV-amcatnloFXFX-pythia8/crab_TTJets_TuneCP5_13TeV-amcatnloFXFX-pythia8/240205_152245//0001/SSBTree_1776.root
adding: dcap://cluster142.knu.ac.kr//pnfs/knu.ac.kr/data/cms/store/user/sha/Run2FULL/2016PreVFP/MC/TTJets_TuneCP5_13TeV-amcatnloFXFX-pythia8/crab_TTJets_TuneCP5_13TeV-amcatnloFXFX-pythia8/240205_152245//0001/SSBTree_1777.root
adding: dcap://cluster142.knu.ac.kr//pnfs/knu.ac.kr/data/cms/store/user/sha/Run2FULL/2016PreVFP/MC/TTJets_TuneCP5_13TeV-amcatnloFXFX-pythia8/crab_TTJets_TuneCP5_13TeV-amcatnloFXFX-pythia8/240205_152245//0001/SSBTree_1778.root
adding: dcap://cluster142.knu.ac.kr//pnfs/knu.ac.kr/data/cms/store/user/sha/Run2FULL/2016PreVFP/MC/TTJets_TuneCP5_13TeV-amcatnloFXFX-pythia8/crab_TTJets_TuneCP5_13TeV-amcatnloFXFX-pythia8/240205_152245//0001/SSBTree_1779.root
adding: dcap://cluster142.knu.ac.kr//pnfs/knu.ac.kr/data/cms/store/user/sha/Run2FULL/2016PreVFP/MC/TTJets_TuneCP5_13TeV-amcatnloFXFX-pythia8/crab_TTJets_TuneCP5_13TeV-amcatnloFXFX-pythia8/240205_152245//0001/SSBTree_1780.root
Total number of events after merging root files: 244078
Event 0
Event 10000
Event 20000
Event 30000
Event 40000
Event 50000
Event 60000
Event 70000
Event 80000
Event 90000
Event 100000
Event 110000
Event 120000
Event 130000
Event 140000
Event 150000
Event 160000
Event 170000
Event 180000
Event 190000
Event 200000
Event 210000
Event 220000
Event 230000
Event 240000
Total processed number of events: 244078
End processing...

The number of options is: 2
Option 0 = ./TopMass_analysis
Option 1 = TTJets_Inclusive/TTJets_Inclusive_216.list
Option 2 = TTJets_Inclusive/TTJets_Inclusive_216.txt
Input filelist = TTJets_Inclusive/TTJets_Inclusive_216.list
Output file name = TTJets_Inclusive/TTJets_Inclusive_216.txt


start merging file(s)
adding: dcap://cluster142.knu.ac.kr//pnfs/knu.ac.kr/data/cms/store/user/sha/Run2FULL/2016PreVFP/MC/TTJets_TuneCP5_13TeV-amcatnloFXFX-pythia8/crab_TTJets_TuneCP5_13TeV-amcatnloFXFX-pythia8/240205_152245//0002/SSBTree_2151.root
adding: dcap://cluster142.knu.ac.kr//pnfs/knu.ac.kr/data/cms/store/user/sha/Run2FULL/2016PreVFP/MC/TTJets_TuneCP5_13TeV-amcatnloFXFX-pythia8/crab_TTJets_TuneCP5_13TeV-amcatnloFXFX-pythia8/240205_152245//0002/SSBTree_2152.root
adding: dcap://cluster142.knu.ac.kr//pnfs/knu.ac.kr/data/cms/store/user/sha/Run2FULL/2016PreVFP/MC/TTJets_TuneCP5_13TeV-amcatnloFXFX-pythia8/crab_TTJets_TuneCP5_13TeV-amcatnloFXFX-pythia8/240205_152245//0002/SSBTree_2153.root
adding: dcap://cluster142.knu.ac.kr//pnfs/knu.ac.kr/data/cms/store/user/sha/Run2FULL/2016PreVFP/MC/TTJets_TuneCP5_13TeV-amcatnloFXFX-pythia8/crab_TTJets_TuneCP5_13TeV-amcatnloFXFX-pythia8/240205_152245//0002/SSBTree_2154.root
adding: dcap://cluster142.knu.ac.kr//pnfs/knu.ac.kr/data/cms/store/user/sha/Run2FULL/2016PreVFP/MC/TTJets_TuneCP5_13TeV-amcatnloFXFX-pythia8/crab_TTJets_TuneCP5_13TeV-amcatnloFXFX-pythia8/240205_152245//0002/SSBTree_2155.root
adding: dcap://cluster142.knu.ac.kr//pnfs/knu.ac.kr/data/cms/store/user/sha/Run2FULL/2016PreVFP/MC/TTJets_TuneCP5_13TeV-amcatnloFXFX-pythia8/crab_TTJets_TuneCP5_13TeV-amcatnloFXFX-pythia8/240205_152245//0002/SSBTree_2156.root
adding: dcap://cluster142.knu.ac.kr//pnfs/knu.ac.kr/data/cms/store/user/sha/Run2FULL/2016PreVFP/MC/TTJets_TuneCP5_13TeV-amcatnloFXFX-pythia8/crab_TTJets_TuneCP5_13TeV-amcatnloFXFX-pythia8/240205_152245//0002/SSBTree_2157.root
adding: dcap://cluster142.knu.ac.kr//pnfs/knu.ac.kr/data/cms/store/user/sha/Run2FULL/2016PreVFP/MC/TTJets_TuneCP5_13TeV-amcatnloFXFX-pythia8/crab_TTJets_TuneCP5_13TeV-amcatnloFXFX-pythia8/240205_152245//0002/SSBTree_2158.root
adding: dcap://cluster142.knu.ac.kr//pnfs/knu.ac.kr/data/cms/store/user/sha/Run2FULL/2016PreVFP/MC/TTJets_TuneCP5_13TeV-amcatnloFXFX-pythia8/crab_TTJets_TuneCP5_13TeV-amcatnloFXFX-pythia8/240205_152245//0002/SSBTree_2159.root
adding: dcap://cluster142.knu.ac.kr//pnfs/knu.ac.kr/data/cms/store/user/sha/Run2FULL/2016PreVFP/MC/TTJets_TuneCP5_13TeV-amcatnloFXFX-pythia8/crab_TTJets_TuneCP5_13TeV-amcatnloFXFX-pythia8/240205_152245//0002/SSBTree_2160.root
Total number of events after merging root files: 248680
Event 0
Event 10000
Event 20000
Event 30000
Event 40000
Event 50000
Event 60000
Event 70000
Event 80000
Event 90000
Event 100000
Event 110000
Event 120000
Event 130000
Event 140000
Event 150000
Event 160000
Event 170000
Event 180000
Event 190000
Event 200000
Event 210000
Event 220000
Event 230000
Event 240000
Total processed number of events: 248680
End processing...

The number of options is: 2
Option 0 = ./TopMass_analysis
Option 1 = TTJets_Inclusive/TTJets_Inclusive_254.list
Option 2 = TTJets_Inclusive/TTJets_Inclusive_254.txt
Input filelist = TTJets_Inclusive/TTJets_Inclusive_254.list
Output file name = TTJets_Inclusive/TTJets_Inclusive_254.txt


start merging file(s)
adding: dcap://cluster142.knu.ac.kr//pnfs/knu.ac.kr/data/cms/store/user/sha/Run2FULL/2016PreVFP/MC/TTJets_TuneCP5_13TeV-amcatnloFXFX-pythia8/crab_TTJets_TuneCP5_13TeV-amcatnloFXFX-pythia8/240205_152245//0002/SSBTree_2531.root
adding: dcap://cluster142.knu.ac.kr//pnfs/knu.ac.kr/data/cms/store/user/sha/Run2FULL/2016PreVFP/MC/TTJets_TuneCP5_13TeV-amcatnloFXFX-pythia8/crab_TTJets_TuneCP5_13TeV-amcatnloFXFX-pythia8/240205_152245//0002/SSBTree_2532.root
adding: dcap://cluster142.knu.ac.kr//pnfs/knu.ac.kr/data/cms/store/user/sha/Run2FULL/2016PreVFP/MC/TTJets_TuneCP5_13TeV-amcatnloFXFX-pythia8/crab_TTJets_TuneCP5_13TeV-amcatnloFXFX-pythia8/240205_152245//0002/SSBTree_2533.root
adding: dcap://cluster142.knu.ac.kr//pnfs/knu.ac.kr/data/cms/store/user/sha/Run2FULL/2016PreVFP/MC/TTJets_TuneCP5_13TeV-amcatnloFXFX-pythia8/crab_TTJets_TuneCP5_13TeV-amcatnloFXFX-pythia8/240205_152245//0002/SSBTree_2534.root
adding: dcap://cluster142.knu.ac.kr//pnfs/knu.ac.kr/data/cms/store/user/sha/Run2FULL/2016PreVFP/MC/TTJets_TuneCP5_13TeV-amcatnloFXFX-pythia8/crab_TTJets_TuneCP5_13TeV-amcatnloFXFX-pythia8/240205_152245//0002/SSBTree_2535.root
adding: dcap://cluster142.knu.ac.kr//pnfs/knu.ac.kr/data/cms/store/user/sha/Run2FULL/2016PreVFP/MC/TTJets_TuneCP5_13TeV-amcatnloFXFX-pythia8/crab_TTJets_TuneCP5_13TeV-amcatnloFXFX-pythia8/240205_152245//0002/SSBTree_2536.root
adding: dcap://cluster142.knu.ac.kr//pnfs/knu.ac.kr/data/cms/store/user/sha/Run2FULL/2016PreVFP/MC/TTJets_TuneCP5_13TeV-amcatnloFXFX-pythia8/crab_TTJets_TuneCP5_13TeV-amcatnloFXFX-pythia8/240205_152245//0002/SSBTree_2537.root
adding: dcap://cluster142.knu.ac.kr//pnfs/knu.ac.kr/data/cms/store/user/sha/Run2FULL/2016PreVFP/MC/TTJets_TuneCP5_13TeV-amcatnloFXFX-pythia8/crab_TTJets_TuneCP5_13TeV-amcatnloFXFX-pythia8/240205_152245//0002/SSBTree_2538.root
adding: dcap://cluster142.knu.ac.kr//pnfs/knu.ac.kr/data/cms/store/user/sha/Run2FULL/2016PreVFP/MC/TTJets_TuneCP5_13TeV-amcatnloFXFX-pythia8/crab_TTJets_TuneCP5_13TeV-amcatnloFXFX-pythia8/240205_152245//0002/SSBTree_2539.root
adding: dcap://cluster142.knu.ac.kr//pnfs/knu.ac.kr/data/cms/store/user/sha/Run2FULL/2016PreVFP/MC/TTJets_TuneCP5_13TeV-amcatnloFXFX-pythia8/crab_TTJets_TuneCP5_13TeV-amcatnloFXFX-pythia8/240205_152245//0002/SSBTree_2540.root
Total number of events after merging root files: 247679
Event 0
Event 10000
Event 20000
Event 30000
Event 40000
Event 50000
Event 60000
Event 70000
Event 80000
Event 90000
Event 100000
Event 110000
Event 120000
Event 130000
Event 140000
Event 150000
Event 160000
Event 170000
Event 180000
Event 190000
Event 200000
Event 210000
Event 220000
Event 230000
Event 240000
Total processed number of events: 247679
End processing...

The number of options is: 2
Option 0 = ./TopMass_analysis
Option 1 = TTJets_Inclusive/TTJets_Inclusive_292.list
Option 2 = TTJets_Inclusive/TTJets_Inclusive_292.txt
Input filelist = TTJets_Inclusive/TTJets_Inclusive_292.list
Output file name = TTJets_Inclusive/TTJets_Inclusive_292.txt


start merging file(s)
adding: dcap://cluster142.knu.ac.kr//pnfs/knu.ac.kr/data/cms/store/user/sha/Run2FULL/2016PreVFP/MC/TTJets_TuneCP5_13TeV-amcatnloFXFX-pythia8/crab_TTJets_TuneCP5_13TeV-amcatnloFXFX-pythia8/240205_152245//0002/SSBTree_2911.root
adding: dcap://cluster142.knu.ac.kr//pnfs/knu.ac.kr/data/cms/store/user/sha/Run2FULL/2016PreVFP/MC/TTJets_TuneCP5_13TeV-amcatnloFXFX-pythia8/crab_TTJets_TuneCP5_13TeV-amcatnloFXFX-pythia8/240205_152245//0002/SSBTree_2912.root
adding: dcap://cluster142.knu.ac.kr//pnfs/knu.ac.kr/data/cms/store/user/sha/Run2FULL/2016PreVFP/MC/TTJets_TuneCP5_13TeV-amcatnloFXFX-pythia8/crab_TTJets_TuneCP5_13TeV-amcatnloFXFX-pythia8/240205_152245//0002/SSBTree_2913.root
adding: dcap://cluster142.knu.ac.kr//pnfs/knu.ac.kr/data/cms/store/user/sha/Run2FULL/2016PreVFP/MC/TTJets_TuneCP5_13TeV-amcatnloFXFX-pythia8/crab_TTJets_TuneCP5_13TeV-amcatnloFXFX-pythia8/240205_152245//0002/SSBTree_2914.root
adding: dcap://cluster142.knu.ac.kr//pnfs/knu.ac.kr/data/cms/store/user/sha/Run2FULL/2016PreVFP/MC/TTJets_TuneCP5_13TeV-amcatnloFXFX-pythia8/crab_TTJets_TuneCP5_13TeV-amcatnloFXFX-pythia8/240205_152245//0002/SSBTree_2915.root
adding: dcap://cluster142.knu.ac.kr//pnfs/knu.ac.kr/data/cms/store/user/sha/Run2FULL/2016PreVFP/MC/TTJets_TuneCP5_13TeV-amcatnloFXFX-pythia8/crab_TTJets_TuneCP5_13TeV-amcatnloFXFX-pythia8/240205_152245//0002/SSBTree_2916.root
adding: dcap://cluster142.knu.ac.kr//pnfs/knu.ac.kr/data/cms/store/user/sha/Run2FULL/2016PreVFP/MC/TTJets_TuneCP5_13TeV-amcatnloFXFX-pythia8/crab_TTJets_TuneCP5_13TeV-amcatnloFXFX-pythia8/240205_152245//0002/SSBTree_2917.root
adding: dcap://cluster142.knu.ac.kr//pnfs/knu.ac.kr/data/cms/store/user/sha/Run2FULL/2016PreVFP/MC/TTJets_TuneCP5_13TeV-amcatnloFXFX-pythia8/crab_TTJets_TuneCP5_13TeV-amcatnloFXFX-pythia8/240205_152245//0002/SSBTree_2918.root
adding: dcap://cluster142.knu.ac.kr//pnfs/knu.ac.kr/data/cms/store/user/sha/Run2FULL/2016PreVFP/MC/TTJets_TuneCP5_13TeV-amcatnloFXFX-pythia8/crab_TTJets_TuneCP5_13TeV-amcatnloFXFX-pythia8/240205_152245//0002/SSBTree_2919.root
adding: dcap://cluster142.knu.ac.kr//pnfs/knu.ac.kr/data/cms/store/user/sha/Run2FULL/2016PreVFP/MC/TTJets_TuneCP5_13TeV-amcatnloFXFX-pythia8/crab_TTJets_TuneCP5_13TeV-amcatnloFXFX-pythia8/240205_152245//0002/SSBTree_2920.root
Total number of events after merging root files: 247420
Event 0
Event 10000
Event 20000
Event 30000
Event 40000
Event 50000
Event 60000
Event 70000
Event 80000
Event 90000
Event 100000
Event 110000
Event 120000
Event 130000
Event 140000
Event 150000
Event 160000
Event 170000
Event 180000
Event 190000
Event 200000
Event 210000
Event 220000
Event 230000
Event 240000
Total processed number of events: 247420
End processing...

The number of options is: 2
Option 0 = ./TopMass_analysis
Option 1 = TTJets_Inclusive/TTJets_Inclusive_330.list
Option 2 = TTJets_Inclusive/TTJets_Inclusive_330.txt
Input filelist = TTJets_Inclusive/TTJets_Inclusive_330.list
Output file name = TTJets_Inclusive/TTJets_Inclusive_330.txt


start merging file(s)
adding: dcap://cluster142.knu.ac.kr//pnfs/knu.ac.kr/data/cms/store/user/sha/Run2FULL/2016PreVFP/MC/TTJets_TuneCP5_13TeV-amcatnloFXFX-pythia8/crab_TTJets_TuneCP5_13TeV-amcatnloFXFX-pythia8/240205_152245//0003/SSBTree_3291.root
adding: dcap://cluster142.knu.ac.kr//pnfs/knu.ac.kr/data/cms/store/user/sha/Run2FULL/2016PreVFP/MC/TTJets_TuneCP5_13TeV-amcatnloFXFX-pythia8/crab_TTJets_TuneCP5_13TeV-amcatnloFXFX-pythia8/240205_152245//0003/SSBTree_3292.root
adding: dcap://cluster142.knu.ac.kr//pnfs/knu.ac.kr/data/cms/store/user/sha/Run2FULL/2016PreVFP/MC/TTJets_TuneCP5_13TeV-amcatnloFXFX-pythia8/crab_TTJets_TuneCP5_13TeV-amcatnloFXFX-pythia8/240205_152245//0003/SSBTree_3293.root
adding: dcap://cluster142.knu.ac.kr//pnfs/knu.ac.kr/data/cms/store/user/sha/Run2FULL/2016PreVFP/MC/TTJets_TuneCP5_13TeV-amcatnloFXFX-pythia8/crab_TTJets_TuneCP5_13TeV-amcatnloFXFX-pythia8/240205_152245//0003/SSBTree_3294.root
adding: dcap://cluster142.knu.ac.kr//pnfs/knu.ac.kr/data/cms/store/user/sha/Run2FULL/2016PreVFP/MC/TTJets_TuneCP5_13TeV-amcatnloFXFX-pythia8/crab_TTJets_TuneCP5_13TeV-amcatnloFXFX-pythia8/240205_152245//0003/SSBTree_3295.root
adding: dcap://cluster142.knu.ac.kr//pnfs/knu.ac.kr/data/cms/store/user/sha/Run2FULL/2016PreVFP/MC/TTJets_TuneCP5_13TeV-amcatnloFXFX-pythia8/crab_TTJets_TuneCP5_13TeV-amcatnloFXFX-pythia8/240205_152245//0003/SSBTree_3296.root
adding: dcap://cluster142.knu.ac.kr//pnfs/knu.ac.kr/data/cms/store/user/sha/Run2FULL/2016PreVFP/MC/TTJets_TuneCP5_13TeV-amcatnloFXFX-pythia8/crab_TTJets_TuneCP5_13TeV-amcatnloFXFX-pythia8/240205_152245//0003/SSBTree_3297.root
adding: dcap://cluster142.knu.ac.kr//pnfs/knu.ac.kr/data/cms/store/user/sha/Run2FULL/2016PreVFP/MC/TTJets_TuneCP5_13TeV-amcatnloFXFX-pythia8/crab_TTJets_TuneCP5_13TeV-amcatnloFXFX-pythia8/240205_152245//0003/SSBTree_3298.root
adding: dcap://cluster142.knu.ac.kr//pnfs/knu.ac.kr/data/cms/store/user/sha/Run2FULL/2016PreVFP/MC/TTJets_TuneCP5_13TeV-amcatnloFXFX-pythia8/crab_TTJets_TuneCP5_13TeV-amcatnloFXFX-pythia8/240205_152245//0003/SSBTree_3299.root
adding: dcap://cluster142.knu.ac.kr//pnfs/knu.ac.kr/data/cms/store/user/sha/Run2FULL/2016PreVFP/MC/TTJets_TuneCP5_13TeV-amcatnloFXFX-pythia8/crab_TTJets_TuneCP5_13TeV-amcatnloFXFX-pythia8/240205_152245//0003/SSBTree_3300.root
Total number of events after merging root files: 249045
Event 0
Event 10000
Event 20000
Event 30000
Event 40000
Event 50000
Event 60000
Event 70000
Event 80000
Event 90000
Event 100000
Event 110000
Event 120000
Event 130000
Event 140000
Event 150000
Event 160000
Event 170000
Event 180000
Event 190000
Event 200000
Event 210000
Event 220000
Event 230000
Event 240000
Total processed number of events: 249045
End processing...

The number of options is: 2
Option 0 = ./TopMass_analysis
Option 1 = TTJets_Inclusive/TTJets_Inclusive_368.list
Option 2 = TTJets_Inclusive/TTJets_Inclusive_368.txt
Input filelist = TTJets_Inclusive/TTJets_Inclusive_368.list
Output file name = TTJets_Inclusive/TTJets_Inclusive_368.txt


start merging file(s)
adding: dcap://cluster142.knu.ac.kr//pnfs/knu.ac.kr/data/cms/store/user/sha/Run2FULL/2016PreVFP/MC/TTJets_TuneCP5_13TeV-amcatnloFXFX-pythia8/crab_TTJets_TuneCP5_13TeV-amcatnloFXFX-pythia8/240205_152245//0003/SSBTree_3671.root
adding: dcap://cluster142.knu.ac.kr//pnfs/knu.ac.kr/data/cms/store/user/sha/Run2FULL/2016PreVFP/MC/TTJets_TuneCP5_13TeV-amcatnloFXFX-pythia8/crab_TTJets_TuneCP5_13TeV-amcatnloFXFX-pythia8/240205_152245//0003/SSBTree_3672.root
adding: dcap://cluster142.knu.ac.kr//pnfs/knu.ac.kr/data/cms/store/user/sha/Run2FULL/2016PreVFP/MC/TTJets_TuneCP5_13TeV-amcatnloFXFX-pythia8/crab_TTJets_TuneCP5_13TeV-amcatnloFXFX-pythia8/240205_152245//0003/SSBTree_3673.root
adding: dcap://cluster142.knu.ac.kr//pnfs/knu.ac.kr/data/cms/store/user/sha/Run2FULL/2016PreVFP/MC/TTJets_TuneCP5_13TeV-amcatnloFXFX-pythia8/crab_TTJets_TuneCP5_13TeV-amcatnloFXFX-pythia8/240205_152245//0003/SSBTree_3674.root
adding: dcap://cluster142.knu.ac.kr//pnfs/knu.ac.kr/data/cms/store/user/sha/Run2FULL/2016PreVFP/MC/TTJets_TuneCP5_13TeV-amcatnloFXFX-pythia8/crab_TTJets_TuneCP5_13TeV-amcatnloFXFX-pythia8/240205_152245//0003/SSBTree_3675.root
adding: dcap://cluster142.knu.ac.kr//pnfs/knu.ac.kr/data/cms/store/user/sha/Run2FULL/2016PreVFP/MC/TTJets_TuneCP5_13TeV-amcatnloFXFX-pythia8/crab_TTJets_TuneCP5_13TeV-amcatnloFXFX-pythia8/240205_152245//0003/SSBTree_3676.root
adding: dcap://cluster142.knu.ac.kr//pnfs/knu.ac.kr/data/cms/store/user/sha/Run2FULL/2016PreVFP/MC/TTJets_TuneCP5_13TeV-amcatnloFXFX-pythia8/crab_TTJets_TuneCP5_13TeV-amcatnloFXFX-pythia8/240205_152245//0003/SSBTree_3677.root
adding: dcap://cluster142.knu.ac.kr//pnfs/knu.ac.kr/data/cms/store/user/sha/Run2FULL/2016PreVFP/MC/TTJets_TuneCP5_13TeV-amcatnloFXFX-pythia8/crab_TTJets_TuneCP5_13TeV-amcatnloFXFX-pythia8/240205_152245//0003/SSBTree_3678.root
adding: dcap://cluster142.knu.ac.kr//pnfs/knu.ac.kr/data/cms/store/user/sha/Run2FULL/2016PreVFP/MC/TTJets_TuneCP5_13TeV-amcatnloFXFX-pythia8/crab_TTJets_TuneCP5_13TeV-amcatnloFXFX-pythia8/240205_152245//0003/SSBTree_3679.root
adding: dcap://cluster142.knu.ac.kr//pnfs/knu.ac.kr/data/cms/store/user/sha/Run2FULL/2016PreVFP/MC/TTJets_TuneCP5_13TeV-amcatnloFXFX-pythia8/crab_TTJets_TuneCP5_13TeV-amcatnloFXFX-pythia8/240205_152245//0003/SSBTree_3680.root
Total number of events after merging root files: 249387
Event 0
Event 10000
Event 20000
Event 30000
Event 40000
Event 50000
Event 60000
Event 70000
Event 80000
Event 90000
Event 100000
Event 110000
Event 120000
Event 130000
Event 140000
Event 150000
Event 160000
Event 170000
Event 180000
Event 190000
Event 200000
Event 210000
Event 220000
Event 230000
Event 240000
Total processed number of events: 249387
End processing...

