The number of options is: 2
Option 0 = ./TopMass_analysis
Option 1 = TTJets_Inclusive/TTJets_Inclusive_37.list
Option 2 = TTJets_Inclusive/TTJets_Inclusive_37.txt
Input filelist = TTJets_Inclusive/TTJets_Inclusive_37.list
Output file name = TTJets_Inclusive/TTJets_Inclusive_37.txt


start merging file(s)
adding: dcap://cluster142.knu.ac.kr//pnfs/knu.ac.kr/data/cms/store/user/sha/Run2FULL/2016PreVFP/MC/TTJets_TuneCP5_13TeV-amcatnloFXFX-pythia8/crab_TTJets_TuneCP5_13TeV-amcatnloFXFX-pythia8/240205_152245//0000/SSBTree_425.root
adding: dcap://cluster142.knu.ac.kr//pnfs/knu.ac.kr/data/cms/store/user/sha/Run2FULL/2016PreVFP/MC/TTJets_TuneCP5_13TeV-amcatnloFXFX-pythia8/crab_TTJets_TuneCP5_13TeV-amcatnloFXFX-pythia8/240205_152245//0000/SSBTree_426.root
adding: dcap://cluster142.knu.ac.kr//pnfs/knu.ac.kr/data/cms/store/user/sha/Run2FULL/2016PreVFP/MC/TTJets_TuneCP5_13TeV-amcatnloFXFX-pythia8/crab_TTJets_TuneCP5_13TeV-amcatnloFXFX-pythia8/240205_152245//0000/SSBTree_427.root
adding: dcap://cluster142.knu.ac.kr//pnfs/knu.ac.kr/data/cms/store/user/sha/Run2FULL/2016PreVFP/MC/TTJets_TuneCP5_13TeV-amcatnloFXFX-pythia8/crab_TTJets_TuneCP5_13TeV-amcatnloFXFX-pythia8/240205_152245//0000/SSBTree_428.root
adding: dcap://cluster142.knu.ac.kr//pnfs/knu.ac.kr/data/cms/store/user/sha/Run2FULL/2016PreVFP/MC/TTJets_TuneCP5_13TeV-amcatnloFXFX-pythia8/crab_TTJets_TuneCP5_13TeV-amcatnloFXFX-pythia8/240205_152245//0000/SSBTree_429.root
adding: dcap://cluster142.knu.ac.kr//pnfs/knu.ac.kr/data/cms/store/user/sha/Run2FULL/2016PreVFP/MC/TTJets_TuneCP5_13TeV-amcatnloFXFX-pythia8/crab_TTJets_TuneCP5_13TeV-amcatnloFXFX-pythia8/240205_152245//0000/SSBTree_42.root
adding: dcap://cluster142.knu.ac.kr//pnfs/knu.ac.kr/data/cms/store/user/sha/Run2FULL/2016PreVFP/MC/TTJets_TuneCP5_13TeV-amcatnloFXFX-pythia8/crab_TTJets_TuneCP5_13TeV-amcatnloFXFX-pythia8/240205_152245//0000/SSBTree_430.root
adding: dcap://cluster142.knu.ac.kr//pnfs/knu.ac.kr/data/cms/store/user/sha/Run2FULL/2016PreVFP/MC/TTJets_TuneCP5_13TeV-amcatnloFXFX-pythia8/crab_TTJets_TuneCP5_13TeV-amcatnloFXFX-pythia8/240205_152245//0000/SSBTree_431.root
adding: dcap://cluster142.knu.ac.kr//pnfs/knu.ac.kr/data/cms/store/user/sha/Run2FULL/2016PreVFP/MC/TTJets_TuneCP5_13TeV-amcatnloFXFX-pythia8/crab_TTJets_TuneCP5_13TeV-amcatnloFXFX-pythia8/240205_152245//0000/SSBTree_432.root
adding: dcap://cluster142.knu.ac.kr//pnfs/knu.ac.kr/data/cms/store/user/sha/Run2FULL/2016PreVFP/MC/TTJets_TuneCP5_13TeV-amcatnloFXFX-pythia8/crab_TTJets_TuneCP5_13TeV-amcatnloFXFX-pythia8/240205_152245//0000/SSBTree_433.root
Total number of events after merging root files: 249147
Event 0
Event 10000
Event 20000
Event 30000
Event 40000
Event 50000
Event 60000
Event 70000
Event 80000
Event 90000
Event 100000
Event 110000
Event 120000
Event 130000
Event 140000
Event 150000
Event 160000
Event 170000
Event 180000
Event 190000
Event 200000
Event 210000
Event 220000
Event 230000
Event 240000
Total processed number of events: 249147
End processing...

The number of options is: 2
Option 0 = ./TopMass_analysis
Option 1 = TTJets_Inclusive/TTJets_Inclusive_75.list
Option 2 = TTJets_Inclusive/TTJets_Inclusive_75.txt
Input filelist = TTJets_Inclusive/TTJets_Inclusive_75.list
Output file name = TTJets_Inclusive/TTJets_Inclusive_75.txt


start merging file(s)
adding: dcap://cluster142.knu.ac.kr//pnfs/knu.ac.kr/data/cms/store/user/sha/Run2FULL/2016PreVFP/MC/TTJets_TuneCP5_13TeV-amcatnloFXFX-pythia8/crab_TTJets_TuneCP5_13TeV-amcatnloFXFX-pythia8/240205_152245//0000/SSBTree_768.root
adding: dcap://cluster142.knu.ac.kr//pnfs/knu.ac.kr/data/cms/store/user/sha/Run2FULL/2016PreVFP/MC/TTJets_TuneCP5_13TeV-amcatnloFXFX-pythia8/crab_TTJets_TuneCP5_13TeV-amcatnloFXFX-pythia8/240205_152245//0000/SSBTree_769.root
adding: dcap://cluster142.knu.ac.kr//pnfs/knu.ac.kr/data/cms/store/user/sha/Run2FULL/2016PreVFP/MC/TTJets_TuneCP5_13TeV-amcatnloFXFX-pythia8/crab_TTJets_TuneCP5_13TeV-amcatnloFXFX-pythia8/240205_152245//0000/SSBTree_76.root
adding: dcap://cluster142.knu.ac.kr//pnfs/knu.ac.kr/data/cms/store/user/sha/Run2FULL/2016PreVFP/MC/TTJets_TuneCP5_13TeV-amcatnloFXFX-pythia8/crab_TTJets_TuneCP5_13TeV-amcatnloFXFX-pythia8/240205_152245//0000/SSBTree_770.root
adding: dcap://cluster142.knu.ac.kr//pnfs/knu.ac.kr/data/cms/store/user/sha/Run2FULL/2016PreVFP/MC/TTJets_TuneCP5_13TeV-amcatnloFXFX-pythia8/crab_TTJets_TuneCP5_13TeV-amcatnloFXFX-pythia8/240205_152245//0000/SSBTree_771.root
adding: dcap://cluster142.knu.ac.kr//pnfs/knu.ac.kr/data/cms/store/user/sha/Run2FULL/2016PreVFP/MC/TTJets_TuneCP5_13TeV-amcatnloFXFX-pythia8/crab_TTJets_TuneCP5_13TeV-amcatnloFXFX-pythia8/240205_152245//0000/SSBTree_772.root
adding: dcap://cluster142.knu.ac.kr//pnfs/knu.ac.kr/data/cms/store/user/sha/Run2FULL/2016PreVFP/MC/TTJets_TuneCP5_13TeV-amcatnloFXFX-pythia8/crab_TTJets_TuneCP5_13TeV-amcatnloFXFX-pythia8/240205_152245//0000/SSBTree_773.root
adding: dcap://cluster142.knu.ac.kr//pnfs/knu.ac.kr/data/cms/store/user/sha/Run2FULL/2016PreVFP/MC/TTJets_TuneCP5_13TeV-amcatnloFXFX-pythia8/crab_TTJets_TuneCP5_13TeV-amcatnloFXFX-pythia8/240205_152245//0000/SSBTree_774.root
adding: dcap://cluster142.knu.ac.kr//pnfs/knu.ac.kr/data/cms/store/user/sha/Run2FULL/2016PreVFP/MC/TTJets_TuneCP5_13TeV-amcatnloFXFX-pythia8/crab_TTJets_TuneCP5_13TeV-amcatnloFXFX-pythia8/240205_152245//0000/SSBTree_775.root
adding: dcap://cluster142.knu.ac.kr//pnfs/knu.ac.kr/data/cms/store/user/sha/Run2FULL/2016PreVFP/MC/TTJets_TuneCP5_13TeV-amcatnloFXFX-pythia8/crab_TTJets_TuneCP5_13TeV-amcatnloFXFX-pythia8/240205_152245//0000/SSBTree_776.root
Total number of events after merging root files: 249154
Event 0
Event 10000
Event 20000
Event 30000
Event 40000
Event 50000
Event 60000
Event 70000
Event 80000
Event 90000
Event 100000
Event 110000
Event 120000
Event 130000
Event 140000
Event 150000
Event 160000
Event 170000
Event 180000
Event 190000
Event 200000
Event 210000
Event 220000
Event 230000
Event 240000
Total processed number of events: 249154
End processing...

The number of options is: 2
Option 0 = ./TopMass_analysis
Option 1 = TTJets_Inclusive/TTJets_Inclusive_113.list
Option 2 = TTJets_Inclusive/TTJets_Inclusive_113.txt
Input filelist = TTJets_Inclusive/TTJets_Inclusive_113.list
Output file name = TTJets_Inclusive/TTJets_Inclusive_113.txt


start merging file(s)
adding: dcap://cluster142.knu.ac.kr//pnfs/knu.ac.kr/data/cms/store/user/sha/Run2FULL/2016PreVFP/MC/TTJets_TuneCP5_13TeV-amcatnloFXFX-pythia8/crab_TTJets_TuneCP5_13TeV-amcatnloFXFX-pythia8/240205_152245//0001/SSBTree_1121.root
adding: dcap://cluster142.knu.ac.kr//pnfs/knu.ac.kr/data/cms/store/user/sha/Run2FULL/2016PreVFP/MC/TTJets_TuneCP5_13TeV-amcatnloFXFX-pythia8/crab_TTJets_TuneCP5_13TeV-amcatnloFXFX-pythia8/240205_152245//0001/SSBTree_1122.root
adding: dcap://cluster142.knu.ac.kr//pnfs/knu.ac.kr/data/cms/store/user/sha/Run2FULL/2016PreVFP/MC/TTJets_TuneCP5_13TeV-amcatnloFXFX-pythia8/crab_TTJets_TuneCP5_13TeV-amcatnloFXFX-pythia8/240205_152245//0001/SSBTree_1123.root
adding: dcap://cluster142.knu.ac.kr//pnfs/knu.ac.kr/data/cms/store/user/sha/Run2FULL/2016PreVFP/MC/TTJets_TuneCP5_13TeV-amcatnloFXFX-pythia8/crab_TTJets_TuneCP5_13TeV-amcatnloFXFX-pythia8/240205_152245//0001/SSBTree_1124.root
adding: dcap://cluster142.knu.ac.kr//pnfs/knu.ac.kr/data/cms/store/user/sha/Run2FULL/2016PreVFP/MC/TTJets_TuneCP5_13TeV-amcatnloFXFX-pythia8/crab_TTJets_TuneCP5_13TeV-amcatnloFXFX-pythia8/240205_152245//0001/SSBTree_1125.root
adding: dcap://cluster142.knu.ac.kr//pnfs/knu.ac.kr/data/cms/store/user/sha/Run2FULL/2016PreVFP/MC/TTJets_TuneCP5_13TeV-amcatnloFXFX-pythia8/crab_TTJets_TuneCP5_13TeV-amcatnloFXFX-pythia8/240205_152245//0001/SSBTree_1126.root
adding: dcap://cluster142.knu.ac.kr//pnfs/knu.ac.kr/data/cms/store/user/sha/Run2FULL/2016PreVFP/MC/TTJets_TuneCP5_13TeV-amcatnloFXFX-pythia8/crab_TTJets_TuneCP5_13TeV-amcatnloFXFX-pythia8/240205_152245//0001/SSBTree_1127.root
adding: dcap://cluster142.knu.ac.kr//pnfs/knu.ac.kr/data/cms/store/user/sha/Run2FULL/2016PreVFP/MC/TTJets_TuneCP5_13TeV-amcatnloFXFX-pythia8/crab_TTJets_TuneCP5_13TeV-amcatnloFXFX-pythia8/240205_152245//0001/SSBTree_1128.root
adding: dcap://cluster142.knu.ac.kr//pnfs/knu.ac.kr/data/cms/store/user/sha/Run2FULL/2016PreVFP/MC/TTJets_TuneCP5_13TeV-amcatnloFXFX-pythia8/crab_TTJets_TuneCP5_13TeV-amcatnloFXFX-pythia8/240205_152245//0001/SSBTree_1129.root
adding: dcap://cluster142.knu.ac.kr//pnfs/knu.ac.kr/data/cms/store/user/sha/Run2FULL/2016PreVFP/MC/TTJets_TuneCP5_13TeV-amcatnloFXFX-pythia8/crab_TTJets_TuneCP5_13TeV-amcatnloFXFX-pythia8/240205_152245//0001/SSBTree_1130.root
Total number of events after merging root files: 241817
Event 0
Event 10000
Event 20000
Event 30000
Event 40000
Event 50000
Event 60000
Event 70000
Event 80000
Event 90000
Event 100000
Event 110000
Event 120000
Event 130000
Event 140000
Event 150000
Event 160000
Event 170000
Event 180000
Event 190000
Event 200000
Event 210000
Event 220000
Event 230000
Event 240000
Total processed number of events: 241817
End processing...

The number of options is: 2
Option 0 = ./TopMass_analysis
Option 1 = TTJets_Inclusive/TTJets_Inclusive_151.list
Option 2 = TTJets_Inclusive/TTJets_Inclusive_151.txt
Input filelist = TTJets_Inclusive/TTJets_Inclusive_151.list
Output file name = TTJets_Inclusive/TTJets_Inclusive_151.txt


start merging file(s)
adding: dcap://cluster142.knu.ac.kr//pnfs/knu.ac.kr/data/cms/store/user/sha/Run2FULL/2016PreVFP/MC/TTJets_TuneCP5_13TeV-amcatnloFXFX-pythia8/crab_TTJets_TuneCP5_13TeV-amcatnloFXFX-pythia8/240205_152245//0001/SSBTree_1501.root
adding: dcap://cluster142.knu.ac.kr//pnfs/knu.ac.kr/data/cms/store/user/sha/Run2FULL/2016PreVFP/MC/TTJets_TuneCP5_13TeV-amcatnloFXFX-pythia8/crab_TTJets_TuneCP5_13TeV-amcatnloFXFX-pythia8/240205_152245//0001/SSBTree_1502.root
adding: dcap://cluster142.knu.ac.kr//pnfs/knu.ac.kr/data/cms/store/user/sha/Run2FULL/2016PreVFP/MC/TTJets_TuneCP5_13TeV-amcatnloFXFX-pythia8/crab_TTJets_TuneCP5_13TeV-amcatnloFXFX-pythia8/240205_152245//0001/SSBTree_1503.root
adding: dcap://cluster142.knu.ac.kr//pnfs/knu.ac.kr/data/cms/store/user/sha/Run2FULL/2016PreVFP/MC/TTJets_TuneCP5_13TeV-amcatnloFXFX-pythia8/crab_TTJets_TuneCP5_13TeV-amcatnloFXFX-pythia8/240205_152245//0001/SSBTree_1504.root
adding: dcap://cluster142.knu.ac.kr//pnfs/knu.ac.kr/data/cms/store/user/sha/Run2FULL/2016PreVFP/MC/TTJets_TuneCP5_13TeV-amcatnloFXFX-pythia8/crab_TTJets_TuneCP5_13TeV-amcatnloFXFX-pythia8/240205_152245//0001/SSBTree_1505.root
adding: dcap://cluster142.knu.ac.kr//pnfs/knu.ac.kr/data/cms/store/user/sha/Run2FULL/2016PreVFP/MC/TTJets_TuneCP5_13TeV-amcatnloFXFX-pythia8/crab_TTJets_TuneCP5_13TeV-amcatnloFXFX-pythia8/240205_152245//0001/SSBTree_1506.root
adding: dcap://cluster142.knu.ac.kr//pnfs/knu.ac.kr/data/cms/store/user/sha/Run2FULL/2016PreVFP/MC/TTJets_TuneCP5_13TeV-amcatnloFXFX-pythia8/crab_TTJets_TuneCP5_13TeV-amcatnloFXFX-pythia8/240205_152245//0001/SSBTree_1507.root
adding: dcap://cluster142.knu.ac.kr//pnfs/knu.ac.kr/data/cms/store/user/sha/Run2FULL/2016PreVFP/MC/TTJets_TuneCP5_13TeV-amcatnloFXFX-pythia8/crab_TTJets_TuneCP5_13TeV-amcatnloFXFX-pythia8/240205_152245//0001/SSBTree_1508.root
adding: dcap://cluster142.knu.ac.kr//pnfs/knu.ac.kr/data/cms/store/user/sha/Run2FULL/2016PreVFP/MC/TTJets_TuneCP5_13TeV-amcatnloFXFX-pythia8/crab_TTJets_TuneCP5_13TeV-amcatnloFXFX-pythia8/240205_152245//0001/SSBTree_1509.root
adding: dcap://cluster142.knu.ac.kr//pnfs/knu.ac.kr/data/cms/store/user/sha/Run2FULL/2016PreVFP/MC/TTJets_TuneCP5_13TeV-amcatnloFXFX-pythia8/crab_TTJets_TuneCP5_13TeV-amcatnloFXFX-pythia8/240205_152245//0001/SSBTree_1510.root
Total number of events after merging root files: 249566
Event 0
Event 10000
Event 20000
Event 30000
Event 40000
Event 50000
Event 60000
Event 70000
Event 80000
Event 90000
Event 100000
Event 110000
Event 120000
Event 130000
Event 140000
Event 150000
Event 160000
Event 170000
Event 180000
Event 190000
Event 200000
Event 210000
Event 220000
Event 230000
Event 240000
Total processed number of events: 249566
End processing...

The number of options is: 2
Option 0 = ./TopMass_analysis
Option 1 = TTJets_Inclusive/TTJets_Inclusive_189.list
Option 2 = TTJets_Inclusive/TTJets_Inclusive_189.txt
Input filelist = TTJets_Inclusive/TTJets_Inclusive_189.list
Output file name = TTJets_Inclusive/TTJets_Inclusive_189.txt


start merging file(s)
adding: dcap://cluster142.knu.ac.kr//pnfs/knu.ac.kr/data/cms/store/user/sha/Run2FULL/2016PreVFP/MC/TTJets_TuneCP5_13TeV-amcatnloFXFX-pythia8/crab_TTJets_TuneCP5_13TeV-amcatnloFXFX-pythia8/240205_152245//0001/SSBTree_1881.root
adding: dcap://cluster142.knu.ac.kr//pnfs/knu.ac.kr/data/cms/store/user/sha/Run2FULL/2016PreVFP/MC/TTJets_TuneCP5_13TeV-amcatnloFXFX-pythia8/crab_TTJets_TuneCP5_13TeV-amcatnloFXFX-pythia8/240205_152245//0001/SSBTree_1882.root
adding: dcap://cluster142.knu.ac.kr//pnfs/knu.ac.kr/data/cms/store/user/sha/Run2FULL/2016PreVFP/MC/TTJets_TuneCP5_13TeV-amcatnloFXFX-pythia8/crab_TTJets_TuneCP5_13TeV-amcatnloFXFX-pythia8/240205_152245//0001/SSBTree_1883.root
adding: dcap://cluster142.knu.ac.kr//pnfs/knu.ac.kr/data/cms/store/user/sha/Run2FULL/2016PreVFP/MC/TTJets_TuneCP5_13TeV-amcatnloFXFX-pythia8/crab_TTJets_TuneCP5_13TeV-amcatnloFXFX-pythia8/240205_152245//0001/SSBTree_1884.root
adding: dcap://cluster142.knu.ac.kr//pnfs/knu.ac.kr/data/cms/store/user/sha/Run2FULL/2016PreVFP/MC/TTJets_TuneCP5_13TeV-amcatnloFXFX-pythia8/crab_TTJets_TuneCP5_13TeV-amcatnloFXFX-pythia8/240205_152245//0001/SSBTree_1885.root
adding: dcap://cluster142.knu.ac.kr//pnfs/knu.ac.kr/data/cms/store/user/sha/Run2FULL/2016PreVFP/MC/TTJets_TuneCP5_13TeV-amcatnloFXFX-pythia8/crab_TTJets_TuneCP5_13TeV-amcatnloFXFX-pythia8/240205_152245//0001/SSBTree_1886.root
adding: dcap://cluster142.knu.ac.kr//pnfs/knu.ac.kr/data/cms/store/user/sha/Run2FULL/2016PreVFP/MC/TTJets_TuneCP5_13TeV-amcatnloFXFX-pythia8/crab_TTJets_TuneCP5_13TeV-amcatnloFXFX-pythia8/240205_152245//0001/SSBTree_1887.root
adding: dcap://cluster142.knu.ac.kr//pnfs/knu.ac.kr/data/cms/store/user/sha/Run2FULL/2016PreVFP/MC/TTJets_TuneCP5_13TeV-amcatnloFXFX-pythia8/crab_TTJets_TuneCP5_13TeV-amcatnloFXFX-pythia8/240205_152245//0001/SSBTree_1888.root
adding: dcap://cluster142.knu.ac.kr//pnfs/knu.ac.kr/data/cms/store/user/sha/Run2FULL/2016PreVFP/MC/TTJets_TuneCP5_13TeV-amcatnloFXFX-pythia8/crab_TTJets_TuneCP5_13TeV-amcatnloFXFX-pythia8/240205_152245//0001/SSBTree_1889.root
adding: dcap://cluster142.knu.ac.kr//pnfs/knu.ac.kr/data/cms/store/user/sha/Run2FULL/2016PreVFP/MC/TTJets_TuneCP5_13TeV-amcatnloFXFX-pythia8/crab_TTJets_TuneCP5_13TeV-amcatnloFXFX-pythia8/240205_152245//0001/SSBTree_1890.root
Total number of events after merging root files: 249036
Event 0
Event 10000
Event 20000
Event 30000
Event 40000
Event 50000
Event 60000
Event 70000
Event 80000
Event 90000
Event 100000
Event 110000
Event 120000
Event 130000
Event 140000
Event 150000
Event 160000
Event 170000
Event 180000
Event 190000
Event 200000
Event 210000
Event 220000
Event 230000
Event 240000
Total processed number of events: 249036
End processing...

The number of options is: 2
Option 0 = ./TopMass_analysis
Option 1 = TTJets_Inclusive/TTJets_Inclusive_227.list
Option 2 = TTJets_Inclusive/TTJets_Inclusive_227.txt
Input filelist = TTJets_Inclusive/TTJets_Inclusive_227.list
Output file name = TTJets_Inclusive/TTJets_Inclusive_227.txt


start merging file(s)
adding: dcap://cluster142.knu.ac.kr//pnfs/knu.ac.kr/data/cms/store/user/sha/Run2FULL/2016PreVFP/MC/TTJets_TuneCP5_13TeV-amcatnloFXFX-pythia8/crab_TTJets_TuneCP5_13TeV-amcatnloFXFX-pythia8/240205_152245//0002/SSBTree_2261.root
adding: dcap://cluster142.knu.ac.kr//pnfs/knu.ac.kr/data/cms/store/user/sha/Run2FULL/2016PreVFP/MC/TTJets_TuneCP5_13TeV-amcatnloFXFX-pythia8/crab_TTJets_TuneCP5_13TeV-amcatnloFXFX-pythia8/240205_152245//0002/SSBTree_2262.root
adding: dcap://cluster142.knu.ac.kr//pnfs/knu.ac.kr/data/cms/store/user/sha/Run2FULL/2016PreVFP/MC/TTJets_TuneCP5_13TeV-amcatnloFXFX-pythia8/crab_TTJets_TuneCP5_13TeV-amcatnloFXFX-pythia8/240205_152245//0002/SSBTree_2263.root
adding: dcap://cluster142.knu.ac.kr//pnfs/knu.ac.kr/data/cms/store/user/sha/Run2FULL/2016PreVFP/MC/TTJets_TuneCP5_13TeV-amcatnloFXFX-pythia8/crab_TTJets_TuneCP5_13TeV-amcatnloFXFX-pythia8/240205_152245//0002/SSBTree_2264.root
adding: dcap://cluster142.knu.ac.kr//pnfs/knu.ac.kr/data/cms/store/user/sha/Run2FULL/2016PreVFP/MC/TTJets_TuneCP5_13TeV-amcatnloFXFX-pythia8/crab_TTJets_TuneCP5_13TeV-amcatnloFXFX-pythia8/240205_152245//0002/SSBTree_2265.root
adding: dcap://cluster142.knu.ac.kr//pnfs/knu.ac.kr/data/cms/store/user/sha/Run2FULL/2016PreVFP/MC/TTJets_TuneCP5_13TeV-amcatnloFXFX-pythia8/crab_TTJets_TuneCP5_13TeV-amcatnloFXFX-pythia8/240205_152245//0002/SSBTree_2266.root
adding: dcap://cluster142.knu.ac.kr//pnfs/knu.ac.kr/data/cms/store/user/sha/Run2FULL/2016PreVFP/MC/TTJets_TuneCP5_13TeV-amcatnloFXFX-pythia8/crab_TTJets_TuneCP5_13TeV-amcatnloFXFX-pythia8/240205_152245//0002/SSBTree_2267.root
adding: dcap://cluster142.knu.ac.kr//pnfs/knu.ac.kr/data/cms/store/user/sha/Run2FULL/2016PreVFP/MC/TTJets_TuneCP5_13TeV-amcatnloFXFX-pythia8/crab_TTJets_TuneCP5_13TeV-amcatnloFXFX-pythia8/240205_152245//0002/SSBTree_2268.root
adding: dcap://cluster142.knu.ac.kr//pnfs/knu.ac.kr/data/cms/store/user/sha/Run2FULL/2016PreVFP/MC/TTJets_TuneCP5_13TeV-amcatnloFXFX-pythia8/crab_TTJets_TuneCP5_13TeV-amcatnloFXFX-pythia8/240205_152245//0002/SSBTree_2269.root
adding: dcap://cluster142.knu.ac.kr//pnfs/knu.ac.kr/data/cms/store/user/sha/Run2FULL/2016PreVFP/MC/TTJets_TuneCP5_13TeV-amcatnloFXFX-pythia8/crab_TTJets_TuneCP5_13TeV-amcatnloFXFX-pythia8/240205_152245//0002/SSBTree_2270.root
Total number of events after merging root files: 249309
Event 0
Event 10000
Event 20000
Event 30000
Event 40000
Event 50000
Event 60000
Event 70000
Event 80000
Event 90000
Event 100000
Event 110000
Event 120000
Event 130000
Event 140000
Event 150000
Event 160000
Event 170000
Event 180000
Event 190000
Event 200000
Event 210000
Event 220000
Event 230000
Event 240000
Total processed number of events: 249309
End processing...

The number of options is: 2
Option 0 = ./TopMass_analysis
Option 1 = TTJets_Inclusive/TTJets_Inclusive_265.list
Option 2 = TTJets_Inclusive/TTJets_Inclusive_265.txt
Input filelist = TTJets_Inclusive/TTJets_Inclusive_265.list
Output file name = TTJets_Inclusive/TTJets_Inclusive_265.txt


start merging file(s)
adding: dcap://cluster142.knu.ac.kr//pnfs/knu.ac.kr/data/cms/store/user/sha/Run2FULL/2016PreVFP/MC/TTJets_TuneCP5_13TeV-amcatnloFXFX-pythia8/crab_TTJets_TuneCP5_13TeV-amcatnloFXFX-pythia8/240205_152245//0002/SSBTree_2641.root
adding: dcap://cluster142.knu.ac.kr//pnfs/knu.ac.kr/data/cms/store/user/sha/Run2FULL/2016PreVFP/MC/TTJets_TuneCP5_13TeV-amcatnloFXFX-pythia8/crab_TTJets_TuneCP5_13TeV-amcatnloFXFX-pythia8/240205_152245//0002/SSBTree_2642.root
adding: dcap://cluster142.knu.ac.kr//pnfs/knu.ac.kr/data/cms/store/user/sha/Run2FULL/2016PreVFP/MC/TTJets_TuneCP5_13TeV-amcatnloFXFX-pythia8/crab_TTJets_TuneCP5_13TeV-amcatnloFXFX-pythia8/240205_152245//0002/SSBTree_2643.root
adding: dcap://cluster142.knu.ac.kr//pnfs/knu.ac.kr/data/cms/store/user/sha/Run2FULL/2016PreVFP/MC/TTJets_TuneCP5_13TeV-amcatnloFXFX-pythia8/crab_TTJets_TuneCP5_13TeV-amcatnloFXFX-pythia8/240205_152245//0002/SSBTree_2644.root
adding: dcap://cluster142.knu.ac.kr//pnfs/knu.ac.kr/data/cms/store/user/sha/Run2FULL/2016PreVFP/MC/TTJets_TuneCP5_13TeV-amcatnloFXFX-pythia8/crab_TTJets_TuneCP5_13TeV-amcatnloFXFX-pythia8/240205_152245//0002/SSBTree_2645.root
adding: dcap://cluster142.knu.ac.kr//pnfs/knu.ac.kr/data/cms/store/user/sha/Run2FULL/2016PreVFP/MC/TTJets_TuneCP5_13TeV-amcatnloFXFX-pythia8/crab_TTJets_TuneCP5_13TeV-amcatnloFXFX-pythia8/240205_152245//0002/SSBTree_2646.root
adding: dcap://cluster142.knu.ac.kr//pnfs/knu.ac.kr/data/cms/store/user/sha/Run2FULL/2016PreVFP/MC/TTJets_TuneCP5_13TeV-amcatnloFXFX-pythia8/crab_TTJets_TuneCP5_13TeV-amcatnloFXFX-pythia8/240205_152245//0002/SSBTree_2647.root
adding: dcap://cluster142.knu.ac.kr//pnfs/knu.ac.kr/data/cms/store/user/sha/Run2FULL/2016PreVFP/MC/TTJets_TuneCP5_13TeV-amcatnloFXFX-pythia8/crab_TTJets_TuneCP5_13TeV-amcatnloFXFX-pythia8/240205_152245//0002/SSBTree_2648.root
adding: dcap://cluster142.knu.ac.kr//pnfs/knu.ac.kr/data/cms/store/user/sha/Run2FULL/2016PreVFP/MC/TTJets_TuneCP5_13TeV-amcatnloFXFX-pythia8/crab_TTJets_TuneCP5_13TeV-amcatnloFXFX-pythia8/240205_152245//0002/SSBTree_2649.root
adding: dcap://cluster142.knu.ac.kr//pnfs/knu.ac.kr/data/cms/store/user/sha/Run2FULL/2016PreVFP/MC/TTJets_TuneCP5_13TeV-amcatnloFXFX-pythia8/crab_TTJets_TuneCP5_13TeV-amcatnloFXFX-pythia8/240205_152245//0002/SSBTree_2650.root
Total number of events after merging root files: 246437
Event 0
Event 10000
Event 20000
Event 30000
Event 40000
Event 50000
Event 60000
Event 70000
Event 80000
Event 90000
Event 100000
Event 110000
Event 120000
Event 130000
Event 140000
Event 150000
Event 160000
Event 170000
Event 180000
Event 190000
Event 200000
Event 210000
Event 220000
Event 230000
Event 240000
Total processed number of events: 246437
End processing...

The number of options is: 2
Option 0 = ./TopMass_analysis
Option 1 = TTJets_Inclusive/TTJets_Inclusive_303.list
Option 2 = TTJets_Inclusive/TTJets_Inclusive_303.txt
Input filelist = TTJets_Inclusive/TTJets_Inclusive_303.list
Output file name = TTJets_Inclusive/TTJets_Inclusive_303.txt


start merging file(s)
adding: dcap://cluster142.knu.ac.kr//pnfs/knu.ac.kr/data/cms/store/user/sha/Run2FULL/2016PreVFP/MC/TTJets_TuneCP5_13TeV-amcatnloFXFX-pythia8/crab_TTJets_TuneCP5_13TeV-amcatnloFXFX-pythia8/240205_152245//0003/SSBTree_3021.root
adding: dcap://cluster142.knu.ac.kr//pnfs/knu.ac.kr/data/cms/store/user/sha/Run2FULL/2016PreVFP/MC/TTJets_TuneCP5_13TeV-amcatnloFXFX-pythia8/crab_TTJets_TuneCP5_13TeV-amcatnloFXFX-pythia8/240205_152245//0003/SSBTree_3022.root
adding: dcap://cluster142.knu.ac.kr//pnfs/knu.ac.kr/data/cms/store/user/sha/Run2FULL/2016PreVFP/MC/TTJets_TuneCP5_13TeV-amcatnloFXFX-pythia8/crab_TTJets_TuneCP5_13TeV-amcatnloFXFX-pythia8/240205_152245//0003/SSBTree_3023.root
adding: dcap://cluster142.knu.ac.kr//pnfs/knu.ac.kr/data/cms/store/user/sha/Run2FULL/2016PreVFP/MC/TTJets_TuneCP5_13TeV-amcatnloFXFX-pythia8/crab_TTJets_TuneCP5_13TeV-amcatnloFXFX-pythia8/240205_152245//0003/SSBTree_3024.root
adding: dcap://cluster142.knu.ac.kr//pnfs/knu.ac.kr/data/cms/store/user/sha/Run2FULL/2016PreVFP/MC/TTJets_TuneCP5_13TeV-amcatnloFXFX-pythia8/crab_TTJets_TuneCP5_13TeV-amcatnloFXFX-pythia8/240205_152245//0003/SSBTree_3025.root
adding: dcap://cluster142.knu.ac.kr//pnfs/knu.ac.kr/data/cms/store/user/sha/Run2FULL/2016PreVFP/MC/TTJets_TuneCP5_13TeV-amcatnloFXFX-pythia8/crab_TTJets_TuneCP5_13TeV-amcatnloFXFX-pythia8/240205_152245//0003/SSBTree_3026.root
adding: dcap://cluster142.knu.ac.kr//pnfs/knu.ac.kr/data/cms/store/user/sha/Run2FULL/2016PreVFP/MC/TTJets_TuneCP5_13TeV-amcatnloFXFX-pythia8/crab_TTJets_TuneCP5_13TeV-amcatnloFXFX-pythia8/240205_152245//0003/SSBTree_3027.root
adding: dcap://cluster142.knu.ac.kr//pnfs/knu.ac.kr/data/cms/store/user/sha/Run2FULL/2016PreVFP/MC/TTJets_TuneCP5_13TeV-amcatnloFXFX-pythia8/crab_TTJets_TuneCP5_13TeV-amcatnloFXFX-pythia8/240205_152245//0003/SSBTree_3028.root
adding: dcap://cluster142.knu.ac.kr//pnfs/knu.ac.kr/data/cms/store/user/sha/Run2FULL/2016PreVFP/MC/TTJets_TuneCP5_13TeV-amcatnloFXFX-pythia8/crab_TTJets_TuneCP5_13TeV-amcatnloFXFX-pythia8/240205_152245//0003/SSBTree_3029.root
adding: dcap://cluster142.knu.ac.kr//pnfs/knu.ac.kr/data/cms/store/user/sha/Run2FULL/2016PreVFP/MC/TTJets_TuneCP5_13TeV-amcatnloFXFX-pythia8/crab_TTJets_TuneCP5_13TeV-amcatnloFXFX-pythia8/240205_152245//0003/SSBTree_3030.root
Total number of events after merging root files: 249792
Event 0
Event 10000
Event 20000
Event 30000
Event 40000
Event 50000
Event 60000
Event 70000
Event 80000
Event 90000
Event 100000
Event 110000
Event 120000
Event 130000
Event 140000
Event 150000
Event 160000
Event 170000
Event 180000
Event 190000
Event 200000
Event 210000
Event 220000
Event 230000
Event 240000
Total processed number of events: 249792
End processing...

The number of options is: 2
Option 0 = ./TopMass_analysis
Option 1 = TTJets_Inclusive/TTJets_Inclusive_341.list
Option 2 = TTJets_Inclusive/TTJets_Inclusive_341.txt
Input filelist = TTJets_Inclusive/TTJets_Inclusive_341.list
Output file name = TTJets_Inclusive/TTJets_Inclusive_341.txt


start merging file(s)
adding: dcap://cluster142.knu.ac.kr//pnfs/knu.ac.kr/data/cms/store/user/sha/Run2FULL/2016PreVFP/MC/TTJets_TuneCP5_13TeV-amcatnloFXFX-pythia8/crab_TTJets_TuneCP5_13TeV-amcatnloFXFX-pythia8/240205_152245//0003/SSBTree_3401.root
adding: dcap://cluster142.knu.ac.kr//pnfs/knu.ac.kr/data/cms/store/user/sha/Run2FULL/2016PreVFP/MC/TTJets_TuneCP5_13TeV-amcatnloFXFX-pythia8/crab_TTJets_TuneCP5_13TeV-amcatnloFXFX-pythia8/240205_152245//0003/SSBTree_3402.root
adding: dcap://cluster142.knu.ac.kr//pnfs/knu.ac.kr/data/cms/store/user/sha/Run2FULL/2016PreVFP/MC/TTJets_TuneCP5_13TeV-amcatnloFXFX-pythia8/crab_TTJets_TuneCP5_13TeV-amcatnloFXFX-pythia8/240205_152245//0003/SSBTree_3403.root
adding: dcap://cluster142.knu.ac.kr//pnfs/knu.ac.kr/data/cms/store/user/sha/Run2FULL/2016PreVFP/MC/TTJets_TuneCP5_13TeV-amcatnloFXFX-pythia8/crab_TTJets_TuneCP5_13TeV-amcatnloFXFX-pythia8/240205_152245//0003/SSBTree_3404.root
adding: dcap://cluster142.knu.ac.kr//pnfs/knu.ac.kr/data/cms/store/user/sha/Run2FULL/2016PreVFP/MC/TTJets_TuneCP5_13TeV-amcatnloFXFX-pythia8/crab_TTJets_TuneCP5_13TeV-amcatnloFXFX-pythia8/240205_152245//0003/SSBTree_3405.root
adding: dcap://cluster142.knu.ac.kr//pnfs/knu.ac.kr/data/cms/store/user/sha/Run2FULL/2016PreVFP/MC/TTJets_TuneCP5_13TeV-amcatnloFXFX-pythia8/crab_TTJets_TuneCP5_13TeV-amcatnloFXFX-pythia8/240205_152245//0003/SSBTree_3406.root
adding: dcap://cluster142.knu.ac.kr//pnfs/knu.ac.kr/data/cms/store/user/sha/Run2FULL/2016PreVFP/MC/TTJets_TuneCP5_13TeV-amcatnloFXFX-pythia8/crab_TTJets_TuneCP5_13TeV-amcatnloFXFX-pythia8/240205_152245//0003/SSBTree_3407.root
adding: dcap://cluster142.knu.ac.kr//pnfs/knu.ac.kr/data/cms/store/user/sha/Run2FULL/2016PreVFP/MC/TTJets_TuneCP5_13TeV-amcatnloFXFX-pythia8/crab_TTJets_TuneCP5_13TeV-amcatnloFXFX-pythia8/240205_152245//0003/SSBTree_3408.root
adding: dcap://cluster142.knu.ac.kr//pnfs/knu.ac.kr/data/cms/store/user/sha/Run2FULL/2016PreVFP/MC/TTJets_TuneCP5_13TeV-amcatnloFXFX-pythia8/crab_TTJets_TuneCP5_13TeV-amcatnloFXFX-pythia8/240205_152245//0003/SSBTree_3409.root
adding: dcap://cluster142.knu.ac.kr//pnfs/knu.ac.kr/data/cms/store/user/sha/Run2FULL/2016PreVFP/MC/TTJets_TuneCP5_13TeV-amcatnloFXFX-pythia8/crab_TTJets_TuneCP5_13TeV-amcatnloFXFX-pythia8/240205_152245//0003/SSBTree_3410.root
Total number of events after merging root files: 249591
Event 0
Event 10000
Event 20000
Event 30000
Event 40000
Event 50000
Event 60000
Event 70000
Event 80000
Event 90000
Event 100000
Event 110000
Event 120000
Event 130000
Event 140000
Event 150000
Event 160000
Event 170000
Event 180000
Event 190000
Event 200000
Event 210000
Event 220000
Event 230000
Event 240000
Total processed number of events: 249591
End processing...

The number of options is: 2
Option 0 = ./TopMass_analysis
Option 1 = TTJets_Inclusive/TTJets_Inclusive_379.list
Option 2 = TTJets_Inclusive/TTJets_Inclusive_379.txt
Input filelist = TTJets_Inclusive/TTJets_Inclusive_379.list
Output file name = TTJets_Inclusive/TTJets_Inclusive_379.txt


start merging file(s)
adding: dcap://cluster142.knu.ac.kr//pnfs/knu.ac.kr/data/cms/store/user/sha/Run2FULL/2016PreVFP/MC/TTJets_TuneCP5_13TeV-amcatnloFXFX-pythia8/crab_TTJets_TuneCP5_13TeV-amcatnloFXFX-pythia8/240205_152245//0003/SSBTree_3781.root
adding: dcap://cluster142.knu.ac.kr//pnfs/knu.ac.kr/data/cms/store/user/sha/Run2FULL/2016PreVFP/MC/TTJets_TuneCP5_13TeV-amcatnloFXFX-pythia8/crab_TTJets_TuneCP5_13TeV-amcatnloFXFX-pythia8/240205_152245//0003/SSBTree_3782.root
adding: dcap://cluster142.knu.ac.kr//pnfs/knu.ac.kr/data/cms/store/user/sha/Run2FULL/2016PreVFP/MC/TTJets_TuneCP5_13TeV-amcatnloFXFX-pythia8/crab_TTJets_TuneCP5_13TeV-amcatnloFXFX-pythia8/240205_152245//0003/SSBTree_3783.root
adding: dcap://cluster142.knu.ac.kr//pnfs/knu.ac.kr/data/cms/store/user/sha/Run2FULL/2016PreVFP/MC/TTJets_TuneCP5_13TeV-amcatnloFXFX-pythia8/crab_TTJets_TuneCP5_13TeV-amcatnloFXFX-pythia8/240205_152245//0003/SSBTree_3784.root
adding: dcap://cluster142.knu.ac.kr//pnfs/knu.ac.kr/data/cms/store/user/sha/Run2FULL/2016PreVFP/MC/TTJets_TuneCP5_13TeV-amcatnloFXFX-pythia8/crab_TTJets_TuneCP5_13TeV-amcatnloFXFX-pythia8/240205_152245//0003/SSBTree_3785.root
adding: dcap://cluster142.knu.ac.kr//pnfs/knu.ac.kr/data/cms/store/user/sha/Run2FULL/2016PreVFP/MC/TTJets_TuneCP5_13TeV-amcatnloFXFX-pythia8/crab_TTJets_TuneCP5_13TeV-amcatnloFXFX-pythia8/240205_152245//0003/SSBTree_3786.root
adding: dcap://cluster142.knu.ac.kr//pnfs/knu.ac.kr/data/cms/store/user/sha/Run2FULL/2016PreVFP/MC/TTJets_TuneCP5_13TeV-amcatnloFXFX-pythia8/crab_TTJets_TuneCP5_13TeV-amcatnloFXFX-pythia8/240205_152245//0003/SSBTree_3787.root
adding: dcap://cluster142.knu.ac.kr//pnfs/knu.ac.kr/data/cms/store/user/sha/Run2FULL/2016PreVFP/MC/TTJets_TuneCP5_13TeV-amcatnloFXFX-pythia8/crab_TTJets_TuneCP5_13TeV-amcatnloFXFX-pythia8/240205_152245//0003/SSBTree_3788.root
adding: dcap://cluster142.knu.ac.kr//pnfs/knu.ac.kr/data/cms/store/user/sha/Run2FULL/2016PreVFP/MC/TTJets_TuneCP5_13TeV-amcatnloFXFX-pythia8/crab_TTJets_TuneCP5_13TeV-amcatnloFXFX-pythia8/240205_152245//0003/SSBTree_3789.root
adding: dcap://cluster142.knu.ac.kr//pnfs/knu.ac.kr/data/cms/store/user/sha/Run2FULL/2016PreVFP/MC/TTJets_TuneCP5_13TeV-amcatnloFXFX-pythia8/crab_TTJets_TuneCP5_13TeV-amcatnloFXFX-pythia8/240205_152245//0003/SSBTree_3790.root
Total number of events after merging root files: 229348
Event 0
Event 10000
Event 20000
Event 30000
Event 40000
Event 50000
Event 60000
Event 70000
Event 80000
Event 90000
Event 100000
Event 110000
Event 120000
Event 130000
Event 140000
Event 150000
Event 160000
Event 170000
Event 180000
Event 190000
Event 200000
Event 210000
Event 220000
Total processed number of events: 229348
End processing...

