The number of options is: 2
Option 0 = ./TopMass_analysis
Option 1 = WJetsToLNu_Mad/WJetsToLNu_Mad_22.list
Option 2 = WJetsToLNu_Mad/WJetsToLNu_Mad_22.txt
Input filelist = WJetsToLNu_Mad/WJetsToLNu_Mad_22.list
Output file name = WJetsToLNu_Mad/WJetsToLNu_Mad_22.txt


start merging file(s)
adding: dcap://cluster142.knu.ac.kr//pnfs/knu.ac.kr/data/cms/store/user/sha/Run2FULL/2016PreVFP/MC/WJetsToLNu_TuneCP5_13TeV-madgraphMLM-pythia8/crab_WJetsToLNu_TuneCP5_13TeV-madgraphMLM-pythia8/240205_164011//0000/SSBTree_290.root
adding: dcap://cluster142.knu.ac.kr//pnfs/knu.ac.kr/data/cms/store/user/sha/Run2FULL/2016PreVFP/MC/WJetsToLNu_TuneCP5_13TeV-madgraphMLM-pythia8/crab_WJetsToLNu_TuneCP5_13TeV-madgraphMLM-pythia8/240205_164011//0000/SSBTree_291.root
adding: dcap://cluster142.knu.ac.kr//pnfs/knu.ac.kr/data/cms/store/user/sha/Run2FULL/2016PreVFP/MC/WJetsToLNu_TuneCP5_13TeV-madgraphMLM-pythia8/crab_WJetsToLNu_TuneCP5_13TeV-madgraphMLM-pythia8/240205_164011//0000/SSBTree_292.root
adding: dcap://cluster142.knu.ac.kr//pnfs/knu.ac.kr/data/cms/store/user/sha/Run2FULL/2016PreVFP/MC/WJetsToLNu_TuneCP5_13TeV-madgraphMLM-pythia8/crab_WJetsToLNu_TuneCP5_13TeV-madgraphMLM-pythia8/240205_164011//0000/SSBTree_293.root
adding: dcap://cluster142.knu.ac.kr//pnfs/knu.ac.kr/data/cms/store/user/sha/Run2FULL/2016PreVFP/MC/WJetsToLNu_TuneCP5_13TeV-madgraphMLM-pythia8/crab_WJetsToLNu_TuneCP5_13TeV-madgraphMLM-pythia8/240205_164011//0000/SSBTree_294.root
adding: dcap://cluster142.knu.ac.kr//pnfs/knu.ac.kr/data/cms/store/user/sha/Run2FULL/2016PreVFP/MC/WJetsToLNu_TuneCP5_13TeV-madgraphMLM-pythia8/crab_WJetsToLNu_TuneCP5_13TeV-madgraphMLM-pythia8/240205_164011//0000/SSBTree_295.root
adding: dcap://cluster142.knu.ac.kr//pnfs/knu.ac.kr/data/cms/store/user/sha/Run2FULL/2016PreVFP/MC/WJetsToLNu_TuneCP5_13TeV-madgraphMLM-pythia8/crab_WJetsToLNu_TuneCP5_13TeV-madgraphMLM-pythia8/240205_164011//0000/SSBTree_296.root
adding: dcap://cluster142.knu.ac.kr//pnfs/knu.ac.kr/data/cms/store/user/sha/Run2FULL/2016PreVFP/MC/WJetsToLNu_TuneCP5_13TeV-madgraphMLM-pythia8/crab_WJetsToLNu_TuneCP5_13TeV-madgraphMLM-pythia8/240205_164011//0000/SSBTree_297.root
adding: dcap://cluster142.knu.ac.kr//pnfs/knu.ac.kr/data/cms/store/user/sha/Run2FULL/2016PreVFP/MC/WJetsToLNu_TuneCP5_13TeV-madgraphMLM-pythia8/crab_WJetsToLNu_TuneCP5_13TeV-madgraphMLM-pythia8/240205_164011//0000/SSBTree_298.root
adding: dcap://cluster142.knu.ac.kr//pnfs/knu.ac.kr/data/cms/store/user/sha/Run2FULL/2016PreVFP/MC/WJetsToLNu_TuneCP5_13TeV-madgraphMLM-pythia8/crab_WJetsToLNu_TuneCP5_13TeV-madgraphMLM-pythia8/240205_164011//0000/SSBTree_299.root
Total number of events after merging root files: 243823
Event 0
Event 10000
Event 20000
Event 30000
Event 40000
Event 50000
Event 60000
Event 70000
Event 80000
Event 90000
Event 100000
Event 110000
Event 120000
Event 130000
Event 140000
Event 150000
Event 160000
Event 170000
Event 180000
Event 190000
Event 200000
Event 210000
Event 220000
Event 230000
Event 240000
Total processed number of events: 243823
End processing...

The number of options is: 2
Option 0 = ./TopMass_analysis
Option 1 = WJetsToLNu_Mad/WJetsToLNu_Mad_52.list
Option 2 = WJetsToLNu_Mad/WJetsToLNu_Mad_52.txt
Input filelist = WJetsToLNu_Mad/WJetsToLNu_Mad_52.list
Output file name = WJetsToLNu_Mad/WJetsToLNu_Mad_52.txt


start merging file(s)
adding: dcap://cluster142.knu.ac.kr//pnfs/knu.ac.kr/data/cms/store/user/sha/Run2FULL/2016PreVFP/MC/WJetsToLNu_TuneCP5_13TeV-madgraphMLM-pythia8/crab_WJetsToLNu_TuneCP5_13TeV-madgraphMLM-pythia8/240205_164011//0000/SSBTree_560.root
adding: dcap://cluster142.knu.ac.kr//pnfs/knu.ac.kr/data/cms/store/user/sha/Run2FULL/2016PreVFP/MC/WJetsToLNu_TuneCP5_13TeV-madgraphMLM-pythia8/crab_WJetsToLNu_TuneCP5_13TeV-madgraphMLM-pythia8/240205_164011//0000/SSBTree_561.root
adding: dcap://cluster142.knu.ac.kr//pnfs/knu.ac.kr/data/cms/store/user/sha/Run2FULL/2016PreVFP/MC/WJetsToLNu_TuneCP5_13TeV-madgraphMLM-pythia8/crab_WJetsToLNu_TuneCP5_13TeV-madgraphMLM-pythia8/240205_164011//0000/SSBTree_562.root
adding: dcap://cluster142.knu.ac.kr//pnfs/knu.ac.kr/data/cms/store/user/sha/Run2FULL/2016PreVFP/MC/WJetsToLNu_TuneCP5_13TeV-madgraphMLM-pythia8/crab_WJetsToLNu_TuneCP5_13TeV-madgraphMLM-pythia8/240205_164011//0000/SSBTree_563.root
adding: dcap://cluster142.knu.ac.kr//pnfs/knu.ac.kr/data/cms/store/user/sha/Run2FULL/2016PreVFP/MC/WJetsToLNu_TuneCP5_13TeV-madgraphMLM-pythia8/crab_WJetsToLNu_TuneCP5_13TeV-madgraphMLM-pythia8/240205_164011//0000/SSBTree_564.root
adding: dcap://cluster142.knu.ac.kr//pnfs/knu.ac.kr/data/cms/store/user/sha/Run2FULL/2016PreVFP/MC/WJetsToLNu_TuneCP5_13TeV-madgraphMLM-pythia8/crab_WJetsToLNu_TuneCP5_13TeV-madgraphMLM-pythia8/240205_164011//0000/SSBTree_565.root
adding: dcap://cluster142.knu.ac.kr//pnfs/knu.ac.kr/data/cms/store/user/sha/Run2FULL/2016PreVFP/MC/WJetsToLNu_TuneCP5_13TeV-madgraphMLM-pythia8/crab_WJetsToLNu_TuneCP5_13TeV-madgraphMLM-pythia8/240205_164011//0000/SSBTree_566.root
adding: dcap://cluster142.knu.ac.kr//pnfs/knu.ac.kr/data/cms/store/user/sha/Run2FULL/2016PreVFP/MC/WJetsToLNu_TuneCP5_13TeV-madgraphMLM-pythia8/crab_WJetsToLNu_TuneCP5_13TeV-madgraphMLM-pythia8/240205_164011//0000/SSBTree_567.root
adding: dcap://cluster142.knu.ac.kr//pnfs/knu.ac.kr/data/cms/store/user/sha/Run2FULL/2016PreVFP/MC/WJetsToLNu_TuneCP5_13TeV-madgraphMLM-pythia8/crab_WJetsToLNu_TuneCP5_13TeV-madgraphMLM-pythia8/240205_164011//0000/SSBTree_568.root
adding: dcap://cluster142.knu.ac.kr//pnfs/knu.ac.kr/data/cms/store/user/sha/Run2FULL/2016PreVFP/MC/WJetsToLNu_TuneCP5_13TeV-madgraphMLM-pythia8/crab_WJetsToLNu_TuneCP5_13TeV-madgraphMLM-pythia8/240205_164011//0000/SSBTree_569.root
Total number of events after merging root files: 244722
Event 0
Event 10000
Event 20000
Event 30000
Event 40000
Event 50000
Event 60000
Event 70000
Event 80000
Event 90000
Event 100000
Event 110000
Event 120000
Event 130000
Event 140000
Event 150000
Event 160000
Event 170000
Event 180000
Event 190000
Event 200000
Event 210000
Event 220000
Event 230000
Event 240000
Total processed number of events: 244722
End processing...

The number of options is: 2
Option 0 = ./TopMass_analysis
Option 1 = WJetsToLNu_Mad/WJetsToLNu_Mad_82.list
Option 2 = WJetsToLNu_Mad/WJetsToLNu_Mad_82.txt
Input filelist = WJetsToLNu_Mad/WJetsToLNu_Mad_82.list
Output file name = WJetsToLNu_Mad/WJetsToLNu_Mad_82.txt


start merging file(s)
adding: dcap://cluster142.knu.ac.kr//pnfs/knu.ac.kr/data/cms/store/user/sha/Run2FULL/2016PreVFP/MC/WJetsToLNu_TuneCP5_13TeV-madgraphMLM-pythia8/crab_WJetsToLNu_TuneCP5_13TeV-madgraphMLM-pythia8/240205_164011//0000/SSBTree_830.root
adding: dcap://cluster142.knu.ac.kr//pnfs/knu.ac.kr/data/cms/store/user/sha/Run2FULL/2016PreVFP/MC/WJetsToLNu_TuneCP5_13TeV-madgraphMLM-pythia8/crab_WJetsToLNu_TuneCP5_13TeV-madgraphMLM-pythia8/240205_164011//0000/SSBTree_831.root
adding: dcap://cluster142.knu.ac.kr//pnfs/knu.ac.kr/data/cms/store/user/sha/Run2FULL/2016PreVFP/MC/WJetsToLNu_TuneCP5_13TeV-madgraphMLM-pythia8/crab_WJetsToLNu_TuneCP5_13TeV-madgraphMLM-pythia8/240205_164011//0000/SSBTree_832.root
adding: dcap://cluster142.knu.ac.kr//pnfs/knu.ac.kr/data/cms/store/user/sha/Run2FULL/2016PreVFP/MC/WJetsToLNu_TuneCP5_13TeV-madgraphMLM-pythia8/crab_WJetsToLNu_TuneCP5_13TeV-madgraphMLM-pythia8/240205_164011//0000/SSBTree_833.root
adding: dcap://cluster142.knu.ac.kr//pnfs/knu.ac.kr/data/cms/store/user/sha/Run2FULL/2016PreVFP/MC/WJetsToLNu_TuneCP5_13TeV-madgraphMLM-pythia8/crab_WJetsToLNu_TuneCP5_13TeV-madgraphMLM-pythia8/240205_164011//0000/SSBTree_834.root
adding: dcap://cluster142.knu.ac.kr//pnfs/knu.ac.kr/data/cms/store/user/sha/Run2FULL/2016PreVFP/MC/WJetsToLNu_TuneCP5_13TeV-madgraphMLM-pythia8/crab_WJetsToLNu_TuneCP5_13TeV-madgraphMLM-pythia8/240205_164011//0000/SSBTree_835.root
adding: dcap://cluster142.knu.ac.kr//pnfs/knu.ac.kr/data/cms/store/user/sha/Run2FULL/2016PreVFP/MC/WJetsToLNu_TuneCP5_13TeV-madgraphMLM-pythia8/crab_WJetsToLNu_TuneCP5_13TeV-madgraphMLM-pythia8/240205_164011//0000/SSBTree_836.root
adding: dcap://cluster142.knu.ac.kr//pnfs/knu.ac.kr/data/cms/store/user/sha/Run2FULL/2016PreVFP/MC/WJetsToLNu_TuneCP5_13TeV-madgraphMLM-pythia8/crab_WJetsToLNu_TuneCP5_13TeV-madgraphMLM-pythia8/240205_164011//0000/SSBTree_837.root
adding: dcap://cluster142.knu.ac.kr//pnfs/knu.ac.kr/data/cms/store/user/sha/Run2FULL/2016PreVFP/MC/WJetsToLNu_TuneCP5_13TeV-madgraphMLM-pythia8/crab_WJetsToLNu_TuneCP5_13TeV-madgraphMLM-pythia8/240205_164011//0000/SSBTree_838.root
adding: dcap://cluster142.knu.ac.kr//pnfs/knu.ac.kr/data/cms/store/user/sha/Run2FULL/2016PreVFP/MC/WJetsToLNu_TuneCP5_13TeV-madgraphMLM-pythia8/crab_WJetsToLNu_TuneCP5_13TeV-madgraphMLM-pythia8/240205_164011//0000/SSBTree_839.root
Total number of events after merging root files: 231850
Event 0
Event 10000
Event 20000
Event 30000
Event 40000
Event 50000
Event 60000
Event 70000
Event 80000
Event 90000
Event 100000
Event 110000
Event 120000
Event 130000
Event 140000
Event 150000
Event 160000
Event 170000
Event 180000
Event 190000
Event 200000
Event 210000
Event 220000
Event 230000
Total processed number of events: 231850
End processing...

The number of options is: 2
Option 0 = ./TopMass_analysis
Option 1 = WJetsToLNu_Mad/WJetsToLNu_Mad_112.list
Option 2 = WJetsToLNu_Mad/WJetsToLNu_Mad_112.txt
Input filelist = WJetsToLNu_Mad/WJetsToLNu_Mad_112.list
Output file name = WJetsToLNu_Mad/WJetsToLNu_Mad_112.txt


start merging file(s)
adding: dcap://cluster142.knu.ac.kr//pnfs/knu.ac.kr/data/cms/store/user/sha/Run2FULL/2016PreVFP/MC/WJetsToLNu_TuneCP5_13TeV-madgraphMLM-pythia8/crab_WJetsToLNu_TuneCP5_13TeV-madgraphMLM-pythia8/240205_164011//0001/SSBTree_1111.root
adding: dcap://cluster142.knu.ac.kr//pnfs/knu.ac.kr/data/cms/store/user/sha/Run2FULL/2016PreVFP/MC/WJetsToLNu_TuneCP5_13TeV-madgraphMLM-pythia8/crab_WJetsToLNu_TuneCP5_13TeV-madgraphMLM-pythia8/240205_164011//0001/SSBTree_1112.root
adding: dcap://cluster142.knu.ac.kr//pnfs/knu.ac.kr/data/cms/store/user/sha/Run2FULL/2016PreVFP/MC/WJetsToLNu_TuneCP5_13TeV-madgraphMLM-pythia8/crab_WJetsToLNu_TuneCP5_13TeV-madgraphMLM-pythia8/240205_164011//0001/SSBTree_1113.root
adding: dcap://cluster142.knu.ac.kr//pnfs/knu.ac.kr/data/cms/store/user/sha/Run2FULL/2016PreVFP/MC/WJetsToLNu_TuneCP5_13TeV-madgraphMLM-pythia8/crab_WJetsToLNu_TuneCP5_13TeV-madgraphMLM-pythia8/240205_164011//0001/SSBTree_1114.root
adding: dcap://cluster142.knu.ac.kr//pnfs/knu.ac.kr/data/cms/store/user/sha/Run2FULL/2016PreVFP/MC/WJetsToLNu_TuneCP5_13TeV-madgraphMLM-pythia8/crab_WJetsToLNu_TuneCP5_13TeV-madgraphMLM-pythia8/240205_164011//0001/SSBTree_1115.root
adding: dcap://cluster142.knu.ac.kr//pnfs/knu.ac.kr/data/cms/store/user/sha/Run2FULL/2016PreVFP/MC/WJetsToLNu_TuneCP5_13TeV-madgraphMLM-pythia8/crab_WJetsToLNu_TuneCP5_13TeV-madgraphMLM-pythia8/240205_164011//0001/SSBTree_1116.root
adding: dcap://cluster142.knu.ac.kr//pnfs/knu.ac.kr/data/cms/store/user/sha/Run2FULL/2016PreVFP/MC/WJetsToLNu_TuneCP5_13TeV-madgraphMLM-pythia8/crab_WJetsToLNu_TuneCP5_13TeV-madgraphMLM-pythia8/240205_164011//0001/SSBTree_1117.root
adding: dcap://cluster142.knu.ac.kr//pnfs/knu.ac.kr/data/cms/store/user/sha/Run2FULL/2016PreVFP/MC/WJetsToLNu_TuneCP5_13TeV-madgraphMLM-pythia8/crab_WJetsToLNu_TuneCP5_13TeV-madgraphMLM-pythia8/240205_164011//0001/SSBTree_1118.root
adding: dcap://cluster142.knu.ac.kr//pnfs/knu.ac.kr/data/cms/store/user/sha/Run2FULL/2016PreVFP/MC/WJetsToLNu_TuneCP5_13TeV-madgraphMLM-pythia8/crab_WJetsToLNu_TuneCP5_13TeV-madgraphMLM-pythia8/240205_164011//0001/SSBTree_1119.root
adding: dcap://cluster142.knu.ac.kr//pnfs/knu.ac.kr/data/cms/store/user/sha/Run2FULL/2016PreVFP/MC/WJetsToLNu_TuneCP5_13TeV-madgraphMLM-pythia8/crab_WJetsToLNu_TuneCP5_13TeV-madgraphMLM-pythia8/240205_164011//0001/SSBTree_1120.root
Total number of events after merging root files: 223972
Event 0
Event 10000
Event 20000
Event 30000
Event 40000
Event 50000
Event 60000
Event 70000
Event 80000
Event 90000
Event 100000
Event 110000
Event 120000
Event 130000
Event 140000
Event 150000
Event 160000
Event 170000
Event 180000
Event 190000
Event 200000
Event 210000
Event 220000
Total processed number of events: 223972
End processing...

The number of options is: 2
Option 0 = ./TopMass_analysis
Option 1 = WJetsToLNu_Mad/WJetsToLNu_Mad_142.list
Option 2 = WJetsToLNu_Mad/WJetsToLNu_Mad_142.txt
Input filelist = WJetsToLNu_Mad/WJetsToLNu_Mad_142.list
Output file name = WJetsToLNu_Mad/WJetsToLNu_Mad_142.txt


start merging file(s)
adding: dcap://cluster142.knu.ac.kr//pnfs/knu.ac.kr/data/cms/store/user/sha/Run2FULL/2016PreVFP/MC/WJetsToLNu_TuneCP5_13TeV-madgraphMLM-pythia8/crab_WJetsToLNu_TuneCP5_13TeV-madgraphMLM-pythia8/240205_164011//0001/SSBTree_1411.root
adding: dcap://cluster142.knu.ac.kr//pnfs/knu.ac.kr/data/cms/store/user/sha/Run2FULL/2016PreVFP/MC/WJetsToLNu_TuneCP5_13TeV-madgraphMLM-pythia8/crab_WJetsToLNu_TuneCP5_13TeV-madgraphMLM-pythia8/240205_164011//0001/SSBTree_1412.root
adding: dcap://cluster142.knu.ac.kr//pnfs/knu.ac.kr/data/cms/store/user/sha/Run2FULL/2016PreVFP/MC/WJetsToLNu_TuneCP5_13TeV-madgraphMLM-pythia8/crab_WJetsToLNu_TuneCP5_13TeV-madgraphMLM-pythia8/240205_164011//0001/SSBTree_1413.root
adding: dcap://cluster142.knu.ac.kr//pnfs/knu.ac.kr/data/cms/store/user/sha/Run2FULL/2016PreVFP/MC/WJetsToLNu_TuneCP5_13TeV-madgraphMLM-pythia8/crab_WJetsToLNu_TuneCP5_13TeV-madgraphMLM-pythia8/240205_164011//0001/SSBTree_1414.root
adding: dcap://cluster142.knu.ac.kr//pnfs/knu.ac.kr/data/cms/store/user/sha/Run2FULL/2016PreVFP/MC/WJetsToLNu_TuneCP5_13TeV-madgraphMLM-pythia8/crab_WJetsToLNu_TuneCP5_13TeV-madgraphMLM-pythia8/240205_164011//0001/SSBTree_1415.root
adding: dcap://cluster142.knu.ac.kr//pnfs/knu.ac.kr/data/cms/store/user/sha/Run2FULL/2016PreVFP/MC/WJetsToLNu_TuneCP5_13TeV-madgraphMLM-pythia8/crab_WJetsToLNu_TuneCP5_13TeV-madgraphMLM-pythia8/240205_164011//0001/SSBTree_1416.root
adding: dcap://cluster142.knu.ac.kr//pnfs/knu.ac.kr/data/cms/store/user/sha/Run2FULL/2016PreVFP/MC/WJetsToLNu_TuneCP5_13TeV-madgraphMLM-pythia8/crab_WJetsToLNu_TuneCP5_13TeV-madgraphMLM-pythia8/240205_164011//0001/SSBTree_1417.root
adding: dcap://cluster142.knu.ac.kr//pnfs/knu.ac.kr/data/cms/store/user/sha/Run2FULL/2016PreVFP/MC/WJetsToLNu_TuneCP5_13TeV-madgraphMLM-pythia8/crab_WJetsToLNu_TuneCP5_13TeV-madgraphMLM-pythia8/240205_164011//0001/SSBTree_1418.root
adding: dcap://cluster142.knu.ac.kr//pnfs/knu.ac.kr/data/cms/store/user/sha/Run2FULL/2016PreVFP/MC/WJetsToLNu_TuneCP5_13TeV-madgraphMLM-pythia8/crab_WJetsToLNu_TuneCP5_13TeV-madgraphMLM-pythia8/240205_164011//0001/SSBTree_1419.root
adding: dcap://cluster142.knu.ac.kr//pnfs/knu.ac.kr/data/cms/store/user/sha/Run2FULL/2016PreVFP/MC/WJetsToLNu_TuneCP5_13TeV-madgraphMLM-pythia8/crab_WJetsToLNu_TuneCP5_13TeV-madgraphMLM-pythia8/240205_164011//0001/SSBTree_1420.root
Total number of events after merging root files: 244517
Event 0
Event 10000
Event 20000
Event 30000
Event 40000
Event 50000
Event 60000
Event 70000
Event 80000
Event 90000
Event 100000
Event 110000
Event 120000
Event 130000
Event 140000
Event 150000
Event 160000
Event 170000
Event 180000
Event 190000
Event 200000
Event 210000
Event 220000
Event 230000
Event 240000
Total processed number of events: 244517
End processing...

The number of options is: 2
Option 0 = ./TopMass_analysis
Option 1 = WJetsToLNu_Mad/WJetsToLNu_Mad_172.list
Option 2 = WJetsToLNu_Mad/WJetsToLNu_Mad_172.txt
Input filelist = WJetsToLNu_Mad/WJetsToLNu_Mad_172.list
Output file name = WJetsToLNu_Mad/WJetsToLNu_Mad_172.txt


start merging file(s)
adding: dcap://cluster142.knu.ac.kr//pnfs/knu.ac.kr/data/cms/store/user/sha/Run2FULL/2016PreVFP/MC/WJetsToLNu_TuneCP5_13TeV-madgraphMLM-pythia8/crab_WJetsToLNu_TuneCP5_13TeV-madgraphMLM-pythia8/240205_164011//0001/SSBTree_1711.root
adding: dcap://cluster142.knu.ac.kr//pnfs/knu.ac.kr/data/cms/store/user/sha/Run2FULL/2016PreVFP/MC/WJetsToLNu_TuneCP5_13TeV-madgraphMLM-pythia8/crab_WJetsToLNu_TuneCP5_13TeV-madgraphMLM-pythia8/240205_164011//0001/SSBTree_1712.root
adding: dcap://cluster142.knu.ac.kr//pnfs/knu.ac.kr/data/cms/store/user/sha/Run2FULL/2016PreVFP/MC/WJetsToLNu_TuneCP5_13TeV-madgraphMLM-pythia8/crab_WJetsToLNu_TuneCP5_13TeV-madgraphMLM-pythia8/240205_164011//0001/SSBTree_1713.root
adding: dcap://cluster142.knu.ac.kr//pnfs/knu.ac.kr/data/cms/store/user/sha/Run2FULL/2016PreVFP/MC/WJetsToLNu_TuneCP5_13TeV-madgraphMLM-pythia8/crab_WJetsToLNu_TuneCP5_13TeV-madgraphMLM-pythia8/240205_164011//0001/SSBTree_1714.root
adding: dcap://cluster142.knu.ac.kr//pnfs/knu.ac.kr/data/cms/store/user/sha/Run2FULL/2016PreVFP/MC/WJetsToLNu_TuneCP5_13TeV-madgraphMLM-pythia8/crab_WJetsToLNu_TuneCP5_13TeV-madgraphMLM-pythia8/240205_164011//0001/SSBTree_1715.root
adding: dcap://cluster142.knu.ac.kr//pnfs/knu.ac.kr/data/cms/store/user/sha/Run2FULL/2016PreVFP/MC/WJetsToLNu_TuneCP5_13TeV-madgraphMLM-pythia8/crab_WJetsToLNu_TuneCP5_13TeV-madgraphMLM-pythia8/240205_164011//0001/SSBTree_1716.root
adding: dcap://cluster142.knu.ac.kr//pnfs/knu.ac.kr/data/cms/store/user/sha/Run2FULL/2016PreVFP/MC/WJetsToLNu_TuneCP5_13TeV-madgraphMLM-pythia8/crab_WJetsToLNu_TuneCP5_13TeV-madgraphMLM-pythia8/240205_164011//0001/SSBTree_1717.root
adding: dcap://cluster142.knu.ac.kr//pnfs/knu.ac.kr/data/cms/store/user/sha/Run2FULL/2016PreVFP/MC/WJetsToLNu_TuneCP5_13TeV-madgraphMLM-pythia8/crab_WJetsToLNu_TuneCP5_13TeV-madgraphMLM-pythia8/240205_164011//0001/SSBTree_1718.root
adding: dcap://cluster142.knu.ac.kr//pnfs/knu.ac.kr/data/cms/store/user/sha/Run2FULL/2016PreVFP/MC/WJetsToLNu_TuneCP5_13TeV-madgraphMLM-pythia8/crab_WJetsToLNu_TuneCP5_13TeV-madgraphMLM-pythia8/240205_164011//0001/SSBTree_1719.root
adding: dcap://cluster142.knu.ac.kr//pnfs/knu.ac.kr/data/cms/store/user/sha/Run2FULL/2016PreVFP/MC/WJetsToLNu_TuneCP5_13TeV-madgraphMLM-pythia8/crab_WJetsToLNu_TuneCP5_13TeV-madgraphMLM-pythia8/240205_164011//0001/SSBTree_1720.root
Total number of events after merging root files: 244321
Event 0
Event 10000
Event 20000
Event 30000
Event 40000
Event 50000
Event 60000
Event 70000
Event 80000
Event 90000
Event 100000
Event 110000
Event 120000
Event 130000
Event 140000
Event 150000
Event 160000
Event 170000
Event 180000
Event 190000
Event 200000
Event 210000
Event 220000
Event 230000
Event 240000
Total processed number of events: 244321
End processing...

The number of options is: 2
Option 0 = ./TopMass_analysis
Option 1 = WJetsToLNu_Mad/WJetsToLNu_Mad_202.list
Option 2 = WJetsToLNu_Mad/WJetsToLNu_Mad_202.txt
Input filelist = WJetsToLNu_Mad/WJetsToLNu_Mad_202.list
Output file name = WJetsToLNu_Mad/WJetsToLNu_Mad_202.txt


start merging file(s)
adding: dcap://cluster142.knu.ac.kr//pnfs/knu.ac.kr/data/cms/store/user/sha/Run2FULL/2016PreVFP/MC/WJetsToLNu_TuneCP5_13TeV-madgraphMLM-pythia8/crab_WJetsToLNu_TuneCP5_13TeV-madgraphMLM-pythia8/240205_164011//0002/SSBTree_2011.root
adding: dcap://cluster142.knu.ac.kr//pnfs/knu.ac.kr/data/cms/store/user/sha/Run2FULL/2016PreVFP/MC/WJetsToLNu_TuneCP5_13TeV-madgraphMLM-pythia8/crab_WJetsToLNu_TuneCP5_13TeV-madgraphMLM-pythia8/240205_164011//0002/SSBTree_2012.root
adding: dcap://cluster142.knu.ac.kr//pnfs/knu.ac.kr/data/cms/store/user/sha/Run2FULL/2016PreVFP/MC/WJetsToLNu_TuneCP5_13TeV-madgraphMLM-pythia8/crab_WJetsToLNu_TuneCP5_13TeV-madgraphMLM-pythia8/240205_164011//0002/SSBTree_2013.root
adding: dcap://cluster142.knu.ac.kr//pnfs/knu.ac.kr/data/cms/store/user/sha/Run2FULL/2016PreVFP/MC/WJetsToLNu_TuneCP5_13TeV-madgraphMLM-pythia8/crab_WJetsToLNu_TuneCP5_13TeV-madgraphMLM-pythia8/240205_164011//0002/SSBTree_2014.root
adding: dcap://cluster142.knu.ac.kr//pnfs/knu.ac.kr/data/cms/store/user/sha/Run2FULL/2016PreVFP/MC/WJetsToLNu_TuneCP5_13TeV-madgraphMLM-pythia8/crab_WJetsToLNu_TuneCP5_13TeV-madgraphMLM-pythia8/240205_164011//0002/SSBTree_2015.root
adding: dcap://cluster142.knu.ac.kr//pnfs/knu.ac.kr/data/cms/store/user/sha/Run2FULL/2016PreVFP/MC/WJetsToLNu_TuneCP5_13TeV-madgraphMLM-pythia8/crab_WJetsToLNu_TuneCP5_13TeV-madgraphMLM-pythia8/240205_164011//0002/SSBTree_2016.root
adding: dcap://cluster142.knu.ac.kr//pnfs/knu.ac.kr/data/cms/store/user/sha/Run2FULL/2016PreVFP/MC/WJetsToLNu_TuneCP5_13TeV-madgraphMLM-pythia8/crab_WJetsToLNu_TuneCP5_13TeV-madgraphMLM-pythia8/240205_164011//0002/SSBTree_2017.root
adding: dcap://cluster142.knu.ac.kr//pnfs/knu.ac.kr/data/cms/store/user/sha/Run2FULL/2016PreVFP/MC/WJetsToLNu_TuneCP5_13TeV-madgraphMLM-pythia8/crab_WJetsToLNu_TuneCP5_13TeV-madgraphMLM-pythia8/240205_164011//0002/SSBTree_2018.root
adding: dcap://cluster142.knu.ac.kr//pnfs/knu.ac.kr/data/cms/store/user/sha/Run2FULL/2016PreVFP/MC/WJetsToLNu_TuneCP5_13TeV-madgraphMLM-pythia8/crab_WJetsToLNu_TuneCP5_13TeV-madgraphMLM-pythia8/240205_164011//0002/SSBTree_2019.root
adding: dcap://cluster142.knu.ac.kr//pnfs/knu.ac.kr/data/cms/store/user/sha/Run2FULL/2016PreVFP/MC/WJetsToLNu_TuneCP5_13TeV-madgraphMLM-pythia8/crab_WJetsToLNu_TuneCP5_13TeV-madgraphMLM-pythia8/240205_164011//0002/SSBTree_2020.root
Total number of events after merging root files: 244395
Event 0
Event 10000
Event 20000
Event 30000
Event 40000
Event 50000
Event 60000
Event 70000
Event 80000
Event 90000
Event 100000
Event 110000
Event 120000
Event 130000
Event 140000
Event 150000
Event 160000
Event 170000
Event 180000
Event 190000
Event 200000
Event 210000
Event 220000
Event 230000
Event 240000
Total processed number of events: 244395
End processing...

The number of options is: 2
Option 0 = ./TopMass_analysis
Option 1 = WJetsToLNu_Mad/WJetsToLNu_Mad_232.list
Option 2 = WJetsToLNu_Mad/WJetsToLNu_Mad_232.txt
Input filelist = WJetsToLNu_Mad/WJetsToLNu_Mad_232.list
Output file name = WJetsToLNu_Mad/WJetsToLNu_Mad_232.txt


start merging file(s)
adding: dcap://cluster142.knu.ac.kr//pnfs/knu.ac.kr/data/cms/store/user/sha/Run2FULL/2016PreVFP/MC/WJetsToLNu_TuneCP5_13TeV-madgraphMLM-pythia8/crab_WJetsToLNu_TuneCP5_13TeV-madgraphMLM-pythia8/240205_164011//0002/SSBTree_2311.root
adding: dcap://cluster142.knu.ac.kr//pnfs/knu.ac.kr/data/cms/store/user/sha/Run2FULL/2016PreVFP/MC/WJetsToLNu_TuneCP5_13TeV-madgraphMLM-pythia8/crab_WJetsToLNu_TuneCP5_13TeV-madgraphMLM-pythia8/240205_164011//0002/SSBTree_2312.root
adding: dcap://cluster142.knu.ac.kr//pnfs/knu.ac.kr/data/cms/store/user/sha/Run2FULL/2016PreVFP/MC/WJetsToLNu_TuneCP5_13TeV-madgraphMLM-pythia8/crab_WJetsToLNu_TuneCP5_13TeV-madgraphMLM-pythia8/240205_164011//0002/SSBTree_2313.root
adding: dcap://cluster142.knu.ac.kr//pnfs/knu.ac.kr/data/cms/store/user/sha/Run2FULL/2016PreVFP/MC/WJetsToLNu_TuneCP5_13TeV-madgraphMLM-pythia8/crab_WJetsToLNu_TuneCP5_13TeV-madgraphMLM-pythia8/240205_164011//0002/SSBTree_2314.root
adding: dcap://cluster142.knu.ac.kr//pnfs/knu.ac.kr/data/cms/store/user/sha/Run2FULL/2016PreVFP/MC/WJetsToLNu_TuneCP5_13TeV-madgraphMLM-pythia8/crab_WJetsToLNu_TuneCP5_13TeV-madgraphMLM-pythia8/240205_164011//0002/SSBTree_2315.root
adding: dcap://cluster142.knu.ac.kr//pnfs/knu.ac.kr/data/cms/store/user/sha/Run2FULL/2016PreVFP/MC/WJetsToLNu_TuneCP5_13TeV-madgraphMLM-pythia8/crab_WJetsToLNu_TuneCP5_13TeV-madgraphMLM-pythia8/240205_164011//0002/SSBTree_2316.root
adding: dcap://cluster142.knu.ac.kr//pnfs/knu.ac.kr/data/cms/store/user/sha/Run2FULL/2016PreVFP/MC/WJetsToLNu_TuneCP5_13TeV-madgraphMLM-pythia8/crab_WJetsToLNu_TuneCP5_13TeV-madgraphMLM-pythia8/240205_164011//0002/SSBTree_2317.root
adding: dcap://cluster142.knu.ac.kr//pnfs/knu.ac.kr/data/cms/store/user/sha/Run2FULL/2016PreVFP/MC/WJetsToLNu_TuneCP5_13TeV-madgraphMLM-pythia8/crab_WJetsToLNu_TuneCP5_13TeV-madgraphMLM-pythia8/240205_164011//0002/SSBTree_2318.root
adding: dcap://cluster142.knu.ac.kr//pnfs/knu.ac.kr/data/cms/store/user/sha/Run2FULL/2016PreVFP/MC/WJetsToLNu_TuneCP5_13TeV-madgraphMLM-pythia8/crab_WJetsToLNu_TuneCP5_13TeV-madgraphMLM-pythia8/240205_164011//0002/SSBTree_2319.root
adding: dcap://cluster142.knu.ac.kr//pnfs/knu.ac.kr/data/cms/store/user/sha/Run2FULL/2016PreVFP/MC/WJetsToLNu_TuneCP5_13TeV-madgraphMLM-pythia8/crab_WJetsToLNu_TuneCP5_13TeV-madgraphMLM-pythia8/240205_164011//0002/SSBTree_2320.root
Total number of events after merging root files: 244499
Event 0
Event 10000
Event 20000
Event 30000
Event 40000
Event 50000
Event 60000
Event 70000
Event 80000
Event 90000
Event 100000
Event 110000
Event 120000
Event 130000
Event 140000
Event 150000
Event 160000
Event 170000
Event 180000
Event 190000
Event 200000
Event 210000
Event 220000
Event 230000
Event 240000
Total processed number of events: 244499
End processing...

The number of options is: 2
Option 0 = ./TopMass_analysis
Option 1 = WJetsToLNu_Mad/WJetsToLNu_Mad_262.list
Option 2 = WJetsToLNu_Mad/WJetsToLNu_Mad_262.txt
Input filelist = WJetsToLNu_Mad/WJetsToLNu_Mad_262.list
Output file name = WJetsToLNu_Mad/WJetsToLNu_Mad_262.txt


start merging file(s)
adding: dcap://cluster142.knu.ac.kr//pnfs/knu.ac.kr/data/cms/store/user/sha/Run2FULL/2016PreVFP/MC/WJetsToLNu_TuneCP5_13TeV-madgraphMLM-pythia8/crab_WJetsToLNu_TuneCP5_13TeV-madgraphMLM-pythia8/240205_164011//0002/SSBTree_2611.root
adding: dcap://cluster142.knu.ac.kr//pnfs/knu.ac.kr/data/cms/store/user/sha/Run2FULL/2016PreVFP/MC/WJetsToLNu_TuneCP5_13TeV-madgraphMLM-pythia8/crab_WJetsToLNu_TuneCP5_13TeV-madgraphMLM-pythia8/240205_164011//0002/SSBTree_2612.root
adding: dcap://cluster142.knu.ac.kr//pnfs/knu.ac.kr/data/cms/store/user/sha/Run2FULL/2016PreVFP/MC/WJetsToLNu_TuneCP5_13TeV-madgraphMLM-pythia8/crab_WJetsToLNu_TuneCP5_13TeV-madgraphMLM-pythia8/240205_164011//0002/SSBTree_2613.root
adding: dcap://cluster142.knu.ac.kr//pnfs/knu.ac.kr/data/cms/store/user/sha/Run2FULL/2016PreVFP/MC/WJetsToLNu_TuneCP5_13TeV-madgraphMLM-pythia8/crab_WJetsToLNu_TuneCP5_13TeV-madgraphMLM-pythia8/240205_164011//0002/SSBTree_2614.root
adding: dcap://cluster142.knu.ac.kr//pnfs/knu.ac.kr/data/cms/store/user/sha/Run2FULL/2016PreVFP/MC/WJetsToLNu_TuneCP5_13TeV-madgraphMLM-pythia8/crab_WJetsToLNu_TuneCP5_13TeV-madgraphMLM-pythia8/240205_164011//0002/SSBTree_2615.root
adding: dcap://cluster142.knu.ac.kr//pnfs/knu.ac.kr/data/cms/store/user/sha/Run2FULL/2016PreVFP/MC/WJetsToLNu_TuneCP5_13TeV-madgraphMLM-pythia8/crab_WJetsToLNu_TuneCP5_13TeV-madgraphMLM-pythia8/240205_164011//0002/SSBTree_2616.root
adding: dcap://cluster142.knu.ac.kr//pnfs/knu.ac.kr/data/cms/store/user/sha/Run2FULL/2016PreVFP/MC/WJetsToLNu_TuneCP5_13TeV-madgraphMLM-pythia8/crab_WJetsToLNu_TuneCP5_13TeV-madgraphMLM-pythia8/240205_164011//0002/SSBTree_2617.root
adding: dcap://cluster142.knu.ac.kr//pnfs/knu.ac.kr/data/cms/store/user/sha/Run2FULL/2016PreVFP/MC/WJetsToLNu_TuneCP5_13TeV-madgraphMLM-pythia8/crab_WJetsToLNu_TuneCP5_13TeV-madgraphMLM-pythia8/240205_164011//0002/SSBTree_2618.root
adding: dcap://cluster142.knu.ac.kr//pnfs/knu.ac.kr/data/cms/store/user/sha/Run2FULL/2016PreVFP/MC/WJetsToLNu_TuneCP5_13TeV-madgraphMLM-pythia8/crab_WJetsToLNu_TuneCP5_13TeV-madgraphMLM-pythia8/240205_164011//0002/SSBTree_2619.root
adding: dcap://cluster142.knu.ac.kr//pnfs/knu.ac.kr/data/cms/store/user/sha/Run2FULL/2016PreVFP/MC/WJetsToLNu_TuneCP5_13TeV-madgraphMLM-pythia8/crab_WJetsToLNu_TuneCP5_13TeV-madgraphMLM-pythia8/240205_164011//0002/SSBTree_2620.root
Total number of events after merging root files: 243766
Event 0
Event 10000
Event 20000
Event 30000
Event 40000
Event 50000
Event 60000
Event 70000
Event 80000
Event 90000
Event 100000
Event 110000
Event 120000
Event 130000
Event 140000
Event 150000
Event 160000
Event 170000
Event 180000
Event 190000
Event 200000
Event 210000
Event 220000
Event 230000
Event 240000
Total processed number of events: 243766
End processing...

The number of options is: 2
Option 0 = ./TopMass_analysis
Option 1 = WJetsToLNu_Mad/WJetsToLNu_Mad_292.list
Option 2 = WJetsToLNu_Mad/WJetsToLNu_Mad_292.txt
Input filelist = WJetsToLNu_Mad/WJetsToLNu_Mad_292.list
Output file name = WJetsToLNu_Mad/WJetsToLNu_Mad_292.txt


start merging file(s)
adding: dcap://cluster142.knu.ac.kr//pnfs/knu.ac.kr/data/cms/store/user/sha/Run2FULL/2016PreVFP/MC/WJetsToLNu_TuneCP5_13TeV-madgraphMLM-pythia8/crab_WJetsToLNu_TuneCP5_13TeV-madgraphMLM-pythia8/240205_164011//0002/SSBTree_2911.root
adding: dcap://cluster142.knu.ac.kr//pnfs/knu.ac.kr/data/cms/store/user/sha/Run2FULL/2016PreVFP/MC/WJetsToLNu_TuneCP5_13TeV-madgraphMLM-pythia8/crab_WJetsToLNu_TuneCP5_13TeV-madgraphMLM-pythia8/240205_164011//0002/SSBTree_2912.root
adding: dcap://cluster142.knu.ac.kr//pnfs/knu.ac.kr/data/cms/store/user/sha/Run2FULL/2016PreVFP/MC/WJetsToLNu_TuneCP5_13TeV-madgraphMLM-pythia8/crab_WJetsToLNu_TuneCP5_13TeV-madgraphMLM-pythia8/240205_164011//0002/SSBTree_2913.root
adding: dcap://cluster142.knu.ac.kr//pnfs/knu.ac.kr/data/cms/store/user/sha/Run2FULL/2016PreVFP/MC/WJetsToLNu_TuneCP5_13TeV-madgraphMLM-pythia8/crab_WJetsToLNu_TuneCP5_13TeV-madgraphMLM-pythia8/240205_164011//0002/SSBTree_2914.root
adding: dcap://cluster142.knu.ac.kr//pnfs/knu.ac.kr/data/cms/store/user/sha/Run2FULL/2016PreVFP/MC/WJetsToLNu_TuneCP5_13TeV-madgraphMLM-pythia8/crab_WJetsToLNu_TuneCP5_13TeV-madgraphMLM-pythia8/240205_164011//0002/SSBTree_2915.root
adding: dcap://cluster142.knu.ac.kr//pnfs/knu.ac.kr/data/cms/store/user/sha/Run2FULL/2016PreVFP/MC/WJetsToLNu_TuneCP5_13TeV-madgraphMLM-pythia8/crab_WJetsToLNu_TuneCP5_13TeV-madgraphMLM-pythia8/240205_164011//0002/SSBTree_2916.root
adding: dcap://cluster142.knu.ac.kr//pnfs/knu.ac.kr/data/cms/store/user/sha/Run2FULL/2016PreVFP/MC/WJetsToLNu_TuneCP5_13TeV-madgraphMLM-pythia8/crab_WJetsToLNu_TuneCP5_13TeV-madgraphMLM-pythia8/240205_164011//0002/SSBTree_2917.root
adding: dcap://cluster142.knu.ac.kr//pnfs/knu.ac.kr/data/cms/store/user/sha/Run2FULL/2016PreVFP/MC/WJetsToLNu_TuneCP5_13TeV-madgraphMLM-pythia8/crab_WJetsToLNu_TuneCP5_13TeV-madgraphMLM-pythia8/240205_164011//0002/SSBTree_2918.root
adding: dcap://cluster142.knu.ac.kr//pnfs/knu.ac.kr/data/cms/store/user/sha/Run2FULL/2016PreVFP/MC/WJetsToLNu_TuneCP5_13TeV-madgraphMLM-pythia8/crab_WJetsToLNu_TuneCP5_13TeV-madgraphMLM-pythia8/240205_164011//0002/SSBTree_2919.root
adding: dcap://cluster142.knu.ac.kr//pnfs/knu.ac.kr/data/cms/store/user/sha/Run2FULL/2016PreVFP/MC/WJetsToLNu_TuneCP5_13TeV-madgraphMLM-pythia8/crab_WJetsToLNu_TuneCP5_13TeV-madgraphMLM-pythia8/240205_164011//0002/SSBTree_2920.root
Total number of events after merging root files: 244320
Event 0
Event 10000
Event 20000
Event 30000
Event 40000
Event 50000
Event 60000
Event 70000
Event 80000
Event 90000
Event 100000
Event 110000
Event 120000
Event 130000
Event 140000
Event 150000
Event 160000
Event 170000
Event 180000
Event 190000
Event 200000
Event 210000
Event 220000
Event 230000
Event 240000
Total processed number of events: 244320
End processing...

