The number of options is: 2
Option 0 = ./TopMass_analysis
Option 1 = WJetsToLNu_Mad/WJetsToLNu_Mad_14.list
Option 2 = WJetsToLNu_Mad/WJetsToLNu_Mad_14.txt
Input filelist = WJetsToLNu_Mad/WJetsToLNu_Mad_14.list
Output file name = WJetsToLNu_Mad/WJetsToLNu_Mad_14.txt


start merging file(s)
adding: dcap://cluster142.knu.ac.kr//pnfs/knu.ac.kr/data/cms/store/user/sha/Run2FULL/2016PreVFP/MC/WJetsToLNu_TuneCP5_13TeV-madgraphMLM-pythia8/crab_WJetsToLNu_TuneCP5_13TeV-madgraphMLM-pythia8/240205_164011//0000/SSBTree_218.root
adding: dcap://cluster142.knu.ac.kr//pnfs/knu.ac.kr/data/cms/store/user/sha/Run2FULL/2016PreVFP/MC/WJetsToLNu_TuneCP5_13TeV-madgraphMLM-pythia8/crab_WJetsToLNu_TuneCP5_13TeV-madgraphMLM-pythia8/240205_164011//0000/SSBTree_219.root
adding: dcap://cluster142.knu.ac.kr//pnfs/knu.ac.kr/data/cms/store/user/sha/Run2FULL/2016PreVFP/MC/WJetsToLNu_TuneCP5_13TeV-madgraphMLM-pythia8/crab_WJetsToLNu_TuneCP5_13TeV-madgraphMLM-pythia8/240205_164011//0000/SSBTree_21.root
adding: dcap://cluster142.knu.ac.kr//pnfs/knu.ac.kr/data/cms/store/user/sha/Run2FULL/2016PreVFP/MC/WJetsToLNu_TuneCP5_13TeV-madgraphMLM-pythia8/crab_WJetsToLNu_TuneCP5_13TeV-madgraphMLM-pythia8/240205_164011//0000/SSBTree_220.root
adding: dcap://cluster142.knu.ac.kr//pnfs/knu.ac.kr/data/cms/store/user/sha/Run2FULL/2016PreVFP/MC/WJetsToLNu_TuneCP5_13TeV-madgraphMLM-pythia8/crab_WJetsToLNu_TuneCP5_13TeV-madgraphMLM-pythia8/240205_164011//0000/SSBTree_221.root
adding: dcap://cluster142.knu.ac.kr//pnfs/knu.ac.kr/data/cms/store/user/sha/Run2FULL/2016PreVFP/MC/WJetsToLNu_TuneCP5_13TeV-madgraphMLM-pythia8/crab_WJetsToLNu_TuneCP5_13TeV-madgraphMLM-pythia8/240205_164011//0000/SSBTree_222.root
adding: dcap://cluster142.knu.ac.kr//pnfs/knu.ac.kr/data/cms/store/user/sha/Run2FULL/2016PreVFP/MC/WJetsToLNu_TuneCP5_13TeV-madgraphMLM-pythia8/crab_WJetsToLNu_TuneCP5_13TeV-madgraphMLM-pythia8/240205_164011//0000/SSBTree_223.root
adding: dcap://cluster142.knu.ac.kr//pnfs/knu.ac.kr/data/cms/store/user/sha/Run2FULL/2016PreVFP/MC/WJetsToLNu_TuneCP5_13TeV-madgraphMLM-pythia8/crab_WJetsToLNu_TuneCP5_13TeV-madgraphMLM-pythia8/240205_164011//0000/SSBTree_224.root
adding: dcap://cluster142.knu.ac.kr//pnfs/knu.ac.kr/data/cms/store/user/sha/Run2FULL/2016PreVFP/MC/WJetsToLNu_TuneCP5_13TeV-madgraphMLM-pythia8/crab_WJetsToLNu_TuneCP5_13TeV-madgraphMLM-pythia8/240205_164011//0000/SSBTree_225.root
adding: dcap://cluster142.knu.ac.kr//pnfs/knu.ac.kr/data/cms/store/user/sha/Run2FULL/2016PreVFP/MC/WJetsToLNu_TuneCP5_13TeV-madgraphMLM-pythia8/crab_WJetsToLNu_TuneCP5_13TeV-madgraphMLM-pythia8/240205_164011//0000/SSBTree_226.root
Total number of events after merging root files: 244448
Event 0
Event 10000
Event 20000
Event 30000
Event 40000
Event 50000
Event 60000
Event 70000
Event 80000
Event 90000
Event 100000
Event 110000
Event 120000
Event 130000
Event 140000
Event 150000
Event 160000
Event 170000
Event 180000
Event 190000
Event 200000
Event 210000
Event 220000
Event 230000
Event 240000
Total processed number of events: 244448
End processing...

The number of options is: 2
Option 0 = ./TopMass_analysis
Option 1 = WJetsToLNu_Mad/WJetsToLNu_Mad_44.list
Option 2 = WJetsToLNu_Mad/WJetsToLNu_Mad_44.txt
Input filelist = WJetsToLNu_Mad/WJetsToLNu_Mad_44.list
Output file name = WJetsToLNu_Mad/WJetsToLNu_Mad_44.txt


start merging file(s)
adding: dcap://cluster142.knu.ac.kr//pnfs/knu.ac.kr/data/cms/store/user/sha/Run2FULL/2016PreVFP/MC/WJetsToLNu_TuneCP5_13TeV-madgraphMLM-pythia8/crab_WJetsToLNu_TuneCP5_13TeV-madgraphMLM-pythia8/240205_164011//0000/SSBTree_489.root
adding: dcap://cluster142.knu.ac.kr//pnfs/knu.ac.kr/data/cms/store/user/sha/Run2FULL/2016PreVFP/MC/WJetsToLNu_TuneCP5_13TeV-madgraphMLM-pythia8/crab_WJetsToLNu_TuneCP5_13TeV-madgraphMLM-pythia8/240205_164011//0000/SSBTree_48.root
adding: dcap://cluster142.knu.ac.kr//pnfs/knu.ac.kr/data/cms/store/user/sha/Run2FULL/2016PreVFP/MC/WJetsToLNu_TuneCP5_13TeV-madgraphMLM-pythia8/crab_WJetsToLNu_TuneCP5_13TeV-madgraphMLM-pythia8/240205_164011//0000/SSBTree_490.root
adding: dcap://cluster142.knu.ac.kr//pnfs/knu.ac.kr/data/cms/store/user/sha/Run2FULL/2016PreVFP/MC/WJetsToLNu_TuneCP5_13TeV-madgraphMLM-pythia8/crab_WJetsToLNu_TuneCP5_13TeV-madgraphMLM-pythia8/240205_164011//0000/SSBTree_491.root
adding: dcap://cluster142.knu.ac.kr//pnfs/knu.ac.kr/data/cms/store/user/sha/Run2FULL/2016PreVFP/MC/WJetsToLNu_TuneCP5_13TeV-madgraphMLM-pythia8/crab_WJetsToLNu_TuneCP5_13TeV-madgraphMLM-pythia8/240205_164011//0000/SSBTree_492.root
adding: dcap://cluster142.knu.ac.kr//pnfs/knu.ac.kr/data/cms/store/user/sha/Run2FULL/2016PreVFP/MC/WJetsToLNu_TuneCP5_13TeV-madgraphMLM-pythia8/crab_WJetsToLNu_TuneCP5_13TeV-madgraphMLM-pythia8/240205_164011//0000/SSBTree_493.root
adding: dcap://cluster142.knu.ac.kr//pnfs/knu.ac.kr/data/cms/store/user/sha/Run2FULL/2016PreVFP/MC/WJetsToLNu_TuneCP5_13TeV-madgraphMLM-pythia8/crab_WJetsToLNu_TuneCP5_13TeV-madgraphMLM-pythia8/240205_164011//0000/SSBTree_494.root
adding: dcap://cluster142.knu.ac.kr//pnfs/knu.ac.kr/data/cms/store/user/sha/Run2FULL/2016PreVFP/MC/WJetsToLNu_TuneCP5_13TeV-madgraphMLM-pythia8/crab_WJetsToLNu_TuneCP5_13TeV-madgraphMLM-pythia8/240205_164011//0000/SSBTree_495.root
adding: dcap://cluster142.knu.ac.kr//pnfs/knu.ac.kr/data/cms/store/user/sha/Run2FULL/2016PreVFP/MC/WJetsToLNu_TuneCP5_13TeV-madgraphMLM-pythia8/crab_WJetsToLNu_TuneCP5_13TeV-madgraphMLM-pythia8/240205_164011//0000/SSBTree_496.root
adding: dcap://cluster142.knu.ac.kr//pnfs/knu.ac.kr/data/cms/store/user/sha/Run2FULL/2016PreVFP/MC/WJetsToLNu_TuneCP5_13TeV-madgraphMLM-pythia8/crab_WJetsToLNu_TuneCP5_13TeV-madgraphMLM-pythia8/240205_164011//0000/SSBTree_497.root
Total number of events after merging root files: 245169
Event 0
Event 10000
Event 20000
Event 30000
Event 40000
Event 50000
Event 60000
Event 70000
Event 80000
Event 90000
Event 100000
Event 110000
Event 120000
Event 130000
Event 140000
Event 150000
Event 160000
Event 170000
Event 180000
Event 190000
Event 200000
Event 210000
Event 220000
Event 230000
Event 240000
Total processed number of events: 245169
End processing...

The number of options is: 2
Option 0 = ./TopMass_analysis
Option 1 = WJetsToLNu_Mad/WJetsToLNu_Mad_74.list
Option 2 = WJetsToLNu_Mad/WJetsToLNu_Mad_74.txt
Input filelist = WJetsToLNu_Mad/WJetsToLNu_Mad_74.list
Output file name = WJetsToLNu_Mad/WJetsToLNu_Mad_74.txt


start merging file(s)
adding: dcap://cluster142.knu.ac.kr//pnfs/knu.ac.kr/data/cms/store/user/sha/Run2FULL/2016PreVFP/MC/WJetsToLNu_TuneCP5_13TeV-madgraphMLM-pythia8/crab_WJetsToLNu_TuneCP5_13TeV-madgraphMLM-pythia8/240205_164011//0000/SSBTree_759.root
adding: dcap://cluster142.knu.ac.kr//pnfs/knu.ac.kr/data/cms/store/user/sha/Run2FULL/2016PreVFP/MC/WJetsToLNu_TuneCP5_13TeV-madgraphMLM-pythia8/crab_WJetsToLNu_TuneCP5_13TeV-madgraphMLM-pythia8/240205_164011//0000/SSBTree_75.root
adding: dcap://cluster142.knu.ac.kr//pnfs/knu.ac.kr/data/cms/store/user/sha/Run2FULL/2016PreVFP/MC/WJetsToLNu_TuneCP5_13TeV-madgraphMLM-pythia8/crab_WJetsToLNu_TuneCP5_13TeV-madgraphMLM-pythia8/240205_164011//0000/SSBTree_760.root
adding: dcap://cluster142.knu.ac.kr//pnfs/knu.ac.kr/data/cms/store/user/sha/Run2FULL/2016PreVFP/MC/WJetsToLNu_TuneCP5_13TeV-madgraphMLM-pythia8/crab_WJetsToLNu_TuneCP5_13TeV-madgraphMLM-pythia8/240205_164011//0000/SSBTree_761.root
adding: dcap://cluster142.knu.ac.kr//pnfs/knu.ac.kr/data/cms/store/user/sha/Run2FULL/2016PreVFP/MC/WJetsToLNu_TuneCP5_13TeV-madgraphMLM-pythia8/crab_WJetsToLNu_TuneCP5_13TeV-madgraphMLM-pythia8/240205_164011//0000/SSBTree_762.root
adding: dcap://cluster142.knu.ac.kr//pnfs/knu.ac.kr/data/cms/store/user/sha/Run2FULL/2016PreVFP/MC/WJetsToLNu_TuneCP5_13TeV-madgraphMLM-pythia8/crab_WJetsToLNu_TuneCP5_13TeV-madgraphMLM-pythia8/240205_164011//0000/SSBTree_763.root
adding: dcap://cluster142.knu.ac.kr//pnfs/knu.ac.kr/data/cms/store/user/sha/Run2FULL/2016PreVFP/MC/WJetsToLNu_TuneCP5_13TeV-madgraphMLM-pythia8/crab_WJetsToLNu_TuneCP5_13TeV-madgraphMLM-pythia8/240205_164011//0000/SSBTree_764.root
adding: dcap://cluster142.knu.ac.kr//pnfs/knu.ac.kr/data/cms/store/user/sha/Run2FULL/2016PreVFP/MC/WJetsToLNu_TuneCP5_13TeV-madgraphMLM-pythia8/crab_WJetsToLNu_TuneCP5_13TeV-madgraphMLM-pythia8/240205_164011//0000/SSBTree_765.root
adding: dcap://cluster142.knu.ac.kr//pnfs/knu.ac.kr/data/cms/store/user/sha/Run2FULL/2016PreVFP/MC/WJetsToLNu_TuneCP5_13TeV-madgraphMLM-pythia8/crab_WJetsToLNu_TuneCP5_13TeV-madgraphMLM-pythia8/240205_164011//0000/SSBTree_766.root
adding: dcap://cluster142.knu.ac.kr//pnfs/knu.ac.kr/data/cms/store/user/sha/Run2FULL/2016PreVFP/MC/WJetsToLNu_TuneCP5_13TeV-madgraphMLM-pythia8/crab_WJetsToLNu_TuneCP5_13TeV-madgraphMLM-pythia8/240205_164011//0000/SSBTree_767.root
Total number of events after merging root files: 244425
Event 0
Event 10000
Event 20000
Event 30000
Event 40000
Event 50000
Event 60000
Event 70000
Event 80000
Event 90000
Event 100000
Event 110000
Event 120000
Event 130000
Event 140000
Event 150000
Event 160000
Event 170000
Event 180000
Event 190000
Event 200000
Event 210000
Event 220000
Event 230000
Event 240000
Total processed number of events: 244425
End processing...

The number of options is: 2
Option 0 = ./TopMass_analysis
Option 1 = WJetsToLNu_Mad/WJetsToLNu_Mad_104.list
Option 2 = WJetsToLNu_Mad/WJetsToLNu_Mad_104.txt
Input filelist = WJetsToLNu_Mad/WJetsToLNu_Mad_104.list
Output file name = WJetsToLNu_Mad/WJetsToLNu_Mad_104.txt


start merging file(s)
adding: dcap://cluster142.knu.ac.kr//pnfs/knu.ac.kr/data/cms/store/user/sha/Run2FULL/2016PreVFP/MC/WJetsToLNu_TuneCP5_13TeV-madgraphMLM-pythia8/crab_WJetsToLNu_TuneCP5_13TeV-madgraphMLM-pythia8/240205_164011//0001/SSBTree_1031.root
adding: dcap://cluster142.knu.ac.kr//pnfs/knu.ac.kr/data/cms/store/user/sha/Run2FULL/2016PreVFP/MC/WJetsToLNu_TuneCP5_13TeV-madgraphMLM-pythia8/crab_WJetsToLNu_TuneCP5_13TeV-madgraphMLM-pythia8/240205_164011//0001/SSBTree_1032.root
adding: dcap://cluster142.knu.ac.kr//pnfs/knu.ac.kr/data/cms/store/user/sha/Run2FULL/2016PreVFP/MC/WJetsToLNu_TuneCP5_13TeV-madgraphMLM-pythia8/crab_WJetsToLNu_TuneCP5_13TeV-madgraphMLM-pythia8/240205_164011//0001/SSBTree_1033.root
adding: dcap://cluster142.knu.ac.kr//pnfs/knu.ac.kr/data/cms/store/user/sha/Run2FULL/2016PreVFP/MC/WJetsToLNu_TuneCP5_13TeV-madgraphMLM-pythia8/crab_WJetsToLNu_TuneCP5_13TeV-madgraphMLM-pythia8/240205_164011//0001/SSBTree_1034.root
adding: dcap://cluster142.knu.ac.kr//pnfs/knu.ac.kr/data/cms/store/user/sha/Run2FULL/2016PreVFP/MC/WJetsToLNu_TuneCP5_13TeV-madgraphMLM-pythia8/crab_WJetsToLNu_TuneCP5_13TeV-madgraphMLM-pythia8/240205_164011//0001/SSBTree_1035.root
adding: dcap://cluster142.knu.ac.kr//pnfs/knu.ac.kr/data/cms/store/user/sha/Run2FULL/2016PreVFP/MC/WJetsToLNu_TuneCP5_13TeV-madgraphMLM-pythia8/crab_WJetsToLNu_TuneCP5_13TeV-madgraphMLM-pythia8/240205_164011//0001/SSBTree_1036.root
adding: dcap://cluster142.knu.ac.kr//pnfs/knu.ac.kr/data/cms/store/user/sha/Run2FULL/2016PreVFP/MC/WJetsToLNu_TuneCP5_13TeV-madgraphMLM-pythia8/crab_WJetsToLNu_TuneCP5_13TeV-madgraphMLM-pythia8/240205_164011//0001/SSBTree_1037.root
adding: dcap://cluster142.knu.ac.kr//pnfs/knu.ac.kr/data/cms/store/user/sha/Run2FULL/2016PreVFP/MC/WJetsToLNu_TuneCP5_13TeV-madgraphMLM-pythia8/crab_WJetsToLNu_TuneCP5_13TeV-madgraphMLM-pythia8/240205_164011//0001/SSBTree_1038.root
adding: dcap://cluster142.knu.ac.kr//pnfs/knu.ac.kr/data/cms/store/user/sha/Run2FULL/2016PreVFP/MC/WJetsToLNu_TuneCP5_13TeV-madgraphMLM-pythia8/crab_WJetsToLNu_TuneCP5_13TeV-madgraphMLM-pythia8/240205_164011//0001/SSBTree_1039.root
adding: dcap://cluster142.knu.ac.kr//pnfs/knu.ac.kr/data/cms/store/user/sha/Run2FULL/2016PreVFP/MC/WJetsToLNu_TuneCP5_13TeV-madgraphMLM-pythia8/crab_WJetsToLNu_TuneCP5_13TeV-madgraphMLM-pythia8/240205_164011//0001/SSBTree_1040.root
Total number of events after merging root files: 244613
Event 0
Event 10000
Event 20000
Event 30000
Event 40000
Event 50000
Event 60000
Event 70000
Event 80000
Event 90000
Event 100000
Event 110000
Event 120000
Event 130000
Event 140000
Event 150000
Event 160000
Event 170000
Event 180000
Event 190000
Event 200000
Event 210000
Event 220000
Event 230000
Event 240000
Total processed number of events: 244613
End processing...

The number of options is: 2
Option 0 = ./TopMass_analysis
Option 1 = WJetsToLNu_Mad/WJetsToLNu_Mad_134.list
Option 2 = WJetsToLNu_Mad/WJetsToLNu_Mad_134.txt
Input filelist = WJetsToLNu_Mad/WJetsToLNu_Mad_134.list
Output file name = WJetsToLNu_Mad/WJetsToLNu_Mad_134.txt


start merging file(s)
adding: dcap://cluster142.knu.ac.kr//pnfs/knu.ac.kr/data/cms/store/user/sha/Run2FULL/2016PreVFP/MC/WJetsToLNu_TuneCP5_13TeV-madgraphMLM-pythia8/crab_WJetsToLNu_TuneCP5_13TeV-madgraphMLM-pythia8/240205_164011//0001/SSBTree_1331.root
adding: dcap://cluster142.knu.ac.kr//pnfs/knu.ac.kr/data/cms/store/user/sha/Run2FULL/2016PreVFP/MC/WJetsToLNu_TuneCP5_13TeV-madgraphMLM-pythia8/crab_WJetsToLNu_TuneCP5_13TeV-madgraphMLM-pythia8/240205_164011//0001/SSBTree_1332.root
adding: dcap://cluster142.knu.ac.kr//pnfs/knu.ac.kr/data/cms/store/user/sha/Run2FULL/2016PreVFP/MC/WJetsToLNu_TuneCP5_13TeV-madgraphMLM-pythia8/crab_WJetsToLNu_TuneCP5_13TeV-madgraphMLM-pythia8/240205_164011//0001/SSBTree_1333.root
adding: dcap://cluster142.knu.ac.kr//pnfs/knu.ac.kr/data/cms/store/user/sha/Run2FULL/2016PreVFP/MC/WJetsToLNu_TuneCP5_13TeV-madgraphMLM-pythia8/crab_WJetsToLNu_TuneCP5_13TeV-madgraphMLM-pythia8/240205_164011//0001/SSBTree_1334.root
adding: dcap://cluster142.knu.ac.kr//pnfs/knu.ac.kr/data/cms/store/user/sha/Run2FULL/2016PreVFP/MC/WJetsToLNu_TuneCP5_13TeV-madgraphMLM-pythia8/crab_WJetsToLNu_TuneCP5_13TeV-madgraphMLM-pythia8/240205_164011//0001/SSBTree_1335.root
adding: dcap://cluster142.knu.ac.kr//pnfs/knu.ac.kr/data/cms/store/user/sha/Run2FULL/2016PreVFP/MC/WJetsToLNu_TuneCP5_13TeV-madgraphMLM-pythia8/crab_WJetsToLNu_TuneCP5_13TeV-madgraphMLM-pythia8/240205_164011//0001/SSBTree_1336.root
adding: dcap://cluster142.knu.ac.kr//pnfs/knu.ac.kr/data/cms/store/user/sha/Run2FULL/2016PreVFP/MC/WJetsToLNu_TuneCP5_13TeV-madgraphMLM-pythia8/crab_WJetsToLNu_TuneCP5_13TeV-madgraphMLM-pythia8/240205_164011//0001/SSBTree_1337.root
adding: dcap://cluster142.knu.ac.kr//pnfs/knu.ac.kr/data/cms/store/user/sha/Run2FULL/2016PreVFP/MC/WJetsToLNu_TuneCP5_13TeV-madgraphMLM-pythia8/crab_WJetsToLNu_TuneCP5_13TeV-madgraphMLM-pythia8/240205_164011//0001/SSBTree_1338.root
adding: dcap://cluster142.knu.ac.kr//pnfs/knu.ac.kr/data/cms/store/user/sha/Run2FULL/2016PreVFP/MC/WJetsToLNu_TuneCP5_13TeV-madgraphMLM-pythia8/crab_WJetsToLNu_TuneCP5_13TeV-madgraphMLM-pythia8/240205_164011//0001/SSBTree_1339.root
adding: dcap://cluster142.knu.ac.kr//pnfs/knu.ac.kr/data/cms/store/user/sha/Run2FULL/2016PreVFP/MC/WJetsToLNu_TuneCP5_13TeV-madgraphMLM-pythia8/crab_WJetsToLNu_TuneCP5_13TeV-madgraphMLM-pythia8/240205_164011//0001/SSBTree_1340.root
Total number of events after merging root files: 244482
Event 0
Event 10000
Event 20000
Event 30000
Event 40000
Event 50000
Event 60000
Event 70000
Event 80000
Event 90000
Event 100000
Event 110000
Event 120000
Event 130000
Event 140000
Event 150000
Event 160000
Event 170000
Event 180000
Event 190000
Event 200000
Event 210000
Event 220000
Event 230000
Event 240000
Total processed number of events: 244482
End processing...

The number of options is: 2
Option 0 = ./TopMass_analysis
Option 1 = WJetsToLNu_Mad/WJetsToLNu_Mad_164.list
Option 2 = WJetsToLNu_Mad/WJetsToLNu_Mad_164.txt
Input filelist = WJetsToLNu_Mad/WJetsToLNu_Mad_164.list
Output file name = WJetsToLNu_Mad/WJetsToLNu_Mad_164.txt


start merging file(s)
adding: dcap://cluster142.knu.ac.kr//pnfs/knu.ac.kr/data/cms/store/user/sha/Run2FULL/2016PreVFP/MC/WJetsToLNu_TuneCP5_13TeV-madgraphMLM-pythia8/crab_WJetsToLNu_TuneCP5_13TeV-madgraphMLM-pythia8/240205_164011//0001/SSBTree_1631.root
adding: dcap://cluster142.knu.ac.kr//pnfs/knu.ac.kr/data/cms/store/user/sha/Run2FULL/2016PreVFP/MC/WJetsToLNu_TuneCP5_13TeV-madgraphMLM-pythia8/crab_WJetsToLNu_TuneCP5_13TeV-madgraphMLM-pythia8/240205_164011//0001/SSBTree_1632.root
adding: dcap://cluster142.knu.ac.kr//pnfs/knu.ac.kr/data/cms/store/user/sha/Run2FULL/2016PreVFP/MC/WJetsToLNu_TuneCP5_13TeV-madgraphMLM-pythia8/crab_WJetsToLNu_TuneCP5_13TeV-madgraphMLM-pythia8/240205_164011//0001/SSBTree_1633.root
adding: dcap://cluster142.knu.ac.kr//pnfs/knu.ac.kr/data/cms/store/user/sha/Run2FULL/2016PreVFP/MC/WJetsToLNu_TuneCP5_13TeV-madgraphMLM-pythia8/crab_WJetsToLNu_TuneCP5_13TeV-madgraphMLM-pythia8/240205_164011//0001/SSBTree_1634.root
adding: dcap://cluster142.knu.ac.kr//pnfs/knu.ac.kr/data/cms/store/user/sha/Run2FULL/2016PreVFP/MC/WJetsToLNu_TuneCP5_13TeV-madgraphMLM-pythia8/crab_WJetsToLNu_TuneCP5_13TeV-madgraphMLM-pythia8/240205_164011//0001/SSBTree_1635.root
adding: dcap://cluster142.knu.ac.kr//pnfs/knu.ac.kr/data/cms/store/user/sha/Run2FULL/2016PreVFP/MC/WJetsToLNu_TuneCP5_13TeV-madgraphMLM-pythia8/crab_WJetsToLNu_TuneCP5_13TeV-madgraphMLM-pythia8/240205_164011//0001/SSBTree_1636.root
adding: dcap://cluster142.knu.ac.kr//pnfs/knu.ac.kr/data/cms/store/user/sha/Run2FULL/2016PreVFP/MC/WJetsToLNu_TuneCP5_13TeV-madgraphMLM-pythia8/crab_WJetsToLNu_TuneCP5_13TeV-madgraphMLM-pythia8/240205_164011//0001/SSBTree_1637.root
adding: dcap://cluster142.knu.ac.kr//pnfs/knu.ac.kr/data/cms/store/user/sha/Run2FULL/2016PreVFP/MC/WJetsToLNu_TuneCP5_13TeV-madgraphMLM-pythia8/crab_WJetsToLNu_TuneCP5_13TeV-madgraphMLM-pythia8/240205_164011//0001/SSBTree_1638.root
adding: dcap://cluster142.knu.ac.kr//pnfs/knu.ac.kr/data/cms/store/user/sha/Run2FULL/2016PreVFP/MC/WJetsToLNu_TuneCP5_13TeV-madgraphMLM-pythia8/crab_WJetsToLNu_TuneCP5_13TeV-madgraphMLM-pythia8/240205_164011//0001/SSBTree_1639.root
adding: dcap://cluster142.knu.ac.kr//pnfs/knu.ac.kr/data/cms/store/user/sha/Run2FULL/2016PreVFP/MC/WJetsToLNu_TuneCP5_13TeV-madgraphMLM-pythia8/crab_WJetsToLNu_TuneCP5_13TeV-madgraphMLM-pythia8/240205_164011//0001/SSBTree_1640.root
Total number of events after merging root files: 244234
Event 0
Event 10000
Event 20000
Event 30000
Event 40000
Event 50000
Event 60000
Event 70000
Event 80000
Event 90000
Event 100000
Event 110000
Event 120000
Event 130000
Event 140000
Event 150000
Event 160000
Event 170000
Event 180000
Event 190000
Event 200000
Event 210000
Event 220000
Event 230000
Event 240000
Total processed number of events: 244234
End processing...

The number of options is: 2
Option 0 = ./TopMass_analysis
Option 1 = WJetsToLNu_Mad/WJetsToLNu_Mad_194.list
Option 2 = WJetsToLNu_Mad/WJetsToLNu_Mad_194.txt
Input filelist = WJetsToLNu_Mad/WJetsToLNu_Mad_194.list
Output file name = WJetsToLNu_Mad/WJetsToLNu_Mad_194.txt


start merging file(s)
adding: dcap://cluster142.knu.ac.kr//pnfs/knu.ac.kr/data/cms/store/user/sha/Run2FULL/2016PreVFP/MC/WJetsToLNu_TuneCP5_13TeV-madgraphMLM-pythia8/crab_WJetsToLNu_TuneCP5_13TeV-madgraphMLM-pythia8/240205_164011//0001/SSBTree_1931.root
adding: dcap://cluster142.knu.ac.kr//pnfs/knu.ac.kr/data/cms/store/user/sha/Run2FULL/2016PreVFP/MC/WJetsToLNu_TuneCP5_13TeV-madgraphMLM-pythia8/crab_WJetsToLNu_TuneCP5_13TeV-madgraphMLM-pythia8/240205_164011//0001/SSBTree_1932.root
adding: dcap://cluster142.knu.ac.kr//pnfs/knu.ac.kr/data/cms/store/user/sha/Run2FULL/2016PreVFP/MC/WJetsToLNu_TuneCP5_13TeV-madgraphMLM-pythia8/crab_WJetsToLNu_TuneCP5_13TeV-madgraphMLM-pythia8/240205_164011//0001/SSBTree_1933.root
adding: dcap://cluster142.knu.ac.kr//pnfs/knu.ac.kr/data/cms/store/user/sha/Run2FULL/2016PreVFP/MC/WJetsToLNu_TuneCP5_13TeV-madgraphMLM-pythia8/crab_WJetsToLNu_TuneCP5_13TeV-madgraphMLM-pythia8/240205_164011//0001/SSBTree_1934.root
adding: dcap://cluster142.knu.ac.kr//pnfs/knu.ac.kr/data/cms/store/user/sha/Run2FULL/2016PreVFP/MC/WJetsToLNu_TuneCP5_13TeV-madgraphMLM-pythia8/crab_WJetsToLNu_TuneCP5_13TeV-madgraphMLM-pythia8/240205_164011//0001/SSBTree_1935.root
adding: dcap://cluster142.knu.ac.kr//pnfs/knu.ac.kr/data/cms/store/user/sha/Run2FULL/2016PreVFP/MC/WJetsToLNu_TuneCP5_13TeV-madgraphMLM-pythia8/crab_WJetsToLNu_TuneCP5_13TeV-madgraphMLM-pythia8/240205_164011//0001/SSBTree_1936.root
adding: dcap://cluster142.knu.ac.kr//pnfs/knu.ac.kr/data/cms/store/user/sha/Run2FULL/2016PreVFP/MC/WJetsToLNu_TuneCP5_13TeV-madgraphMLM-pythia8/crab_WJetsToLNu_TuneCP5_13TeV-madgraphMLM-pythia8/240205_164011//0001/SSBTree_1937.root
adding: dcap://cluster142.knu.ac.kr//pnfs/knu.ac.kr/data/cms/store/user/sha/Run2FULL/2016PreVFP/MC/WJetsToLNu_TuneCP5_13TeV-madgraphMLM-pythia8/crab_WJetsToLNu_TuneCP5_13TeV-madgraphMLM-pythia8/240205_164011//0001/SSBTree_1938.root
adding: dcap://cluster142.knu.ac.kr//pnfs/knu.ac.kr/data/cms/store/user/sha/Run2FULL/2016PreVFP/MC/WJetsToLNu_TuneCP5_13TeV-madgraphMLM-pythia8/crab_WJetsToLNu_TuneCP5_13TeV-madgraphMLM-pythia8/240205_164011//0001/SSBTree_1939.root
adding: dcap://cluster142.knu.ac.kr//pnfs/knu.ac.kr/data/cms/store/user/sha/Run2FULL/2016PreVFP/MC/WJetsToLNu_TuneCP5_13TeV-madgraphMLM-pythia8/crab_WJetsToLNu_TuneCP5_13TeV-madgraphMLM-pythia8/240205_164011//0001/SSBTree_1940.root
Total number of events after merging root files: 244274
Event 0
Event 10000
Event 20000
Event 30000
Event 40000
Event 50000
Event 60000
Event 70000
Event 80000
Event 90000
Event 100000
Event 110000
Event 120000
Event 130000
Event 140000
Event 150000
Event 160000
Event 170000
Event 180000
Event 190000
Event 200000
Event 210000
Event 220000
Event 230000
Event 240000
Total processed number of events: 244274
End processing...

The number of options is: 2
Option 0 = ./TopMass_analysis
Option 1 = WJetsToLNu_Mad/WJetsToLNu_Mad_224.list
Option 2 = WJetsToLNu_Mad/WJetsToLNu_Mad_224.txt
Input filelist = WJetsToLNu_Mad/WJetsToLNu_Mad_224.list
Output file name = WJetsToLNu_Mad/WJetsToLNu_Mad_224.txt


start merging file(s)
adding: dcap://cluster142.knu.ac.kr//pnfs/knu.ac.kr/data/cms/store/user/sha/Run2FULL/2016PreVFP/MC/WJetsToLNu_TuneCP5_13TeV-madgraphMLM-pythia8/crab_WJetsToLNu_TuneCP5_13TeV-madgraphMLM-pythia8/240205_164011//0002/SSBTree_2231.root
adding: dcap://cluster142.knu.ac.kr//pnfs/knu.ac.kr/data/cms/store/user/sha/Run2FULL/2016PreVFP/MC/WJetsToLNu_TuneCP5_13TeV-madgraphMLM-pythia8/crab_WJetsToLNu_TuneCP5_13TeV-madgraphMLM-pythia8/240205_164011//0002/SSBTree_2232.root
adding: dcap://cluster142.knu.ac.kr//pnfs/knu.ac.kr/data/cms/store/user/sha/Run2FULL/2016PreVFP/MC/WJetsToLNu_TuneCP5_13TeV-madgraphMLM-pythia8/crab_WJetsToLNu_TuneCP5_13TeV-madgraphMLM-pythia8/240205_164011//0002/SSBTree_2233.root
adding: dcap://cluster142.knu.ac.kr//pnfs/knu.ac.kr/data/cms/store/user/sha/Run2FULL/2016PreVFP/MC/WJetsToLNu_TuneCP5_13TeV-madgraphMLM-pythia8/crab_WJetsToLNu_TuneCP5_13TeV-madgraphMLM-pythia8/240205_164011//0002/SSBTree_2234.root
adding: dcap://cluster142.knu.ac.kr//pnfs/knu.ac.kr/data/cms/store/user/sha/Run2FULL/2016PreVFP/MC/WJetsToLNu_TuneCP5_13TeV-madgraphMLM-pythia8/crab_WJetsToLNu_TuneCP5_13TeV-madgraphMLM-pythia8/240205_164011//0002/SSBTree_2235.root
adding: dcap://cluster142.knu.ac.kr//pnfs/knu.ac.kr/data/cms/store/user/sha/Run2FULL/2016PreVFP/MC/WJetsToLNu_TuneCP5_13TeV-madgraphMLM-pythia8/crab_WJetsToLNu_TuneCP5_13TeV-madgraphMLM-pythia8/240205_164011//0002/SSBTree_2236.root
adding: dcap://cluster142.knu.ac.kr//pnfs/knu.ac.kr/data/cms/store/user/sha/Run2FULL/2016PreVFP/MC/WJetsToLNu_TuneCP5_13TeV-madgraphMLM-pythia8/crab_WJetsToLNu_TuneCP5_13TeV-madgraphMLM-pythia8/240205_164011//0002/SSBTree_2237.root
adding: dcap://cluster142.knu.ac.kr//pnfs/knu.ac.kr/data/cms/store/user/sha/Run2FULL/2016PreVFP/MC/WJetsToLNu_TuneCP5_13TeV-madgraphMLM-pythia8/crab_WJetsToLNu_TuneCP5_13TeV-madgraphMLM-pythia8/240205_164011//0002/SSBTree_2238.root
adding: dcap://cluster142.knu.ac.kr//pnfs/knu.ac.kr/data/cms/store/user/sha/Run2FULL/2016PreVFP/MC/WJetsToLNu_TuneCP5_13TeV-madgraphMLM-pythia8/crab_WJetsToLNu_TuneCP5_13TeV-madgraphMLM-pythia8/240205_164011//0002/SSBTree_2239.root
adding: dcap://cluster142.knu.ac.kr//pnfs/knu.ac.kr/data/cms/store/user/sha/Run2FULL/2016PreVFP/MC/WJetsToLNu_TuneCP5_13TeV-madgraphMLM-pythia8/crab_WJetsToLNu_TuneCP5_13TeV-madgraphMLM-pythia8/240205_164011//0002/SSBTree_2240.root
Total number of events after merging root files: 243644
Event 0
Event 10000
Event 20000
Event 30000
Event 40000
Event 50000
Event 60000
Event 70000
Event 80000
Event 90000
Event 100000
Event 110000
Event 120000
Event 130000
Event 140000
Event 150000
Event 160000
Event 170000
Event 180000
Event 190000
Event 200000
Event 210000
Event 220000
Event 230000
Event 240000
Total processed number of events: 243644
End processing...

The number of options is: 2
Option 0 = ./TopMass_analysis
Option 1 = WJetsToLNu_Mad/WJetsToLNu_Mad_254.list
Option 2 = WJetsToLNu_Mad/WJetsToLNu_Mad_254.txt
Input filelist = WJetsToLNu_Mad/WJetsToLNu_Mad_254.list
Output file name = WJetsToLNu_Mad/WJetsToLNu_Mad_254.txt


start merging file(s)
adding: dcap://cluster142.knu.ac.kr//pnfs/knu.ac.kr/data/cms/store/user/sha/Run2FULL/2016PreVFP/MC/WJetsToLNu_TuneCP5_13TeV-madgraphMLM-pythia8/crab_WJetsToLNu_TuneCP5_13TeV-madgraphMLM-pythia8/240205_164011//0002/SSBTree_2531.root
adding: dcap://cluster142.knu.ac.kr//pnfs/knu.ac.kr/data/cms/store/user/sha/Run2FULL/2016PreVFP/MC/WJetsToLNu_TuneCP5_13TeV-madgraphMLM-pythia8/crab_WJetsToLNu_TuneCP5_13TeV-madgraphMLM-pythia8/240205_164011//0002/SSBTree_2532.root
adding: dcap://cluster142.knu.ac.kr//pnfs/knu.ac.kr/data/cms/store/user/sha/Run2FULL/2016PreVFP/MC/WJetsToLNu_TuneCP5_13TeV-madgraphMLM-pythia8/crab_WJetsToLNu_TuneCP5_13TeV-madgraphMLM-pythia8/240205_164011//0002/SSBTree_2533.root
adding: dcap://cluster142.knu.ac.kr//pnfs/knu.ac.kr/data/cms/store/user/sha/Run2FULL/2016PreVFP/MC/WJetsToLNu_TuneCP5_13TeV-madgraphMLM-pythia8/crab_WJetsToLNu_TuneCP5_13TeV-madgraphMLM-pythia8/240205_164011//0002/SSBTree_2534.root
adding: dcap://cluster142.knu.ac.kr//pnfs/knu.ac.kr/data/cms/store/user/sha/Run2FULL/2016PreVFP/MC/WJetsToLNu_TuneCP5_13TeV-madgraphMLM-pythia8/crab_WJetsToLNu_TuneCP5_13TeV-madgraphMLM-pythia8/240205_164011//0002/SSBTree_2535.root
adding: dcap://cluster142.knu.ac.kr//pnfs/knu.ac.kr/data/cms/store/user/sha/Run2FULL/2016PreVFP/MC/WJetsToLNu_TuneCP5_13TeV-madgraphMLM-pythia8/crab_WJetsToLNu_TuneCP5_13TeV-madgraphMLM-pythia8/240205_164011//0002/SSBTree_2536.root
adding: dcap://cluster142.knu.ac.kr//pnfs/knu.ac.kr/data/cms/store/user/sha/Run2FULL/2016PreVFP/MC/WJetsToLNu_TuneCP5_13TeV-madgraphMLM-pythia8/crab_WJetsToLNu_TuneCP5_13TeV-madgraphMLM-pythia8/240205_164011//0002/SSBTree_2537.root
adding: dcap://cluster142.knu.ac.kr//pnfs/knu.ac.kr/data/cms/store/user/sha/Run2FULL/2016PreVFP/MC/WJetsToLNu_TuneCP5_13TeV-madgraphMLM-pythia8/crab_WJetsToLNu_TuneCP5_13TeV-madgraphMLM-pythia8/240205_164011//0002/SSBTree_2538.root
adding: dcap://cluster142.knu.ac.kr//pnfs/knu.ac.kr/data/cms/store/user/sha/Run2FULL/2016PreVFP/MC/WJetsToLNu_TuneCP5_13TeV-madgraphMLM-pythia8/crab_WJetsToLNu_TuneCP5_13TeV-madgraphMLM-pythia8/240205_164011//0002/SSBTree_2539.root
adding: dcap://cluster142.knu.ac.kr//pnfs/knu.ac.kr/data/cms/store/user/sha/Run2FULL/2016PreVFP/MC/WJetsToLNu_TuneCP5_13TeV-madgraphMLM-pythia8/crab_WJetsToLNu_TuneCP5_13TeV-madgraphMLM-pythia8/240205_164011//0002/SSBTree_2540.root
Total number of events after merging root files: 244386
Event 0
Event 10000
Event 20000
Event 30000
Event 40000
Event 50000
Event 60000
Event 70000
Event 80000
Event 90000
Event 100000
Event 110000
Event 120000
Event 130000
Event 140000
Event 150000
Event 160000
Event 170000
Event 180000
Event 190000
Event 200000
Event 210000
Event 220000
Event 230000
Event 240000
Total processed number of events: 244386
End processing...

The number of options is: 2
Option 0 = ./TopMass_analysis
Option 1 = WJetsToLNu_Mad/WJetsToLNu_Mad_284.list
Option 2 = WJetsToLNu_Mad/WJetsToLNu_Mad_284.txt
Input filelist = WJetsToLNu_Mad/WJetsToLNu_Mad_284.list
Output file name = WJetsToLNu_Mad/WJetsToLNu_Mad_284.txt


start merging file(s)
adding: dcap://cluster142.knu.ac.kr//pnfs/knu.ac.kr/data/cms/store/user/sha/Run2FULL/2016PreVFP/MC/WJetsToLNu_TuneCP5_13TeV-madgraphMLM-pythia8/crab_WJetsToLNu_TuneCP5_13TeV-madgraphMLM-pythia8/240205_164011//0002/SSBTree_2831.root
adding: dcap://cluster142.knu.ac.kr//pnfs/knu.ac.kr/data/cms/store/user/sha/Run2FULL/2016PreVFP/MC/WJetsToLNu_TuneCP5_13TeV-madgraphMLM-pythia8/crab_WJetsToLNu_TuneCP5_13TeV-madgraphMLM-pythia8/240205_164011//0002/SSBTree_2832.root
adding: dcap://cluster142.knu.ac.kr//pnfs/knu.ac.kr/data/cms/store/user/sha/Run2FULL/2016PreVFP/MC/WJetsToLNu_TuneCP5_13TeV-madgraphMLM-pythia8/crab_WJetsToLNu_TuneCP5_13TeV-madgraphMLM-pythia8/240205_164011//0002/SSBTree_2833.root
adding: dcap://cluster142.knu.ac.kr//pnfs/knu.ac.kr/data/cms/store/user/sha/Run2FULL/2016PreVFP/MC/WJetsToLNu_TuneCP5_13TeV-madgraphMLM-pythia8/crab_WJetsToLNu_TuneCP5_13TeV-madgraphMLM-pythia8/240205_164011//0002/SSBTree_2834.root
adding: dcap://cluster142.knu.ac.kr//pnfs/knu.ac.kr/data/cms/store/user/sha/Run2FULL/2016PreVFP/MC/WJetsToLNu_TuneCP5_13TeV-madgraphMLM-pythia8/crab_WJetsToLNu_TuneCP5_13TeV-madgraphMLM-pythia8/240205_164011//0002/SSBTree_2835.root
adding: dcap://cluster142.knu.ac.kr//pnfs/knu.ac.kr/data/cms/store/user/sha/Run2FULL/2016PreVFP/MC/WJetsToLNu_TuneCP5_13TeV-madgraphMLM-pythia8/crab_WJetsToLNu_TuneCP5_13TeV-madgraphMLM-pythia8/240205_164011//0002/SSBTree_2836.root
adding: dcap://cluster142.knu.ac.kr//pnfs/knu.ac.kr/data/cms/store/user/sha/Run2FULL/2016PreVFP/MC/WJetsToLNu_TuneCP5_13TeV-madgraphMLM-pythia8/crab_WJetsToLNu_TuneCP5_13TeV-madgraphMLM-pythia8/240205_164011//0002/SSBTree_2837.root
adding: dcap://cluster142.knu.ac.kr//pnfs/knu.ac.kr/data/cms/store/user/sha/Run2FULL/2016PreVFP/MC/WJetsToLNu_TuneCP5_13TeV-madgraphMLM-pythia8/crab_WJetsToLNu_TuneCP5_13TeV-madgraphMLM-pythia8/240205_164011//0002/SSBTree_2838.root
adding: dcap://cluster142.knu.ac.kr//pnfs/knu.ac.kr/data/cms/store/user/sha/Run2FULL/2016PreVFP/MC/WJetsToLNu_TuneCP5_13TeV-madgraphMLM-pythia8/crab_WJetsToLNu_TuneCP5_13TeV-madgraphMLM-pythia8/240205_164011//0002/SSBTree_2839.root
adding: dcap://cluster142.knu.ac.kr//pnfs/knu.ac.kr/data/cms/store/user/sha/Run2FULL/2016PreVFP/MC/WJetsToLNu_TuneCP5_13TeV-madgraphMLM-pythia8/crab_WJetsToLNu_TuneCP5_13TeV-madgraphMLM-pythia8/240205_164011//0002/SSBTree_2840.root
Total number of events after merging root files: 243974
Event 0
Event 10000
Event 20000
Event 30000
Event 40000
Event 50000
Event 60000
Event 70000
Event 80000
Event 90000
Event 100000
Event 110000
Event 120000
Event 130000
Event 140000
Event 150000
Event 160000
Event 170000
Event 180000
Event 190000
Event 200000
Event 210000
Event 220000
Event 230000
Event 240000
Total processed number of events: 243974
End processing...

