The number of options is: 2
Option 0 = ./TopMass_analysis
Option 1 = WJetsToLNu_Mad/WJetsToLNu_Mad_10.list
Option 2 = WJetsToLNu_Mad/WJetsToLNu_Mad_10.txt
Input filelist = WJetsToLNu_Mad/WJetsToLNu_Mad_10.list
Output file name = WJetsToLNu_Mad/WJetsToLNu_Mad_10.txt


start merging file(s)
adding: dcap://cluster142.knu.ac.kr//pnfs/knu.ac.kr/data/cms/store/user/sha/Run2FULL/2016PreVFP/MC/WJetsToLNu_TuneCP5_13TeV-madgraphMLM-pythia8/crab_WJetsToLNu_TuneCP5_13TeV-madgraphMLM-pythia8/240205_164011//0000/SSBTree_182.root
adding: dcap://cluster142.knu.ac.kr//pnfs/knu.ac.kr/data/cms/store/user/sha/Run2FULL/2016PreVFP/MC/WJetsToLNu_TuneCP5_13TeV-madgraphMLM-pythia8/crab_WJetsToLNu_TuneCP5_13TeV-madgraphMLM-pythia8/240205_164011//0000/SSBTree_183.root
adding: dcap://cluster142.knu.ac.kr//pnfs/knu.ac.kr/data/cms/store/user/sha/Run2FULL/2016PreVFP/MC/WJetsToLNu_TuneCP5_13TeV-madgraphMLM-pythia8/crab_WJetsToLNu_TuneCP5_13TeV-madgraphMLM-pythia8/240205_164011//0000/SSBTree_184.root
adding: dcap://cluster142.knu.ac.kr//pnfs/knu.ac.kr/data/cms/store/user/sha/Run2FULL/2016PreVFP/MC/WJetsToLNu_TuneCP5_13TeV-madgraphMLM-pythia8/crab_WJetsToLNu_TuneCP5_13TeV-madgraphMLM-pythia8/240205_164011//0000/SSBTree_185.root
adding: dcap://cluster142.knu.ac.kr//pnfs/knu.ac.kr/data/cms/store/user/sha/Run2FULL/2016PreVFP/MC/WJetsToLNu_TuneCP5_13TeV-madgraphMLM-pythia8/crab_WJetsToLNu_TuneCP5_13TeV-madgraphMLM-pythia8/240205_164011//0000/SSBTree_186.root
adding: dcap://cluster142.knu.ac.kr//pnfs/knu.ac.kr/data/cms/store/user/sha/Run2FULL/2016PreVFP/MC/WJetsToLNu_TuneCP5_13TeV-madgraphMLM-pythia8/crab_WJetsToLNu_TuneCP5_13TeV-madgraphMLM-pythia8/240205_164011//0000/SSBTree_187.root
adding: dcap://cluster142.knu.ac.kr//pnfs/knu.ac.kr/data/cms/store/user/sha/Run2FULL/2016PreVFP/MC/WJetsToLNu_TuneCP5_13TeV-madgraphMLM-pythia8/crab_WJetsToLNu_TuneCP5_13TeV-madgraphMLM-pythia8/240205_164011//0000/SSBTree_188.root
adding: dcap://cluster142.knu.ac.kr//pnfs/knu.ac.kr/data/cms/store/user/sha/Run2FULL/2016PreVFP/MC/WJetsToLNu_TuneCP5_13TeV-madgraphMLM-pythia8/crab_WJetsToLNu_TuneCP5_13TeV-madgraphMLM-pythia8/240205_164011//0000/SSBTree_189.root
adding: dcap://cluster142.knu.ac.kr//pnfs/knu.ac.kr/data/cms/store/user/sha/Run2FULL/2016PreVFP/MC/WJetsToLNu_TuneCP5_13TeV-madgraphMLM-pythia8/crab_WJetsToLNu_TuneCP5_13TeV-madgraphMLM-pythia8/240205_164011//0000/SSBTree_18.root
adding: dcap://cluster142.knu.ac.kr//pnfs/knu.ac.kr/data/cms/store/user/sha/Run2FULL/2016PreVFP/MC/WJetsToLNu_TuneCP5_13TeV-madgraphMLM-pythia8/crab_WJetsToLNu_TuneCP5_13TeV-madgraphMLM-pythia8/240205_164011//0000/SSBTree_190.root
Total number of events after merging root files: 244207
Event 0
Event 10000
Event 20000
Event 30000
Event 40000
Event 50000
Event 60000
Event 70000
Event 80000
Event 90000
Event 100000
Event 110000
Event 120000
Event 130000
Event 140000
Event 150000
Event 160000
Event 170000
Event 180000
Event 190000
Event 200000
Event 210000
Event 220000
Event 230000
Event 240000
Total processed number of events: 244207
End processing...

The number of options is: 2
Option 0 = ./TopMass_analysis
Option 1 = WJetsToLNu_Mad/WJetsToLNu_Mad_40.list
Option 2 = WJetsToLNu_Mad/WJetsToLNu_Mad_40.txt
Input filelist = WJetsToLNu_Mad/WJetsToLNu_Mad_40.list
Output file name = WJetsToLNu_Mad/WJetsToLNu_Mad_40.txt


start merging file(s)
adding: dcap://cluster142.knu.ac.kr//pnfs/knu.ac.kr/data/cms/store/user/sha/Run2FULL/2016PreVFP/MC/WJetsToLNu_TuneCP5_13TeV-madgraphMLM-pythia8/crab_WJetsToLNu_TuneCP5_13TeV-madgraphMLM-pythia8/240205_164011//0000/SSBTree_452.root
adding: dcap://cluster142.knu.ac.kr//pnfs/knu.ac.kr/data/cms/store/user/sha/Run2FULL/2016PreVFP/MC/WJetsToLNu_TuneCP5_13TeV-madgraphMLM-pythia8/crab_WJetsToLNu_TuneCP5_13TeV-madgraphMLM-pythia8/240205_164011//0000/SSBTree_453.root
adding: dcap://cluster142.knu.ac.kr//pnfs/knu.ac.kr/data/cms/store/user/sha/Run2FULL/2016PreVFP/MC/WJetsToLNu_TuneCP5_13TeV-madgraphMLM-pythia8/crab_WJetsToLNu_TuneCP5_13TeV-madgraphMLM-pythia8/240205_164011//0000/SSBTree_454.root
adding: dcap://cluster142.knu.ac.kr//pnfs/knu.ac.kr/data/cms/store/user/sha/Run2FULL/2016PreVFP/MC/WJetsToLNu_TuneCP5_13TeV-madgraphMLM-pythia8/crab_WJetsToLNu_TuneCP5_13TeV-madgraphMLM-pythia8/240205_164011//0000/SSBTree_455.root
adding: dcap://cluster142.knu.ac.kr//pnfs/knu.ac.kr/data/cms/store/user/sha/Run2FULL/2016PreVFP/MC/WJetsToLNu_TuneCP5_13TeV-madgraphMLM-pythia8/crab_WJetsToLNu_TuneCP5_13TeV-madgraphMLM-pythia8/240205_164011//0000/SSBTree_456.root
adding: dcap://cluster142.knu.ac.kr//pnfs/knu.ac.kr/data/cms/store/user/sha/Run2FULL/2016PreVFP/MC/WJetsToLNu_TuneCP5_13TeV-madgraphMLM-pythia8/crab_WJetsToLNu_TuneCP5_13TeV-madgraphMLM-pythia8/240205_164011//0000/SSBTree_457.root
adding: dcap://cluster142.knu.ac.kr//pnfs/knu.ac.kr/data/cms/store/user/sha/Run2FULL/2016PreVFP/MC/WJetsToLNu_TuneCP5_13TeV-madgraphMLM-pythia8/crab_WJetsToLNu_TuneCP5_13TeV-madgraphMLM-pythia8/240205_164011//0000/SSBTree_458.root
adding: dcap://cluster142.knu.ac.kr//pnfs/knu.ac.kr/data/cms/store/user/sha/Run2FULL/2016PreVFP/MC/WJetsToLNu_TuneCP5_13TeV-madgraphMLM-pythia8/crab_WJetsToLNu_TuneCP5_13TeV-madgraphMLM-pythia8/240205_164011//0000/SSBTree_459.root
adding: dcap://cluster142.knu.ac.kr//pnfs/knu.ac.kr/data/cms/store/user/sha/Run2FULL/2016PreVFP/MC/WJetsToLNu_TuneCP5_13TeV-madgraphMLM-pythia8/crab_WJetsToLNu_TuneCP5_13TeV-madgraphMLM-pythia8/240205_164011//0000/SSBTree_45.root
adding: dcap://cluster142.knu.ac.kr//pnfs/knu.ac.kr/data/cms/store/user/sha/Run2FULL/2016PreVFP/MC/WJetsToLNu_TuneCP5_13TeV-madgraphMLM-pythia8/crab_WJetsToLNu_TuneCP5_13TeV-madgraphMLM-pythia8/240205_164011//0000/SSBTree_460.root
Total number of events after merging root files: 222993
Event 0
Event 10000
Event 20000
Event 30000
Event 40000
Event 50000
Event 60000
Event 70000
Event 80000
Event 90000
Event 100000
Event 110000
Event 120000
Event 130000
Event 140000
Event 150000
Event 160000
Event 170000
Event 180000
Event 190000
Event 200000
Event 210000
Event 220000
Total processed number of events: 222993
End processing...

The number of options is: 2
Option 0 = ./TopMass_analysis
Option 1 = WJetsToLNu_Mad/WJetsToLNu_Mad_70.list
Option 2 = WJetsToLNu_Mad/WJetsToLNu_Mad_70.txt
Input filelist = WJetsToLNu_Mad/WJetsToLNu_Mad_70.list
Output file name = WJetsToLNu_Mad/WJetsToLNu_Mad_70.txt


start merging file(s)
adding: dcap://cluster142.knu.ac.kr//pnfs/knu.ac.kr/data/cms/store/user/sha/Run2FULL/2016PreVFP/MC/WJetsToLNu_TuneCP5_13TeV-madgraphMLM-pythia8/crab_WJetsToLNu_TuneCP5_13TeV-madgraphMLM-pythia8/240205_164011//0000/SSBTree_722.root
adding: dcap://cluster142.knu.ac.kr//pnfs/knu.ac.kr/data/cms/store/user/sha/Run2FULL/2016PreVFP/MC/WJetsToLNu_TuneCP5_13TeV-madgraphMLM-pythia8/crab_WJetsToLNu_TuneCP5_13TeV-madgraphMLM-pythia8/240205_164011//0000/SSBTree_723.root
adding: dcap://cluster142.knu.ac.kr//pnfs/knu.ac.kr/data/cms/store/user/sha/Run2FULL/2016PreVFP/MC/WJetsToLNu_TuneCP5_13TeV-madgraphMLM-pythia8/crab_WJetsToLNu_TuneCP5_13TeV-madgraphMLM-pythia8/240205_164011//0000/SSBTree_724.root
adding: dcap://cluster142.knu.ac.kr//pnfs/knu.ac.kr/data/cms/store/user/sha/Run2FULL/2016PreVFP/MC/WJetsToLNu_TuneCP5_13TeV-madgraphMLM-pythia8/crab_WJetsToLNu_TuneCP5_13TeV-madgraphMLM-pythia8/240205_164011//0000/SSBTree_725.root
adding: dcap://cluster142.knu.ac.kr//pnfs/knu.ac.kr/data/cms/store/user/sha/Run2FULL/2016PreVFP/MC/WJetsToLNu_TuneCP5_13TeV-madgraphMLM-pythia8/crab_WJetsToLNu_TuneCP5_13TeV-madgraphMLM-pythia8/240205_164011//0000/SSBTree_726.root
adding: dcap://cluster142.knu.ac.kr//pnfs/knu.ac.kr/data/cms/store/user/sha/Run2FULL/2016PreVFP/MC/WJetsToLNu_TuneCP5_13TeV-madgraphMLM-pythia8/crab_WJetsToLNu_TuneCP5_13TeV-madgraphMLM-pythia8/240205_164011//0000/SSBTree_727.root
adding: dcap://cluster142.knu.ac.kr//pnfs/knu.ac.kr/data/cms/store/user/sha/Run2FULL/2016PreVFP/MC/WJetsToLNu_TuneCP5_13TeV-madgraphMLM-pythia8/crab_WJetsToLNu_TuneCP5_13TeV-madgraphMLM-pythia8/240205_164011//0000/SSBTree_728.root
adding: dcap://cluster142.knu.ac.kr//pnfs/knu.ac.kr/data/cms/store/user/sha/Run2FULL/2016PreVFP/MC/WJetsToLNu_TuneCP5_13TeV-madgraphMLM-pythia8/crab_WJetsToLNu_TuneCP5_13TeV-madgraphMLM-pythia8/240205_164011//0000/SSBTree_729.root
adding: dcap://cluster142.knu.ac.kr//pnfs/knu.ac.kr/data/cms/store/user/sha/Run2FULL/2016PreVFP/MC/WJetsToLNu_TuneCP5_13TeV-madgraphMLM-pythia8/crab_WJetsToLNu_TuneCP5_13TeV-madgraphMLM-pythia8/240205_164011//0000/SSBTree_72.root
adding: dcap://cluster142.knu.ac.kr//pnfs/knu.ac.kr/data/cms/store/user/sha/Run2FULL/2016PreVFP/MC/WJetsToLNu_TuneCP5_13TeV-madgraphMLM-pythia8/crab_WJetsToLNu_TuneCP5_13TeV-madgraphMLM-pythia8/240205_164011//0000/SSBTree_730.root
Total number of events after merging root files: 244546
Event 0
Event 10000
Event 20000
Event 30000
Event 40000
Event 50000
Event 60000
Event 70000
Event 80000
Event 90000
Event 100000
Event 110000
Event 120000
Event 130000
Event 140000
Event 150000
Event 160000
Event 170000
Event 180000
Event 190000
Event 200000
Event 210000
Event 220000
Event 230000
Event 240000
Total processed number of events: 244546
End processing...

The number of options is: 2
Option 0 = ./TopMass_analysis
Option 1 = WJetsToLNu_Mad/WJetsToLNu_Mad_100.list
Option 2 = WJetsToLNu_Mad/WJetsToLNu_Mad_100.txt
Input filelist = WJetsToLNu_Mad/WJetsToLNu_Mad_100.list
Output file name = WJetsToLNu_Mad/WJetsToLNu_Mad_100.txt


start merging file(s)
adding: dcap://cluster142.knu.ac.kr//pnfs/knu.ac.kr/data/cms/store/user/sha/Run2FULL/2016PreVFP/MC/WJetsToLNu_TuneCP5_13TeV-madgraphMLM-pythia8/crab_WJetsToLNu_TuneCP5_13TeV-madgraphMLM-pythia8/240205_164011//0000/SSBTree_993.root
adding: dcap://cluster142.knu.ac.kr//pnfs/knu.ac.kr/data/cms/store/user/sha/Run2FULL/2016PreVFP/MC/WJetsToLNu_TuneCP5_13TeV-madgraphMLM-pythia8/crab_WJetsToLNu_TuneCP5_13TeV-madgraphMLM-pythia8/240205_164011//0000/SSBTree_994.root
adding: dcap://cluster142.knu.ac.kr//pnfs/knu.ac.kr/data/cms/store/user/sha/Run2FULL/2016PreVFP/MC/WJetsToLNu_TuneCP5_13TeV-madgraphMLM-pythia8/crab_WJetsToLNu_TuneCP5_13TeV-madgraphMLM-pythia8/240205_164011//0000/SSBTree_995.root
adding: dcap://cluster142.knu.ac.kr//pnfs/knu.ac.kr/data/cms/store/user/sha/Run2FULL/2016PreVFP/MC/WJetsToLNu_TuneCP5_13TeV-madgraphMLM-pythia8/crab_WJetsToLNu_TuneCP5_13TeV-madgraphMLM-pythia8/240205_164011//0000/SSBTree_996.root
adding: dcap://cluster142.knu.ac.kr//pnfs/knu.ac.kr/data/cms/store/user/sha/Run2FULL/2016PreVFP/MC/WJetsToLNu_TuneCP5_13TeV-madgraphMLM-pythia8/crab_WJetsToLNu_TuneCP5_13TeV-madgraphMLM-pythia8/240205_164011//0000/SSBTree_997.root
adding: dcap://cluster142.knu.ac.kr//pnfs/knu.ac.kr/data/cms/store/user/sha/Run2FULL/2016PreVFP/MC/WJetsToLNu_TuneCP5_13TeV-madgraphMLM-pythia8/crab_WJetsToLNu_TuneCP5_13TeV-madgraphMLM-pythia8/240205_164011//0000/SSBTree_998.root
adding: dcap://cluster142.knu.ac.kr//pnfs/knu.ac.kr/data/cms/store/user/sha/Run2FULL/2016PreVFP/MC/WJetsToLNu_TuneCP5_13TeV-madgraphMLM-pythia8/crab_WJetsToLNu_TuneCP5_13TeV-madgraphMLM-pythia8/240205_164011//0000/SSBTree_999.root
adding: dcap://cluster142.knu.ac.kr//pnfs/knu.ac.kr/data/cms/store/user/sha/Run2FULL/2016PreVFP/MC/WJetsToLNu_TuneCP5_13TeV-madgraphMLM-pythia8/crab_WJetsToLNu_TuneCP5_13TeV-madgraphMLM-pythia8/240205_164011//0000/SSBTree_99.root
adding: dcap://cluster142.knu.ac.kr//pnfs/knu.ac.kr/data/cms/store/user/sha/Run2FULL/2016PreVFP/MC/WJetsToLNu_TuneCP5_13TeV-madgraphMLM-pythia8/crab_WJetsToLNu_TuneCP5_13TeV-madgraphMLM-pythia8/240205_164011//0000/SSBTree_9.root
adding: dcap://cluster142.knu.ac.kr//pnfs/knu.ac.kr/data/cms/store/user/sha/Run2FULL/2016PreVFP/MC/WJetsToLNu_TuneCP5_13TeV-madgraphMLM-pythia8/crab_WJetsToLNu_TuneCP5_13TeV-madgraphMLM-pythia8/240205_164011//0001/SSBTree_1000.root
Total number of events after merging root files: 243713
Event 0
Event 10000
Event 20000
Event 30000
Event 40000
Event 50000
Event 60000
Event 70000
Event 80000
Event 90000
Event 100000
Event 110000
Event 120000
Event 130000
Event 140000
Event 150000
Event 160000
Event 170000
Event 180000
Event 190000
Event 200000
Event 210000
Event 220000
Event 230000
Event 240000
Total processed number of events: 243713
End processing...

The number of options is: 2
Option 0 = ./TopMass_analysis
Option 1 = WJetsToLNu_Mad/WJetsToLNu_Mad_130.list
Option 2 = WJetsToLNu_Mad/WJetsToLNu_Mad_130.txt
Input filelist = WJetsToLNu_Mad/WJetsToLNu_Mad_130.list
Output file name = WJetsToLNu_Mad/WJetsToLNu_Mad_130.txt


start merging file(s)
adding: dcap://cluster142.knu.ac.kr//pnfs/knu.ac.kr/data/cms/store/user/sha/Run2FULL/2016PreVFP/MC/WJetsToLNu_TuneCP5_13TeV-madgraphMLM-pythia8/crab_WJetsToLNu_TuneCP5_13TeV-madgraphMLM-pythia8/240205_164011//0001/SSBTree_1291.root
adding: dcap://cluster142.knu.ac.kr//pnfs/knu.ac.kr/data/cms/store/user/sha/Run2FULL/2016PreVFP/MC/WJetsToLNu_TuneCP5_13TeV-madgraphMLM-pythia8/crab_WJetsToLNu_TuneCP5_13TeV-madgraphMLM-pythia8/240205_164011//0001/SSBTree_1292.root
adding: dcap://cluster142.knu.ac.kr//pnfs/knu.ac.kr/data/cms/store/user/sha/Run2FULL/2016PreVFP/MC/WJetsToLNu_TuneCP5_13TeV-madgraphMLM-pythia8/crab_WJetsToLNu_TuneCP5_13TeV-madgraphMLM-pythia8/240205_164011//0001/SSBTree_1293.root
adding: dcap://cluster142.knu.ac.kr//pnfs/knu.ac.kr/data/cms/store/user/sha/Run2FULL/2016PreVFP/MC/WJetsToLNu_TuneCP5_13TeV-madgraphMLM-pythia8/crab_WJetsToLNu_TuneCP5_13TeV-madgraphMLM-pythia8/240205_164011//0001/SSBTree_1294.root
adding: dcap://cluster142.knu.ac.kr//pnfs/knu.ac.kr/data/cms/store/user/sha/Run2FULL/2016PreVFP/MC/WJetsToLNu_TuneCP5_13TeV-madgraphMLM-pythia8/crab_WJetsToLNu_TuneCP5_13TeV-madgraphMLM-pythia8/240205_164011//0001/SSBTree_1295.root
adding: dcap://cluster142.knu.ac.kr//pnfs/knu.ac.kr/data/cms/store/user/sha/Run2FULL/2016PreVFP/MC/WJetsToLNu_TuneCP5_13TeV-madgraphMLM-pythia8/crab_WJetsToLNu_TuneCP5_13TeV-madgraphMLM-pythia8/240205_164011//0001/SSBTree_1296.root
adding: dcap://cluster142.knu.ac.kr//pnfs/knu.ac.kr/data/cms/store/user/sha/Run2FULL/2016PreVFP/MC/WJetsToLNu_TuneCP5_13TeV-madgraphMLM-pythia8/crab_WJetsToLNu_TuneCP5_13TeV-madgraphMLM-pythia8/240205_164011//0001/SSBTree_1297.root
adding: dcap://cluster142.knu.ac.kr//pnfs/knu.ac.kr/data/cms/store/user/sha/Run2FULL/2016PreVFP/MC/WJetsToLNu_TuneCP5_13TeV-madgraphMLM-pythia8/crab_WJetsToLNu_TuneCP5_13TeV-madgraphMLM-pythia8/240205_164011//0001/SSBTree_1298.root
adding: dcap://cluster142.knu.ac.kr//pnfs/knu.ac.kr/data/cms/store/user/sha/Run2FULL/2016PreVFP/MC/WJetsToLNu_TuneCP5_13TeV-madgraphMLM-pythia8/crab_WJetsToLNu_TuneCP5_13TeV-madgraphMLM-pythia8/240205_164011//0001/SSBTree_1299.root
adding: dcap://cluster142.knu.ac.kr//pnfs/knu.ac.kr/data/cms/store/user/sha/Run2FULL/2016PreVFP/MC/WJetsToLNu_TuneCP5_13TeV-madgraphMLM-pythia8/crab_WJetsToLNu_TuneCP5_13TeV-madgraphMLM-pythia8/240205_164011//0001/SSBTree_1300.root
Total number of events after merging root files: 244127
Event 0
Event 10000
Event 20000
Event 30000
Event 40000
Event 50000
Event 60000
Event 70000
Event 80000
Event 90000
Event 100000
Event 110000
Event 120000
Event 130000
Event 140000
Event 150000
Event 160000
Event 170000
Event 180000
Event 190000
Event 200000
Event 210000
Event 220000
Event 230000
Event 240000
Total processed number of events: 244127
End processing...

The number of options is: 2
Option 0 = ./TopMass_analysis
Option 1 = WJetsToLNu_Mad/WJetsToLNu_Mad_160.list
Option 2 = WJetsToLNu_Mad/WJetsToLNu_Mad_160.txt
Input filelist = WJetsToLNu_Mad/WJetsToLNu_Mad_160.list
Output file name = WJetsToLNu_Mad/WJetsToLNu_Mad_160.txt


start merging file(s)
adding: dcap://cluster142.knu.ac.kr//pnfs/knu.ac.kr/data/cms/store/user/sha/Run2FULL/2016PreVFP/MC/WJetsToLNu_TuneCP5_13TeV-madgraphMLM-pythia8/crab_WJetsToLNu_TuneCP5_13TeV-madgraphMLM-pythia8/240205_164011//0001/SSBTree_1591.root
adding: dcap://cluster142.knu.ac.kr//pnfs/knu.ac.kr/data/cms/store/user/sha/Run2FULL/2016PreVFP/MC/WJetsToLNu_TuneCP5_13TeV-madgraphMLM-pythia8/crab_WJetsToLNu_TuneCP5_13TeV-madgraphMLM-pythia8/240205_164011//0001/SSBTree_1592.root
adding: dcap://cluster142.knu.ac.kr//pnfs/knu.ac.kr/data/cms/store/user/sha/Run2FULL/2016PreVFP/MC/WJetsToLNu_TuneCP5_13TeV-madgraphMLM-pythia8/crab_WJetsToLNu_TuneCP5_13TeV-madgraphMLM-pythia8/240205_164011//0001/SSBTree_1593.root
adding: dcap://cluster142.knu.ac.kr//pnfs/knu.ac.kr/data/cms/store/user/sha/Run2FULL/2016PreVFP/MC/WJetsToLNu_TuneCP5_13TeV-madgraphMLM-pythia8/crab_WJetsToLNu_TuneCP5_13TeV-madgraphMLM-pythia8/240205_164011//0001/SSBTree_1594.root
adding: dcap://cluster142.knu.ac.kr//pnfs/knu.ac.kr/data/cms/store/user/sha/Run2FULL/2016PreVFP/MC/WJetsToLNu_TuneCP5_13TeV-madgraphMLM-pythia8/crab_WJetsToLNu_TuneCP5_13TeV-madgraphMLM-pythia8/240205_164011//0001/SSBTree_1595.root
adding: dcap://cluster142.knu.ac.kr//pnfs/knu.ac.kr/data/cms/store/user/sha/Run2FULL/2016PreVFP/MC/WJetsToLNu_TuneCP5_13TeV-madgraphMLM-pythia8/crab_WJetsToLNu_TuneCP5_13TeV-madgraphMLM-pythia8/240205_164011//0001/SSBTree_1596.root
adding: dcap://cluster142.knu.ac.kr//pnfs/knu.ac.kr/data/cms/store/user/sha/Run2FULL/2016PreVFP/MC/WJetsToLNu_TuneCP5_13TeV-madgraphMLM-pythia8/crab_WJetsToLNu_TuneCP5_13TeV-madgraphMLM-pythia8/240205_164011//0001/SSBTree_1597.root
adding: dcap://cluster142.knu.ac.kr//pnfs/knu.ac.kr/data/cms/store/user/sha/Run2FULL/2016PreVFP/MC/WJetsToLNu_TuneCP5_13TeV-madgraphMLM-pythia8/crab_WJetsToLNu_TuneCP5_13TeV-madgraphMLM-pythia8/240205_164011//0001/SSBTree_1598.root
adding: dcap://cluster142.knu.ac.kr//pnfs/knu.ac.kr/data/cms/store/user/sha/Run2FULL/2016PreVFP/MC/WJetsToLNu_TuneCP5_13TeV-madgraphMLM-pythia8/crab_WJetsToLNu_TuneCP5_13TeV-madgraphMLM-pythia8/240205_164011//0001/SSBTree_1599.root
adding: dcap://cluster142.knu.ac.kr//pnfs/knu.ac.kr/data/cms/store/user/sha/Run2FULL/2016PreVFP/MC/WJetsToLNu_TuneCP5_13TeV-madgraphMLM-pythia8/crab_WJetsToLNu_TuneCP5_13TeV-madgraphMLM-pythia8/240205_164011//0001/SSBTree_1600.root
Total number of events after merging root files: 244217
Event 0
Event 10000
Event 20000
Event 30000
Event 40000
Event 50000
Event 60000
Event 70000
Event 80000
Event 90000
Event 100000
Event 110000
Event 120000
Event 130000
Event 140000
Event 150000
Event 160000
Event 170000
Event 180000
Event 190000
Event 200000
Event 210000
Event 220000
Event 230000
Event 240000
Total processed number of events: 244217
End processing...

The number of options is: 2
Option 0 = ./TopMass_analysis
Option 1 = WJetsToLNu_Mad/WJetsToLNu_Mad_190.list
Option 2 = WJetsToLNu_Mad/WJetsToLNu_Mad_190.txt
Input filelist = WJetsToLNu_Mad/WJetsToLNu_Mad_190.list
Output file name = WJetsToLNu_Mad/WJetsToLNu_Mad_190.txt


start merging file(s)
adding: dcap://cluster142.knu.ac.kr//pnfs/knu.ac.kr/data/cms/store/user/sha/Run2FULL/2016PreVFP/MC/WJetsToLNu_TuneCP5_13TeV-madgraphMLM-pythia8/crab_WJetsToLNu_TuneCP5_13TeV-madgraphMLM-pythia8/240205_164011//0001/SSBTree_1891.root
adding: dcap://cluster142.knu.ac.kr//pnfs/knu.ac.kr/data/cms/store/user/sha/Run2FULL/2016PreVFP/MC/WJetsToLNu_TuneCP5_13TeV-madgraphMLM-pythia8/crab_WJetsToLNu_TuneCP5_13TeV-madgraphMLM-pythia8/240205_164011//0001/SSBTree_1892.root
adding: dcap://cluster142.knu.ac.kr//pnfs/knu.ac.kr/data/cms/store/user/sha/Run2FULL/2016PreVFP/MC/WJetsToLNu_TuneCP5_13TeV-madgraphMLM-pythia8/crab_WJetsToLNu_TuneCP5_13TeV-madgraphMLM-pythia8/240205_164011//0001/SSBTree_1893.root
adding: dcap://cluster142.knu.ac.kr//pnfs/knu.ac.kr/data/cms/store/user/sha/Run2FULL/2016PreVFP/MC/WJetsToLNu_TuneCP5_13TeV-madgraphMLM-pythia8/crab_WJetsToLNu_TuneCP5_13TeV-madgraphMLM-pythia8/240205_164011//0001/SSBTree_1894.root
adding: dcap://cluster142.knu.ac.kr//pnfs/knu.ac.kr/data/cms/store/user/sha/Run2FULL/2016PreVFP/MC/WJetsToLNu_TuneCP5_13TeV-madgraphMLM-pythia8/crab_WJetsToLNu_TuneCP5_13TeV-madgraphMLM-pythia8/240205_164011//0001/SSBTree_1895.root
adding: dcap://cluster142.knu.ac.kr//pnfs/knu.ac.kr/data/cms/store/user/sha/Run2FULL/2016PreVFP/MC/WJetsToLNu_TuneCP5_13TeV-madgraphMLM-pythia8/crab_WJetsToLNu_TuneCP5_13TeV-madgraphMLM-pythia8/240205_164011//0001/SSBTree_1896.root
adding: dcap://cluster142.knu.ac.kr//pnfs/knu.ac.kr/data/cms/store/user/sha/Run2FULL/2016PreVFP/MC/WJetsToLNu_TuneCP5_13TeV-madgraphMLM-pythia8/crab_WJetsToLNu_TuneCP5_13TeV-madgraphMLM-pythia8/240205_164011//0001/SSBTree_1897.root
adding: dcap://cluster142.knu.ac.kr//pnfs/knu.ac.kr/data/cms/store/user/sha/Run2FULL/2016PreVFP/MC/WJetsToLNu_TuneCP5_13TeV-madgraphMLM-pythia8/crab_WJetsToLNu_TuneCP5_13TeV-madgraphMLM-pythia8/240205_164011//0001/SSBTree_1898.root
adding: dcap://cluster142.knu.ac.kr//pnfs/knu.ac.kr/data/cms/store/user/sha/Run2FULL/2016PreVFP/MC/WJetsToLNu_TuneCP5_13TeV-madgraphMLM-pythia8/crab_WJetsToLNu_TuneCP5_13TeV-madgraphMLM-pythia8/240205_164011//0001/SSBTree_1899.root
adding: dcap://cluster142.knu.ac.kr//pnfs/knu.ac.kr/data/cms/store/user/sha/Run2FULL/2016PreVFP/MC/WJetsToLNu_TuneCP5_13TeV-madgraphMLM-pythia8/crab_WJetsToLNu_TuneCP5_13TeV-madgraphMLM-pythia8/240205_164011//0001/SSBTree_1900.root
Total number of events after merging root files: 244671
Event 0
Event 10000
Event 20000
Event 30000
Event 40000
Event 50000
Event 60000
Event 70000
Event 80000
Event 90000
Event 100000
Event 110000
Event 120000
Event 130000
Event 140000
Event 150000
Event 160000
Event 170000
Event 180000
Event 190000
Event 200000
Event 210000
Event 220000
Event 230000
Event 240000
Total processed number of events: 244671
End processing...

The number of options is: 2
Option 0 = ./TopMass_analysis
Option 1 = WJetsToLNu_Mad/WJetsToLNu_Mad_220.list
Option 2 = WJetsToLNu_Mad/WJetsToLNu_Mad_220.txt
Input filelist = WJetsToLNu_Mad/WJetsToLNu_Mad_220.list
Output file name = WJetsToLNu_Mad/WJetsToLNu_Mad_220.txt


start merging file(s)
adding: dcap://cluster142.knu.ac.kr//pnfs/knu.ac.kr/data/cms/store/user/sha/Run2FULL/2016PreVFP/MC/WJetsToLNu_TuneCP5_13TeV-madgraphMLM-pythia8/crab_WJetsToLNu_TuneCP5_13TeV-madgraphMLM-pythia8/240205_164011//0002/SSBTree_2191.root
adding: dcap://cluster142.knu.ac.kr//pnfs/knu.ac.kr/data/cms/store/user/sha/Run2FULL/2016PreVFP/MC/WJetsToLNu_TuneCP5_13TeV-madgraphMLM-pythia8/crab_WJetsToLNu_TuneCP5_13TeV-madgraphMLM-pythia8/240205_164011//0002/SSBTree_2192.root
adding: dcap://cluster142.knu.ac.kr//pnfs/knu.ac.kr/data/cms/store/user/sha/Run2FULL/2016PreVFP/MC/WJetsToLNu_TuneCP5_13TeV-madgraphMLM-pythia8/crab_WJetsToLNu_TuneCP5_13TeV-madgraphMLM-pythia8/240205_164011//0002/SSBTree_2193.root
adding: dcap://cluster142.knu.ac.kr//pnfs/knu.ac.kr/data/cms/store/user/sha/Run2FULL/2016PreVFP/MC/WJetsToLNu_TuneCP5_13TeV-madgraphMLM-pythia8/crab_WJetsToLNu_TuneCP5_13TeV-madgraphMLM-pythia8/240205_164011//0002/SSBTree_2194.root
adding: dcap://cluster142.knu.ac.kr//pnfs/knu.ac.kr/data/cms/store/user/sha/Run2FULL/2016PreVFP/MC/WJetsToLNu_TuneCP5_13TeV-madgraphMLM-pythia8/crab_WJetsToLNu_TuneCP5_13TeV-madgraphMLM-pythia8/240205_164011//0002/SSBTree_2195.root
adding: dcap://cluster142.knu.ac.kr//pnfs/knu.ac.kr/data/cms/store/user/sha/Run2FULL/2016PreVFP/MC/WJetsToLNu_TuneCP5_13TeV-madgraphMLM-pythia8/crab_WJetsToLNu_TuneCP5_13TeV-madgraphMLM-pythia8/240205_164011//0002/SSBTree_2196.root
adding: dcap://cluster142.knu.ac.kr//pnfs/knu.ac.kr/data/cms/store/user/sha/Run2FULL/2016PreVFP/MC/WJetsToLNu_TuneCP5_13TeV-madgraphMLM-pythia8/crab_WJetsToLNu_TuneCP5_13TeV-madgraphMLM-pythia8/240205_164011//0002/SSBTree_2197.root
adding: dcap://cluster142.knu.ac.kr//pnfs/knu.ac.kr/data/cms/store/user/sha/Run2FULL/2016PreVFP/MC/WJetsToLNu_TuneCP5_13TeV-madgraphMLM-pythia8/crab_WJetsToLNu_TuneCP5_13TeV-madgraphMLM-pythia8/240205_164011//0002/SSBTree_2198.root
adding: dcap://cluster142.knu.ac.kr//pnfs/knu.ac.kr/data/cms/store/user/sha/Run2FULL/2016PreVFP/MC/WJetsToLNu_TuneCP5_13TeV-madgraphMLM-pythia8/crab_WJetsToLNu_TuneCP5_13TeV-madgraphMLM-pythia8/240205_164011//0002/SSBTree_2199.root
adding: dcap://cluster142.knu.ac.kr//pnfs/knu.ac.kr/data/cms/store/user/sha/Run2FULL/2016PreVFP/MC/WJetsToLNu_TuneCP5_13TeV-madgraphMLM-pythia8/crab_WJetsToLNu_TuneCP5_13TeV-madgraphMLM-pythia8/240205_164011//0002/SSBTree_2200.root
Total number of events after merging root files: 244447
Event 0
Event 10000
Event 20000
Event 30000
Event 40000
Event 50000
Event 60000
Event 70000
Event 80000
Event 90000
Event 100000
Event 110000
Event 120000
Event 130000
Event 140000
Event 150000
Event 160000
Event 170000
Event 180000
Event 190000
Event 200000
Event 210000
Event 220000
Event 230000
Event 240000
Total processed number of events: 244447
End processing...

The number of options is: 2
Option 0 = ./TopMass_analysis
Option 1 = WJetsToLNu_Mad/WJetsToLNu_Mad_250.list
Option 2 = WJetsToLNu_Mad/WJetsToLNu_Mad_250.txt
Input filelist = WJetsToLNu_Mad/WJetsToLNu_Mad_250.list
Output file name = WJetsToLNu_Mad/WJetsToLNu_Mad_250.txt


start merging file(s)
adding: dcap://cluster142.knu.ac.kr//pnfs/knu.ac.kr/data/cms/store/user/sha/Run2FULL/2016PreVFP/MC/WJetsToLNu_TuneCP5_13TeV-madgraphMLM-pythia8/crab_WJetsToLNu_TuneCP5_13TeV-madgraphMLM-pythia8/240205_164011//0002/SSBTree_2491.root
adding: dcap://cluster142.knu.ac.kr//pnfs/knu.ac.kr/data/cms/store/user/sha/Run2FULL/2016PreVFP/MC/WJetsToLNu_TuneCP5_13TeV-madgraphMLM-pythia8/crab_WJetsToLNu_TuneCP5_13TeV-madgraphMLM-pythia8/240205_164011//0002/SSBTree_2492.root
adding: dcap://cluster142.knu.ac.kr//pnfs/knu.ac.kr/data/cms/store/user/sha/Run2FULL/2016PreVFP/MC/WJetsToLNu_TuneCP5_13TeV-madgraphMLM-pythia8/crab_WJetsToLNu_TuneCP5_13TeV-madgraphMLM-pythia8/240205_164011//0002/SSBTree_2493.root
adding: dcap://cluster142.knu.ac.kr//pnfs/knu.ac.kr/data/cms/store/user/sha/Run2FULL/2016PreVFP/MC/WJetsToLNu_TuneCP5_13TeV-madgraphMLM-pythia8/crab_WJetsToLNu_TuneCP5_13TeV-madgraphMLM-pythia8/240205_164011//0002/SSBTree_2494.root
adding: dcap://cluster142.knu.ac.kr//pnfs/knu.ac.kr/data/cms/store/user/sha/Run2FULL/2016PreVFP/MC/WJetsToLNu_TuneCP5_13TeV-madgraphMLM-pythia8/crab_WJetsToLNu_TuneCP5_13TeV-madgraphMLM-pythia8/240205_164011//0002/SSBTree_2495.root
adding: dcap://cluster142.knu.ac.kr//pnfs/knu.ac.kr/data/cms/store/user/sha/Run2FULL/2016PreVFP/MC/WJetsToLNu_TuneCP5_13TeV-madgraphMLM-pythia8/crab_WJetsToLNu_TuneCP5_13TeV-madgraphMLM-pythia8/240205_164011//0002/SSBTree_2496.root
adding: dcap://cluster142.knu.ac.kr//pnfs/knu.ac.kr/data/cms/store/user/sha/Run2FULL/2016PreVFP/MC/WJetsToLNu_TuneCP5_13TeV-madgraphMLM-pythia8/crab_WJetsToLNu_TuneCP5_13TeV-madgraphMLM-pythia8/240205_164011//0002/SSBTree_2497.root
adding: dcap://cluster142.knu.ac.kr//pnfs/knu.ac.kr/data/cms/store/user/sha/Run2FULL/2016PreVFP/MC/WJetsToLNu_TuneCP5_13TeV-madgraphMLM-pythia8/crab_WJetsToLNu_TuneCP5_13TeV-madgraphMLM-pythia8/240205_164011//0002/SSBTree_2498.root
adding: dcap://cluster142.knu.ac.kr//pnfs/knu.ac.kr/data/cms/store/user/sha/Run2FULL/2016PreVFP/MC/WJetsToLNu_TuneCP5_13TeV-madgraphMLM-pythia8/crab_WJetsToLNu_TuneCP5_13TeV-madgraphMLM-pythia8/240205_164011//0002/SSBTree_2499.root
adding: dcap://cluster142.knu.ac.kr//pnfs/knu.ac.kr/data/cms/store/user/sha/Run2FULL/2016PreVFP/MC/WJetsToLNu_TuneCP5_13TeV-madgraphMLM-pythia8/crab_WJetsToLNu_TuneCP5_13TeV-madgraphMLM-pythia8/240205_164011//0002/SSBTree_2500.root
Total number of events after merging root files: 244871
Event 0
Event 10000
Event 20000
Event 30000
Event 40000
Event 50000
Event 60000
Event 70000
Event 80000
Event 90000
Event 100000
Event 110000
Event 120000
Event 130000
Event 140000
Event 150000
Event 160000
Event 170000
Event 180000
Event 190000
Event 200000
Event 210000
Event 220000
Event 230000
Event 240000
Total processed number of events: 244871
End processing...

The number of options is: 2
Option 0 = ./TopMass_analysis
Option 1 = WJetsToLNu_Mad/WJetsToLNu_Mad_280.list
Option 2 = WJetsToLNu_Mad/WJetsToLNu_Mad_280.txt
Input filelist = WJetsToLNu_Mad/WJetsToLNu_Mad_280.list
Output file name = WJetsToLNu_Mad/WJetsToLNu_Mad_280.txt


start merging file(s)
adding: dcap://cluster142.knu.ac.kr//pnfs/knu.ac.kr/data/cms/store/user/sha/Run2FULL/2016PreVFP/MC/WJetsToLNu_TuneCP5_13TeV-madgraphMLM-pythia8/crab_WJetsToLNu_TuneCP5_13TeV-madgraphMLM-pythia8/240205_164011//0002/SSBTree_2791.root
adding: dcap://cluster142.knu.ac.kr//pnfs/knu.ac.kr/data/cms/store/user/sha/Run2FULL/2016PreVFP/MC/WJetsToLNu_TuneCP5_13TeV-madgraphMLM-pythia8/crab_WJetsToLNu_TuneCP5_13TeV-madgraphMLM-pythia8/240205_164011//0002/SSBTree_2792.root
adding: dcap://cluster142.knu.ac.kr//pnfs/knu.ac.kr/data/cms/store/user/sha/Run2FULL/2016PreVFP/MC/WJetsToLNu_TuneCP5_13TeV-madgraphMLM-pythia8/crab_WJetsToLNu_TuneCP5_13TeV-madgraphMLM-pythia8/240205_164011//0002/SSBTree_2793.root
adding: dcap://cluster142.knu.ac.kr//pnfs/knu.ac.kr/data/cms/store/user/sha/Run2FULL/2016PreVFP/MC/WJetsToLNu_TuneCP5_13TeV-madgraphMLM-pythia8/crab_WJetsToLNu_TuneCP5_13TeV-madgraphMLM-pythia8/240205_164011//0002/SSBTree_2794.root
adding: dcap://cluster142.knu.ac.kr//pnfs/knu.ac.kr/data/cms/store/user/sha/Run2FULL/2016PreVFP/MC/WJetsToLNu_TuneCP5_13TeV-madgraphMLM-pythia8/crab_WJetsToLNu_TuneCP5_13TeV-madgraphMLM-pythia8/240205_164011//0002/SSBTree_2795.root
adding: dcap://cluster142.knu.ac.kr//pnfs/knu.ac.kr/data/cms/store/user/sha/Run2FULL/2016PreVFP/MC/WJetsToLNu_TuneCP5_13TeV-madgraphMLM-pythia8/crab_WJetsToLNu_TuneCP5_13TeV-madgraphMLM-pythia8/240205_164011//0002/SSBTree_2796.root
adding: dcap://cluster142.knu.ac.kr//pnfs/knu.ac.kr/data/cms/store/user/sha/Run2FULL/2016PreVFP/MC/WJetsToLNu_TuneCP5_13TeV-madgraphMLM-pythia8/crab_WJetsToLNu_TuneCP5_13TeV-madgraphMLM-pythia8/240205_164011//0002/SSBTree_2797.root
adding: dcap://cluster142.knu.ac.kr//pnfs/knu.ac.kr/data/cms/store/user/sha/Run2FULL/2016PreVFP/MC/WJetsToLNu_TuneCP5_13TeV-madgraphMLM-pythia8/crab_WJetsToLNu_TuneCP5_13TeV-madgraphMLM-pythia8/240205_164011//0002/SSBTree_2798.root
adding: dcap://cluster142.knu.ac.kr//pnfs/knu.ac.kr/data/cms/store/user/sha/Run2FULL/2016PreVFP/MC/WJetsToLNu_TuneCP5_13TeV-madgraphMLM-pythia8/crab_WJetsToLNu_TuneCP5_13TeV-madgraphMLM-pythia8/240205_164011//0002/SSBTree_2799.root
adding: dcap://cluster142.knu.ac.kr//pnfs/knu.ac.kr/data/cms/store/user/sha/Run2FULL/2016PreVFP/MC/WJetsToLNu_TuneCP5_13TeV-madgraphMLM-pythia8/crab_WJetsToLNu_TuneCP5_13TeV-madgraphMLM-pythia8/240205_164011//0002/SSBTree_2800.root
Total number of events after merging root files: 244590
Event 0
Event 10000
Event 20000
Event 30000
Event 40000
Event 50000
Event 60000
Event 70000
Event 80000
Event 90000
Event 100000
Event 110000
Event 120000
Event 130000
Event 140000
Event 150000
Event 160000
Event 170000
Event 180000
Event 190000
Event 200000
Event 210000
Event 220000
Event 230000
Event 240000
Total processed number of events: 244590
End processing...

