The number of options is: 2
Option 0 = ./TopMass_analysis
Option 1 = DYJetsToLL_M_10To50/DYJetsToLL_M_10To50_5.list
Option 2 = DYJetsToLL_M_10To50/DYJetsToLL_M_10To50_5.txt
Input filelist = DYJetsToLL_M_10To50/DYJetsToLL_M_10To50_5.list
Output file name = DYJetsToLL_M_10To50/DYJetsToLL_M_10To50_5.txt


start merging file(s)
adding: dcap://cluster142.knu.ac.kr//pnfs/knu.ac.kr/data/cms/store/user/sha/Run2FULL/2016PreVFP/MC/DYJetsToLL_M-10to50_TuneCP5_13TeV-amcatnloFXFX-pythia8/crab_DYJetsToLL_M-10to50_TuneCP5_13TeV-amcatnloFXFX-pythia8/240205_161753//0000/SSBTree_137.root
adding: dcap://cluster142.knu.ac.kr//pnfs/knu.ac.kr/data/cms/store/user/sha/Run2FULL/2016PreVFP/MC/DYJetsToLL_M-10to50_TuneCP5_13TeV-amcatnloFXFX-pythia8/crab_DYJetsToLL_M-10to50_TuneCP5_13TeV-amcatnloFXFX-pythia8/240205_161753//0000/SSBTree_138.root
adding: dcap://cluster142.knu.ac.kr//pnfs/knu.ac.kr/data/cms/store/user/sha/Run2FULL/2016PreVFP/MC/DYJetsToLL_M-10to50_TuneCP5_13TeV-amcatnloFXFX-pythia8/crab_DYJetsToLL_M-10to50_TuneCP5_13TeV-amcatnloFXFX-pythia8/240205_161753//0000/SSBTree_139.root
adding: dcap://cluster142.knu.ac.kr//pnfs/knu.ac.kr/data/cms/store/user/sha/Run2FULL/2016PreVFP/MC/DYJetsToLL_M-10to50_TuneCP5_13TeV-amcatnloFXFX-pythia8/crab_DYJetsToLL_M-10to50_TuneCP5_13TeV-amcatnloFXFX-pythia8/240205_161753//0000/SSBTree_13.root
adding: dcap://cluster142.knu.ac.kr//pnfs/knu.ac.kr/data/cms/store/user/sha/Run2FULL/2016PreVFP/MC/DYJetsToLL_M-10to50_TuneCP5_13TeV-amcatnloFXFX-pythia8/crab_DYJetsToLL_M-10to50_TuneCP5_13TeV-amcatnloFXFX-pythia8/240205_161753//0000/SSBTree_140.root
adding: dcap://cluster142.knu.ac.kr//pnfs/knu.ac.kr/data/cms/store/user/sha/Run2FULL/2016PreVFP/MC/DYJetsToLL_M-10to50_TuneCP5_13TeV-amcatnloFXFX-pythia8/crab_DYJetsToLL_M-10to50_TuneCP5_13TeV-amcatnloFXFX-pythia8/240205_161753//0000/SSBTree_141.root
adding: dcap://cluster142.knu.ac.kr//pnfs/knu.ac.kr/data/cms/store/user/sha/Run2FULL/2016PreVFP/MC/DYJetsToLL_M-10to50_TuneCP5_13TeV-amcatnloFXFX-pythia8/crab_DYJetsToLL_M-10to50_TuneCP5_13TeV-amcatnloFXFX-pythia8/240205_161753//0000/SSBTree_142.root
adding: dcap://cluster142.knu.ac.kr//pnfs/knu.ac.kr/data/cms/store/user/sha/Run2FULL/2016PreVFP/MC/DYJetsToLL_M-10to50_TuneCP5_13TeV-amcatnloFXFX-pythia8/crab_DYJetsToLL_M-10to50_TuneCP5_13TeV-amcatnloFXFX-pythia8/240205_161753//0000/SSBTree_143.root
adding: dcap://cluster142.knu.ac.kr//pnfs/knu.ac.kr/data/cms/store/user/sha/Run2FULL/2016PreVFP/MC/DYJetsToLL_M-10to50_TuneCP5_13TeV-amcatnloFXFX-pythia8/crab_DYJetsToLL_M-10to50_TuneCP5_13TeV-amcatnloFXFX-pythia8/240205_161753//0000/SSBTree_144.root
adding: dcap://cluster142.knu.ac.kr//pnfs/knu.ac.kr/data/cms/store/user/sha/Run2FULL/2016PreVFP/MC/DYJetsToLL_M-10to50_TuneCP5_13TeV-amcatnloFXFX-pythia8/crab_DYJetsToLL_M-10to50_TuneCP5_13TeV-amcatnloFXFX-pythia8/240205_161753//0000/SSBTree_145.root
Total number of events after merging root files: 231449
Event 0
Event 10000
Event 20000
Event 30000
Event 40000
Event 50000
Event 60000
Event 70000
Event 80000
Event 90000
Event 100000
Event 110000
Event 120000
Event 130000
Event 140000
Event 150000
Event 160000
Event 170000
Event 180000
Event 190000
Event 200000
Event 210000
Event 220000
Event 230000
Total processed number of events: 231449
End processing...

The number of options is: 2
Option 0 = ./TopMass_analysis
Option 1 = DYJetsToLL_M_10To50/DYJetsToLL_M_10To50_26.list
Option 2 = DYJetsToLL_M_10To50/DYJetsToLL_M_10To50_26.txt
Input filelist = DYJetsToLL_M_10To50/DYJetsToLL_M_10To50_26.list
Output file name = DYJetsToLL_M_10To50/DYJetsToLL_M_10To50_26.txt


start merging file(s)
adding: dcap://cluster142.knu.ac.kr//pnfs/knu.ac.kr/data/cms/store/user/sha/Run2FULL/2016PreVFP/MC/DYJetsToLL_M-10to50_TuneCP5_13TeV-amcatnloFXFX-pythia8/crab_DYJetsToLL_M-10to50_TuneCP5_13TeV-amcatnloFXFX-pythia8/240205_161753//0000/SSBTree_326.root
adding: dcap://cluster142.knu.ac.kr//pnfs/knu.ac.kr/data/cms/store/user/sha/Run2FULL/2016PreVFP/MC/DYJetsToLL_M-10to50_TuneCP5_13TeV-amcatnloFXFX-pythia8/crab_DYJetsToLL_M-10to50_TuneCP5_13TeV-amcatnloFXFX-pythia8/240205_161753//0000/SSBTree_327.root
adding: dcap://cluster142.knu.ac.kr//pnfs/knu.ac.kr/data/cms/store/user/sha/Run2FULL/2016PreVFP/MC/DYJetsToLL_M-10to50_TuneCP5_13TeV-amcatnloFXFX-pythia8/crab_DYJetsToLL_M-10to50_TuneCP5_13TeV-amcatnloFXFX-pythia8/240205_161753//0000/SSBTree_328.root
adding: dcap://cluster142.knu.ac.kr//pnfs/knu.ac.kr/data/cms/store/user/sha/Run2FULL/2016PreVFP/MC/DYJetsToLL_M-10to50_TuneCP5_13TeV-amcatnloFXFX-pythia8/crab_DYJetsToLL_M-10to50_TuneCP5_13TeV-amcatnloFXFX-pythia8/240205_161753//0000/SSBTree_329.root
adding: dcap://cluster142.knu.ac.kr//pnfs/knu.ac.kr/data/cms/store/user/sha/Run2FULL/2016PreVFP/MC/DYJetsToLL_M-10to50_TuneCP5_13TeV-amcatnloFXFX-pythia8/crab_DYJetsToLL_M-10to50_TuneCP5_13TeV-amcatnloFXFX-pythia8/240205_161753//0000/SSBTree_32.root
adding: dcap://cluster142.knu.ac.kr//pnfs/knu.ac.kr/data/cms/store/user/sha/Run2FULL/2016PreVFP/MC/DYJetsToLL_M-10to50_TuneCP5_13TeV-amcatnloFXFX-pythia8/crab_DYJetsToLL_M-10to50_TuneCP5_13TeV-amcatnloFXFX-pythia8/240205_161753//0000/SSBTree_330.root
adding: dcap://cluster142.knu.ac.kr//pnfs/knu.ac.kr/data/cms/store/user/sha/Run2FULL/2016PreVFP/MC/DYJetsToLL_M-10to50_TuneCP5_13TeV-amcatnloFXFX-pythia8/crab_DYJetsToLL_M-10to50_TuneCP5_13TeV-amcatnloFXFX-pythia8/240205_161753//0000/SSBTree_331.root
adding: dcap://cluster142.knu.ac.kr//pnfs/knu.ac.kr/data/cms/store/user/sha/Run2FULL/2016PreVFP/MC/DYJetsToLL_M-10to50_TuneCP5_13TeV-amcatnloFXFX-pythia8/crab_DYJetsToLL_M-10to50_TuneCP5_13TeV-amcatnloFXFX-pythia8/240205_161753//0000/SSBTree_332.root
adding: dcap://cluster142.knu.ac.kr//pnfs/knu.ac.kr/data/cms/store/user/sha/Run2FULL/2016PreVFP/MC/DYJetsToLL_M-10to50_TuneCP5_13TeV-amcatnloFXFX-pythia8/crab_DYJetsToLL_M-10to50_TuneCP5_13TeV-amcatnloFXFX-pythia8/240205_161753//0000/SSBTree_333.root
adding: dcap://cluster142.knu.ac.kr//pnfs/knu.ac.kr/data/cms/store/user/sha/Run2FULL/2016PreVFP/MC/DYJetsToLL_M-10to50_TuneCP5_13TeV-amcatnloFXFX-pythia8/crab_DYJetsToLL_M-10to50_TuneCP5_13TeV-amcatnloFXFX-pythia8/240205_161753//0000/SSBTree_334.root
Total number of events after merging root files: 247116
Event 0
Event 10000
Event 20000
Event 30000
Event 40000
Event 50000
Event 60000
Event 70000
Event 80000
Event 90000
Event 100000
Event 110000
Event 120000
Event 130000
Event 140000
Event 150000
Event 160000
Event 170000
Event 180000
Event 190000
Event 200000
Event 210000
Event 220000
Event 230000
Event 240000
Total processed number of events: 247116
End processing...

The number of options is: 2
Option 0 = ./TopMass_analysis
Option 1 = DYJetsToLL_M_10To50/DYJetsToLL_M_10To50_47.list
Option 2 = DYJetsToLL_M_10To50/DYJetsToLL_M_10To50_47.txt
Input filelist = DYJetsToLL_M_10To50/DYJetsToLL_M_10To50_47.list
Output file name = DYJetsToLL_M_10To50/DYJetsToLL_M_10To50_47.txt


start merging file(s)
adding: dcap://cluster142.knu.ac.kr//pnfs/knu.ac.kr/data/cms/store/user/sha/Run2FULL/2016PreVFP/MC/DYJetsToLL_M-10to50_TuneCP5_13TeV-amcatnloFXFX-pythia8/crab_DYJetsToLL_M-10to50_TuneCP5_13TeV-amcatnloFXFX-pythia8/240205_161753//0000/SSBTree_515.root
adding: dcap://cluster142.knu.ac.kr//pnfs/knu.ac.kr/data/cms/store/user/sha/Run2FULL/2016PreVFP/MC/DYJetsToLL_M-10to50_TuneCP5_13TeV-amcatnloFXFX-pythia8/crab_DYJetsToLL_M-10to50_TuneCP5_13TeV-amcatnloFXFX-pythia8/240205_161753//0000/SSBTree_516.root
adding: dcap://cluster142.knu.ac.kr//pnfs/knu.ac.kr/data/cms/store/user/sha/Run2FULL/2016PreVFP/MC/DYJetsToLL_M-10to50_TuneCP5_13TeV-amcatnloFXFX-pythia8/crab_DYJetsToLL_M-10to50_TuneCP5_13TeV-amcatnloFXFX-pythia8/240205_161753//0000/SSBTree_517.root
adding: dcap://cluster142.knu.ac.kr//pnfs/knu.ac.kr/data/cms/store/user/sha/Run2FULL/2016PreVFP/MC/DYJetsToLL_M-10to50_TuneCP5_13TeV-amcatnloFXFX-pythia8/crab_DYJetsToLL_M-10to50_TuneCP5_13TeV-amcatnloFXFX-pythia8/240205_161753//0000/SSBTree_518.root
adding: dcap://cluster142.knu.ac.kr//pnfs/knu.ac.kr/data/cms/store/user/sha/Run2FULL/2016PreVFP/MC/DYJetsToLL_M-10to50_TuneCP5_13TeV-amcatnloFXFX-pythia8/crab_DYJetsToLL_M-10to50_TuneCP5_13TeV-amcatnloFXFX-pythia8/240205_161753//0000/SSBTree_519.root
adding: dcap://cluster142.knu.ac.kr//pnfs/knu.ac.kr/data/cms/store/user/sha/Run2FULL/2016PreVFP/MC/DYJetsToLL_M-10to50_TuneCP5_13TeV-amcatnloFXFX-pythia8/crab_DYJetsToLL_M-10to50_TuneCP5_13TeV-amcatnloFXFX-pythia8/240205_161753//0000/SSBTree_51.root
adding: dcap://cluster142.knu.ac.kr//pnfs/knu.ac.kr/data/cms/store/user/sha/Run2FULL/2016PreVFP/MC/DYJetsToLL_M-10to50_TuneCP5_13TeV-amcatnloFXFX-pythia8/crab_DYJetsToLL_M-10to50_TuneCP5_13TeV-amcatnloFXFX-pythia8/240205_161753//0000/SSBTree_520.root
adding: dcap://cluster142.knu.ac.kr//pnfs/knu.ac.kr/data/cms/store/user/sha/Run2FULL/2016PreVFP/MC/DYJetsToLL_M-10to50_TuneCP5_13TeV-amcatnloFXFX-pythia8/crab_DYJetsToLL_M-10to50_TuneCP5_13TeV-amcatnloFXFX-pythia8/240205_161753//0000/SSBTree_521.root
adding: dcap://cluster142.knu.ac.kr//pnfs/knu.ac.kr/data/cms/store/user/sha/Run2FULL/2016PreVFP/MC/DYJetsToLL_M-10to50_TuneCP5_13TeV-amcatnloFXFX-pythia8/crab_DYJetsToLL_M-10to50_TuneCP5_13TeV-amcatnloFXFX-pythia8/240205_161753//0000/SSBTree_522.root
adding: dcap://cluster142.knu.ac.kr//pnfs/knu.ac.kr/data/cms/store/user/sha/Run2FULL/2016PreVFP/MC/DYJetsToLL_M-10to50_TuneCP5_13TeV-amcatnloFXFX-pythia8/crab_DYJetsToLL_M-10to50_TuneCP5_13TeV-amcatnloFXFX-pythia8/240205_161753//0000/SSBTree_523.root
Total number of events after merging root files: 247670
Event 0
Event 10000
Event 20000
Event 30000
Event 40000
Event 50000
Event 60000
Event 70000
Event 80000
Event 90000
Event 100000
Event 110000
Event 120000
Event 130000
Event 140000
Event 150000
Event 160000
Event 170000
Event 180000
Event 190000
Event 200000
Event 210000
Event 220000
Event 230000
Event 240000
Total processed number of events: 247670
End processing...

The number of options is: 2
Option 0 = ./TopMass_analysis
Option 1 = DYJetsToLL_M_10To50/DYJetsToLL_M_10To50_68.list
Option 2 = DYJetsToLL_M_10To50/DYJetsToLL_M_10To50_68.txt
Input filelist = DYJetsToLL_M_10To50/DYJetsToLL_M_10To50_68.list
Output file name = DYJetsToLL_M_10To50/DYJetsToLL_M_10To50_68.txt


start merging file(s)
adding: dcap://cluster142.knu.ac.kr//pnfs/knu.ac.kr/data/cms/store/user/sha/Run2FULL/2016PreVFP/MC/DYJetsToLL_M-10to50_TuneCP5_13TeV-amcatnloFXFX-pythia8/crab_DYJetsToLL_M-10to50_TuneCP5_13TeV-amcatnloFXFX-pythia8/240205_161753//0000/SSBTree_704.root
adding: dcap://cluster142.knu.ac.kr//pnfs/knu.ac.kr/data/cms/store/user/sha/Run2FULL/2016PreVFP/MC/DYJetsToLL_M-10to50_TuneCP5_13TeV-amcatnloFXFX-pythia8/crab_DYJetsToLL_M-10to50_TuneCP5_13TeV-amcatnloFXFX-pythia8/240205_161753//0000/SSBTree_705.root
adding: dcap://cluster142.knu.ac.kr//pnfs/knu.ac.kr/data/cms/store/user/sha/Run2FULL/2016PreVFP/MC/DYJetsToLL_M-10to50_TuneCP5_13TeV-amcatnloFXFX-pythia8/crab_DYJetsToLL_M-10to50_TuneCP5_13TeV-amcatnloFXFX-pythia8/240205_161753//0000/SSBTree_706.root
adding: dcap://cluster142.knu.ac.kr//pnfs/knu.ac.kr/data/cms/store/user/sha/Run2FULL/2016PreVFP/MC/DYJetsToLL_M-10to50_TuneCP5_13TeV-amcatnloFXFX-pythia8/crab_DYJetsToLL_M-10to50_TuneCP5_13TeV-amcatnloFXFX-pythia8/240205_161753//0000/SSBTree_707.root
adding: dcap://cluster142.knu.ac.kr//pnfs/knu.ac.kr/data/cms/store/user/sha/Run2FULL/2016PreVFP/MC/DYJetsToLL_M-10to50_TuneCP5_13TeV-amcatnloFXFX-pythia8/crab_DYJetsToLL_M-10to50_TuneCP5_13TeV-amcatnloFXFX-pythia8/240205_161753//0000/SSBTree_708.root
adding: dcap://cluster142.knu.ac.kr//pnfs/knu.ac.kr/data/cms/store/user/sha/Run2FULL/2016PreVFP/MC/DYJetsToLL_M-10to50_TuneCP5_13TeV-amcatnloFXFX-pythia8/crab_DYJetsToLL_M-10to50_TuneCP5_13TeV-amcatnloFXFX-pythia8/240205_161753//0000/SSBTree_709.root
adding: dcap://cluster142.knu.ac.kr//pnfs/knu.ac.kr/data/cms/store/user/sha/Run2FULL/2016PreVFP/MC/DYJetsToLL_M-10to50_TuneCP5_13TeV-amcatnloFXFX-pythia8/crab_DYJetsToLL_M-10to50_TuneCP5_13TeV-amcatnloFXFX-pythia8/240205_161753//0000/SSBTree_70.root
adding: dcap://cluster142.knu.ac.kr//pnfs/knu.ac.kr/data/cms/store/user/sha/Run2FULL/2016PreVFP/MC/DYJetsToLL_M-10to50_TuneCP5_13TeV-amcatnloFXFX-pythia8/crab_DYJetsToLL_M-10to50_TuneCP5_13TeV-amcatnloFXFX-pythia8/240205_161753//0000/SSBTree_710.root
adding: dcap://cluster142.knu.ac.kr//pnfs/knu.ac.kr/data/cms/store/user/sha/Run2FULL/2016PreVFP/MC/DYJetsToLL_M-10to50_TuneCP5_13TeV-amcatnloFXFX-pythia8/crab_DYJetsToLL_M-10to50_TuneCP5_13TeV-amcatnloFXFX-pythia8/240205_161753//0000/SSBTree_711.root
adding: dcap://cluster142.knu.ac.kr//pnfs/knu.ac.kr/data/cms/store/user/sha/Run2FULL/2016PreVFP/MC/DYJetsToLL_M-10to50_TuneCP5_13TeV-amcatnloFXFX-pythia8/crab_DYJetsToLL_M-10to50_TuneCP5_13TeV-amcatnloFXFX-pythia8/240205_161753//0000/SSBTree_712.root
Total number of events after merging root files: 243785
Event 0
Event 10000
Event 20000
Event 30000
Event 40000
Event 50000
Event 60000
Event 70000
Event 80000
Event 90000
Event 100000
Event 110000
Event 120000
Event 130000
Event 140000
Event 150000
Event 160000
Event 170000
Event 180000
Event 190000
Event 200000
Event 210000
Event 220000
Event 230000
Event 240000
Total processed number of events: 243785
End processing...

The number of options is: 2
Option 0 = ./TopMass_analysis
Option 1 = DYJetsToLL_M_10To50/DYJetsToLL_M_10To50_89.list
Option 2 = DYJetsToLL_M_10To50/DYJetsToLL_M_10To50_89.txt
Input filelist = DYJetsToLL_M_10To50/DYJetsToLL_M_10To50_89.list
Output file name = DYJetsToLL_M_10To50/DYJetsToLL_M_10To50_89.txt


start merging file(s)
adding: dcap://cluster142.knu.ac.kr//pnfs/knu.ac.kr/data/cms/store/user/sha/Run2FULL/2016PreVFP/MC/DYJetsToLL_M-10to50_TuneCP5_13TeV-amcatnloFXFX-pythia8/crab_DYJetsToLL_M-10to50_TuneCP5_13TeV-amcatnloFXFX-pythia8/240205_161753//0000/SSBTree_894.root
adding: dcap://cluster142.knu.ac.kr//pnfs/knu.ac.kr/data/cms/store/user/sha/Run2FULL/2016PreVFP/MC/DYJetsToLL_M-10to50_TuneCP5_13TeV-amcatnloFXFX-pythia8/crab_DYJetsToLL_M-10to50_TuneCP5_13TeV-amcatnloFXFX-pythia8/240205_161753//0000/SSBTree_895.root
adding: dcap://cluster142.knu.ac.kr//pnfs/knu.ac.kr/data/cms/store/user/sha/Run2FULL/2016PreVFP/MC/DYJetsToLL_M-10to50_TuneCP5_13TeV-amcatnloFXFX-pythia8/crab_DYJetsToLL_M-10to50_TuneCP5_13TeV-amcatnloFXFX-pythia8/240205_161753//0000/SSBTree_896.root
adding: dcap://cluster142.knu.ac.kr//pnfs/knu.ac.kr/data/cms/store/user/sha/Run2FULL/2016PreVFP/MC/DYJetsToLL_M-10to50_TuneCP5_13TeV-amcatnloFXFX-pythia8/crab_DYJetsToLL_M-10to50_TuneCP5_13TeV-amcatnloFXFX-pythia8/240205_161753//0000/SSBTree_897.root
adding: dcap://cluster142.knu.ac.kr//pnfs/knu.ac.kr/data/cms/store/user/sha/Run2FULL/2016PreVFP/MC/DYJetsToLL_M-10to50_TuneCP5_13TeV-amcatnloFXFX-pythia8/crab_DYJetsToLL_M-10to50_TuneCP5_13TeV-amcatnloFXFX-pythia8/240205_161753//0000/SSBTree_898.root
adding: dcap://cluster142.knu.ac.kr//pnfs/knu.ac.kr/data/cms/store/user/sha/Run2FULL/2016PreVFP/MC/DYJetsToLL_M-10to50_TuneCP5_13TeV-amcatnloFXFX-pythia8/crab_DYJetsToLL_M-10to50_TuneCP5_13TeV-amcatnloFXFX-pythia8/240205_161753//0000/SSBTree_899.root
adding: dcap://cluster142.knu.ac.kr//pnfs/knu.ac.kr/data/cms/store/user/sha/Run2FULL/2016PreVFP/MC/DYJetsToLL_M-10to50_TuneCP5_13TeV-amcatnloFXFX-pythia8/crab_DYJetsToLL_M-10to50_TuneCP5_13TeV-amcatnloFXFX-pythia8/240205_161753//0000/SSBTree_89.root
adding: dcap://cluster142.knu.ac.kr//pnfs/knu.ac.kr/data/cms/store/user/sha/Run2FULL/2016PreVFP/MC/DYJetsToLL_M-10to50_TuneCP5_13TeV-amcatnloFXFX-pythia8/crab_DYJetsToLL_M-10to50_TuneCP5_13TeV-amcatnloFXFX-pythia8/240205_161753//0000/SSBTree_8.root
adding: dcap://cluster142.knu.ac.kr//pnfs/knu.ac.kr/data/cms/store/user/sha/Run2FULL/2016PreVFP/MC/DYJetsToLL_M-10to50_TuneCP5_13TeV-amcatnloFXFX-pythia8/crab_DYJetsToLL_M-10to50_TuneCP5_13TeV-amcatnloFXFX-pythia8/240205_161753//0000/SSBTree_900.root
adding: dcap://cluster142.knu.ac.kr//pnfs/knu.ac.kr/data/cms/store/user/sha/Run2FULL/2016PreVFP/MC/DYJetsToLL_M-10to50_TuneCP5_13TeV-amcatnloFXFX-pythia8/crab_DYJetsToLL_M-10to50_TuneCP5_13TeV-amcatnloFXFX-pythia8/240205_161753//0000/SSBTree_901.root
Total number of events after merging root files: 247210
Event 0
Event 10000
Event 20000
Event 30000
Event 40000
Event 50000
Event 60000
Event 70000
Event 80000
Event 90000
Event 100000
Event 110000
Event 120000
Event 130000
Event 140000
Event 150000
Event 160000
Event 170000
Event 180000
Event 190000
Event 200000
Event 210000
Event 220000
Event 230000
Event 240000
Total processed number of events: 247210
End processing...

The number of options is: 2
Option 0 = ./TopMass_analysis
Option 1 = DYJetsToLL_M_10To50/DYJetsToLL_M_10To50_110.list
Option 2 = DYJetsToLL_M_10To50/DYJetsToLL_M_10To50_110.txt
Input filelist = DYJetsToLL_M_10To50/DYJetsToLL_M_10To50_110.list
Output file name = DYJetsToLL_M_10To50/DYJetsToLL_M_10To50_110.txt


start merging file(s)
adding: dcap://cluster142.knu.ac.kr//pnfs/knu.ac.kr/data/cms/store/user/sha/Run2FULL/2016PreVFP/MC/DYJetsToLL_M-10to50_TuneCP5_13TeV-amcatnloFXFX-pythia8/crab_DYJetsToLL_M-10to50_TuneCP5_13TeV-amcatnloFXFX-pythia8/240205_161753//0001/SSBTree_1091.root
adding: dcap://cluster142.knu.ac.kr//pnfs/knu.ac.kr/data/cms/store/user/sha/Run2FULL/2016PreVFP/MC/DYJetsToLL_M-10to50_TuneCP5_13TeV-amcatnloFXFX-pythia8/crab_DYJetsToLL_M-10to50_TuneCP5_13TeV-amcatnloFXFX-pythia8/240205_161753//0001/SSBTree_1092.root
adding: dcap://cluster142.knu.ac.kr//pnfs/knu.ac.kr/data/cms/store/user/sha/Run2FULL/2016PreVFP/MC/DYJetsToLL_M-10to50_TuneCP5_13TeV-amcatnloFXFX-pythia8/crab_DYJetsToLL_M-10to50_TuneCP5_13TeV-amcatnloFXFX-pythia8/240205_161753//0001/SSBTree_1093.root
adding: dcap://cluster142.knu.ac.kr//pnfs/knu.ac.kr/data/cms/store/user/sha/Run2FULL/2016PreVFP/MC/DYJetsToLL_M-10to50_TuneCP5_13TeV-amcatnloFXFX-pythia8/crab_DYJetsToLL_M-10to50_TuneCP5_13TeV-amcatnloFXFX-pythia8/240205_161753//0001/SSBTree_1094.root
adding: dcap://cluster142.knu.ac.kr//pnfs/knu.ac.kr/data/cms/store/user/sha/Run2FULL/2016PreVFP/MC/DYJetsToLL_M-10to50_TuneCP5_13TeV-amcatnloFXFX-pythia8/crab_DYJetsToLL_M-10to50_TuneCP5_13TeV-amcatnloFXFX-pythia8/240205_161753//0001/SSBTree_1095.root
adding: dcap://cluster142.knu.ac.kr//pnfs/knu.ac.kr/data/cms/store/user/sha/Run2FULL/2016PreVFP/MC/DYJetsToLL_M-10to50_TuneCP5_13TeV-amcatnloFXFX-pythia8/crab_DYJetsToLL_M-10to50_TuneCP5_13TeV-amcatnloFXFX-pythia8/240205_161753//0001/SSBTree_1096.root
adding: dcap://cluster142.knu.ac.kr//pnfs/knu.ac.kr/data/cms/store/user/sha/Run2FULL/2016PreVFP/MC/DYJetsToLL_M-10to50_TuneCP5_13TeV-amcatnloFXFX-pythia8/crab_DYJetsToLL_M-10to50_TuneCP5_13TeV-amcatnloFXFX-pythia8/240205_161753//0001/SSBTree_1097.root
adding: dcap://cluster142.knu.ac.kr//pnfs/knu.ac.kr/data/cms/store/user/sha/Run2FULL/2016PreVFP/MC/DYJetsToLL_M-10to50_TuneCP5_13TeV-amcatnloFXFX-pythia8/crab_DYJetsToLL_M-10to50_TuneCP5_13TeV-amcatnloFXFX-pythia8/240205_161753//0001/SSBTree_1098.root
adding: dcap://cluster142.knu.ac.kr//pnfs/knu.ac.kr/data/cms/store/user/sha/Run2FULL/2016PreVFP/MC/DYJetsToLL_M-10to50_TuneCP5_13TeV-amcatnloFXFX-pythia8/crab_DYJetsToLL_M-10to50_TuneCP5_13TeV-amcatnloFXFX-pythia8/240205_161753//0001/SSBTree_1099.root
adding: dcap://cluster142.knu.ac.kr//pnfs/knu.ac.kr/data/cms/store/user/sha/Run2FULL/2016PreVFP/MC/DYJetsToLL_M-10to50_TuneCP5_13TeV-amcatnloFXFX-pythia8/crab_DYJetsToLL_M-10to50_TuneCP5_13TeV-amcatnloFXFX-pythia8/240205_161753//0001/SSBTree_1100.root
Total number of events after merging root files: 247654
Event 0
Event 10000
Event 20000
Event 30000
Event 40000
Event 50000
Event 60000
Event 70000
Event 80000
Event 90000
Event 100000
Event 110000
Event 120000
Event 130000
Event 140000
Event 150000
Event 160000
Event 170000
Event 180000
Event 190000
Event 200000
Event 210000
Event 220000
Event 230000
Event 240000
Total processed number of events: 247654
End processing...

The number of options is: 2
Option 0 = ./TopMass_analysis
Option 1 = DYJetsToLL_M_10To50/DYJetsToLL_M_10To50_131.list
Option 2 = DYJetsToLL_M_10To50/DYJetsToLL_M_10To50_131.txt
Input filelist = DYJetsToLL_M_10To50/DYJetsToLL_M_10To50_131.list
Output file name = DYJetsToLL_M_10To50/DYJetsToLL_M_10To50_131.txt


start merging file(s)
adding: dcap://cluster142.knu.ac.kr//pnfs/knu.ac.kr/data/cms/store/user/sha/Run2FULL/2016PreVFP/MC/DYJetsToLL_M-10to50_TuneCP5_13TeV-amcatnloFXFX-pythia8/crab_DYJetsToLL_M-10to50_TuneCP5_13TeV-amcatnloFXFX-pythia8/240205_161753//0001/SSBTree_1301.root
adding: dcap://cluster142.knu.ac.kr//pnfs/knu.ac.kr/data/cms/store/user/sha/Run2FULL/2016PreVFP/MC/DYJetsToLL_M-10to50_TuneCP5_13TeV-amcatnloFXFX-pythia8/crab_DYJetsToLL_M-10to50_TuneCP5_13TeV-amcatnloFXFX-pythia8/240205_161753//0001/SSBTree_1302.root
adding: dcap://cluster142.knu.ac.kr//pnfs/knu.ac.kr/data/cms/store/user/sha/Run2FULL/2016PreVFP/MC/DYJetsToLL_M-10to50_TuneCP5_13TeV-amcatnloFXFX-pythia8/crab_DYJetsToLL_M-10to50_TuneCP5_13TeV-amcatnloFXFX-pythia8/240205_161753//0001/SSBTree_1303.root
adding: dcap://cluster142.knu.ac.kr//pnfs/knu.ac.kr/data/cms/store/user/sha/Run2FULL/2016PreVFP/MC/DYJetsToLL_M-10to50_TuneCP5_13TeV-amcatnloFXFX-pythia8/crab_DYJetsToLL_M-10to50_TuneCP5_13TeV-amcatnloFXFX-pythia8/240205_161753//0001/SSBTree_1304.root
adding: dcap://cluster142.knu.ac.kr//pnfs/knu.ac.kr/data/cms/store/user/sha/Run2FULL/2016PreVFP/MC/DYJetsToLL_M-10to50_TuneCP5_13TeV-amcatnloFXFX-pythia8/crab_DYJetsToLL_M-10to50_TuneCP5_13TeV-amcatnloFXFX-pythia8/240205_161753//0001/SSBTree_1305.root
adding: dcap://cluster142.knu.ac.kr//pnfs/knu.ac.kr/data/cms/store/user/sha/Run2FULL/2016PreVFP/MC/DYJetsToLL_M-10to50_TuneCP5_13TeV-amcatnloFXFX-pythia8/crab_DYJetsToLL_M-10to50_TuneCP5_13TeV-amcatnloFXFX-pythia8/240205_161753//0001/SSBTree_1306.root
adding: dcap://cluster142.knu.ac.kr//pnfs/knu.ac.kr/data/cms/store/user/sha/Run2FULL/2016PreVFP/MC/DYJetsToLL_M-10to50_TuneCP5_13TeV-amcatnloFXFX-pythia8/crab_DYJetsToLL_M-10to50_TuneCP5_13TeV-amcatnloFXFX-pythia8/240205_161753//0001/SSBTree_1307.root
adding: dcap://cluster142.knu.ac.kr//pnfs/knu.ac.kr/data/cms/store/user/sha/Run2FULL/2016PreVFP/MC/DYJetsToLL_M-10to50_TuneCP5_13TeV-amcatnloFXFX-pythia8/crab_DYJetsToLL_M-10to50_TuneCP5_13TeV-amcatnloFXFX-pythia8/240205_161753//0001/SSBTree_1308.root
adding: dcap://cluster142.knu.ac.kr//pnfs/knu.ac.kr/data/cms/store/user/sha/Run2FULL/2016PreVFP/MC/DYJetsToLL_M-10to50_TuneCP5_13TeV-amcatnloFXFX-pythia8/crab_DYJetsToLL_M-10to50_TuneCP5_13TeV-amcatnloFXFX-pythia8/240205_161753//0001/SSBTree_1309.root
adding: dcap://cluster142.knu.ac.kr//pnfs/knu.ac.kr/data/cms/store/user/sha/Run2FULL/2016PreVFP/MC/DYJetsToLL_M-10to50_TuneCP5_13TeV-amcatnloFXFX-pythia8/crab_DYJetsToLL_M-10to50_TuneCP5_13TeV-amcatnloFXFX-pythia8/240205_161753//0001/SSBTree_1310.root
Total number of events after merging root files: 247930
Event 0
Event 10000
Event 20000
Event 30000
Event 40000
Event 50000
Event 60000
Event 70000
Event 80000
Event 90000
Event 100000
Event 110000
Event 120000
Event 130000
Event 140000
Event 150000
Event 160000
Event 170000
Event 180000
Event 190000
Event 200000
Event 210000
Event 220000
Event 230000
Event 240000
Total processed number of events: 247930
End processing...

The number of options is: 2
Option 0 = ./TopMass_analysis
Option 1 = DYJetsToLL_M_10To50/DYJetsToLL_M_10To50_152.list
Option 2 = DYJetsToLL_M_10To50/DYJetsToLL_M_10To50_152.txt
Input filelist = DYJetsToLL_M_10To50/DYJetsToLL_M_10To50_152.list
Output file name = DYJetsToLL_M_10To50/DYJetsToLL_M_10To50_152.txt


start merging file(s)
adding: dcap://cluster142.knu.ac.kr//pnfs/knu.ac.kr/data/cms/store/user/sha/Run2FULL/2016PreVFP/MC/DYJetsToLL_M-10to50_TuneCP5_13TeV-amcatnloFXFX-pythia8/crab_DYJetsToLL_M-10to50_TuneCP5_13TeV-amcatnloFXFX-pythia8/240205_161753//0001/SSBTree_1511.root
adding: dcap://cluster142.knu.ac.kr//pnfs/knu.ac.kr/data/cms/store/user/sha/Run2FULL/2016PreVFP/MC/DYJetsToLL_M-10to50_TuneCP5_13TeV-amcatnloFXFX-pythia8/crab_DYJetsToLL_M-10to50_TuneCP5_13TeV-amcatnloFXFX-pythia8/240205_161753//0001/SSBTree_1512.root
adding: dcap://cluster142.knu.ac.kr//pnfs/knu.ac.kr/data/cms/store/user/sha/Run2FULL/2016PreVFP/MC/DYJetsToLL_M-10to50_TuneCP5_13TeV-amcatnloFXFX-pythia8/crab_DYJetsToLL_M-10to50_TuneCP5_13TeV-amcatnloFXFX-pythia8/240205_161753//0001/SSBTree_1513.root
adding: dcap://cluster142.knu.ac.kr//pnfs/knu.ac.kr/data/cms/store/user/sha/Run2FULL/2016PreVFP/MC/DYJetsToLL_M-10to50_TuneCP5_13TeV-amcatnloFXFX-pythia8/crab_DYJetsToLL_M-10to50_TuneCP5_13TeV-amcatnloFXFX-pythia8/240205_161753//0001/SSBTree_1514.root
adding: dcap://cluster142.knu.ac.kr//pnfs/knu.ac.kr/data/cms/store/user/sha/Run2FULL/2016PreVFP/MC/DYJetsToLL_M-10to50_TuneCP5_13TeV-amcatnloFXFX-pythia8/crab_DYJetsToLL_M-10to50_TuneCP5_13TeV-amcatnloFXFX-pythia8/240205_161753//0001/SSBTree_1515.root
adding: dcap://cluster142.knu.ac.kr//pnfs/knu.ac.kr/data/cms/store/user/sha/Run2FULL/2016PreVFP/MC/DYJetsToLL_M-10to50_TuneCP5_13TeV-amcatnloFXFX-pythia8/crab_DYJetsToLL_M-10to50_TuneCP5_13TeV-amcatnloFXFX-pythia8/240205_161753//0001/SSBTree_1516.root
adding: dcap://cluster142.knu.ac.kr//pnfs/knu.ac.kr/data/cms/store/user/sha/Run2FULL/2016PreVFP/MC/DYJetsToLL_M-10to50_TuneCP5_13TeV-amcatnloFXFX-pythia8/crab_DYJetsToLL_M-10to50_TuneCP5_13TeV-amcatnloFXFX-pythia8/240205_161753//0001/SSBTree_1517.root
adding: dcap://cluster142.knu.ac.kr//pnfs/knu.ac.kr/data/cms/store/user/sha/Run2FULL/2016PreVFP/MC/DYJetsToLL_M-10to50_TuneCP5_13TeV-amcatnloFXFX-pythia8/crab_DYJetsToLL_M-10to50_TuneCP5_13TeV-amcatnloFXFX-pythia8/240205_161753//0001/SSBTree_1518.root
adding: dcap://cluster142.knu.ac.kr//pnfs/knu.ac.kr/data/cms/store/user/sha/Run2FULL/2016PreVFP/MC/DYJetsToLL_M-10to50_TuneCP5_13TeV-amcatnloFXFX-pythia8/crab_DYJetsToLL_M-10to50_TuneCP5_13TeV-amcatnloFXFX-pythia8/240205_161753//0001/SSBTree_1519.root
adding: dcap://cluster142.knu.ac.kr//pnfs/knu.ac.kr/data/cms/store/user/sha/Run2FULL/2016PreVFP/MC/DYJetsToLL_M-10to50_TuneCP5_13TeV-amcatnloFXFX-pythia8/crab_DYJetsToLL_M-10to50_TuneCP5_13TeV-amcatnloFXFX-pythia8/240205_161753//0001/SSBTree_1520.root
Total number of events after merging root files: 247327
Event 0
Event 10000
Event 20000
Event 30000
Event 40000
Event 50000
Event 60000
Event 70000
Event 80000
Event 90000
Event 100000
Event 110000
Event 120000
Event 130000
Event 140000
Event 150000
Event 160000
Event 170000
Event 180000
Event 190000
Event 200000
Event 210000
Event 220000
Event 230000
Event 240000
Total processed number of events: 247327
End processing...

The number of options is: 2
Option 0 = ./TopMass_analysis
Option 1 = DYJetsToLL_M_10To50/DYJetsToLL_M_10To50_173.list
Option 2 = DYJetsToLL_M_10To50/DYJetsToLL_M_10To50_173.txt
Input filelist = DYJetsToLL_M_10To50/DYJetsToLL_M_10To50_173.list
Output file name = DYJetsToLL_M_10To50/DYJetsToLL_M_10To50_173.txt


start merging file(s)
adding: dcap://cluster142.knu.ac.kr//pnfs/knu.ac.kr/data/cms/store/user/sha/Run2FULL/2016PreVFP/MC/DYJetsToLL_M-10to50_TuneCP5_13TeV-amcatnloFXFX-pythia8/crab_DYJetsToLL_M-10to50_TuneCP5_13TeV-amcatnloFXFX-pythia8/240205_161753//0001/SSBTree_1721.root
adding: dcap://cluster142.knu.ac.kr//pnfs/knu.ac.kr/data/cms/store/user/sha/Run2FULL/2016PreVFP/MC/DYJetsToLL_M-10to50_TuneCP5_13TeV-amcatnloFXFX-pythia8/crab_DYJetsToLL_M-10to50_TuneCP5_13TeV-amcatnloFXFX-pythia8/240205_161753//0001/SSBTree_1722.root
adding: dcap://cluster142.knu.ac.kr//pnfs/knu.ac.kr/data/cms/store/user/sha/Run2FULL/2016PreVFP/MC/DYJetsToLL_M-10to50_TuneCP5_13TeV-amcatnloFXFX-pythia8/crab_DYJetsToLL_M-10to50_TuneCP5_13TeV-amcatnloFXFX-pythia8/240205_161753//0001/SSBTree_1723.root
adding: dcap://cluster142.knu.ac.kr//pnfs/knu.ac.kr/data/cms/store/user/sha/Run2FULL/2016PreVFP/MC/DYJetsToLL_M-10to50_TuneCP5_13TeV-amcatnloFXFX-pythia8/crab_DYJetsToLL_M-10to50_TuneCP5_13TeV-amcatnloFXFX-pythia8/240205_161753//0001/SSBTree_1724.root
adding: dcap://cluster142.knu.ac.kr//pnfs/knu.ac.kr/data/cms/store/user/sha/Run2FULL/2016PreVFP/MC/DYJetsToLL_M-10to50_TuneCP5_13TeV-amcatnloFXFX-pythia8/crab_DYJetsToLL_M-10to50_TuneCP5_13TeV-amcatnloFXFX-pythia8/240205_161753//0001/SSBTree_1725.root
adding: dcap://cluster142.knu.ac.kr//pnfs/knu.ac.kr/data/cms/store/user/sha/Run2FULL/2016PreVFP/MC/DYJetsToLL_M-10to50_TuneCP5_13TeV-amcatnloFXFX-pythia8/crab_DYJetsToLL_M-10to50_TuneCP5_13TeV-amcatnloFXFX-pythia8/240205_161753//0001/SSBTree_1726.root
adding: dcap://cluster142.knu.ac.kr//pnfs/knu.ac.kr/data/cms/store/user/sha/Run2FULL/2016PreVFP/MC/DYJetsToLL_M-10to50_TuneCP5_13TeV-amcatnloFXFX-pythia8/crab_DYJetsToLL_M-10to50_TuneCP5_13TeV-amcatnloFXFX-pythia8/240205_161753//0001/SSBTree_1727.root
adding: dcap://cluster142.knu.ac.kr//pnfs/knu.ac.kr/data/cms/store/user/sha/Run2FULL/2016PreVFP/MC/DYJetsToLL_M-10to50_TuneCP5_13TeV-amcatnloFXFX-pythia8/crab_DYJetsToLL_M-10to50_TuneCP5_13TeV-amcatnloFXFX-pythia8/240205_161753//0001/SSBTree_1728.root
adding: dcap://cluster142.knu.ac.kr//pnfs/knu.ac.kr/data/cms/store/user/sha/Run2FULL/2016PreVFP/MC/DYJetsToLL_M-10to50_TuneCP5_13TeV-amcatnloFXFX-pythia8/crab_DYJetsToLL_M-10to50_TuneCP5_13TeV-amcatnloFXFX-pythia8/240205_161753//0001/SSBTree_1729.root
adding: dcap://cluster142.knu.ac.kr//pnfs/knu.ac.kr/data/cms/store/user/sha/Run2FULL/2016PreVFP/MC/DYJetsToLL_M-10to50_TuneCP5_13TeV-amcatnloFXFX-pythia8/crab_DYJetsToLL_M-10to50_TuneCP5_13TeV-amcatnloFXFX-pythia8/240205_161753//0001/SSBTree_1730.root
Total number of events after merging root files: 247437
Event 0
Event 10000
Event 20000
Event 30000
Event 40000
Event 50000
Event 60000
Event 70000
Event 80000
Event 90000
Event 100000
Event 110000
Event 120000
Event 130000
Event 140000
Event 150000
Event 160000
Event 170000
Event 180000
Event 190000
Event 200000
Event 210000
Event 220000
Event 230000
Event 240000
Total processed number of events: 247437
End processing...

The number of options is: 2
Option 0 = ./TopMass_analysis
Option 1 = DYJetsToLL_M_10To50/DYJetsToLL_M_10To50_194.list
Option 2 = DYJetsToLL_M_10To50/DYJetsToLL_M_10To50_194.txt
Input filelist = DYJetsToLL_M_10To50/DYJetsToLL_M_10To50_194.list
Output file name = DYJetsToLL_M_10To50/DYJetsToLL_M_10To50_194.txt


start merging file(s)
adding: dcap://cluster142.knu.ac.kr//pnfs/knu.ac.kr/data/cms/store/user/sha/Run2FULL/2016PreVFP/MC/DYJetsToLL_M-10to50_TuneCP5_13TeV-amcatnloFXFX-pythia8/crab_DYJetsToLL_M-10to50_TuneCP5_13TeV-amcatnloFXFX-pythia8/240205_161753//0001/SSBTree_1931.root
adding: dcap://cluster142.knu.ac.kr//pnfs/knu.ac.kr/data/cms/store/user/sha/Run2FULL/2016PreVFP/MC/DYJetsToLL_M-10to50_TuneCP5_13TeV-amcatnloFXFX-pythia8/crab_DYJetsToLL_M-10to50_TuneCP5_13TeV-amcatnloFXFX-pythia8/240205_161753//0001/SSBTree_1932.root
adding: dcap://cluster142.knu.ac.kr//pnfs/knu.ac.kr/data/cms/store/user/sha/Run2FULL/2016PreVFP/MC/DYJetsToLL_M-10to50_TuneCP5_13TeV-amcatnloFXFX-pythia8/crab_DYJetsToLL_M-10to50_TuneCP5_13TeV-amcatnloFXFX-pythia8/240205_161753//0001/SSBTree_1933.root
adding: dcap://cluster142.knu.ac.kr//pnfs/knu.ac.kr/data/cms/store/user/sha/Run2FULL/2016PreVFP/MC/DYJetsToLL_M-10to50_TuneCP5_13TeV-amcatnloFXFX-pythia8/crab_DYJetsToLL_M-10to50_TuneCP5_13TeV-amcatnloFXFX-pythia8/240205_161753//0001/SSBTree_1934.root
adding: dcap://cluster142.knu.ac.kr//pnfs/knu.ac.kr/data/cms/store/user/sha/Run2FULL/2016PreVFP/MC/DYJetsToLL_M-10to50_TuneCP5_13TeV-amcatnloFXFX-pythia8/crab_DYJetsToLL_M-10to50_TuneCP5_13TeV-amcatnloFXFX-pythia8/240205_161753//0001/SSBTree_1935.root
adding: dcap://cluster142.knu.ac.kr//pnfs/knu.ac.kr/data/cms/store/user/sha/Run2FULL/2016PreVFP/MC/DYJetsToLL_M-10to50_TuneCP5_13TeV-amcatnloFXFX-pythia8/crab_DYJetsToLL_M-10to50_TuneCP5_13TeV-amcatnloFXFX-pythia8/240205_161753//0001/SSBTree_1936.root
adding: dcap://cluster142.knu.ac.kr//pnfs/knu.ac.kr/data/cms/store/user/sha/Run2FULL/2016PreVFP/MC/DYJetsToLL_M-10to50_TuneCP5_13TeV-amcatnloFXFX-pythia8/crab_DYJetsToLL_M-10to50_TuneCP5_13TeV-amcatnloFXFX-pythia8/240205_161753//0001/SSBTree_1937.root
adding: dcap://cluster142.knu.ac.kr//pnfs/knu.ac.kr/data/cms/store/user/sha/Run2FULL/2016PreVFP/MC/DYJetsToLL_M-10to50_TuneCP5_13TeV-amcatnloFXFX-pythia8/crab_DYJetsToLL_M-10to50_TuneCP5_13TeV-amcatnloFXFX-pythia8/240205_161753//0001/SSBTree_1938.root
adding: dcap://cluster142.knu.ac.kr//pnfs/knu.ac.kr/data/cms/store/user/sha/Run2FULL/2016PreVFP/MC/DYJetsToLL_M-10to50_TuneCP5_13TeV-amcatnloFXFX-pythia8/crab_DYJetsToLL_M-10to50_TuneCP5_13TeV-amcatnloFXFX-pythia8/240205_161753//0001/SSBTree_1939.root
adding: dcap://cluster142.knu.ac.kr//pnfs/knu.ac.kr/data/cms/store/user/sha/Run2FULL/2016PreVFP/MC/DYJetsToLL_M-10to50_TuneCP5_13TeV-amcatnloFXFX-pythia8/crab_DYJetsToLL_M-10to50_TuneCP5_13TeV-amcatnloFXFX-pythia8/240205_161753//0001/SSBTree_1940.root
Total number of events after merging root files: 248190
Event 0
Event 10000
Event 20000
Event 30000
Event 40000
Event 50000
Event 60000
Event 70000
Event 80000
Event 90000
Event 100000
Event 110000
Event 120000
Event 130000
Event 140000
Event 150000
Event 160000
Event 170000
Event 180000
Event 190000
Event 200000
Event 210000
Event 220000
Event 230000
Event 240000
Total processed number of events: 248190
End processing...

