The number of options is: 2
Option 0 = ./TopMass_analysis
Option 1 = DYJetsToLL_M_10To50/DYJetsToLL_M_10To50_2.list
Option 2 = DYJetsToLL_M_10To50/DYJetsToLL_M_10To50_2.txt
Input filelist = DYJetsToLL_M_10To50/DYJetsToLL_M_10To50_2.list
Output file name = DYJetsToLL_M_10To50/DYJetsToLL_M_10To50_2.txt


start merging file(s)
adding: dcap://cluster142.knu.ac.kr//pnfs/knu.ac.kr/data/cms/store/user/sha/Run2FULL/2016PreVFP/MC/DYJetsToLL_M-10to50_TuneCP5_13TeV-amcatnloFXFX-pythia8/crab_DYJetsToLL_M-10to50_TuneCP5_13TeV-amcatnloFXFX-pythia8/240205_161753//0000/SSBTree_10.root
adding: dcap://cluster142.knu.ac.kr//pnfs/knu.ac.kr/data/cms/store/user/sha/Run2FULL/2016PreVFP/MC/DYJetsToLL_M-10to50_TuneCP5_13TeV-amcatnloFXFX-pythia8/crab_DYJetsToLL_M-10to50_TuneCP5_13TeV-amcatnloFXFX-pythia8/240205_161753//0000/SSBTree_110.root
adding: dcap://cluster142.knu.ac.kr//pnfs/knu.ac.kr/data/cms/store/user/sha/Run2FULL/2016PreVFP/MC/DYJetsToLL_M-10to50_TuneCP5_13TeV-amcatnloFXFX-pythia8/crab_DYJetsToLL_M-10to50_TuneCP5_13TeV-amcatnloFXFX-pythia8/240205_161753//0000/SSBTree_111.root
adding: dcap://cluster142.knu.ac.kr//pnfs/knu.ac.kr/data/cms/store/user/sha/Run2FULL/2016PreVFP/MC/DYJetsToLL_M-10to50_TuneCP5_13TeV-amcatnloFXFX-pythia8/crab_DYJetsToLL_M-10to50_TuneCP5_13TeV-amcatnloFXFX-pythia8/240205_161753//0000/SSBTree_112.root
adding: dcap://cluster142.knu.ac.kr//pnfs/knu.ac.kr/data/cms/store/user/sha/Run2FULL/2016PreVFP/MC/DYJetsToLL_M-10to50_TuneCP5_13TeV-amcatnloFXFX-pythia8/crab_DYJetsToLL_M-10to50_TuneCP5_13TeV-amcatnloFXFX-pythia8/240205_161753//0000/SSBTree_113.root
adding: dcap://cluster142.knu.ac.kr//pnfs/knu.ac.kr/data/cms/store/user/sha/Run2FULL/2016PreVFP/MC/DYJetsToLL_M-10to50_TuneCP5_13TeV-amcatnloFXFX-pythia8/crab_DYJetsToLL_M-10to50_TuneCP5_13TeV-amcatnloFXFX-pythia8/240205_161753//0000/SSBTree_114.root
adding: dcap://cluster142.knu.ac.kr//pnfs/knu.ac.kr/data/cms/store/user/sha/Run2FULL/2016PreVFP/MC/DYJetsToLL_M-10to50_TuneCP5_13TeV-amcatnloFXFX-pythia8/crab_DYJetsToLL_M-10to50_TuneCP5_13TeV-amcatnloFXFX-pythia8/240205_161753//0000/SSBTree_115.root
adding: dcap://cluster142.knu.ac.kr//pnfs/knu.ac.kr/data/cms/store/user/sha/Run2FULL/2016PreVFP/MC/DYJetsToLL_M-10to50_TuneCP5_13TeV-amcatnloFXFX-pythia8/crab_DYJetsToLL_M-10to50_TuneCP5_13TeV-amcatnloFXFX-pythia8/240205_161753//0000/SSBTree_116.root
adding: dcap://cluster142.knu.ac.kr//pnfs/knu.ac.kr/data/cms/store/user/sha/Run2FULL/2016PreVFP/MC/DYJetsToLL_M-10to50_TuneCP5_13TeV-amcatnloFXFX-pythia8/crab_DYJetsToLL_M-10to50_TuneCP5_13TeV-amcatnloFXFX-pythia8/240205_161753//0000/SSBTree_117.root
adding: dcap://cluster142.knu.ac.kr//pnfs/knu.ac.kr/data/cms/store/user/sha/Run2FULL/2016PreVFP/MC/DYJetsToLL_M-10to50_TuneCP5_13TeV-amcatnloFXFX-pythia8/crab_DYJetsToLL_M-10to50_TuneCP5_13TeV-amcatnloFXFX-pythia8/240205_161753//0000/SSBTree_118.root
Total number of events after merging root files: 181310
Event 0
Event 10000
Event 20000
Event 30000
Event 40000
Event 50000
Event 60000
Event 70000
Event 80000
Event 90000
Event 100000
Event 110000
Event 120000
Event 130000
Event 140000
Event 150000
Event 160000
Event 170000
Event 180000
Total processed number of events: 181310
End processing...

The number of options is: 2
Option 0 = ./TopMass_analysis
Option 1 = DYJetsToLL_M_10To50/DYJetsToLL_M_10To50_23.list
Option 2 = DYJetsToLL_M_10To50/DYJetsToLL_M_10To50_23.txt
Input filelist = DYJetsToLL_M_10To50/DYJetsToLL_M_10To50_23.list
Output file name = DYJetsToLL_M_10To50/DYJetsToLL_M_10To50_23.txt


start merging file(s)
adding: dcap://cluster142.knu.ac.kr//pnfs/knu.ac.kr/data/cms/store/user/sha/Run2FULL/2016PreVFP/MC/DYJetsToLL_M-10to50_TuneCP5_13TeV-amcatnloFXFX-pythia8/crab_DYJetsToLL_M-10to50_TuneCP5_13TeV-amcatnloFXFX-pythia8/240205_161753//0000/SSBTree_29.root
adding: dcap://cluster142.knu.ac.kr//pnfs/knu.ac.kr/data/cms/store/user/sha/Run2FULL/2016PreVFP/MC/DYJetsToLL_M-10to50_TuneCP5_13TeV-amcatnloFXFX-pythia8/crab_DYJetsToLL_M-10to50_TuneCP5_13TeV-amcatnloFXFX-pythia8/240205_161753//0000/SSBTree_2.root
adding: dcap://cluster142.knu.ac.kr//pnfs/knu.ac.kr/data/cms/store/user/sha/Run2FULL/2016PreVFP/MC/DYJetsToLL_M-10to50_TuneCP5_13TeV-amcatnloFXFX-pythia8/crab_DYJetsToLL_M-10to50_TuneCP5_13TeV-amcatnloFXFX-pythia8/240205_161753//0000/SSBTree_300.root
adding: dcap://cluster142.knu.ac.kr//pnfs/knu.ac.kr/data/cms/store/user/sha/Run2FULL/2016PreVFP/MC/DYJetsToLL_M-10to50_TuneCP5_13TeV-amcatnloFXFX-pythia8/crab_DYJetsToLL_M-10to50_TuneCP5_13TeV-amcatnloFXFX-pythia8/240205_161753//0000/SSBTree_301.root
adding: dcap://cluster142.knu.ac.kr//pnfs/knu.ac.kr/data/cms/store/user/sha/Run2FULL/2016PreVFP/MC/DYJetsToLL_M-10to50_TuneCP5_13TeV-amcatnloFXFX-pythia8/crab_DYJetsToLL_M-10to50_TuneCP5_13TeV-amcatnloFXFX-pythia8/240205_161753//0000/SSBTree_302.root
adding: dcap://cluster142.knu.ac.kr//pnfs/knu.ac.kr/data/cms/store/user/sha/Run2FULL/2016PreVFP/MC/DYJetsToLL_M-10to50_TuneCP5_13TeV-amcatnloFXFX-pythia8/crab_DYJetsToLL_M-10to50_TuneCP5_13TeV-amcatnloFXFX-pythia8/240205_161753//0000/SSBTree_303.root
adding: dcap://cluster142.knu.ac.kr//pnfs/knu.ac.kr/data/cms/store/user/sha/Run2FULL/2016PreVFP/MC/DYJetsToLL_M-10to50_TuneCP5_13TeV-amcatnloFXFX-pythia8/crab_DYJetsToLL_M-10to50_TuneCP5_13TeV-amcatnloFXFX-pythia8/240205_161753//0000/SSBTree_304.root
adding: dcap://cluster142.knu.ac.kr//pnfs/knu.ac.kr/data/cms/store/user/sha/Run2FULL/2016PreVFP/MC/DYJetsToLL_M-10to50_TuneCP5_13TeV-amcatnloFXFX-pythia8/crab_DYJetsToLL_M-10to50_TuneCP5_13TeV-amcatnloFXFX-pythia8/240205_161753//0000/SSBTree_305.root
adding: dcap://cluster142.knu.ac.kr//pnfs/knu.ac.kr/data/cms/store/user/sha/Run2FULL/2016PreVFP/MC/DYJetsToLL_M-10to50_TuneCP5_13TeV-amcatnloFXFX-pythia8/crab_DYJetsToLL_M-10to50_TuneCP5_13TeV-amcatnloFXFX-pythia8/240205_161753//0000/SSBTree_306.root
adding: dcap://cluster142.knu.ac.kr//pnfs/knu.ac.kr/data/cms/store/user/sha/Run2FULL/2016PreVFP/MC/DYJetsToLL_M-10to50_TuneCP5_13TeV-amcatnloFXFX-pythia8/crab_DYJetsToLL_M-10to50_TuneCP5_13TeV-amcatnloFXFX-pythia8/240205_161753//0000/SSBTree_307.root
Total number of events after merging root files: 227366
Event 0
Event 10000
Event 20000
Event 30000
Event 40000
Event 50000
Event 60000
Event 70000
Event 80000
Event 90000
Event 100000
Event 110000
Event 120000
Event 130000
Event 140000
Event 150000
Event 160000
Event 170000
Event 180000
Event 190000
Event 200000
Event 210000
Event 220000
Total processed number of events: 227366
End processing...

The number of options is: 2
Option 0 = ./TopMass_analysis
Option 1 = DYJetsToLL_M_10To50/DYJetsToLL_M_10To50_44.list
Option 2 = DYJetsToLL_M_10To50/DYJetsToLL_M_10To50_44.txt
Input filelist = DYJetsToLL_M_10To50/DYJetsToLL_M_10To50_44.list
Output file name = DYJetsToLL_M_10To50/DYJetsToLL_M_10To50_44.txt


start merging file(s)
adding: dcap://cluster142.knu.ac.kr//pnfs/knu.ac.kr/data/cms/store/user/sha/Run2FULL/2016PreVFP/MC/DYJetsToLL_M-10to50_TuneCP5_13TeV-amcatnloFXFX-pythia8/crab_DYJetsToLL_M-10to50_TuneCP5_13TeV-amcatnloFXFX-pythia8/240205_161753//0000/SSBTree_489.root
adding: dcap://cluster142.knu.ac.kr//pnfs/knu.ac.kr/data/cms/store/user/sha/Run2FULL/2016PreVFP/MC/DYJetsToLL_M-10to50_TuneCP5_13TeV-amcatnloFXFX-pythia8/crab_DYJetsToLL_M-10to50_TuneCP5_13TeV-amcatnloFXFX-pythia8/240205_161753//0000/SSBTree_48.root
adding: dcap://cluster142.knu.ac.kr//pnfs/knu.ac.kr/data/cms/store/user/sha/Run2FULL/2016PreVFP/MC/DYJetsToLL_M-10to50_TuneCP5_13TeV-amcatnloFXFX-pythia8/crab_DYJetsToLL_M-10to50_TuneCP5_13TeV-amcatnloFXFX-pythia8/240205_161753//0000/SSBTree_490.root
adding: dcap://cluster142.knu.ac.kr//pnfs/knu.ac.kr/data/cms/store/user/sha/Run2FULL/2016PreVFP/MC/DYJetsToLL_M-10to50_TuneCP5_13TeV-amcatnloFXFX-pythia8/crab_DYJetsToLL_M-10to50_TuneCP5_13TeV-amcatnloFXFX-pythia8/240205_161753//0000/SSBTree_491.root
adding: dcap://cluster142.knu.ac.kr//pnfs/knu.ac.kr/data/cms/store/user/sha/Run2FULL/2016PreVFP/MC/DYJetsToLL_M-10to50_TuneCP5_13TeV-amcatnloFXFX-pythia8/crab_DYJetsToLL_M-10to50_TuneCP5_13TeV-amcatnloFXFX-pythia8/240205_161753//0000/SSBTree_492.root
adding: dcap://cluster142.knu.ac.kr//pnfs/knu.ac.kr/data/cms/store/user/sha/Run2FULL/2016PreVFP/MC/DYJetsToLL_M-10to50_TuneCP5_13TeV-amcatnloFXFX-pythia8/crab_DYJetsToLL_M-10to50_TuneCP5_13TeV-amcatnloFXFX-pythia8/240205_161753//0000/SSBTree_493.root
adding: dcap://cluster142.knu.ac.kr//pnfs/knu.ac.kr/data/cms/store/user/sha/Run2FULL/2016PreVFP/MC/DYJetsToLL_M-10to50_TuneCP5_13TeV-amcatnloFXFX-pythia8/crab_DYJetsToLL_M-10to50_TuneCP5_13TeV-amcatnloFXFX-pythia8/240205_161753//0000/SSBTree_494.root
adding: dcap://cluster142.knu.ac.kr//pnfs/knu.ac.kr/data/cms/store/user/sha/Run2FULL/2016PreVFP/MC/DYJetsToLL_M-10to50_TuneCP5_13TeV-amcatnloFXFX-pythia8/crab_DYJetsToLL_M-10to50_TuneCP5_13TeV-amcatnloFXFX-pythia8/240205_161753//0000/SSBTree_495.root
adding: dcap://cluster142.knu.ac.kr//pnfs/knu.ac.kr/data/cms/store/user/sha/Run2FULL/2016PreVFP/MC/DYJetsToLL_M-10to50_TuneCP5_13TeV-amcatnloFXFX-pythia8/crab_DYJetsToLL_M-10to50_TuneCP5_13TeV-amcatnloFXFX-pythia8/240205_161753//0000/SSBTree_496.root
adding: dcap://cluster142.knu.ac.kr//pnfs/knu.ac.kr/data/cms/store/user/sha/Run2FULL/2016PreVFP/MC/DYJetsToLL_M-10to50_TuneCP5_13TeV-amcatnloFXFX-pythia8/crab_DYJetsToLL_M-10to50_TuneCP5_13TeV-amcatnloFXFX-pythia8/240205_161753//0000/SSBTree_497.root
Total number of events after merging root files: 247729
Event 0
Event 10000
Event 20000
Event 30000
Event 40000
Event 50000
Event 60000
Event 70000
Event 80000
Event 90000
Event 100000
Event 110000
Event 120000
Event 130000
Event 140000
Event 150000
Event 160000
Event 170000
Event 180000
Event 190000
Event 200000
Event 210000
Event 220000
Event 230000
Event 240000
Total processed number of events: 247729
End processing...

The number of options is: 2
Option 0 = ./TopMass_analysis
Option 1 = DYJetsToLL_M_10To50/DYJetsToLL_M_10To50_65.list
Option 2 = DYJetsToLL_M_10To50/DYJetsToLL_M_10To50_65.txt
Input filelist = DYJetsToLL_M_10To50/DYJetsToLL_M_10To50_65.list
Output file name = DYJetsToLL_M_10To50/DYJetsToLL_M_10To50_65.txt


start merging file(s)
adding: dcap://cluster142.knu.ac.kr//pnfs/knu.ac.kr/data/cms/store/user/sha/Run2FULL/2016PreVFP/MC/DYJetsToLL_M-10to50_TuneCP5_13TeV-amcatnloFXFX-pythia8/crab_DYJetsToLL_M-10to50_TuneCP5_13TeV-amcatnloFXFX-pythia8/240205_161753//0000/SSBTree_678.root
adding: dcap://cluster142.knu.ac.kr//pnfs/knu.ac.kr/data/cms/store/user/sha/Run2FULL/2016PreVFP/MC/DYJetsToLL_M-10to50_TuneCP5_13TeV-amcatnloFXFX-pythia8/crab_DYJetsToLL_M-10to50_TuneCP5_13TeV-amcatnloFXFX-pythia8/240205_161753//0000/SSBTree_679.root
adding: dcap://cluster142.knu.ac.kr//pnfs/knu.ac.kr/data/cms/store/user/sha/Run2FULL/2016PreVFP/MC/DYJetsToLL_M-10to50_TuneCP5_13TeV-amcatnloFXFX-pythia8/crab_DYJetsToLL_M-10to50_TuneCP5_13TeV-amcatnloFXFX-pythia8/240205_161753//0000/SSBTree_67.root
adding: dcap://cluster142.knu.ac.kr//pnfs/knu.ac.kr/data/cms/store/user/sha/Run2FULL/2016PreVFP/MC/DYJetsToLL_M-10to50_TuneCP5_13TeV-amcatnloFXFX-pythia8/crab_DYJetsToLL_M-10to50_TuneCP5_13TeV-amcatnloFXFX-pythia8/240205_161753//0000/SSBTree_680.root
adding: dcap://cluster142.knu.ac.kr//pnfs/knu.ac.kr/data/cms/store/user/sha/Run2FULL/2016PreVFP/MC/DYJetsToLL_M-10to50_TuneCP5_13TeV-amcatnloFXFX-pythia8/crab_DYJetsToLL_M-10to50_TuneCP5_13TeV-amcatnloFXFX-pythia8/240205_161753//0000/SSBTree_681.root
adding: dcap://cluster142.knu.ac.kr//pnfs/knu.ac.kr/data/cms/store/user/sha/Run2FULL/2016PreVFP/MC/DYJetsToLL_M-10to50_TuneCP5_13TeV-amcatnloFXFX-pythia8/crab_DYJetsToLL_M-10to50_TuneCP5_13TeV-amcatnloFXFX-pythia8/240205_161753//0000/SSBTree_682.root
adding: dcap://cluster142.knu.ac.kr//pnfs/knu.ac.kr/data/cms/store/user/sha/Run2FULL/2016PreVFP/MC/DYJetsToLL_M-10to50_TuneCP5_13TeV-amcatnloFXFX-pythia8/crab_DYJetsToLL_M-10to50_TuneCP5_13TeV-amcatnloFXFX-pythia8/240205_161753//0000/SSBTree_683.root
adding: dcap://cluster142.knu.ac.kr//pnfs/knu.ac.kr/data/cms/store/user/sha/Run2FULL/2016PreVFP/MC/DYJetsToLL_M-10to50_TuneCP5_13TeV-amcatnloFXFX-pythia8/crab_DYJetsToLL_M-10to50_TuneCP5_13TeV-amcatnloFXFX-pythia8/240205_161753//0000/SSBTree_684.root
adding: dcap://cluster142.knu.ac.kr//pnfs/knu.ac.kr/data/cms/store/user/sha/Run2FULL/2016PreVFP/MC/DYJetsToLL_M-10to50_TuneCP5_13TeV-amcatnloFXFX-pythia8/crab_DYJetsToLL_M-10to50_TuneCP5_13TeV-amcatnloFXFX-pythia8/240205_161753//0000/SSBTree_685.root
adding: dcap://cluster142.knu.ac.kr//pnfs/knu.ac.kr/data/cms/store/user/sha/Run2FULL/2016PreVFP/MC/DYJetsToLL_M-10to50_TuneCP5_13TeV-amcatnloFXFX-pythia8/crab_DYJetsToLL_M-10to50_TuneCP5_13TeV-amcatnloFXFX-pythia8/240205_161753//0000/SSBTree_686.root
Total number of events after merging root files: 247145
Event 0
Event 10000
Event 20000
Event 30000
Event 40000
Event 50000
Event 60000
Event 70000
Event 80000
Event 90000
Event 100000
Event 110000
Event 120000
Event 130000
Event 140000
Event 150000
Event 160000
Event 170000
Event 180000
Event 190000
Event 200000
Event 210000
Event 220000
Event 230000
Event 240000
Total processed number of events: 247145
End processing...

The number of options is: 2
Option 0 = ./TopMass_analysis
Option 1 = DYJetsToLL_M_10To50/DYJetsToLL_M_10To50_86.list
Option 2 = DYJetsToLL_M_10To50/DYJetsToLL_M_10To50_86.txt
Input filelist = DYJetsToLL_M_10To50/DYJetsToLL_M_10To50_86.list
Output file name = DYJetsToLL_M_10To50/DYJetsToLL_M_10To50_86.txt


start merging file(s)
adding: dcap://cluster142.knu.ac.kr//pnfs/knu.ac.kr/data/cms/store/user/sha/Run2FULL/2016PreVFP/MC/DYJetsToLL_M-10to50_TuneCP5_13TeV-amcatnloFXFX-pythia8/crab_DYJetsToLL_M-10to50_TuneCP5_13TeV-amcatnloFXFX-pythia8/240205_161753//0000/SSBTree_867.root
adding: dcap://cluster142.knu.ac.kr//pnfs/knu.ac.kr/data/cms/store/user/sha/Run2FULL/2016PreVFP/MC/DYJetsToLL_M-10to50_TuneCP5_13TeV-amcatnloFXFX-pythia8/crab_DYJetsToLL_M-10to50_TuneCP5_13TeV-amcatnloFXFX-pythia8/240205_161753//0000/SSBTree_868.root
adding: dcap://cluster142.knu.ac.kr//pnfs/knu.ac.kr/data/cms/store/user/sha/Run2FULL/2016PreVFP/MC/DYJetsToLL_M-10to50_TuneCP5_13TeV-amcatnloFXFX-pythia8/crab_DYJetsToLL_M-10to50_TuneCP5_13TeV-amcatnloFXFX-pythia8/240205_161753//0000/SSBTree_869.root
adding: dcap://cluster142.knu.ac.kr//pnfs/knu.ac.kr/data/cms/store/user/sha/Run2FULL/2016PreVFP/MC/DYJetsToLL_M-10to50_TuneCP5_13TeV-amcatnloFXFX-pythia8/crab_DYJetsToLL_M-10to50_TuneCP5_13TeV-amcatnloFXFX-pythia8/240205_161753//0000/SSBTree_86.root
adding: dcap://cluster142.knu.ac.kr//pnfs/knu.ac.kr/data/cms/store/user/sha/Run2FULL/2016PreVFP/MC/DYJetsToLL_M-10to50_TuneCP5_13TeV-amcatnloFXFX-pythia8/crab_DYJetsToLL_M-10to50_TuneCP5_13TeV-amcatnloFXFX-pythia8/240205_161753//0000/SSBTree_870.root
adding: dcap://cluster142.knu.ac.kr//pnfs/knu.ac.kr/data/cms/store/user/sha/Run2FULL/2016PreVFP/MC/DYJetsToLL_M-10to50_TuneCP5_13TeV-amcatnloFXFX-pythia8/crab_DYJetsToLL_M-10to50_TuneCP5_13TeV-amcatnloFXFX-pythia8/240205_161753//0000/SSBTree_871.root
adding: dcap://cluster142.knu.ac.kr//pnfs/knu.ac.kr/data/cms/store/user/sha/Run2FULL/2016PreVFP/MC/DYJetsToLL_M-10to50_TuneCP5_13TeV-amcatnloFXFX-pythia8/crab_DYJetsToLL_M-10to50_TuneCP5_13TeV-amcatnloFXFX-pythia8/240205_161753//0000/SSBTree_872.root
adding: dcap://cluster142.knu.ac.kr//pnfs/knu.ac.kr/data/cms/store/user/sha/Run2FULL/2016PreVFP/MC/DYJetsToLL_M-10to50_TuneCP5_13TeV-amcatnloFXFX-pythia8/crab_DYJetsToLL_M-10to50_TuneCP5_13TeV-amcatnloFXFX-pythia8/240205_161753//0000/SSBTree_873.root
adding: dcap://cluster142.knu.ac.kr//pnfs/knu.ac.kr/data/cms/store/user/sha/Run2FULL/2016PreVFP/MC/DYJetsToLL_M-10to50_TuneCP5_13TeV-amcatnloFXFX-pythia8/crab_DYJetsToLL_M-10to50_TuneCP5_13TeV-amcatnloFXFX-pythia8/240205_161753//0000/SSBTree_874.root
adding: dcap://cluster142.knu.ac.kr//pnfs/knu.ac.kr/data/cms/store/user/sha/Run2FULL/2016PreVFP/MC/DYJetsToLL_M-10to50_TuneCP5_13TeV-amcatnloFXFX-pythia8/crab_DYJetsToLL_M-10to50_TuneCP5_13TeV-amcatnloFXFX-pythia8/240205_161753//0000/SSBTree_875.root
Total number of events after merging root files: 234728
Event 0
Event 10000
Event 20000
Event 30000
Event 40000
Event 50000
Event 60000
Event 70000
Event 80000
Event 90000
Event 100000
Event 110000
Event 120000
Event 130000
Event 140000
Event 150000
Event 160000
Event 170000
Event 180000
Event 190000
Event 200000
Event 210000
Event 220000
Event 230000
Total processed number of events: 234728
End processing...

The number of options is: 2
Option 0 = ./TopMass_analysis
Option 1 = DYJetsToLL_M_10To50/DYJetsToLL_M_10To50_107.list
Option 2 = DYJetsToLL_M_10To50/DYJetsToLL_M_10To50_107.txt
Input filelist = DYJetsToLL_M_10To50/DYJetsToLL_M_10To50_107.list
Output file name = DYJetsToLL_M_10To50/DYJetsToLL_M_10To50_107.txt


start merging file(s)
adding: dcap://cluster142.knu.ac.kr//pnfs/knu.ac.kr/data/cms/store/user/sha/Run2FULL/2016PreVFP/MC/DYJetsToLL_M-10to50_TuneCP5_13TeV-amcatnloFXFX-pythia8/crab_DYJetsToLL_M-10to50_TuneCP5_13TeV-amcatnloFXFX-pythia8/240205_161753//0001/SSBTree_1061.root
adding: dcap://cluster142.knu.ac.kr//pnfs/knu.ac.kr/data/cms/store/user/sha/Run2FULL/2016PreVFP/MC/DYJetsToLL_M-10to50_TuneCP5_13TeV-amcatnloFXFX-pythia8/crab_DYJetsToLL_M-10to50_TuneCP5_13TeV-amcatnloFXFX-pythia8/240205_161753//0001/SSBTree_1062.root
adding: dcap://cluster142.knu.ac.kr//pnfs/knu.ac.kr/data/cms/store/user/sha/Run2FULL/2016PreVFP/MC/DYJetsToLL_M-10to50_TuneCP5_13TeV-amcatnloFXFX-pythia8/crab_DYJetsToLL_M-10to50_TuneCP5_13TeV-amcatnloFXFX-pythia8/240205_161753//0001/SSBTree_1063.root
adding: dcap://cluster142.knu.ac.kr//pnfs/knu.ac.kr/data/cms/store/user/sha/Run2FULL/2016PreVFP/MC/DYJetsToLL_M-10to50_TuneCP5_13TeV-amcatnloFXFX-pythia8/crab_DYJetsToLL_M-10to50_TuneCP5_13TeV-amcatnloFXFX-pythia8/240205_161753//0001/SSBTree_1064.root
adding: dcap://cluster142.knu.ac.kr//pnfs/knu.ac.kr/data/cms/store/user/sha/Run2FULL/2016PreVFP/MC/DYJetsToLL_M-10to50_TuneCP5_13TeV-amcatnloFXFX-pythia8/crab_DYJetsToLL_M-10to50_TuneCP5_13TeV-amcatnloFXFX-pythia8/240205_161753//0001/SSBTree_1065.root
adding: dcap://cluster142.knu.ac.kr//pnfs/knu.ac.kr/data/cms/store/user/sha/Run2FULL/2016PreVFP/MC/DYJetsToLL_M-10to50_TuneCP5_13TeV-amcatnloFXFX-pythia8/crab_DYJetsToLL_M-10to50_TuneCP5_13TeV-amcatnloFXFX-pythia8/240205_161753//0001/SSBTree_1066.root
adding: dcap://cluster142.knu.ac.kr//pnfs/knu.ac.kr/data/cms/store/user/sha/Run2FULL/2016PreVFP/MC/DYJetsToLL_M-10to50_TuneCP5_13TeV-amcatnloFXFX-pythia8/crab_DYJetsToLL_M-10to50_TuneCP5_13TeV-amcatnloFXFX-pythia8/240205_161753//0001/SSBTree_1067.root
adding: dcap://cluster142.knu.ac.kr//pnfs/knu.ac.kr/data/cms/store/user/sha/Run2FULL/2016PreVFP/MC/DYJetsToLL_M-10to50_TuneCP5_13TeV-amcatnloFXFX-pythia8/crab_DYJetsToLL_M-10to50_TuneCP5_13TeV-amcatnloFXFX-pythia8/240205_161753//0001/SSBTree_1068.root
adding: dcap://cluster142.knu.ac.kr//pnfs/knu.ac.kr/data/cms/store/user/sha/Run2FULL/2016PreVFP/MC/DYJetsToLL_M-10to50_TuneCP5_13TeV-amcatnloFXFX-pythia8/crab_DYJetsToLL_M-10to50_TuneCP5_13TeV-amcatnloFXFX-pythia8/240205_161753//0001/SSBTree_1069.root
adding: dcap://cluster142.knu.ac.kr//pnfs/knu.ac.kr/data/cms/store/user/sha/Run2FULL/2016PreVFP/MC/DYJetsToLL_M-10to50_TuneCP5_13TeV-amcatnloFXFX-pythia8/crab_DYJetsToLL_M-10to50_TuneCP5_13TeV-amcatnloFXFX-pythia8/240205_161753//0001/SSBTree_1070.root
Total number of events after merging root files: 247129
Event 0
Event 10000
Event 20000
Event 30000
Event 40000
Event 50000
Event 60000
Event 70000
Event 80000
Event 90000
Event 100000
Event 110000
Event 120000
Event 130000
Event 140000
Event 150000
Event 160000
Event 170000
Event 180000
Event 190000
Event 200000
Event 210000
Event 220000
Event 230000
Event 240000
Total processed number of events: 247129
End processing...

The number of options is: 2
Option 0 = ./TopMass_analysis
Option 1 = DYJetsToLL_M_10To50/DYJetsToLL_M_10To50_128.list
Option 2 = DYJetsToLL_M_10To50/DYJetsToLL_M_10To50_128.txt
Input filelist = DYJetsToLL_M_10To50/DYJetsToLL_M_10To50_128.list
Output file name = DYJetsToLL_M_10To50/DYJetsToLL_M_10To50_128.txt


start merging file(s)
adding: dcap://cluster142.knu.ac.kr//pnfs/knu.ac.kr/data/cms/store/user/sha/Run2FULL/2016PreVFP/MC/DYJetsToLL_M-10to50_TuneCP5_13TeV-amcatnloFXFX-pythia8/crab_DYJetsToLL_M-10to50_TuneCP5_13TeV-amcatnloFXFX-pythia8/240205_161753//0001/SSBTree_1271.root
adding: dcap://cluster142.knu.ac.kr//pnfs/knu.ac.kr/data/cms/store/user/sha/Run2FULL/2016PreVFP/MC/DYJetsToLL_M-10to50_TuneCP5_13TeV-amcatnloFXFX-pythia8/crab_DYJetsToLL_M-10to50_TuneCP5_13TeV-amcatnloFXFX-pythia8/240205_161753//0001/SSBTree_1272.root
adding: dcap://cluster142.knu.ac.kr//pnfs/knu.ac.kr/data/cms/store/user/sha/Run2FULL/2016PreVFP/MC/DYJetsToLL_M-10to50_TuneCP5_13TeV-amcatnloFXFX-pythia8/crab_DYJetsToLL_M-10to50_TuneCP5_13TeV-amcatnloFXFX-pythia8/240205_161753//0001/SSBTree_1273.root
adding: dcap://cluster142.knu.ac.kr//pnfs/knu.ac.kr/data/cms/store/user/sha/Run2FULL/2016PreVFP/MC/DYJetsToLL_M-10to50_TuneCP5_13TeV-amcatnloFXFX-pythia8/crab_DYJetsToLL_M-10to50_TuneCP5_13TeV-amcatnloFXFX-pythia8/240205_161753//0001/SSBTree_1274.root
adding: dcap://cluster142.knu.ac.kr//pnfs/knu.ac.kr/data/cms/store/user/sha/Run2FULL/2016PreVFP/MC/DYJetsToLL_M-10to50_TuneCP5_13TeV-amcatnloFXFX-pythia8/crab_DYJetsToLL_M-10to50_TuneCP5_13TeV-amcatnloFXFX-pythia8/240205_161753//0001/SSBTree_1275.root
adding: dcap://cluster142.knu.ac.kr//pnfs/knu.ac.kr/data/cms/store/user/sha/Run2FULL/2016PreVFP/MC/DYJetsToLL_M-10to50_TuneCP5_13TeV-amcatnloFXFX-pythia8/crab_DYJetsToLL_M-10to50_TuneCP5_13TeV-amcatnloFXFX-pythia8/240205_161753//0001/SSBTree_1276.root
adding: dcap://cluster142.knu.ac.kr//pnfs/knu.ac.kr/data/cms/store/user/sha/Run2FULL/2016PreVFP/MC/DYJetsToLL_M-10to50_TuneCP5_13TeV-amcatnloFXFX-pythia8/crab_DYJetsToLL_M-10to50_TuneCP5_13TeV-amcatnloFXFX-pythia8/240205_161753//0001/SSBTree_1277.root
adding: dcap://cluster142.knu.ac.kr//pnfs/knu.ac.kr/data/cms/store/user/sha/Run2FULL/2016PreVFP/MC/DYJetsToLL_M-10to50_TuneCP5_13TeV-amcatnloFXFX-pythia8/crab_DYJetsToLL_M-10to50_TuneCP5_13TeV-amcatnloFXFX-pythia8/240205_161753//0001/SSBTree_1278.root
adding: dcap://cluster142.knu.ac.kr//pnfs/knu.ac.kr/data/cms/store/user/sha/Run2FULL/2016PreVFP/MC/DYJetsToLL_M-10to50_TuneCP5_13TeV-amcatnloFXFX-pythia8/crab_DYJetsToLL_M-10to50_TuneCP5_13TeV-amcatnloFXFX-pythia8/240205_161753//0001/SSBTree_1279.root
adding: dcap://cluster142.knu.ac.kr//pnfs/knu.ac.kr/data/cms/store/user/sha/Run2FULL/2016PreVFP/MC/DYJetsToLL_M-10to50_TuneCP5_13TeV-amcatnloFXFX-pythia8/crab_DYJetsToLL_M-10to50_TuneCP5_13TeV-amcatnloFXFX-pythia8/240205_161753//0001/SSBTree_1280.root
Total number of events after merging root files: 247005
Event 0
Event 10000
Event 20000
Event 30000
Event 40000
Event 50000
Event 60000
Event 70000
Event 80000
Event 90000
Event 100000
Event 110000
Event 120000
Event 130000
Event 140000
Event 150000
Event 160000
Event 170000
Event 180000
Event 190000
Event 200000
Event 210000
Event 220000
Event 230000
Event 240000
Total processed number of events: 247005
End processing...

The number of options is: 2
Option 0 = ./TopMass_analysis
Option 1 = DYJetsToLL_M_10To50/DYJetsToLL_M_10To50_149.list
Option 2 = DYJetsToLL_M_10To50/DYJetsToLL_M_10To50_149.txt
Input filelist = DYJetsToLL_M_10To50/DYJetsToLL_M_10To50_149.list
Output file name = DYJetsToLL_M_10To50/DYJetsToLL_M_10To50_149.txt


start merging file(s)
adding: dcap://cluster142.knu.ac.kr//pnfs/knu.ac.kr/data/cms/store/user/sha/Run2FULL/2016PreVFP/MC/DYJetsToLL_M-10to50_TuneCP5_13TeV-amcatnloFXFX-pythia8/crab_DYJetsToLL_M-10to50_TuneCP5_13TeV-amcatnloFXFX-pythia8/240205_161753//0001/SSBTree_1481.root
adding: dcap://cluster142.knu.ac.kr//pnfs/knu.ac.kr/data/cms/store/user/sha/Run2FULL/2016PreVFP/MC/DYJetsToLL_M-10to50_TuneCP5_13TeV-amcatnloFXFX-pythia8/crab_DYJetsToLL_M-10to50_TuneCP5_13TeV-amcatnloFXFX-pythia8/240205_161753//0001/SSBTree_1482.root
adding: dcap://cluster142.knu.ac.kr//pnfs/knu.ac.kr/data/cms/store/user/sha/Run2FULL/2016PreVFP/MC/DYJetsToLL_M-10to50_TuneCP5_13TeV-amcatnloFXFX-pythia8/crab_DYJetsToLL_M-10to50_TuneCP5_13TeV-amcatnloFXFX-pythia8/240205_161753//0001/SSBTree_1483.root
adding: dcap://cluster142.knu.ac.kr//pnfs/knu.ac.kr/data/cms/store/user/sha/Run2FULL/2016PreVFP/MC/DYJetsToLL_M-10to50_TuneCP5_13TeV-amcatnloFXFX-pythia8/crab_DYJetsToLL_M-10to50_TuneCP5_13TeV-amcatnloFXFX-pythia8/240205_161753//0001/SSBTree_1484.root
adding: dcap://cluster142.knu.ac.kr//pnfs/knu.ac.kr/data/cms/store/user/sha/Run2FULL/2016PreVFP/MC/DYJetsToLL_M-10to50_TuneCP5_13TeV-amcatnloFXFX-pythia8/crab_DYJetsToLL_M-10to50_TuneCP5_13TeV-amcatnloFXFX-pythia8/240205_161753//0001/SSBTree_1485.root
adding: dcap://cluster142.knu.ac.kr//pnfs/knu.ac.kr/data/cms/store/user/sha/Run2FULL/2016PreVFP/MC/DYJetsToLL_M-10to50_TuneCP5_13TeV-amcatnloFXFX-pythia8/crab_DYJetsToLL_M-10to50_TuneCP5_13TeV-amcatnloFXFX-pythia8/240205_161753//0001/SSBTree_1486.root
adding: dcap://cluster142.knu.ac.kr//pnfs/knu.ac.kr/data/cms/store/user/sha/Run2FULL/2016PreVFP/MC/DYJetsToLL_M-10to50_TuneCP5_13TeV-amcatnloFXFX-pythia8/crab_DYJetsToLL_M-10to50_TuneCP5_13TeV-amcatnloFXFX-pythia8/240205_161753//0001/SSBTree_1487.root
adding: dcap://cluster142.knu.ac.kr//pnfs/knu.ac.kr/data/cms/store/user/sha/Run2FULL/2016PreVFP/MC/DYJetsToLL_M-10to50_TuneCP5_13TeV-amcatnloFXFX-pythia8/crab_DYJetsToLL_M-10to50_TuneCP5_13TeV-amcatnloFXFX-pythia8/240205_161753//0001/SSBTree_1488.root
adding: dcap://cluster142.knu.ac.kr//pnfs/knu.ac.kr/data/cms/store/user/sha/Run2FULL/2016PreVFP/MC/DYJetsToLL_M-10to50_TuneCP5_13TeV-amcatnloFXFX-pythia8/crab_DYJetsToLL_M-10to50_TuneCP5_13TeV-amcatnloFXFX-pythia8/240205_161753//0001/SSBTree_1489.root
adding: dcap://cluster142.knu.ac.kr//pnfs/knu.ac.kr/data/cms/store/user/sha/Run2FULL/2016PreVFP/MC/DYJetsToLL_M-10to50_TuneCP5_13TeV-amcatnloFXFX-pythia8/crab_DYJetsToLL_M-10to50_TuneCP5_13TeV-amcatnloFXFX-pythia8/240205_161753//0001/SSBTree_1490.root
Total number of events after merging root files: 247305
Event 0
Event 10000
Event 20000
Event 30000
Event 40000
Event 50000
Event 60000
Event 70000
Event 80000
Event 90000
Event 100000
Event 110000
Event 120000
Event 130000
Event 140000
Event 150000
Event 160000
Event 170000
Event 180000
Event 190000
Event 200000
Event 210000
Event 220000
Event 230000
Event 240000
Total processed number of events: 247305
End processing...

The number of options is: 2
Option 0 = ./TopMass_analysis
Option 1 = DYJetsToLL_M_10To50/DYJetsToLL_M_10To50_170.list
Option 2 = DYJetsToLL_M_10To50/DYJetsToLL_M_10To50_170.txt
Input filelist = DYJetsToLL_M_10To50/DYJetsToLL_M_10To50_170.list
Output file name = DYJetsToLL_M_10To50/DYJetsToLL_M_10To50_170.txt


start merging file(s)
adding: dcap://cluster142.knu.ac.kr//pnfs/knu.ac.kr/data/cms/store/user/sha/Run2FULL/2016PreVFP/MC/DYJetsToLL_M-10to50_TuneCP5_13TeV-amcatnloFXFX-pythia8/crab_DYJetsToLL_M-10to50_TuneCP5_13TeV-amcatnloFXFX-pythia8/240205_161753//0001/SSBTree_1691.root
adding: dcap://cluster142.knu.ac.kr//pnfs/knu.ac.kr/data/cms/store/user/sha/Run2FULL/2016PreVFP/MC/DYJetsToLL_M-10to50_TuneCP5_13TeV-amcatnloFXFX-pythia8/crab_DYJetsToLL_M-10to50_TuneCP5_13TeV-amcatnloFXFX-pythia8/240205_161753//0001/SSBTree_1692.root
adding: dcap://cluster142.knu.ac.kr//pnfs/knu.ac.kr/data/cms/store/user/sha/Run2FULL/2016PreVFP/MC/DYJetsToLL_M-10to50_TuneCP5_13TeV-amcatnloFXFX-pythia8/crab_DYJetsToLL_M-10to50_TuneCP5_13TeV-amcatnloFXFX-pythia8/240205_161753//0001/SSBTree_1693.root
adding: dcap://cluster142.knu.ac.kr//pnfs/knu.ac.kr/data/cms/store/user/sha/Run2FULL/2016PreVFP/MC/DYJetsToLL_M-10to50_TuneCP5_13TeV-amcatnloFXFX-pythia8/crab_DYJetsToLL_M-10to50_TuneCP5_13TeV-amcatnloFXFX-pythia8/240205_161753//0001/SSBTree_1694.root
adding: dcap://cluster142.knu.ac.kr//pnfs/knu.ac.kr/data/cms/store/user/sha/Run2FULL/2016PreVFP/MC/DYJetsToLL_M-10to50_TuneCP5_13TeV-amcatnloFXFX-pythia8/crab_DYJetsToLL_M-10to50_TuneCP5_13TeV-amcatnloFXFX-pythia8/240205_161753//0001/SSBTree_1695.root
adding: dcap://cluster142.knu.ac.kr//pnfs/knu.ac.kr/data/cms/store/user/sha/Run2FULL/2016PreVFP/MC/DYJetsToLL_M-10to50_TuneCP5_13TeV-amcatnloFXFX-pythia8/crab_DYJetsToLL_M-10to50_TuneCP5_13TeV-amcatnloFXFX-pythia8/240205_161753//0001/SSBTree_1696.root
adding: dcap://cluster142.knu.ac.kr//pnfs/knu.ac.kr/data/cms/store/user/sha/Run2FULL/2016PreVFP/MC/DYJetsToLL_M-10to50_TuneCP5_13TeV-amcatnloFXFX-pythia8/crab_DYJetsToLL_M-10to50_TuneCP5_13TeV-amcatnloFXFX-pythia8/240205_161753//0001/SSBTree_1697.root
adding: dcap://cluster142.knu.ac.kr//pnfs/knu.ac.kr/data/cms/store/user/sha/Run2FULL/2016PreVFP/MC/DYJetsToLL_M-10to50_TuneCP5_13TeV-amcatnloFXFX-pythia8/crab_DYJetsToLL_M-10to50_TuneCP5_13TeV-amcatnloFXFX-pythia8/240205_161753//0001/SSBTree_1698.root
adding: dcap://cluster142.knu.ac.kr//pnfs/knu.ac.kr/data/cms/store/user/sha/Run2FULL/2016PreVFP/MC/DYJetsToLL_M-10to50_TuneCP5_13TeV-amcatnloFXFX-pythia8/crab_DYJetsToLL_M-10to50_TuneCP5_13TeV-amcatnloFXFX-pythia8/240205_161753//0001/SSBTree_1699.root
adding: dcap://cluster142.knu.ac.kr//pnfs/knu.ac.kr/data/cms/store/user/sha/Run2FULL/2016PreVFP/MC/DYJetsToLL_M-10to50_TuneCP5_13TeV-amcatnloFXFX-pythia8/crab_DYJetsToLL_M-10to50_TuneCP5_13TeV-amcatnloFXFX-pythia8/240205_161753//0001/SSBTree_1700.root
Total number of events after merging root files: 247128
Event 0
Event 10000
Event 20000
Event 30000
Event 40000
Event 50000
Event 60000
Event 70000
Event 80000
Event 90000
Event 100000
Event 110000
Event 120000
Event 130000
Event 140000
Event 150000
Event 160000
Event 170000
Event 180000
Event 190000
Event 200000
Event 210000
Event 220000
Event 230000
Event 240000
Total processed number of events: 247128
End processing...

The number of options is: 2
Option 0 = ./TopMass_analysis
Option 1 = DYJetsToLL_M_10To50/DYJetsToLL_M_10To50_191.list
Option 2 = DYJetsToLL_M_10To50/DYJetsToLL_M_10To50_191.txt
Input filelist = DYJetsToLL_M_10To50/DYJetsToLL_M_10To50_191.list
Output file name = DYJetsToLL_M_10To50/DYJetsToLL_M_10To50_191.txt


start merging file(s)
adding: dcap://cluster142.knu.ac.kr//pnfs/knu.ac.kr/data/cms/store/user/sha/Run2FULL/2016PreVFP/MC/DYJetsToLL_M-10to50_TuneCP5_13TeV-amcatnloFXFX-pythia8/crab_DYJetsToLL_M-10to50_TuneCP5_13TeV-amcatnloFXFX-pythia8/240205_161753//0001/SSBTree_1901.root
adding: dcap://cluster142.knu.ac.kr//pnfs/knu.ac.kr/data/cms/store/user/sha/Run2FULL/2016PreVFP/MC/DYJetsToLL_M-10to50_TuneCP5_13TeV-amcatnloFXFX-pythia8/crab_DYJetsToLL_M-10to50_TuneCP5_13TeV-amcatnloFXFX-pythia8/240205_161753//0001/SSBTree_1902.root
adding: dcap://cluster142.knu.ac.kr//pnfs/knu.ac.kr/data/cms/store/user/sha/Run2FULL/2016PreVFP/MC/DYJetsToLL_M-10to50_TuneCP5_13TeV-amcatnloFXFX-pythia8/crab_DYJetsToLL_M-10to50_TuneCP5_13TeV-amcatnloFXFX-pythia8/240205_161753//0001/SSBTree_1903.root
adding: dcap://cluster142.knu.ac.kr//pnfs/knu.ac.kr/data/cms/store/user/sha/Run2FULL/2016PreVFP/MC/DYJetsToLL_M-10to50_TuneCP5_13TeV-amcatnloFXFX-pythia8/crab_DYJetsToLL_M-10to50_TuneCP5_13TeV-amcatnloFXFX-pythia8/240205_161753//0001/SSBTree_1904.root
adding: dcap://cluster142.knu.ac.kr//pnfs/knu.ac.kr/data/cms/store/user/sha/Run2FULL/2016PreVFP/MC/DYJetsToLL_M-10to50_TuneCP5_13TeV-amcatnloFXFX-pythia8/crab_DYJetsToLL_M-10to50_TuneCP5_13TeV-amcatnloFXFX-pythia8/240205_161753//0001/SSBTree_1905.root
adding: dcap://cluster142.knu.ac.kr//pnfs/knu.ac.kr/data/cms/store/user/sha/Run2FULL/2016PreVFP/MC/DYJetsToLL_M-10to50_TuneCP5_13TeV-amcatnloFXFX-pythia8/crab_DYJetsToLL_M-10to50_TuneCP5_13TeV-amcatnloFXFX-pythia8/240205_161753//0001/SSBTree_1906.root
adding: dcap://cluster142.knu.ac.kr//pnfs/knu.ac.kr/data/cms/store/user/sha/Run2FULL/2016PreVFP/MC/DYJetsToLL_M-10to50_TuneCP5_13TeV-amcatnloFXFX-pythia8/crab_DYJetsToLL_M-10to50_TuneCP5_13TeV-amcatnloFXFX-pythia8/240205_161753//0001/SSBTree_1907.root
adding: dcap://cluster142.knu.ac.kr//pnfs/knu.ac.kr/data/cms/store/user/sha/Run2FULL/2016PreVFP/MC/DYJetsToLL_M-10to50_TuneCP5_13TeV-amcatnloFXFX-pythia8/crab_DYJetsToLL_M-10to50_TuneCP5_13TeV-amcatnloFXFX-pythia8/240205_161753//0001/SSBTree_1908.root
adding: dcap://cluster142.knu.ac.kr//pnfs/knu.ac.kr/data/cms/store/user/sha/Run2FULL/2016PreVFP/MC/DYJetsToLL_M-10to50_TuneCP5_13TeV-amcatnloFXFX-pythia8/crab_DYJetsToLL_M-10to50_TuneCP5_13TeV-amcatnloFXFX-pythia8/240205_161753//0001/SSBTree_1909.root
adding: dcap://cluster142.knu.ac.kr//pnfs/knu.ac.kr/data/cms/store/user/sha/Run2FULL/2016PreVFP/MC/DYJetsToLL_M-10to50_TuneCP5_13TeV-amcatnloFXFX-pythia8/crab_DYJetsToLL_M-10to50_TuneCP5_13TeV-amcatnloFXFX-pythia8/240205_161753//0001/SSBTree_1910.root
Total number of events after merging root files: 247068
Event 0
Event 10000
Event 20000
Event 30000
Event 40000
Event 50000
Event 60000
Event 70000
Event 80000
Event 90000
Event 100000
Event 110000
Event 120000
Event 130000
Event 140000
Event 150000
Event 160000
Event 170000
Event 180000
Event 190000
Event 200000
Event 210000
Event 220000
Event 230000
Event 240000
Total processed number of events: 247068
End processing...

