The number of options is: 2
Option 0 = ./TopMass_analysis
Option 1 = DYJetsToLL_M_10To50/DYJetsToLL_M_10To50_1.list
Option 2 = DYJetsToLL_M_10To50/DYJetsToLL_M_10To50_1.txt
Input filelist = DYJetsToLL_M_10To50/DYJetsToLL_M_10To50_1.list
Output file name = DYJetsToLL_M_10To50/DYJetsToLL_M_10To50_1.txt


start merging file(s)
adding: dcap://cluster142.knu.ac.kr//pnfs/knu.ac.kr/data/cms/store/user/sha/Run2FULL/2016PreVFP/MC/DYJetsToLL_M-10to50_TuneCP5_13TeV-amcatnloFXFX-pythia8/crab_DYJetsToLL_M-10to50_TuneCP5_13TeV-amcatnloFXFX-pythia8/240205_161753//0000/SSBTree_100.root
adding: dcap://cluster142.knu.ac.kr//pnfs/knu.ac.kr/data/cms/store/user/sha/Run2FULL/2016PreVFP/MC/DYJetsToLL_M-10to50_TuneCP5_13TeV-amcatnloFXFX-pythia8/crab_DYJetsToLL_M-10to50_TuneCP5_13TeV-amcatnloFXFX-pythia8/240205_161753//0000/SSBTree_101.root
adding: dcap://cluster142.knu.ac.kr//pnfs/knu.ac.kr/data/cms/store/user/sha/Run2FULL/2016PreVFP/MC/DYJetsToLL_M-10to50_TuneCP5_13TeV-amcatnloFXFX-pythia8/crab_DYJetsToLL_M-10to50_TuneCP5_13TeV-amcatnloFXFX-pythia8/240205_161753//0000/SSBTree_102.root
adding: dcap://cluster142.knu.ac.kr//pnfs/knu.ac.kr/data/cms/store/user/sha/Run2FULL/2016PreVFP/MC/DYJetsToLL_M-10to50_TuneCP5_13TeV-amcatnloFXFX-pythia8/crab_DYJetsToLL_M-10to50_TuneCP5_13TeV-amcatnloFXFX-pythia8/240205_161753//0000/SSBTree_103.root
adding: dcap://cluster142.knu.ac.kr//pnfs/knu.ac.kr/data/cms/store/user/sha/Run2FULL/2016PreVFP/MC/DYJetsToLL_M-10to50_TuneCP5_13TeV-amcatnloFXFX-pythia8/crab_DYJetsToLL_M-10to50_TuneCP5_13TeV-amcatnloFXFX-pythia8/240205_161753//0000/SSBTree_104.root
adding: dcap://cluster142.knu.ac.kr//pnfs/knu.ac.kr/data/cms/store/user/sha/Run2FULL/2016PreVFP/MC/DYJetsToLL_M-10to50_TuneCP5_13TeV-amcatnloFXFX-pythia8/crab_DYJetsToLL_M-10to50_TuneCP5_13TeV-amcatnloFXFX-pythia8/240205_161753//0000/SSBTree_105.root
adding: dcap://cluster142.knu.ac.kr//pnfs/knu.ac.kr/data/cms/store/user/sha/Run2FULL/2016PreVFP/MC/DYJetsToLL_M-10to50_TuneCP5_13TeV-amcatnloFXFX-pythia8/crab_DYJetsToLL_M-10to50_TuneCP5_13TeV-amcatnloFXFX-pythia8/240205_161753//0000/SSBTree_106.root
adding: dcap://cluster142.knu.ac.kr//pnfs/knu.ac.kr/data/cms/store/user/sha/Run2FULL/2016PreVFP/MC/DYJetsToLL_M-10to50_TuneCP5_13TeV-amcatnloFXFX-pythia8/crab_DYJetsToLL_M-10to50_TuneCP5_13TeV-amcatnloFXFX-pythia8/240205_161753//0000/SSBTree_107.root
adding: dcap://cluster142.knu.ac.kr//pnfs/knu.ac.kr/data/cms/store/user/sha/Run2FULL/2016PreVFP/MC/DYJetsToLL_M-10to50_TuneCP5_13TeV-amcatnloFXFX-pythia8/crab_DYJetsToLL_M-10to50_TuneCP5_13TeV-amcatnloFXFX-pythia8/240205_161753//0000/SSBTree_108.root
adding: dcap://cluster142.knu.ac.kr//pnfs/knu.ac.kr/data/cms/store/user/sha/Run2FULL/2016PreVFP/MC/DYJetsToLL_M-10to50_TuneCP5_13TeV-amcatnloFXFX-pythia8/crab_DYJetsToLL_M-10to50_TuneCP5_13TeV-amcatnloFXFX-pythia8/240205_161753//0000/SSBTree_109.root
Total number of events after merging root files: 225145
Event 0
Event 10000
Event 20000
Event 30000
Event 40000
Event 50000
Event 60000
Event 70000
Event 80000
Event 90000
Event 100000
Event 110000
Event 120000
Event 130000
Event 140000
Event 150000
Event 160000
Event 170000
Event 180000
Event 190000
Event 200000
Event 210000
Event 220000
Total processed number of events: 225145
End processing...

The number of options is: 2
Option 0 = ./TopMass_analysis
Option 1 = DYJetsToLL_M_10To50/DYJetsToLL_M_10To50_22.list
Option 2 = DYJetsToLL_M_10To50/DYJetsToLL_M_10To50_22.txt
Input filelist = DYJetsToLL_M_10To50/DYJetsToLL_M_10To50_22.list
Output file name = DYJetsToLL_M_10To50/DYJetsToLL_M_10To50_22.txt


start merging file(s)
adding: dcap://cluster142.knu.ac.kr//pnfs/knu.ac.kr/data/cms/store/user/sha/Run2FULL/2016PreVFP/MC/DYJetsToLL_M-10to50_TuneCP5_13TeV-amcatnloFXFX-pythia8/crab_DYJetsToLL_M-10to50_TuneCP5_13TeV-amcatnloFXFX-pythia8/240205_161753//0000/SSBTree_290.root
adding: dcap://cluster142.knu.ac.kr//pnfs/knu.ac.kr/data/cms/store/user/sha/Run2FULL/2016PreVFP/MC/DYJetsToLL_M-10to50_TuneCP5_13TeV-amcatnloFXFX-pythia8/crab_DYJetsToLL_M-10to50_TuneCP5_13TeV-amcatnloFXFX-pythia8/240205_161753//0000/SSBTree_291.root
adding: dcap://cluster142.knu.ac.kr//pnfs/knu.ac.kr/data/cms/store/user/sha/Run2FULL/2016PreVFP/MC/DYJetsToLL_M-10to50_TuneCP5_13TeV-amcatnloFXFX-pythia8/crab_DYJetsToLL_M-10to50_TuneCP5_13TeV-amcatnloFXFX-pythia8/240205_161753//0000/SSBTree_292.root
adding: dcap://cluster142.knu.ac.kr//pnfs/knu.ac.kr/data/cms/store/user/sha/Run2FULL/2016PreVFP/MC/DYJetsToLL_M-10to50_TuneCP5_13TeV-amcatnloFXFX-pythia8/crab_DYJetsToLL_M-10to50_TuneCP5_13TeV-amcatnloFXFX-pythia8/240205_161753//0000/SSBTree_293.root
adding: dcap://cluster142.knu.ac.kr//pnfs/knu.ac.kr/data/cms/store/user/sha/Run2FULL/2016PreVFP/MC/DYJetsToLL_M-10to50_TuneCP5_13TeV-amcatnloFXFX-pythia8/crab_DYJetsToLL_M-10to50_TuneCP5_13TeV-amcatnloFXFX-pythia8/240205_161753//0000/SSBTree_294.root
adding: dcap://cluster142.knu.ac.kr//pnfs/knu.ac.kr/data/cms/store/user/sha/Run2FULL/2016PreVFP/MC/DYJetsToLL_M-10to50_TuneCP5_13TeV-amcatnloFXFX-pythia8/crab_DYJetsToLL_M-10to50_TuneCP5_13TeV-amcatnloFXFX-pythia8/240205_161753//0000/SSBTree_295.root
adding: dcap://cluster142.knu.ac.kr//pnfs/knu.ac.kr/data/cms/store/user/sha/Run2FULL/2016PreVFP/MC/DYJetsToLL_M-10to50_TuneCP5_13TeV-amcatnloFXFX-pythia8/crab_DYJetsToLL_M-10to50_TuneCP5_13TeV-amcatnloFXFX-pythia8/240205_161753//0000/SSBTree_296.root
adding: dcap://cluster142.knu.ac.kr//pnfs/knu.ac.kr/data/cms/store/user/sha/Run2FULL/2016PreVFP/MC/DYJetsToLL_M-10to50_TuneCP5_13TeV-amcatnloFXFX-pythia8/crab_DYJetsToLL_M-10to50_TuneCP5_13TeV-amcatnloFXFX-pythia8/240205_161753//0000/SSBTree_297.root
adding: dcap://cluster142.knu.ac.kr//pnfs/knu.ac.kr/data/cms/store/user/sha/Run2FULL/2016PreVFP/MC/DYJetsToLL_M-10to50_TuneCP5_13TeV-amcatnloFXFX-pythia8/crab_DYJetsToLL_M-10to50_TuneCP5_13TeV-amcatnloFXFX-pythia8/240205_161753//0000/SSBTree_298.root
adding: dcap://cluster142.knu.ac.kr//pnfs/knu.ac.kr/data/cms/store/user/sha/Run2FULL/2016PreVFP/MC/DYJetsToLL_M-10to50_TuneCP5_13TeV-amcatnloFXFX-pythia8/crab_DYJetsToLL_M-10to50_TuneCP5_13TeV-amcatnloFXFX-pythia8/240205_161753//0000/SSBTree_299.root
Total number of events after merging root files: 247779
Event 0
Event 10000
Event 20000
Event 30000
Event 40000
Event 50000
Event 60000
Event 70000
Event 80000
Event 90000
Event 100000
Event 110000
Event 120000
Event 130000
Event 140000
Event 150000
Event 160000
Event 170000
Event 180000
Event 190000
Event 200000
Event 210000
Event 220000
Event 230000
Event 240000
Total processed number of events: 247779
End processing...

The number of options is: 2
Option 0 = ./TopMass_analysis
Option 1 = DYJetsToLL_M_10To50/DYJetsToLL_M_10To50_43.list
Option 2 = DYJetsToLL_M_10To50/DYJetsToLL_M_10To50_43.txt
Input filelist = DYJetsToLL_M_10To50/DYJetsToLL_M_10To50_43.list
Output file name = DYJetsToLL_M_10To50/DYJetsToLL_M_10To50_43.txt


start merging file(s)
adding: dcap://cluster142.knu.ac.kr//pnfs/knu.ac.kr/data/cms/store/user/sha/Run2FULL/2016PreVFP/MC/DYJetsToLL_M-10to50_TuneCP5_13TeV-amcatnloFXFX-pythia8/crab_DYJetsToLL_M-10to50_TuneCP5_13TeV-amcatnloFXFX-pythia8/240205_161753//0000/SSBTree_47.root
adding: dcap://cluster142.knu.ac.kr//pnfs/knu.ac.kr/data/cms/store/user/sha/Run2FULL/2016PreVFP/MC/DYJetsToLL_M-10to50_TuneCP5_13TeV-amcatnloFXFX-pythia8/crab_DYJetsToLL_M-10to50_TuneCP5_13TeV-amcatnloFXFX-pythia8/240205_161753//0000/SSBTree_480.root
adding: dcap://cluster142.knu.ac.kr//pnfs/knu.ac.kr/data/cms/store/user/sha/Run2FULL/2016PreVFP/MC/DYJetsToLL_M-10to50_TuneCP5_13TeV-amcatnloFXFX-pythia8/crab_DYJetsToLL_M-10to50_TuneCP5_13TeV-amcatnloFXFX-pythia8/240205_161753//0000/SSBTree_481.root
adding: dcap://cluster142.knu.ac.kr//pnfs/knu.ac.kr/data/cms/store/user/sha/Run2FULL/2016PreVFP/MC/DYJetsToLL_M-10to50_TuneCP5_13TeV-amcatnloFXFX-pythia8/crab_DYJetsToLL_M-10to50_TuneCP5_13TeV-amcatnloFXFX-pythia8/240205_161753//0000/SSBTree_482.root
adding: dcap://cluster142.knu.ac.kr//pnfs/knu.ac.kr/data/cms/store/user/sha/Run2FULL/2016PreVFP/MC/DYJetsToLL_M-10to50_TuneCP5_13TeV-amcatnloFXFX-pythia8/crab_DYJetsToLL_M-10to50_TuneCP5_13TeV-amcatnloFXFX-pythia8/240205_161753//0000/SSBTree_483.root
adding: dcap://cluster142.knu.ac.kr//pnfs/knu.ac.kr/data/cms/store/user/sha/Run2FULL/2016PreVFP/MC/DYJetsToLL_M-10to50_TuneCP5_13TeV-amcatnloFXFX-pythia8/crab_DYJetsToLL_M-10to50_TuneCP5_13TeV-amcatnloFXFX-pythia8/240205_161753//0000/SSBTree_484.root
adding: dcap://cluster142.knu.ac.kr//pnfs/knu.ac.kr/data/cms/store/user/sha/Run2FULL/2016PreVFP/MC/DYJetsToLL_M-10to50_TuneCP5_13TeV-amcatnloFXFX-pythia8/crab_DYJetsToLL_M-10to50_TuneCP5_13TeV-amcatnloFXFX-pythia8/240205_161753//0000/SSBTree_485.root
adding: dcap://cluster142.knu.ac.kr//pnfs/knu.ac.kr/data/cms/store/user/sha/Run2FULL/2016PreVFP/MC/DYJetsToLL_M-10to50_TuneCP5_13TeV-amcatnloFXFX-pythia8/crab_DYJetsToLL_M-10to50_TuneCP5_13TeV-amcatnloFXFX-pythia8/240205_161753//0000/SSBTree_486.root
adding: dcap://cluster142.knu.ac.kr//pnfs/knu.ac.kr/data/cms/store/user/sha/Run2FULL/2016PreVFP/MC/DYJetsToLL_M-10to50_TuneCP5_13TeV-amcatnloFXFX-pythia8/crab_DYJetsToLL_M-10to50_TuneCP5_13TeV-amcatnloFXFX-pythia8/240205_161753//0000/SSBTree_487.root
adding: dcap://cluster142.knu.ac.kr//pnfs/knu.ac.kr/data/cms/store/user/sha/Run2FULL/2016PreVFP/MC/DYJetsToLL_M-10to50_TuneCP5_13TeV-amcatnloFXFX-pythia8/crab_DYJetsToLL_M-10to50_TuneCP5_13TeV-amcatnloFXFX-pythia8/240205_161753//0000/SSBTree_488.root
Total number of events after merging root files: 218024
Event 0
Event 10000
Event 20000
Event 30000
Event 40000
Event 50000
Event 60000
Event 70000
Event 80000
Event 90000
Event 100000
Event 110000
Event 120000
Event 130000
Event 140000
Event 150000
Event 160000
Event 170000
Event 180000
Event 190000
Event 200000
Event 210000
Total processed number of events: 218024
End processing...

The number of options is: 2
Option 0 = ./TopMass_analysis
Option 1 = DYJetsToLL_M_10To50/DYJetsToLL_M_10To50_64.list
Option 2 = DYJetsToLL_M_10To50/DYJetsToLL_M_10To50_64.txt
Input filelist = DYJetsToLL_M_10To50/DYJetsToLL_M_10To50_64.list
Output file name = DYJetsToLL_M_10To50/DYJetsToLL_M_10To50_64.txt


start merging file(s)
adding: dcap://cluster142.knu.ac.kr//pnfs/knu.ac.kr/data/cms/store/user/sha/Run2FULL/2016PreVFP/MC/DYJetsToLL_M-10to50_TuneCP5_13TeV-amcatnloFXFX-pythia8/crab_DYJetsToLL_M-10to50_TuneCP5_13TeV-amcatnloFXFX-pythia8/240205_161753//0000/SSBTree_669.root
adding: dcap://cluster142.knu.ac.kr//pnfs/knu.ac.kr/data/cms/store/user/sha/Run2FULL/2016PreVFP/MC/DYJetsToLL_M-10to50_TuneCP5_13TeV-amcatnloFXFX-pythia8/crab_DYJetsToLL_M-10to50_TuneCP5_13TeV-amcatnloFXFX-pythia8/240205_161753//0000/SSBTree_66.root
adding: dcap://cluster142.knu.ac.kr//pnfs/knu.ac.kr/data/cms/store/user/sha/Run2FULL/2016PreVFP/MC/DYJetsToLL_M-10to50_TuneCP5_13TeV-amcatnloFXFX-pythia8/crab_DYJetsToLL_M-10to50_TuneCP5_13TeV-amcatnloFXFX-pythia8/240205_161753//0000/SSBTree_670.root
adding: dcap://cluster142.knu.ac.kr//pnfs/knu.ac.kr/data/cms/store/user/sha/Run2FULL/2016PreVFP/MC/DYJetsToLL_M-10to50_TuneCP5_13TeV-amcatnloFXFX-pythia8/crab_DYJetsToLL_M-10to50_TuneCP5_13TeV-amcatnloFXFX-pythia8/240205_161753//0000/SSBTree_671.root
adding: dcap://cluster142.knu.ac.kr//pnfs/knu.ac.kr/data/cms/store/user/sha/Run2FULL/2016PreVFP/MC/DYJetsToLL_M-10to50_TuneCP5_13TeV-amcatnloFXFX-pythia8/crab_DYJetsToLL_M-10to50_TuneCP5_13TeV-amcatnloFXFX-pythia8/240205_161753//0000/SSBTree_672.root
adding: dcap://cluster142.knu.ac.kr//pnfs/knu.ac.kr/data/cms/store/user/sha/Run2FULL/2016PreVFP/MC/DYJetsToLL_M-10to50_TuneCP5_13TeV-amcatnloFXFX-pythia8/crab_DYJetsToLL_M-10to50_TuneCP5_13TeV-amcatnloFXFX-pythia8/240205_161753//0000/SSBTree_673.root
adding: dcap://cluster142.knu.ac.kr//pnfs/knu.ac.kr/data/cms/store/user/sha/Run2FULL/2016PreVFP/MC/DYJetsToLL_M-10to50_TuneCP5_13TeV-amcatnloFXFX-pythia8/crab_DYJetsToLL_M-10to50_TuneCP5_13TeV-amcatnloFXFX-pythia8/240205_161753//0000/SSBTree_674.root
adding: dcap://cluster142.knu.ac.kr//pnfs/knu.ac.kr/data/cms/store/user/sha/Run2FULL/2016PreVFP/MC/DYJetsToLL_M-10to50_TuneCP5_13TeV-amcatnloFXFX-pythia8/crab_DYJetsToLL_M-10to50_TuneCP5_13TeV-amcatnloFXFX-pythia8/240205_161753//0000/SSBTree_675.root
adding: dcap://cluster142.knu.ac.kr//pnfs/knu.ac.kr/data/cms/store/user/sha/Run2FULL/2016PreVFP/MC/DYJetsToLL_M-10to50_TuneCP5_13TeV-amcatnloFXFX-pythia8/crab_DYJetsToLL_M-10to50_TuneCP5_13TeV-amcatnloFXFX-pythia8/240205_161753//0000/SSBTree_676.root
adding: dcap://cluster142.knu.ac.kr//pnfs/knu.ac.kr/data/cms/store/user/sha/Run2FULL/2016PreVFP/MC/DYJetsToLL_M-10to50_TuneCP5_13TeV-amcatnloFXFX-pythia8/crab_DYJetsToLL_M-10to50_TuneCP5_13TeV-amcatnloFXFX-pythia8/240205_161753//0000/SSBTree_677.root
Total number of events after merging root files: 228284
Event 0
Event 10000
Event 20000
Event 30000
Event 40000
Event 50000
Event 60000
Event 70000
Event 80000
Event 90000
Event 100000
Event 110000
Event 120000
Event 130000
Event 140000
Event 150000
Event 160000
Event 170000
Event 180000
Event 190000
Event 200000
Event 210000
Event 220000
Total processed number of events: 228284
End processing...

The number of options is: 2
Option 0 = ./TopMass_analysis
Option 1 = DYJetsToLL_M_10To50/DYJetsToLL_M_10To50_85.list
Option 2 = DYJetsToLL_M_10To50/DYJetsToLL_M_10To50_85.txt
Input filelist = DYJetsToLL_M_10To50/DYJetsToLL_M_10To50_85.list
Output file name = DYJetsToLL_M_10To50/DYJetsToLL_M_10To50_85.txt


start merging file(s)
adding: dcap://cluster142.knu.ac.kr//pnfs/knu.ac.kr/data/cms/store/user/sha/Run2FULL/2016PreVFP/MC/DYJetsToLL_M-10to50_TuneCP5_13TeV-amcatnloFXFX-pythia8/crab_DYJetsToLL_M-10to50_TuneCP5_13TeV-amcatnloFXFX-pythia8/240205_161753//0000/SSBTree_858.root
adding: dcap://cluster142.knu.ac.kr//pnfs/knu.ac.kr/data/cms/store/user/sha/Run2FULL/2016PreVFP/MC/DYJetsToLL_M-10to50_TuneCP5_13TeV-amcatnloFXFX-pythia8/crab_DYJetsToLL_M-10to50_TuneCP5_13TeV-amcatnloFXFX-pythia8/240205_161753//0000/SSBTree_859.root
adding: dcap://cluster142.knu.ac.kr//pnfs/knu.ac.kr/data/cms/store/user/sha/Run2FULL/2016PreVFP/MC/DYJetsToLL_M-10to50_TuneCP5_13TeV-amcatnloFXFX-pythia8/crab_DYJetsToLL_M-10to50_TuneCP5_13TeV-amcatnloFXFX-pythia8/240205_161753//0000/SSBTree_85.root
adding: dcap://cluster142.knu.ac.kr//pnfs/knu.ac.kr/data/cms/store/user/sha/Run2FULL/2016PreVFP/MC/DYJetsToLL_M-10to50_TuneCP5_13TeV-amcatnloFXFX-pythia8/crab_DYJetsToLL_M-10to50_TuneCP5_13TeV-amcatnloFXFX-pythia8/240205_161753//0000/SSBTree_860.root
adding: dcap://cluster142.knu.ac.kr//pnfs/knu.ac.kr/data/cms/store/user/sha/Run2FULL/2016PreVFP/MC/DYJetsToLL_M-10to50_TuneCP5_13TeV-amcatnloFXFX-pythia8/crab_DYJetsToLL_M-10to50_TuneCP5_13TeV-amcatnloFXFX-pythia8/240205_161753//0000/SSBTree_861.root
adding: dcap://cluster142.knu.ac.kr//pnfs/knu.ac.kr/data/cms/store/user/sha/Run2FULL/2016PreVFP/MC/DYJetsToLL_M-10to50_TuneCP5_13TeV-amcatnloFXFX-pythia8/crab_DYJetsToLL_M-10to50_TuneCP5_13TeV-amcatnloFXFX-pythia8/240205_161753//0000/SSBTree_862.root
adding: dcap://cluster142.knu.ac.kr//pnfs/knu.ac.kr/data/cms/store/user/sha/Run2FULL/2016PreVFP/MC/DYJetsToLL_M-10to50_TuneCP5_13TeV-amcatnloFXFX-pythia8/crab_DYJetsToLL_M-10to50_TuneCP5_13TeV-amcatnloFXFX-pythia8/240205_161753//0000/SSBTree_863.root
adding: dcap://cluster142.knu.ac.kr//pnfs/knu.ac.kr/data/cms/store/user/sha/Run2FULL/2016PreVFP/MC/DYJetsToLL_M-10to50_TuneCP5_13TeV-amcatnloFXFX-pythia8/crab_DYJetsToLL_M-10to50_TuneCP5_13TeV-amcatnloFXFX-pythia8/240205_161753//0000/SSBTree_864.root
adding: dcap://cluster142.knu.ac.kr//pnfs/knu.ac.kr/data/cms/store/user/sha/Run2FULL/2016PreVFP/MC/DYJetsToLL_M-10to50_TuneCP5_13TeV-amcatnloFXFX-pythia8/crab_DYJetsToLL_M-10to50_TuneCP5_13TeV-amcatnloFXFX-pythia8/240205_161753//0000/SSBTree_865.root
adding: dcap://cluster142.knu.ac.kr//pnfs/knu.ac.kr/data/cms/store/user/sha/Run2FULL/2016PreVFP/MC/DYJetsToLL_M-10to50_TuneCP5_13TeV-amcatnloFXFX-pythia8/crab_DYJetsToLL_M-10to50_TuneCP5_13TeV-amcatnloFXFX-pythia8/240205_161753//0000/SSBTree_866.root
Total number of events after merging root files: 247995
Event 0
Event 10000
Event 20000
Event 30000
Event 40000
Event 50000
Event 60000
Event 70000
Event 80000
Event 90000
Event 100000
Event 110000
Event 120000
Event 130000
Event 140000
Event 150000
Event 160000
Event 170000
Event 180000
Event 190000
Event 200000
Event 210000
Event 220000
Event 230000
Event 240000
Total processed number of events: 247995
End processing...

The number of options is: 2
Option 0 = ./TopMass_analysis
Option 1 = DYJetsToLL_M_10To50/DYJetsToLL_M_10To50_106.list
Option 2 = DYJetsToLL_M_10To50/DYJetsToLL_M_10To50_106.txt
Input filelist = DYJetsToLL_M_10To50/DYJetsToLL_M_10To50_106.list
Output file name = DYJetsToLL_M_10To50/DYJetsToLL_M_10To50_106.txt


start merging file(s)
adding: dcap://cluster142.knu.ac.kr//pnfs/knu.ac.kr/data/cms/store/user/sha/Run2FULL/2016PreVFP/MC/DYJetsToLL_M-10to50_TuneCP5_13TeV-amcatnloFXFX-pythia8/crab_DYJetsToLL_M-10to50_TuneCP5_13TeV-amcatnloFXFX-pythia8/240205_161753//0001/SSBTree_1051.root
adding: dcap://cluster142.knu.ac.kr//pnfs/knu.ac.kr/data/cms/store/user/sha/Run2FULL/2016PreVFP/MC/DYJetsToLL_M-10to50_TuneCP5_13TeV-amcatnloFXFX-pythia8/crab_DYJetsToLL_M-10to50_TuneCP5_13TeV-amcatnloFXFX-pythia8/240205_161753//0001/SSBTree_1052.root
adding: dcap://cluster142.knu.ac.kr//pnfs/knu.ac.kr/data/cms/store/user/sha/Run2FULL/2016PreVFP/MC/DYJetsToLL_M-10to50_TuneCP5_13TeV-amcatnloFXFX-pythia8/crab_DYJetsToLL_M-10to50_TuneCP5_13TeV-amcatnloFXFX-pythia8/240205_161753//0001/SSBTree_1053.root
adding: dcap://cluster142.knu.ac.kr//pnfs/knu.ac.kr/data/cms/store/user/sha/Run2FULL/2016PreVFP/MC/DYJetsToLL_M-10to50_TuneCP5_13TeV-amcatnloFXFX-pythia8/crab_DYJetsToLL_M-10to50_TuneCP5_13TeV-amcatnloFXFX-pythia8/240205_161753//0001/SSBTree_1054.root
adding: dcap://cluster142.knu.ac.kr//pnfs/knu.ac.kr/data/cms/store/user/sha/Run2FULL/2016PreVFP/MC/DYJetsToLL_M-10to50_TuneCP5_13TeV-amcatnloFXFX-pythia8/crab_DYJetsToLL_M-10to50_TuneCP5_13TeV-amcatnloFXFX-pythia8/240205_161753//0001/SSBTree_1055.root
adding: dcap://cluster142.knu.ac.kr//pnfs/knu.ac.kr/data/cms/store/user/sha/Run2FULL/2016PreVFP/MC/DYJetsToLL_M-10to50_TuneCP5_13TeV-amcatnloFXFX-pythia8/crab_DYJetsToLL_M-10to50_TuneCP5_13TeV-amcatnloFXFX-pythia8/240205_161753//0001/SSBTree_1056.root
adding: dcap://cluster142.knu.ac.kr//pnfs/knu.ac.kr/data/cms/store/user/sha/Run2FULL/2016PreVFP/MC/DYJetsToLL_M-10to50_TuneCP5_13TeV-amcatnloFXFX-pythia8/crab_DYJetsToLL_M-10to50_TuneCP5_13TeV-amcatnloFXFX-pythia8/240205_161753//0001/SSBTree_1057.root
adding: dcap://cluster142.knu.ac.kr//pnfs/knu.ac.kr/data/cms/store/user/sha/Run2FULL/2016PreVFP/MC/DYJetsToLL_M-10to50_TuneCP5_13TeV-amcatnloFXFX-pythia8/crab_DYJetsToLL_M-10to50_TuneCP5_13TeV-amcatnloFXFX-pythia8/240205_161753//0001/SSBTree_1058.root
adding: dcap://cluster142.knu.ac.kr//pnfs/knu.ac.kr/data/cms/store/user/sha/Run2FULL/2016PreVFP/MC/DYJetsToLL_M-10to50_TuneCP5_13TeV-amcatnloFXFX-pythia8/crab_DYJetsToLL_M-10to50_TuneCP5_13TeV-amcatnloFXFX-pythia8/240205_161753//0001/SSBTree_1059.root
adding: dcap://cluster142.knu.ac.kr//pnfs/knu.ac.kr/data/cms/store/user/sha/Run2FULL/2016PreVFP/MC/DYJetsToLL_M-10to50_TuneCP5_13TeV-amcatnloFXFX-pythia8/crab_DYJetsToLL_M-10to50_TuneCP5_13TeV-amcatnloFXFX-pythia8/240205_161753//0001/SSBTree_1060.root
Total number of events after merging root files: 247790
Event 0
Event 10000
Event 20000
Event 30000
Event 40000
Event 50000
Event 60000
Event 70000
Event 80000
Event 90000
Event 100000
Event 110000
Event 120000
Event 130000
Event 140000
Event 150000
Event 160000
Event 170000
Event 180000
Event 190000
Event 200000
Event 210000
Event 220000
Event 230000
Event 240000
Total processed number of events: 247790
End processing...

The number of options is: 2
Option 0 = ./TopMass_analysis
Option 1 = DYJetsToLL_M_10To50/DYJetsToLL_M_10To50_127.list
Option 2 = DYJetsToLL_M_10To50/DYJetsToLL_M_10To50_127.txt
Input filelist = DYJetsToLL_M_10To50/DYJetsToLL_M_10To50_127.list
Output file name = DYJetsToLL_M_10To50/DYJetsToLL_M_10To50_127.txt


start merging file(s)
adding: dcap://cluster142.knu.ac.kr//pnfs/knu.ac.kr/data/cms/store/user/sha/Run2FULL/2016PreVFP/MC/DYJetsToLL_M-10to50_TuneCP5_13TeV-amcatnloFXFX-pythia8/crab_DYJetsToLL_M-10to50_TuneCP5_13TeV-amcatnloFXFX-pythia8/240205_161753//0001/SSBTree_1261.root
adding: dcap://cluster142.knu.ac.kr//pnfs/knu.ac.kr/data/cms/store/user/sha/Run2FULL/2016PreVFP/MC/DYJetsToLL_M-10to50_TuneCP5_13TeV-amcatnloFXFX-pythia8/crab_DYJetsToLL_M-10to50_TuneCP5_13TeV-amcatnloFXFX-pythia8/240205_161753//0001/SSBTree_1262.root
adding: dcap://cluster142.knu.ac.kr//pnfs/knu.ac.kr/data/cms/store/user/sha/Run2FULL/2016PreVFP/MC/DYJetsToLL_M-10to50_TuneCP5_13TeV-amcatnloFXFX-pythia8/crab_DYJetsToLL_M-10to50_TuneCP5_13TeV-amcatnloFXFX-pythia8/240205_161753//0001/SSBTree_1263.root
adding: dcap://cluster142.knu.ac.kr//pnfs/knu.ac.kr/data/cms/store/user/sha/Run2FULL/2016PreVFP/MC/DYJetsToLL_M-10to50_TuneCP5_13TeV-amcatnloFXFX-pythia8/crab_DYJetsToLL_M-10to50_TuneCP5_13TeV-amcatnloFXFX-pythia8/240205_161753//0001/SSBTree_1264.root
adding: dcap://cluster142.knu.ac.kr//pnfs/knu.ac.kr/data/cms/store/user/sha/Run2FULL/2016PreVFP/MC/DYJetsToLL_M-10to50_TuneCP5_13TeV-amcatnloFXFX-pythia8/crab_DYJetsToLL_M-10to50_TuneCP5_13TeV-amcatnloFXFX-pythia8/240205_161753//0001/SSBTree_1265.root
adding: dcap://cluster142.knu.ac.kr//pnfs/knu.ac.kr/data/cms/store/user/sha/Run2FULL/2016PreVFP/MC/DYJetsToLL_M-10to50_TuneCP5_13TeV-amcatnloFXFX-pythia8/crab_DYJetsToLL_M-10to50_TuneCP5_13TeV-amcatnloFXFX-pythia8/240205_161753//0001/SSBTree_1266.root
adding: dcap://cluster142.knu.ac.kr//pnfs/knu.ac.kr/data/cms/store/user/sha/Run2FULL/2016PreVFP/MC/DYJetsToLL_M-10to50_TuneCP5_13TeV-amcatnloFXFX-pythia8/crab_DYJetsToLL_M-10to50_TuneCP5_13TeV-amcatnloFXFX-pythia8/240205_161753//0001/SSBTree_1267.root
adding: dcap://cluster142.knu.ac.kr//pnfs/knu.ac.kr/data/cms/store/user/sha/Run2FULL/2016PreVFP/MC/DYJetsToLL_M-10to50_TuneCP5_13TeV-amcatnloFXFX-pythia8/crab_DYJetsToLL_M-10to50_TuneCP5_13TeV-amcatnloFXFX-pythia8/240205_161753//0001/SSBTree_1268.root
adding: dcap://cluster142.knu.ac.kr//pnfs/knu.ac.kr/data/cms/store/user/sha/Run2FULL/2016PreVFP/MC/DYJetsToLL_M-10to50_TuneCP5_13TeV-amcatnloFXFX-pythia8/crab_DYJetsToLL_M-10to50_TuneCP5_13TeV-amcatnloFXFX-pythia8/240205_161753//0001/SSBTree_1269.root
adding: dcap://cluster142.knu.ac.kr//pnfs/knu.ac.kr/data/cms/store/user/sha/Run2FULL/2016PreVFP/MC/DYJetsToLL_M-10to50_TuneCP5_13TeV-amcatnloFXFX-pythia8/crab_DYJetsToLL_M-10to50_TuneCP5_13TeV-amcatnloFXFX-pythia8/240205_161753//0001/SSBTree_1270.root
Total number of events after merging root files: 247237
Event 0
Event 10000
Event 20000
Event 30000
Event 40000
Event 50000
Event 60000
Event 70000
Event 80000
Event 90000
Event 100000
Event 110000
Event 120000
Event 130000
Event 140000
Event 150000
Event 160000
Event 170000
Event 180000
Event 190000
Event 200000
Event 210000
Event 220000
Event 230000
Event 240000
Total processed number of events: 247237
End processing...

The number of options is: 2
Option 0 = ./TopMass_analysis
Option 1 = DYJetsToLL_M_10To50/DYJetsToLL_M_10To50_148.list
Option 2 = DYJetsToLL_M_10To50/DYJetsToLL_M_10To50_148.txt
Input filelist = DYJetsToLL_M_10To50/DYJetsToLL_M_10To50_148.list
Output file name = DYJetsToLL_M_10To50/DYJetsToLL_M_10To50_148.txt


start merging file(s)
adding: dcap://cluster142.knu.ac.kr//pnfs/knu.ac.kr/data/cms/store/user/sha/Run2FULL/2016PreVFP/MC/DYJetsToLL_M-10to50_TuneCP5_13TeV-amcatnloFXFX-pythia8/crab_DYJetsToLL_M-10to50_TuneCP5_13TeV-amcatnloFXFX-pythia8/240205_161753//0001/SSBTree_1471.root
adding: dcap://cluster142.knu.ac.kr//pnfs/knu.ac.kr/data/cms/store/user/sha/Run2FULL/2016PreVFP/MC/DYJetsToLL_M-10to50_TuneCP5_13TeV-amcatnloFXFX-pythia8/crab_DYJetsToLL_M-10to50_TuneCP5_13TeV-amcatnloFXFX-pythia8/240205_161753//0001/SSBTree_1472.root
adding: dcap://cluster142.knu.ac.kr//pnfs/knu.ac.kr/data/cms/store/user/sha/Run2FULL/2016PreVFP/MC/DYJetsToLL_M-10to50_TuneCP5_13TeV-amcatnloFXFX-pythia8/crab_DYJetsToLL_M-10to50_TuneCP5_13TeV-amcatnloFXFX-pythia8/240205_161753//0001/SSBTree_1473.root
adding: dcap://cluster142.knu.ac.kr//pnfs/knu.ac.kr/data/cms/store/user/sha/Run2FULL/2016PreVFP/MC/DYJetsToLL_M-10to50_TuneCP5_13TeV-amcatnloFXFX-pythia8/crab_DYJetsToLL_M-10to50_TuneCP5_13TeV-amcatnloFXFX-pythia8/240205_161753//0001/SSBTree_1474.root
adding: dcap://cluster142.knu.ac.kr//pnfs/knu.ac.kr/data/cms/store/user/sha/Run2FULL/2016PreVFP/MC/DYJetsToLL_M-10to50_TuneCP5_13TeV-amcatnloFXFX-pythia8/crab_DYJetsToLL_M-10to50_TuneCP5_13TeV-amcatnloFXFX-pythia8/240205_161753//0001/SSBTree_1475.root
adding: dcap://cluster142.knu.ac.kr//pnfs/knu.ac.kr/data/cms/store/user/sha/Run2FULL/2016PreVFP/MC/DYJetsToLL_M-10to50_TuneCP5_13TeV-amcatnloFXFX-pythia8/crab_DYJetsToLL_M-10to50_TuneCP5_13TeV-amcatnloFXFX-pythia8/240205_161753//0001/SSBTree_1476.root
adding: dcap://cluster142.knu.ac.kr//pnfs/knu.ac.kr/data/cms/store/user/sha/Run2FULL/2016PreVFP/MC/DYJetsToLL_M-10to50_TuneCP5_13TeV-amcatnloFXFX-pythia8/crab_DYJetsToLL_M-10to50_TuneCP5_13TeV-amcatnloFXFX-pythia8/240205_161753//0001/SSBTree_1477.root
adding: dcap://cluster142.knu.ac.kr//pnfs/knu.ac.kr/data/cms/store/user/sha/Run2FULL/2016PreVFP/MC/DYJetsToLL_M-10to50_TuneCP5_13TeV-amcatnloFXFX-pythia8/crab_DYJetsToLL_M-10to50_TuneCP5_13TeV-amcatnloFXFX-pythia8/240205_161753//0001/SSBTree_1478.root
adding: dcap://cluster142.knu.ac.kr//pnfs/knu.ac.kr/data/cms/store/user/sha/Run2FULL/2016PreVFP/MC/DYJetsToLL_M-10to50_TuneCP5_13TeV-amcatnloFXFX-pythia8/crab_DYJetsToLL_M-10to50_TuneCP5_13TeV-amcatnloFXFX-pythia8/240205_161753//0001/SSBTree_1479.root
adding: dcap://cluster142.knu.ac.kr//pnfs/knu.ac.kr/data/cms/store/user/sha/Run2FULL/2016PreVFP/MC/DYJetsToLL_M-10to50_TuneCP5_13TeV-amcatnloFXFX-pythia8/crab_DYJetsToLL_M-10to50_TuneCP5_13TeV-amcatnloFXFX-pythia8/240205_161753//0001/SSBTree_1480.root
Total number of events after merging root files: 247454
Event 0
Event 10000
Event 20000
Event 30000
Event 40000
Event 50000
Event 60000
Event 70000
Event 80000
Event 90000
Event 100000
Event 110000
Event 120000
Event 130000
Event 140000
Event 150000
Event 160000
Event 170000
Event 180000
Event 190000
Event 200000
Event 210000
Event 220000
Event 230000
Event 240000
Total processed number of events: 247454
End processing...

The number of options is: 2
Option 0 = ./TopMass_analysis
Option 1 = DYJetsToLL_M_10To50/DYJetsToLL_M_10To50_169.list
Option 2 = DYJetsToLL_M_10To50/DYJetsToLL_M_10To50_169.txt
Input filelist = DYJetsToLL_M_10To50/DYJetsToLL_M_10To50_169.list
Output file name = DYJetsToLL_M_10To50/DYJetsToLL_M_10To50_169.txt


start merging file(s)
adding: dcap://cluster142.knu.ac.kr//pnfs/knu.ac.kr/data/cms/store/user/sha/Run2FULL/2016PreVFP/MC/DYJetsToLL_M-10to50_TuneCP5_13TeV-amcatnloFXFX-pythia8/crab_DYJetsToLL_M-10to50_TuneCP5_13TeV-amcatnloFXFX-pythia8/240205_161753//0001/SSBTree_1681.root
adding: dcap://cluster142.knu.ac.kr//pnfs/knu.ac.kr/data/cms/store/user/sha/Run2FULL/2016PreVFP/MC/DYJetsToLL_M-10to50_TuneCP5_13TeV-amcatnloFXFX-pythia8/crab_DYJetsToLL_M-10to50_TuneCP5_13TeV-amcatnloFXFX-pythia8/240205_161753//0001/SSBTree_1682.root
adding: dcap://cluster142.knu.ac.kr//pnfs/knu.ac.kr/data/cms/store/user/sha/Run2FULL/2016PreVFP/MC/DYJetsToLL_M-10to50_TuneCP5_13TeV-amcatnloFXFX-pythia8/crab_DYJetsToLL_M-10to50_TuneCP5_13TeV-amcatnloFXFX-pythia8/240205_161753//0001/SSBTree_1683.root
adding: dcap://cluster142.knu.ac.kr//pnfs/knu.ac.kr/data/cms/store/user/sha/Run2FULL/2016PreVFP/MC/DYJetsToLL_M-10to50_TuneCP5_13TeV-amcatnloFXFX-pythia8/crab_DYJetsToLL_M-10to50_TuneCP5_13TeV-amcatnloFXFX-pythia8/240205_161753//0001/SSBTree_1684.root
adding: dcap://cluster142.knu.ac.kr//pnfs/knu.ac.kr/data/cms/store/user/sha/Run2FULL/2016PreVFP/MC/DYJetsToLL_M-10to50_TuneCP5_13TeV-amcatnloFXFX-pythia8/crab_DYJetsToLL_M-10to50_TuneCP5_13TeV-amcatnloFXFX-pythia8/240205_161753//0001/SSBTree_1685.root
adding: dcap://cluster142.knu.ac.kr//pnfs/knu.ac.kr/data/cms/store/user/sha/Run2FULL/2016PreVFP/MC/DYJetsToLL_M-10to50_TuneCP5_13TeV-amcatnloFXFX-pythia8/crab_DYJetsToLL_M-10to50_TuneCP5_13TeV-amcatnloFXFX-pythia8/240205_161753//0001/SSBTree_1686.root
adding: dcap://cluster142.knu.ac.kr//pnfs/knu.ac.kr/data/cms/store/user/sha/Run2FULL/2016PreVFP/MC/DYJetsToLL_M-10to50_TuneCP5_13TeV-amcatnloFXFX-pythia8/crab_DYJetsToLL_M-10to50_TuneCP5_13TeV-amcatnloFXFX-pythia8/240205_161753//0001/SSBTree_1687.root
adding: dcap://cluster142.knu.ac.kr//pnfs/knu.ac.kr/data/cms/store/user/sha/Run2FULL/2016PreVFP/MC/DYJetsToLL_M-10to50_TuneCP5_13TeV-amcatnloFXFX-pythia8/crab_DYJetsToLL_M-10to50_TuneCP5_13TeV-amcatnloFXFX-pythia8/240205_161753//0001/SSBTree_1688.root
adding: dcap://cluster142.knu.ac.kr//pnfs/knu.ac.kr/data/cms/store/user/sha/Run2FULL/2016PreVFP/MC/DYJetsToLL_M-10to50_TuneCP5_13TeV-amcatnloFXFX-pythia8/crab_DYJetsToLL_M-10to50_TuneCP5_13TeV-amcatnloFXFX-pythia8/240205_161753//0001/SSBTree_1689.root
adding: dcap://cluster142.knu.ac.kr//pnfs/knu.ac.kr/data/cms/store/user/sha/Run2FULL/2016PreVFP/MC/DYJetsToLL_M-10to50_TuneCP5_13TeV-amcatnloFXFX-pythia8/crab_DYJetsToLL_M-10to50_TuneCP5_13TeV-amcatnloFXFX-pythia8/240205_161753//0001/SSBTree_1690.root
Total number of events after merging root files: 247490
Event 0
Event 10000
Event 20000
Event 30000
Event 40000
Event 50000
Event 60000
Event 70000
Event 80000
Event 90000
Event 100000
Event 110000
Event 120000
Event 130000
Event 140000
Event 150000
Event 160000
Event 170000
Event 180000
Event 190000
Event 200000
Event 210000
Event 220000
Event 230000
Event 240000
Total processed number of events: 247490
End processing...

The number of options is: 2
Option 0 = ./TopMass_analysis
Option 1 = DYJetsToLL_M_10To50/DYJetsToLL_M_10To50_190.list
Option 2 = DYJetsToLL_M_10To50/DYJetsToLL_M_10To50_190.txt
Input filelist = DYJetsToLL_M_10To50/DYJetsToLL_M_10To50_190.list
Output file name = DYJetsToLL_M_10To50/DYJetsToLL_M_10To50_190.txt


start merging file(s)
adding: dcap://cluster142.knu.ac.kr//pnfs/knu.ac.kr/data/cms/store/user/sha/Run2FULL/2016PreVFP/MC/DYJetsToLL_M-10to50_TuneCP5_13TeV-amcatnloFXFX-pythia8/crab_DYJetsToLL_M-10to50_TuneCP5_13TeV-amcatnloFXFX-pythia8/240205_161753//0001/SSBTree_1891.root
adding: dcap://cluster142.knu.ac.kr//pnfs/knu.ac.kr/data/cms/store/user/sha/Run2FULL/2016PreVFP/MC/DYJetsToLL_M-10to50_TuneCP5_13TeV-amcatnloFXFX-pythia8/crab_DYJetsToLL_M-10to50_TuneCP5_13TeV-amcatnloFXFX-pythia8/240205_161753//0001/SSBTree_1892.root
adding: dcap://cluster142.knu.ac.kr//pnfs/knu.ac.kr/data/cms/store/user/sha/Run2FULL/2016PreVFP/MC/DYJetsToLL_M-10to50_TuneCP5_13TeV-amcatnloFXFX-pythia8/crab_DYJetsToLL_M-10to50_TuneCP5_13TeV-amcatnloFXFX-pythia8/240205_161753//0001/SSBTree_1893.root
adding: dcap://cluster142.knu.ac.kr//pnfs/knu.ac.kr/data/cms/store/user/sha/Run2FULL/2016PreVFP/MC/DYJetsToLL_M-10to50_TuneCP5_13TeV-amcatnloFXFX-pythia8/crab_DYJetsToLL_M-10to50_TuneCP5_13TeV-amcatnloFXFX-pythia8/240205_161753//0001/SSBTree_1894.root
adding: dcap://cluster142.knu.ac.kr//pnfs/knu.ac.kr/data/cms/store/user/sha/Run2FULL/2016PreVFP/MC/DYJetsToLL_M-10to50_TuneCP5_13TeV-amcatnloFXFX-pythia8/crab_DYJetsToLL_M-10to50_TuneCP5_13TeV-amcatnloFXFX-pythia8/240205_161753//0001/SSBTree_1895.root
adding: dcap://cluster142.knu.ac.kr//pnfs/knu.ac.kr/data/cms/store/user/sha/Run2FULL/2016PreVFP/MC/DYJetsToLL_M-10to50_TuneCP5_13TeV-amcatnloFXFX-pythia8/crab_DYJetsToLL_M-10to50_TuneCP5_13TeV-amcatnloFXFX-pythia8/240205_161753//0001/SSBTree_1896.root
adding: dcap://cluster142.knu.ac.kr//pnfs/knu.ac.kr/data/cms/store/user/sha/Run2FULL/2016PreVFP/MC/DYJetsToLL_M-10to50_TuneCP5_13TeV-amcatnloFXFX-pythia8/crab_DYJetsToLL_M-10to50_TuneCP5_13TeV-amcatnloFXFX-pythia8/240205_161753//0001/SSBTree_1897.root
adding: dcap://cluster142.knu.ac.kr//pnfs/knu.ac.kr/data/cms/store/user/sha/Run2FULL/2016PreVFP/MC/DYJetsToLL_M-10to50_TuneCP5_13TeV-amcatnloFXFX-pythia8/crab_DYJetsToLL_M-10to50_TuneCP5_13TeV-amcatnloFXFX-pythia8/240205_161753//0001/SSBTree_1898.root
adding: dcap://cluster142.knu.ac.kr//pnfs/knu.ac.kr/data/cms/store/user/sha/Run2FULL/2016PreVFP/MC/DYJetsToLL_M-10to50_TuneCP5_13TeV-amcatnloFXFX-pythia8/crab_DYJetsToLL_M-10to50_TuneCP5_13TeV-amcatnloFXFX-pythia8/240205_161753//0001/SSBTree_1899.root
adding: dcap://cluster142.knu.ac.kr//pnfs/knu.ac.kr/data/cms/store/user/sha/Run2FULL/2016PreVFP/MC/DYJetsToLL_M-10to50_TuneCP5_13TeV-amcatnloFXFX-pythia8/crab_DYJetsToLL_M-10to50_TuneCP5_13TeV-amcatnloFXFX-pythia8/240205_161753//0001/SSBTree_1900.root
Total number of events after merging root files: 248032
Event 0
Event 10000
Event 20000
Event 30000
Event 40000
Event 50000
Event 60000
Event 70000
Event 80000
Event 90000
Event 100000
Event 110000
Event 120000
Event 130000
Event 140000
Event 150000
Event 160000
Event 170000
Event 180000
Event 190000
Event 200000
Event 210000
Event 220000
Event 230000
Event 240000
Total processed number of events: 248032
End processing...

