The number of options is: 2
Option 0 = ./TopMass_analysis
Option 1 = SingleMuon_Run2016E/SingleMuon_Run2016E_13.list
Option 2 = SingleMuon_Run2016E/SingleMuon_Run2016E_13.txt
Input filelist = SingleMuon_Run2016E/SingleMuon_Run2016E_13.list
Output file name = SingleMuon_Run2016E/SingleMuon_Run2016E_13.txt


start merging file(s)
adding: dcap://cluster142.knu.ac.kr//pnfs/knu.ac.kr/data/cms/store/user/sha/Run2FULL/2016PreVFP/DATA/SingleMuon/crab_SingleMuon_Run2016E/240213_062114//0000/SSBTree_209.root
adding: dcap://cluster142.knu.ac.kr//pnfs/knu.ac.kr/data/cms/store/user/sha/Run2FULL/2016PreVFP/DATA/SingleMuon/crab_SingleMuon_Run2016E/240213_062114//0000/SSBTree_20.root
adding: dcap://cluster142.knu.ac.kr//pnfs/knu.ac.kr/data/cms/store/user/sha/Run2FULL/2016PreVFP/DATA/SingleMuon/crab_SingleMuon_Run2016E/240213_062114//0000/SSBTree_210.root
adding: dcap://cluster142.knu.ac.kr//pnfs/knu.ac.kr/data/cms/store/user/sha/Run2FULL/2016PreVFP/DATA/SingleMuon/crab_SingleMuon_Run2016E/240213_062114//0000/SSBTree_211.root
adding: dcap://cluster142.knu.ac.kr//pnfs/knu.ac.kr/data/cms/store/user/sha/Run2FULL/2016PreVFP/DATA/SingleMuon/crab_SingleMuon_Run2016E/240213_062114//0000/SSBTree_212.root
adding: dcap://cluster142.knu.ac.kr//pnfs/knu.ac.kr/data/cms/store/user/sha/Run2FULL/2016PreVFP/DATA/SingleMuon/crab_SingleMuon_Run2016E/240213_062114//0000/SSBTree_213.root
adding: dcap://cluster142.knu.ac.kr//pnfs/knu.ac.kr/data/cms/store/user/sha/Run2FULL/2016PreVFP/DATA/SingleMuon/crab_SingleMuon_Run2016E/240213_062114//0000/SSBTree_214.root
adding: dcap://cluster142.knu.ac.kr//pnfs/knu.ac.kr/data/cms/store/user/sha/Run2FULL/2016PreVFP/DATA/SingleMuon/crab_SingleMuon_Run2016E/240213_062114//0000/SSBTree_215.root
adding: dcap://cluster142.knu.ac.kr//pnfs/knu.ac.kr/data/cms/store/user/sha/Run2FULL/2016PreVFP/DATA/SingleMuon/crab_SingleMuon_Run2016E/240213_062114//0000/SSBTree_216.root
adding: dcap://cluster142.knu.ac.kr//pnfs/knu.ac.kr/data/cms/store/user/sha/Run2FULL/2016PreVFP/DATA/SingleMuon/crab_SingleMuon_Run2016E/240213_062114//0000/SSBTree_217.root
Total number of events after merging root files: 601986
Event 0
Event 10000
Event 20000
Event 30000
Event 40000
Event 50000
Event 60000
Event 70000
Event 80000
Event 90000
Event 100000
Event 110000
Event 120000
Event 130000
Event 140000
Event 150000
Event 160000
Event 170000
Event 180000
Event 190000
Event 200000
Event 210000
Event 220000
Event 230000
Event 240000
Event 250000
Event 260000
Event 270000
Event 280000
Event 290000
Event 300000
Event 310000
Event 320000
Event 330000
Event 340000
Event 350000
Event 360000
Event 370000
Event 380000
Event 390000
Event 400000
Event 410000
Event 420000
Event 430000
Event 440000
Event 450000
Event 460000
Event 470000
Event 480000
Event 490000
Event 500000
Event 510000
Event 520000
Event 530000
Event 540000
Event 550000
Event 560000
Event 570000
Event 580000
Event 590000
Event 600000
Total processed number of events: 601986
End processing...

The number of options is: 2
Option 0 = ./TopMass_analysis
Option 1 = SingleMuon_Run2016E/SingleMuon_Run2016E_26.list
Option 2 = SingleMuon_Run2016E/SingleMuon_Run2016E_26.txt
Input filelist = SingleMuon_Run2016E/SingleMuon_Run2016E_26.list
Output file name = SingleMuon_Run2016E/SingleMuon_Run2016E_26.txt


start merging file(s)
adding: dcap://cluster142.knu.ac.kr//pnfs/knu.ac.kr/data/cms/store/user/sha/Run2FULL/2016PreVFP/DATA/SingleMuon/crab_SingleMuon_Run2016E/240213_062114//0000/SSBTree_326.root
adding: dcap://cluster142.knu.ac.kr//pnfs/knu.ac.kr/data/cms/store/user/sha/Run2FULL/2016PreVFP/DATA/SingleMuon/crab_SingleMuon_Run2016E/240213_062114//0000/SSBTree_327.root
adding: dcap://cluster142.knu.ac.kr//pnfs/knu.ac.kr/data/cms/store/user/sha/Run2FULL/2016PreVFP/DATA/SingleMuon/crab_SingleMuon_Run2016E/240213_062114//0000/SSBTree_328.root
adding: dcap://cluster142.knu.ac.kr//pnfs/knu.ac.kr/data/cms/store/user/sha/Run2FULL/2016PreVFP/DATA/SingleMuon/crab_SingleMuon_Run2016E/240213_062114//0000/SSBTree_329.root
adding: dcap://cluster142.knu.ac.kr//pnfs/knu.ac.kr/data/cms/store/user/sha/Run2FULL/2016PreVFP/DATA/SingleMuon/crab_SingleMuon_Run2016E/240213_062114//0000/SSBTree_32.root
adding: dcap://cluster142.knu.ac.kr//pnfs/knu.ac.kr/data/cms/store/user/sha/Run2FULL/2016PreVFP/DATA/SingleMuon/crab_SingleMuon_Run2016E/240213_062114//0000/SSBTree_330.root
adding: dcap://cluster142.knu.ac.kr//pnfs/knu.ac.kr/data/cms/store/user/sha/Run2FULL/2016PreVFP/DATA/SingleMuon/crab_SingleMuon_Run2016E/240213_062114//0000/SSBTree_331.root
adding: dcap://cluster142.knu.ac.kr//pnfs/knu.ac.kr/data/cms/store/user/sha/Run2FULL/2016PreVFP/DATA/SingleMuon/crab_SingleMuon_Run2016E/240213_062114//0000/SSBTree_332.root
adding: dcap://cluster142.knu.ac.kr//pnfs/knu.ac.kr/data/cms/store/user/sha/Run2FULL/2016PreVFP/DATA/SingleMuon/crab_SingleMuon_Run2016E/240213_062114//0000/SSBTree_333.root
adding: dcap://cluster142.knu.ac.kr//pnfs/knu.ac.kr/data/cms/store/user/sha/Run2FULL/2016PreVFP/DATA/SingleMuon/crab_SingleMuon_Run2016E/240213_062114//0000/SSBTree_334.root
Total number of events after merging root files: 762545
Event 0
Event 10000
Event 20000
Event 30000
Event 40000
Event 50000
Event 60000
Event 70000
Event 80000
Event 90000
Event 100000
Event 110000
Event 120000
Event 130000
Event 140000
Event 150000
Event 160000
Event 170000
Event 180000
Event 190000
Event 200000
Event 210000
Event 220000
Event 230000
Event 240000
Event 250000
Event 260000
Event 270000
Event 280000
Event 290000
Event 300000
Event 310000
Event 320000
Event 330000
Event 340000
Event 350000
Event 360000
Event 370000
Event 380000
Event 390000
Event 400000
Event 410000
Event 420000
Event 430000
Event 440000
Event 450000
Event 460000
Event 470000
Event 480000
Event 490000
Event 500000
Event 510000
Event 520000
Event 530000
Event 540000
Event 550000
Event 560000
Event 570000
Event 580000
Event 590000
Event 600000
Event 610000
Event 620000
Event 630000
Event 640000
Event 650000
Event 660000
Event 670000
Event 680000
Event 690000
Event 700000
Event 710000
Event 720000
Event 730000
Event 740000
Event 750000
Event 760000
Total processed number of events: 762545
End processing...

The number of options is: 2
Option 0 = ./TopMass_analysis
Option 1 = SingleMuon_Run2016E/SingleMuon_Run2016E_39.list
Option 2 = SingleMuon_Run2016E/SingleMuon_Run2016E_39.txt
Input filelist = SingleMuon_Run2016E/SingleMuon_Run2016E_39.list
Output file name = SingleMuon_Run2016E/SingleMuon_Run2016E_39.txt


start merging file(s)
adding: dcap://cluster142.knu.ac.kr//pnfs/knu.ac.kr/data/cms/store/user/sha/Run2FULL/2016PreVFP/DATA/SingleMuon/crab_SingleMuon_Run2016E/240213_062114//0000/SSBTree_443.root
adding: dcap://cluster142.knu.ac.kr//pnfs/knu.ac.kr/data/cms/store/user/sha/Run2FULL/2016PreVFP/DATA/SingleMuon/crab_SingleMuon_Run2016E/240213_062114//0000/SSBTree_444.root
adding: dcap://cluster142.knu.ac.kr//pnfs/knu.ac.kr/data/cms/store/user/sha/Run2FULL/2016PreVFP/DATA/SingleMuon/crab_SingleMuon_Run2016E/240213_062114//0000/SSBTree_445.root
adding: dcap://cluster142.knu.ac.kr//pnfs/knu.ac.kr/data/cms/store/user/sha/Run2FULL/2016PreVFP/DATA/SingleMuon/crab_SingleMuon_Run2016E/240213_062114//0000/SSBTree_446.root
adding: dcap://cluster142.knu.ac.kr//pnfs/knu.ac.kr/data/cms/store/user/sha/Run2FULL/2016PreVFP/DATA/SingleMuon/crab_SingleMuon_Run2016E/240213_062114//0000/SSBTree_447.root
adding: dcap://cluster142.knu.ac.kr//pnfs/knu.ac.kr/data/cms/store/user/sha/Run2FULL/2016PreVFP/DATA/SingleMuon/crab_SingleMuon_Run2016E/240213_062114//0000/SSBTree_448.root
adding: dcap://cluster142.knu.ac.kr//pnfs/knu.ac.kr/data/cms/store/user/sha/Run2FULL/2016PreVFP/DATA/SingleMuon/crab_SingleMuon_Run2016E/240213_062114//0000/SSBTree_449.root
adding: dcap://cluster142.knu.ac.kr//pnfs/knu.ac.kr/data/cms/store/user/sha/Run2FULL/2016PreVFP/DATA/SingleMuon/crab_SingleMuon_Run2016E/240213_062114//0000/SSBTree_44.root
adding: dcap://cluster142.knu.ac.kr//pnfs/knu.ac.kr/data/cms/store/user/sha/Run2FULL/2016PreVFP/DATA/SingleMuon/crab_SingleMuon_Run2016E/240213_062114//0000/SSBTree_450.root
adding: dcap://cluster142.knu.ac.kr//pnfs/knu.ac.kr/data/cms/store/user/sha/Run2FULL/2016PreVFP/DATA/SingleMuon/crab_SingleMuon_Run2016E/240213_062114//0000/SSBTree_451.root
Total number of events after merging root files: 724736
Event 0
Event 10000
Event 20000
Event 30000
Event 40000
Event 50000
Event 60000
Event 70000
Event 80000
Event 90000
Event 100000
Event 110000
Event 120000
Event 130000
Event 140000
Event 150000
Event 160000
Event 170000
Event 180000
Event 190000
Event 200000
Event 210000
Event 220000
Event 230000
Event 240000
Event 250000
Event 260000
Event 270000
Event 280000
Event 290000
Event 300000
Event 310000
Event 320000
Event 330000
Event 340000
Event 350000
Event 360000
Event 370000
Event 380000
Event 390000
Event 400000
Event 410000
Event 420000
Event 430000
Event 440000
Event 450000
Event 460000
Event 470000
Event 480000
Event 490000
Event 500000
Event 510000
Event 520000
Event 530000
Event 540000
Event 550000
Event 560000
Event 570000
Event 580000
Event 590000
Event 600000
Event 610000
Event 620000
Event 630000
Event 640000
Event 650000
Event 660000
Event 670000
Event 680000
Event 690000
Event 700000
Event 710000
Event 720000
Total processed number of events: 724736
End processing...

The number of options is: 2
Option 0 = ./TopMass_analysis
Option 1 = SingleMuon_Run2016E/SingleMuon_Run2016E_52.list
Option 2 = SingleMuon_Run2016E/SingleMuon_Run2016E_52.txt
Input filelist = SingleMuon_Run2016E/SingleMuon_Run2016E_52.list
Output file name = SingleMuon_Run2016E/SingleMuon_Run2016E_52.txt


start merging file(s)
adding: dcap://cluster142.knu.ac.kr//pnfs/knu.ac.kr/data/cms/store/user/sha/Run2FULL/2016PreVFP/DATA/SingleMuon/crab_SingleMuon_Run2016E/240213_062114//0000/SSBTree_560.root
adding: dcap://cluster142.knu.ac.kr//pnfs/knu.ac.kr/data/cms/store/user/sha/Run2FULL/2016PreVFP/DATA/SingleMuon/crab_SingleMuon_Run2016E/240213_062114//0000/SSBTree_561.root
adding: dcap://cluster142.knu.ac.kr//pnfs/knu.ac.kr/data/cms/store/user/sha/Run2FULL/2016PreVFP/DATA/SingleMuon/crab_SingleMuon_Run2016E/240213_062114//0000/SSBTree_562.root
adding: dcap://cluster142.knu.ac.kr//pnfs/knu.ac.kr/data/cms/store/user/sha/Run2FULL/2016PreVFP/DATA/SingleMuon/crab_SingleMuon_Run2016E/240213_062114//0000/SSBTree_563.root
adding: dcap://cluster142.knu.ac.kr//pnfs/knu.ac.kr/data/cms/store/user/sha/Run2FULL/2016PreVFP/DATA/SingleMuon/crab_SingleMuon_Run2016E/240213_062114//0000/SSBTree_564.root
adding: dcap://cluster142.knu.ac.kr//pnfs/knu.ac.kr/data/cms/store/user/sha/Run2FULL/2016PreVFP/DATA/SingleMuon/crab_SingleMuon_Run2016E/240213_062114//0000/SSBTree_565.root
adding: dcap://cluster142.knu.ac.kr//pnfs/knu.ac.kr/data/cms/store/user/sha/Run2FULL/2016PreVFP/DATA/SingleMuon/crab_SingleMuon_Run2016E/240213_062114//0000/SSBTree_566.root
adding: dcap://cluster142.knu.ac.kr//pnfs/knu.ac.kr/data/cms/store/user/sha/Run2FULL/2016PreVFP/DATA/SingleMuon/crab_SingleMuon_Run2016E/240213_062114//0000/SSBTree_567.root
adding: dcap://cluster142.knu.ac.kr//pnfs/knu.ac.kr/data/cms/store/user/sha/Run2FULL/2016PreVFP/DATA/SingleMuon/crab_SingleMuon_Run2016E/240213_062114//0000/SSBTree_568.root
adding: dcap://cluster142.knu.ac.kr//pnfs/knu.ac.kr/data/cms/store/user/sha/Run2FULL/2016PreVFP/DATA/SingleMuon/crab_SingleMuon_Run2016E/240213_062114//0000/SSBTree_569.root
Total number of events after merging root files: 564724
Event 0
Event 10000
Event 20000
Event 30000
Event 40000
Event 50000
Event 60000
Event 70000
Event 80000
Event 90000
Event 100000
Event 110000
Event 120000
Event 130000
Event 140000
Event 150000
Event 160000
Event 170000
Event 180000
Event 190000
Event 200000
Event 210000
Event 220000
Event 230000
Event 240000
Event 250000
Event 260000
Event 270000
Event 280000
Event 290000
Event 300000
Event 310000
Event 320000
Event 330000
Event 340000
Event 350000
Event 360000
Event 370000
Event 380000
Event 390000
Event 400000
Event 410000
Event 420000
Event 430000
Event 440000
Event 450000
Event 460000
Event 470000
Event 480000
Event 490000
Event 500000
Event 510000
Event 520000
Event 530000
Event 540000
Event 550000
Event 560000
Total processed number of events: 564724
End processing...

The number of options is: 2
Option 0 = ./TopMass_analysis
Option 1 = SingleMuon_Run2016E/SingleMuon_Run2016E_65.list
Option 2 = SingleMuon_Run2016E/SingleMuon_Run2016E_65.txt
Input filelist = SingleMuon_Run2016E/SingleMuon_Run2016E_65.list
Output file name = SingleMuon_Run2016E/SingleMuon_Run2016E_65.txt


start merging file(s)
adding: dcap://cluster142.knu.ac.kr//pnfs/knu.ac.kr/data/cms/store/user/sha/Run2FULL/2016PreVFP/DATA/SingleMuon/crab_SingleMuon_Run2016E/240213_062114//0000/SSBTree_678.root
adding: dcap://cluster142.knu.ac.kr//pnfs/knu.ac.kr/data/cms/store/user/sha/Run2FULL/2016PreVFP/DATA/SingleMuon/crab_SingleMuon_Run2016E/240213_062114//0000/SSBTree_679.root
adding: dcap://cluster142.knu.ac.kr//pnfs/knu.ac.kr/data/cms/store/user/sha/Run2FULL/2016PreVFP/DATA/SingleMuon/crab_SingleMuon_Run2016E/240213_062114//0000/SSBTree_67.root
adding: dcap://cluster142.knu.ac.kr//pnfs/knu.ac.kr/data/cms/store/user/sha/Run2FULL/2016PreVFP/DATA/SingleMuon/crab_SingleMuon_Run2016E/240213_062114//0000/SSBTree_680.root
adding: dcap://cluster142.knu.ac.kr//pnfs/knu.ac.kr/data/cms/store/user/sha/Run2FULL/2016PreVFP/DATA/SingleMuon/crab_SingleMuon_Run2016E/240213_062114//0000/SSBTree_681.root
adding: dcap://cluster142.knu.ac.kr//pnfs/knu.ac.kr/data/cms/store/user/sha/Run2FULL/2016PreVFP/DATA/SingleMuon/crab_SingleMuon_Run2016E/240213_062114//0000/SSBTree_682.root
adding: dcap://cluster142.knu.ac.kr//pnfs/knu.ac.kr/data/cms/store/user/sha/Run2FULL/2016PreVFP/DATA/SingleMuon/crab_SingleMuon_Run2016E/240213_062114//0000/SSBTree_683.root
adding: dcap://cluster142.knu.ac.kr//pnfs/knu.ac.kr/data/cms/store/user/sha/Run2FULL/2016PreVFP/DATA/SingleMuon/crab_SingleMuon_Run2016E/240213_062114//0000/SSBTree_684.root
adding: dcap://cluster142.knu.ac.kr//pnfs/knu.ac.kr/data/cms/store/user/sha/Run2FULL/2016PreVFP/DATA/SingleMuon/crab_SingleMuon_Run2016E/240213_062114//0000/SSBTree_685.root
adding: dcap://cluster142.knu.ac.kr//pnfs/knu.ac.kr/data/cms/store/user/sha/Run2FULL/2016PreVFP/DATA/SingleMuon/crab_SingleMuon_Run2016E/240213_062114//0000/SSBTree_686.root
Total number of events after merging root files: 874643
Event 0
Event 10000
Event 20000
Event 30000
Event 40000
Event 50000
Event 60000
Event 70000
Event 80000
Event 90000
Event 100000
Event 110000
Event 120000
Event 130000
Event 140000
Event 150000
Event 160000
Event 170000
Event 180000
Event 190000
Event 200000
Event 210000
Event 220000
Event 230000
Event 240000
Event 250000
Event 260000
Event 270000
Event 280000
Event 290000
Event 300000
Event 310000
Event 320000
Event 330000
Event 340000
Event 350000
Event 360000
Event 370000
Event 380000
Event 390000
Event 400000
Event 410000
Event 420000
Event 430000
Event 440000
Event 450000
Event 460000
Event 470000
Event 480000
Event 490000
Event 500000
Event 510000
Event 520000
Event 530000
Event 540000
Event 550000
Event 560000
Event 570000
Event 580000
Event 590000
Event 600000
Event 610000
Event 620000
Event 630000
Event 640000
Event 650000
Event 660000
Event 670000
Event 680000
Event 690000
Event 700000
Event 710000
Event 720000
Event 730000
Event 740000
Event 750000
Event 760000
Event 770000
Event 780000
Event 790000
Event 800000
Event 810000
Event 820000
Event 830000
Event 840000
Event 850000
Event 860000
Event 870000
Total processed number of events: 874643
End processing...

The number of options is: 2
Option 0 = ./TopMass_analysis
Option 1 = SingleMuon_Run2016E/SingleMuon_Run2016E_78.list
Option 2 = SingleMuon_Run2016E/SingleMuon_Run2016E_78.txt
Input filelist = SingleMuon_Run2016E/SingleMuon_Run2016E_78.list
Output file name = SingleMuon_Run2016E/SingleMuon_Run2016E_78.txt


start merging file(s)
adding: dcap://cluster142.knu.ac.kr//pnfs/knu.ac.kr/data/cms/store/user/sha/Run2FULL/2016PreVFP/DATA/SingleMuon/crab_SingleMuon_Run2016E/240213_062114//0000/SSBTree_795.root
adding: dcap://cluster142.knu.ac.kr//pnfs/knu.ac.kr/data/cms/store/user/sha/Run2FULL/2016PreVFP/DATA/SingleMuon/crab_SingleMuon_Run2016E/240213_062114//0000/SSBTree_796.root
adding: dcap://cluster142.knu.ac.kr//pnfs/knu.ac.kr/data/cms/store/user/sha/Run2FULL/2016PreVFP/DATA/SingleMuon/crab_SingleMuon_Run2016E/240213_062114//0000/SSBTree_797.root
adding: dcap://cluster142.knu.ac.kr//pnfs/knu.ac.kr/data/cms/store/user/sha/Run2FULL/2016PreVFP/DATA/SingleMuon/crab_SingleMuon_Run2016E/240213_062114//0000/SSBTree_798.root
adding: dcap://cluster142.knu.ac.kr//pnfs/knu.ac.kr/data/cms/store/user/sha/Run2FULL/2016PreVFP/DATA/SingleMuon/crab_SingleMuon_Run2016E/240213_062114//0000/SSBTree_799.root
adding: dcap://cluster142.knu.ac.kr//pnfs/knu.ac.kr/data/cms/store/user/sha/Run2FULL/2016PreVFP/DATA/SingleMuon/crab_SingleMuon_Run2016E/240213_062114//0000/SSBTree_79.root
adding: dcap://cluster142.knu.ac.kr//pnfs/knu.ac.kr/data/cms/store/user/sha/Run2FULL/2016PreVFP/DATA/SingleMuon/crab_SingleMuon_Run2016E/240213_062114//0000/SSBTree_7.root
adding: dcap://cluster142.knu.ac.kr//pnfs/knu.ac.kr/data/cms/store/user/sha/Run2FULL/2016PreVFP/DATA/SingleMuon/crab_SingleMuon_Run2016E/240213_062114//0000/SSBTree_800.root
adding: dcap://cluster142.knu.ac.kr//pnfs/knu.ac.kr/data/cms/store/user/sha/Run2FULL/2016PreVFP/DATA/SingleMuon/crab_SingleMuon_Run2016E/240213_062114//0000/SSBTree_801.root
adding: dcap://cluster142.knu.ac.kr//pnfs/knu.ac.kr/data/cms/store/user/sha/Run2FULL/2016PreVFP/DATA/SingleMuon/crab_SingleMuon_Run2016E/240213_062114//0000/SSBTree_802.root
Total number of events after merging root files: 635757
Event 0
Event 10000
Event 20000
Event 30000
Event 40000
Event 50000
Event 60000
Event 70000
Event 80000
Event 90000
Event 100000
Event 110000
Event 120000
Event 130000
Event 140000
Event 150000
Event 160000
Event 170000
Event 180000
Event 190000
Event 200000
Event 210000
Event 220000
Event 230000
Event 240000
Event 250000
Event 260000
Event 270000
Event 280000
Event 290000
Event 300000
Event 310000
Event 320000
Event 330000
Event 340000
Event 350000
Event 360000
Event 370000
Event 380000
Event 390000
Event 400000
Event 410000
Event 420000
Event 430000
Event 440000
Event 450000
Event 460000
Event 470000
Event 480000
Event 490000
Event 500000
Event 510000
Event 520000
Event 530000
Event 540000
Event 550000
Event 560000
Event 570000
Event 580000
Event 590000
Event 600000
Event 610000
Event 620000
Event 630000
Total processed number of events: 635757
End processing...

The number of options is: 2
Option 0 = ./TopMass_analysis
Option 1 = SingleMuon_Run2016E/SingleMuon_Run2016E_91.list
Option 2 = SingleMuon_Run2016E/SingleMuon_Run2016E_91.txt
Input filelist = SingleMuon_Run2016E/SingleMuon_Run2016E_91.list
Output file name = SingleMuon_Run2016E/SingleMuon_Run2016E_91.txt


start merging file(s)
adding: dcap://cluster142.knu.ac.kr//pnfs/knu.ac.kr/data/cms/store/user/sha/Run2FULL/2016PreVFP/DATA/SingleMuon/crab_SingleMuon_Run2016E/240213_062114//0000/SSBTree_911.root
adding: dcap://cluster142.knu.ac.kr//pnfs/knu.ac.kr/data/cms/store/user/sha/Run2FULL/2016PreVFP/DATA/SingleMuon/crab_SingleMuon_Run2016E/240213_062114//0000/SSBTree_912.root
adding: dcap://cluster142.knu.ac.kr//pnfs/knu.ac.kr/data/cms/store/user/sha/Run2FULL/2016PreVFP/DATA/SingleMuon/crab_SingleMuon_Run2016E/240213_062114//0000/SSBTree_913.root
adding: dcap://cluster142.knu.ac.kr//pnfs/knu.ac.kr/data/cms/store/user/sha/Run2FULL/2016PreVFP/DATA/SingleMuon/crab_SingleMuon_Run2016E/240213_062114//0000/SSBTree_914.root
adding: dcap://cluster142.knu.ac.kr//pnfs/knu.ac.kr/data/cms/store/user/sha/Run2FULL/2016PreVFP/DATA/SingleMuon/crab_SingleMuon_Run2016E/240213_062114//0000/SSBTree_915.root
adding: dcap://cluster142.knu.ac.kr//pnfs/knu.ac.kr/data/cms/store/user/sha/Run2FULL/2016PreVFP/DATA/SingleMuon/crab_SingleMuon_Run2016E/240213_062114//0000/SSBTree_916.root
adding: dcap://cluster142.knu.ac.kr//pnfs/knu.ac.kr/data/cms/store/user/sha/Run2FULL/2016PreVFP/DATA/SingleMuon/crab_SingleMuon_Run2016E/240213_062114//0000/SSBTree_917.root
adding: dcap://cluster142.knu.ac.kr//pnfs/knu.ac.kr/data/cms/store/user/sha/Run2FULL/2016PreVFP/DATA/SingleMuon/crab_SingleMuon_Run2016E/240213_062114//0000/SSBTree_918.root
adding: dcap://cluster142.knu.ac.kr//pnfs/knu.ac.kr/data/cms/store/user/sha/Run2FULL/2016PreVFP/DATA/SingleMuon/crab_SingleMuon_Run2016E/240213_062114//0000/SSBTree_919.root
adding: dcap://cluster142.knu.ac.kr//pnfs/knu.ac.kr/data/cms/store/user/sha/Run2FULL/2016PreVFP/DATA/SingleMuon/crab_SingleMuon_Run2016E/240213_062114//0000/SSBTree_91.root
Total number of events after merging root files: 661876
Event 0
Event 10000
Event 20000
Event 30000
Event 40000
Event 50000
Event 60000
Event 70000
Event 80000
Event 90000
Event 100000
Event 110000
Event 120000
Event 130000
Event 140000
Event 150000
Event 160000
Event 170000
Event 180000
Event 190000
Event 200000
Event 210000
Event 220000
Event 230000
Event 240000
Event 250000
Event 260000
Event 270000
Event 280000
Event 290000
Event 300000
Event 310000
Event 320000
Event 330000
Event 340000
Event 350000
Event 360000
Event 370000
Event 380000
Event 390000
Event 400000
Event 410000
Event 420000
Event 430000
Event 440000
Event 450000
Event 460000
Event 470000
Event 480000
Event 490000
Event 500000
Event 510000
Event 520000
Event 530000
Event 540000
Event 550000
Event 560000
Event 570000
Event 580000
Event 590000
Event 600000
Event 610000
Event 620000
Event 630000
Event 640000
Event 650000
Event 660000
Total processed number of events: 661876
End processing...

The number of options is: 2
Option 0 = ./TopMass_analysis
Option 1 = SingleMuon_Run2016E/SingleMuon_Run2016E_104.list
Option 2 = SingleMuon_Run2016E/SingleMuon_Run2016E_104.txt
Input filelist = SingleMuon_Run2016E/SingleMuon_Run2016E_104.list
Output file name = SingleMuon_Run2016E/SingleMuon_Run2016E_104.txt


start merging file(s)
adding: dcap://cluster142.knu.ac.kr//pnfs/knu.ac.kr/data/cms/store/user/sha/Run2FULL/2016PreVFP/DATA/SingleMuon/crab_SingleMuon_Run2016E/240213_062114//0001/SSBTree_1031.root
adding: dcap://cluster142.knu.ac.kr//pnfs/knu.ac.kr/data/cms/store/user/sha/Run2FULL/2016PreVFP/DATA/SingleMuon/crab_SingleMuon_Run2016E/240213_062114//0001/SSBTree_1032.root
adding: dcap://cluster142.knu.ac.kr//pnfs/knu.ac.kr/data/cms/store/user/sha/Run2FULL/2016PreVFP/DATA/SingleMuon/crab_SingleMuon_Run2016E/240213_062114//0001/SSBTree_1033.root
adding: dcap://cluster142.knu.ac.kr//pnfs/knu.ac.kr/data/cms/store/user/sha/Run2FULL/2016PreVFP/DATA/SingleMuon/crab_SingleMuon_Run2016E/240213_062114//0001/SSBTree_1034.root
adding: dcap://cluster142.knu.ac.kr//pnfs/knu.ac.kr/data/cms/store/user/sha/Run2FULL/2016PreVFP/DATA/SingleMuon/crab_SingleMuon_Run2016E/240213_062114//0001/SSBTree_1035.root
adding: dcap://cluster142.knu.ac.kr//pnfs/knu.ac.kr/data/cms/store/user/sha/Run2FULL/2016PreVFP/DATA/SingleMuon/crab_SingleMuon_Run2016E/240213_062114//0001/SSBTree_1036.root
adding: dcap://cluster142.knu.ac.kr//pnfs/knu.ac.kr/data/cms/store/user/sha/Run2FULL/2016PreVFP/DATA/SingleMuon/crab_SingleMuon_Run2016E/240213_062114//0001/SSBTree_1037.root
adding: dcap://cluster142.knu.ac.kr//pnfs/knu.ac.kr/data/cms/store/user/sha/Run2FULL/2016PreVFP/DATA/SingleMuon/crab_SingleMuon_Run2016E/240213_062114//0001/SSBTree_1038.root
adding: dcap://cluster142.knu.ac.kr//pnfs/knu.ac.kr/data/cms/store/user/sha/Run2FULL/2016PreVFP/DATA/SingleMuon/crab_SingleMuon_Run2016E/240213_062114//0001/SSBTree_1039.root
adding: dcap://cluster142.knu.ac.kr//pnfs/knu.ac.kr/data/cms/store/user/sha/Run2FULL/2016PreVFP/DATA/SingleMuon/crab_SingleMuon_Run2016E/240213_062114//0001/SSBTree_1040.root
Total number of events after merging root files: 511300
Event 0
Event 10000
Event 20000
Event 30000
Event 40000
Event 50000
Event 60000
Event 70000
Event 80000
Event 90000
Event 100000
Event 110000
Event 120000
Event 130000
Event 140000
Event 150000
Event 160000
Event 170000
Event 180000
Event 190000
Event 200000
Event 210000
Event 220000
Event 230000
Event 240000
Event 250000
Event 260000
Event 270000
Event 280000
Event 290000
Event 300000
Event 310000
Event 320000
Event 330000
Event 340000
Event 350000
Event 360000
Event 370000
Event 380000
Event 390000
Event 400000
Event 410000
Event 420000
Event 430000
Event 440000
Event 450000
Event 460000
Event 470000
Event 480000
Event 490000
Event 500000
Event 510000
Total processed number of events: 511300
End processing...

The number of options is: 2
Option 0 = ./TopMass_analysis
Option 1 = SingleMuon_Run2016E/SingleMuon_Run2016E_117.list
Option 2 = SingleMuon_Run2016E/SingleMuon_Run2016E_117.txt
Input filelist = SingleMuon_Run2016E/SingleMuon_Run2016E_117.list
Output file name = SingleMuon_Run2016E/SingleMuon_Run2016E_117.txt


start merging file(s)
adding: dcap://cluster142.knu.ac.kr//pnfs/knu.ac.kr/data/cms/store/user/sha/Run2FULL/2016PreVFP/DATA/SingleMuon/crab_SingleMuon_Run2016E/240213_062114//0001/SSBTree_1161.root
adding: dcap://cluster142.knu.ac.kr//pnfs/knu.ac.kr/data/cms/store/user/sha/Run2FULL/2016PreVFP/DATA/SingleMuon/crab_SingleMuon_Run2016E/240213_062114//0001/SSBTree_1162.root
adding: dcap://cluster142.knu.ac.kr//pnfs/knu.ac.kr/data/cms/store/user/sha/Run2FULL/2016PreVFP/DATA/SingleMuon/crab_SingleMuon_Run2016E/240213_062114//0001/SSBTree_1163.root
adding: dcap://cluster142.knu.ac.kr//pnfs/knu.ac.kr/data/cms/store/user/sha/Run2FULL/2016PreVFP/DATA/SingleMuon/crab_SingleMuon_Run2016E/240213_062114//0001/SSBTree_1164.root
adding: dcap://cluster142.knu.ac.kr//pnfs/knu.ac.kr/data/cms/store/user/sha/Run2FULL/2016PreVFP/DATA/SingleMuon/crab_SingleMuon_Run2016E/240213_062114//0001/SSBTree_1165.root
adding: dcap://cluster142.knu.ac.kr//pnfs/knu.ac.kr/data/cms/store/user/sha/Run2FULL/2016PreVFP/DATA/SingleMuon/crab_SingleMuon_Run2016E/240213_062114//0001/SSBTree_1166.root
adding: dcap://cluster142.knu.ac.kr//pnfs/knu.ac.kr/data/cms/store/user/sha/Run2FULL/2016PreVFP/DATA/SingleMuon/crab_SingleMuon_Run2016E/240213_062114//0001/SSBTree_1167.root
adding: dcap://cluster142.knu.ac.kr//pnfs/knu.ac.kr/data/cms/store/user/sha/Run2FULL/2016PreVFP/DATA/SingleMuon/crab_SingleMuon_Run2016E/240213_062114//0001/SSBTree_1168.root
adding: dcap://cluster142.knu.ac.kr//pnfs/knu.ac.kr/data/cms/store/user/sha/Run2FULL/2016PreVFP/DATA/SingleMuon/crab_SingleMuon_Run2016E/240213_062114//0001/SSBTree_1169.root
adding: dcap://cluster142.knu.ac.kr//pnfs/knu.ac.kr/data/cms/store/user/sha/Run2FULL/2016PreVFP/DATA/SingleMuon/crab_SingleMuon_Run2016E/240213_062114//0001/SSBTree_1170.root
Total number of events after merging root files: 474164
Event 0
Event 10000
Event 20000
Event 30000
Event 40000
Event 50000
Event 60000
Event 70000
Event 80000
Event 90000
Event 100000
Event 110000
Event 120000
Event 130000
Event 140000
Event 150000
Event 160000
Event 170000
Event 180000
Event 190000
Event 200000
Event 210000
Event 220000
Event 230000
Event 240000
Event 250000
Event 260000
Event 270000
Event 280000
Event 290000
Event 300000
Event 310000
Event 320000
Event 330000
Event 340000
Event 350000
Event 360000
Event 370000
Event 380000
Event 390000
Event 400000
Event 410000
Event 420000
Event 430000
Event 440000
Event 450000
Event 460000
Event 470000
Total processed number of events: 474164
End processing...

