The number of options is: 2
Option 0 = ./TopMass_analysis
Option 1 = SingleMuon_Run2016E/SingleMuon_Run2016E_10.list
Option 2 = SingleMuon_Run2016E/SingleMuon_Run2016E_10.txt
Input filelist = SingleMuon_Run2016E/SingleMuon_Run2016E_10.list
Output file name = SingleMuon_Run2016E/SingleMuon_Run2016E_10.txt


start merging file(s)
adding: dcap://cluster142.knu.ac.kr//pnfs/knu.ac.kr/data/cms/store/user/sha/Run2FULL/2016PreVFP/DATA/SingleMuon/crab_SingleMuon_Run2016E/240213_062114//0000/SSBTree_182.root
adding: dcap://cluster142.knu.ac.kr//pnfs/knu.ac.kr/data/cms/store/user/sha/Run2FULL/2016PreVFP/DATA/SingleMuon/crab_SingleMuon_Run2016E/240213_062114//0000/SSBTree_183.root
adding: dcap://cluster142.knu.ac.kr//pnfs/knu.ac.kr/data/cms/store/user/sha/Run2FULL/2016PreVFP/DATA/SingleMuon/crab_SingleMuon_Run2016E/240213_062114//0000/SSBTree_184.root
adding: dcap://cluster142.knu.ac.kr//pnfs/knu.ac.kr/data/cms/store/user/sha/Run2FULL/2016PreVFP/DATA/SingleMuon/crab_SingleMuon_Run2016E/240213_062114//0000/SSBTree_185.root
adding: dcap://cluster142.knu.ac.kr//pnfs/knu.ac.kr/data/cms/store/user/sha/Run2FULL/2016PreVFP/DATA/SingleMuon/crab_SingleMuon_Run2016E/240213_062114//0000/SSBTree_186.root
adding: dcap://cluster142.knu.ac.kr//pnfs/knu.ac.kr/data/cms/store/user/sha/Run2FULL/2016PreVFP/DATA/SingleMuon/crab_SingleMuon_Run2016E/240213_062114//0000/SSBTree_187.root
adding: dcap://cluster142.knu.ac.kr//pnfs/knu.ac.kr/data/cms/store/user/sha/Run2FULL/2016PreVFP/DATA/SingleMuon/crab_SingleMuon_Run2016E/240213_062114//0000/SSBTree_188.root
adding: dcap://cluster142.knu.ac.kr//pnfs/knu.ac.kr/data/cms/store/user/sha/Run2FULL/2016PreVFP/DATA/SingleMuon/crab_SingleMuon_Run2016E/240213_062114//0000/SSBTree_189.root
adding: dcap://cluster142.knu.ac.kr//pnfs/knu.ac.kr/data/cms/store/user/sha/Run2FULL/2016PreVFP/DATA/SingleMuon/crab_SingleMuon_Run2016E/240213_062114//0000/SSBTree_18.root
adding: dcap://cluster142.knu.ac.kr//pnfs/knu.ac.kr/data/cms/store/user/sha/Run2FULL/2016PreVFP/DATA/SingleMuon/crab_SingleMuon_Run2016E/240213_062114//0000/SSBTree_190.root
Total number of events after merging root files: 726705
Event 0
Event 10000
Event 20000
Event 30000
Event 40000
Event 50000
Event 60000
Event 70000
Event 80000
Event 90000
Event 100000
Event 110000
Event 120000
Event 130000
Event 140000
Event 150000
Event 160000
Event 170000
Event 180000
Event 190000
Event 200000
Event 210000
Event 220000
Event 230000
Event 240000
Event 250000
Event 260000
Event 270000
Event 280000
Event 290000
Event 300000
Event 310000
Event 320000
Event 330000
Event 340000
Event 350000
Event 360000
Event 370000
Event 380000
Event 390000
Event 400000
Event 410000
Event 420000
Event 430000
Event 440000
Event 450000
Event 460000
Event 470000
Event 480000
Event 490000
Event 500000
Event 510000
Event 520000
Event 530000
Event 540000
Event 550000
Event 560000
Event 570000
Event 580000
Event 590000
Event 600000
Event 610000
Event 620000
Event 630000
Event 640000
Event 650000
Event 660000
Event 670000
Event 680000
Event 690000
Event 700000
Event 710000
Event 720000
Total processed number of events: 726705
End processing...

The number of options is: 2
Option 0 = ./TopMass_analysis
Option 1 = SingleMuon_Run2016E/SingleMuon_Run2016E_23.list
Option 2 = SingleMuon_Run2016E/SingleMuon_Run2016E_23.txt
Input filelist = SingleMuon_Run2016E/SingleMuon_Run2016E_23.list
Output file name = SingleMuon_Run2016E/SingleMuon_Run2016E_23.txt


start merging file(s)
adding: dcap://cluster142.knu.ac.kr//pnfs/knu.ac.kr/data/cms/store/user/sha/Run2FULL/2016PreVFP/DATA/SingleMuon/crab_SingleMuon_Run2016E/240213_062114//0000/SSBTree_29.root
adding: dcap://cluster142.knu.ac.kr//pnfs/knu.ac.kr/data/cms/store/user/sha/Run2FULL/2016PreVFP/DATA/SingleMuon/crab_SingleMuon_Run2016E/240213_062114//0000/SSBTree_2.root
adding: dcap://cluster142.knu.ac.kr//pnfs/knu.ac.kr/data/cms/store/user/sha/Run2FULL/2016PreVFP/DATA/SingleMuon/crab_SingleMuon_Run2016E/240213_062114//0000/SSBTree_300.root
adding: dcap://cluster142.knu.ac.kr//pnfs/knu.ac.kr/data/cms/store/user/sha/Run2FULL/2016PreVFP/DATA/SingleMuon/crab_SingleMuon_Run2016E/240213_062114//0000/SSBTree_301.root
adding: dcap://cluster142.knu.ac.kr//pnfs/knu.ac.kr/data/cms/store/user/sha/Run2FULL/2016PreVFP/DATA/SingleMuon/crab_SingleMuon_Run2016E/240213_062114//0000/SSBTree_302.root
adding: dcap://cluster142.knu.ac.kr//pnfs/knu.ac.kr/data/cms/store/user/sha/Run2FULL/2016PreVFP/DATA/SingleMuon/crab_SingleMuon_Run2016E/240213_062114//0000/SSBTree_303.root
adding: dcap://cluster142.knu.ac.kr//pnfs/knu.ac.kr/data/cms/store/user/sha/Run2FULL/2016PreVFP/DATA/SingleMuon/crab_SingleMuon_Run2016E/240213_062114//0000/SSBTree_304.root
adding: dcap://cluster142.knu.ac.kr//pnfs/knu.ac.kr/data/cms/store/user/sha/Run2FULL/2016PreVFP/DATA/SingleMuon/crab_SingleMuon_Run2016E/240213_062114//0000/SSBTree_305.root
adding: dcap://cluster142.knu.ac.kr//pnfs/knu.ac.kr/data/cms/store/user/sha/Run2FULL/2016PreVFP/DATA/SingleMuon/crab_SingleMuon_Run2016E/240213_062114//0000/SSBTree_306.root
adding: dcap://cluster142.knu.ac.kr//pnfs/knu.ac.kr/data/cms/store/user/sha/Run2FULL/2016PreVFP/DATA/SingleMuon/crab_SingleMuon_Run2016E/240213_062114//0000/SSBTree_307.root
Total number of events after merging root files: 578323
Event 0
Event 10000
Event 20000
Event 30000
Event 40000
Event 50000
Event 60000
Event 70000
Event 80000
Event 90000
Event 100000
Event 110000
Event 120000
Event 130000
Event 140000
Event 150000
Event 160000
Event 170000
Event 180000
Event 190000
Event 200000
Event 210000
Event 220000
Event 230000
Event 240000
Event 250000
Event 260000
Event 270000
Event 280000
Event 290000
Event 300000
Event 310000
Event 320000
Event 330000
Event 340000
Event 350000
Event 360000
Event 370000
Event 380000
Event 390000
Event 400000
Event 410000
Event 420000
Event 430000
Event 440000
Event 450000
Event 460000
Event 470000
Event 480000
Event 490000
Event 500000
Event 510000
Event 520000
Event 530000
Event 540000
Event 550000
Event 560000
Event 570000
Total processed number of events: 578323
End processing...

The number of options is: 2
Option 0 = ./TopMass_analysis
Option 1 = SingleMuon_Run2016E/SingleMuon_Run2016E_36.list
Option 2 = SingleMuon_Run2016E/SingleMuon_Run2016E_36.txt
Input filelist = SingleMuon_Run2016E/SingleMuon_Run2016E_36.list
Output file name = SingleMuon_Run2016E/SingleMuon_Run2016E_36.txt


start merging file(s)
adding: dcap://cluster142.knu.ac.kr//pnfs/knu.ac.kr/data/cms/store/user/sha/Run2FULL/2016PreVFP/DATA/SingleMuon/crab_SingleMuon_Run2016E/240213_062114//0000/SSBTree_416.root
adding: dcap://cluster142.knu.ac.kr//pnfs/knu.ac.kr/data/cms/store/user/sha/Run2FULL/2016PreVFP/DATA/SingleMuon/crab_SingleMuon_Run2016E/240213_062114//0000/SSBTree_417.root
adding: dcap://cluster142.knu.ac.kr//pnfs/knu.ac.kr/data/cms/store/user/sha/Run2FULL/2016PreVFP/DATA/SingleMuon/crab_SingleMuon_Run2016E/240213_062114//0000/SSBTree_418.root
adding: dcap://cluster142.knu.ac.kr//pnfs/knu.ac.kr/data/cms/store/user/sha/Run2FULL/2016PreVFP/DATA/SingleMuon/crab_SingleMuon_Run2016E/240213_062114//0000/SSBTree_419.root
adding: dcap://cluster142.knu.ac.kr//pnfs/knu.ac.kr/data/cms/store/user/sha/Run2FULL/2016PreVFP/DATA/SingleMuon/crab_SingleMuon_Run2016E/240213_062114//0000/SSBTree_41.root
adding: dcap://cluster142.knu.ac.kr//pnfs/knu.ac.kr/data/cms/store/user/sha/Run2FULL/2016PreVFP/DATA/SingleMuon/crab_SingleMuon_Run2016E/240213_062114//0000/SSBTree_420.root
adding: dcap://cluster142.knu.ac.kr//pnfs/knu.ac.kr/data/cms/store/user/sha/Run2FULL/2016PreVFP/DATA/SingleMuon/crab_SingleMuon_Run2016E/240213_062114//0000/SSBTree_421.root
adding: dcap://cluster142.knu.ac.kr//pnfs/knu.ac.kr/data/cms/store/user/sha/Run2FULL/2016PreVFP/DATA/SingleMuon/crab_SingleMuon_Run2016E/240213_062114//0000/SSBTree_422.root
adding: dcap://cluster142.knu.ac.kr//pnfs/knu.ac.kr/data/cms/store/user/sha/Run2FULL/2016PreVFP/DATA/SingleMuon/crab_SingleMuon_Run2016E/240213_062114//0000/SSBTree_423.root
adding: dcap://cluster142.knu.ac.kr//pnfs/knu.ac.kr/data/cms/store/user/sha/Run2FULL/2016PreVFP/DATA/SingleMuon/crab_SingleMuon_Run2016E/240213_062114//0000/SSBTree_424.root
Total number of events after merging root files: 717296
Event 0
Event 10000
Event 20000
Event 30000
Event 40000
Event 50000
Event 60000
Event 70000
Event 80000
Event 90000
Event 100000
Event 110000
Event 120000
Event 130000
Event 140000
Event 150000
Event 160000
Event 170000
Event 180000
Event 190000
Event 200000
Event 210000
Event 220000
Event 230000
Event 240000
Event 250000
Event 260000
Event 270000
Event 280000
Event 290000
Event 300000
Event 310000
Event 320000
Event 330000
Event 340000
Event 350000
Event 360000
Event 370000
Event 380000
Event 390000
Event 400000
Event 410000
Event 420000
Event 430000
Event 440000
Event 450000
Event 460000
Event 470000
Event 480000
Event 490000
Event 500000
Event 510000
Event 520000
Event 530000
Event 540000
Event 550000
Event 560000
Event 570000
Event 580000
Event 590000
Event 600000
Event 610000
Event 620000
Event 630000
Event 640000
Event 650000
Event 660000
Event 670000
Event 680000
Event 690000
Event 700000
Event 710000
Total processed number of events: 717296
End processing...

The number of options is: 2
Option 0 = ./TopMass_analysis
Option 1 = SingleMuon_Run2016E/SingleMuon_Run2016E_49.list
Option 2 = SingleMuon_Run2016E/SingleMuon_Run2016E_49.txt
Input filelist = SingleMuon_Run2016E/SingleMuon_Run2016E_49.list
Output file name = SingleMuon_Run2016E/SingleMuon_Run2016E_49.txt


start merging file(s)
adding: dcap://cluster142.knu.ac.kr//pnfs/knu.ac.kr/data/cms/store/user/sha/Run2FULL/2016PreVFP/DATA/SingleMuon/crab_SingleMuon_Run2016E/240213_062114//0000/SSBTree_533.root
adding: dcap://cluster142.knu.ac.kr//pnfs/knu.ac.kr/data/cms/store/user/sha/Run2FULL/2016PreVFP/DATA/SingleMuon/crab_SingleMuon_Run2016E/240213_062114//0000/SSBTree_534.root
adding: dcap://cluster142.knu.ac.kr//pnfs/knu.ac.kr/data/cms/store/user/sha/Run2FULL/2016PreVFP/DATA/SingleMuon/crab_SingleMuon_Run2016E/240213_062114//0000/SSBTree_535.root
adding: dcap://cluster142.knu.ac.kr//pnfs/knu.ac.kr/data/cms/store/user/sha/Run2FULL/2016PreVFP/DATA/SingleMuon/crab_SingleMuon_Run2016E/240213_062114//0000/SSBTree_536.root
adding: dcap://cluster142.knu.ac.kr//pnfs/knu.ac.kr/data/cms/store/user/sha/Run2FULL/2016PreVFP/DATA/SingleMuon/crab_SingleMuon_Run2016E/240213_062114//0000/SSBTree_537.root
adding: dcap://cluster142.knu.ac.kr//pnfs/knu.ac.kr/data/cms/store/user/sha/Run2FULL/2016PreVFP/DATA/SingleMuon/crab_SingleMuon_Run2016E/240213_062114//0000/SSBTree_538.root
adding: dcap://cluster142.knu.ac.kr//pnfs/knu.ac.kr/data/cms/store/user/sha/Run2FULL/2016PreVFP/DATA/SingleMuon/crab_SingleMuon_Run2016E/240213_062114//0000/SSBTree_539.root
adding: dcap://cluster142.knu.ac.kr//pnfs/knu.ac.kr/data/cms/store/user/sha/Run2FULL/2016PreVFP/DATA/SingleMuon/crab_SingleMuon_Run2016E/240213_062114//0000/SSBTree_53.root
adding: dcap://cluster142.knu.ac.kr//pnfs/knu.ac.kr/data/cms/store/user/sha/Run2FULL/2016PreVFP/DATA/SingleMuon/crab_SingleMuon_Run2016E/240213_062114//0000/SSBTree_540.root
adding: dcap://cluster142.knu.ac.kr//pnfs/knu.ac.kr/data/cms/store/user/sha/Run2FULL/2016PreVFP/DATA/SingleMuon/crab_SingleMuon_Run2016E/240213_062114//0000/SSBTree_541.root
Total number of events after merging root files: 713779
Event 0
Event 10000
Event 20000
Event 30000
Event 40000
Event 50000
Event 60000
Event 70000
Event 80000
Event 90000
Event 100000
Event 110000
Event 120000
Event 130000
Event 140000
Event 150000
Event 160000
Event 170000
Event 180000
Event 190000
Event 200000
Event 210000
Event 220000
Event 230000
Event 240000
Event 250000
Event 260000
Event 270000
Event 280000
Event 290000
Event 300000
Event 310000
Event 320000
Event 330000
Event 340000
Event 350000
Event 360000
Event 370000
Event 380000
Event 390000
Event 400000
Event 410000
Event 420000
Event 430000
Event 440000
Event 450000
Event 460000
Event 470000
Event 480000
Event 490000
Event 500000
Event 510000
Event 520000
Event 530000
Event 540000
Event 550000
Event 560000
Event 570000
Event 580000
Event 590000
Event 600000
Event 610000
Event 620000
Event 630000
Event 640000
Event 650000
Event 660000
Event 670000
Event 680000
Event 690000
Event 700000
Event 710000
Total processed number of events: 713779
End processing...

The number of options is: 2
Option 0 = ./TopMass_analysis
Option 1 = SingleMuon_Run2016E/SingleMuon_Run2016E_62.list
Option 2 = SingleMuon_Run2016E/SingleMuon_Run2016E_62.txt
Input filelist = SingleMuon_Run2016E/SingleMuon_Run2016E_62.list
Output file name = SingleMuon_Run2016E/SingleMuon_Run2016E_62.txt


start merging file(s)
adding: dcap://cluster142.knu.ac.kr//pnfs/knu.ac.kr/data/cms/store/user/sha/Run2FULL/2016PreVFP/DATA/SingleMuon/crab_SingleMuon_Run2016E/240213_062114//0000/SSBTree_650.root
adding: dcap://cluster142.knu.ac.kr//pnfs/knu.ac.kr/data/cms/store/user/sha/Run2FULL/2016PreVFP/DATA/SingleMuon/crab_SingleMuon_Run2016E/240213_062114//0000/SSBTree_651.root
adding: dcap://cluster142.knu.ac.kr//pnfs/knu.ac.kr/data/cms/store/user/sha/Run2FULL/2016PreVFP/DATA/SingleMuon/crab_SingleMuon_Run2016E/240213_062114//0000/SSBTree_652.root
adding: dcap://cluster142.knu.ac.kr//pnfs/knu.ac.kr/data/cms/store/user/sha/Run2FULL/2016PreVFP/DATA/SingleMuon/crab_SingleMuon_Run2016E/240213_062114//0000/SSBTree_653.root
adding: dcap://cluster142.knu.ac.kr//pnfs/knu.ac.kr/data/cms/store/user/sha/Run2FULL/2016PreVFP/DATA/SingleMuon/crab_SingleMuon_Run2016E/240213_062114//0000/SSBTree_654.root
adding: dcap://cluster142.knu.ac.kr//pnfs/knu.ac.kr/data/cms/store/user/sha/Run2FULL/2016PreVFP/DATA/SingleMuon/crab_SingleMuon_Run2016E/240213_062114//0000/SSBTree_655.root
adding: dcap://cluster142.knu.ac.kr//pnfs/knu.ac.kr/data/cms/store/user/sha/Run2FULL/2016PreVFP/DATA/SingleMuon/crab_SingleMuon_Run2016E/240213_062114//0000/SSBTree_656.root
adding: dcap://cluster142.knu.ac.kr//pnfs/knu.ac.kr/data/cms/store/user/sha/Run2FULL/2016PreVFP/DATA/SingleMuon/crab_SingleMuon_Run2016E/240213_062114//0000/SSBTree_657.root
adding: dcap://cluster142.knu.ac.kr//pnfs/knu.ac.kr/data/cms/store/user/sha/Run2FULL/2016PreVFP/DATA/SingleMuon/crab_SingleMuon_Run2016E/240213_062114//0000/SSBTree_658.root
adding: dcap://cluster142.knu.ac.kr//pnfs/knu.ac.kr/data/cms/store/user/sha/Run2FULL/2016PreVFP/DATA/SingleMuon/crab_SingleMuon_Run2016E/240213_062114//0000/SSBTree_659.root
Total number of events after merging root files: 574679
Event 0
Event 10000
Event 20000
Event 30000
Event 40000
Event 50000
Event 60000
Event 70000
Event 80000
Event 90000
Event 100000
Event 110000
Event 120000
Event 130000
Event 140000
Event 150000
Event 160000
Event 170000
Event 180000
Event 190000
Event 200000
Event 210000
Event 220000
Event 230000
Event 240000
Event 250000
Event 260000
Event 270000
Event 280000
Event 290000
Event 300000
Event 310000
Event 320000
Event 330000
Event 340000
Event 350000
Event 360000
Event 370000
Event 380000
Event 390000
Event 400000
Event 410000
Event 420000
Event 430000
Event 440000
Event 450000
Event 460000
Event 470000
Event 480000
Event 490000
Event 500000
Event 510000
Event 520000
Event 530000
Event 540000
Event 550000
Event 560000
Event 570000
Total processed number of events: 574679
End processing...

The number of options is: 2
Option 0 = ./TopMass_analysis
Option 1 = SingleMuon_Run2016E/SingleMuon_Run2016E_75.list
Option 2 = SingleMuon_Run2016E/SingleMuon_Run2016E_75.txt
Input filelist = SingleMuon_Run2016E/SingleMuon_Run2016E_75.list
Output file name = SingleMuon_Run2016E/SingleMuon_Run2016E_75.txt


start merging file(s)
adding: dcap://cluster142.knu.ac.kr//pnfs/knu.ac.kr/data/cms/store/user/sha/Run2FULL/2016PreVFP/DATA/SingleMuon/crab_SingleMuon_Run2016E/240213_062114//0000/SSBTree_768.root
adding: dcap://cluster142.knu.ac.kr//pnfs/knu.ac.kr/data/cms/store/user/sha/Run2FULL/2016PreVFP/DATA/SingleMuon/crab_SingleMuon_Run2016E/240213_062114//0000/SSBTree_769.root
adding: dcap://cluster142.knu.ac.kr//pnfs/knu.ac.kr/data/cms/store/user/sha/Run2FULL/2016PreVFP/DATA/SingleMuon/crab_SingleMuon_Run2016E/240213_062114//0000/SSBTree_76.root
adding: dcap://cluster142.knu.ac.kr//pnfs/knu.ac.kr/data/cms/store/user/sha/Run2FULL/2016PreVFP/DATA/SingleMuon/crab_SingleMuon_Run2016E/240213_062114//0000/SSBTree_770.root
adding: dcap://cluster142.knu.ac.kr//pnfs/knu.ac.kr/data/cms/store/user/sha/Run2FULL/2016PreVFP/DATA/SingleMuon/crab_SingleMuon_Run2016E/240213_062114//0000/SSBTree_771.root
adding: dcap://cluster142.knu.ac.kr//pnfs/knu.ac.kr/data/cms/store/user/sha/Run2FULL/2016PreVFP/DATA/SingleMuon/crab_SingleMuon_Run2016E/240213_062114//0000/SSBTree_772.root
adding: dcap://cluster142.knu.ac.kr//pnfs/knu.ac.kr/data/cms/store/user/sha/Run2FULL/2016PreVFP/DATA/SingleMuon/crab_SingleMuon_Run2016E/240213_062114//0000/SSBTree_773.root
adding: dcap://cluster142.knu.ac.kr//pnfs/knu.ac.kr/data/cms/store/user/sha/Run2FULL/2016PreVFP/DATA/SingleMuon/crab_SingleMuon_Run2016E/240213_062114//0000/SSBTree_774.root
adding: dcap://cluster142.knu.ac.kr//pnfs/knu.ac.kr/data/cms/store/user/sha/Run2FULL/2016PreVFP/DATA/SingleMuon/crab_SingleMuon_Run2016E/240213_062114//0000/SSBTree_775.root
adding: dcap://cluster142.knu.ac.kr//pnfs/knu.ac.kr/data/cms/store/user/sha/Run2FULL/2016PreVFP/DATA/SingleMuon/crab_SingleMuon_Run2016E/240213_062114//0000/SSBTree_776.root
Total number of events after merging root files: 680541
Event 0
Event 10000
Event 20000
Event 30000
Event 40000
Event 50000
Event 60000
Event 70000
Event 80000
Event 90000
Event 100000
Event 110000
Event 120000
Event 130000
Event 140000
Event 150000
Event 160000
Event 170000
Event 180000
Event 190000
Event 200000
Event 210000
Event 220000
Event 230000
Event 240000
Event 250000
Event 260000
Event 270000
Event 280000
Event 290000
Event 300000
Event 310000
Event 320000
Event 330000
Event 340000
Event 350000
Event 360000
Event 370000
Event 380000
Event 390000
Event 400000
Event 410000
Event 420000
Event 430000
Event 440000
Event 450000
Event 460000
Event 470000
Event 480000
Event 490000
Event 500000
Event 510000
Event 520000
Event 530000
Event 540000
Event 550000
Event 560000
Event 570000
Event 580000
Event 590000
Event 600000
Event 610000
Event 620000
Event 630000
Event 640000
Event 650000
Event 660000
Event 670000
Event 680000
Total processed number of events: 680541
End processing...

The number of options is: 2
Option 0 = ./TopMass_analysis
Option 1 = SingleMuon_Run2016E/SingleMuon_Run2016E_88.list
Option 2 = SingleMuon_Run2016E/SingleMuon_Run2016E_88.txt
Input filelist = SingleMuon_Run2016E/SingleMuon_Run2016E_88.list
Output file name = SingleMuon_Run2016E/SingleMuon_Run2016E_88.txt


start merging file(s)
adding: dcap://cluster142.knu.ac.kr//pnfs/knu.ac.kr/data/cms/store/user/sha/Run2FULL/2016PreVFP/DATA/SingleMuon/crab_SingleMuon_Run2016E/240213_062114//0000/SSBTree_885.root
adding: dcap://cluster142.knu.ac.kr//pnfs/knu.ac.kr/data/cms/store/user/sha/Run2FULL/2016PreVFP/DATA/SingleMuon/crab_SingleMuon_Run2016E/240213_062114//0000/SSBTree_886.root
adding: dcap://cluster142.knu.ac.kr//pnfs/knu.ac.kr/data/cms/store/user/sha/Run2FULL/2016PreVFP/DATA/SingleMuon/crab_SingleMuon_Run2016E/240213_062114//0000/SSBTree_887.root
adding: dcap://cluster142.knu.ac.kr//pnfs/knu.ac.kr/data/cms/store/user/sha/Run2FULL/2016PreVFP/DATA/SingleMuon/crab_SingleMuon_Run2016E/240213_062114//0000/SSBTree_888.root
adding: dcap://cluster142.knu.ac.kr//pnfs/knu.ac.kr/data/cms/store/user/sha/Run2FULL/2016PreVFP/DATA/SingleMuon/crab_SingleMuon_Run2016E/240213_062114//0000/SSBTree_889.root
adding: dcap://cluster142.knu.ac.kr//pnfs/knu.ac.kr/data/cms/store/user/sha/Run2FULL/2016PreVFP/DATA/SingleMuon/crab_SingleMuon_Run2016E/240213_062114//0000/SSBTree_88.root
adding: dcap://cluster142.knu.ac.kr//pnfs/knu.ac.kr/data/cms/store/user/sha/Run2FULL/2016PreVFP/DATA/SingleMuon/crab_SingleMuon_Run2016E/240213_062114//0000/SSBTree_890.root
adding: dcap://cluster142.knu.ac.kr//pnfs/knu.ac.kr/data/cms/store/user/sha/Run2FULL/2016PreVFP/DATA/SingleMuon/crab_SingleMuon_Run2016E/240213_062114//0000/SSBTree_891.root
adding: dcap://cluster142.knu.ac.kr//pnfs/knu.ac.kr/data/cms/store/user/sha/Run2FULL/2016PreVFP/DATA/SingleMuon/crab_SingleMuon_Run2016E/240213_062114//0000/SSBTree_892.root
adding: dcap://cluster142.knu.ac.kr//pnfs/knu.ac.kr/data/cms/store/user/sha/Run2FULL/2016PreVFP/DATA/SingleMuon/crab_SingleMuon_Run2016E/240213_062114//0000/SSBTree_893.root
Total number of events after merging root files: 489593
Event 0
Event 10000
Event 20000
Event 30000
Event 40000
Event 50000
Event 60000
Event 70000
Event 80000
Event 90000
Event 100000
Event 110000
Event 120000
Event 130000
Event 140000
Event 150000
Event 160000
Event 170000
Event 180000
Event 190000
Event 200000
Event 210000
Event 220000
Event 230000
Event 240000
Event 250000
Event 260000
Event 270000
Event 280000
Event 290000
Event 300000
Event 310000
Event 320000
Event 330000
Event 340000
Event 350000
Event 360000
Event 370000
Event 380000
Event 390000
Event 400000
Event 410000
Event 420000
Event 430000
Event 440000
Event 450000
Event 460000
Event 470000
Event 480000
Total processed number of events: 489593
End processing...

The number of options is: 2
Option 0 = ./TopMass_analysis
Option 1 = SingleMuon_Run2016E/SingleMuon_Run2016E_101.list
Option 2 = SingleMuon_Run2016E/SingleMuon_Run2016E_101.txt
Input filelist = SingleMuon_Run2016E/SingleMuon_Run2016E_101.list
Output file name = SingleMuon_Run2016E/SingleMuon_Run2016E_101.txt


start merging file(s)
adding: dcap://cluster142.knu.ac.kr//pnfs/knu.ac.kr/data/cms/store/user/sha/Run2FULL/2016PreVFP/DATA/SingleMuon/crab_SingleMuon_Run2016E/240213_062114//0001/SSBTree_1001.root
adding: dcap://cluster142.knu.ac.kr//pnfs/knu.ac.kr/data/cms/store/user/sha/Run2FULL/2016PreVFP/DATA/SingleMuon/crab_SingleMuon_Run2016E/240213_062114//0001/SSBTree_1002.root
adding: dcap://cluster142.knu.ac.kr//pnfs/knu.ac.kr/data/cms/store/user/sha/Run2FULL/2016PreVFP/DATA/SingleMuon/crab_SingleMuon_Run2016E/240213_062114//0001/SSBTree_1003.root
adding: dcap://cluster142.knu.ac.kr//pnfs/knu.ac.kr/data/cms/store/user/sha/Run2FULL/2016PreVFP/DATA/SingleMuon/crab_SingleMuon_Run2016E/240213_062114//0001/SSBTree_1004.root
adding: dcap://cluster142.knu.ac.kr//pnfs/knu.ac.kr/data/cms/store/user/sha/Run2FULL/2016PreVFP/DATA/SingleMuon/crab_SingleMuon_Run2016E/240213_062114//0001/SSBTree_1005.root
adding: dcap://cluster142.knu.ac.kr//pnfs/knu.ac.kr/data/cms/store/user/sha/Run2FULL/2016PreVFP/DATA/SingleMuon/crab_SingleMuon_Run2016E/240213_062114//0001/SSBTree_1006.root
adding: dcap://cluster142.knu.ac.kr//pnfs/knu.ac.kr/data/cms/store/user/sha/Run2FULL/2016PreVFP/DATA/SingleMuon/crab_SingleMuon_Run2016E/240213_062114//0001/SSBTree_1007.root
adding: dcap://cluster142.knu.ac.kr//pnfs/knu.ac.kr/data/cms/store/user/sha/Run2FULL/2016PreVFP/DATA/SingleMuon/crab_SingleMuon_Run2016E/240213_062114//0001/SSBTree_1008.root
adding: dcap://cluster142.knu.ac.kr//pnfs/knu.ac.kr/data/cms/store/user/sha/Run2FULL/2016PreVFP/DATA/SingleMuon/crab_SingleMuon_Run2016E/240213_062114//0001/SSBTree_1009.root
adding: dcap://cluster142.knu.ac.kr//pnfs/knu.ac.kr/data/cms/store/user/sha/Run2FULL/2016PreVFP/DATA/SingleMuon/crab_SingleMuon_Run2016E/240213_062114//0001/SSBTree_1010.root
Total number of events after merging root files: 691101
Event 0
Event 10000
Event 20000
Event 30000
Event 40000
Event 50000
Event 60000
Event 70000
Event 80000
Event 90000
Event 100000
Event 110000
Event 120000
Event 130000
Event 140000
Event 150000
Event 160000
Event 170000
Event 180000
Event 190000
Event 200000
Event 210000
Event 220000
Event 230000
Event 240000
Event 250000
Event 260000
Event 270000
Event 280000
Event 290000
Event 300000
Event 310000
Event 320000
Event 330000
Event 340000
Event 350000
Event 360000
Event 370000
Event 380000
Event 390000
Event 400000
Event 410000
Event 420000
Event 430000
Event 440000
Event 450000
Event 460000
Event 470000
Event 480000
Event 490000
Event 500000
Event 510000
Event 520000
Event 530000
Event 540000
Event 550000
Event 560000
Event 570000
Event 580000
Event 590000
Event 600000
Event 610000
Event 620000
Event 630000
Event 640000
Event 650000
Event 660000
Event 670000
Event 680000
Event 690000
Total processed number of events: 691101
End processing...

The number of options is: 2
Option 0 = ./TopMass_analysis
Option 1 = SingleMuon_Run2016E/SingleMuon_Run2016E_114.list
Option 2 = SingleMuon_Run2016E/SingleMuon_Run2016E_114.txt
Input filelist = SingleMuon_Run2016E/SingleMuon_Run2016E_114.list
Output file name = SingleMuon_Run2016E/SingleMuon_Run2016E_114.txt


start merging file(s)
adding: dcap://cluster142.knu.ac.kr//pnfs/knu.ac.kr/data/cms/store/user/sha/Run2FULL/2016PreVFP/DATA/SingleMuon/crab_SingleMuon_Run2016E/240213_062114//0001/SSBTree_1131.root
adding: dcap://cluster142.knu.ac.kr//pnfs/knu.ac.kr/data/cms/store/user/sha/Run2FULL/2016PreVFP/DATA/SingleMuon/crab_SingleMuon_Run2016E/240213_062114//0001/SSBTree_1132.root
adding: dcap://cluster142.knu.ac.kr//pnfs/knu.ac.kr/data/cms/store/user/sha/Run2FULL/2016PreVFP/DATA/SingleMuon/crab_SingleMuon_Run2016E/240213_062114//0001/SSBTree_1133.root
adding: dcap://cluster142.knu.ac.kr//pnfs/knu.ac.kr/data/cms/store/user/sha/Run2FULL/2016PreVFP/DATA/SingleMuon/crab_SingleMuon_Run2016E/240213_062114//0001/SSBTree_1134.root
adding: dcap://cluster142.knu.ac.kr//pnfs/knu.ac.kr/data/cms/store/user/sha/Run2FULL/2016PreVFP/DATA/SingleMuon/crab_SingleMuon_Run2016E/240213_062114//0001/SSBTree_1135.root
adding: dcap://cluster142.knu.ac.kr//pnfs/knu.ac.kr/data/cms/store/user/sha/Run2FULL/2016PreVFP/DATA/SingleMuon/crab_SingleMuon_Run2016E/240213_062114//0001/SSBTree_1136.root
adding: dcap://cluster142.knu.ac.kr//pnfs/knu.ac.kr/data/cms/store/user/sha/Run2FULL/2016PreVFP/DATA/SingleMuon/crab_SingleMuon_Run2016E/240213_062114//0001/SSBTree_1137.root
adding: dcap://cluster142.knu.ac.kr//pnfs/knu.ac.kr/data/cms/store/user/sha/Run2FULL/2016PreVFP/DATA/SingleMuon/crab_SingleMuon_Run2016E/240213_062114//0001/SSBTree_1138.root
adding: dcap://cluster142.knu.ac.kr//pnfs/knu.ac.kr/data/cms/store/user/sha/Run2FULL/2016PreVFP/DATA/SingleMuon/crab_SingleMuon_Run2016E/240213_062114//0001/SSBTree_1139.root
adding: dcap://cluster142.knu.ac.kr//pnfs/knu.ac.kr/data/cms/store/user/sha/Run2FULL/2016PreVFP/DATA/SingleMuon/crab_SingleMuon_Run2016E/240213_062114//0001/SSBTree_1140.root
Total number of events after merging root files: 549017
Event 0
Event 10000
Event 20000
Event 30000
Event 40000
Event 50000
Event 60000
Event 70000
Event 80000
Event 90000
Event 100000
Event 110000
Event 120000
Event 130000
Event 140000
Event 150000
Event 160000
Event 170000
Event 180000
Event 190000
Event 200000
Event 210000
Event 220000
Event 230000
Event 240000
Event 250000
Event 260000
Event 270000
Event 280000
Event 290000
Event 300000
Event 310000
Event 320000
Event 330000
Event 340000
Event 350000
Event 360000
Event 370000
Event 380000
Event 390000
Event 400000
Event 410000
Event 420000
Event 430000
Event 440000
Event 450000
Event 460000
Event 470000
Event 480000
Event 490000
Event 500000
Event 510000
Event 520000
Event 530000
Event 540000
Total processed number of events: 549017
End processing...

