The number of options is: 2
Option 0 = ./TopMass_analysis
Option 1 = SingleMuon_Run2016E/SingleMuon_Run2016E_2.list
Option 2 = SingleMuon_Run2016E/SingleMuon_Run2016E_2.txt
Input filelist = SingleMuon_Run2016E/SingleMuon_Run2016E_2.list
Output file name = SingleMuon_Run2016E/SingleMuon_Run2016E_2.txt


start merging file(s)
adding: dcap://cluster142.knu.ac.kr//pnfs/knu.ac.kr/data/cms/store/user/sha/Run2FULL/2016PreVFP/DATA/SingleMuon/crab_SingleMuon_Run2016E/240213_062114//0000/SSBTree_10.root
adding: dcap://cluster142.knu.ac.kr//pnfs/knu.ac.kr/data/cms/store/user/sha/Run2FULL/2016PreVFP/DATA/SingleMuon/crab_SingleMuon_Run2016E/240213_062114//0000/SSBTree_110.root
adding: dcap://cluster142.knu.ac.kr//pnfs/knu.ac.kr/data/cms/store/user/sha/Run2FULL/2016PreVFP/DATA/SingleMuon/crab_SingleMuon_Run2016E/240213_062114//0000/SSBTree_111.root
adding: dcap://cluster142.knu.ac.kr//pnfs/knu.ac.kr/data/cms/store/user/sha/Run2FULL/2016PreVFP/DATA/SingleMuon/crab_SingleMuon_Run2016E/240213_062114//0000/SSBTree_112.root
adding: dcap://cluster142.knu.ac.kr//pnfs/knu.ac.kr/data/cms/store/user/sha/Run2FULL/2016PreVFP/DATA/SingleMuon/crab_SingleMuon_Run2016E/240213_062114//0000/SSBTree_113.root
adding: dcap://cluster142.knu.ac.kr//pnfs/knu.ac.kr/data/cms/store/user/sha/Run2FULL/2016PreVFP/DATA/SingleMuon/crab_SingleMuon_Run2016E/240213_062114//0000/SSBTree_114.root
adding: dcap://cluster142.knu.ac.kr//pnfs/knu.ac.kr/data/cms/store/user/sha/Run2FULL/2016PreVFP/DATA/SingleMuon/crab_SingleMuon_Run2016E/240213_062114//0000/SSBTree_115.root
adding: dcap://cluster142.knu.ac.kr//pnfs/knu.ac.kr/data/cms/store/user/sha/Run2FULL/2016PreVFP/DATA/SingleMuon/crab_SingleMuon_Run2016E/240213_062114//0000/SSBTree_116.root
adding: dcap://cluster142.knu.ac.kr//pnfs/knu.ac.kr/data/cms/store/user/sha/Run2FULL/2016PreVFP/DATA/SingleMuon/crab_SingleMuon_Run2016E/240213_062114//0000/SSBTree_117.root
adding: dcap://cluster142.knu.ac.kr//pnfs/knu.ac.kr/data/cms/store/user/sha/Run2FULL/2016PreVFP/DATA/SingleMuon/crab_SingleMuon_Run2016E/240213_062114//0000/SSBTree_118.root
Total number of events after merging root files: 779333
Event 0
Event 10000
Event 20000
Event 30000
Event 40000
Event 50000
Event 60000
Event 70000
Event 80000
Event 90000
Event 100000
Event 110000
Event 120000
Event 130000
Event 140000
Event 150000
Event 160000
Event 170000
Event 180000
Event 190000
Event 200000
Event 210000
Event 220000
Event 230000
Event 240000
Event 250000
Event 260000
Event 270000
Event 280000
Event 290000
Event 300000
Event 310000
Event 320000
Event 330000
Event 340000
Event 350000
Event 360000
Event 370000
Event 380000
Event 390000
Event 400000
Event 410000
Event 420000
Event 430000
Event 440000
Event 450000
Event 460000
Event 470000
Event 480000
Event 490000
Event 500000
Event 510000
Event 520000
Event 530000
Event 540000
Event 550000
Event 560000
Event 570000
Event 580000
Event 590000
Event 600000
Event 610000
Event 620000
Event 630000
Event 640000
Event 650000
Event 660000
Event 670000
Event 680000
Event 690000
Event 700000
Event 710000
Event 720000
Event 730000
Event 740000
Event 750000
Event 760000
Event 770000
Total processed number of events: 779333
End processing...

The number of options is: 2
Option 0 = ./TopMass_analysis
Option 1 = SingleMuon_Run2016E/SingleMuon_Run2016E_15.list
Option 2 = SingleMuon_Run2016E/SingleMuon_Run2016E_15.txt
Input filelist = SingleMuon_Run2016E/SingleMuon_Run2016E_15.list
Output file name = SingleMuon_Run2016E/SingleMuon_Run2016E_15.txt


start merging file(s)
adding: dcap://cluster142.knu.ac.kr//pnfs/knu.ac.kr/data/cms/store/user/sha/Run2FULL/2016PreVFP/DATA/SingleMuon/crab_SingleMuon_Run2016E/240213_062114//0000/SSBTree_227.root
adding: dcap://cluster142.knu.ac.kr//pnfs/knu.ac.kr/data/cms/store/user/sha/Run2FULL/2016PreVFP/DATA/SingleMuon/crab_SingleMuon_Run2016E/240213_062114//0000/SSBTree_228.root
adding: dcap://cluster142.knu.ac.kr//pnfs/knu.ac.kr/data/cms/store/user/sha/Run2FULL/2016PreVFP/DATA/SingleMuon/crab_SingleMuon_Run2016E/240213_062114//0000/SSBTree_229.root
adding: dcap://cluster142.knu.ac.kr//pnfs/knu.ac.kr/data/cms/store/user/sha/Run2FULL/2016PreVFP/DATA/SingleMuon/crab_SingleMuon_Run2016E/240213_062114//0000/SSBTree_22.root
adding: dcap://cluster142.knu.ac.kr//pnfs/knu.ac.kr/data/cms/store/user/sha/Run2FULL/2016PreVFP/DATA/SingleMuon/crab_SingleMuon_Run2016E/240213_062114//0000/SSBTree_230.root
adding: dcap://cluster142.knu.ac.kr//pnfs/knu.ac.kr/data/cms/store/user/sha/Run2FULL/2016PreVFP/DATA/SingleMuon/crab_SingleMuon_Run2016E/240213_062114//0000/SSBTree_231.root
adding: dcap://cluster142.knu.ac.kr//pnfs/knu.ac.kr/data/cms/store/user/sha/Run2FULL/2016PreVFP/DATA/SingleMuon/crab_SingleMuon_Run2016E/240213_062114//0000/SSBTree_232.root
adding: dcap://cluster142.knu.ac.kr//pnfs/knu.ac.kr/data/cms/store/user/sha/Run2FULL/2016PreVFP/DATA/SingleMuon/crab_SingleMuon_Run2016E/240213_062114//0000/SSBTree_233.root
adding: dcap://cluster142.knu.ac.kr//pnfs/knu.ac.kr/data/cms/store/user/sha/Run2FULL/2016PreVFP/DATA/SingleMuon/crab_SingleMuon_Run2016E/240213_062114//0000/SSBTree_234.root
adding: dcap://cluster142.knu.ac.kr//pnfs/knu.ac.kr/data/cms/store/user/sha/Run2FULL/2016PreVFP/DATA/SingleMuon/crab_SingleMuon_Run2016E/240213_062114//0000/SSBTree_235.root
Total number of events after merging root files: 695320
Event 0
Event 10000
Event 20000
Event 30000
Event 40000
Event 50000
Event 60000
Event 70000
Event 80000
Event 90000
Event 100000
Event 110000
Event 120000
Event 130000
Event 140000
Event 150000
Event 160000
Event 170000
Event 180000
Event 190000
Event 200000
Event 210000
Event 220000
Event 230000
Event 240000
Event 250000
Event 260000
Event 270000
Event 280000
Event 290000
Event 300000
Event 310000
Event 320000
Event 330000
Event 340000
Event 350000
Event 360000
Event 370000
Event 380000
Event 390000
Event 400000
Event 410000
Event 420000
Event 430000
Event 440000
Event 450000
Event 460000
Event 470000
Event 480000
Event 490000
Event 500000
Event 510000
Event 520000
Event 530000
Event 540000
Event 550000
Event 560000
Event 570000
Event 580000
Event 590000
Event 600000
Event 610000
Event 620000
Event 630000
Event 640000
Event 650000
Event 660000
Event 670000
Event 680000
Event 690000
Total processed number of events: 695320
End processing...

The number of options is: 2
Option 0 = ./TopMass_analysis
Option 1 = SingleMuon_Run2016E/SingleMuon_Run2016E_28.list
Option 2 = SingleMuon_Run2016E/SingleMuon_Run2016E_28.txt
Input filelist = SingleMuon_Run2016E/SingleMuon_Run2016E_28.list
Output file name = SingleMuon_Run2016E/SingleMuon_Run2016E_28.txt


start merging file(s)
adding: dcap://cluster142.knu.ac.kr//pnfs/knu.ac.kr/data/cms/store/user/sha/Run2FULL/2016PreVFP/DATA/SingleMuon/crab_SingleMuon_Run2016E/240213_062114//0000/SSBTree_344.root
adding: dcap://cluster142.knu.ac.kr//pnfs/knu.ac.kr/data/cms/store/user/sha/Run2FULL/2016PreVFP/DATA/SingleMuon/crab_SingleMuon_Run2016E/240213_062114//0000/SSBTree_345.root
adding: dcap://cluster142.knu.ac.kr//pnfs/knu.ac.kr/data/cms/store/user/sha/Run2FULL/2016PreVFP/DATA/SingleMuon/crab_SingleMuon_Run2016E/240213_062114//0000/SSBTree_346.root
adding: dcap://cluster142.knu.ac.kr//pnfs/knu.ac.kr/data/cms/store/user/sha/Run2FULL/2016PreVFP/DATA/SingleMuon/crab_SingleMuon_Run2016E/240213_062114//0000/SSBTree_347.root
adding: dcap://cluster142.knu.ac.kr//pnfs/knu.ac.kr/data/cms/store/user/sha/Run2FULL/2016PreVFP/DATA/SingleMuon/crab_SingleMuon_Run2016E/240213_062114//0000/SSBTree_348.root
adding: dcap://cluster142.knu.ac.kr//pnfs/knu.ac.kr/data/cms/store/user/sha/Run2FULL/2016PreVFP/DATA/SingleMuon/crab_SingleMuon_Run2016E/240213_062114//0000/SSBTree_349.root
adding: dcap://cluster142.knu.ac.kr//pnfs/knu.ac.kr/data/cms/store/user/sha/Run2FULL/2016PreVFP/DATA/SingleMuon/crab_SingleMuon_Run2016E/240213_062114//0000/SSBTree_34.root
adding: dcap://cluster142.knu.ac.kr//pnfs/knu.ac.kr/data/cms/store/user/sha/Run2FULL/2016PreVFP/DATA/SingleMuon/crab_SingleMuon_Run2016E/240213_062114//0000/SSBTree_350.root
adding: dcap://cluster142.knu.ac.kr//pnfs/knu.ac.kr/data/cms/store/user/sha/Run2FULL/2016PreVFP/DATA/SingleMuon/crab_SingleMuon_Run2016E/240213_062114//0000/SSBTree_351.root
adding: dcap://cluster142.knu.ac.kr//pnfs/knu.ac.kr/data/cms/store/user/sha/Run2FULL/2016PreVFP/DATA/SingleMuon/crab_SingleMuon_Run2016E/240213_062114//0000/SSBTree_352.root
Total number of events after merging root files: 738030
Event 0
Event 10000
Event 20000
Event 30000
Event 40000
Event 50000
Event 60000
Event 70000
Event 80000
Event 90000
Event 100000
Event 110000
Event 120000
Event 130000
Event 140000
Event 150000
Event 160000
Event 170000
Event 180000
Event 190000
Event 200000
Event 210000
Event 220000
Event 230000
Event 240000
Event 250000
Event 260000
Event 270000
Event 280000
Event 290000
Event 300000
Event 310000
Event 320000
Event 330000
Event 340000
Event 350000
Event 360000
Event 370000
Event 380000
Event 390000
Event 400000
Event 410000
Event 420000
Event 430000
Event 440000
Event 450000
Event 460000
Event 470000
Event 480000
Event 490000
Event 500000
Event 510000
Event 520000
Event 530000
Event 540000
Event 550000
Event 560000
Event 570000
Event 580000
Event 590000
Event 600000
Event 610000
Event 620000
Event 630000
Event 640000
Event 650000
Event 660000
Event 670000
Event 680000
Event 690000
Event 700000
Event 710000
Event 720000
Event 730000
Total processed number of events: 738030
End processing...

The number of options is: 2
Option 0 = ./TopMass_analysis
Option 1 = SingleMuon_Run2016E/SingleMuon_Run2016E_41.list
Option 2 = SingleMuon_Run2016E/SingleMuon_Run2016E_41.txt
Input filelist = SingleMuon_Run2016E/SingleMuon_Run2016E_41.list
Output file name = SingleMuon_Run2016E/SingleMuon_Run2016E_41.txt


start merging file(s)
adding: dcap://cluster142.knu.ac.kr//pnfs/knu.ac.kr/data/cms/store/user/sha/Run2FULL/2016PreVFP/DATA/SingleMuon/crab_SingleMuon_Run2016E/240213_062114//0000/SSBTree_461.root
adding: dcap://cluster142.knu.ac.kr//pnfs/knu.ac.kr/data/cms/store/user/sha/Run2FULL/2016PreVFP/DATA/SingleMuon/crab_SingleMuon_Run2016E/240213_062114//0000/SSBTree_462.root
adding: dcap://cluster142.knu.ac.kr//pnfs/knu.ac.kr/data/cms/store/user/sha/Run2FULL/2016PreVFP/DATA/SingleMuon/crab_SingleMuon_Run2016E/240213_062114//0000/SSBTree_463.root
adding: dcap://cluster142.knu.ac.kr//pnfs/knu.ac.kr/data/cms/store/user/sha/Run2FULL/2016PreVFP/DATA/SingleMuon/crab_SingleMuon_Run2016E/240213_062114//0000/SSBTree_464.root
adding: dcap://cluster142.knu.ac.kr//pnfs/knu.ac.kr/data/cms/store/user/sha/Run2FULL/2016PreVFP/DATA/SingleMuon/crab_SingleMuon_Run2016E/240213_062114//0000/SSBTree_465.root
adding: dcap://cluster142.knu.ac.kr//pnfs/knu.ac.kr/data/cms/store/user/sha/Run2FULL/2016PreVFP/DATA/SingleMuon/crab_SingleMuon_Run2016E/240213_062114//0000/SSBTree_466.root
adding: dcap://cluster142.knu.ac.kr//pnfs/knu.ac.kr/data/cms/store/user/sha/Run2FULL/2016PreVFP/DATA/SingleMuon/crab_SingleMuon_Run2016E/240213_062114//0000/SSBTree_467.root
adding: dcap://cluster142.knu.ac.kr//pnfs/knu.ac.kr/data/cms/store/user/sha/Run2FULL/2016PreVFP/DATA/SingleMuon/crab_SingleMuon_Run2016E/240213_062114//0000/SSBTree_468.root
adding: dcap://cluster142.knu.ac.kr//pnfs/knu.ac.kr/data/cms/store/user/sha/Run2FULL/2016PreVFP/DATA/SingleMuon/crab_SingleMuon_Run2016E/240213_062114//0000/SSBTree_469.root
adding: dcap://cluster142.knu.ac.kr//pnfs/knu.ac.kr/data/cms/store/user/sha/Run2FULL/2016PreVFP/DATA/SingleMuon/crab_SingleMuon_Run2016E/240213_062114//0000/SSBTree_46.root
Total number of events after merging root files: 637193
Event 0
Event 10000
Event 20000
Event 30000
Event 40000
Event 50000
Event 60000
Event 70000
Event 80000
Event 90000
Event 100000
Event 110000
Event 120000
Event 130000
Event 140000
Event 150000
Event 160000
Event 170000
Event 180000
Event 190000
Event 200000
Event 210000
Event 220000
Event 230000
Event 240000
Event 250000
Event 260000
Event 270000
Event 280000
Event 290000
Event 300000
Event 310000
Event 320000
Event 330000
Event 340000
Event 350000
Event 360000
Event 370000
Event 380000
Event 390000
Event 400000
Event 410000
Event 420000
Event 430000
Event 440000
Event 450000
Event 460000
Event 470000
Event 480000
Event 490000
Event 500000
Event 510000
Event 520000
Event 530000
Event 540000
Event 550000
Event 560000
Event 570000
Event 580000
Event 590000
Event 600000
Event 610000
Event 620000
Event 630000
Total processed number of events: 637193
End processing...

The number of options is: 2
Option 0 = ./TopMass_analysis
Option 1 = SingleMuon_Run2016E/SingleMuon_Run2016E_54.list
Option 2 = SingleMuon_Run2016E/SingleMuon_Run2016E_54.txt
Input filelist = SingleMuon_Run2016E/SingleMuon_Run2016E_54.list
Output file name = SingleMuon_Run2016E/SingleMuon_Run2016E_54.txt


start merging file(s)
adding: dcap://cluster142.knu.ac.kr//pnfs/knu.ac.kr/data/cms/store/user/sha/Run2FULL/2016PreVFP/DATA/SingleMuon/crab_SingleMuon_Run2016E/240213_062114//0000/SSBTree_579.root
adding: dcap://cluster142.knu.ac.kr//pnfs/knu.ac.kr/data/cms/store/user/sha/Run2FULL/2016PreVFP/DATA/SingleMuon/crab_SingleMuon_Run2016E/240213_062114//0000/SSBTree_57.root
adding: dcap://cluster142.knu.ac.kr//pnfs/knu.ac.kr/data/cms/store/user/sha/Run2FULL/2016PreVFP/DATA/SingleMuon/crab_SingleMuon_Run2016E/240213_062114//0000/SSBTree_580.root
adding: dcap://cluster142.knu.ac.kr//pnfs/knu.ac.kr/data/cms/store/user/sha/Run2FULL/2016PreVFP/DATA/SingleMuon/crab_SingleMuon_Run2016E/240213_062114//0000/SSBTree_581.root
adding: dcap://cluster142.knu.ac.kr//pnfs/knu.ac.kr/data/cms/store/user/sha/Run2FULL/2016PreVFP/DATA/SingleMuon/crab_SingleMuon_Run2016E/240213_062114//0000/SSBTree_582.root
adding: dcap://cluster142.knu.ac.kr//pnfs/knu.ac.kr/data/cms/store/user/sha/Run2FULL/2016PreVFP/DATA/SingleMuon/crab_SingleMuon_Run2016E/240213_062114//0000/SSBTree_583.root
adding: dcap://cluster142.knu.ac.kr//pnfs/knu.ac.kr/data/cms/store/user/sha/Run2FULL/2016PreVFP/DATA/SingleMuon/crab_SingleMuon_Run2016E/240213_062114//0000/SSBTree_584.root
adding: dcap://cluster142.knu.ac.kr//pnfs/knu.ac.kr/data/cms/store/user/sha/Run2FULL/2016PreVFP/DATA/SingleMuon/crab_SingleMuon_Run2016E/240213_062114//0000/SSBTree_585.root
adding: dcap://cluster142.knu.ac.kr//pnfs/knu.ac.kr/data/cms/store/user/sha/Run2FULL/2016PreVFP/DATA/SingleMuon/crab_SingleMuon_Run2016E/240213_062114//0000/SSBTree_586.root
adding: dcap://cluster142.knu.ac.kr//pnfs/knu.ac.kr/data/cms/store/user/sha/Run2FULL/2016PreVFP/DATA/SingleMuon/crab_SingleMuon_Run2016E/240213_062114//0000/SSBTree_587.root
Total number of events after merging root files: 514922
Event 0
Event 10000
Event 20000
Event 30000
Event 40000
Event 50000
Event 60000
Event 70000
Event 80000
Event 90000
Event 100000
Event 110000
Event 120000
Event 130000
Event 140000
Event 150000
Event 160000
Event 170000
Event 180000
Event 190000
Event 200000
Event 210000
Event 220000
Event 230000
Event 240000
Event 250000
Event 260000
Event 270000
Event 280000
Event 290000
Event 300000
Event 310000
Event 320000
Event 330000
Event 340000
Event 350000
Event 360000
Event 370000
Event 380000
Event 390000
Event 400000
Event 410000
Event 420000
Event 430000
Event 440000
Event 450000
Event 460000
Event 470000
Event 480000
Event 490000
Event 500000
Event 510000
Total processed number of events: 514922
End processing...

The number of options is: 2
Option 0 = ./TopMass_analysis
Option 1 = SingleMuon_Run2016E/SingleMuon_Run2016E_67.list
Option 2 = SingleMuon_Run2016E/SingleMuon_Run2016E_67.txt
Input filelist = SingleMuon_Run2016E/SingleMuon_Run2016E_67.list
Output file name = SingleMuon_Run2016E/SingleMuon_Run2016E_67.txt


start merging file(s)
adding: dcap://cluster142.knu.ac.kr//pnfs/knu.ac.kr/data/cms/store/user/sha/Run2FULL/2016PreVFP/DATA/SingleMuon/crab_SingleMuon_Run2016E/240213_062114//0000/SSBTree_696.root
adding: dcap://cluster142.knu.ac.kr//pnfs/knu.ac.kr/data/cms/store/user/sha/Run2FULL/2016PreVFP/DATA/SingleMuon/crab_SingleMuon_Run2016E/240213_062114//0000/SSBTree_697.root
adding: dcap://cluster142.knu.ac.kr//pnfs/knu.ac.kr/data/cms/store/user/sha/Run2FULL/2016PreVFP/DATA/SingleMuon/crab_SingleMuon_Run2016E/240213_062114//0000/SSBTree_698.root
adding: dcap://cluster142.knu.ac.kr//pnfs/knu.ac.kr/data/cms/store/user/sha/Run2FULL/2016PreVFP/DATA/SingleMuon/crab_SingleMuon_Run2016E/240213_062114//0000/SSBTree_699.root
adding: dcap://cluster142.knu.ac.kr//pnfs/knu.ac.kr/data/cms/store/user/sha/Run2FULL/2016PreVFP/DATA/SingleMuon/crab_SingleMuon_Run2016E/240213_062114//0000/SSBTree_69.root
adding: dcap://cluster142.knu.ac.kr//pnfs/knu.ac.kr/data/cms/store/user/sha/Run2FULL/2016PreVFP/DATA/SingleMuon/crab_SingleMuon_Run2016E/240213_062114//0000/SSBTree_6.root
adding: dcap://cluster142.knu.ac.kr//pnfs/knu.ac.kr/data/cms/store/user/sha/Run2FULL/2016PreVFP/DATA/SingleMuon/crab_SingleMuon_Run2016E/240213_062114//0000/SSBTree_700.root
adding: dcap://cluster142.knu.ac.kr//pnfs/knu.ac.kr/data/cms/store/user/sha/Run2FULL/2016PreVFP/DATA/SingleMuon/crab_SingleMuon_Run2016E/240213_062114//0000/SSBTree_701.root
adding: dcap://cluster142.knu.ac.kr//pnfs/knu.ac.kr/data/cms/store/user/sha/Run2FULL/2016PreVFP/DATA/SingleMuon/crab_SingleMuon_Run2016E/240213_062114//0000/SSBTree_702.root
adding: dcap://cluster142.knu.ac.kr//pnfs/knu.ac.kr/data/cms/store/user/sha/Run2FULL/2016PreVFP/DATA/SingleMuon/crab_SingleMuon_Run2016E/240213_062114//0000/SSBTree_703.root
Total number of events after merging root files: 741187
Event 0
Event 10000
Event 20000
Event 30000
Event 40000
Event 50000
Event 60000
Event 70000
Event 80000
Event 90000
Event 100000
Event 110000
Event 120000
Event 130000
Event 140000
Event 150000
Event 160000
Event 170000
Event 180000
Event 190000
Event 200000
Event 210000
Event 220000
Event 230000
Event 240000
Event 250000
Event 260000
Event 270000
Event 280000
Event 290000
Event 300000
Event 310000
Event 320000
Event 330000
Event 340000
Event 350000
Event 360000
Event 370000
Event 380000
Event 390000
Event 400000
Event 410000
Event 420000
Event 430000
Event 440000
Event 450000
Event 460000
Event 470000
Event 480000
Event 490000
Event 500000
Event 510000
Event 520000
Event 530000
Event 540000
Event 550000
Event 560000
Event 570000
Event 580000
Event 590000
Event 600000
Event 610000
Event 620000
Event 630000
Event 640000
Event 650000
Event 660000
Event 670000
Event 680000
Event 690000
Event 700000
Event 710000
Event 720000
Event 730000
Event 740000
Total processed number of events: 741187
End processing...

The number of options is: 2
Option 0 = ./TopMass_analysis
Option 1 = SingleMuon_Run2016E/SingleMuon_Run2016E_80.list
Option 2 = SingleMuon_Run2016E/SingleMuon_Run2016E_80.txt
Input filelist = SingleMuon_Run2016E/SingleMuon_Run2016E_80.list
Output file name = SingleMuon_Run2016E/SingleMuon_Run2016E_80.txt


start merging file(s)
adding: dcap://cluster142.knu.ac.kr//pnfs/knu.ac.kr/data/cms/store/user/sha/Run2FULL/2016PreVFP/DATA/SingleMuon/crab_SingleMuon_Run2016E/240213_062114//0000/SSBTree_812.root
adding: dcap://cluster142.knu.ac.kr//pnfs/knu.ac.kr/data/cms/store/user/sha/Run2FULL/2016PreVFP/DATA/SingleMuon/crab_SingleMuon_Run2016E/240213_062114//0000/SSBTree_813.root
adding: dcap://cluster142.knu.ac.kr//pnfs/knu.ac.kr/data/cms/store/user/sha/Run2FULL/2016PreVFP/DATA/SingleMuon/crab_SingleMuon_Run2016E/240213_062114//0000/SSBTree_814.root
adding: dcap://cluster142.knu.ac.kr//pnfs/knu.ac.kr/data/cms/store/user/sha/Run2FULL/2016PreVFP/DATA/SingleMuon/crab_SingleMuon_Run2016E/240213_062114//0000/SSBTree_815.root
adding: dcap://cluster142.knu.ac.kr//pnfs/knu.ac.kr/data/cms/store/user/sha/Run2FULL/2016PreVFP/DATA/SingleMuon/crab_SingleMuon_Run2016E/240213_062114//0000/SSBTree_816.root
adding: dcap://cluster142.knu.ac.kr//pnfs/knu.ac.kr/data/cms/store/user/sha/Run2FULL/2016PreVFP/DATA/SingleMuon/crab_SingleMuon_Run2016E/240213_062114//0000/SSBTree_817.root
adding: dcap://cluster142.knu.ac.kr//pnfs/knu.ac.kr/data/cms/store/user/sha/Run2FULL/2016PreVFP/DATA/SingleMuon/crab_SingleMuon_Run2016E/240213_062114//0000/SSBTree_818.root
adding: dcap://cluster142.knu.ac.kr//pnfs/knu.ac.kr/data/cms/store/user/sha/Run2FULL/2016PreVFP/DATA/SingleMuon/crab_SingleMuon_Run2016E/240213_062114//0000/SSBTree_819.root
adding: dcap://cluster142.knu.ac.kr//pnfs/knu.ac.kr/data/cms/store/user/sha/Run2FULL/2016PreVFP/DATA/SingleMuon/crab_SingleMuon_Run2016E/240213_062114//0000/SSBTree_81.root
adding: dcap://cluster142.knu.ac.kr//pnfs/knu.ac.kr/data/cms/store/user/sha/Run2FULL/2016PreVFP/DATA/SingleMuon/crab_SingleMuon_Run2016E/240213_062114//0000/SSBTree_820.root
Total number of events after merging root files: 519015
Event 0
Event 10000
Event 20000
Event 30000
Event 40000
Event 50000
Event 60000
Event 70000
Event 80000
Event 90000
Event 100000
Event 110000
Event 120000
Event 130000
Event 140000
Event 150000
Event 160000
Event 170000
Event 180000
Event 190000
Event 200000
Event 210000
Event 220000
Event 230000
Event 240000
Event 250000
Event 260000
Event 270000
Event 280000
Event 290000
Event 300000
Event 310000
Event 320000
Event 330000
Event 340000
Event 350000
Event 360000
Event 370000
Event 380000
Event 390000
Event 400000
Event 410000
Event 420000
Event 430000
Event 440000
Event 450000
Event 460000
Event 470000
Event 480000
Event 490000
Event 500000
Event 510000
Total processed number of events: 519015
End processing...

The number of options is: 2
Option 0 = ./TopMass_analysis
Option 1 = SingleMuon_Run2016E/SingleMuon_Run2016E_93.list
Option 2 = SingleMuon_Run2016E/SingleMuon_Run2016E_93.txt
Input filelist = SingleMuon_Run2016E/SingleMuon_Run2016E_93.list
Output file name = SingleMuon_Run2016E/SingleMuon_Run2016E_93.txt


start merging file(s)
adding: dcap://cluster142.knu.ac.kr//pnfs/knu.ac.kr/data/cms/store/user/sha/Run2FULL/2016PreVFP/DATA/SingleMuon/crab_SingleMuon_Run2016E/240213_062114//0000/SSBTree_92.root
adding: dcap://cluster142.knu.ac.kr//pnfs/knu.ac.kr/data/cms/store/user/sha/Run2FULL/2016PreVFP/DATA/SingleMuon/crab_SingleMuon_Run2016E/240213_062114//0000/SSBTree_930.root
adding: dcap://cluster142.knu.ac.kr//pnfs/knu.ac.kr/data/cms/store/user/sha/Run2FULL/2016PreVFP/DATA/SingleMuon/crab_SingleMuon_Run2016E/240213_062114//0000/SSBTree_931.root
adding: dcap://cluster142.knu.ac.kr//pnfs/knu.ac.kr/data/cms/store/user/sha/Run2FULL/2016PreVFP/DATA/SingleMuon/crab_SingleMuon_Run2016E/240213_062114//0000/SSBTree_932.root
adding: dcap://cluster142.knu.ac.kr//pnfs/knu.ac.kr/data/cms/store/user/sha/Run2FULL/2016PreVFP/DATA/SingleMuon/crab_SingleMuon_Run2016E/240213_062114//0000/SSBTree_933.root
adding: dcap://cluster142.knu.ac.kr//pnfs/knu.ac.kr/data/cms/store/user/sha/Run2FULL/2016PreVFP/DATA/SingleMuon/crab_SingleMuon_Run2016E/240213_062114//0000/SSBTree_934.root
adding: dcap://cluster142.knu.ac.kr//pnfs/knu.ac.kr/data/cms/store/user/sha/Run2FULL/2016PreVFP/DATA/SingleMuon/crab_SingleMuon_Run2016E/240213_062114//0000/SSBTree_935.root
adding: dcap://cluster142.knu.ac.kr//pnfs/knu.ac.kr/data/cms/store/user/sha/Run2FULL/2016PreVFP/DATA/SingleMuon/crab_SingleMuon_Run2016E/240213_062114//0000/SSBTree_936.root
adding: dcap://cluster142.knu.ac.kr//pnfs/knu.ac.kr/data/cms/store/user/sha/Run2FULL/2016PreVFP/DATA/SingleMuon/crab_SingleMuon_Run2016E/240213_062114//0000/SSBTree_937.root
adding: dcap://cluster142.knu.ac.kr//pnfs/knu.ac.kr/data/cms/store/user/sha/Run2FULL/2016PreVFP/DATA/SingleMuon/crab_SingleMuon_Run2016E/240213_062114//0000/SSBTree_938.root
Total number of events after merging root files: 648362
Event 0
Event 10000
Event 20000
Event 30000
Event 40000
Event 50000
Event 60000
Event 70000
Event 80000
Event 90000
Event 100000
Event 110000
Event 120000
Event 130000
Event 140000
Event 150000
Event 160000
Event 170000
Event 180000
Event 190000
Event 200000
Event 210000
Event 220000
Event 230000
Event 240000
Event 250000
Event 260000
Event 270000
Event 280000
Event 290000
Event 300000
Event 310000
Event 320000
Event 330000
Event 340000
Event 350000
Event 360000
Event 370000
Event 380000
Event 390000
Event 400000
Event 410000
Event 420000
Event 430000
Event 440000
Event 450000
Event 460000
Event 470000
Event 480000
Event 490000
Event 500000
Event 510000
Event 520000
Event 530000
Event 540000
Event 550000
Event 560000
Event 570000
Event 580000
Event 590000
Event 600000
Event 610000
Event 620000
Event 630000
Event 640000
Total processed number of events: 648362
End processing...

The number of options is: 2
Option 0 = ./TopMass_analysis
Option 1 = SingleMuon_Run2016E/SingleMuon_Run2016E_106.list
Option 2 = SingleMuon_Run2016E/SingleMuon_Run2016E_106.txt
Input filelist = SingleMuon_Run2016E/SingleMuon_Run2016E_106.list
Output file name = SingleMuon_Run2016E/SingleMuon_Run2016E_106.txt


start merging file(s)
adding: dcap://cluster142.knu.ac.kr//pnfs/knu.ac.kr/data/cms/store/user/sha/Run2FULL/2016PreVFP/DATA/SingleMuon/crab_SingleMuon_Run2016E/240213_062114//0001/SSBTree_1051.root
adding: dcap://cluster142.knu.ac.kr//pnfs/knu.ac.kr/data/cms/store/user/sha/Run2FULL/2016PreVFP/DATA/SingleMuon/crab_SingleMuon_Run2016E/240213_062114//0001/SSBTree_1052.root
adding: dcap://cluster142.knu.ac.kr//pnfs/knu.ac.kr/data/cms/store/user/sha/Run2FULL/2016PreVFP/DATA/SingleMuon/crab_SingleMuon_Run2016E/240213_062114//0001/SSBTree_1053.root
adding: dcap://cluster142.knu.ac.kr//pnfs/knu.ac.kr/data/cms/store/user/sha/Run2FULL/2016PreVFP/DATA/SingleMuon/crab_SingleMuon_Run2016E/240213_062114//0001/SSBTree_1054.root
adding: dcap://cluster142.knu.ac.kr//pnfs/knu.ac.kr/data/cms/store/user/sha/Run2FULL/2016PreVFP/DATA/SingleMuon/crab_SingleMuon_Run2016E/240213_062114//0001/SSBTree_1055.root
adding: dcap://cluster142.knu.ac.kr//pnfs/knu.ac.kr/data/cms/store/user/sha/Run2FULL/2016PreVFP/DATA/SingleMuon/crab_SingleMuon_Run2016E/240213_062114//0001/SSBTree_1056.root
adding: dcap://cluster142.knu.ac.kr//pnfs/knu.ac.kr/data/cms/store/user/sha/Run2FULL/2016PreVFP/DATA/SingleMuon/crab_SingleMuon_Run2016E/240213_062114//0001/SSBTree_1057.root
adding: dcap://cluster142.knu.ac.kr//pnfs/knu.ac.kr/data/cms/store/user/sha/Run2FULL/2016PreVFP/DATA/SingleMuon/crab_SingleMuon_Run2016E/240213_062114//0001/SSBTree_1058.root
adding: dcap://cluster142.knu.ac.kr//pnfs/knu.ac.kr/data/cms/store/user/sha/Run2FULL/2016PreVFP/DATA/SingleMuon/crab_SingleMuon_Run2016E/240213_062114//0001/SSBTree_1059.root
adding: dcap://cluster142.knu.ac.kr//pnfs/knu.ac.kr/data/cms/store/user/sha/Run2FULL/2016PreVFP/DATA/SingleMuon/crab_SingleMuon_Run2016E/240213_062114//0001/SSBTree_1060.root
Total number of events after merging root files: 846100
Event 0
Event 10000
Event 20000
Event 30000
Event 40000
Event 50000
Event 60000
Event 70000
Event 80000
Event 90000
Event 100000
Event 110000
Event 120000
Event 130000
Event 140000
Event 150000
Event 160000
Event 170000
Event 180000
Event 190000
Event 200000
Event 210000
Event 220000
Event 230000
Event 240000
Event 250000
Event 260000
Event 270000
Event 280000
Event 290000
Event 300000
Event 310000
Event 320000
Event 330000
Event 340000
Event 350000
Event 360000
Event 370000
Event 380000
Event 390000
Event 400000
Event 410000
Event 420000
Event 430000
Event 440000
Event 450000
Event 460000
Event 470000
Event 480000
Event 490000
Event 500000
Event 510000
Event 520000
Event 530000
Event 540000
Event 550000
Event 560000
Event 570000
Event 580000
Event 590000
Event 600000
Event 610000
Event 620000
Event 630000
Event 640000
Event 650000
Event 660000
Event 670000
Event 680000
Event 690000
Event 700000
Event 710000
Event 720000
Event 730000
Event 740000
Event 750000
Event 760000
Event 770000
Event 780000
Event 790000
Event 800000
Event 810000
Event 820000
Event 830000
Event 840000
Total processed number of events: 846100
End processing...

The number of options is: 2
Option 0 = ./TopMass_analysis
Option 1 = SingleMuon_Run2016E/SingleMuon_Run2016E_119.list
Option 2 = SingleMuon_Run2016E/SingleMuon_Run2016E_119.txt
Input filelist = SingleMuon_Run2016E/SingleMuon_Run2016E_119.list
Output file name = SingleMuon_Run2016E/SingleMuon_Run2016E_119.txt


start merging file(s)
adding: dcap://cluster142.knu.ac.kr//pnfs/knu.ac.kr/data/cms/store/user/sha/Run2FULL/2016PreVFP/DATA/SingleMuon/crab_SingleMuon_Run2016E/240213_062114//0001/SSBTree_1181.root
adding: dcap://cluster142.knu.ac.kr//pnfs/knu.ac.kr/data/cms/store/user/sha/Run2FULL/2016PreVFP/DATA/SingleMuon/crab_SingleMuon_Run2016E/240213_062114//0001/SSBTree_1182.root
adding: dcap://cluster142.knu.ac.kr//pnfs/knu.ac.kr/data/cms/store/user/sha/Run2FULL/2016PreVFP/DATA/SingleMuon/crab_SingleMuon_Run2016E/240213_062114//0001/SSBTree_1183.root
adding: dcap://cluster142.knu.ac.kr//pnfs/knu.ac.kr/data/cms/store/user/sha/Run2FULL/2016PreVFP/DATA/SingleMuon/crab_SingleMuon_Run2016E/240213_062114//0001/SSBTree_1184.root
adding: dcap://cluster142.knu.ac.kr//pnfs/knu.ac.kr/data/cms/store/user/sha/Run2FULL/2016PreVFP/DATA/SingleMuon/crab_SingleMuon_Run2016E/240213_062114//0001/SSBTree_1185.root
adding: dcap://cluster142.knu.ac.kr//pnfs/knu.ac.kr/data/cms/store/user/sha/Run2FULL/2016PreVFP/DATA/SingleMuon/crab_SingleMuon_Run2016E/240213_062114//0001/SSBTree_1186.root
adding: dcap://cluster142.knu.ac.kr//pnfs/knu.ac.kr/data/cms/store/user/sha/Run2FULL/2016PreVFP/DATA/SingleMuon/crab_SingleMuon_Run2016E/240213_062114//0001/SSBTree_1187.root
adding: dcap://cluster142.knu.ac.kr//pnfs/knu.ac.kr/data/cms/store/user/sha/Run2FULL/2016PreVFP/DATA/SingleMuon/crab_SingleMuon_Run2016E/240213_062114//0001/SSBTree_1188.root
adding: dcap://cluster142.knu.ac.kr//pnfs/knu.ac.kr/data/cms/store/user/sha/Run2FULL/2016PreVFP/DATA/SingleMuon/crab_SingleMuon_Run2016E/240213_062114//0001/SSBTree_1189.root
adding: dcap://cluster142.knu.ac.kr//pnfs/knu.ac.kr/data/cms/store/user/sha/Run2FULL/2016PreVFP/DATA/SingleMuon/crab_SingleMuon_Run2016E/240213_062114//0001/SSBTree_1190.root
Total number of events after merging root files: 754659
Event 0
Event 10000
Event 20000
Event 30000
Event 40000
Event 50000
Event 60000
Event 70000
Event 80000
Event 90000
Event 100000
Event 110000
Event 120000
Event 130000
Event 140000
Event 150000
Event 160000
Event 170000
Event 180000
Event 190000
Event 200000
Event 210000
Event 220000
Event 230000
Event 240000
Event 250000
Event 260000
Event 270000
Event 280000
Event 290000
Event 300000
Event 310000
Event 320000
Event 330000
Event 340000
Event 350000
Event 360000
Event 370000
Event 380000
Event 390000
Event 400000
Event 410000
Event 420000
Event 430000
Event 440000
Event 450000
Event 460000
Event 470000
Event 480000
Event 490000
Event 500000
Event 510000
Event 520000
Event 530000
Event 540000
Event 550000
Event 560000
Event 570000
Event 580000
Event 590000
Event 600000
Event 610000
Event 620000
Event 630000
Event 640000
Event 650000
Event 660000
Event 670000
Event 680000
Event 690000
Event 700000
Event 710000
Event 720000
Event 730000
Event 740000
Event 750000
Total processed number of events: 754659
End processing...

