The number of options is: 2
Option 0 = ./TopMass_analysis
Option 1 = WW/WW_3.list
Option 2 = WW/WW_3.txt
Input filelist = WW/WW_3.list
Output file name = WW/WW_3.txt


start merging file(s)
adding: dcap://cluster142.knu.ac.kr//pnfs/knu.ac.kr/data/cms/store/user/sha/Run2FULL/2016PreVFP/MC/WZ_TuneCP5_13TeV-pythia8/crab_WZ_TuneCP5_13TeV-pythia8/240222_061841///0000/SSBTree_119.root
adding: dcap://cluster142.knu.ac.kr//pnfs/knu.ac.kr/data/cms/store/user/sha/Run2FULL/2016PreVFP/MC/WZ_TuneCP5_13TeV-pythia8/crab_WZ_TuneCP5_13TeV-pythia8/240222_061841///0000/SSBTree_11.root
adding: dcap://cluster142.knu.ac.kr//pnfs/knu.ac.kr/data/cms/store/user/sha/Run2FULL/2016PreVFP/MC/WZ_TuneCP5_13TeV-pythia8/crab_WZ_TuneCP5_13TeV-pythia8/240222_061841///0000/SSBTree_120.root
adding: dcap://cluster142.knu.ac.kr//pnfs/knu.ac.kr/data/cms/store/user/sha/Run2FULL/2016PreVFP/MC/WZ_TuneCP5_13TeV-pythia8/crab_WZ_TuneCP5_13TeV-pythia8/240222_061841///0000/SSBTree_121.root
adding: dcap://cluster142.knu.ac.kr//pnfs/knu.ac.kr/data/cms/store/user/sha/Run2FULL/2016PreVFP/MC/WZ_TuneCP5_13TeV-pythia8/crab_WZ_TuneCP5_13TeV-pythia8/240222_061841///0000/SSBTree_122.root
adding: dcap://cluster142.knu.ac.kr//pnfs/knu.ac.kr/data/cms/store/user/sha/Run2FULL/2016PreVFP/MC/WZ_TuneCP5_13TeV-pythia8/crab_WZ_TuneCP5_13TeV-pythia8/240222_061841///0000/SSBTree_123.root
adding: dcap://cluster142.knu.ac.kr//pnfs/knu.ac.kr/data/cms/store/user/sha/Run2FULL/2016PreVFP/MC/WZ_TuneCP5_13TeV-pythia8/crab_WZ_TuneCP5_13TeV-pythia8/240222_061841///0000/SSBTree_124.root
adding: dcap://cluster142.knu.ac.kr//pnfs/knu.ac.kr/data/cms/store/user/sha/Run2FULL/2016PreVFP/MC/WZ_TuneCP5_13TeV-pythia8/crab_WZ_TuneCP5_13TeV-pythia8/240222_061841///0000/SSBTree_125.root
adding: dcap://cluster142.knu.ac.kr//pnfs/knu.ac.kr/data/cms/store/user/sha/Run2FULL/2016PreVFP/MC/WZ_TuneCP5_13TeV-pythia8/crab_WZ_TuneCP5_13TeV-pythia8/240222_061841///0000/SSBTree_126.root
adding: dcap://cluster142.knu.ac.kr//pnfs/knu.ac.kr/data/cms/store/user/sha/Run2FULL/2016PreVFP/MC/WZ_TuneCP5_13TeV-pythia8/crab_WZ_TuneCP5_13TeV-pythia8/240222_061841///0000/SSBTree_127.root
Total number of events after merging root files: 200000
Event 0
Event 10000
Event 20000
Event 30000
Event 40000
Event 50000
Event 60000
Event 70000
Event 80000
Event 90000
Event 100000
Event 110000
Event 120000
Event 130000
Event 140000
Event 150000
Event 160000
Event 170000
Event 180000
Event 190000
Total processed number of events: 200000
End processing...

The number of options is: 2
Option 0 = ./TopMass_analysis
Option 1 = WW/WW_7.list
Option 2 = WW/WW_7.txt
Input filelist = WW/WW_7.list
Output file name = WW/WW_7.txt


start merging file(s)
adding: dcap://cluster142.knu.ac.kr//pnfs/knu.ac.kr/data/cms/store/user/sha/Run2FULL/2016PreVFP/MC/WZ_TuneCP5_13TeV-pythia8/crab_WZ_TuneCP5_13TeV-pythia8/240222_061841///0000/SSBTree_155.root
adding: dcap://cluster142.knu.ac.kr//pnfs/knu.ac.kr/data/cms/store/user/sha/Run2FULL/2016PreVFP/MC/WZ_TuneCP5_13TeV-pythia8/crab_WZ_TuneCP5_13TeV-pythia8/240222_061841///0000/SSBTree_156.root
adding: dcap://cluster142.knu.ac.kr//pnfs/knu.ac.kr/data/cms/store/user/sha/Run2FULL/2016PreVFP/MC/WZ_TuneCP5_13TeV-pythia8/crab_WZ_TuneCP5_13TeV-pythia8/240222_061841///0000/SSBTree_157.root
adding: dcap://cluster142.knu.ac.kr//pnfs/knu.ac.kr/data/cms/store/user/sha/Run2FULL/2016PreVFP/MC/WZ_TuneCP5_13TeV-pythia8/crab_WZ_TuneCP5_13TeV-pythia8/240222_061841///0000/SSBTree_158.root
adding: dcap://cluster142.knu.ac.kr//pnfs/knu.ac.kr/data/cms/store/user/sha/Run2FULL/2016PreVFP/MC/WZ_TuneCP5_13TeV-pythia8/crab_WZ_TuneCP5_13TeV-pythia8/240222_061841///0000/SSBTree_159.root
adding: dcap://cluster142.knu.ac.kr//pnfs/knu.ac.kr/data/cms/store/user/sha/Run2FULL/2016PreVFP/MC/WZ_TuneCP5_13TeV-pythia8/crab_WZ_TuneCP5_13TeV-pythia8/240222_061841///0000/SSBTree_15.root
adding: dcap://cluster142.knu.ac.kr//pnfs/knu.ac.kr/data/cms/store/user/sha/Run2FULL/2016PreVFP/MC/WZ_TuneCP5_13TeV-pythia8/crab_WZ_TuneCP5_13TeV-pythia8/240222_061841///0000/SSBTree_160.root
adding: dcap://cluster142.knu.ac.kr//pnfs/knu.ac.kr/data/cms/store/user/sha/Run2FULL/2016PreVFP/MC/WZ_TuneCP5_13TeV-pythia8/crab_WZ_TuneCP5_13TeV-pythia8/240222_061841///0000/SSBTree_161.root
adding: dcap://cluster142.knu.ac.kr//pnfs/knu.ac.kr/data/cms/store/user/sha/Run2FULL/2016PreVFP/MC/WZ_TuneCP5_13TeV-pythia8/crab_WZ_TuneCP5_13TeV-pythia8/240222_061841///0000/SSBTree_162.root
adding: dcap://cluster142.knu.ac.kr//pnfs/knu.ac.kr/data/cms/store/user/sha/Run2FULL/2016PreVFP/MC/WZ_TuneCP5_13TeV-pythia8/crab_WZ_TuneCP5_13TeV-pythia8/240222_061841///0000/SSBTree_163.root
Total number of events after merging root files: 199000
Event 0
Event 10000
Event 20000
Event 30000
Event 40000
Event 50000
Event 60000
Event 70000
Event 80000
Event 90000
Event 100000
Event 110000
Event 120000
Event 130000
Event 140000
Event 150000
Event 160000
Event 170000
Event 180000
Event 190000
Total processed number of events: 199000
End processing...

The number of options is: 2
Option 0 = ./TopMass_analysis
Option 1 = WW/WW_11.list
Option 2 = WW/WW_11.txt
Input filelist = WW/WW_11.list
Output file name = WW/WW_11.txt


start merging file(s)
adding: dcap://cluster142.knu.ac.kr//pnfs/knu.ac.kr/data/cms/store/user/sha/Run2FULL/2016PreVFP/MC/WZ_TuneCP5_13TeV-pythia8/crab_WZ_TuneCP5_13TeV-pythia8/240222_061841///0000/SSBTree_191.root
adding: dcap://cluster142.knu.ac.kr//pnfs/knu.ac.kr/data/cms/store/user/sha/Run2FULL/2016PreVFP/MC/WZ_TuneCP5_13TeV-pythia8/crab_WZ_TuneCP5_13TeV-pythia8/240222_061841///0000/SSBTree_192.root
adding: dcap://cluster142.knu.ac.kr//pnfs/knu.ac.kr/data/cms/store/user/sha/Run2FULL/2016PreVFP/MC/WZ_TuneCP5_13TeV-pythia8/crab_WZ_TuneCP5_13TeV-pythia8/240222_061841///0000/SSBTree_193.root
adding: dcap://cluster142.knu.ac.kr//pnfs/knu.ac.kr/data/cms/store/user/sha/Run2FULL/2016PreVFP/MC/WZ_TuneCP5_13TeV-pythia8/crab_WZ_TuneCP5_13TeV-pythia8/240222_061841///0000/SSBTree_194.root
adding: dcap://cluster142.knu.ac.kr//pnfs/knu.ac.kr/data/cms/store/user/sha/Run2FULL/2016PreVFP/MC/WZ_TuneCP5_13TeV-pythia8/crab_WZ_TuneCP5_13TeV-pythia8/240222_061841///0000/SSBTree_195.root
adding: dcap://cluster142.knu.ac.kr//pnfs/knu.ac.kr/data/cms/store/user/sha/Run2FULL/2016PreVFP/MC/WZ_TuneCP5_13TeV-pythia8/crab_WZ_TuneCP5_13TeV-pythia8/240222_061841///0000/SSBTree_196.root
adding: dcap://cluster142.knu.ac.kr//pnfs/knu.ac.kr/data/cms/store/user/sha/Run2FULL/2016PreVFP/MC/WZ_TuneCP5_13TeV-pythia8/crab_WZ_TuneCP5_13TeV-pythia8/240222_061841///0000/SSBTree_197.root
adding: dcap://cluster142.knu.ac.kr//pnfs/knu.ac.kr/data/cms/store/user/sha/Run2FULL/2016PreVFP/MC/WZ_TuneCP5_13TeV-pythia8/crab_WZ_TuneCP5_13TeV-pythia8/240222_061841///0000/SSBTree_198.root
adding: dcap://cluster142.knu.ac.kr//pnfs/knu.ac.kr/data/cms/store/user/sha/Run2FULL/2016PreVFP/MC/WZ_TuneCP5_13TeV-pythia8/crab_WZ_TuneCP5_13TeV-pythia8/240222_061841///0000/SSBTree_199.root
adding: dcap://cluster142.knu.ac.kr//pnfs/knu.ac.kr/data/cms/store/user/sha/Run2FULL/2016PreVFP/MC/WZ_TuneCP5_13TeV-pythia8/crab_WZ_TuneCP5_13TeV-pythia8/240222_061841///0000/SSBTree_19.root
Total number of events after merging root files: 200000
Event 0
Event 10000
Event 20000
Event 30000
Event 40000
Event 50000
Event 60000
Event 70000
Event 80000
Event 90000
Event 100000
Event 110000
Event 120000
Event 130000
Event 140000
Event 150000
Event 160000
Event 170000
Event 180000
Event 190000
Total processed number of events: 200000
End processing...

The number of options is: 2
Option 0 = ./TopMass_analysis
Option 1 = WW/WW_15.list
Option 2 = WW/WW_15.txt
Input filelist = WW/WW_15.list
Output file name = WW/WW_15.txt


start merging file(s)
adding: dcap://cluster142.knu.ac.kr//pnfs/knu.ac.kr/data/cms/store/user/sha/Run2FULL/2016PreVFP/MC/WZ_TuneCP5_13TeV-pythia8/crab_WZ_TuneCP5_13TeV-pythia8/240222_061841///0000/SSBTree_227.root
adding: dcap://cluster142.knu.ac.kr//pnfs/knu.ac.kr/data/cms/store/user/sha/Run2FULL/2016PreVFP/MC/WZ_TuneCP5_13TeV-pythia8/crab_WZ_TuneCP5_13TeV-pythia8/240222_061841///0000/SSBTree_228.root
adding: dcap://cluster142.knu.ac.kr//pnfs/knu.ac.kr/data/cms/store/user/sha/Run2FULL/2016PreVFP/MC/WZ_TuneCP5_13TeV-pythia8/crab_WZ_TuneCP5_13TeV-pythia8/240222_061841///0000/SSBTree_229.root
adding: dcap://cluster142.knu.ac.kr//pnfs/knu.ac.kr/data/cms/store/user/sha/Run2FULL/2016PreVFP/MC/WZ_TuneCP5_13TeV-pythia8/crab_WZ_TuneCP5_13TeV-pythia8/240222_061841///0000/SSBTree_22.root
adding: dcap://cluster142.knu.ac.kr//pnfs/knu.ac.kr/data/cms/store/user/sha/Run2FULL/2016PreVFP/MC/WZ_TuneCP5_13TeV-pythia8/crab_WZ_TuneCP5_13TeV-pythia8/240222_061841///0000/SSBTree_230.root
adding: dcap://cluster142.knu.ac.kr//pnfs/knu.ac.kr/data/cms/store/user/sha/Run2FULL/2016PreVFP/MC/WZ_TuneCP5_13TeV-pythia8/crab_WZ_TuneCP5_13TeV-pythia8/240222_061841///0000/SSBTree_231.root
adding: dcap://cluster142.knu.ac.kr//pnfs/knu.ac.kr/data/cms/store/user/sha/Run2FULL/2016PreVFP/MC/WZ_TuneCP5_13TeV-pythia8/crab_WZ_TuneCP5_13TeV-pythia8/240222_061841///0000/SSBTree_232.root
adding: dcap://cluster142.knu.ac.kr//pnfs/knu.ac.kr/data/cms/store/user/sha/Run2FULL/2016PreVFP/MC/WZ_TuneCP5_13TeV-pythia8/crab_WZ_TuneCP5_13TeV-pythia8/240222_061841///0000/SSBTree_233.root
adding: dcap://cluster142.knu.ac.kr//pnfs/knu.ac.kr/data/cms/store/user/sha/Run2FULL/2016PreVFP/MC/WZ_TuneCP5_13TeV-pythia8/crab_WZ_TuneCP5_13TeV-pythia8/240222_061841///0000/SSBTree_234.root
adding: dcap://cluster142.knu.ac.kr//pnfs/knu.ac.kr/data/cms/store/user/sha/Run2FULL/2016PreVFP/MC/WZ_TuneCP5_13TeV-pythia8/crab_WZ_TuneCP5_13TeV-pythia8/240222_061841///0000/SSBTree_235.root
Total number of events after merging root files: 200000
Event 0
Event 10000
Event 20000
Event 30000
Event 40000
Event 50000
Event 60000
Event 70000
Event 80000
Event 90000
Event 100000
Event 110000
Event 120000
Event 130000
Event 140000
Event 150000
Event 160000
Event 170000
Event 180000
Event 190000
Total processed number of events: 200000
End processing...

The number of options is: 2
Option 0 = ./TopMass_analysis
Option 1 = WW/WW_19.list
Option 2 = WW/WW_19.txt
Input filelist = WW/WW_19.list
Output file name = WW/WW_19.txt


start merging file(s)
adding: dcap://cluster142.knu.ac.kr//pnfs/knu.ac.kr/data/cms/store/user/sha/Run2FULL/2016PreVFP/MC/WZ_TuneCP5_13TeV-pythia8/crab_WZ_TuneCP5_13TeV-pythia8/240222_061841///0000/SSBTree_263.root
adding: dcap://cluster142.knu.ac.kr//pnfs/knu.ac.kr/data/cms/store/user/sha/Run2FULL/2016PreVFP/MC/WZ_TuneCP5_13TeV-pythia8/crab_WZ_TuneCP5_13TeV-pythia8/240222_061841///0000/SSBTree_264.root
adding: dcap://cluster142.knu.ac.kr//pnfs/knu.ac.kr/data/cms/store/user/sha/Run2FULL/2016PreVFP/MC/WZ_TuneCP5_13TeV-pythia8/crab_WZ_TuneCP5_13TeV-pythia8/240222_061841///0000/SSBTree_265.root
adding: dcap://cluster142.knu.ac.kr//pnfs/knu.ac.kr/data/cms/store/user/sha/Run2FULL/2016PreVFP/MC/WZ_TuneCP5_13TeV-pythia8/crab_WZ_TuneCP5_13TeV-pythia8/240222_061841///0000/SSBTree_266.root
adding: dcap://cluster142.knu.ac.kr//pnfs/knu.ac.kr/data/cms/store/user/sha/Run2FULL/2016PreVFP/MC/WZ_TuneCP5_13TeV-pythia8/crab_WZ_TuneCP5_13TeV-pythia8/240222_061841///0000/SSBTree_267.root
adding: dcap://cluster142.knu.ac.kr//pnfs/knu.ac.kr/data/cms/store/user/sha/Run2FULL/2016PreVFP/MC/WZ_TuneCP5_13TeV-pythia8/crab_WZ_TuneCP5_13TeV-pythia8/240222_061841///0000/SSBTree_268.root
adding: dcap://cluster142.knu.ac.kr//pnfs/knu.ac.kr/data/cms/store/user/sha/Run2FULL/2016PreVFP/MC/WZ_TuneCP5_13TeV-pythia8/crab_WZ_TuneCP5_13TeV-pythia8/240222_061841///0000/SSBTree_269.root
adding: dcap://cluster142.knu.ac.kr//pnfs/knu.ac.kr/data/cms/store/user/sha/Run2FULL/2016PreVFP/MC/WZ_TuneCP5_13TeV-pythia8/crab_WZ_TuneCP5_13TeV-pythia8/240222_061841///0000/SSBTree_26.root
adding: dcap://cluster142.knu.ac.kr//pnfs/knu.ac.kr/data/cms/store/user/sha/Run2FULL/2016PreVFP/MC/WZ_TuneCP5_13TeV-pythia8/crab_WZ_TuneCP5_13TeV-pythia8/240222_061841///0000/SSBTree_270.root
adding: dcap://cluster142.knu.ac.kr//pnfs/knu.ac.kr/data/cms/store/user/sha/Run2FULL/2016PreVFP/MC/WZ_TuneCP5_13TeV-pythia8/crab_WZ_TuneCP5_13TeV-pythia8/240222_061841///0000/SSBTree_271.root
Total number of events after merging root files: 200000
Event 0
Event 10000
Event 20000
Event 30000
Event 40000
Event 50000
Event 60000
Event 70000
Event 80000
Event 90000
Event 100000
Event 110000
Event 120000
Event 130000
Event 140000
Event 150000
Event 160000
Event 170000
Event 180000
Event 190000
Total processed number of events: 200000
End processing...

The number of options is: 2
Option 0 = ./TopMass_analysis
Option 1 = WW/WW_23.list
Option 2 = WW/WW_23.txt
Input filelist = WW/WW_23.list
Output file name = WW/WW_23.txt


start merging file(s)
adding: dcap://cluster142.knu.ac.kr//pnfs/knu.ac.kr/data/cms/store/user/sha/Run2FULL/2016PreVFP/MC/WZ_TuneCP5_13TeV-pythia8/crab_WZ_TuneCP5_13TeV-pythia8/240222_061841///0000/SSBTree_29.root
adding: dcap://cluster142.knu.ac.kr//pnfs/knu.ac.kr/data/cms/store/user/sha/Run2FULL/2016PreVFP/MC/WZ_TuneCP5_13TeV-pythia8/crab_WZ_TuneCP5_13TeV-pythia8/240222_061841///0000/SSBTree_2.root
adding: dcap://cluster142.knu.ac.kr//pnfs/knu.ac.kr/data/cms/store/user/sha/Run2FULL/2016PreVFP/MC/WZ_TuneCP5_13TeV-pythia8/crab_WZ_TuneCP5_13TeV-pythia8/240222_061841///0000/SSBTree_300.root
adding: dcap://cluster142.knu.ac.kr//pnfs/knu.ac.kr/data/cms/store/user/sha/Run2FULL/2016PreVFP/MC/WZ_TuneCP5_13TeV-pythia8/crab_WZ_TuneCP5_13TeV-pythia8/240222_061841///0000/SSBTree_301.root
adding: dcap://cluster142.knu.ac.kr//pnfs/knu.ac.kr/data/cms/store/user/sha/Run2FULL/2016PreVFP/MC/WZ_TuneCP5_13TeV-pythia8/crab_WZ_TuneCP5_13TeV-pythia8/240222_061841///0000/SSBTree_302.root
adding: dcap://cluster142.knu.ac.kr//pnfs/knu.ac.kr/data/cms/store/user/sha/Run2FULL/2016PreVFP/MC/WZ_TuneCP5_13TeV-pythia8/crab_WZ_TuneCP5_13TeV-pythia8/240222_061841///0000/SSBTree_303.root
adding: dcap://cluster142.knu.ac.kr//pnfs/knu.ac.kr/data/cms/store/user/sha/Run2FULL/2016PreVFP/MC/WZ_TuneCP5_13TeV-pythia8/crab_WZ_TuneCP5_13TeV-pythia8/240222_061841///0000/SSBTree_304.root
adding: dcap://cluster142.knu.ac.kr//pnfs/knu.ac.kr/data/cms/store/user/sha/Run2FULL/2016PreVFP/MC/WZ_TuneCP5_13TeV-pythia8/crab_WZ_TuneCP5_13TeV-pythia8/240222_061841///0000/SSBTree_305.root
adding: dcap://cluster142.knu.ac.kr//pnfs/knu.ac.kr/data/cms/store/user/sha/Run2FULL/2016PreVFP/MC/WZ_TuneCP5_13TeV-pythia8/crab_WZ_TuneCP5_13TeV-pythia8/240222_061841///0000/SSBTree_306.root
adding: dcap://cluster142.knu.ac.kr//pnfs/knu.ac.kr/data/cms/store/user/sha/Run2FULL/2016PreVFP/MC/WZ_TuneCP5_13TeV-pythia8/crab_WZ_TuneCP5_13TeV-pythia8/240222_061841///0000/SSBTree_307.root
Total number of events after merging root files: 200000
Event 0
Event 10000
Event 20000
Event 30000
Event 40000
Event 50000
Event 60000
Event 70000
Event 80000
Event 90000
Event 100000
Event 110000
Event 120000
Event 130000
Event 140000
Event 150000
Event 160000
Event 170000
Event 180000
Event 190000
Total processed number of events: 200000
End processing...

The number of options is: 2
Option 0 = ./TopMass_analysis
Option 1 = WW/WW_27.list
Option 2 = WW/WW_27.txt
Input filelist = WW/WW_27.list
Output file name = WW/WW_27.txt


start merging file(s)
adding: dcap://cluster142.knu.ac.kr//pnfs/knu.ac.kr/data/cms/store/user/sha/Run2FULL/2016PreVFP/MC/WZ_TuneCP5_13TeV-pythia8/crab_WZ_TuneCP5_13TeV-pythia8/240222_061841///0000/SSBTree_335.root
adding: dcap://cluster142.knu.ac.kr//pnfs/knu.ac.kr/data/cms/store/user/sha/Run2FULL/2016PreVFP/MC/WZ_TuneCP5_13TeV-pythia8/crab_WZ_TuneCP5_13TeV-pythia8/240222_061841///0000/SSBTree_336.root
adding: dcap://cluster142.knu.ac.kr//pnfs/knu.ac.kr/data/cms/store/user/sha/Run2FULL/2016PreVFP/MC/WZ_TuneCP5_13TeV-pythia8/crab_WZ_TuneCP5_13TeV-pythia8/240222_061841///0000/SSBTree_337.root
adding: dcap://cluster142.knu.ac.kr//pnfs/knu.ac.kr/data/cms/store/user/sha/Run2FULL/2016PreVFP/MC/WZ_TuneCP5_13TeV-pythia8/crab_WZ_TuneCP5_13TeV-pythia8/240222_061841///0000/SSBTree_338.root
adding: dcap://cluster142.knu.ac.kr//pnfs/knu.ac.kr/data/cms/store/user/sha/Run2FULL/2016PreVFP/MC/WZ_TuneCP5_13TeV-pythia8/crab_WZ_TuneCP5_13TeV-pythia8/240222_061841///0000/SSBTree_339.root
adding: dcap://cluster142.knu.ac.kr//pnfs/knu.ac.kr/data/cms/store/user/sha/Run2FULL/2016PreVFP/MC/WZ_TuneCP5_13TeV-pythia8/crab_WZ_TuneCP5_13TeV-pythia8/240222_061841///0000/SSBTree_33.root
adding: dcap://cluster142.knu.ac.kr//pnfs/knu.ac.kr/data/cms/store/user/sha/Run2FULL/2016PreVFP/MC/WZ_TuneCP5_13TeV-pythia8/crab_WZ_TuneCP5_13TeV-pythia8/240222_061841///0000/SSBTree_340.root
adding: dcap://cluster142.knu.ac.kr//pnfs/knu.ac.kr/data/cms/store/user/sha/Run2FULL/2016PreVFP/MC/WZ_TuneCP5_13TeV-pythia8/crab_WZ_TuneCP5_13TeV-pythia8/240222_061841///0000/SSBTree_341.root
adding: dcap://cluster142.knu.ac.kr//pnfs/knu.ac.kr/data/cms/store/user/sha/Run2FULL/2016PreVFP/MC/WZ_TuneCP5_13TeV-pythia8/crab_WZ_TuneCP5_13TeV-pythia8/240222_061841///0000/SSBTree_342.root
adding: dcap://cluster142.knu.ac.kr//pnfs/knu.ac.kr/data/cms/store/user/sha/Run2FULL/2016PreVFP/MC/WZ_TuneCP5_13TeV-pythia8/crab_WZ_TuneCP5_13TeV-pythia8/240222_061841///0000/SSBTree_343.root
Total number of events after merging root files: 200000
Event 0
Event 10000
Event 20000
Event 30000
Event 40000
Event 50000
Event 60000
Event 70000
Event 80000
Event 90000
Event 100000
Event 110000
Event 120000
Event 130000
Event 140000
Event 150000
Event 160000
Event 170000
Event 180000
Event 190000
Total processed number of events: 200000
End processing...

The number of options is: 2
Option 0 = ./TopMass_analysis
Option 1 = WW/WW_31.list
Option 2 = WW/WW_31.txt
Input filelist = WW/WW_31.list
Output file name = WW/WW_31.txt


start merging file(s)
adding: dcap://cluster142.knu.ac.kr//pnfs/knu.ac.kr/data/cms/store/user/sha/Run2FULL/2016PreVFP/MC/WZ_TuneCP5_13TeV-pythia8/crab_WZ_TuneCP5_13TeV-pythia8/240222_061841///0000/SSBTree_371.root
adding: dcap://cluster142.knu.ac.kr//pnfs/knu.ac.kr/data/cms/store/user/sha/Run2FULL/2016PreVFP/MC/WZ_TuneCP5_13TeV-pythia8/crab_WZ_TuneCP5_13TeV-pythia8/240222_061841///0000/SSBTree_372.root
adding: dcap://cluster142.knu.ac.kr//pnfs/knu.ac.kr/data/cms/store/user/sha/Run2FULL/2016PreVFP/MC/WZ_TuneCP5_13TeV-pythia8/crab_WZ_TuneCP5_13TeV-pythia8/240222_061841///0000/SSBTree_373.root
adding: dcap://cluster142.knu.ac.kr//pnfs/knu.ac.kr/data/cms/store/user/sha/Run2FULL/2016PreVFP/MC/WZ_TuneCP5_13TeV-pythia8/crab_WZ_TuneCP5_13TeV-pythia8/240222_061841///0000/SSBTree_374.root
adding: dcap://cluster142.knu.ac.kr//pnfs/knu.ac.kr/data/cms/store/user/sha/Run2FULL/2016PreVFP/MC/WZ_TuneCP5_13TeV-pythia8/crab_WZ_TuneCP5_13TeV-pythia8/240222_061841///0000/SSBTree_375.root
adding: dcap://cluster142.knu.ac.kr//pnfs/knu.ac.kr/data/cms/store/user/sha/Run2FULL/2016PreVFP/MC/WZ_TuneCP5_13TeV-pythia8/crab_WZ_TuneCP5_13TeV-pythia8/240222_061841///0000/SSBTree_376.root
adding: dcap://cluster142.knu.ac.kr//pnfs/knu.ac.kr/data/cms/store/user/sha/Run2FULL/2016PreVFP/MC/WZ_TuneCP5_13TeV-pythia8/crab_WZ_TuneCP5_13TeV-pythia8/240222_061841///0000/SSBTree_377.root
adding: dcap://cluster142.knu.ac.kr//pnfs/knu.ac.kr/data/cms/store/user/sha/Run2FULL/2016PreVFP/MC/WZ_TuneCP5_13TeV-pythia8/crab_WZ_TuneCP5_13TeV-pythia8/240222_061841///0000/SSBTree_378.root
adding: dcap://cluster142.knu.ac.kr//pnfs/knu.ac.kr/data/cms/store/user/sha/Run2FULL/2016PreVFP/MC/WZ_TuneCP5_13TeV-pythia8/crab_WZ_TuneCP5_13TeV-pythia8/240222_061841///0000/SSBTree_379.root
adding: dcap://cluster142.knu.ac.kr//pnfs/knu.ac.kr/data/cms/store/user/sha/Run2FULL/2016PreVFP/MC/WZ_TuneCP5_13TeV-pythia8/crab_WZ_TuneCP5_13TeV-pythia8/240222_061841///0000/SSBTree_37.root
Total number of events after merging root files: 200000
Event 0
Event 10000
Event 20000
Event 30000
Event 40000
Event 50000
Event 60000
Event 70000
Event 80000
Event 90000
Event 100000
Event 110000
Event 120000
Event 130000
Event 140000
Event 150000
Event 160000
Event 170000
Event 180000
Event 190000
Total processed number of events: 200000
End processing...

The number of options is: 2
Option 0 = ./TopMass_analysis
Option 1 = WW/WW_35.list
Option 2 = WW/WW_35.txt
Input filelist = WW/WW_35.list
Output file name = WW/WW_35.txt


start merging file(s)
adding: dcap://cluster142.knu.ac.kr//pnfs/knu.ac.kr/data/cms/store/user/sha/Run2FULL/2016PreVFP/MC/WZ_TuneCP5_13TeV-pythia8/crab_WZ_TuneCP5_13TeV-pythia8/240222_061841///0000/SSBTree_46.root
adding: dcap://cluster142.knu.ac.kr//pnfs/knu.ac.kr/data/cms/store/user/sha/Run2FULL/2016PreVFP/MC/WZ_TuneCP5_13TeV-pythia8/crab_WZ_TuneCP5_13TeV-pythia8/240222_061841///0000/SSBTree_47.root
adding: dcap://cluster142.knu.ac.kr//pnfs/knu.ac.kr/data/cms/store/user/sha/Run2FULL/2016PreVFP/MC/WZ_TuneCP5_13TeV-pythia8/crab_WZ_TuneCP5_13TeV-pythia8/240222_061841///0000/SSBTree_48.root
adding: dcap://cluster142.knu.ac.kr//pnfs/knu.ac.kr/data/cms/store/user/sha/Run2FULL/2016PreVFP/MC/WZ_TuneCP5_13TeV-pythia8/crab_WZ_TuneCP5_13TeV-pythia8/240222_061841///0000/SSBTree_49.root
adding: dcap://cluster142.knu.ac.kr//pnfs/knu.ac.kr/data/cms/store/user/sha/Run2FULL/2016PreVFP/MC/WZ_TuneCP5_13TeV-pythia8/crab_WZ_TuneCP5_13TeV-pythia8/240222_061841///0000/SSBTree_4.root
adding: dcap://cluster142.knu.ac.kr//pnfs/knu.ac.kr/data/cms/store/user/sha/Run2FULL/2016PreVFP/MC/WZ_TuneCP5_13TeV-pythia8/crab_WZ_TuneCP5_13TeV-pythia8/240222_061841///0000/SSBTree_50.root
adding: dcap://cluster142.knu.ac.kr//pnfs/knu.ac.kr/data/cms/store/user/sha/Run2FULL/2016PreVFP/MC/WZ_TuneCP5_13TeV-pythia8/crab_WZ_TuneCP5_13TeV-pythia8/240222_061841///0000/SSBTree_51.root
adding: dcap://cluster142.knu.ac.kr//pnfs/knu.ac.kr/data/cms/store/user/sha/Run2FULL/2016PreVFP/MC/WZ_TuneCP5_13TeV-pythia8/crab_WZ_TuneCP5_13TeV-pythia8/240222_061841///0000/SSBTree_52.root
adding: dcap://cluster142.knu.ac.kr//pnfs/knu.ac.kr/data/cms/store/user/sha/Run2FULL/2016PreVFP/MC/WZ_TuneCP5_13TeV-pythia8/crab_WZ_TuneCP5_13TeV-pythia8/240222_061841///0000/SSBTree_53.root
adding: dcap://cluster142.knu.ac.kr//pnfs/knu.ac.kr/data/cms/store/user/sha/Run2FULL/2016PreVFP/MC/WZ_TuneCP5_13TeV-pythia8/crab_WZ_TuneCP5_13TeV-pythia8/240222_061841///0000/SSBTree_54.root
Total number of events after merging root files: 200000
Event 0
Event 10000
Event 20000
Event 30000
Event 40000
Event 50000
Event 60000
Event 70000
Event 80000
Event 90000
Event 100000
Event 110000
Event 120000
Event 130000
Event 140000
Event 150000
Event 160000
Event 170000
Event 180000
Event 190000
Total processed number of events: 200000
End processing...

The number of options is: 2
Option 0 = ./TopMass_analysis
Option 1 = WW/WW_39.list
Option 2 = WW/WW_39.txt
Input filelist = WW/WW_39.list
Output file name = WW/WW_39.txt


start merging file(s)
adding: dcap://cluster142.knu.ac.kr//pnfs/knu.ac.kr/data/cms/store/user/sha/Run2FULL/2016PreVFP/MC/WZ_TuneCP5_13TeV-pythia8/crab_WZ_TuneCP5_13TeV-pythia8/240222_061841///0000/SSBTree_82.root
adding: dcap://cluster142.knu.ac.kr//pnfs/knu.ac.kr/data/cms/store/user/sha/Run2FULL/2016PreVFP/MC/WZ_TuneCP5_13TeV-pythia8/crab_WZ_TuneCP5_13TeV-pythia8/240222_061841///0000/SSBTree_83.root
adding: dcap://cluster142.knu.ac.kr//pnfs/knu.ac.kr/data/cms/store/user/sha/Run2FULL/2016PreVFP/MC/WZ_TuneCP5_13TeV-pythia8/crab_WZ_TuneCP5_13TeV-pythia8/240222_061841///0000/SSBTree_84.root
adding: dcap://cluster142.knu.ac.kr//pnfs/knu.ac.kr/data/cms/store/user/sha/Run2FULL/2016PreVFP/MC/WZ_TuneCP5_13TeV-pythia8/crab_WZ_TuneCP5_13TeV-pythia8/240222_061841///0000/SSBTree_85.root
adding: dcap://cluster142.knu.ac.kr//pnfs/knu.ac.kr/data/cms/store/user/sha/Run2FULL/2016PreVFP/MC/WZ_TuneCP5_13TeV-pythia8/crab_WZ_TuneCP5_13TeV-pythia8/240222_061841///0000/SSBTree_86.root
adding: dcap://cluster142.knu.ac.kr//pnfs/knu.ac.kr/data/cms/store/user/sha/Run2FULL/2016PreVFP/MC/WZ_TuneCP5_13TeV-pythia8/crab_WZ_TuneCP5_13TeV-pythia8/240222_061841///0000/SSBTree_87.root
adding: dcap://cluster142.knu.ac.kr//pnfs/knu.ac.kr/data/cms/store/user/sha/Run2FULL/2016PreVFP/MC/WZ_TuneCP5_13TeV-pythia8/crab_WZ_TuneCP5_13TeV-pythia8/240222_061841///0000/SSBTree_88.root
adding: dcap://cluster142.knu.ac.kr//pnfs/knu.ac.kr/data/cms/store/user/sha/Run2FULL/2016PreVFP/MC/WZ_TuneCP5_13TeV-pythia8/crab_WZ_TuneCP5_13TeV-pythia8/240222_061841///0000/SSBTree_89.root
adding: dcap://cluster142.knu.ac.kr//pnfs/knu.ac.kr/data/cms/store/user/sha/Run2FULL/2016PreVFP/MC/WZ_TuneCP5_13TeV-pythia8/crab_WZ_TuneCP5_13TeV-pythia8/240222_061841///0000/SSBTree_8.root
adding: dcap://cluster142.knu.ac.kr//pnfs/knu.ac.kr/data/cms/store/user/sha/Run2FULL/2016PreVFP/MC/WZ_TuneCP5_13TeV-pythia8/crab_WZ_TuneCP5_13TeV-pythia8/240222_061841///0000/SSBTree_90.root
Total number of events after merging root files: 200000
Event 0
Event 10000
Event 20000
Event 30000
Event 40000
Event 50000
Event 60000
Event 70000
Event 80000
Event 90000
Event 100000
Event 110000
Event 120000
Event 130000
Event 140000
Event 150000
Event 160000
Event 170000
Event 180000
Event 190000
Total processed number of events: 200000
End processing...

