The number of options is: 2
Option 0 = ./TopMass_analysis
Option 1 = DoubleMuon_Run2016E/DoubleMuon_Run2016E_9.list
Option 2 = DoubleMuon_Run2016E/DoubleMuon_Run2016E_9.txt
Input filelist = DoubleMuon_Run2016E/DoubleMuon_Run2016E_9.list
Output file name = DoubleMuon_Run2016E/DoubleMuon_Run2016E_9.txt


start merging file(s)
adding: dcap://cluster142.knu.ac.kr//pnfs/knu.ac.kr/data/cms/store/user/sha/Run2FULL/2016PreVFP/DATA/DoubleMuon/crab_DoubleMuon_Run2016E/240205_141453//0000/SSBTree_173.root
adding: dcap://cluster142.knu.ac.kr//pnfs/knu.ac.kr/data/cms/store/user/sha/Run2FULL/2016PreVFP/DATA/DoubleMuon/crab_DoubleMuon_Run2016E/240205_141453//0000/SSBTree_174.root
adding: dcap://cluster142.knu.ac.kr//pnfs/knu.ac.kr/data/cms/store/user/sha/Run2FULL/2016PreVFP/DATA/DoubleMuon/crab_DoubleMuon_Run2016E/240205_141453//0000/SSBTree_175.root
adding: dcap://cluster142.knu.ac.kr//pnfs/knu.ac.kr/data/cms/store/user/sha/Run2FULL/2016PreVFP/DATA/DoubleMuon/crab_DoubleMuon_Run2016E/240205_141453//0000/SSBTree_176.root
adding: dcap://cluster142.knu.ac.kr//pnfs/knu.ac.kr/data/cms/store/user/sha/Run2FULL/2016PreVFP/DATA/DoubleMuon/crab_DoubleMuon_Run2016E/240205_141453//0000/SSBTree_177.root
adding: dcap://cluster142.knu.ac.kr//pnfs/knu.ac.kr/data/cms/store/user/sha/Run2FULL/2016PreVFP/DATA/DoubleMuon/crab_DoubleMuon_Run2016E/240205_141453//0000/SSBTree_178.root
adding: dcap://cluster142.knu.ac.kr//pnfs/knu.ac.kr/data/cms/store/user/sha/Run2FULL/2016PreVFP/DATA/DoubleMuon/crab_DoubleMuon_Run2016E/240205_141453//0000/SSBTree_179.root
adding: dcap://cluster142.knu.ac.kr//pnfs/knu.ac.kr/data/cms/store/user/sha/Run2FULL/2016PreVFP/DATA/DoubleMuon/crab_DoubleMuon_Run2016E/240205_141453//0000/SSBTree_17.root
adding: dcap://cluster142.knu.ac.kr//pnfs/knu.ac.kr/data/cms/store/user/sha/Run2FULL/2016PreVFP/DATA/DoubleMuon/crab_DoubleMuon_Run2016E/240205_141453//0000/SSBTree_180.root
adding: dcap://cluster142.knu.ac.kr//pnfs/knu.ac.kr/data/cms/store/user/sha/Run2FULL/2016PreVFP/DATA/DoubleMuon/crab_DoubleMuon_Run2016E/240205_141453//0000/SSBTree_181.root
Total number of events after merging root files: 210375
Event 0
Event 10000
Event 20000
Event 30000
Event 40000
Event 50000
Event 60000
Event 70000
Event 80000
Event 90000
Event 100000
Event 110000
Event 120000
Event 130000
Event 140000
Event 150000
Event 160000
Event 170000
Event 180000
Event 190000
Event 200000
Event 210000
Total processed number of events: 210375
End processing...

The number of options is: 2
Option 0 = ./TopMass_analysis
Option 1 = DoubleMuon_Run2016E/DoubleMuon_Run2016E_22.list
Option 2 = DoubleMuon_Run2016E/DoubleMuon_Run2016E_22.txt
Input filelist = DoubleMuon_Run2016E/DoubleMuon_Run2016E_22.list
Output file name = DoubleMuon_Run2016E/DoubleMuon_Run2016E_22.txt


start merging file(s)
adding: dcap://cluster142.knu.ac.kr//pnfs/knu.ac.kr/data/cms/store/user/sha/Run2FULL/2016PreVFP/DATA/DoubleMuon/crab_DoubleMuon_Run2016E/240205_141453//0000/SSBTree_290.root
adding: dcap://cluster142.knu.ac.kr//pnfs/knu.ac.kr/data/cms/store/user/sha/Run2FULL/2016PreVFP/DATA/DoubleMuon/crab_DoubleMuon_Run2016E/240205_141453//0000/SSBTree_291.root
adding: dcap://cluster142.knu.ac.kr//pnfs/knu.ac.kr/data/cms/store/user/sha/Run2FULL/2016PreVFP/DATA/DoubleMuon/crab_DoubleMuon_Run2016E/240205_141453//0000/SSBTree_292.root
adding: dcap://cluster142.knu.ac.kr//pnfs/knu.ac.kr/data/cms/store/user/sha/Run2FULL/2016PreVFP/DATA/DoubleMuon/crab_DoubleMuon_Run2016E/240205_141453//0000/SSBTree_293.root
adding: dcap://cluster142.knu.ac.kr//pnfs/knu.ac.kr/data/cms/store/user/sha/Run2FULL/2016PreVFP/DATA/DoubleMuon/crab_DoubleMuon_Run2016E/240205_141453//0000/SSBTree_294.root
adding: dcap://cluster142.knu.ac.kr//pnfs/knu.ac.kr/data/cms/store/user/sha/Run2FULL/2016PreVFP/DATA/DoubleMuon/crab_DoubleMuon_Run2016E/240205_141453//0000/SSBTree_295.root
adding: dcap://cluster142.knu.ac.kr//pnfs/knu.ac.kr/data/cms/store/user/sha/Run2FULL/2016PreVFP/DATA/DoubleMuon/crab_DoubleMuon_Run2016E/240205_141453//0000/SSBTree_296.root
adding: dcap://cluster142.knu.ac.kr//pnfs/knu.ac.kr/data/cms/store/user/sha/Run2FULL/2016PreVFP/DATA/DoubleMuon/crab_DoubleMuon_Run2016E/240205_141453//0000/SSBTree_297.root
adding: dcap://cluster142.knu.ac.kr//pnfs/knu.ac.kr/data/cms/store/user/sha/Run2FULL/2016PreVFP/DATA/DoubleMuon/crab_DoubleMuon_Run2016E/240205_141453//0000/SSBTree_298.root
adding: dcap://cluster142.knu.ac.kr//pnfs/knu.ac.kr/data/cms/store/user/sha/Run2FULL/2016PreVFP/DATA/DoubleMuon/crab_DoubleMuon_Run2016E/240205_141453//0000/SSBTree_299.root
Total number of events after merging root files: 200680
Event 0
Event 10000
Event 20000
Event 30000
Event 40000
Event 50000
Event 60000
Event 70000
Event 80000
Event 90000
Event 100000
Event 110000
Event 120000
Event 130000
Event 140000
Event 150000
Event 160000
Event 170000
Event 180000
Event 190000
Event 200000
Total processed number of events: 200680
End processing...

The number of options is: 2
Option 0 = ./TopMass_analysis
Option 1 = DoubleMuon_Run2016E/DoubleMuon_Run2016E_35.list
Option 2 = DoubleMuon_Run2016E/DoubleMuon_Run2016E_35.txt
Input filelist = DoubleMuon_Run2016E/DoubleMuon_Run2016E_35.list
Output file name = DoubleMuon_Run2016E/DoubleMuon_Run2016E_35.txt


start merging file(s)
adding: dcap://cluster142.knu.ac.kr//pnfs/knu.ac.kr/data/cms/store/user/sha/Run2FULL/2016PreVFP/DATA/DoubleMuon/crab_DoubleMuon_Run2016E/240205_141453//0000/SSBTree_407.root
adding: dcap://cluster142.knu.ac.kr//pnfs/knu.ac.kr/data/cms/store/user/sha/Run2FULL/2016PreVFP/DATA/DoubleMuon/crab_DoubleMuon_Run2016E/240205_141453//0000/SSBTree_408.root
adding: dcap://cluster142.knu.ac.kr//pnfs/knu.ac.kr/data/cms/store/user/sha/Run2FULL/2016PreVFP/DATA/DoubleMuon/crab_DoubleMuon_Run2016E/240205_141453//0000/SSBTree_409.root
adding: dcap://cluster142.knu.ac.kr//pnfs/knu.ac.kr/data/cms/store/user/sha/Run2FULL/2016PreVFP/DATA/DoubleMuon/crab_DoubleMuon_Run2016E/240205_141453//0000/SSBTree_40.root
adding: dcap://cluster142.knu.ac.kr//pnfs/knu.ac.kr/data/cms/store/user/sha/Run2FULL/2016PreVFP/DATA/DoubleMuon/crab_DoubleMuon_Run2016E/240205_141453//0000/SSBTree_410.root
adding: dcap://cluster142.knu.ac.kr//pnfs/knu.ac.kr/data/cms/store/user/sha/Run2FULL/2016PreVFP/DATA/DoubleMuon/crab_DoubleMuon_Run2016E/240205_141453//0000/SSBTree_411.root
adding: dcap://cluster142.knu.ac.kr//pnfs/knu.ac.kr/data/cms/store/user/sha/Run2FULL/2016PreVFP/DATA/DoubleMuon/crab_DoubleMuon_Run2016E/240205_141453//0000/SSBTree_412.root
adding: dcap://cluster142.knu.ac.kr//pnfs/knu.ac.kr/data/cms/store/user/sha/Run2FULL/2016PreVFP/DATA/DoubleMuon/crab_DoubleMuon_Run2016E/240205_141453//0000/SSBTree_413.root
adding: dcap://cluster142.knu.ac.kr//pnfs/knu.ac.kr/data/cms/store/user/sha/Run2FULL/2016PreVFP/DATA/DoubleMuon/crab_DoubleMuon_Run2016E/240205_141453//0000/SSBTree_414.root
adding: dcap://cluster142.knu.ac.kr//pnfs/knu.ac.kr/data/cms/store/user/sha/Run2FULL/2016PreVFP/DATA/DoubleMuon/crab_DoubleMuon_Run2016E/240205_141453//0000/SSBTree_415.root
Total number of events after merging root files: 188703
Event 0
Event 10000
Event 20000
Event 30000
Event 40000
Event 50000
Event 60000
Event 70000
Event 80000
Event 90000
Event 100000
Event 110000
Event 120000
Event 130000
Event 140000
Event 150000
Event 160000
Event 170000
Event 180000
Total processed number of events: 188703
End processing...

The number of options is: 2
Option 0 = ./TopMass_analysis
Option 1 = DoubleMuon_Run2016E/DoubleMuon_Run2016E_48.list
Option 2 = DoubleMuon_Run2016E/DoubleMuon_Run2016E_48.txt
Input filelist = DoubleMuon_Run2016E/DoubleMuon_Run2016E_48.list
Output file name = DoubleMuon_Run2016E/DoubleMuon_Run2016E_48.txt


start merging file(s)
adding: dcap://cluster142.knu.ac.kr//pnfs/knu.ac.kr/data/cms/store/user/sha/Run2FULL/2016PreVFP/DATA/DoubleMuon/crab_DoubleMuon_Run2016E/240205_141453//0000/SSBTree_524.root
adding: dcap://cluster142.knu.ac.kr//pnfs/knu.ac.kr/data/cms/store/user/sha/Run2FULL/2016PreVFP/DATA/DoubleMuon/crab_DoubleMuon_Run2016E/240205_141453//0000/SSBTree_525.root
adding: dcap://cluster142.knu.ac.kr//pnfs/knu.ac.kr/data/cms/store/user/sha/Run2FULL/2016PreVFP/DATA/DoubleMuon/crab_DoubleMuon_Run2016E/240205_141453//0000/SSBTree_526.root
adding: dcap://cluster142.knu.ac.kr//pnfs/knu.ac.kr/data/cms/store/user/sha/Run2FULL/2016PreVFP/DATA/DoubleMuon/crab_DoubleMuon_Run2016E/240205_141453//0000/SSBTree_527.root
adding: dcap://cluster142.knu.ac.kr//pnfs/knu.ac.kr/data/cms/store/user/sha/Run2FULL/2016PreVFP/DATA/DoubleMuon/crab_DoubleMuon_Run2016E/240205_141453//0000/SSBTree_528.root
adding: dcap://cluster142.knu.ac.kr//pnfs/knu.ac.kr/data/cms/store/user/sha/Run2FULL/2016PreVFP/DATA/DoubleMuon/crab_DoubleMuon_Run2016E/240205_141453//0000/SSBTree_529.root
adding: dcap://cluster142.knu.ac.kr//pnfs/knu.ac.kr/data/cms/store/user/sha/Run2FULL/2016PreVFP/DATA/DoubleMuon/crab_DoubleMuon_Run2016E/240205_141453//0000/SSBTree_52.root
adding: dcap://cluster142.knu.ac.kr//pnfs/knu.ac.kr/data/cms/store/user/sha/Run2FULL/2016PreVFP/DATA/DoubleMuon/crab_DoubleMuon_Run2016E/240205_141453//0000/SSBTree_530.root
adding: dcap://cluster142.knu.ac.kr//pnfs/knu.ac.kr/data/cms/store/user/sha/Run2FULL/2016PreVFP/DATA/DoubleMuon/crab_DoubleMuon_Run2016E/240205_141453//0000/SSBTree_531.root
adding: dcap://cluster142.knu.ac.kr//pnfs/knu.ac.kr/data/cms/store/user/sha/Run2FULL/2016PreVFP/DATA/DoubleMuon/crab_DoubleMuon_Run2016E/240205_141453//0000/SSBTree_532.root
Total number of events after merging root files: 179270
Event 0
Event 10000
Event 20000
Event 30000
Event 40000
Event 50000
Event 60000
Event 70000
Event 80000
Event 90000
Event 100000
Event 110000
Event 120000
Event 130000
Event 140000
Event 150000
Event 160000
Event 170000
Total processed number of events: 179270
End processing...

The number of options is: 2
Option 0 = ./TopMass_analysis
Option 1 = DoubleMuon_Run2016E/DoubleMuon_Run2016E_61.list
Option 2 = DoubleMuon_Run2016E/DoubleMuon_Run2016E_61.txt
Input filelist = DoubleMuon_Run2016E/DoubleMuon_Run2016E_61.list
Output file name = DoubleMuon_Run2016E/DoubleMuon_Run2016E_61.txt


start merging file(s)
adding: dcap://cluster142.knu.ac.kr//pnfs/knu.ac.kr/data/cms/store/user/sha/Run2FULL/2016PreVFP/DATA/DoubleMuon/crab_DoubleMuon_Run2016E/240205_141453//0000/SSBTree_641.root
adding: dcap://cluster142.knu.ac.kr//pnfs/knu.ac.kr/data/cms/store/user/sha/Run2FULL/2016PreVFP/DATA/DoubleMuon/crab_DoubleMuon_Run2016E/240205_141453//0000/SSBTree_642.root
adding: dcap://cluster142.knu.ac.kr//pnfs/knu.ac.kr/data/cms/store/user/sha/Run2FULL/2016PreVFP/DATA/DoubleMuon/crab_DoubleMuon_Run2016E/240205_141453//0000/SSBTree_643.root
adding: dcap://cluster142.knu.ac.kr//pnfs/knu.ac.kr/data/cms/store/user/sha/Run2FULL/2016PreVFP/DATA/DoubleMuon/crab_DoubleMuon_Run2016E/240205_141453//0000/SSBTree_644.root
adding: dcap://cluster142.knu.ac.kr//pnfs/knu.ac.kr/data/cms/store/user/sha/Run2FULL/2016PreVFP/DATA/DoubleMuon/crab_DoubleMuon_Run2016E/240205_141453//0000/SSBTree_645.root
adding: dcap://cluster142.knu.ac.kr//pnfs/knu.ac.kr/data/cms/store/user/sha/Run2FULL/2016PreVFP/DATA/DoubleMuon/crab_DoubleMuon_Run2016E/240205_141453//0000/SSBTree_646.root
adding: dcap://cluster142.knu.ac.kr//pnfs/knu.ac.kr/data/cms/store/user/sha/Run2FULL/2016PreVFP/DATA/DoubleMuon/crab_DoubleMuon_Run2016E/240205_141453//0000/SSBTree_647.root
adding: dcap://cluster142.knu.ac.kr//pnfs/knu.ac.kr/data/cms/store/user/sha/Run2FULL/2016PreVFP/DATA/DoubleMuon/crab_DoubleMuon_Run2016E/240205_141453//0000/SSBTree_648.root
adding: dcap://cluster142.knu.ac.kr//pnfs/knu.ac.kr/data/cms/store/user/sha/Run2FULL/2016PreVFP/DATA/DoubleMuon/crab_DoubleMuon_Run2016E/240205_141453//0000/SSBTree_649.root
adding: dcap://cluster142.knu.ac.kr//pnfs/knu.ac.kr/data/cms/store/user/sha/Run2FULL/2016PreVFP/DATA/DoubleMuon/crab_DoubleMuon_Run2016E/240205_141453//0000/SSBTree_64.root
Total number of events after merging root files: 215846
Event 0
Event 10000
Event 20000
Event 30000
Event 40000
Event 50000
Event 60000
Event 70000
Event 80000
Event 90000
Event 100000
Event 110000
Event 120000
Event 130000
Event 140000
Event 150000
Event 160000
Event 170000
Event 180000
Event 190000
Event 200000
Event 210000
Total processed number of events: 215846
End processing...

The number of options is: 2
Option 0 = ./TopMass_analysis
Option 1 = DoubleMuon_Run2016E/DoubleMuon_Run2016E_74.list
Option 2 = DoubleMuon_Run2016E/DoubleMuon_Run2016E_74.txt
Input filelist = DoubleMuon_Run2016E/DoubleMuon_Run2016E_74.list
Output file name = DoubleMuon_Run2016E/DoubleMuon_Run2016E_74.txt


start merging file(s)
adding: dcap://cluster142.knu.ac.kr//pnfs/knu.ac.kr/data/cms/store/user/sha/Run2FULL/2016PreVFP/DATA/DoubleMuon/crab_DoubleMuon_Run2016E/240205_141453//0000/SSBTree_759.root
adding: dcap://cluster142.knu.ac.kr//pnfs/knu.ac.kr/data/cms/store/user/sha/Run2FULL/2016PreVFP/DATA/DoubleMuon/crab_DoubleMuon_Run2016E/240205_141453//0000/SSBTree_75.root
adding: dcap://cluster142.knu.ac.kr//pnfs/knu.ac.kr/data/cms/store/user/sha/Run2FULL/2016PreVFP/DATA/DoubleMuon/crab_DoubleMuon_Run2016E/240205_141453//0000/SSBTree_760.root
adding: dcap://cluster142.knu.ac.kr//pnfs/knu.ac.kr/data/cms/store/user/sha/Run2FULL/2016PreVFP/DATA/DoubleMuon/crab_DoubleMuon_Run2016E/240205_141453//0000/SSBTree_761.root
adding: dcap://cluster142.knu.ac.kr//pnfs/knu.ac.kr/data/cms/store/user/sha/Run2FULL/2016PreVFP/DATA/DoubleMuon/crab_DoubleMuon_Run2016E/240205_141453//0000/SSBTree_762.root
adding: dcap://cluster142.knu.ac.kr//pnfs/knu.ac.kr/data/cms/store/user/sha/Run2FULL/2016PreVFP/DATA/DoubleMuon/crab_DoubleMuon_Run2016E/240205_141453//0000/SSBTree_763.root
adding: dcap://cluster142.knu.ac.kr//pnfs/knu.ac.kr/data/cms/store/user/sha/Run2FULL/2016PreVFP/DATA/DoubleMuon/crab_DoubleMuon_Run2016E/240205_141453//0000/SSBTree_764.root
adding: dcap://cluster142.knu.ac.kr//pnfs/knu.ac.kr/data/cms/store/user/sha/Run2FULL/2016PreVFP/DATA/DoubleMuon/crab_DoubleMuon_Run2016E/240205_141453//0000/SSBTree_765.root
adding: dcap://cluster142.knu.ac.kr//pnfs/knu.ac.kr/data/cms/store/user/sha/Run2FULL/2016PreVFP/DATA/DoubleMuon/crab_DoubleMuon_Run2016E/240205_141453//0000/SSBTree_766.root
adding: dcap://cluster142.knu.ac.kr//pnfs/knu.ac.kr/data/cms/store/user/sha/Run2FULL/2016PreVFP/DATA/DoubleMuon/crab_DoubleMuon_Run2016E/240205_141453//0000/SSBTree_767.root
Total number of events after merging root files: 235163
Event 0
Event 10000
Event 20000
Event 30000
Event 40000
Event 50000
Event 60000
Event 70000
Event 80000
Event 90000
Event 100000
Event 110000
Event 120000
Event 130000
Event 140000
Event 150000
Event 160000
Event 170000
Event 180000
Event 190000
Event 200000
Event 210000
Event 220000
Event 230000
Total processed number of events: 235163
End processing...

The number of options is: 2
Option 0 = ./TopMass_analysis
Option 1 = DoubleMuon_Run2016E/DoubleMuon_Run2016E_87.list
Option 2 = DoubleMuon_Run2016E/DoubleMuon_Run2016E_87.txt
Input filelist = DoubleMuon_Run2016E/DoubleMuon_Run2016E_87.list
Output file name = DoubleMuon_Run2016E/DoubleMuon_Run2016E_87.txt


start merging file(s)
adding: dcap://cluster142.knu.ac.kr//pnfs/knu.ac.kr/data/cms/store/user/sha/Run2FULL/2016PreVFP/DATA/DoubleMuon/crab_DoubleMuon_Run2016E/240205_141453//0000/SSBTree_876.root
adding: dcap://cluster142.knu.ac.kr//pnfs/knu.ac.kr/data/cms/store/user/sha/Run2FULL/2016PreVFP/DATA/DoubleMuon/crab_DoubleMuon_Run2016E/240205_141453//0000/SSBTree_877.root
adding: dcap://cluster142.knu.ac.kr//pnfs/knu.ac.kr/data/cms/store/user/sha/Run2FULL/2016PreVFP/DATA/DoubleMuon/crab_DoubleMuon_Run2016E/240205_141453//0000/SSBTree_878.root
adding: dcap://cluster142.knu.ac.kr//pnfs/knu.ac.kr/data/cms/store/user/sha/Run2FULL/2016PreVFP/DATA/DoubleMuon/crab_DoubleMuon_Run2016E/240205_141453//0000/SSBTree_879.root
adding: dcap://cluster142.knu.ac.kr//pnfs/knu.ac.kr/data/cms/store/user/sha/Run2FULL/2016PreVFP/DATA/DoubleMuon/crab_DoubleMuon_Run2016E/240205_141453//0000/SSBTree_87.root
adding: dcap://cluster142.knu.ac.kr//pnfs/knu.ac.kr/data/cms/store/user/sha/Run2FULL/2016PreVFP/DATA/DoubleMuon/crab_DoubleMuon_Run2016E/240205_141453//0000/SSBTree_880.root
adding: dcap://cluster142.knu.ac.kr//pnfs/knu.ac.kr/data/cms/store/user/sha/Run2FULL/2016PreVFP/DATA/DoubleMuon/crab_DoubleMuon_Run2016E/240205_141453//0000/SSBTree_881.root
adding: dcap://cluster142.knu.ac.kr//pnfs/knu.ac.kr/data/cms/store/user/sha/Run2FULL/2016PreVFP/DATA/DoubleMuon/crab_DoubleMuon_Run2016E/240205_141453//0000/SSBTree_882.root
adding: dcap://cluster142.knu.ac.kr//pnfs/knu.ac.kr/data/cms/store/user/sha/Run2FULL/2016PreVFP/DATA/DoubleMuon/crab_DoubleMuon_Run2016E/240205_141453//0000/SSBTree_883.root
adding: dcap://cluster142.knu.ac.kr//pnfs/knu.ac.kr/data/cms/store/user/sha/Run2FULL/2016PreVFP/DATA/DoubleMuon/crab_DoubleMuon_Run2016E/240205_141453//0000/SSBTree_884.root
Total number of events after merging root files: 201713
Event 0
Event 10000
Event 20000
Event 30000
Event 40000
Event 50000
Event 60000
Event 70000
Event 80000
Event 90000
Event 100000
Event 110000
Event 120000
Event 130000
Event 140000
Event 150000
Event 160000
Event 170000
Event 180000
Event 190000
Event 200000
Total processed number of events: 201713
End processing...

The number of options is: 2
Option 0 = ./TopMass_analysis
Option 1 = DoubleMuon_Run2016E/DoubleMuon_Run2016E_100.list
Option 2 = DoubleMuon_Run2016E/DoubleMuon_Run2016E_100.txt
Input filelist = DoubleMuon_Run2016E/DoubleMuon_Run2016E_100.list
Output file name = DoubleMuon_Run2016E/DoubleMuon_Run2016E_100.txt


start merging file(s)
adding: dcap://cluster142.knu.ac.kr//pnfs/knu.ac.kr/data/cms/store/user/sha/Run2FULL/2016PreVFP/DATA/DoubleMuon/crab_DoubleMuon_Run2016E/240205_141453//0000/SSBTree_993.root
adding: dcap://cluster142.knu.ac.kr//pnfs/knu.ac.kr/data/cms/store/user/sha/Run2FULL/2016PreVFP/DATA/DoubleMuon/crab_DoubleMuon_Run2016E/240205_141453//0000/SSBTree_994.root
adding: dcap://cluster142.knu.ac.kr//pnfs/knu.ac.kr/data/cms/store/user/sha/Run2FULL/2016PreVFP/DATA/DoubleMuon/crab_DoubleMuon_Run2016E/240205_141453//0000/SSBTree_995.root
adding: dcap://cluster142.knu.ac.kr//pnfs/knu.ac.kr/data/cms/store/user/sha/Run2FULL/2016PreVFP/DATA/DoubleMuon/crab_DoubleMuon_Run2016E/240205_141453//0000/SSBTree_996.root
adding: dcap://cluster142.knu.ac.kr//pnfs/knu.ac.kr/data/cms/store/user/sha/Run2FULL/2016PreVFP/DATA/DoubleMuon/crab_DoubleMuon_Run2016E/240205_141453//0000/SSBTree_997.root
adding: dcap://cluster142.knu.ac.kr//pnfs/knu.ac.kr/data/cms/store/user/sha/Run2FULL/2016PreVFP/DATA/DoubleMuon/crab_DoubleMuon_Run2016E/240205_141453//0000/SSBTree_998.root
adding: dcap://cluster142.knu.ac.kr//pnfs/knu.ac.kr/data/cms/store/user/sha/Run2FULL/2016PreVFP/DATA/DoubleMuon/crab_DoubleMuon_Run2016E/240205_141453//0000/SSBTree_999.root
adding: dcap://cluster142.knu.ac.kr//pnfs/knu.ac.kr/data/cms/store/user/sha/Run2FULL/2016PreVFP/DATA/DoubleMuon/crab_DoubleMuon_Run2016E/240205_141453//0000/SSBTree_99.root
adding: dcap://cluster142.knu.ac.kr//pnfs/knu.ac.kr/data/cms/store/user/sha/Run2FULL/2016PreVFP/DATA/DoubleMuon/crab_DoubleMuon_Run2016E/240205_141453//0000/SSBTree_9.root
adding: dcap://cluster142.knu.ac.kr//pnfs/knu.ac.kr/data/cms/store/user/sha/Run2FULL/2016PreVFP/DATA/DoubleMuon/crab_DoubleMuon_Run2016E/240205_141453//0001/SSBTree_1000.root
Total number of events after merging root files: 182457
Event 0
Event 10000
Event 20000
Event 30000
Event 40000
Event 50000
Event 60000
Event 70000
Event 80000
Event 90000
Event 100000
Event 110000
Event 120000
Event 130000
Event 140000
Event 150000
Event 160000
Event 170000
Event 180000
Total processed number of events: 182457
End processing...

The number of options is: 2
Option 0 = ./TopMass_analysis
Option 1 = DoubleMuon_Run2016E/DoubleMuon_Run2016E_113.list
Option 2 = DoubleMuon_Run2016E/DoubleMuon_Run2016E_113.txt
Input filelist = DoubleMuon_Run2016E/DoubleMuon_Run2016E_113.list
Output file name = DoubleMuon_Run2016E/DoubleMuon_Run2016E_113.txt


start merging file(s)
adding: dcap://cluster142.knu.ac.kr//pnfs/knu.ac.kr/data/cms/store/user/sha/Run2FULL/2016PreVFP/DATA/DoubleMuon/crab_DoubleMuon_Run2016E/240205_141453//0001/SSBTree_1121.root
adding: dcap://cluster142.knu.ac.kr//pnfs/knu.ac.kr/data/cms/store/user/sha/Run2FULL/2016PreVFP/DATA/DoubleMuon/crab_DoubleMuon_Run2016E/240205_141453//0001/SSBTree_1122.root
adding: dcap://cluster142.knu.ac.kr//pnfs/knu.ac.kr/data/cms/store/user/sha/Run2FULL/2016PreVFP/DATA/DoubleMuon/crab_DoubleMuon_Run2016E/240205_141453//0001/SSBTree_1123.root
adding: dcap://cluster142.knu.ac.kr//pnfs/knu.ac.kr/data/cms/store/user/sha/Run2FULL/2016PreVFP/DATA/DoubleMuon/crab_DoubleMuon_Run2016E/240205_141453//0001/SSBTree_1124.root
adding: dcap://cluster142.knu.ac.kr//pnfs/knu.ac.kr/data/cms/store/user/sha/Run2FULL/2016PreVFP/DATA/DoubleMuon/crab_DoubleMuon_Run2016E/240205_141453//0001/SSBTree_1125.root
adding: dcap://cluster142.knu.ac.kr//pnfs/knu.ac.kr/data/cms/store/user/sha/Run2FULL/2016PreVFP/DATA/DoubleMuon/crab_DoubleMuon_Run2016E/240205_141453//0001/SSBTree_1126.root
adding: dcap://cluster142.knu.ac.kr//pnfs/knu.ac.kr/data/cms/store/user/sha/Run2FULL/2016PreVFP/DATA/DoubleMuon/crab_DoubleMuon_Run2016E/240205_141453//0001/SSBTree_1127.root
adding: dcap://cluster142.knu.ac.kr//pnfs/knu.ac.kr/data/cms/store/user/sha/Run2FULL/2016PreVFP/DATA/DoubleMuon/crab_DoubleMuon_Run2016E/240205_141453//0001/SSBTree_1128.root
adding: dcap://cluster142.knu.ac.kr//pnfs/knu.ac.kr/data/cms/store/user/sha/Run2FULL/2016PreVFP/DATA/DoubleMuon/crab_DoubleMuon_Run2016E/240205_141453//0001/SSBTree_1129.root
adding: dcap://cluster142.knu.ac.kr//pnfs/knu.ac.kr/data/cms/store/user/sha/Run2FULL/2016PreVFP/DATA/DoubleMuon/crab_DoubleMuon_Run2016E/240205_141453//0001/SSBTree_1130.root
Total number of events after merging root files: 266813
Event 0
Event 10000
Event 20000
Event 30000
Event 40000
Event 50000
Event 60000
Event 70000
Event 80000
Event 90000
Event 100000
Event 110000
Event 120000
Event 130000
Event 140000
Event 150000
Event 160000
Event 170000
Event 180000
Event 190000
Event 200000
Event 210000
Event 220000
Event 230000
Event 240000
Event 250000
Event 260000
Total processed number of events: 266813
End processing...

